2026-04-26 03:26:31,WIN11-SEC-022,Microsoft-Windows-Security-Auditing,Security,4732,A member was added to a security-enabled local group,LOCAL,guest,WIN-RDP,198.51.100.142,60131,3,C:\\Program Files\\Microsoft Defender\\MsMpEng.exe,0x0,0x0,Account LOCAL\guest added to local Administrators group from 198.51.100.142,1,admin_group_membership_added,United States,New York,41.02874,-73.87823
2026-04-26 03:26:48,WIN-SRV-DC01,Microsoft-Windows-Security-Auditing,Security,1102,The audit log was cleared,CORP,admin,UNKNOWN,203.0.113.229,45800,2,C:\\Windows\\System32\\svchost.exe,0x0,0x0,Security audit log cleared by CORP\admin from 203.0.113.229,1,audit_log_cleared,Japan,Tokyo,35.65225,139.43382
2026-04-26 03:28:06,WIN-SRV-FILE01,Microsoft-Windows-Security-Auditing,Security,4624,An account was successfully logged on,CORP,admin.ops,PC-FIN-001,10.10.121.116,65106,2,C:\\Program Files\\Google\\Chrome\\Application\\chrome.exe,0x0,0x0,Successful logon for CORP\admin.ops from 10.10.121.116 using logon type 2,0,none,Internal,LAN,,
2026-04-26 03:29:33,WIN-SRV-FILE01,Microsoft-Windows-Security-Auditing,Security,4625,An account failed to log on,LOCAL,administrator,KALI,192.0.2.24,36662,10,C:\\Windows\\System32\\WindowsPowerShell\\v1.0\\powershell.exe,0xC000006D,0xC000006A,Failed logon from 192.0.2.24 against multiple users; possible password spray,1,password_spray,Spain,Madrid,40.68156,-3.9349
2026-04-26 03:30:08,WIN-SRV-APP01,Microsoft-Windows-Security-Auditing,Security,4672,Special privileges assigned to new logon,CORP,admin.ops,SRV-MON-001,192.168.1.243,62025,10,C:\\Windows\\System32\\svchost.exe,0x0,0x0,Special privileges assigned to CORP\admin.ops,0,none,Internal,LAN,,
2026-04-26 03:30:15,WIN11-SEC-022,Microsoft-Windows-Security-Auditing,Security,4624,An account was successfully logged on,CORP,helpdesk01,PC-RRHH-002,172.16.20.207,59880,10,C:\\Windows\\System32\\lsass.exe,0x0,0x0,Successful logon for CORP\helpdesk01 from 172.16.20.207 using logon type 10,0,none,Internal,LAN,,
2026-04-26 03:32:29,WIN-SRV-APP01,Microsoft-Windows-Security-Auditing,Security,4624,An account was successfully logged on,EMPRESA,svc_backup,PC-RRHH-002,172.16.20.151,51363,3,C:\\Windows\\System32\\winlogon.exe,0x0,0x0,Successful logon for EMPRESA\svc_backup from 172.16.20.151 using logon type 3,0,none,Internal,LAN,,
2026-04-26 03:32:35,WIN11-SEC-022,Microsoft-Windows-Security-Auditing,Security,4625,An account failed to log on,LOCAL,usuario,WIN-RDP,192.0.2.105,35948,10,C:\\Program Files\\Microsoft Defender\\MsMpEng.exe,0xC000006A,0xC0000064,Failed logon for LOCAL\usuario from 192.0.2.105; possible brute force,1,brute_force_logon,Germany,Frankfurt,50.51647,9.02464
2026-04-26 03:33:13,WIN-SRV-APP01,Microsoft-Windows-Security-Auditing,Security,4634,An account was logged off,LOCAL,crojas,LAP-GER-003,172.16.20.9,61369,7,C:\\Windows\\System32\\WindowsPowerShell\\v1.0\\powershell.exe,0x0,0x0,Logoff for LOCAL\crojas from workstation LAP-GER-003,0,none,Internal,LAN,,
2026-04-26 03:33:14,WIN-SRV-DC01,Microsoft-Windows-Security-Auditing,Security,4624,An account was successfully logged on,CORP,svc_backup,PC-FIN-001,10.10.193.133,62532,10,C:\\Program Files\\Google\\Chrome\\Application\\chrome.exe,0x0,0x0,Successful logon for CORP\svc_backup from 10.10.193.133 using logon type 10,0,none,Internal,LAN,,
2026-04-26 03:33:31,WIN-SRV-FILE01,Microsoft-Windows-Security-Auditing,Security,4624,An account was successfully logged on,CORP,domain.admin,UNKNOWN,198.51.100.107,14692,10,C:\\Windows\\System32\\lsass.exe,0x0,0x0,Successful remote administrative logon for CORP\domain.admin from external IP 198.51.100.107,1,suspicious_admin_logon,Peru,Lima,-12.39032,-77.19663
2026-04-26 03:34:27,WIN-SRV-FILE01,Microsoft-Windows-Security-Auditing,Security,4625,An account failed to log on,CORP,root,WIN-RDP,203.0.113.120,17035,3,C:\\Windows\\System32\\WindowsPowerShell\\v1.0\\powershell.exe,0xC000006D,0xC000006A,Failed logon for CORP\root from 203.0.113.120; possible brute force,1,brute_force_logon,Germany,Frankfurt,50.27427,9.10367
2026-04-26 03:34:46,WIN10-FIN-014,Microsoft-Windows-Security-Auditing,Security,4624,An account was successfully logged on,EMPRESA,administrator,-,192.0.2.46,38339,3,C:\\Windows\\System32\\svchost.exe,0x0,0x0,Successful remote administrative logon for EMPRESA\administrator from external IP 192.0.2.46,1,suspicious_admin_logon,China,Shanghai,31.23058,121.62865
2026-04-26 03:35:08,WIN-SRV-FILE01,Microsoft-Windows-Security-Auditing,Security,4634,An account was logged off,EMPRESA,dtorres,PC-FIN-001,192.168.1.77,58375,7,C:\\Windows\\System32\\cmd.exe,0x0,0x0,Logoff for EMPRESA\dtorres from workstation PC-FIN-001,0,none,Internal,LAN,,
2026-04-26 03:35:13,WIN-SRV-FILE01,Microsoft-Windows-Security-Auditing,Security,4634,An account was logged off,LOCAL,svc_monitor,PC-FIN-001,192.168.1.176,65219,7,C:\\Windows\\System32\\winlogon.exe,0x0,0x0,Logoff for LOCAL\svc_monitor from workstation PC-FIN-001,0,none,Internal,LAN,,
2026-04-26 03:35:20,WIN10-FIN-014,Microsoft-Windows-Security-Auditing,Security,4732,A member was added to a security-enabled local group,EMPRESA,soporte,WIN-RDP,198.51.100.184,49135,3,C:\\Windows\\System32\\lsass.exe,0x0,0x0,Account EMPRESA\soporte added to local Administrators group from 198.51.100.184,1,admin_group_membership_added,United States,New York,40.89219,-73.87932
2026-04-26 03:35:22,WIN-SRV-APP01,Microsoft-Windows-Security-Auditing,Security,4624,An account was successfully logged on,EMPRESA,finanzas02,SRV-MON-001,192.168.1.142,61923,10,C:\\Windows\\System32\\svchost.exe,0x0,0x0,Successful logon for EMPRESA\finanzas02 from 192.168.1.142 using logon type 10,0,none,Internal,LAN,,
2026-04-26 03:35:30,WIN11-SEC-022,Microsoft-Windows-Security-Auditing,Security,4672,Special privileges assigned to new logon,LOCAL,admin,ATTACKBOX,198.51.100.79,46843,3,C:\\Windows\\System32\\winlogon.exe,0x0,0x0,Special privileges assigned to suspicious account LOCAL\admin from 198.51.100.79,1,privilege_escalation,Argentina,Buenos Aires,-34.66712,-58.57038
2026-04-26 03:35:41,WIN-SRV-APP01,Microsoft-Windows-Security-Auditing,Security,4625,An account failed to log on,EMPRESA,backup,-,198.51.100.91,28416,3,C:\\Program Files\\Microsoft Defender\\MsMpEng.exe,0xC000006D,0xC000006A,Failed logon from 198.51.100.91 against multiple users; possible password spray,1,password_spray,South Africa,Johannesburg,-25.93552,27.92874
2026-04-26 03:35:54,WIN-SRV-FILE01,Microsoft-Windows-Security-Auditing,Security,4624,An account was successfully logged on,CORP,analista01,PC-FIN-001,172.16.20.178,50623,2,C:\\Program Files\\Microsoft Defender\\MsMpEng.exe,0x0,0x0,Successful logon for CORP\analista01 from 172.16.20.178 using logon type 2,0,none,Internal,LAN,,
2026-04-26 03:35:56,WIN-SRV-FILE01,Microsoft-Windows-Security-Auditing,Security,4624,An account was successfully logged on,LOCAL,analista01,PC-FIN-001,10.10.157.100,59479,7,C:\\Windows\\System32\\svchost.exe,0x0,0x0,Successful logon for LOCAL\analista01 from 10.10.157.100 using logon type 7,0,none,Internal,LAN,,
2026-04-26 03:36:08,WIN-SRV-APP01,Microsoft-Windows-Security-Auditing,Security,4625,An account failed to log on,LOCAL,soporte,-,203.0.113.65,61612,10,C:\\Program Files\\Microsoft Defender\\MsMpEng.exe,0xC000006A,0xC000006A,Failed logon for LOCAL\soporte from 203.0.113.65; possible brute force,1,brute_force_logon,Netherlands,Amsterdam,51.94557,5.00412
2026-04-26 03:36:13,WIN-SRV-DC01,Microsoft-Windows-Security-Auditing,Security,4726,A user account was deleted,LOCAL,crojas,WIN-RDP,203.0.113.17,1033,3,C:\\Windows\\System32\\winlogon.exe,0x0,0x0,User account deleted unexpectedly: LOCAL\crojas from 203.0.113.17,1,account_deleted,Australia,Sydney,-33.50658,151.36323
2026-04-26 03:36:29,WIN11-SEC-022,Microsoft-Windows-Security-Auditing,Security,4624,An account was successfully logged on,CORP,svc_monitor,LAP-GER-003,172.16.20.116,51797,3,C:\\Windows\\System32\\winlogon.exe,0x0,0x0,Successful logon for CORP\svc_monitor from 172.16.20.116 using logon type 3,0,none,Internal,LAN,,
2026-04-26 03:36:48,WIN10-FIN-014,Microsoft-Windows-Security-Auditing,Security,4720,A user account was created,EMPRESA,tempadmin,-,198.51.100.187,1721,3,C:\\Program Files\\Google\\Chrome\\Application\\chrome.exe,0x0,0x0,Suspicious user account created: EMPRESA\tempadmin from 198.51.100.187,1,account_creation,Germany,Frankfurt,50.07983,8.46888
2026-04-26 03:37:13,WIN-SRV-DC01,Microsoft-Windows-Security-Auditing,Security,4625,An account failed to log on,CORP,backup,ATTACKBOX,203.0.113.126,26120,10,C:\\Windows\\System32\\svchost.exe,0xC000006D,0xC0000064,Failed logon for CORP\backup from 203.0.113.126; possible brute force,1,brute_force_logon,Russia,Moscow,56.03502,37.18308
2026-04-26 03:37:14,WIN-SRV-DC01,Microsoft-Windows-Security-Auditing,Security,4624,An account was successfully logged on,LOCAL,crojas,PC-FIN-001,192.168.1.128,56519,7,C:\\Windows\\System32\\WindowsPowerShell\\v1.0\\powershell.exe,0x0,0x0,Successful logon for LOCAL\crojas from 192.168.1.128 using logon type 7,0,none,Internal,LAN,,
2026-04-26 03:38:09,WIN-SRV-APP01,Microsoft-Windows-Security-Auditing,Security,4688,A new process has been created,CORP,sqladmin,ATTACKBOX,198.51.100.237,45458,3,C:\\Windows\\System32\\reg.exe save HKLM\\SAM C:\\Temp\\sam.save,0x0,0x0,Suspicious process execution by CORP\sqladmin: C:\\Windows\\System32\\reg.exe save HKLM\\SAM C:\\Temp\\sam.save,1,suspicious_process_execution,Australia,Sydney,-33.72533,151.53472
2026-04-26 03:38:37,WIN11-SEC-022,Microsoft-Windows-Security-Auditing,Security,4732,A member was added to a security-enabled local group,LOCAL,tempadmin,KALI,203.0.113.100,58728,10,C:\\Program Files\\Google\\Chrome\\Application\\chrome.exe,0x0,0x0,Account LOCAL\tempadmin added to local Administrators group from 203.0.113.100,1,admin_group_membership_added,Peru,Lima,-12.35054,-77.08911
2026-04-26 03:38:39,WIN-SRV-FILE01,Microsoft-Windows-Security-Auditing,Security,4625,An account failed to log on,EMPRESA,backup,UNKNOWN,192.0.2.34,27818,10,C:\\Program Files\\Microsoft Defender\\MsMpEng.exe,0xC000006D,0xC000006A,Failed logon from 192.0.2.34 against multiple users; possible password spray,1,password_spray,Mexico,Mexico City,19.09398,-98.7965
2026-04-26 03:39:16,WIN10-FIN-014,Microsoft-Windows-Security-Auditing,Security,4688,A new process has been created,CORP,helpdesk01,PC-FIN-001,10.10.239.97,60218,2,C:\\Windows\\System32\\cmd.exe,0x0,0x0,Process created by CORP\helpdesk01: C:\\Windows\\System32\\cmd.exe,0,none,Internal,LAN,,
2026-04-26 03:39:30,WIN-SRV-DC01,Microsoft-Windows-Security-Auditing,Security,4625,An account failed to log on,CORP,root,-,192.0.2.58,55356,10,C:\\Windows\\System32\\winlogon.exe,0xC000006D,0xC000006A,Failed logon from 192.0.2.58 against multiple users; possible password spray,1,password_spray,Germany,Frankfurt,50.25553,9.05225
2026-04-26 03:39:48,WIN-SRV-DC01,Microsoft-Windows-Security-Auditing,Security,4634,An account was logged off,EMPRESA,mgarcia,LAP-GER-003,10.10.25.255,58259,2,C:\\Program Files\\Microsoft Defender\\MsMpEng.exe,0x0,0x0,Logoff for EMPRESA\mgarcia from workstation LAP-GER-003,0,none,Internal,LAN,,
2026-04-26 03:39:57,WIN11-SEC-022,Microsoft-Windows-Security-Auditing,Security,4625,An account failed to log on,EMPRESA,soporte,-,192.0.2.109,16781,3,C:\\Program Files\\Microsoft Defender\\MsMpEng.exe,0xC000006A,0xC0000064,Failed logon for EMPRESA\soporte from 192.0.2.109; possible brute force,1,brute_force_logon,Australia,Sydney,-33.6351,151.01601
2026-04-26 03:40:58,WIN-SRV-APP01,Microsoft-Windows-Security-Auditing,Security,4688,A new process has been created,LOCAL,finanzas02,PC-RRHH-002,172.16.20.110,64659,2,C:\\Windows\\System32\\svchost.exe,0x0,0x0,Process created by LOCAL\finanzas02: C:\\Windows\\System32\\svchost.exe,0,none,Internal,LAN,,
2026-04-26 03:41:22,WIN11-SEC-022,Microsoft-Windows-Security-Auditing,Security,4624,An account was successfully logged on,LOCAL,jperez,PC-RRHH-002,172.16.20.151,50567,7,C:\\Windows\\System32\\WindowsPowerShell\\v1.0\\powershell.exe,0x0,0x0,Successful logon for LOCAL\jperez from 172.16.20.151 using logon type 7,0,none,Internal,LAN,,
2026-04-26 03:41:41,WIN-SRV-APP01,Microsoft-Windows-Security-Auditing,Security,4625,An account failed to log on,LOCAL,oracle,-,192.0.2.131,19083,3,C:\\Windows\\System32\\winlogon.exe,0xC000006D,0xC000006A,Failed logon from 192.0.2.131 against multiple users; possible password spray,1,password_spray,South Africa,Johannesburg,-26.14767,28.11048
2026-04-26 03:41:50,WIN-SRV-APP01,Microsoft-Windows-Security-Auditing,Security,4624,An account was successfully logged on,EMPRESA,svc_monitor,PC-FIN-001,172.16.20.146,58560,7,C:\\Windows\\System32\\cmd.exe,0x0,0x0,Successful logon for EMPRESA\svc_monitor from 172.16.20.146 using logon type 7,0,none,Internal,LAN,,
2026-04-26 03:42:35,WIN-SRV-DC01,Microsoft-Windows-Security-Auditing,Security,4726,A user account was deleted,EMPRESA,svc_monitor,ATTACKBOX,192.0.2.71,33120,10,C:\\Program Files\\Microsoft Defender\\MsMpEng.exe,0x0,0x0,User account deleted unexpectedly: EMPRESA\svc_monitor from 192.0.2.71,1,account_deleted,Brazil,Sao Paulo,-23.27683,-46.54759
2026-04-26 03:42:40,WIN-SRV-DC01,Microsoft-Windows-Security-Auditing,Security,4634,An account was logged off,CORP,admin.ops,PC-FIN-001,172.16.20.97,56766,7,C:\\Windows\\System32\\cmd.exe,0x0,0x0,Logoff for CORP\admin.ops from workstation PC-FIN-001,0,none,Internal,LAN,,
2026-04-26 03:42:43,WIN10-FIN-014,Microsoft-Windows-Security-Auditing,Security,4625,An account failed to log on,EMPRESA,admin,UNKNOWN,192.0.2.163,61423,3,C:\\Windows\\System32\\svchost.exe,0xC000006A,0xC0000064,Failed logon for EMPRESA\admin from 192.0.2.163; possible brute force,1,brute_force_logon,Netherlands,Amsterdam,52.78696,4.6699
2026-04-26 03:43:43,WIN-SRV-DC01,Microsoft-Windows-Security-Auditing,Security,4625,An account failed to log on,CORP,test,WIN-RDP,198.51.100.249,64849,3,C:\\Program Files\\Google\\Chrome\\Application\\chrome.exe,0xC000006D,0xC000006A,Failed logon from 198.51.100.249 against multiple users; possible password spray,1,password_spray,United States,New York,40.60249,-73.92227
2026-04-26 03:44:11,WIN10-FIN-014,Microsoft-Windows-Security-Auditing,Security,4648,A logon was attempted using explicit credentials,LOCAL,admin,UNKNOWN,192.0.2.20,46568,10,C:\\Windows\\System32\\lsass.exe,0x0,0x0,Explicit credentials used suspiciously by LOCAL\admin from 192.0.2.20,1,explicit_credentials_abuse,Japan,Tokyo,36.05678,140.03621
2026-04-26 03:44:16,WIN10-FIN-014,Microsoft-Windows-Security-Auditing,Security,4625,An account failed to log on,CORP,oracle,ATTACKBOX,192.0.2.155,36609,10,C:\\Windows\\System32\\lsass.exe,0xC000006D,0xC000006A,Failed logon from 192.0.2.155 against multiple users; possible password spray,1,password_spray,China,Shanghai,31.60074,121.24188
2026-04-26 03:44:18,WIN-SRV-DC01,Microsoft-Windows-Security-Auditing,Security,4624,An account was successfully logged on,EMPRESA,finanzas02,LAP-GER-003,172.16.20.200,52119,10,C:\\Program Files\\Google\\Chrome\\Application\\chrome.exe,0x0,0x0,Successful logon for EMPRESA\finanzas02 from 172.16.20.200 using logon type 10,0,none,Internal,LAN,,
2026-04-26 03:44:26,WIN-SRV-APP01,Microsoft-Windows-Security-Auditing,Security,4625,An account failed to log on,CORP,backup,WIN-RDP,198.51.100.67,44929,10,C:\\Windows\\System32\\cmd.exe,0xC000006D,0xC000006A,Failed logon from 198.51.100.67 against multiple users; possible password spray,1,password_spray,United States,New York,40.52605,-74.43335
2026-04-26 03:44:46,WIN-SRV-APP01,Microsoft-Windows-Security-Auditing,Security,4624,An account was successfully logged on,EMPRESA,admin.ops,-,198.51.100.127,32716,10,C:\\Program Files\\Microsoft Defender\\MsMpEng.exe,0x0,0x0,Successful remote administrative logon for EMPRESA\admin.ops from external IP 198.51.100.127,1,suspicious_admin_logon,Argentina,Buenos Aires,-34.30348,-58.32289
2026-04-26 03:44:54,WIN-SRV-FILE01,Microsoft-Windows-Security-Auditing,Security,4625,An account failed to log on,EMPRESA,admin,WIN-RDP,203.0.113.85,60863,10,C:\\Windows\\System32\\svchost.exe,0xC000006D,0xC000006A,Failed logon for EMPRESA\admin from 203.0.113.85; possible brute force,1,brute_force_logon,Chile,Santiago,-33.37625,-70.79937
2026-04-26 03:44:55,WIN-SRV-DC01,Microsoft-Windows-Security-Auditing,Security,4625,An account failed to log on,LOCAL,test,UNKNOWN,192.0.2.240,38134,3,C:\\Windows\\System32\\WindowsPowerShell\\v1.0\\powershell.exe,0xC000006D,0xC000006A,Failed logon from 192.0.2.240 against multiple users; possible password spray,1,password_spray,Germany,Frankfurt,50.25356,8.59931
2026-04-26 03:45:29,WIN-SRV-FILE01,Microsoft-Windows-Security-Auditing,Security,4634,An account was logged off,CORP,analista01,SRV-MON-001,10.10.223.206,59575,2,C:\\Windows\\System32\\lsass.exe,0x0,0x0,Logoff for CORP\analista01 from workstation SRV-MON-001,0,none,Internal,LAN,,
2026-04-26 03:45:32,WIN-SRV-FILE01,Microsoft-Windows-Security-Auditing,Security,4688,A new process has been created,CORP,lcastro,PC-RRHH-002,172.16.20.205,55434,10,C:\\Windows\\System32\\lsass.exe,0x0,0x0,Process created by CORP\lcastro: C:\\Windows\\System32\\lsass.exe,0,none,Internal,LAN,,
2026-04-26 03:45:51,WIN-SRV-FILE01,Microsoft-Windows-Security-Auditing,Security,4624,An account was successfully logged on,CORP,domain.admin,ATTACKBOX,198.51.100.2,57242,3,C:\\Program Files\\Google\\Chrome\\Application\\chrome.exe,0x0,0x0,Successful remote administrative logon for CORP\domain.admin from external IP 198.51.100.2,1,suspicious_admin_logon,Chile,Santiago,-33.68428,-70.38283
2026-04-26 03:46:00,WIN10-FIN-014,Microsoft-Windows-Security-Auditing,Security,4624,An account was successfully logged on,CORP,admin.ops,KALI,203.0.113.125,31887,10,C:\\Windows\\System32\\WindowsPowerShell\\v1.0\\powershell.exe,0x0,0x0,Successful remote administrative logon for CORP\admin.ops from external IP 203.0.113.125,1,suspicious_admin_logon,Russia,Moscow,55.78407,37.69803
2026-04-26 03:47:05,WIN-SRV-FILE01,Microsoft-Windows-Security-Auditing,Security,4648,A logon was attempted using explicit credentials,EMPRESA,admin,KALI,198.51.100.70,12016,7,C:\\Windows\\System32\\WindowsPowerShell\\v1.0\\powershell.exe,0x0,0x0,Explicit credentials used suspiciously by EMPRESA\admin from 198.51.100.70,1,explicit_credentials_abuse,Netherlands,Amsterdam,52.304,5.3404
2026-04-26 03:48:48,WIN-SRV-APP01,Microsoft-Windows-Security-Auditing,Security,4625,An account failed to log on,EMPRESA,root,UNKNOWN,198.51.100.91,60654,10,C:\\Program Files\\Microsoft Defender\\MsMpEng.exe,0xC000006A,0xC0000064,Failed logon for EMPRESA\root from 198.51.100.91; possible brute force,1,brute_force_logon,South Africa,Johannesburg,-26.06482,28.2907
2026-04-26 03:49:27,WIN11-SEC-022,Microsoft-Windows-Security-Auditing,Security,4672,Special privileges assigned to new logon,EMPRESA,administrator,ATTACKBOX,192.0.2.130,64137,3,C:\\Windows\\System32\\winlogon.exe,0x0,0x0,Special privileges assigned to suspicious account EMPRESA\administrator from 192.0.2.130,1,privilege_escalation,Peru,Lima,-12.41673,-77.40575
2026-04-26 03:49:41,WIN11-SEC-022,Microsoft-Windows-Security-Auditing,Security,4624,An account was successfully logged on,EMPRESA,helpdesk01,PC-RRHH-002,172.16.20.101,60179,2,C:\\Windows\\System32\\svchost.exe,0x0,0x0,Successful logon for EMPRESA\helpdesk01 from 172.16.20.101 using logon type 2,0,none,Internal,LAN,,
2026-04-26 03:49:50,WIN-SRV-APP01,Microsoft-Windows-Security-Auditing,Security,1102,The audit log was cleared,CORP,admin,-,192.0.2.46,24865,10,C:\\Windows\\System32\\lsass.exe,0x0,0x0,Security audit log cleared by CORP\admin from 192.0.2.46,1,audit_log_cleared,Netherlands,Amsterdam,52.3252,4.56544
2026-04-26 03:50:24,WIN10-FIN-014,Microsoft-Windows-Security-Auditing,Security,4688,A new process has been created,CORP,dtorres,LAP-GER-003,172.16.20.219,64133,2,C:\\Windows\\System32\\lsass.exe,0x0,0x0,Process created by CORP\dtorres: C:\\Windows\\System32\\lsass.exe,0,none,Internal,LAN,,
2026-04-26 03:51:02,WIN-SRV-APP01,Microsoft-Windows-Security-Auditing,Security,4625,An account failed to log on,EMPRESA,root,KALI,198.51.100.212,15395,10,C:\\Windows\\System32\\winlogon.exe,0xC000006A,0xC000006A,Failed logon for EMPRESA\root from 198.51.100.212; possible brute force,1,brute_force_logon,Argentina,Buenos Aires,-34.21676,-58.2807
2026-04-26 03:51:49,WIN-SRV-DC01,Microsoft-Windows-Security-Auditing,Security,4688,A new process has been created,EMPRESA,sqladmin,UNKNOWN,203.0.113.92,19898,7,C:\\Users\\Public\\loader.exe,0x0,0x0,Suspicious process execution by EMPRESA\sqladmin: C:\\Users\\Public\\loader.exe,1,suspicious_process_execution,Mexico,Mexico City,19.32929,-99.32439
2026-04-26 03:51:52,WIN-SRV-APP01,Microsoft-Windows-Security-Auditing,Security,4624,An account was successfully logged on,EMPRESA,svc_backup,LAP-GER-003,172.16.20.8,61891,2,C:\\Windows\\System32\\svchost.exe,0x0,0x0,Successful logon for EMPRESA\svc_backup from 172.16.20.8 using logon type 2,0,none,Internal,LAN,,
2026-04-26 03:51:54,WIN-SRV-APP01,Microsoft-Windows-Security-Auditing,Security,4624,An account was successfully logged on,EMPRESA,admin.ops,ATTACKBOX,192.0.2.8,53918,3,C:\\Windows\\System32\\svchost.exe,0x0,0x0,Successful remote administrative logon for EMPRESA\admin.ops from external IP 192.0.2.8,1,suspicious_admin_logon,Mexico,Mexico City,18.99427,-98.81753
2026-04-26 03:52:44,WIN11-SEC-022,Microsoft-Windows-Security-Auditing,Security,4624,An account was successfully logged on,LOCAL,administrator,-,203.0.113.205,22477,10,C:\\Windows\\System32\\cmd.exe,0x0,0x0,Successful remote administrative logon for LOCAL\administrator from external IP 203.0.113.205,1,suspicious_admin_logon,Australia,Sydney,-33.86981,151.51965
2026-04-26 03:53:44,WIN-SRV-DC01,Microsoft-Windows-Security-Auditing,Security,4688,A new process has been created,EMPRESA,soporte,WIN-RDP,198.51.100.94,29460,2,C:\\Windows\\System32\\cmd.exe /c whoami && net user,0x0,0x0,Suspicious process execution by EMPRESA\soporte: C:\\Windows\\System32\\cmd.exe /c whoami && net user,1,suspicious_process_execution,Russia,Moscow,56.20034,37.19176
2026-04-26 03:54:02,WIN-SRV-APP01,Microsoft-Windows-Security-Auditing,Security,4625,An account failed to log on,CORP,usuario,-,198.51.100.241,27128,10,C:\\Windows\\System32\\svchost.exe,0xC000006D,0xC000006A,Failed logon from 198.51.100.241 against multiple users; possible password spray,1,password_spray,Russia,Moscow,55.98387,37.62794
2026-04-26 03:54:08,WIN11-SEC-022,Microsoft-Windows-Security-Auditing,Security,4625,An account failed to log on,EMPRESA,soporte,UNKNOWN,192.0.2.214,17817,3,C:\\Windows\\System32\\lsass.exe,0xC000006D,0xC000006A,Failed logon from 192.0.2.214 against multiple users; possible password spray,1,password_spray,United States,New York,40.40264,-74.15507
2026-04-26 03:54:10,WIN11-SEC-022,Microsoft-Windows-Security-Auditing,Security,4726,A user account was deleted,EMPRESA,jperez,-,192.0.2.223,23105,10,C:\\Windows\\System32\\winlogon.exe,0x0,0x0,User account deleted unexpectedly: EMPRESA\jperez from 192.0.2.223,1,account_deleted,South Africa,Johannesburg,-26.5712,27.84912
2026-04-26 03:54:15,WIN-SRV-DC01,Microsoft-Windows-Security-Auditing,Security,4624,An account was successfully logged on,CORP,finanzas02,PC-FIN-001,172.16.20.119,57948,7,C:\\Windows\\System32\\cmd.exe,0x0,0x0,Successful logon for CORP\finanzas02 from 172.16.20.119 using logon type 7,0,none,Internal,LAN,,
2026-04-26 03:54:23,WIN-SRV-DC01,Microsoft-Windows-Security-Auditing,Security,4624,An account was successfully logged on,CORP,admin.ops,WIN-RDP,192.0.2.79,47283,3,C:\\Windows\\System32\\lsass.exe,0x0,0x0,Successful remote administrative logon for CORP\admin.ops from external IP 192.0.2.79,1,suspicious_admin_logon,India,Mumbai,19.41797,73.01826
2026-04-26 03:54:40,WIN-SRV-DC01,Microsoft-Windows-Security-Auditing,Security,4625,An account failed to log on,EMPRESA,test,-,203.0.113.57,62200,10,C:\\Program Files\\Google\\Chrome\\Application\\chrome.exe,0xC000006D,0xC0000064,Failed logon for EMPRESA\test from 203.0.113.57; possible brute force,1,brute_force_logon,Brazil,Sao Paulo,-23.47365,-46.48153
2026-04-26 03:54:49,WIN10-FIN-014,Microsoft-Windows-Security-Auditing,Security,4672,Special privileges assigned to new logon,EMPRESA,soporte,ATTACKBOX,203.0.113.128,9237,3,C:\\Windows\\System32\\lsass.exe,0x0,0x0,Special privileges assigned to suspicious account EMPRESA\soporte from 203.0.113.128,1,privilege_escalation,United States,New York,40.99116,-74.38864
2026-04-26 03:55:39,WIN-SRV-FILE01,Microsoft-Windows-Security-Auditing,Security,4624,An account was successfully logged on,LOCAL,admin.ops,-,192.0.2.233,33505,3,C:\\Windows\\System32\\lsass.exe,0x0,0x0,Successful remote administrative logon for LOCAL\admin.ops from external IP 192.0.2.233,1,suspicious_admin_logon,Argentina,Buenos Aires,-34.23371,-58.63775
2026-04-26 03:55:45,WIN-SRV-APP01,Microsoft-Windows-Security-Auditing,Security,4634,An account was logged off,CORP,helpdesk01,PC-RRHH-002,172.16.20.45,57129,3,C:\\Windows\\System32\\svchost.exe,0x0,0x0,Logoff for CORP\helpdesk01 from workstation PC-RRHH-002,0,none,Internal,LAN,,
2026-04-26 03:55:53,WIN-SRV-FILE01,Microsoft-Windows-Security-Auditing,Security,4720,A user account was created,EMPRESA,backup2,UNKNOWN,192.0.2.132,3165,7,C:\\Program Files\\Google\\Chrome\\Application\\chrome.exe,0x0,0x0,Suspicious user account created: EMPRESA\backup2 from 192.0.2.132,1,account_creation,Mexico,Mexico City,19.59057,-98.8581
2026-04-26 03:55:59,WIN10-FIN-014,Microsoft-Windows-Security-Auditing,Security,4625,An account failed to log on,EMPRESA,admin,-,192.0.2.114,18449,3,C:\\Windows\\System32\\winlogon.exe,0xC000006A,0xC0000064,Failed logon for EMPRESA\admin from 192.0.2.114; possible brute force,1,brute_force_logon,Chile,Santiago,-33.55336,-70.38059
2026-04-26 03:56:39,WIN-SRV-APP01,Microsoft-Windows-Security-Auditing,Security,4648,A logon was attempted using explicit credentials,LOCAL,admin,KALI,198.51.100.115,21650,3,C:\\Program Files\\Microsoft Defender\\MsMpEng.exe,0x0,0x0,Explicit credentials used suspiciously by LOCAL\admin from 198.51.100.115,1,explicit_credentials_abuse,Argentina,Buenos Aires,-34.16785,-57.97253
2026-04-26 03:56:50,WIN10-FIN-014,Microsoft-Windows-Security-Auditing,Security,4625,An account failed to log on,LOCAL,admin,KALI,198.51.100.120,6920,10,C:\\Windows\\System32\\svchost.exe,0xC000006D,0xC000006A,Failed logon from 198.51.100.120 against multiple users; possible password spray,1,password_spray,India,Mumbai,19.1636,72.98116
2026-04-26 03:57:19,WIN-SRV-DC01,Microsoft-Windows-Security-Auditing,Security,4625,An account failed to log on,LOCAL,backup,ATTACKBOX,198.51.100.102,46181,10,C:\\Program Files\\Google\\Chrome\\Application\\chrome.exe,0xC000006A,0xC000006A,Failed logon for LOCAL\backup from 198.51.100.102; possible brute force,1,brute_force_logon,Mexico,Mexico City,19.58859,-99.53998
2026-04-26 03:57:28,WIN10-FIN-014,Microsoft-Windows-Security-Auditing,Security,4625,An account failed to log on,LOCAL,admin,ATTACKBOX,192.0.2.205,35139,3,C:\\Program Files\\Google\\Chrome\\Application\\chrome.exe,0xC000006A,0xC0000064,Failed logon for LOCAL\admin from 192.0.2.205; possible brute force,1,brute_force_logon,Japan,Tokyo,35.80542,139.49647
2026-04-26 03:58:53,WIN-SRV-DC01,Microsoft-Windows-Security-Auditing,Security,4624,An account was successfully logged on,CORP,admin.ops,PC-OPS-014,172.16.20.2,54441,10,C:\\Program Files\\Microsoft Defender\\MsMpEng.exe,0x0,0x0,Successful logon for CORP\admin.ops from 172.16.20.2 using logon type 10,0,none,Internal,LAN,,
2026-04-26 03:58:56,WIN10-FIN-014,Microsoft-Windows-Security-Auditing,Security,4688,A new process has been created,LOCAL,jperez,PC-RRHH-002,172.16.20.251,57650,7,C:\\Windows\\System32\\cmd.exe,0x0,0x0,Process created by LOCAL\jperez: C:\\Windows\\System32\\cmd.exe,0,none,Internal,LAN,,
2026-04-26 03:59:06,WIN-SRV-APP01,Microsoft-Windows-Security-Auditing,Security,4624,An account was successfully logged on,CORP,finanzas02,LAP-GER-003,192.168.1.19,64124,10,C:\\Program Files\\Google\\Chrome\\Application\\chrome.exe,0x0,0x0,Successful logon for CORP\finanzas02 from 192.168.1.19 using logon type 10,0,none,Internal,LAN,,
2026-04-26 03:59:17,WIN-SRV-APP01,Microsoft-Windows-Security-Auditing,Security,4625,An account failed to log on,CORP,backup,KALI,198.51.100.3,15254,3,C:\\Windows\\System32\\cmd.exe,0xC000006A,0xC0000064,Failed logon for CORP\backup from 198.51.100.3; possible brute force,1,brute_force_logon,South Africa,Johannesburg,-25.97009,27.91456
2026-04-26 03:59:20,WIN11-SEC-022,Microsoft-Windows-Security-Auditing,Security,4624,An account was successfully logged on,EMPRESA,alopez,SRV-MON-001,10.10.118.217,61006,2,C:\\Windows\\System32\\WindowsPowerShell\\v1.0\\powershell.exe,0x0,0x0,Successful logon for EMPRESA\alopez from 10.10.118.217 using logon type 2,0,none,Internal,LAN,,
2026-04-26 03:59:21,WIN-SRV-FILE01,Microsoft-Windows-Security-Auditing,Security,4625,An account failed to log on,CORP,root,ATTACKBOX,198.51.100.169,11711,3,C:\\Program Files\\Microsoft Defender\\MsMpEng.exe,0xC000006D,0xC000006A,Failed logon from 198.51.100.169 against multiple users; possible password spray,1,password_spray,Argentina,Buenos Aires,-34.51792,-58.2677
2026-04-26 03:59:43,WIN-SRV-APP01,Microsoft-Windows-Security-Auditing,Security,4688,A new process has been created,CORP,admin,KALI,192.0.2.5,46126,7,C:\\Windows\\System32\\reg.exe save HKLM\\SAM C:\\Temp\\sam.save,0x0,0x0,Suspicious process execution by CORP\admin: C:\\Windows\\System32\\reg.exe save HKLM\\SAM C:\\Temp\\sam.save,1,suspicious_process_execution,Brazil,Sao Paulo,-23.18054,-46.32687
2026-04-26 03:59:51,WIN10-FIN-014,Microsoft-Windows-Security-Auditing,Security,4624,An account was successfully logged on,EMPRESA,dtorres,SRV-MON-001,10.10.125.147,55893,3,C:\\Windows\\System32\\lsass.exe,0x0,0x0,Successful logon for EMPRESA\dtorres from 10.10.125.147 using logon type 3,0,none,Internal,LAN,,
2026-04-26 03:59:53,WIN-SRV-DC01,Microsoft-Windows-Security-Auditing,Security,4624,An account was successfully logged on,EMPRESA,svc_backup,PC-OPS-014,192.168.1.185,62822,10,C:\\Windows\\System32\\WindowsPowerShell\\v1.0\\powershell.exe,0x0,0x0,Successful logon for EMPRESA\svc_backup from 192.168.1.185 using logon type 10,0,none,Internal,LAN,,
2026-04-26 04:00:31,WIN11-SEC-022,Microsoft-Windows-Security-Auditing,Security,4624,An account was successfully logged on,CORP,mgarcia,SRV-MON-001,192.168.1.36,52128,7,C:\\Windows\\System32\\lsass.exe,0x0,0x0,Successful logon for CORP\mgarcia from 192.168.1.36 using logon type 7,0,none,Internal,LAN,,
2026-04-26 04:00:57,WIN10-FIN-014,Microsoft-Windows-Security-Auditing,Security,4688,A new process has been created,EMPRESA,admin,-,192.0.2.149,15109,3,"C:\\Windows\\System32\\rundll32.exe javascript:\\..\\mshtml,RunHTMLApplication",0x0,0x0,"Suspicious process execution by EMPRESA\admin: C:\\Windows\\System32\\rundll32.exe javascript:\\..\\mshtml,RunHTMLApplication",1,suspicious_process_execution,China,Shanghai,31.06397,121.79942
2026-04-26 04:01:12,WIN11-SEC-022,Microsoft-Windows-Security-Auditing,Security,4672,Special privileges assigned to new logon,LOCAL,soporte,-,198.51.100.51,12203,10,C:\\Program Files\\Microsoft Defender\\MsMpEng.exe,0x0,0x0,Special privileges assigned to suspicious account LOCAL\soporte from 198.51.100.51,1,privilege_escalation,China,Shanghai,31.62498,121.41558
2026-04-26 04:02:36,WIN10-FIN-014,Microsoft-Windows-Security-Auditing,Security,1102,The audit log was cleared,CORP,soporte,-,198.51.100.71,55846,7,C:\\Program Files\\Microsoft Defender\\MsMpEng.exe,0x0,0x0,Security audit log cleared by CORP\soporte from 198.51.100.71,1,audit_log_cleared,India,Mumbai,19.49645,73.10304
2026-04-26 04:03:36,WIN10-FIN-014,Microsoft-Windows-Security-Auditing,Security,4624,An account was successfully logged on,CORP,administrator,KALI,192.0.2.45,51486,10,C:\\Program Files\\Microsoft Defender\\MsMpEng.exe,0x0,0x0,Successful remote administrative logon for CORP\administrator from external IP 192.0.2.45,1,suspicious_admin_logon,Argentina,Buenos Aires,-34.8356,-58.23545
2026-04-26 04:03:59,WIN-SRV-APP01,Microsoft-Windows-Security-Auditing,Security,4625,An account failed to log on,CORP,usuario,WIN-RDP,192.0.2.69,16572,3,C:\\Windows\\System32\\WindowsPowerShell\\v1.0\\powershell.exe,0xC000006D,0xC0000064,Failed logon for CORP\usuario from 192.0.2.69; possible brute force,1,brute_force_logon,United States,New York,40.73562,-73.56423
2026-04-26 04:04:04,WIN11-SEC-022,Microsoft-Windows-Security-Auditing,Security,4688,A new process has been created,LOCAL,usuario,UNKNOWN,203.0.113.142,9741,10,C:\\Windows\\System32\\reg.exe save HKLM\\SAM C:\\Temp\\sam.save,0x0,0x0,Suspicious process execution by LOCAL\usuario: C:\\Windows\\System32\\reg.exe save HKLM\\SAM C:\\Temp\\sam.save,1,suspicious_process_execution,Argentina,Buenos Aires,-34.97862,-58.81902
2026-04-26 04:04:31,WIN-SRV-DC01,Microsoft-Windows-Security-Auditing,Security,4624,An account was successfully logged on,LOCAL,analista01,SRV-MON-001,10.10.243.75,64600,7,C:\\Windows\\System32\\winlogon.exe,0x0,0x0,Successful logon for LOCAL\analista01 from 10.10.243.75 using logon type 7,0,none,Internal,LAN,,
2026-04-26 04:05:09,WIN-SRV-FILE01,Microsoft-Windows-Security-Auditing,Security,4688,A new process has been created,LOCAL,root,UNKNOWN,203.0.113.86,42000,7,C:\\Windows\\System32\\reg.exe save HKLM\\SAM C:\\Temp\\sam.save,0x0,0x0,Suspicious process execution by LOCAL\root: C:\\Windows\\System32\\reg.exe save HKLM\\SAM C:\\Temp\\sam.save,1,suspicious_process_execution,Spain,Madrid,40.26581,-3.30526
2026-04-26 04:05:14,WIN10-FIN-014,Microsoft-Windows-Security-Auditing,Security,4624,An account was successfully logged on,EMPRESA,jperez,PC-FIN-001,172.16.20.185,55230,2,C:\\Windows\\System32\\WindowsPowerShell\\v1.0\\powershell.exe,0x0,0x0,Successful logon for EMPRESA\jperez from 172.16.20.185 using logon type 2,0,none,Internal,LAN,,
2026-04-26 04:05:59,WIN10-FIN-014,Microsoft-Windows-Security-Auditing,Security,4624,An account was successfully logged on,LOCAL,svc_monitor,SRV-MON-001,10.10.201.154,52535,10,C:\\Windows\\System32\\cmd.exe,0x0,0x0,Successful logon for LOCAL\svc_monitor from 10.10.201.154 using logon type 10,0,none,Internal,LAN,,
2026-04-26 04:06:15,WIN-SRV-DC01,Microsoft-Windows-Security-Auditing,Security,4634,An account was logged off,EMPRESA,dtorres,PC-FIN-001,192.168.1.186,61427,3,C:\\Windows\\System32\\cmd.exe,0x0,0x0,Logoff for EMPRESA\dtorres from workstation PC-FIN-001,0,none,Internal,LAN,,
2026-04-26 04:06:18,WIN10-FIN-014,Microsoft-Windows-Security-Auditing,Security,4634,An account was logged off,CORP,admin.ops,PC-OPS-014,192.168.1.132,55082,10,C:\\Windows\\System32\\WindowsPowerShell\\v1.0\\powershell.exe,0x0,0x0,Logoff for CORP\admin.ops from workstation PC-OPS-014,0,none,Internal,LAN,,
2026-04-26 04:06:24,WIN-SRV-FILE01,Microsoft-Windows-Security-Auditing,Security,4634,An account was logged off,CORP,crojas,PC-FIN-001,10.10.87.36,59089,7,C:\\Windows\\System32\\svchost.exe,0x0,0x0,Logoff for CORP\crojas from workstation PC-FIN-001,0,none,Internal,LAN,,
2026-04-26 04:06:28,WIN-SRV-APP01,Microsoft-Windows-Security-Auditing,Security,4625,An account failed to log on,CORP,soporte,UNKNOWN,203.0.113.130,22540,3,C:\\Windows\\System32\\svchost.exe,0xC000006A,0xC000006A,Failed logon for CORP\soporte from 203.0.113.130; possible brute force,1,brute_force_logon,Peru,Lima,-11.7778,-76.80197
2026-04-26 04:06:33,WIN10-FIN-014,Microsoft-Windows-Security-Auditing,Security,4732,A member was added to a security-enabled local group,CORP,soporte,-,203.0.113.27,36667,3,C:\\Windows\\System32\\svchost.exe,0x0,0x0,Account CORP\soporte added to local Administrators group from 203.0.113.27,1,admin_group_membership_added,Mexico,Mexico City,19.00888,-98.83031
2026-04-26 04:06:48,WIN11-SEC-022,Microsoft-Windows-Security-Auditing,Security,1102,The audit log was cleared,EMPRESA,administrator,WIN-RDP,203.0.113.106,10779,7,C:\\Windows\\System32\\lsass.exe,0x0,0x0,Security audit log cleared by EMPRESA\administrator from 203.0.113.106,1,audit_log_cleared,Russia,Moscow,55.52494,37.94475
2026-04-26 04:07:26,WIN-SRV-DC01,Microsoft-Windows-Security-Auditing,Security,4624,An account was successfully logged on,EMPRESA,domain.admin,-,203.0.113.112,58996,10,C:\\Windows\\System32\\WindowsPowerShell\\v1.0\\powershell.exe,0x0,0x0,Successful remote administrative logon for EMPRESA\domain.admin from external IP 203.0.113.112,1,suspicious_admin_logon,Argentina,Buenos Aires,-34.95151,-58.8255
2026-04-26 04:07:36,WIN-SRV-APP01,Microsoft-Windows-Security-Auditing,Security,4624,An account was successfully logged on,LOCAL,alopez,SRV-MON-001,192.168.1.156,50973,10,C:\\Windows\\System32\\WindowsPowerShell\\v1.0\\powershell.exe,0x0,0x0,Successful logon for LOCAL\alopez from 192.168.1.156 using logon type 10,0,none,Internal,LAN,,
2026-04-26 04:07:48,WIN10-FIN-014,Microsoft-Windows-Security-Auditing,Security,4648,A logon was attempted using explicit credentials,CORP,administrator,ATTACKBOX,203.0.113.183,9948,7,C:\\Windows\\System32\\svchost.exe,0x0,0x0,Explicit credentials used suspiciously by CORP\administrator from 203.0.113.183,1,explicit_credentials_abuse,Chile,Santiago,-33.26539,-70.67578
2026-04-26 04:07:56,WIN-SRV-DC01,Microsoft-Windows-Security-Auditing,Security,4688,A new process has been created,LOCAL,oracle,KALI,198.51.100.133,56961,2,C:\\Windows\\Temp\\update.exe,0x0,0x0,Suspicious process execution by LOCAL\oracle: C:\\Windows\\Temp\\update.exe,1,suspicious_process_execution,Netherlands,Amsterdam,52.4113,5.1264
2026-04-26 04:08:42,WIN-SRV-DC01,Microsoft-Windows-Security-Auditing,Security,4634,An account was logged off,CORP,mgarcia,PC-RRHH-002,192.168.1.88,62569,2,C:\\Windows\\System32\\svchost.exe,0x0,0x0,Logoff for CORP\mgarcia from workstation PC-RRHH-002,0,none,Internal,LAN,,
2026-04-26 04:08:57,WIN-SRV-APP01,Microsoft-Windows-Security-Auditing,Security,4634,An account was logged off,LOCAL,analista01,PC-RRHH-002,10.10.176.100,64584,10,C:\\Program Files\\Google\\Chrome\\Application\\chrome.exe,0x0,0x0,Logoff for LOCAL\analista01 from workstation PC-RRHH-002,0,none,Internal,LAN,,
2026-04-26 04:09:09,WIN-SRV-DC01,Microsoft-Windows-Security-Auditing,Security,4625,An account failed to log on,CORP,test,WIN-RDP,192.0.2.21,10389,10,C:\\Windows\\System32\\cmd.exe,0xC000006A,0xC0000064,Failed logon for CORP\test from 192.0.2.21; possible brute force,1,brute_force_logon,Netherlands,Amsterdam,52.04482,5.17547
2026-04-26 04:10:03,WIN-SRV-DC01,Microsoft-Windows-Security-Auditing,Security,4688,A new process has been created,EMPRESA,admin,KALI,203.0.113.75,59132,3,C:\\Windows\\System32\\reg.exe save HKLM\\SAM C:\\Temp\\sam.save,0x0,0x0,Suspicious process execution by EMPRESA\admin: C:\\Windows\\System32\\reg.exe save HKLM\\SAM C:\\Temp\\sam.save,1,suspicious_process_execution,Chile,Santiago,-33.41778,-70.32792
2026-04-26 04:10:46,WIN10-FIN-014,Microsoft-Windows-Security-Auditing,Security,4625,An account failed to log on,LOCAL,root,KALI,203.0.113.98,12452,10,C:\\Windows\\System32\\cmd.exe,0xC000006A,0xC0000064,Failed logon for LOCAL\root from 203.0.113.98; possible brute force,1,brute_force_logon,South Africa,Johannesburg,-26.04772,27.90633
2026-04-26 04:11:01,WIN10-FIN-014,Microsoft-Windows-Security-Auditing,Security,4672,Special privileges assigned to new logon,EMPRESA,admin,KALI,203.0.113.14,47232,2,C:\\Program Files\\Google\\Chrome\\Application\\chrome.exe,0x0,0x0,Special privileges assigned to suspicious account EMPRESA\admin from 203.0.113.14,1,privilege_escalation,Russia,Moscow,55.97606,37.57925
2026-04-26 04:11:41,WIN-SRV-APP01,Microsoft-Windows-Security-Auditing,Security,4624,An account was successfully logged on,LOCAL,svc_monitor,SRV-MON-001,10.10.134.85,63434,10,C:\\Windows\\System32\\cmd.exe,0x0,0x0,Successful logon for LOCAL\svc_monitor from 10.10.134.85 using logon type 10,0,none,Internal,LAN,,
2026-04-26 04:12:23,WIN-SRV-FILE01,Microsoft-Windows-Security-Auditing,Security,4624,An account was successfully logged on,LOCAL,domain.admin,KALI,203.0.113.90,27581,3,C:\\Windows\\System32\\svchost.exe,0x0,0x0,Successful remote administrative logon for LOCAL\domain.admin from external IP 203.0.113.90,1,suspicious_admin_logon,China,Shanghai,30.80121,121.4594
2026-04-26 04:12:36,WIN10-FIN-014,Microsoft-Windows-Security-Auditing,Security,4624,An account was successfully logged on,CORP,svc_backup,SRV-MON-001,192.168.1.232,56890,2,C:\\Windows\\System32\\winlogon.exe,0x0,0x0,Successful logon for CORP\svc_backup from 192.168.1.232 using logon type 2,0,none,Internal,LAN,,
2026-04-26 04:12:41,WIN11-SEC-022,Microsoft-Windows-Security-Auditing,Security,4634,An account was logged off,CORP,mgarcia,PC-RRHH-002,10.10.161.155,49359,7,C:\\Windows\\System32\\svchost.exe,0x0,0x0,Logoff for CORP\mgarcia from workstation PC-RRHH-002,0,none,Internal,LAN,,
2026-04-26 04:12:46,WIN11-SEC-022,Microsoft-Windows-Security-Auditing,Security,4625,An account failed to log on,CORP,test,ATTACKBOX,192.0.2.46,49821,10,C:\\Windows\\System32\\lsass.exe,0xC000006D,0xC000006A,Failed logon from 192.0.2.46 against multiple users; possible password spray,1,password_spray,Germany,Frankfurt,49.77242,9.13017
2026-04-26 04:14:11,WIN-SRV-DC01,Microsoft-Windows-Security-Auditing,Security,4625,An account failed to log on,CORP,guest,-,203.0.113.202,32897,10,C:\\Windows\\System32\\lsass.exe,0xC000006D,0xC0000064,Failed logon for CORP\guest from 203.0.113.202; possible brute force,1,brute_force_logon,Brazil,Sao Paulo,-23.80624,-46.2241
2026-04-26 04:14:41,WIN10-FIN-014,Microsoft-Windows-Security-Auditing,Security,4625,An account failed to log on,LOCAL,oracle,ATTACKBOX,192.0.2.150,55269,10,C:\\Windows\\System32\\WindowsPowerShell\\v1.0\\powershell.exe,0xC000006D,0xC000006A,Failed logon for LOCAL\oracle from 192.0.2.150; possible brute force,1,brute_force_logon,Argentina,Buenos Aires,-34.67737,-58.16569
2026-04-26 04:15:05,WIN-SRV-APP01,Microsoft-Windows-Security-Auditing,Security,4634,An account was logged off,EMPRESA,helpdesk01,PC-FIN-001,192.168.1.74,55560,7,C:\\Windows\\System32\\winlogon.exe,0x0,0x0,Logoff for EMPRESA\helpdesk01 from workstation PC-FIN-001,0,none,Internal,LAN,,
2026-04-26 04:15:05,WIN-SRV-FILE01,Microsoft-Windows-Security-Auditing,Security,4625,An account failed to log on,CORP,usuario,KALI,203.0.113.179,50283,3,C:\\Program Files\\Google\\Chrome\\Application\\chrome.exe,0xC000006D,0xC0000064,Failed logon for CORP\usuario from 203.0.113.179; possible brute force,1,brute_force_logon,Spain,Madrid,40.16339,-4.0033
2026-04-26 04:15:34,WIN11-SEC-022,Microsoft-Windows-Security-Auditing,Security,1102,The audit log was cleared,LOCAL,administrator,-,192.0.2.228,49093,7,C:\\Program Files\\Microsoft Defender\\MsMpEng.exe,0x0,0x0,Security audit log cleared by LOCAL\administrator from 192.0.2.228,1,audit_log_cleared,Peru,Lima,-12.28031,-77.10775
2026-04-26 04:15:54,WIN10-FIN-014,Microsoft-Windows-Security-Auditing,Security,4634,An account was logged off,EMPRESA,analista01,SRV-MON-001,172.16.20.53,65323,10,C:\\Windows\\System32\\svchost.exe,0x0,0x0,Logoff for EMPRESA\analista01 from workstation SRV-MON-001,0,none,Internal,LAN,,
2026-04-26 04:16:08,WIN-SRV-DC01,Microsoft-Windows-Security-Auditing,Security,4625,An account failed to log on,LOCAL,admin,-,192.0.2.210,4092,3,C:\\Program Files\\Microsoft Defender\\MsMpEng.exe,0xC000006D,0xC000006A,Failed logon from 192.0.2.210 against multiple users; possible password spray,1,password_spray,Peru,Lima,-11.71076,-77.44208
2026-04-26 04:16:34,WIN11-SEC-022,Microsoft-Windows-Security-Auditing,Security,4625,An account failed to log on,CORP,backup,KALI,203.0.113.146,61093,3,C:\\Program Files\\Microsoft Defender\\MsMpEng.exe,0xC000006D,0xC000006A,Failed logon from 203.0.113.146 against multiple users; possible password spray,1,password_spray,Russia,Moscow,55.84102,38.04872
2026-04-26 04:16:34,WIN-SRV-DC01,Microsoft-Windows-Security-Auditing,Security,4625,An account failed to log on,EMPRESA,soporte,WIN-RDP,203.0.113.207,53255,10,C:\\Windows\\System32\\WindowsPowerShell\\v1.0\\powershell.exe,0xC000006A,0xC0000064,Failed logon for EMPRESA\soporte from 203.0.113.207; possible brute force,1,brute_force_logon,Peru,Lima,-12.49632,-77.30163
2026-04-26 04:16:47,WIN-SRV-FILE01,Microsoft-Windows-Security-Auditing,Security,4624,An account was successfully logged on,CORP,administrator,-,203.0.113.134,26954,3,C:\\Windows\\System32\\cmd.exe,0x0,0x0,Successful remote administrative logon for CORP\administrator from external IP 203.0.113.134,1,suspicious_admin_logon,Japan,Tokyo,35.94048,139.68984
2026-04-26 04:17:48,WIN-SRV-DC01,Microsoft-Windows-Security-Auditing,Security,4625,An account failed to log on,CORP,oracle,-,192.0.2.116,28330,3,C:\\Windows\\System32\\WindowsPowerShell\\v1.0\\powershell.exe,0xC000006D,0xC000006A,Failed logon from 192.0.2.116 against multiple users; possible password spray,1,password_spray,Australia,Sydney,-33.54041,150.8255
2026-04-26 04:18:11,WIN-SRV-APP01,Microsoft-Windows-Security-Auditing,Security,4625,An account failed to log on,LOCAL,admin,ATTACKBOX,198.51.100.194,46291,3,C:\\Program Files\\Google\\Chrome\\Application\\chrome.exe,0xC000006D,0xC000006A,Failed logon from 198.51.100.194 against multiple users; possible password spray,1,password_spray,Germany,Frankfurt,50.44718,8.27247
2026-04-26 04:18:43,WIN-SRV-DC01,Microsoft-Windows-Security-Auditing,Security,4634,An account was logged off,CORP,helpdesk01,SRV-MON-001,10.10.65.63,60996,7,C:\\Program Files\\Google\\Chrome\\Application\\chrome.exe,0x0,0x0,Logoff for CORP\helpdesk01 from workstation SRV-MON-001,0,none,Internal,LAN,,
2026-04-26 04:18:44,WIN-SRV-FILE01,Microsoft-Windows-Security-Auditing,Security,4625,An account failed to log on,EMPRESA,test,KALI,198.51.100.98,32624,10,C:\\Windows\\System32\\svchost.exe,0xC000006D,0xC000006A,Failed logon from 198.51.100.98 against multiple users; possible password spray,1,password_spray,China,Shanghai,30.92117,121.57907
2026-04-26 04:19:01,WIN-SRV-DC01,Microsoft-Windows-Security-Auditing,Security,4634,An account was logged off,CORP,dtorres,PC-FIN-001,10.10.219.241,61525,3,C:\\Windows\\System32\\cmd.exe,0x0,0x0,Logoff for CORP\dtorres from workstation PC-FIN-001,0,none,Internal,LAN,,
2026-04-26 04:19:28,WIN11-SEC-022,Microsoft-Windows-Security-Auditing,Security,4688,A new process has been created,CORP,sqladmin,ATTACKBOX,198.51.100.9,14742,10,C:\\Windows\\System32\\reg.exe save HKLM\\SAM C:\\Temp\\sam.save,0x0,0x0,Suspicious process execution by CORP\sqladmin: C:\\Windows\\System32\\reg.exe save HKLM\\SAM C:\\Temp\\sam.save,1,suspicious_process_execution,Russia,Moscow,55.92947,37.92763
2026-04-26 04:19:55,WIN-SRV-APP01,Microsoft-Windows-Security-Auditing,Security,4625,An account failed to log on,CORP,admin,ATTACKBOX,192.0.2.92,31334,3,C:\\Windows\\System32\\lsass.exe,0xC000006D,0xC000006A,Failed logon from 192.0.2.92 against multiple users; possible password spray,1,password_spray,Spain,Madrid,40.85522,-3.61557
2026-04-26 04:19:56,WIN-SRV-FILE01,Microsoft-Windows-Security-Auditing,Security,4624,An account was successfully logged on,EMPRESA,admin.ops,LAP-GER-003,192.168.1.98,56632,3,C:\\Windows\\System32\\svchost.exe,0x0,0x0,Successful logon for EMPRESA\admin.ops from 192.168.1.98 using logon type 3,0,none,Internal,LAN,,
2026-04-26 04:19:58,WIN-SRV-FILE01,Microsoft-Windows-Security-Auditing,Security,4625,An account failed to log on,CORP,root,UNKNOWN,192.0.2.36,63851,3,C:\\Program Files\\Google\\Chrome\\Application\\chrome.exe,0xC000006D,0xC000006A,Failed logon for CORP\root from 192.0.2.36; possible brute force,1,brute_force_logon,Australia,Sydney,-33.66877,151.63508
2026-04-26 04:20:11,WIN-SRV-DC01,Microsoft-Windows-Security-Auditing,Security,1102,The audit log was cleared,CORP,administrator,WIN-RDP,192.0.2.33,5398,10,C:\\Windows\\System32\\winlogon.exe,0x0,0x0,Security audit log cleared by CORP\administrator from 192.0.2.33,1,audit_log_cleared,Spain,Madrid,40.07818,-3.55031
2026-04-26 04:20:18,WIN10-FIN-014,Microsoft-Windows-Security-Auditing,Security,4625,An account failed to log on,EMPRESA,test,WIN-RDP,203.0.113.197,60641,10,C:\\Windows\\System32\\svchost.exe,0xC000006D,0xC000006A,Failed logon from 203.0.113.197 against multiple users; possible password spray,1,password_spray,South Africa,Johannesburg,-26.01854,28.30865
2026-04-26 04:20:37,WIN10-FIN-014,Microsoft-Windows-Security-Auditing,Security,4648,A logon was attempted using explicit credentials,CORP,analista01,SRV-MON-001,10.10.114.231,60202,2,C:\\Program Files\\Google\\Chrome\\Application\\chrome.exe,0x0,0x0,Explicit credentials used by CORP\analista01 from SRV-MON-001,0,none,Internal,LAN,,
2026-04-26 04:20:46,WIN-SRV-FILE01,Microsoft-Windows-Security-Auditing,Security,4625,An account failed to log on,CORP,test,KALI,192.0.2.103,57199,10,C:\\Windows\\System32\\lsass.exe,0xC000006D,0xC000006A,Failed logon from 192.0.2.103 against multiple users; possible password spray,1,password_spray,Australia,Sydney,-33.70689,151.4879
2026-04-26 04:20:54,WIN10-FIN-014,Microsoft-Windows-Security-Auditing,Security,4688,A new process has been created,EMPRESA,root,WIN-RDP,192.0.2.201,2823,10,C:\\Windows\\System32\\net.exe localgroup administrators soporte /add,0x0,0x0,Suspicious process execution by EMPRESA\root: C:\\Windows\\System32\\net.exe localgroup administrators soporte /add,1,suspicious_process_execution,United States,New York,40.74411,-73.99051
2026-04-26 04:21:19,WIN-SRV-FILE01,Microsoft-Windows-Security-Auditing,Security,4625,An account failed to log on,EMPRESA,guest,-,198.51.100.29,2971,3,C:\\Windows\\System32\\winlogon.exe,0xC000006D,0xC000006A,Failed logon for EMPRESA\guest from 198.51.100.29; possible brute force,1,brute_force_logon,China,Shanghai,31.6483,121.8476
