2026-04-28 21:24:51,WIN-SRV-APP01,Microsoft-Windows-Security-Auditing,Security,4634,An account was logged off,LOCAL,analista01,PC-FIN-001,172.16.20.121,59154,10,C:\\Windows\\System32\\lsass.exe,0x0,0x0,Logoff for LOCAL\analista01 from workstation PC-FIN-001,0,none,Internal,LAN,,
2026-04-28 21:27:13,WIN11-SEC-022,Microsoft-Windows-Security-Auditing,Security,4634,An account was logged off,CORP,jperez,PC-OPS-014,192.168.1.141,57177,7,C:\\Windows\\System32\\lsass.exe,0x0,0x0,Logoff for CORP\jperez from workstation PC-OPS-014,0,none,Internal,LAN,,
2026-04-28 21:27:49,WIN-SRV-DC01,Microsoft-Windows-Security-Auditing,Security,4624,An account was successfully logged on,EMPRESA,analista01,SRV-MON-001,172.16.20.48,55012,10,C:\\Windows\\System32\\svchost.exe,0x0,0x0,Successful logon for EMPRESA\analista01 from 172.16.20.48 using logon type 10,0,none,Internal,LAN,,
2026-04-28 21:28:28,WIN-SRV-APP01,Microsoft-Windows-Security-Auditing,Security,4688,A new process has been created,LOCAL,alopez,PC-FIN-001,192.168.1.242,65118,7,C:\\Windows\\System32\\lsass.exe,0x0,0x0,Process created by LOCAL\alopez: C:\\Windows\\System32\\lsass.exe,0,none,Internal,LAN,,
2026-04-28 21:30:48,WIN10-FIN-014,Microsoft-Windows-Security-Auditing,Security,4634,An account was logged off,CORP,svc_backup,LAP-GER-003,172.16.20.244,50798,7,C:\\Program Files\\Google\\Chrome\\Application\\chrome.exe,0x0,0x0,Logoff for CORP\svc_backup from workstation LAP-GER-003,0,none,Internal,LAN,,
2026-04-28 21:31:47,WIN-SRV-APP01,Microsoft-Windows-Security-Auditing,Security,4672,Special privileges assigned to new logon,EMPRESA,jperez,PC-OPS-014,172.16.20.157,61607,10,C:\\Windows\\System32\\WindowsPowerShell\\v1.0\\powershell.exe,0x0,0x0,Special privileges assigned to EMPRESA\jperez,0,none,Internal,LAN,,
2026-04-28 21:33:04,WIN10-FIN-014,Microsoft-Windows-Security-Auditing,Security,4624,An account was successfully logged on,LOCAL,svc_monitor,PC-RRHH-002,172.16.20.25,65127,10,C:\\Windows\\System32\\lsass.exe,0x0,0x0,Successful logon for LOCAL\svc_monitor from 172.16.20.25 using logon type 10,0,none,Internal,LAN,,
2026-04-28 21:33:19,WIN-SRV-DC01,Microsoft-Windows-Security-Auditing,Security,4624,An account was successfully logged on,EMPRESA,finanzas02,PC-RRHH-002,10.10.190.122,51234,10,C:\\Windows\\System32\\winlogon.exe,0x0,0x0,Successful logon for EMPRESA\finanzas02 from 10.10.190.122 using logon type 10,0,none,Internal,LAN,,
2026-04-28 21:33:46,WIN-SRV-FILE01,Microsoft-Windows-Security-Auditing,Security,4624,An account was successfully logged on,EMPRESA,jperez,PC-OPS-014,10.10.84.40,61818,10,C:\\Windows\\System32\\cmd.exe,0x0,0x0,Successful logon for EMPRESA\jperez from 10.10.84.40 using logon type 10,0,none,Internal,LAN,,
2026-04-28 21:34:24,WIN11-SEC-022,Microsoft-Windows-Security-Auditing,Security,4624,An account was successfully logged on,CORP,jperez,LAP-GER-003,10.10.143.144,59527,7,C:\\Windows\\System32\\lsass.exe,0x0,0x0,Successful logon for CORP\jperez from 10.10.143.144 using logon type 7,0,none,Internal,LAN,,
2026-04-28 21:34:37,WIN-SRV-DC01,Microsoft-Windows-Security-Auditing,Security,4624,An account was successfully logged on,EMPRESA,lcastro,SRV-MON-001,172.16.20.1,51880,2,C:\\Windows\\System32\\lsass.exe,0x0,0x0,Successful logon for EMPRESA\lcastro from 172.16.20.1 using logon type 2,0,none,Internal,LAN,,
2026-04-28 21:36:56,WIN-SRV-APP01,Microsoft-Windows-Security-Auditing,Security,4624,An account was successfully logged on,LOCAL,analista01,LAP-GER-003,10.10.188.170,60574,3,C:\\Windows\\System32\\cmd.exe,0x0,0x0,Successful logon for LOCAL\analista01 from 10.10.188.170 using logon type 3,0,none,Internal,LAN,,
2026-04-28 21:38:30,WIN-SRV-APP01,Microsoft-Windows-Security-Auditing,Security,4624,An account was successfully logged on,CORP,finanzas02,SRV-MON-001,10.10.209.54,54985,10,C:\\Windows\\System32\\WindowsPowerShell\\v1.0\\powershell.exe,0x0,0x0,Successful logon for CORP\finanzas02 from 10.10.209.54 using logon type 10,0,none,Internal,LAN,,
2026-04-28 21:40:06,WIN-SRV-DC01,Microsoft-Windows-Security-Auditing,Security,4634,An account was logged off,EMPRESA,mgarcia,PC-RRHH-002,172.16.20.38,58857,7,C:\\Windows\\System32\\WindowsPowerShell\\v1.0\\powershell.exe,0x0,0x0,Logoff for EMPRESA\mgarcia from workstation PC-RRHH-002,0,none,Internal,LAN,,
2026-04-28 21:42:38,WIN-SRV-DC01,Microsoft-Windows-Security-Auditing,Security,4624,An account was successfully logged on,CORP,dtorres,LAP-GER-003,192.168.1.128,62311,3,C:\\Windows\\System32\\cmd.exe,0x0,0x0,Successful logon for CORP\dtorres from 192.168.1.128 using logon type 3,0,none,Internal,LAN,,
2026-04-28 21:43:25,WIN10-FIN-014,Microsoft-Windows-Security-Auditing,Security,4624,An account was successfully logged on,CORP,admin.ops,PC-OPS-014,192.168.1.173,59958,7,C:\\Windows\\System32\\svchost.exe,0x0,0x0,Successful logon for CORP\admin.ops from 192.168.1.173 using logon type 7,0,none,Internal,LAN,,
2026-04-28 21:44:01,WIN-SRV-DC01,Microsoft-Windows-Security-Auditing,Security,4624,An account was successfully logged on,EMPRESA,lcastro,SRV-MON-001,172.16.20.32,49746,10,C:\\Windows\\System32\\winlogon.exe,0x0,0x0,Successful logon for EMPRESA\lcastro from 172.16.20.32 using logon type 10,0,none,Internal,LAN,,
2026-04-28 21:44:46,WIN-SRV-APP01,Microsoft-Windows-Security-Auditing,Security,4634,An account was logged off,EMPRESA,admin.ops,SRV-MON-001,192.168.1.16,57822,2,C:\\Windows\\System32\\cmd.exe,0x0,0x0,Logoff for EMPRESA\admin.ops from workstation SRV-MON-001,0,none,Internal,LAN,,
2026-04-28 21:46:59,WIN10-FIN-014,Microsoft-Windows-Security-Auditing,Security,4688,A new process has been created,EMPRESA,crojas,LAP-GER-003,172.16.20.152,52250,3,C:\\Windows\\System32\\WindowsPowerShell\\v1.0\\powershell.exe,0x0,0x0,Process created by EMPRESA\crojas: C:\\Windows\\System32\\WindowsPowerShell\\v1.0\\powershell.exe,0,none,Internal,LAN,,
2026-04-28 21:47:25,WIN10-FIN-014,Microsoft-Windows-Security-Auditing,Security,4624,An account was successfully logged on,CORP,mgarcia,PC-FIN-001,192.168.1.182,57640,7,C:\\Windows\\System32\\WindowsPowerShell\\v1.0\\powershell.exe,0x0,0x0,Successful logon for CORP\mgarcia from 192.168.1.182 using logon type 7,0,none,Internal,LAN,,
2026-04-28 21:51:27,WIN11-SEC-022,Microsoft-Windows-Security-Auditing,Security,4624,An account was successfully logged on,LOCAL,svc_monitor,PC-OPS-014,172.16.20.97,57188,7,C:\\Windows\\System32\\winlogon.exe,0x0,0x0,Successful logon for LOCAL\svc_monitor from 172.16.20.97 using logon type 7,0,none,Internal,LAN,,
2026-04-28 21:51:57,WIN11-SEC-022,Microsoft-Windows-Security-Auditing,Security,4624,An account was successfully logged on,EMPRESA,svc_monitor,PC-OPS-014,10.10.225.130,51402,7,C:\\Program Files\\Microsoft Defender\\MsMpEng.exe,0x0,0x0,Successful logon for EMPRESA\svc_monitor from 10.10.225.130 using logon type 7,0,none,Internal,LAN,,
2026-04-28 21:53:37,WIN11-SEC-022,Microsoft-Windows-Security-Auditing,Security,4634,An account was logged off,LOCAL,svc_backup,SRV-MON-001,172.16.20.5,60596,7,C:\\Windows\\System32\\lsass.exe,0x0,0x0,Logoff for LOCAL\svc_backup from workstation SRV-MON-001,0,none,Internal,LAN,,
2026-04-28 21:54:39,WIN-SRV-FILE01,Microsoft-Windows-Security-Auditing,Security,4624,An account was successfully logged on,EMPRESA,svc_monitor,PC-OPS-014,192.168.1.181,56570,7,C:\\Windows\\System32\\WindowsPowerShell\\v1.0\\powershell.exe,0x0,0x0,Successful logon for EMPRESA\svc_monitor from 192.168.1.181 using logon type 7,0,none,Internal,LAN,,
2026-04-28 21:57:18,WIN10-FIN-014,Microsoft-Windows-Security-Auditing,Security,4624,An account was successfully logged on,CORP,svc_backup,PC-FIN-001,10.10.56.175,50334,3,C:\\Windows\\System32\\winlogon.exe,0x0,0x0,Successful logon for CORP\svc_backup from 10.10.56.175 using logon type 3,0,none,Internal,LAN,,
2026-04-28 22:00:18,WIN-SRV-DC01,Microsoft-Windows-Security-Auditing,Security,4634,An account was logged off,CORP,mgarcia,LAP-GER-003,172.16.20.139,52389,7,C:\\Program Files\\Microsoft Defender\\MsMpEng.exe,0x0,0x0,Logoff for CORP\mgarcia from workstation LAP-GER-003,0,none,Internal,LAN,,
2026-04-28 22:00:45,WIN-SRV-DC01,Microsoft-Windows-Security-Auditing,Security,4624,An account was successfully logged on,EMPRESA,analista01,LAP-GER-003,10.10.39.178,56388,3,C:\\Windows\\System32\\svchost.exe,0x0,0x0,Successful logon for EMPRESA\analista01 from 10.10.39.178 using logon type 3,0,none,Internal,LAN,,
2026-04-28 22:02:17,WIN-SRV-DC01,Microsoft-Windows-Security-Auditing,Security,4688,A new process has been created,CORP,lcastro,PC-OPS-014,192.168.1.24,54189,10,C:\\Windows\\System32\\WindowsPowerShell\\v1.0\\powershell.exe,0x0,0x0,Process created by CORP\lcastro: C:\\Windows\\System32\\WindowsPowerShell\\v1.0\\powershell.exe,0,none,Internal,LAN,,
2026-04-28 22:02:36,WIN-SRV-DC01,Microsoft-Windows-Security-Auditing,Security,4624,An account was successfully logged on,LOCAL,jperez,PC-OPS-014,172.16.20.68,51189,3,C:\\Windows\\System32\\svchost.exe,0x0,0x0,Successful logon for LOCAL\jperez from 172.16.20.68 using logon type 3,0,none,Internal,LAN,,
2026-04-28 22:05:14,WIN10-FIN-014,Microsoft-Windows-Security-Auditing,Security,4624,An account was successfully logged on,LOCAL,jperez,SRV-MON-001,192.168.1.237,49276,3,C:\\Windows\\System32\\WindowsPowerShell\\v1.0\\powershell.exe,0x0,0x0,Successful logon for LOCAL\jperez from 192.168.1.237 using logon type 3,0,none,Internal,LAN,,
2026-04-28 22:08:00,WIN-SRV-DC01,Microsoft-Windows-Security-Auditing,Security,4624,An account was successfully logged on,CORP,admin.ops,SRV-MON-001,172.16.20.93,64648,2,C:\\Windows\\System32\\cmd.exe,0x0,0x0,Successful logon for CORP\admin.ops from 172.16.20.93 using logon type 2,0,none,Internal,LAN,,
2026-04-28 22:08:23,WIN-SRV-APP01,Microsoft-Windows-Security-Auditing,Security,4624,An account was successfully logged on,CORP,admin.ops,PC-RRHH-002,192.168.1.245,64872,2,C:\\Windows\\System32\\cmd.exe,0x0,0x0,Successful logon for CORP\admin.ops from 192.168.1.245 using logon type 2,0,none,Internal,LAN,,
2026-04-28 22:08:29,WIN-SRV-FILE01,Microsoft-Windows-Security-Auditing,Security,4624,An account was successfully logged on,EMPRESA,lcastro,PC-RRHH-002,192.168.1.168,62530,10,C:\\Windows\\System32\\winlogon.exe,0x0,0x0,Successful logon for EMPRESA\lcastro from 192.168.1.168 using logon type 10,0,none,Internal,LAN,,
2026-04-28 22:08:41,WIN-SRV-APP01,Microsoft-Windows-Security-Auditing,Security,4634,An account was logged off,EMPRESA,alopez,PC-FIN-001,192.168.1.142,61336,10,C:\\Windows\\System32\\WindowsPowerShell\\v1.0\\powershell.exe,0x0,0x0,Logoff for EMPRESA\alopez from workstation PC-FIN-001,0,none,Internal,LAN,,
2026-04-28 22:09:23,WIN-SRV-DC01,Microsoft-Windows-Security-Auditing,Security,4624,An account was successfully logged on,CORP,analista01,LAP-GER-003,192.168.1.250,64780,3,C:\\Windows\\System32\\svchost.exe,0x0,0x0,Successful logon for CORP\analista01 from 192.168.1.250 using logon type 3,0,none,Internal,LAN,,
2026-04-28 22:09:29,WIN-SRV-FILE01,Microsoft-Windows-Security-Auditing,Security,4672,Special privileges assigned to new logon,EMPRESA,alopez,SRV-MON-001,10.10.183.87,59858,3,C:\\Windows\\System32\\lsass.exe,0x0,0x0,Special privileges assigned to EMPRESA\alopez,0,none,Internal,LAN,,
2026-04-28 22:12:34,WIN11-SEC-022,Microsoft-Windows-Security-Auditing,Security,4624,An account was successfully logged on,LOCAL,analista01,PC-OPS-014,172.16.20.157,60079,3,C:\\Windows\\System32\\cmd.exe,0x0,0x0,Successful logon for LOCAL\analista01 from 172.16.20.157 using logon type 3,0,none,Internal,LAN,,
2026-04-28 22:12:59,WIN-SRV-DC01,Microsoft-Windows-Security-Auditing,Security,4624,An account was successfully logged on,EMPRESA,admin.ops,SRV-MON-001,10.10.90.14,65402,3,C:\\Program Files\\Microsoft Defender\\MsMpEng.exe,0x0,0x0,Successful logon for EMPRESA\admin.ops from 10.10.90.14 using logon type 3,0,none,Internal,LAN,,
2026-04-28 22:13:06,WIN-SRV-FILE01,Microsoft-Windows-Security-Auditing,Security,4624,An account was successfully logged on,LOCAL,crojas,PC-RRHH-002,10.10.218.201,52199,2,C:\\Windows\\System32\\svchost.exe,0x0,0x0,Successful logon for LOCAL\crojas from 10.10.218.201 using logon type 2,0,none,Internal,LAN,,
2026-04-28 22:13:45,WIN-SRV-FILE01,Microsoft-Windows-Security-Auditing,Security,4624,An account was successfully logged on,EMPRESA,admin.ops,PC-OPS-014,192.168.1.252,56876,3,C:\\Windows\\System32\\svchost.exe,0x0,0x0,Successful logon for EMPRESA\admin.ops from 192.168.1.252 using logon type 3,0,none,Internal,LAN,,
2026-04-28 22:14:02,WIN10-FIN-014,Microsoft-Windows-Security-Auditing,Security,4634,An account was logged off,CORP,lcastro,SRV-MON-001,192.168.1.1,57433,10,C:\\Windows\\System32\\cmd.exe,0x0,0x0,Logoff for CORP\lcastro from workstation SRV-MON-001,0,none,Internal,LAN,,
2026-04-28 22:14:23,WIN-SRV-APP01,Microsoft-Windows-Security-Auditing,Security,4688,A new process has been created,EMPRESA,helpdesk01,SRV-MON-001,192.168.1.215,53208,3,C:\\Program Files\\Microsoft Defender\\MsMpEng.exe,0x0,0x0,Process created by EMPRESA\helpdesk01: C:\\Program Files\\Microsoft Defender\\MsMpEng.exe,0,none,Internal,LAN,,
2026-04-28 22:16:08,WIN10-FIN-014,Microsoft-Windows-Security-Auditing,Security,4634,An account was logged off,EMPRESA,svc_monitor,LAP-GER-003,172.16.20.211,51125,7,C:\\Windows\\System32\\winlogon.exe,0x0,0x0,Logoff for EMPRESA\svc_monitor from workstation LAP-GER-003,0,none,Internal,LAN,,
2026-04-28 22:17:04,WIN10-FIN-014,Microsoft-Windows-Security-Auditing,Security,4624,An account was successfully logged on,EMPRESA,alopez,SRV-MON-001,192.168.1.142,53366,3,C:\\Windows\\System32\\winlogon.exe,0x0,0x0,Successful logon for EMPRESA\alopez from 192.168.1.142 using logon type 3,0,none,Internal,LAN,,
2026-04-28 22:20:03,WIN10-FIN-014,Microsoft-Windows-Security-Auditing,Security,4624,An account was successfully logged on,EMPRESA,mgarcia,PC-OPS-014,10.10.90.240,58869,3,C:\\Windows\\System32\\winlogon.exe,0x0,0x0,Successful logon for EMPRESA\mgarcia from 10.10.90.240 using logon type 3,0,none,Internal,LAN,,
2026-04-28 22:22:12,WIN10-FIN-014,Microsoft-Windows-Security-Auditing,Security,4624,An account was successfully logged on,LOCAL,alopez,PC-RRHH-002,192.168.1.173,57639,7,C:\\Windows\\System32\\cmd.exe,0x0,0x0,Successful logon for LOCAL\alopez from 192.168.1.173 using logon type 7,0,none,Internal,LAN,,
2026-04-28 22:23:59,WIN-SRV-FILE01,Microsoft-Windows-Security-Auditing,Security,4624,An account was successfully logged on,EMPRESA,dtorres,PC-RRHH-002,192.168.1.213,64946,2,C:\\Windows\\System32\\svchost.exe,0x0,0x0,Successful logon for EMPRESA\dtorres from 192.168.1.213 using logon type 2,0,none,Internal,LAN,,
2026-04-28 22:24:39,WIN-SRV-FILE01,Microsoft-Windows-Security-Auditing,Security,4634,An account was logged off,CORP,mgarcia,SRV-MON-001,172.16.20.156,49968,7,C:\\Windows\\System32\\WindowsPowerShell\\v1.0\\powershell.exe,0x0,0x0,Logoff for CORP\mgarcia from workstation SRV-MON-001,0,none,Internal,LAN,,
2026-04-28 22:26:31,WIN-SRV-APP01,Microsoft-Windows-Security-Auditing,Security,4624,An account was successfully logged on,EMPRESA,helpdesk01,LAP-GER-003,172.16.20.37,53023,2,C:\\Program Files\\Google\\Chrome\\Application\\chrome.exe,0x0,0x0,Successful logon for EMPRESA\helpdesk01 from 172.16.20.37 using logon type 2,0,none,Internal,LAN,,
2026-04-28 22:27:40,WIN-SRV-DC01,Microsoft-Windows-Security-Auditing,Security,4624,An account was successfully logged on,EMPRESA,lcastro,SRV-MON-001,172.16.20.49,54889,7,C:\\Windows\\System32\\svchost.exe,0x0,0x0,Successful logon for EMPRESA\lcastro from 172.16.20.49 using logon type 7,0,none,Internal,LAN,,
2026-04-28 22:28:12,WIN-SRV-APP01,Microsoft-Windows-Security-Auditing,Security,4624,An account was successfully logged on,EMPRESA,crojas,LAP-GER-003,172.16.20.175,49846,7,C:\\Program Files\\Google\\Chrome\\Application\\chrome.exe,0x0,0x0,Successful logon for EMPRESA\crojas from 172.16.20.175 using logon type 7,0,none,Internal,LAN,,
2026-04-28 22:29:39,WIN10-FIN-014,Microsoft-Windows-Security-Auditing,Security,4688,A new process has been created,LOCAL,dtorres,LAP-GER-003,192.168.1.79,49174,2,C:\\Windows\\System32\\cmd.exe,0x0,0x0,Process created by LOCAL\dtorres: C:\\Windows\\System32\\cmd.exe,0,none,Internal,LAN,,
2026-04-28 22:30:05,WIN10-FIN-014,Microsoft-Windows-Security-Auditing,Security,4624,An account was successfully logged on,CORP,crojas,LAP-GER-003,10.10.57.218,52973,3,C:\\Windows\\System32\\lsass.exe,0x0,0x0,Successful logon for CORP\crojas from 10.10.57.218 using logon type 3,0,none,Internal,LAN,,
2026-04-28 22:30:11,WIN10-FIN-014,Microsoft-Windows-Security-Auditing,Security,4624,An account was successfully logged on,CORP,svc_backup,PC-OPS-014,172.16.20.22,49743,7,C:\\Windows\\System32\\svchost.exe,0x0,0x0,Successful logon for CORP\svc_backup from 172.16.20.22 using logon type 7,0,none,Internal,LAN,,
2026-04-28 22:30:12,WIN-SRV-APP01,Microsoft-Windows-Security-Auditing,Security,4634,An account was logged off,EMPRESA,lcastro,PC-FIN-001,10.10.60.165,58264,2,C:\\Windows\\System32\\winlogon.exe,0x0,0x0,Logoff for EMPRESA\lcastro from workstation PC-FIN-001,0,none,Internal,LAN,,
2026-04-28 22:30:29,WIN11-SEC-022,Microsoft-Windows-Security-Auditing,Security,4624,An account was successfully logged on,LOCAL,jperez,PC-RRHH-002,10.10.118.203,55502,3,C:\\Program Files\\Google\\Chrome\\Application\\chrome.exe,0x0,0x0,Successful logon for LOCAL\jperez from 10.10.118.203 using logon type 3,0,none,Internal,LAN,,
2026-04-28 22:31:41,WIN-SRV-DC01,Microsoft-Windows-Security-Auditing,Security,4688,A new process has been created,LOCAL,jperez,PC-FIN-001,10.10.45.56,57526,2,C:\\Program Files\\Google\\Chrome\\Application\\chrome.exe,0x0,0x0,Process created by LOCAL\jperez: C:\\Program Files\\Google\\Chrome\\Application\\chrome.exe,0,none,Internal,LAN,,
2026-04-28 22:32:37,WIN11-SEC-022,Microsoft-Windows-Security-Auditing,Security,4648,A logon was attempted using explicit credentials,EMPRESA,dtorres,LAP-GER-003,192.168.1.217,59996,10,C:\\Windows\\System32\\cmd.exe,0x0,0x0,Explicit credentials used by EMPRESA\dtorres from LAP-GER-003,0,none,Internal,LAN,,
2026-04-28 22:34:10,WIN10-FIN-014,Microsoft-Windows-Security-Auditing,Security,4624,An account was successfully logged on,EMPRESA,analista01,PC-FIN-001,192.168.1.151,61686,10,C:\\Windows\\System32\\cmd.exe,0x0,0x0,Successful logon for EMPRESA\analista01 from 192.168.1.151 using logon type 10,0,none,Internal,LAN,,
2026-04-28 22:36:14,WIN-SRV-FILE01,Microsoft-Windows-Security-Auditing,Security,4624,An account was successfully logged on,LOCAL,jperez,LAP-GER-003,192.168.1.211,58067,3,C:\\Windows\\System32\\winlogon.exe,0x0,0x0,Successful logon for LOCAL\jperez from 192.168.1.211 using logon type 3,0,none,Internal,LAN,,
2026-04-28 22:36:36,WIN-SRV-DC01,Microsoft-Windows-Security-Auditing,Security,4624,An account was successfully logged on,LOCAL,admin.ops,PC-OPS-014,192.168.1.26,61804,3,C:\\Windows\\System32\\lsass.exe,0x0,0x0,Successful logon for LOCAL\admin.ops from 192.168.1.26 using logon type 3,0,none,Internal,LAN,,
2026-04-28 22:36:51,WIN10-FIN-014,Microsoft-Windows-Security-Auditing,Security,4624,An account was successfully logged on,LOCAL,svc_backup,PC-OPS-014,172.16.20.200,54910,3,C:\\Windows\\System32\\winlogon.exe,0x0,0x0,Successful logon for LOCAL\svc_backup from 172.16.20.200 using logon type 3,0,none,Internal,LAN,,
2026-04-28 22:37:51,WIN10-FIN-014,Microsoft-Windows-Security-Auditing,Security,4624,An account was successfully logged on,EMPRESA,alopez,LAP-GER-003,10.10.218.253,61925,7,C:\\Windows\\System32\\cmd.exe,0x0,0x0,Successful logon for EMPRESA\alopez from 10.10.218.253 using logon type 7,0,none,Internal,LAN,,
2026-04-28 22:38:23,WIN10-FIN-014,Microsoft-Windows-Security-Auditing,Security,4634,An account was logged off,CORP,dtorres,SRV-MON-001,192.168.1.96,49561,2,C:\\Windows\\System32\\lsass.exe,0x0,0x0,Logoff for CORP\dtorres from workstation SRV-MON-001,0,none,Internal,LAN,,
2026-04-28 22:38:28,WIN-SRV-FILE01,Microsoft-Windows-Security-Auditing,Security,4624,An account was successfully logged on,EMPRESA,alopez,PC-FIN-001,172.16.20.221,56504,2,C:\\Windows\\System32\\cmd.exe,0x0,0x0,Successful logon for EMPRESA\alopez from 172.16.20.221 using logon type 2,0,none,Internal,LAN,,
2026-04-28 22:38:53,WIN-SRV-APP01,Microsoft-Windows-Security-Auditing,Security,4624,An account was successfully logged on,LOCAL,helpdesk01,SRV-MON-001,192.168.1.188,61646,10,C:\\Program Files\\Microsoft Defender\\MsMpEng.exe,0x0,0x0,Successful logon for LOCAL\helpdesk01 from 192.168.1.188 using logon type 10,0,none,Internal,LAN,,
2026-04-28 22:39:17,WIN10-FIN-014,Microsoft-Windows-Security-Auditing,Security,4624,An account was successfully logged on,CORP,alopez,PC-RRHH-002,192.168.1.64,52961,2,C:\\Program Files\\Google\\Chrome\\Application\\chrome.exe,0x0,0x0,Successful logon for CORP\alopez from 192.168.1.64 using logon type 2,0,none,Internal,LAN,,
2026-04-28 22:39:21,WIN-SRV-DC01,Microsoft-Windows-Security-Auditing,Security,4624,An account was successfully logged on,LOCAL,crojas,SRV-MON-001,10.10.109.200,53234,2,C:\\Windows\\System32\\lsass.exe,0x0,0x0,Successful logon for LOCAL\crojas from 10.10.109.200 using logon type 2,0,none,Internal,LAN,,
2026-04-28 22:40:42,WIN11-SEC-022,Microsoft-Windows-Security-Auditing,Security,4672,Special privileges assigned to new logon,LOCAL,analista01,PC-OPS-014,192.168.1.254,59070,3,C:\\Windows\\System32\\winlogon.exe,0x0,0x0,Special privileges assigned to LOCAL\analista01,0,none,Internal,LAN,,
2026-04-28 22:41:00,WIN-SRV-DC01,Microsoft-Windows-Security-Auditing,Security,4634,An account was logged off,EMPRESA,analista01,SRV-MON-001,172.16.20.54,60113,10,C:\\Windows\\System32\\lsass.exe,0x0,0x0,Logoff for EMPRESA\analista01 from workstation SRV-MON-001,0,none,Internal,LAN,,
2026-04-28 22:41:27,WIN10-FIN-014,Microsoft-Windows-Security-Auditing,Security,4634,An account was logged off,EMPRESA,crojas,SRV-MON-001,172.16.20.183,49589,10,C:\\Windows\\System32\\cmd.exe,0x0,0x0,Logoff for EMPRESA\crojas from workstation SRV-MON-001,0,none,Internal,LAN,,
2026-04-28 22:41:57,WIN-SRV-DC01,Microsoft-Windows-Security-Auditing,Security,4634,An account was logged off,CORP,jperez,SRV-MON-001,172.16.20.64,64474,10,C:\\Windows\\System32\\cmd.exe,0x0,0x0,Logoff for CORP\jperez from workstation SRV-MON-001,0,none,Internal,LAN,,
2026-04-28 22:42:03,WIN-SRV-FILE01,Microsoft-Windows-Security-Auditing,Security,4624,An account was successfully logged on,CORP,dtorres,LAP-GER-003,10.10.248.86,51162,2,C:\\Windows\\System32\\svchost.exe,0x0,0x0,Successful logon for CORP\dtorres from 10.10.248.86 using logon type 2,0,none,Internal,LAN,,
2026-04-28 22:42:26,WIN10-FIN-014,Microsoft-Windows-Security-Auditing,Security,4624,An account was successfully logged on,LOCAL,helpdesk01,PC-OPS-014,192.168.1.135,54243,2,C:\\Windows\\System32\\winlogon.exe,0x0,0x0,Successful logon for LOCAL\helpdesk01 from 192.168.1.135 using logon type 2,0,none,Internal,LAN,,
2026-04-28 22:42:53,WIN-SRV-APP01,Microsoft-Windows-Security-Auditing,Security,4648,A logon was attempted using explicit credentials,LOCAL,svc_backup,SRV-MON-001,10.10.80.220,57477,10,C:\\Windows\\System32\\lsass.exe,0x0,0x0,Explicit credentials used by LOCAL\svc_backup from SRV-MON-001,0,none,Internal,LAN,,
2026-04-28 22:45:12,WIN-SRV-FILE01,Microsoft-Windows-Security-Auditing,Security,4624,An account was successfully logged on,CORP,helpdesk01,PC-RRHH-002,192.168.1.226,49832,7,C:\\Program Files\\Google\\Chrome\\Application\\chrome.exe,0x0,0x0,Successful logon for CORP\helpdesk01 from 192.168.1.226 using logon type 7,0,none,Internal,LAN,,
2026-04-28 22:47:19,WIN-SRV-APP01,Microsoft-Windows-Security-Auditing,Security,4634,An account was logged off,EMPRESA,crojas,PC-OPS-014,10.10.154.0,60137,10,C:\\Windows\\System32\\lsass.exe,0x0,0x0,Logoff for EMPRESA\crojas from workstation PC-OPS-014,0,none,Internal,LAN,,
2026-04-28 22:49:20,WIN-SRV-FILE01,Microsoft-Windows-Security-Auditing,Security,4688,A new process has been created,EMPRESA,svc_monitor,SRV-MON-001,172.16.20.141,56388,10,C:\\Windows\\System32\\winlogon.exe,0x0,0x0,Process created by EMPRESA\svc_monitor: C:\\Windows\\System32\\winlogon.exe,0,none,Internal,LAN,,
2026-04-28 22:50:03,WIN-SRV-DC01,Microsoft-Windows-Security-Auditing,Security,4634,An account was logged off,EMPRESA,lcastro,PC-OPS-014,192.168.1.100,63211,10,C:\\Program Files\\Google\\Chrome\\Application\\chrome.exe,0x0,0x0,Logoff for EMPRESA\lcastro from workstation PC-OPS-014,0,none,Internal,LAN,,
2026-04-28 22:50:50,WIN-SRV-APP01,Microsoft-Windows-Security-Auditing,Security,4688,A new process has been created,CORP,svc_monitor,PC-OPS-014,192.168.1.238,60675,10,C:\\Windows\\System32\\winlogon.exe,0x0,0x0,Process created by CORP\svc_monitor: C:\\Windows\\System32\\winlogon.exe,0,none,Internal,LAN,,
2026-04-28 22:52:11,WIN10-FIN-014,Microsoft-Windows-Security-Auditing,Security,4672,Special privileges assigned to new logon,CORP,finanzas02,PC-RRHH-002,10.10.244.68,59519,10,C:\\Program Files\\Microsoft Defender\\MsMpEng.exe,0x0,0x0,Special privileges assigned to CORP\finanzas02,0,none,Internal,LAN,,
2026-04-28 22:52:23,WIN-SRV-FILE01,Microsoft-Windows-Security-Auditing,Security,4624,An account was successfully logged on,EMPRESA,crojas,LAP-GER-003,192.168.1.212,61817,2,C:\\Windows\\System32\\winlogon.exe,0x0,0x0,Successful logon for EMPRESA\crojas from 192.168.1.212 using logon type 2,0,none,Internal,LAN,,
2026-04-28 22:52:39,WIN-SRV-DC01,Microsoft-Windows-Security-Auditing,Security,4624,An account was successfully logged on,LOCAL,analista01,LAP-GER-003,172.16.20.51,54893,3,C:\\Windows\\System32\\cmd.exe,0x0,0x0,Successful logon for LOCAL\analista01 from 172.16.20.51 using logon type 3,0,none,Internal,LAN,,
2026-04-28 22:53:04,WIN-SRV-FILE01,Microsoft-Windows-Security-Auditing,Security,4634,An account was logged off,LOCAL,admin.ops,SRV-MON-001,192.168.1.186,55346,3,C:\\Windows\\System32\\WindowsPowerShell\\v1.0\\powershell.exe,0x0,0x0,Logoff for LOCAL\admin.ops from workstation SRV-MON-001,0,none,Internal,LAN,,
2026-04-28 22:53:43,WIN11-SEC-022,Microsoft-Windows-Security-Auditing,Security,4688,A new process has been created,EMPRESA,alopez,SRV-MON-001,192.168.1.123,51507,3,C:\\Program Files\\Google\\Chrome\\Application\\chrome.exe,0x0,0x0,Process created by EMPRESA\alopez: C:\\Program Files\\Google\\Chrome\\Application\\chrome.exe,0,none,Internal,LAN,,
2026-04-28 22:53:52,WIN-SRV-FILE01,Microsoft-Windows-Security-Auditing,Security,4688,A new process has been created,LOCAL,admin.ops,PC-FIN-001,10.10.56.33,49420,10,C:\\Windows\\System32\\svchost.exe,0x0,0x0,Process created by LOCAL\admin.ops: C:\\Windows\\System32\\svchost.exe,0,none,Internal,LAN,,
2026-04-28 22:54:40,WIN-SRV-FILE01,Microsoft-Windows-Security-Auditing,Security,4688,A new process has been created,EMPRESA,lcastro,SRV-MON-001,192.168.1.154,63401,2,C:\\Windows\\System32\\WindowsPowerShell\\v1.0\\powershell.exe,0x0,0x0,Process created by EMPRESA\lcastro: C:\\Windows\\System32\\WindowsPowerShell\\v1.0\\powershell.exe,0,none,Internal,LAN,,
2026-04-28 22:56:31,WIN11-SEC-022,Microsoft-Windows-Security-Auditing,Security,4634,An account was logged off,LOCAL,analista01,PC-FIN-001,192.168.1.138,60353,7,C:\\Windows\\System32\\cmd.exe,0x0,0x0,Logoff for LOCAL\analista01 from workstation PC-FIN-001,0,none,Internal,LAN,,
2026-04-28 22:56:54,WIN10-FIN-014,Microsoft-Windows-Security-Auditing,Security,4634,An account was logged off,EMPRESA,analista01,SRV-MON-001,10.10.130.174,55735,10,C:\\Windows\\System32\\winlogon.exe,0x0,0x0,Logoff for EMPRESA\analista01 from workstation SRV-MON-001,0,none,Internal,LAN,,
2026-04-28 22:56:56,WIN-SRV-DC01,Microsoft-Windows-Security-Auditing,Security,4688,A new process has been created,EMPRESA,crojas,LAP-GER-003,172.16.20.254,51749,3,C:\\Windows\\System32\\winlogon.exe,0x0,0x0,Process created by EMPRESA\crojas: C:\\Windows\\System32\\winlogon.exe,0,none,Internal,LAN,,
2026-04-28 22:57:14,WIN-SRV-APP01,Microsoft-Windows-Security-Auditing,Security,4688,A new process has been created,CORP,jperez,PC-OPS-014,172.16.20.8,64269,3,C:\\Program Files\\Microsoft Defender\\MsMpEng.exe,0x0,0x0,Process created by CORP\jperez: C:\\Program Files\\Microsoft Defender\\MsMpEng.exe,0,none,Internal,LAN,,
2026-04-28 23:00:44,WIN-SRV-DC01,Microsoft-Windows-Security-Auditing,Security,4624,An account was successfully logged on,CORP,lcastro,SRV-MON-001,172.16.20.73,51991,10,C:\\Windows\\System32\\lsass.exe,0x0,0x0,Successful logon for CORP\lcastro from 172.16.20.73 using logon type 10,0,none,Internal,LAN,,
2026-04-28 23:01:40,WIN-SRV-APP01,Microsoft-Windows-Security-Auditing,Security,4624,An account was successfully logged on,EMPRESA,helpdesk01,PC-RRHH-002,172.16.20.204,56469,7,C:\\Windows\\System32\\winlogon.exe,0x0,0x0,Successful logon for EMPRESA\helpdesk01 from 172.16.20.204 using logon type 7,0,none,Internal,LAN,,
2026-04-28 23:02:14,WIN-SRV-APP01,Microsoft-Windows-Security-Auditing,Security,4624,An account was successfully logged on,EMPRESA,jperez,SRV-MON-001,10.10.94.80,54910,2,C:\\Windows\\System32\\winlogon.exe,0x0,0x0,Successful logon for EMPRESA\jperez from 10.10.94.80 using logon type 2,0,none,Internal,LAN,,
2026-04-28 23:02:30,WIN-SRV-FILE01,Microsoft-Windows-Security-Auditing,Security,4672,Special privileges assigned to new logon,CORP,mgarcia,PC-OPS-014,192.168.1.112,54116,2,C:\\Windows\\System32\\lsass.exe,0x0,0x0,Special privileges assigned to CORP\mgarcia,0,none,Internal,LAN,,
2026-04-28 23:03:58,WIN11-SEC-022,Microsoft-Windows-Security-Auditing,Security,4688,A new process has been created,CORP,mgarcia,PC-FIN-001,172.16.20.209,49840,10,C:\\Windows\\System32\\WindowsPowerShell\\v1.0\\powershell.exe,0x0,0x0,Process created by CORP\mgarcia: C:\\Windows\\System32\\WindowsPowerShell\\v1.0\\powershell.exe,0,none,Internal,LAN,,
2026-04-28 23:04:08,WIN-SRV-FILE01,Microsoft-Windows-Security-Auditing,Security,4634,An account was logged off,LOCAL,analista01,PC-RRHH-002,172.16.20.101,53489,3,C:\\Windows\\System32\\svchost.exe,0x0,0x0,Logoff for LOCAL\analista01 from workstation PC-RRHH-002,0,none,Internal,LAN,,
2026-04-28 23:05:14,WIN10-FIN-014,Microsoft-Windows-Security-Auditing,Security,4624,An account was successfully logged on,EMPRESA,svc_backup,SRV-MON-001,10.10.177.202,53771,7,C:\\Program Files\\Microsoft Defender\\MsMpEng.exe,0x0,0x0,Successful logon for EMPRESA\svc_backup from 10.10.177.202 using logon type 7,0,none,Internal,LAN,,
2026-04-28 23:06:02,WIN11-SEC-022,Microsoft-Windows-Security-Auditing,Security,4634,An account was logged off,CORP,analista01,SRV-MON-001,10.10.60.31,59267,3,C:\\Windows\\System32\\svchost.exe,0x0,0x0,Logoff for CORP\analista01 from workstation SRV-MON-001,0,none,Internal,LAN,,
2026-04-28 23:07:19,WIN11-SEC-022,Microsoft-Windows-Security-Auditing,Security,4624,An account was successfully logged on,LOCAL,lcastro,PC-OPS-014,192.168.1.13,58540,10,C:\\Windows\\System32\\lsass.exe,0x0,0x0,Successful logon for LOCAL\lcastro from 192.168.1.13 using logon type 10,0,none,Internal,LAN,,
2026-04-28 23:08:42,WIN10-FIN-014,Microsoft-Windows-Security-Auditing,Security,4624,An account was successfully logged on,CORP,lcastro,PC-OPS-014,192.168.1.149,58723,7,C:\\Windows\\System32\\cmd.exe,0x0,0x0,Successful logon for CORP\lcastro from 192.168.1.149 using logon type 7,0,none,Internal,LAN,,
2026-04-28 23:08:50,WIN10-FIN-014,Microsoft-Windows-Security-Auditing,Security,4624,An account was successfully logged on,CORP,mgarcia,LAP-GER-003,192.168.1.11,64724,10,C:\\Program Files\\Microsoft Defender\\MsMpEng.exe,0x0,0x0,Successful logon for CORP\mgarcia from 192.168.1.11 using logon type 10,0,none,Internal,LAN,,
2026-04-28 23:08:53,WIN-SRV-FILE01,Microsoft-Windows-Security-Auditing,Security,4634,An account was logged off,EMPRESA,crojas,SRV-MON-001,192.168.1.108,65378,10,C:\\Windows\\System32\\winlogon.exe,0x0,0x0,Logoff for EMPRESA\crojas from workstation SRV-MON-001,0,none,Internal,LAN,,
2026-04-28 23:09:15,WIN10-FIN-014,Microsoft-Windows-Security-Auditing,Security,4634,An account was logged off,CORP,crojas,LAP-GER-003,192.168.1.142,50958,10,C:\\Windows\\System32\\WindowsPowerShell\\v1.0\\powershell.exe,0x0,0x0,Logoff for CORP\crojas from workstation LAP-GER-003,0,none,Internal,LAN,,
2026-04-28 23:10:21,WIN-SRV-APP01,Microsoft-Windows-Security-Auditing,Security,4634,An account was logged off,LOCAL,dtorres,LAP-GER-003,172.16.20.209,65137,2,C:\\Windows\\System32\\winlogon.exe,0x0,0x0,Logoff for LOCAL\dtorres from workstation LAP-GER-003,0,none,Internal,LAN,,
2026-04-28 23:12:37,WIN11-SEC-022,Microsoft-Windows-Security-Auditing,Security,4672,Special privileges assigned to new logon,CORP,finanzas02,PC-OPS-014,192.168.1.184,57509,10,C:\\Windows\\System32\\cmd.exe,0x0,0x0,Special privileges assigned to CORP\finanzas02,0,none,Internal,LAN,,
2026-04-28 23:12:56,WIN-SRV-APP01,Microsoft-Windows-Security-Auditing,Security,4634,An account was logged off,LOCAL,helpdesk01,LAP-GER-003,192.168.1.132,49663,10,C:\\Program Files\\Microsoft Defender\\MsMpEng.exe,0x0,0x0,Logoff for LOCAL\helpdesk01 from workstation LAP-GER-003,0,none,Internal,LAN,,
2026-04-28 23:12:57,WIN10-FIN-014,Microsoft-Windows-Security-Auditing,Security,4624,An account was successfully logged on,LOCAL,jperez,PC-OPS-014,192.168.1.212,61792,10,C:\\Windows\\System32\\lsass.exe,0x0,0x0,Successful logon for LOCAL\jperez from 192.168.1.212 using logon type 10,0,none,Internal,LAN,,
2026-04-28 23:13:05,WIN-SRV-FILE01,Microsoft-Windows-Security-Auditing,Security,4624,An account was successfully logged on,LOCAL,dtorres,LAP-GER-003,192.168.1.172,55331,7,C:\\Program Files\\Microsoft Defender\\MsMpEng.exe,0x0,0x0,Successful logon for LOCAL\dtorres from 192.168.1.172 using logon type 7,0,none,Internal,LAN,,
2026-04-28 23:13:08,WIN-SRV-FILE01,Microsoft-Windows-Security-Auditing,Security,4672,Special privileges assigned to new logon,EMPRESA,jperez,PC-OPS-014,10.10.90.254,63585,3,C:\\Windows\\System32\\WindowsPowerShell\\v1.0\\powershell.exe,0x0,0x0,Special privileges assigned to EMPRESA\jperez,0,none,Internal,LAN,,
2026-04-28 23:13:16,WIN-SRV-APP01,Microsoft-Windows-Security-Auditing,Security,4634,An account was logged off,EMPRESA,dtorres,PC-FIN-001,10.10.142.158,57383,2,C:\\Windows\\System32\\cmd.exe,0x0,0x0,Logoff for EMPRESA\dtorres from workstation PC-FIN-001,0,none,Internal,LAN,,
2026-04-28 23:14:07,WIN-SRV-FILE01,Microsoft-Windows-Security-Auditing,Security,4648,A logon was attempted using explicit credentials,LOCAL,finanzas02,PC-RRHH-002,10.10.13.95,50997,3,C:\\Windows\\System32\\lsass.exe,0x0,0x0,Explicit credentials used by LOCAL\finanzas02 from PC-RRHH-002,0,none,Internal,LAN,,
2026-04-28 23:15:05,WIN10-FIN-014,Microsoft-Windows-Security-Auditing,Security,4688,A new process has been created,LOCAL,svc_monitor,PC-FIN-001,172.16.20.211,52945,3,C:\\Windows\\System32\\svchost.exe,0x0,0x0,Process created by LOCAL\svc_monitor: C:\\Windows\\System32\\svchost.exe,0,none,Internal,LAN,,
2026-04-28 23:15:38,WIN-SRV-APP01,Microsoft-Windows-Security-Auditing,Security,4624,An account was successfully logged on,EMPRESA,admin.ops,PC-RRHH-002,172.16.20.220,64267,7,C:\\Windows\\System32\\svchost.exe,0x0,0x0,Successful logon for EMPRESA\admin.ops from 172.16.20.220 using logon type 7,0,none,Internal,LAN,,
2026-04-28 23:16:14,WIN-SRV-FILE01,Microsoft-Windows-Security-Auditing,Security,4634,An account was logged off,EMPRESA,alopez,PC-FIN-001,10.10.224.221,62218,3,C:\\Windows\\System32\\winlogon.exe,0x0,0x0,Logoff for EMPRESA\alopez from workstation PC-FIN-001,0,none,Internal,LAN,,
2026-04-28 23:16:28,WIN-SRV-FILE01,Microsoft-Windows-Security-Auditing,Security,4688,A new process has been created,CORP,finanzas02,SRV-MON-001,192.168.1.246,65439,7,C:\\Program Files\\Microsoft Defender\\MsMpEng.exe,0x0,0x0,Process created by CORP\finanzas02: C:\\Program Files\\Microsoft Defender\\MsMpEng.exe,0,none,Internal,LAN,,
2026-04-28 23:16:58,WIN10-FIN-014,Microsoft-Windows-Security-Auditing,Security,4624,An account was successfully logged on,LOCAL,admin.ops,PC-FIN-001,172.16.20.3,57536,10,C:\\Windows\\System32\\winlogon.exe,0x0,0x0,Successful logon for LOCAL\admin.ops from 172.16.20.3 using logon type 10,0,none,Internal,LAN,,
2026-04-28 23:18:13,WIN-SRV-DC01,Microsoft-Windows-Security-Auditing,Security,4624,An account was successfully logged on,LOCAL,svc_backup,SRV-MON-001,10.10.219.124,62081,3,C:\\Windows\\System32\\svchost.exe,0x0,0x0,Successful logon for LOCAL\svc_backup from 10.10.219.124 using logon type 3,0,none,Internal,LAN,,
2026-04-28 23:20:18,WIN11-SEC-022,Microsoft-Windows-Security-Auditing,Security,4624,An account was successfully logged on,CORP,helpdesk01,LAP-GER-003,192.168.1.186,59779,7,C:\\Program Files\\Microsoft Defender\\MsMpEng.exe,0x0,0x0,Successful logon for CORP\helpdesk01 from 192.168.1.186 using logon type 7,0,none,Internal,LAN,,
2026-04-28 23:22:10,WIN11-SEC-022,Microsoft-Windows-Security-Auditing,Security,4624,An account was successfully logged on,CORP,analista01,PC-RRHH-002,172.16.20.250,59617,3,C:\\Windows\\System32\\WindowsPowerShell\\v1.0\\powershell.exe,0x0,0x0,Successful logon for CORP\analista01 from 172.16.20.250 using logon type 3,0,none,Internal,LAN,,
2026-04-28 23:23:50,WIN10-FIN-014,Microsoft-Windows-Security-Auditing,Security,4624,An account was successfully logged on,EMPRESA,svc_backup,PC-OPS-014,172.16.20.19,59323,7,C:\\Windows\\System32\\winlogon.exe,0x0,0x0,Successful logon for EMPRESA\svc_backup from 172.16.20.19 using logon type 7,0,none,Internal,LAN,,
2026-04-28 23:24:01,WIN-SRV-APP01,Microsoft-Windows-Security-Auditing,Security,4688,A new process has been created,LOCAL,svc_backup,PC-FIN-001,192.168.1.135,52376,7,C:\\Program Files\\Google\\Chrome\\Application\\chrome.exe,0x0,0x0,Process created by LOCAL\svc_backup: C:\\Program Files\\Google\\Chrome\\Application\\chrome.exe,0,none,Internal,LAN,,
2026-04-28 23:24:53,WIN10-FIN-014,Microsoft-Windows-Security-Auditing,Security,4634,An account was logged off,LOCAL,helpdesk01,SRV-MON-001,10.10.164.25,53419,10,C:\\Windows\\System32\\cmd.exe,0x0,0x0,Logoff for LOCAL\helpdesk01 from workstation SRV-MON-001,0,none,Internal,LAN,,
2026-04-28 23:25:02,WIN-SRV-APP01,Microsoft-Windows-Security-Auditing,Security,4634,An account was logged off,LOCAL,analista01,PC-OPS-014,192.168.1.141,61860,3,C:\\Windows\\System32\\WindowsPowerShell\\v1.0\\powershell.exe,0x0,0x0,Logoff for LOCAL\analista01 from workstation PC-OPS-014,0,none,Internal,LAN,,
2026-04-28 23:26:55,WIN-SRV-APP01,Microsoft-Windows-Security-Auditing,Security,4634,An account was logged off,LOCAL,analista01,PC-OPS-014,10.10.183.98,59425,10,C:\\Windows\\System32\\cmd.exe,0x0,0x0,Logoff for LOCAL\analista01 from workstation PC-OPS-014,0,none,Internal,LAN,,
2026-04-28 23:27:14,WIN11-SEC-022,Microsoft-Windows-Security-Auditing,Security,4624,An account was successfully logged on,LOCAL,helpdesk01,SRV-MON-001,192.168.1.1,62316,2,C:\\Windows\\System32\\winlogon.exe,0x0,0x0,Successful logon for LOCAL\helpdesk01 from 192.168.1.1 using logon type 2,0,none,Internal,LAN,,
2026-04-28 23:29:14,WIN10-FIN-014,Microsoft-Windows-Security-Auditing,Security,4624,An account was successfully logged on,LOCAL,analista01,PC-OPS-014,172.16.20.146,61290,3,C:\\Windows\\System32\\WindowsPowerShell\\v1.0\\powershell.exe,0x0,0x0,Successful logon for LOCAL\analista01 from 172.16.20.146 using logon type 3,0,none,Internal,LAN,,
2026-04-28 23:29:42,WIN-SRV-APP01,Microsoft-Windows-Security-Auditing,Security,4624,An account was successfully logged on,CORP,analista01,LAP-GER-003,10.10.109.206,61084,10,C:\\Windows\\System32\\lsass.exe,0x0,0x0,Successful logon for CORP\analista01 from 10.10.109.206 using logon type 10,0,none,Internal,LAN,,
2026-04-28 23:30:53,WIN-SRV-FILE01,Microsoft-Windows-Security-Auditing,Security,4624,An account was successfully logged on,EMPRESA,analista01,PC-RRHH-002,10.10.82.18,59180,2,C:\\Windows\\System32\\cmd.exe,0x0,0x0,Successful logon for EMPRESA\analista01 from 10.10.82.18 using logon type 2,0,none,Internal,LAN,,
2026-04-28 23:32:21,WIN-SRV-APP01,Microsoft-Windows-Security-Auditing,Security,4634,An account was logged off,LOCAL,alopez,LAP-GER-003,192.168.1.196,61199,3,C:\\Windows\\System32\\winlogon.exe,0x0,0x0,Logoff for LOCAL\alopez from workstation LAP-GER-003,0,none,Internal,LAN,,
2026-04-28 23:33:47,WIN11-SEC-022,Microsoft-Windows-Security-Auditing,Security,4688,A new process has been created,CORP,svc_backup,LAP-GER-003,172.16.20.89,52669,7,C:\\Windows\\System32\\lsass.exe,0x0,0x0,Process created by CORP\svc_backup: C:\\Windows\\System32\\lsass.exe,0,none,Internal,LAN,,
2026-04-28 23:33:56,WIN11-SEC-022,Microsoft-Windows-Security-Auditing,Security,4624,An account was successfully logged on,LOCAL,jperez,LAP-GER-003,172.16.20.99,59665,3,C:\\Windows\\System32\\WindowsPowerShell\\v1.0\\powershell.exe,0x0,0x0,Successful logon for LOCAL\jperez from 172.16.20.99 using logon type 3,0,none,Internal,LAN,,
2026-04-28 23:34:03,WIN-SRV-APP01,Microsoft-Windows-Security-Auditing,Security,4634,An account was logged off,EMPRESA,helpdesk01,SRV-MON-001,10.10.76.105,54944,10,C:\\Windows\\System32\\lsass.exe,0x0,0x0,Logoff for EMPRESA\helpdesk01 from workstation SRV-MON-001,0,none,Internal,LAN,,
2026-04-28 23:34:52,WIN-SRV-APP01,Microsoft-Windows-Security-Auditing,Security,4624,An account was successfully logged on,LOCAL,crojas,SRV-MON-001,172.16.20.193,52329,3,C:\\Windows\\System32\\lsass.exe,0x0,0x0,Successful logon for LOCAL\crojas from 172.16.20.193 using logon type 3,0,none,Internal,LAN,,
2026-04-28 23:36:21,WIN-SRV-DC01,Microsoft-Windows-Security-Auditing,Security,4624,An account was successfully logged on,LOCAL,mgarcia,SRV-MON-001,172.16.20.230,54533,2,C:\\Windows\\System32\\cmd.exe,0x0,0x0,Successful logon for LOCAL\mgarcia from 172.16.20.230 using logon type 2,0,none,Internal,LAN,,
2026-04-28 23:37:16,WIN-SRV-APP01,Microsoft-Windows-Security-Auditing,Security,4634,An account was logged off,CORP,mgarcia,SRV-MON-001,172.16.20.159,65045,7,C:\\Windows\\System32\\cmd.exe,0x0,0x0,Logoff for CORP\mgarcia from workstation SRV-MON-001,0,none,Internal,LAN,,
2026-04-28 23:37:44,WIN10-FIN-014,Microsoft-Windows-Security-Auditing,Security,4624,An account was successfully logged on,EMPRESA,dtorres,PC-OPS-014,172.16.20.134,56602,2,C:\\Program Files\\Microsoft Defender\\MsMpEng.exe,0x0,0x0,Successful logon for EMPRESA\dtorres from 172.16.20.134 using logon type 2,0,none,Internal,LAN,,
2026-04-28 23:39:18,WIN10-FIN-014,Microsoft-Windows-Security-Auditing,Security,4688,A new process has been created,EMPRESA,dtorres,PC-OPS-014,172.16.20.105,51794,2,C:\\Windows\\System32\\cmd.exe,0x0,0x0,Process created by EMPRESA\dtorres: C:\\Windows\\System32\\cmd.exe,0,none,Internal,LAN,,
2026-04-28 23:41:32,WIN-SRV-DC01,Microsoft-Windows-Security-Auditing,Security,4648,A logon was attempted using explicit credentials,EMPRESA,crojas,LAP-GER-003,192.168.1.177,50481,10,C:\\Windows\\System32\\svchost.exe,0x0,0x0,Explicit credentials used by EMPRESA\crojas from LAP-GER-003,0,none,Internal,LAN,,
2026-04-28 23:42:08,WIN11-SEC-022,Microsoft-Windows-Security-Auditing,Security,4634,An account was logged off,CORP,dtorres,PC-OPS-014,192.168.1.156,53891,3,C:\\Windows\\System32\\cmd.exe,0x0,0x0,Logoff for CORP\dtorres from workstation PC-OPS-014,0,none,Internal,LAN,,
2026-04-28 23:43:30,WIN11-SEC-022,Microsoft-Windows-Security-Auditing,Security,4688,A new process has been created,EMPRESA,finanzas02,LAP-GER-003,10.10.8.19,52778,3,C:\\Windows\\System32\\winlogon.exe,0x0,0x0,Process created by EMPRESA\finanzas02: C:\\Windows\\System32\\winlogon.exe,0,none,Internal,LAN,,
2026-04-28 23:49:07,WIN10-FIN-014,Microsoft-Windows-Security-Auditing,Security,4634,An account was logged off,CORP,helpdesk01,LAP-GER-003,10.10.215.140,51130,3,C:\\Windows\\System32\\lsass.exe,0x0,0x0,Logoff for CORP\helpdesk01 from workstation LAP-GER-003,0,none,Internal,LAN,,
2026-04-28 23:50:01,WIN10-FIN-014,Microsoft-Windows-Security-Auditing,Security,4624,An account was successfully logged on,LOCAL,alopez,PC-FIN-001,10.10.156.182,65147,2,C:\\Windows\\System32\\winlogon.exe,0x0,0x0,Successful logon for LOCAL\alopez from 10.10.156.182 using logon type 2,0,none,Internal,LAN,,
2026-04-28 23:50:18,WIN-SRV-DC01,Microsoft-Windows-Security-Auditing,Security,4624,An account was successfully logged on,LOCAL,admin.ops,SRV-MON-001,192.168.1.182,55589,7,C:\\Windows\\System32\\svchost.exe,0x0,0x0,Successful logon for LOCAL\admin.ops from 192.168.1.182 using logon type 7,0,none,Internal,LAN,,
2026-04-28 23:50:29,WIN-SRV-APP01,Microsoft-Windows-Security-Auditing,Security,4624,An account was successfully logged on,EMPRESA,svc_monitor,LAP-GER-003,172.16.20.58,63996,7,C:\\Windows\\System32\\WindowsPowerShell\\v1.0\\powershell.exe,0x0,0x0,Successful logon for EMPRESA\svc_monitor from 172.16.20.58 using logon type 7,0,none,Internal,LAN,,
2026-04-28 23:52:20,WIN-SRV-FILE01,Microsoft-Windows-Security-Auditing,Security,4624,An account was successfully logged on,CORP,helpdesk01,LAP-GER-003,10.10.85.74,51866,7,C:\\Windows\\System32\\lsass.exe,0x0,0x0,Successful logon for CORP\helpdesk01 from 10.10.85.74 using logon type 7,0,none,Internal,LAN,,
2026-04-28 23:52:39,WIN10-FIN-014,Microsoft-Windows-Security-Auditing,Security,4634,An account was logged off,CORP,jperez,PC-OPS-014,192.168.1.217,56030,10,C:\\Windows\\System32\\winlogon.exe,0x0,0x0,Logoff for CORP\jperez from workstation PC-OPS-014,0,none,Internal,LAN,,
2026-04-28 23:53:43,WIN-SRV-APP01,Microsoft-Windows-Security-Auditing,Security,4634,An account was logged off,LOCAL,helpdesk01,PC-FIN-001,172.16.20.228,59282,3,C:\\Program Files\\Google\\Chrome\\Application\\chrome.exe,0x0,0x0,Logoff for LOCAL\helpdesk01 from workstation PC-FIN-001,0,none,Internal,LAN,,
2026-04-28 23:54:07,WIN-SRV-DC01,Microsoft-Windows-Security-Auditing,Security,4634,An account was logged off,EMPRESA,mgarcia,PC-OPS-014,172.16.20.16,57385,7,C:\\Program Files\\Microsoft Defender\\MsMpEng.exe,0x0,0x0,Logoff for EMPRESA\mgarcia from workstation PC-OPS-014,0,none,Internal,LAN,,
2026-04-28 23:54:07,WIN-SRV-APP01,Microsoft-Windows-Security-Auditing,Security,4634,An account was logged off,EMPRESA,lcastro,PC-OPS-014,192.168.1.101,60720,10,C:\\Windows\\System32\\lsass.exe,0x0,0x0,Logoff for EMPRESA\lcastro from workstation PC-OPS-014,0,none,Internal,LAN,,
2026-04-28 23:54:26,WIN10-FIN-014,Microsoft-Windows-Security-Auditing,Security,4688,A new process has been created,CORP,mgarcia,LAP-GER-003,10.10.90.22,54213,10,C:\\Program Files\\Microsoft Defender\\MsMpEng.exe,0x0,0x0,Process created by CORP\mgarcia: C:\\Program Files\\Microsoft Defender\\MsMpEng.exe,0,none,Internal,LAN,,
2026-04-28 23:54:56,WIN-SRV-APP01,Microsoft-Windows-Security-Auditing,Security,4624,An account was successfully logged on,EMPRESA,helpdesk01,PC-OPS-014,172.16.20.87,59201,7,C:\\Windows\\System32\\cmd.exe,0x0,0x0,Successful logon for EMPRESA\helpdesk01 from 172.16.20.87 using logon type 7,0,none,Internal,LAN,,
2026-04-28 23:56:13,WIN-SRV-DC01,Microsoft-Windows-Security-Auditing,Security,4688,A new process has been created,EMPRESA,analista01,LAP-GER-003,10.10.190.40,53482,10,C:\\Windows\\System32\\svchost.exe,0x0,0x0,Process created by EMPRESA\analista01: C:\\Windows\\System32\\svchost.exe,0,none,Internal,LAN,,
2026-04-28 23:56:17,WIN11-SEC-022,Microsoft-Windows-Security-Auditing,Security,4624,An account was successfully logged on,CORP,jperez,PC-FIN-001,192.168.1.10,50515,10,C:\\Program Files\\Microsoft Defender\\MsMpEng.exe,0x0,0x0,Successful logon for CORP\jperez from 192.168.1.10 using logon type 10,0,none,Internal,LAN,,
2026-04-28 23:57:06,WIN-SRV-FILE01,Microsoft-Windows-Security-Auditing,Security,4634,An account was logged off,EMPRESA,helpdesk01,PC-RRHH-002,192.168.1.65,51926,10,C:\\Windows\\System32\\svchost.exe,0x0,0x0,Logoff for EMPRESA\helpdesk01 from workstation PC-RRHH-002,0,none,Internal,LAN,,
2026-04-28 23:57:24,WIN11-SEC-022,Microsoft-Windows-Security-Auditing,Security,4688,A new process has been created,LOCAL,analista01,SRV-MON-001,172.16.20.127,65376,7,C:\\Program Files\\Google\\Chrome\\Application\\chrome.exe,0x0,0x0,Process created by LOCAL\analista01: C:\\Program Files\\Google\\Chrome\\Application\\chrome.exe,0,none,Internal,LAN,,
2026-04-29 00:00:13,WIN10-FIN-014,Microsoft-Windows-Security-Auditing,Security,4688,A new process has been created,EMPRESA,svc_backup,PC-RRHH-002,10.10.42.240,65308,2,C:\\Windows\\System32\\lsass.exe,0x0,0x0,Process created by EMPRESA\svc_backup: C:\\Windows\\System32\\lsass.exe,0,none,Internal,LAN,,
2026-04-29 00:02:29,WIN-SRV-DC01,Microsoft-Windows-Security-Auditing,Security,4624,An account was successfully logged on,EMPRESA,svc_monitor,SRV-MON-001,172.16.20.225,59482,7,C:\\Windows\\System32\\svchost.exe,0x0,0x0,Successful logon for EMPRESA\svc_monitor from 172.16.20.225 using logon type 7,0,none,Internal,LAN,,
2026-04-29 00:04:44,WIN-SRV-FILE01,Microsoft-Windows-Security-Auditing,Security,4624,An account was successfully logged on,LOCAL,helpdesk01,LAP-GER-003,10.10.77.51,62239,2,C:\\Program Files\\Google\\Chrome\\Application\\chrome.exe,0x0,0x0,Successful logon for LOCAL\helpdesk01 from 10.10.77.51 using logon type 2,0,none,Internal,LAN,,
2026-04-29 00:07:14,WIN10-FIN-014,Microsoft-Windows-Security-Auditing,Security,4688,A new process has been created,LOCAL,analista01,LAP-GER-003,10.10.213.157,65050,10,C:\\Windows\\System32\\WindowsPowerShell\\v1.0\\powershell.exe,0x0,0x0,Process created by LOCAL\analista01: C:\\Windows\\System32\\WindowsPowerShell\\v1.0\\powershell.exe,0,none,Internal,LAN,,
2026-04-29 00:07:26,WIN-SRV-APP01,Microsoft-Windows-Security-Auditing,Security,4634,An account was logged off,EMPRESA,helpdesk01,LAP-GER-003,10.10.89.62,58901,2,C:\\Program Files\\Microsoft Defender\\MsMpEng.exe,0x0,0x0,Logoff for EMPRESA\helpdesk01 from workstation LAP-GER-003,0,none,Internal,LAN,,
