2026-04-25 06:13:57,WIN10-FIN-014,Microsoft-Windows-Security-Auditing,Security,4624,An account was successfully logged on,LOCAL,mgarcia,PC-FIN-001,172.16.20.110,60283,10,C:\\Windows\\System32\\cmd.exe,0x0,0x0,Successful logon for LOCAL\mgarcia from 172.16.20.110 using logon type 10,0,none,Internal,LAN,,
2026-04-25 06:14:41,WIN11-SEC-022,Microsoft-Windows-Security-Auditing,Security,4688,A new process has been created,LOCAL,svc_backup,PC-OPS-014,172.16.20.147,60061,3,C:\\Windows\\System32\\winlogon.exe,0x0,0x0,Process created by LOCAL\svc_backup: C:\\Windows\\System32\\winlogon.exe,0,none,Internal,LAN,,
2026-04-25 06:14:43,WIN-SRV-DC01,Microsoft-Windows-Security-Auditing,Security,4624,An account was successfully logged on,LOCAL,alopez,SRV-MON-001,192.168.1.70,57396,3,C:\\Windows\\System32\\winlogon.exe,0x0,0x0,Successful logon for LOCAL\alopez from 192.168.1.70 using logon type 3,0,none,Internal,LAN,,
2026-04-25 06:16:48,WIN-SRV-FILE01,Microsoft-Windows-Security-Auditing,Security,4624,An account was successfully logged on,CORP,finanzas02,LAP-GER-003,10.10.141.138,63345,10,C:\\Windows\\System32\\WindowsPowerShell\\v1.0\\powershell.exe,0x0,0x0,Successful logon for CORP\finanzas02 from 10.10.141.138 using logon type 10,0,none,Internal,LAN,,
2026-04-25 06:17:41,WIN-SRV-DC01,Microsoft-Windows-Security-Auditing,Security,4624,An account was successfully logged on,CORP,admin.ops,SRV-MON-001,192.168.1.15,57097,7,C:\\Windows\\System32\\WindowsPowerShell\\v1.0\\powershell.exe,0x0,0x0,Successful logon for CORP\admin.ops from 192.168.1.15 using logon type 7,0,none,Internal,LAN,,
2026-04-25 06:18:34,WIN-SRV-DC01,Microsoft-Windows-Security-Auditing,Security,4688,A new process has been created,LOCAL,dtorres,SRV-MON-001,10.10.233.78,57797,3,C:\\Windows\\System32\\WindowsPowerShell\\v1.0\\powershell.exe,0x0,0x0,Process created by LOCAL\dtorres: C:\\Windows\\System32\\WindowsPowerShell\\v1.0\\powershell.exe,0,none,Internal,LAN,,
2026-04-25 06:18:45,WIN10-FIN-014,Microsoft-Windows-Security-Auditing,Security,4688,A new process has been created,EMPRESA,lcastro,PC-RRHH-002,192.168.1.214,51070,7,C:\\Program Files\\Microsoft Defender\\MsMpEng.exe,0x0,0x0,Process created by EMPRESA\lcastro: C:\\Program Files\\Microsoft Defender\\MsMpEng.exe,0,none,Internal,LAN,,
2026-04-25 06:18:47,WIN11-SEC-022,Microsoft-Windows-Security-Auditing,Security,4634,An account was logged off,LOCAL,mgarcia,PC-FIN-001,10.10.47.97,50881,7,C:\\Program Files\\Google\\Chrome\\Application\\chrome.exe,0x0,0x0,Logoff for LOCAL\mgarcia from workstation PC-FIN-001,0,none,Internal,LAN,,
2026-04-25 06:23:15,WIN-SRV-FILE01,Microsoft-Windows-Security-Auditing,Security,4624,An account was successfully logged on,CORP,svc_backup,SRV-MON-001,192.168.1.161,50828,3,C:\\Program Files\\Microsoft Defender\\MsMpEng.exe,0x0,0x0,Successful logon for CORP\svc_backup from 192.168.1.161 using logon type 3,0,none,Internal,LAN,,
2026-04-25 06:23:17,WIN11-SEC-022,Microsoft-Windows-Security-Auditing,Security,4634,An account was logged off,CORP,jperez,PC-RRHH-002,10.10.121.5,58403,3,C:\\Windows\\System32\\WindowsPowerShell\\v1.0\\powershell.exe,0x0,0x0,Logoff for CORP\jperez from workstation PC-RRHH-002,0,none,Internal,LAN,,
2026-04-25 06:23:55,WIN-SRV-DC01,Microsoft-Windows-Security-Auditing,Security,4624,An account was successfully logged on,EMPRESA,mgarcia,PC-FIN-001,172.16.20.83,50933,7,C:\\Program Files\\Google\\Chrome\\Application\\chrome.exe,0x0,0x0,Successful logon for EMPRESA\mgarcia from 172.16.20.83 using logon type 7,0,none,Internal,LAN,,
2026-04-25 06:25:29,WIN11-SEC-022,Microsoft-Windows-Security-Auditing,Security,4624,An account was successfully logged on,LOCAL,finanzas02,PC-RRHH-002,192.168.1.84,63575,2,C:\\Windows\\System32\\winlogon.exe,0x0,0x0,Successful logon for LOCAL\finanzas02 from 192.168.1.84 using logon type 2,0,none,Internal,LAN,,
2026-04-25 06:25:59,WIN-SRV-APP01,Microsoft-Windows-Security-Auditing,Security,4634,An account was logged off,LOCAL,svc_backup,SRV-MON-001,172.16.20.41,60780,2,C:\\Windows\\System32\\WindowsPowerShell\\v1.0\\powershell.exe,0x0,0x0,Logoff for LOCAL\svc_backup from workstation SRV-MON-001,0,none,Internal,LAN,,
2026-04-25 06:27:24,WIN-SRV-FILE01,Microsoft-Windows-Security-Auditing,Security,4634,An account was logged off,CORP,analista01,LAP-GER-003,172.16.20.11,53108,10,C:\\Windows\\System32\\lsass.exe,0x0,0x0,Logoff for CORP\analista01 from workstation LAP-GER-003,0,none,Internal,LAN,,
2026-04-25 06:27:32,WIN-SRV-APP01,Microsoft-Windows-Security-Auditing,Security,4624,An account was successfully logged on,EMPRESA,svc_backup,LAP-GER-003,10.10.115.226,50706,10,C:\\Windows\\System32\\winlogon.exe,0x0,0x0,Successful logon for EMPRESA\svc_backup from 10.10.115.226 using logon type 10,0,none,Internal,LAN,,
2026-04-25 06:29:59,WIN-SRV-FILE01,Microsoft-Windows-Security-Auditing,Security,4624,An account was successfully logged on,LOCAL,dtorres,SRV-MON-001,172.16.20.250,55117,3,C:\\Program Files\\Google\\Chrome\\Application\\chrome.exe,0x0,0x0,Successful logon for LOCAL\dtorres from 172.16.20.250 using logon type 3,0,none,Internal,LAN,,
2026-04-25 06:30:45,WIN-SRV-APP01,Microsoft-Windows-Security-Auditing,Security,4624,An account was successfully logged on,EMPRESA,helpdesk01,PC-FIN-001,192.168.1.207,51688,10,C:\\Program Files\\Microsoft Defender\\MsMpEng.exe,0x0,0x0,Successful logon for EMPRESA\helpdesk01 from 192.168.1.207 using logon type 10,0,none,Internal,LAN,,
2026-04-25 06:30:57,WIN11-SEC-022,Microsoft-Windows-Security-Auditing,Security,4624,An account was successfully logged on,LOCAL,crojas,SRV-MON-001,192.168.1.174,63628,10,C:\\Windows\\System32\\winlogon.exe,0x0,0x0,Successful logon for LOCAL\crojas from 192.168.1.174 using logon type 10,0,none,Internal,LAN,,
2026-04-25 06:32:43,WIN11-SEC-022,Microsoft-Windows-Security-Auditing,Security,4634,An account was logged off,LOCAL,finanzas02,PC-OPS-014,172.16.20.83,50083,3,C:\\Windows\\System32\\svchost.exe,0x0,0x0,Logoff for LOCAL\finanzas02 from workstation PC-OPS-014,0,none,Internal,LAN,,
2026-04-25 06:32:57,WIN11-SEC-022,Microsoft-Windows-Security-Auditing,Security,4624,An account was successfully logged on,CORP,alopez,PC-FIN-001,10.10.232.122,57050,7,C:\\Program Files\\Google\\Chrome\\Application\\chrome.exe,0x0,0x0,Successful logon for CORP\alopez from 10.10.232.122 using logon type 7,0,none,Internal,LAN,,
2026-04-25 06:33:23,WIN11-SEC-022,Microsoft-Windows-Security-Auditing,Security,4634,An account was logged off,CORP,svc_backup,SRV-MON-001,192.168.1.85,50055,3,C:\\Windows\\System32\\lsass.exe,0x0,0x0,Logoff for CORP\svc_backup from workstation SRV-MON-001,0,none,Internal,LAN,,
2026-04-25 06:34:32,WIN11-SEC-022,Microsoft-Windows-Security-Auditing,Security,4648,A logon was attempted using explicit credentials,EMPRESA,crojas,LAP-GER-003,172.16.20.130,49679,7,C:\\Windows\\System32\\lsass.exe,0x0,0x0,Explicit credentials used by EMPRESA\crojas from LAP-GER-003,0,none,Internal,LAN,,
2026-04-25 06:34:34,WIN11-SEC-022,Microsoft-Windows-Security-Auditing,Security,4688,A new process has been created,LOCAL,mgarcia,PC-OPS-014,172.16.20.8,57402,2,C:\\Program Files\\Google\\Chrome\\Application\\chrome.exe,0x0,0x0,Process created by LOCAL\mgarcia: C:\\Program Files\\Google\\Chrome\\Application\\chrome.exe,0,none,Internal,LAN,,
2026-04-25 06:39:30,WIN-SRV-APP01,Microsoft-Windows-Security-Auditing,Security,4624,An account was successfully logged on,CORP,lcastro,PC-OPS-014,192.168.1.201,58199,10,C:\\Windows\\System32\\svchost.exe,0x0,0x0,Successful logon for CORP\lcastro from 192.168.1.201 using logon type 10,0,none,Internal,LAN,,
2026-04-25 06:40:22,WIN11-SEC-022,Microsoft-Windows-Security-Auditing,Security,4624,An account was successfully logged on,EMPRESA,alopez,PC-OPS-014,10.10.203.3,65290,2,C:\\Windows\\System32\\svchost.exe,0x0,0x0,Successful logon for EMPRESA\alopez from 10.10.203.3 using logon type 2,0,none,Internal,LAN,,
2026-04-25 06:41:06,WIN-SRV-DC01,Microsoft-Windows-Security-Auditing,Security,4624,An account was successfully logged on,EMPRESA,alopez,PC-RRHH-002,10.10.213.10,64114,7,C:\\Windows\\System32\\winlogon.exe,0x0,0x0,Successful logon for EMPRESA\alopez from 10.10.213.10 using logon type 7,0,none,Internal,LAN,,
2026-04-25 06:41:13,WIN10-FIN-014,Microsoft-Windows-Security-Auditing,Security,4624,An account was successfully logged on,LOCAL,finanzas02,LAP-GER-003,10.10.106.23,61793,2,C:\\Windows\\System32\\cmd.exe,0x0,0x0,Successful logon for LOCAL\finanzas02 from 10.10.106.23 using logon type 2,0,none,Internal,LAN,,
2026-04-25 06:41:21,WIN10-FIN-014,Microsoft-Windows-Security-Auditing,Security,4688,A new process has been created,LOCAL,helpdesk01,LAP-GER-003,172.16.20.66,58032,10,C:\\Program Files\\Google\\Chrome\\Application\\chrome.exe,0x0,0x0,Process created by LOCAL\helpdesk01: C:\\Program Files\\Google\\Chrome\\Application\\chrome.exe,0,none,Internal,LAN,,
2026-04-25 06:41:52,WIN-SRV-FILE01,Microsoft-Windows-Security-Auditing,Security,4624,An account was successfully logged on,CORP,crojas,PC-RRHH-002,172.16.20.148,53704,3,C:\\Windows\\System32\\WindowsPowerShell\\v1.0\\powershell.exe,0x0,0x0,Successful logon for CORP\crojas from 172.16.20.148 using logon type 3,0,none,Internal,LAN,,
2026-04-25 06:42:05,WIN-SRV-APP01,Microsoft-Windows-Security-Auditing,Security,4624,An account was successfully logged on,EMPRESA,alopez,LAP-GER-003,10.10.39.153,50635,2,C:\\Windows\\System32\\cmd.exe,0x0,0x0,Successful logon for EMPRESA\alopez from 10.10.39.153 using logon type 2,0,none,Internal,LAN,,
2026-04-25 06:43:06,WIN10-FIN-014,Microsoft-Windows-Security-Auditing,Security,4624,An account was successfully logged on,CORP,svc_monitor,PC-OPS-014,10.10.180.72,61185,10,C:\\Windows\\System32\\cmd.exe,0x0,0x0,Successful logon for CORP\svc_monitor from 10.10.180.72 using logon type 10,0,none,Internal,LAN,,
2026-04-25 06:47:00,WIN-SRV-DC01,Microsoft-Windows-Security-Auditing,Security,4672,Special privileges assigned to new logon,EMPRESA,svc_monitor,PC-FIN-001,172.16.20.26,61114,2,C:\\Windows\\System32\\WindowsPowerShell\\v1.0\\powershell.exe,0x0,0x0,Special privileges assigned to EMPRESA\svc_monitor,0,none,Internal,LAN,,
2026-04-25 06:48:16,WIN-SRV-DC01,Microsoft-Windows-Security-Auditing,Security,4634,An account was logged off,CORP,svc_monitor,PC-OPS-014,172.16.20.68,59465,3,C:\\Windows\\System32\\cmd.exe,0x0,0x0,Logoff for CORP\svc_monitor from workstation PC-OPS-014,0,none,Internal,LAN,,
2026-04-25 06:48:16,WIN-SRV-DC01,Microsoft-Windows-Security-Auditing,Security,4624,An account was successfully logged on,LOCAL,finanzas02,PC-RRHH-002,192.168.1.177,52800,2,C:\\Windows\\System32\\winlogon.exe,0x0,0x0,Successful logon for LOCAL\finanzas02 from 192.168.1.177 using logon type 2,0,none,Internal,LAN,,
2026-04-25 06:49:00,WIN-SRV-FILE01,Microsoft-Windows-Security-Auditing,Security,4624,An account was successfully logged on,EMPRESA,dtorres,SRV-MON-001,192.168.1.136,60995,3,C:\\Windows\\System32\\winlogon.exe,0x0,0x0,Successful logon for EMPRESA\dtorres from 192.168.1.136 using logon type 3,0,none,Internal,LAN,,
2026-04-25 06:50:13,WIN-SRV-FILE01,Microsoft-Windows-Security-Auditing,Security,4672,Special privileges assigned to new logon,CORP,svc_backup,PC-OPS-014,192.168.1.250,55785,2,C:\\Windows\\System32\\cmd.exe,0x0,0x0,Special privileges assigned to CORP\svc_backup,0,none,Internal,LAN,,
2026-04-25 06:50:36,WIN-SRV-DC01,Microsoft-Windows-Security-Auditing,Security,4634,An account was logged off,LOCAL,alopez,PC-FIN-001,172.16.20.221,50386,7,C:\\Windows\\System32\\winlogon.exe,0x0,0x0,Logoff for LOCAL\alopez from workstation PC-FIN-001,0,none,Internal,LAN,,
2026-04-25 06:51:46,WIN-SRV-APP01,Microsoft-Windows-Security-Auditing,Security,4688,A new process has been created,CORP,mgarcia,PC-FIN-001,10.10.158.201,54436,3,C:\\Windows\\System32\\WindowsPowerShell\\v1.0\\powershell.exe,0x0,0x0,Process created by CORP\mgarcia: C:\\Windows\\System32\\WindowsPowerShell\\v1.0\\powershell.exe,0,none,Internal,LAN,,
2026-04-25 06:53:45,WIN-SRV-DC01,Microsoft-Windows-Security-Auditing,Security,4624,An account was successfully logged on,CORP,dtorres,LAP-GER-003,10.10.54.2,54078,2,C:\\Windows\\System32\\cmd.exe,0x0,0x0,Successful logon for CORP\dtorres from 10.10.54.2 using logon type 2,0,none,Internal,LAN,,
2026-04-25 06:57:26,WIN10-FIN-014,Microsoft-Windows-Security-Auditing,Security,4624,An account was successfully logged on,EMPRESA,jperez,SRV-MON-001,192.168.1.127,62940,10,C:\\Windows\\System32\\svchost.exe,0x0,0x0,Successful logon for EMPRESA\jperez from 192.168.1.127 using logon type 10,0,none,Internal,LAN,,
2026-04-25 06:59:12,WIN-SRV-FILE01,Microsoft-Windows-Security-Auditing,Security,4624,An account was successfully logged on,LOCAL,svc_monitor,PC-RRHH-002,10.10.70.145,64292,3,C:\\Windows\\System32\\cmd.exe,0x0,0x0,Successful logon for LOCAL\svc_monitor from 10.10.70.145 using logon type 3,0,none,Internal,LAN,,
2026-04-25 07:01:15,WIN11-SEC-022,Microsoft-Windows-Security-Auditing,Security,4624,An account was successfully logged on,LOCAL,svc_monitor,PC-OPS-014,10.10.218.190,60482,3,C:\\Windows\\System32\\cmd.exe,0x0,0x0,Successful logon for LOCAL\svc_monitor from 10.10.218.190 using logon type 3,0,none,Internal,LAN,,
2026-04-25 07:02:30,WIN-SRV-FILE01,Microsoft-Windows-Security-Auditing,Security,4624,An account was successfully logged on,EMPRESA,jperez,PC-RRHH-002,192.168.1.197,60781,7,C:\\Program Files\\Google\\Chrome\\Application\\chrome.exe,0x0,0x0,Successful logon for EMPRESA\jperez from 192.168.1.197 using logon type 7,0,none,Internal,LAN,,
2026-04-25 07:03:03,WIN11-SEC-022,Microsoft-Windows-Security-Auditing,Security,4634,An account was logged off,LOCAL,admin.ops,PC-OPS-014,192.168.1.182,49330,3,C:\\Windows\\System32\\winlogon.exe,0x0,0x0,Logoff for LOCAL\admin.ops from workstation PC-OPS-014,0,none,Internal,LAN,,
2026-04-25 07:03:39,WIN-SRV-FILE01,Microsoft-Windows-Security-Auditing,Security,4624,An account was successfully logged on,CORP,admin.ops,PC-FIN-001,192.168.1.51,64552,10,C:\\Windows\\System32\\lsass.exe,0x0,0x0,Successful logon for CORP\admin.ops from 192.168.1.51 using logon type 10,0,none,Internal,LAN,,
2026-04-25 07:05:51,WIN-SRV-APP01,Microsoft-Windows-Security-Auditing,Security,4624,An account was successfully logged on,LOCAL,jperez,PC-RRHH-002,10.10.202.121,62461,10,C:\\Windows\\System32\\WindowsPowerShell\\v1.0\\powershell.exe,0x0,0x0,Successful logon for LOCAL\jperez from 10.10.202.121 using logon type 10,0,none,Internal,LAN,,
2026-04-25 07:05:54,WIN-SRV-FILE01,Microsoft-Windows-Security-Auditing,Security,4688,A new process has been created,EMPRESA,jperez,PC-RRHH-002,172.16.20.218,56798,7,C:\\Program Files\\Microsoft Defender\\MsMpEng.exe,0x0,0x0,Process created by EMPRESA\jperez: C:\\Program Files\\Microsoft Defender\\MsMpEng.exe,0,none,Internal,LAN,,
2026-04-25 07:06:01,WIN-SRV-DC01,Microsoft-Windows-Security-Auditing,Security,4624,An account was successfully logged on,CORP,jperez,PC-OPS-014,172.16.20.133,56766,3,C:\\Windows\\System32\\winlogon.exe,0x0,0x0,Successful logon for CORP\jperez from 172.16.20.133 using logon type 3,0,none,Internal,LAN,,
2026-04-25 07:06:25,WIN11-SEC-022,Microsoft-Windows-Security-Auditing,Security,4688,A new process has been created,LOCAL,analista01,SRV-MON-001,192.168.1.92,57489,2,C:\\Windows\\System32\\WindowsPowerShell\\v1.0\\powershell.exe,0x0,0x0,Process created by LOCAL\analista01: C:\\Windows\\System32\\WindowsPowerShell\\v1.0\\powershell.exe,0,none,Internal,LAN,,
2026-04-25 07:06:46,WIN11-SEC-022,Microsoft-Windows-Security-Auditing,Security,4634,An account was logged off,EMPRESA,svc_monitor,SRV-MON-001,192.168.1.178,53303,7,C:\\Windows\\System32\\lsass.exe,0x0,0x0,Logoff for EMPRESA\svc_monitor from workstation SRV-MON-001,0,none,Internal,LAN,,
2026-04-25 07:09:22,WIN-SRV-FILE01,Microsoft-Windows-Security-Auditing,Security,4688,A new process has been created,LOCAL,svc_backup,SRV-MON-001,192.168.1.9,58534,7,C:\\Windows\\System32\\svchost.exe,0x0,0x0,Process created by LOCAL\svc_backup: C:\\Windows\\System32\\svchost.exe,0,none,Internal,LAN,,
2026-04-25 07:11:26,WIN10-FIN-014,Microsoft-Windows-Security-Auditing,Security,4634,An account was logged off,LOCAL,jperez,PC-FIN-001,192.168.1.59,60577,7,C:\\Program Files\\Microsoft Defender\\MsMpEng.exe,0x0,0x0,Logoff for LOCAL\jperez from workstation PC-FIN-001,0,none,Internal,LAN,,
2026-04-25 07:11:56,WIN-SRV-DC01,Microsoft-Windows-Security-Auditing,Security,4688,A new process has been created,EMPRESA,analista01,PC-FIN-001,172.16.20.135,54091,3,C:\\Windows\\System32\\svchost.exe,0x0,0x0,Process created by EMPRESA\analista01: C:\\Windows\\System32\\svchost.exe,0,none,Internal,LAN,,
2026-04-25 07:12:02,WIN10-FIN-014,Microsoft-Windows-Security-Auditing,Security,4688,A new process has been created,EMPRESA,crojas,SRV-MON-001,192.168.1.147,61562,2,C:\\Windows\\System32\\WindowsPowerShell\\v1.0\\powershell.exe,0x0,0x0,Process created by EMPRESA\crojas: C:\\Windows\\System32\\WindowsPowerShell\\v1.0\\powershell.exe,0,none,Internal,LAN,,
2026-04-25 07:13:02,WIN-SRV-APP01,Microsoft-Windows-Security-Auditing,Security,4648,A logon was attempted using explicit credentials,EMPRESA,helpdesk01,LAP-GER-003,10.10.127.239,61690,3,C:\\Program Files\\Google\\Chrome\\Application\\chrome.exe,0x0,0x0,Explicit credentials used by EMPRESA\helpdesk01 from LAP-GER-003,0,none,Internal,LAN,,
2026-04-25 07:15:06,WIN-SRV-APP01,Microsoft-Windows-Security-Auditing,Security,4634,An account was logged off,CORP,jperez,PC-OPS-014,10.10.253.105,51427,7,C:\\Program Files\\Google\\Chrome\\Application\\chrome.exe,0x0,0x0,Logoff for CORP\jperez from workstation PC-OPS-014,0,none,Internal,LAN,,
2026-04-25 07:20:37,WIN-SRV-DC01,Microsoft-Windows-Security-Auditing,Security,4648,A logon was attempted using explicit credentials,LOCAL,jperez,SRV-MON-001,10.10.137.59,60306,7,C:\\Windows\\System32\\lsass.exe,0x0,0x0,Explicit credentials used by LOCAL\jperez from SRV-MON-001,0,none,Internal,LAN,,
2026-04-25 07:24:18,WIN11-SEC-022,Microsoft-Windows-Security-Auditing,Security,4624,An account was successfully logged on,CORP,jperez,LAP-GER-003,192.168.1.193,50955,7,C:\\Program Files\\Microsoft Defender\\MsMpEng.exe,0x0,0x0,Successful logon for CORP\jperez from 192.168.1.193 using logon type 7,0,none,Internal,LAN,,
2026-04-25 07:24:38,WIN10-FIN-014,Microsoft-Windows-Security-Auditing,Security,4624,An account was successfully logged on,EMPRESA,svc_monitor,PC-OPS-014,192.168.1.43,63077,10,C:\\Windows\\System32\\WindowsPowerShell\\v1.0\\powershell.exe,0x0,0x0,Successful logon for EMPRESA\svc_monitor from 192.168.1.43 using logon type 10,0,none,Internal,LAN,,
2026-04-25 07:24:42,WIN10-FIN-014,Microsoft-Windows-Security-Auditing,Security,4624,An account was successfully logged on,CORP,admin.ops,PC-RRHH-002,10.10.157.4,55681,3,C:\\Windows\\System32\\cmd.exe,0x0,0x0,Successful logon for CORP\admin.ops from 10.10.157.4 using logon type 3,0,none,Internal,LAN,,
2026-04-25 07:25:13,WIN-SRV-APP01,Microsoft-Windows-Security-Auditing,Security,4634,An account was logged off,EMPRESA,svc_monitor,PC-FIN-001,192.168.1.52,50989,2,C:\\Program Files\\Microsoft Defender\\MsMpEng.exe,0x0,0x0,Logoff for EMPRESA\svc_monitor from workstation PC-FIN-001,0,none,Internal,LAN,,
2026-04-25 07:25:42,WIN11-SEC-022,Microsoft-Windows-Security-Auditing,Security,4634,An account was logged off,LOCAL,dtorres,SRV-MON-001,172.16.20.131,61365,3,C:\\Program Files\\Microsoft Defender\\MsMpEng.exe,0x0,0x0,Logoff for LOCAL\dtorres from workstation SRV-MON-001,0,none,Internal,LAN,,
2026-04-25 07:32:02,WIN10-FIN-014,Microsoft-Windows-Security-Auditing,Security,4688,A new process has been created,LOCAL,svc_monitor,PC-FIN-001,192.168.1.242,62110,7,C:\\Windows\\System32\\WindowsPowerShell\\v1.0\\powershell.exe,0x0,0x0,Process created by LOCAL\svc_monitor: C:\\Windows\\System32\\WindowsPowerShell\\v1.0\\powershell.exe,0,none,Internal,LAN,,
2026-04-25 07:33:43,WIN11-SEC-022,Microsoft-Windows-Security-Auditing,Security,4688,A new process has been created,LOCAL,analista01,LAP-GER-003,10.10.174.101,60606,7,C:\\Windows\\System32\\cmd.exe,0x0,0x0,Process created by LOCAL\analista01: C:\\Windows\\System32\\cmd.exe,0,none,Internal,LAN,,
2026-04-25 07:34:28,WIN-SRV-FILE01,Microsoft-Windows-Security-Auditing,Security,4624,An account was successfully logged on,CORP,mgarcia,SRV-MON-001,172.16.20.186,53703,10,C:\\Program Files\\Google\\Chrome\\Application\\chrome.exe,0x0,0x0,Successful logon for CORP\mgarcia from 172.16.20.186 using logon type 10,0,none,Internal,LAN,,
2026-04-25 07:36:01,WIN-SRV-FILE01,Microsoft-Windows-Security-Auditing,Security,4634,An account was logged off,LOCAL,lcastro,SRV-MON-001,10.10.59.255,53360,2,C:\\Windows\\System32\\cmd.exe,0x0,0x0,Logoff for LOCAL\lcastro from workstation SRV-MON-001,0,none,Internal,LAN,,
2026-04-25 07:36:35,WIN-SRV-DC01,Microsoft-Windows-Security-Auditing,Security,4624,An account was successfully logged on,CORP,helpdesk01,PC-RRHH-002,192.168.1.243,52726,10,C:\\Windows\\System32\\svchost.exe,0x0,0x0,Successful logon for CORP\helpdesk01 from 192.168.1.243 using logon type 10,0,none,Internal,LAN,,
2026-04-25 07:38:25,WIN-SRV-APP01,Microsoft-Windows-Security-Auditing,Security,4624,An account was successfully logged on,CORP,finanzas02,PC-FIN-001,192.168.1.96,54645,10,C:\\Windows\\System32\\cmd.exe,0x0,0x0,Successful logon for CORP\finanzas02 from 192.168.1.96 using logon type 10,0,none,Internal,LAN,,
2026-04-25 07:39:35,WIN-SRV-FILE01,Microsoft-Windows-Security-Auditing,Security,4624,An account was successfully logged on,LOCAL,svc_monitor,PC-RRHH-002,192.168.1.32,61226,3,C:\\Windows\\System32\\WindowsPowerShell\\v1.0\\powershell.exe,0x0,0x0,Successful logon for LOCAL\svc_monitor from 192.168.1.32 using logon type 3,0,none,Internal,LAN,,
2026-04-25 07:40:57,WIN-SRV-APP01,Microsoft-Windows-Security-Auditing,Security,4624,An account was successfully logged on,EMPRESA,crojas,PC-OPS-014,192.168.1.215,64289,7,C:\\Program Files\\Google\\Chrome\\Application\\chrome.exe,0x0,0x0,Successful logon for EMPRESA\crojas from 192.168.1.215 using logon type 7,0,none,Internal,LAN,,
2026-04-25 07:41:18,WIN-SRV-APP01,Microsoft-Windows-Security-Auditing,Security,4624,An account was successfully logged on,LOCAL,jperez,LAP-GER-003,10.10.60.167,64479,2,C:\\Windows\\System32\\lsass.exe,0x0,0x0,Successful logon for LOCAL\jperez from 10.10.60.167 using logon type 2,0,none,Internal,LAN,,
2026-04-25 07:42:16,WIN-SRV-APP01,Microsoft-Windows-Security-Auditing,Security,4624,An account was successfully logged on,EMPRESA,jperez,PC-OPS-014,192.168.1.155,59426,2,C:\\Windows\\System32\\svchost.exe,0x0,0x0,Successful logon for EMPRESA\jperez from 192.168.1.155 using logon type 2,0,none,Internal,LAN,,
2026-04-25 07:43:14,WIN-SRV-DC01,Microsoft-Windows-Security-Auditing,Security,4624,An account was successfully logged on,CORP,finanzas02,SRV-MON-001,192.168.1.34,59802,10,C:\\Windows\\System32\\lsass.exe,0x0,0x0,Successful logon for CORP\finanzas02 from 192.168.1.34 using logon type 10,0,none,Internal,LAN,,
2026-04-25 07:43:29,WIN10-FIN-014,Microsoft-Windows-Security-Auditing,Security,4624,An account was successfully logged on,CORP,dtorres,PC-FIN-001,192.168.1.170,56225,7,C:\\Program Files\\Google\\Chrome\\Application\\chrome.exe,0x0,0x0,Successful logon for CORP\dtorres from 192.168.1.170 using logon type 7,0,none,Internal,LAN,,
2026-04-25 07:44:01,WIN10-FIN-014,Microsoft-Windows-Security-Auditing,Security,4624,An account was successfully logged on,CORP,mgarcia,SRV-MON-001,192.168.1.58,56087,10,C:\\Windows\\System32\\WindowsPowerShell\\v1.0\\powershell.exe,0x0,0x0,Successful logon for CORP\mgarcia from 192.168.1.58 using logon type 10,0,none,Internal,LAN,,
2026-04-25 07:44:21,WIN10-FIN-014,Microsoft-Windows-Security-Auditing,Security,4624,An account was successfully logged on,EMPRESA,crojas,LAP-GER-003,10.10.184.186,59982,3,C:\\Windows\\System32\\lsass.exe,0x0,0x0,Successful logon for EMPRESA\crojas from 10.10.184.186 using logon type 3,0,none,Internal,LAN,,
2026-04-25 07:45:33,WIN-SRV-FILE01,Microsoft-Windows-Security-Auditing,Security,4634,An account was logged off,EMPRESA,alopez,PC-OPS-014,172.16.20.145,50329,3,C:\\Program Files\\Google\\Chrome\\Application\\chrome.exe,0x0,0x0,Logoff for EMPRESA\alopez from workstation PC-OPS-014,0,none,Internal,LAN,,
2026-04-25 07:45:45,WIN-SRV-DC01,Microsoft-Windows-Security-Auditing,Security,4624,An account was successfully logged on,CORP,crojas,PC-OPS-014,192.168.1.150,55481,3,C:\\Program Files\\Google\\Chrome\\Application\\chrome.exe,0x0,0x0,Successful logon for CORP\crojas from 192.168.1.150 using logon type 3,0,none,Internal,LAN,,
2026-04-25 07:46:12,WIN-SRV-APP01,Microsoft-Windows-Security-Auditing,Security,4634,An account was logged off,CORP,analista01,PC-OPS-014,10.10.118.211,49827,3,C:\\Windows\\System32\\svchost.exe,0x0,0x0,Logoff for CORP\analista01 from workstation PC-OPS-014,0,none,Internal,LAN,,
2026-04-25 07:47:08,WIN10-FIN-014,Microsoft-Windows-Security-Auditing,Security,4624,An account was successfully logged on,LOCAL,helpdesk01,SRV-MON-001,172.16.20.31,57214,7,C:\\Windows\\System32\\svchost.exe,0x0,0x0,Successful logon for LOCAL\helpdesk01 from 172.16.20.31 using logon type 7,0,none,Internal,LAN,,
2026-04-25 07:48:23,WIN-SRV-APP01,Microsoft-Windows-Security-Auditing,Security,4624,An account was successfully logged on,CORP,mgarcia,PC-RRHH-002,172.16.20.241,57719,10,C:\\Windows\\System32\\WindowsPowerShell\\v1.0\\powershell.exe,0x0,0x0,Successful logon for CORP\mgarcia from 172.16.20.241 using logon type 10,0,none,Internal,LAN,,
2026-04-25 07:52:05,WIN10-FIN-014,Microsoft-Windows-Security-Auditing,Security,4634,An account was logged off,LOCAL,analista01,PC-OPS-014,10.10.10.147,56034,10,C:\\Windows\\System32\\svchost.exe,0x0,0x0,Logoff for LOCAL\analista01 from workstation PC-OPS-014,0,none,Internal,LAN,,
2026-04-25 07:54:42,WIN10-FIN-014,Microsoft-Windows-Security-Auditing,Security,4634,An account was logged off,CORP,helpdesk01,LAP-GER-003,10.10.78.105,51254,10,C:\\Program Files\\Microsoft Defender\\MsMpEng.exe,0x0,0x0,Logoff for CORP\helpdesk01 from workstation LAP-GER-003,0,none,Internal,LAN,,
2026-04-25 07:55:07,WIN10-FIN-014,Microsoft-Windows-Security-Auditing,Security,4634,An account was logged off,CORP,dtorres,LAP-GER-003,10.10.173.196,58946,3,C:\\Windows\\System32\\cmd.exe,0x0,0x0,Logoff for CORP\dtorres from workstation LAP-GER-003,0,none,Internal,LAN,,
2026-04-25 07:55:11,WIN11-SEC-022,Microsoft-Windows-Security-Auditing,Security,4624,An account was successfully logged on,LOCAL,svc_monitor,PC-FIN-001,10.10.95.45,62171,2,C:\\Windows\\System32\\svchost.exe,0x0,0x0,Successful logon for LOCAL\svc_monitor from 10.10.95.45 using logon type 2,0,none,Internal,LAN,,
2026-04-25 07:56:17,WIN-SRV-APP01,Microsoft-Windows-Security-Auditing,Security,4624,An account was successfully logged on,EMPRESA,svc_monitor,LAP-GER-003,172.16.20.101,56406,3,C:\\Program Files\\Microsoft Defender\\MsMpEng.exe,0x0,0x0,Successful logon for EMPRESA\svc_monitor from 172.16.20.101 using logon type 3,0,none,Internal,LAN,,
2026-04-25 07:56:54,WIN10-FIN-014,Microsoft-Windows-Security-Auditing,Security,4624,An account was successfully logged on,CORP,dtorres,PC-RRHH-002,172.16.20.146,61561,3,C:\\Program Files\\Microsoft Defender\\MsMpEng.exe,0x0,0x0,Successful logon for CORP\dtorres from 172.16.20.146 using logon type 3,0,none,Internal,LAN,,
2026-04-25 07:58:12,WIN-SRV-APP01,Microsoft-Windows-Security-Auditing,Security,4624,An account was successfully logged on,LOCAL,svc_monitor,SRV-MON-001,10.10.236.102,52936,10,C:\\Program Files\\Google\\Chrome\\Application\\chrome.exe,0x0,0x0,Successful logon for LOCAL\svc_monitor from 10.10.236.102 using logon type 10,0,none,Internal,LAN,,
2026-04-25 07:58:48,WIN-SRV-FILE01,Microsoft-Windows-Security-Auditing,Security,4688,A new process has been created,LOCAL,alopez,PC-OPS-014,172.16.20.150,62009,2,C:\\Windows\\System32\\WindowsPowerShell\\v1.0\\powershell.exe,0x0,0x0,Process created by LOCAL\alopez: C:\\Windows\\System32\\WindowsPowerShell\\v1.0\\powershell.exe,0,none,Internal,LAN,,
2026-04-25 07:59:14,WIN-SRV-FILE01,Microsoft-Windows-Security-Auditing,Security,4624,An account was successfully logged on,CORP,alopez,PC-OPS-014,172.16.20.76,60515,3,C:\\Windows\\System32\\svchost.exe,0x0,0x0,Successful logon for CORP\alopez from 172.16.20.76 using logon type 3,0,none,Internal,LAN,,
2026-04-25 08:01:42,WIN-SRV-FILE01,Microsoft-Windows-Security-Auditing,Security,4688,A new process has been created,CORP,mgarcia,SRV-MON-001,172.16.20.228,63184,3,C:\\Windows\\System32\\winlogon.exe,0x0,0x0,Process created by CORP\mgarcia: C:\\Windows\\System32\\winlogon.exe,0,none,Internal,LAN,,
2026-04-25 08:02:34,WIN-SRV-APP01,Microsoft-Windows-Security-Auditing,Security,4624,An account was successfully logged on,CORP,dtorres,LAP-GER-003,172.16.20.19,54625,10,C:\\Windows\\System32\\svchost.exe,0x0,0x0,Successful logon for CORP\dtorres from 172.16.20.19 using logon type 10,0,none,Internal,LAN,,
2026-04-25 08:04:25,WIN-SRV-DC01,Microsoft-Windows-Security-Auditing,Security,4624,An account was successfully logged on,CORP,finanzas02,PC-RRHH-002,10.10.167.112,65491,7,C:\\Windows\\System32\\svchost.exe,0x0,0x0,Successful logon for CORP\finanzas02 from 10.10.167.112 using logon type 7,0,none,Internal,LAN,,
2026-04-25 08:06:32,WIN-SRV-APP01,Microsoft-Windows-Security-Auditing,Security,4624,An account was successfully logged on,CORP,analista01,PC-RRHH-002,172.16.20.36,61572,10,C:\\Windows\\System32\\lsass.exe,0x0,0x0,Successful logon for CORP\analista01 from 172.16.20.36 using logon type 10,0,none,Internal,LAN,,
2026-04-25 08:06:58,WIN-SRV-DC01,Microsoft-Windows-Security-Auditing,Security,4634,An account was logged off,EMPRESA,analista01,PC-OPS-014,172.16.20.52,63671,2,C:\\Windows\\System32\\lsass.exe,0x0,0x0,Logoff for EMPRESA\analista01 from workstation PC-OPS-014,0,none,Internal,LAN,,
2026-04-25 08:09:14,WIN10-FIN-014,Microsoft-Windows-Security-Auditing,Security,4624,An account was successfully logged on,EMPRESA,finanzas02,SRV-MON-001,10.10.132.201,64343,3,C:\\Program Files\\Google\\Chrome\\Application\\chrome.exe,0x0,0x0,Successful logon for EMPRESA\finanzas02 from 10.10.132.201 using logon type 3,0,none,Internal,LAN,,
2026-04-25 08:09:50,WIN-SRV-FILE01,Microsoft-Windows-Security-Auditing,Security,4624,An account was successfully logged on,CORP,helpdesk01,PC-RRHH-002,172.16.20.183,55697,7,C:\\Windows\\System32\\winlogon.exe,0x0,0x0,Successful logon for CORP\helpdesk01 from 172.16.20.183 using logon type 7,0,none,Internal,LAN,,
2026-04-25 08:12:07,WIN10-FIN-014,Microsoft-Windows-Security-Auditing,Security,4688,A new process has been created,EMPRESA,svc_backup,PC-OPS-014,10.10.204.117,62624,10,C:\\Program Files\\Google\\Chrome\\Application\\chrome.exe,0x0,0x0,Process created by EMPRESA\svc_backup: C:\\Program Files\\Google\\Chrome\\Application\\chrome.exe,0,none,Internal,LAN,,
2026-04-25 08:13:32,WIN-SRV-APP01,Microsoft-Windows-Security-Auditing,Security,4624,An account was successfully logged on,EMPRESA,dtorres,PC-FIN-001,192.168.1.253,50501,10,C:\\Program Files\\Google\\Chrome\\Application\\chrome.exe,0x0,0x0,Successful logon for EMPRESA\dtorres from 192.168.1.253 using logon type 10,0,none,Internal,LAN,,
2026-04-25 08:15:42,WIN-SRV-FILE01,Microsoft-Windows-Security-Auditing,Security,4624,An account was successfully logged on,LOCAL,dtorres,PC-OPS-014,10.10.215.163,58299,3,C:\\Windows\\System32\\cmd.exe,0x0,0x0,Successful logon for LOCAL\dtorres from 10.10.215.163 using logon type 3,0,none,Internal,LAN,,
2026-04-25 08:16:08,WIN10-FIN-014,Microsoft-Windows-Security-Auditing,Security,4624,An account was successfully logged on,EMPRESA,crojas,SRV-MON-001,172.16.20.65,55318,2,C:\\Windows\\System32\\svchost.exe,0x0,0x0,Successful logon for EMPRESA\crojas from 172.16.20.65 using logon type 2,0,none,Internal,LAN,,
2026-04-25 08:18:08,WIN11-SEC-022,Microsoft-Windows-Security-Auditing,Security,4624,An account was successfully logged on,LOCAL,alopez,SRV-MON-001,192.168.1.184,62151,10,C:\\Program Files\\Google\\Chrome\\Application\\chrome.exe,0x0,0x0,Successful logon for LOCAL\alopez from 192.168.1.184 using logon type 10,0,none,Internal,LAN,,
2026-04-25 08:18:08,WIN-SRV-APP01,Microsoft-Windows-Security-Auditing,Security,4624,An account was successfully logged on,CORP,svc_monitor,PC-RRHH-002,192.168.1.178,58072,10,C:\\Program Files\\Microsoft Defender\\MsMpEng.exe,0x0,0x0,Successful logon for CORP\svc_monitor from 192.168.1.178 using logon type 10,0,none,Internal,LAN,,
2026-04-25 08:19:49,WIN-SRV-APP01,Microsoft-Windows-Security-Auditing,Security,4688,A new process has been created,CORP,svc_monitor,PC-OPS-014,192.168.1.36,51227,7,C:\\Windows\\System32\\winlogon.exe,0x0,0x0,Process created by CORP\svc_monitor: C:\\Windows\\System32\\winlogon.exe,0,none,Internal,LAN,,
2026-04-25 08:21:12,WIN-SRV-APP01,Microsoft-Windows-Security-Auditing,Security,4624,An account was successfully logged on,CORP,svc_monitor,PC-OPS-014,172.16.20.139,59112,3,C:\\Windows\\System32\\WindowsPowerShell\\v1.0\\powershell.exe,0x0,0x0,Successful logon for CORP\svc_monitor from 172.16.20.139 using logon type 3,0,none,Internal,LAN,,
2026-04-25 08:22:08,WIN-SRV-APP01,Microsoft-Windows-Security-Auditing,Security,4688,A new process has been created,CORP,crojas,PC-FIN-001,10.10.89.114,63642,3,C:\\Program Files\\Google\\Chrome\\Application\\chrome.exe,0x0,0x0,Process created by CORP\crojas: C:\\Program Files\\Google\\Chrome\\Application\\chrome.exe,0,none,Internal,LAN,,
2026-04-25 08:22:27,WIN10-FIN-014,Microsoft-Windows-Security-Auditing,Security,4634,An account was logged off,EMPRESA,alopez,LAP-GER-003,192.168.1.7,59341,3,C:\\Windows\\System32\\cmd.exe,0x0,0x0,Logoff for EMPRESA\alopez from workstation LAP-GER-003,0,none,Internal,LAN,,
2026-04-25 08:24:36,WIN10-FIN-014,Microsoft-Windows-Security-Auditing,Security,4634,An account was logged off,EMPRESA,crojas,PC-FIN-001,192.168.1.100,56092,10,C:\\Program Files\\Google\\Chrome\\Application\\chrome.exe,0x0,0x0,Logoff for EMPRESA\crojas from workstation PC-FIN-001,0,none,Internal,LAN,,
2026-04-25 08:24:49,WIN10-FIN-014,Microsoft-Windows-Security-Auditing,Security,4634,An account was logged off,CORP,analista01,SRV-MON-001,10.10.41.96,59199,3,C:\\Windows\\System32\\lsass.exe,0x0,0x0,Logoff for CORP\analista01 from workstation SRV-MON-001,0,none,Internal,LAN,,
2026-04-25 08:24:57,WIN11-SEC-022,Microsoft-Windows-Security-Auditing,Security,4624,An account was successfully logged on,EMPRESA,dtorres,PC-FIN-001,10.10.168.2,58733,7,C:\\Program Files\\Google\\Chrome\\Application\\chrome.exe,0x0,0x0,Successful logon for EMPRESA\dtorres from 10.10.168.2 using logon type 7,0,none,Internal,LAN,,
2026-04-25 08:25:52,WIN10-FIN-014,Microsoft-Windows-Security-Auditing,Security,4624,An account was successfully logged on,CORP,svc_backup,PC-OPS-014,192.168.1.102,60041,2,C:\\Windows\\System32\\WindowsPowerShell\\v1.0\\powershell.exe,0x0,0x0,Successful logon for CORP\svc_backup from 192.168.1.102 using logon type 2,0,none,Internal,LAN,,
2026-04-25 08:27:54,WIN-SRV-APP01,Microsoft-Windows-Security-Auditing,Security,4624,An account was successfully logged on,EMPRESA,svc_backup,PC-OPS-014,172.16.20.33,55858,10,C:\\Program Files\\Microsoft Defender\\MsMpEng.exe,0x0,0x0,Successful logon for EMPRESA\svc_backup from 172.16.20.33 using logon type 10,0,none,Internal,LAN,,
2026-04-25 08:28:35,WIN11-SEC-022,Microsoft-Windows-Security-Auditing,Security,4634,An account was logged off,LOCAL,crojas,PC-OPS-014,192.168.1.187,51500,7,C:\\Program Files\\Google\\Chrome\\Application\\chrome.exe,0x0,0x0,Logoff for LOCAL\crojas from workstation PC-OPS-014,0,none,Internal,LAN,,
2026-04-25 08:28:47,WIN-SRV-DC01,Microsoft-Windows-Security-Auditing,Security,4634,An account was logged off,LOCAL,helpdesk01,PC-OPS-014,192.168.1.115,65062,7,C:\\Windows\\System32\\cmd.exe,0x0,0x0,Logoff for LOCAL\helpdesk01 from workstation PC-OPS-014,0,none,Internal,LAN,,
2026-04-25 08:28:53,WIN-SRV-APP01,Microsoft-Windows-Security-Auditing,Security,4634,An account was logged off,CORP,alopez,SRV-MON-001,192.168.1.195,59610,2,C:\\Program Files\\Microsoft Defender\\MsMpEng.exe,0x0,0x0,Logoff for CORP\alopez from workstation SRV-MON-001,0,none,Internal,LAN,,
2026-04-25 08:29:12,WIN-SRV-DC01,Microsoft-Windows-Security-Auditing,Security,4624,An account was successfully logged on,EMPRESA,crojas,PC-RRHH-002,172.16.20.159,62049,10,C:\\Program Files\\Google\\Chrome\\Application\\chrome.exe,0x0,0x0,Successful logon for EMPRESA\crojas from 172.16.20.159 using logon type 10,0,none,Internal,LAN,,
2026-04-25 08:29:12,WIN-SRV-DC01,Microsoft-Windows-Security-Auditing,Security,4634,An account was logged off,CORP,alopez,PC-FIN-001,172.16.20.83,57241,7,C:\\Program Files\\Google\\Chrome\\Application\\chrome.exe,0x0,0x0,Logoff for CORP\alopez from workstation PC-FIN-001,0,none,Internal,LAN,,
2026-04-25 08:31:11,WIN-SRV-FILE01,Microsoft-Windows-Security-Auditing,Security,4624,An account was successfully logged on,EMPRESA,admin.ops,PC-OPS-014,10.10.210.5,61599,3,C:\\Program Files\\Microsoft Defender\\MsMpEng.exe,0x0,0x0,Successful logon for EMPRESA\admin.ops from 10.10.210.5 using logon type 3,0,none,Internal,LAN,,
2026-04-25 08:31:18,WIN-SRV-FILE01,Microsoft-Windows-Security-Auditing,Security,4624,An account was successfully logged on,CORP,svc_backup,PC-FIN-001,192.168.1.66,54335,3,C:\\Windows\\System32\\lsass.exe,0x0,0x0,Successful logon for CORP\svc_backup from 192.168.1.66 using logon type 3,0,none,Internal,LAN,,
2026-04-25 08:32:08,WIN10-FIN-014,Microsoft-Windows-Security-Auditing,Security,4688,A new process has been created,EMPRESA,analista01,PC-OPS-014,192.168.1.43,56162,3,C:\\Program Files\\Microsoft Defender\\MsMpEng.exe,0x0,0x0,Process created by EMPRESA\analista01: C:\\Program Files\\Microsoft Defender\\MsMpEng.exe,0,none,Internal,LAN,,
2026-04-25 08:33:47,WIN10-FIN-014,Microsoft-Windows-Security-Auditing,Security,4634,An account was logged off,EMPRESA,jperez,LAP-GER-003,10.10.19.102,53938,2,C:\\Program Files\\Microsoft Defender\\MsMpEng.exe,0x0,0x0,Logoff for EMPRESA\jperez from workstation LAP-GER-003,0,none,Internal,LAN,,
2026-04-25 08:34:42,WIN11-SEC-022,Microsoft-Windows-Security-Auditing,Security,4624,An account was successfully logged on,LOCAL,mgarcia,PC-RRHH-002,10.10.237.84,63939,7,C:\\Windows\\System32\\cmd.exe,0x0,0x0,Successful logon for LOCAL\mgarcia from 10.10.237.84 using logon type 7,0,none,Internal,LAN,,
2026-04-25 08:35:11,WIN10-FIN-014,Microsoft-Windows-Security-Auditing,Security,4624,An account was successfully logged on,CORP,helpdesk01,SRV-MON-001,172.16.20.112,57944,3,C:\\Windows\\System32\\lsass.exe,0x0,0x0,Successful logon for CORP\helpdesk01 from 172.16.20.112 using logon type 3,0,none,Internal,LAN,,
2026-04-25 08:35:56,WIN11-SEC-022,Microsoft-Windows-Security-Auditing,Security,4634,An account was logged off,LOCAL,admin.ops,PC-OPS-014,10.10.254.44,59999,3,C:\\Program Files\\Google\\Chrome\\Application\\chrome.exe,0x0,0x0,Logoff for LOCAL\admin.ops from workstation PC-OPS-014,0,none,Internal,LAN,,
2026-04-25 08:37:49,WIN11-SEC-022,Microsoft-Windows-Security-Auditing,Security,4672,Special privileges assigned to new logon,LOCAL,svc_monitor,LAP-GER-003,172.16.20.237,56700,7,C:\\Windows\\System32\\lsass.exe,0x0,0x0,Special privileges assigned to LOCAL\svc_monitor,0,none,Internal,LAN,,
2026-04-25 08:38:03,WIN11-SEC-022,Microsoft-Windows-Security-Auditing,Security,4624,An account was successfully logged on,LOCAL,analista01,SRV-MON-001,172.16.20.151,54608,2,C:\\Program Files\\Google\\Chrome\\Application\\chrome.exe,0x0,0x0,Successful logon for LOCAL\analista01 from 172.16.20.151 using logon type 2,0,none,Internal,LAN,,
2026-04-25 08:38:07,WIN10-FIN-014,Microsoft-Windows-Security-Auditing,Security,4624,An account was successfully logged on,EMPRESA,admin.ops,PC-RRHH-002,172.16.20.202,65510,10,C:\\Program Files\\Microsoft Defender\\MsMpEng.exe,0x0,0x0,Successful logon for EMPRESA\admin.ops from 172.16.20.202 using logon type 10,0,none,Internal,LAN,,
2026-04-25 08:39:14,WIN-SRV-DC01,Microsoft-Windows-Security-Auditing,Security,4648,A logon was attempted using explicit credentials,EMPRESA,jperez,PC-FIN-001,192.168.1.175,58633,7,C:\\Windows\\System32\\winlogon.exe,0x0,0x0,Explicit credentials used by EMPRESA\jperez from PC-FIN-001,0,none,Internal,LAN,,
2026-04-25 08:41:21,WIN11-SEC-022,Microsoft-Windows-Security-Auditing,Security,4634,An account was logged off,CORP,analista01,PC-FIN-001,192.168.1.250,59108,3,C:\\Windows\\System32\\winlogon.exe,0x0,0x0,Logoff for CORP\analista01 from workstation PC-FIN-001,0,none,Internal,LAN,,
2026-04-25 08:41:59,WIN-SRV-APP01,Microsoft-Windows-Security-Auditing,Security,4624,An account was successfully logged on,EMPRESA,finanzas02,PC-OPS-014,10.10.75.6,60295,2,C:\\Windows\\System32\\WindowsPowerShell\\v1.0\\powershell.exe,0x0,0x0,Successful logon for EMPRESA\finanzas02 from 10.10.75.6 using logon type 2,0,none,Internal,LAN,,
2026-04-25 08:42:09,WIN-SRV-APP01,Microsoft-Windows-Security-Auditing,Security,4634,An account was logged off,CORP,lcastro,PC-RRHH-002,172.16.20.236,58966,7,C:\\Program Files\\Google\\Chrome\\Application\\chrome.exe,0x0,0x0,Logoff for CORP\lcastro from workstation PC-RRHH-002,0,none,Internal,LAN,,
2026-04-25 08:43:44,WIN-SRV-APP01,Microsoft-Windows-Security-Auditing,Security,4624,An account was successfully logged on,LOCAL,crojas,PC-FIN-001,172.16.20.250,64227,7,C:\\Windows\\System32\\WindowsPowerShell\\v1.0\\powershell.exe,0x0,0x0,Successful logon for LOCAL\crojas from 172.16.20.250 using logon type 7,0,none,Internal,LAN,,
2026-04-25 08:47:07,WIN-SRV-APP01,Microsoft-Windows-Security-Auditing,Security,4624,An account was successfully logged on,LOCAL,svc_monitor,PC-FIN-001,192.168.1.197,50722,10,C:\\Windows\\System32\\WindowsPowerShell\\v1.0\\powershell.exe,0x0,0x0,Successful logon for LOCAL\svc_monitor from 192.168.1.197 using logon type 10,0,none,Internal,LAN,,
2026-04-25 08:47:25,WIN-SRV-FILE01,Microsoft-Windows-Security-Auditing,Security,4634,An account was logged off,LOCAL,finanzas02,LAP-GER-003,10.10.140.92,61912,10,C:\\Windows\\System32\\lsass.exe,0x0,0x0,Logoff for LOCAL\finanzas02 from workstation LAP-GER-003,0,none,Internal,LAN,,
2026-04-25 08:48:10,WIN10-FIN-014,Microsoft-Windows-Security-Auditing,Security,4688,A new process has been created,LOCAL,svc_monitor,SRV-MON-001,192.168.1.5,57319,7,C:\\Windows\\System32\\svchost.exe,0x0,0x0,Process created by LOCAL\svc_monitor: C:\\Windows\\System32\\svchost.exe,0,none,Internal,LAN,,
2026-04-25 08:48:20,WIN-SRV-FILE01,Microsoft-Windows-Security-Auditing,Security,4688,A new process has been created,EMPRESA,analista01,PC-RRHH-002,192.168.1.37,59119,3,C:\\Windows\\System32\\cmd.exe,0x0,0x0,Process created by EMPRESA\analista01: C:\\Windows\\System32\\cmd.exe,0,none,Internal,LAN,,
2026-04-25 08:48:48,WIN-SRV-FILE01,Microsoft-Windows-Security-Auditing,Security,4634,An account was logged off,CORP,mgarcia,PC-FIN-001,10.10.35.171,56728,7,C:\\Program Files\\Google\\Chrome\\Application\\chrome.exe,0x0,0x0,Logoff for CORP\mgarcia from workstation PC-FIN-001,0,none,Internal,LAN,,
2026-04-25 08:48:52,WIN-SRV-DC01,Microsoft-Windows-Security-Auditing,Security,4624,An account was successfully logged on,CORP,analista01,PC-FIN-001,172.16.20.90,54356,2,C:\\Program Files\\Google\\Chrome\\Application\\chrome.exe,0x0,0x0,Successful logon for CORP\analista01 from 172.16.20.90 using logon type 2,0,none,Internal,LAN,,
2026-04-25 08:49:23,WIN10-FIN-014,Microsoft-Windows-Security-Auditing,Security,4624,An account was successfully logged on,EMPRESA,alopez,PC-RRHH-002,192.168.1.55,64907,3,C:\\Windows\\System32\\winlogon.exe,0x0,0x0,Successful logon for EMPRESA\alopez from 192.168.1.55 using logon type 3,0,none,Internal,LAN,,
2026-04-25 08:50:01,WIN11-SEC-022,Microsoft-Windows-Security-Auditing,Security,4624,An account was successfully logged on,LOCAL,lcastro,PC-FIN-001,192.168.1.54,49953,3,C:\\Program Files\\Google\\Chrome\\Application\\chrome.exe,0x0,0x0,Successful logon for LOCAL\lcastro from 192.168.1.54 using logon type 3,0,none,Internal,LAN,,
2026-04-25 08:51:10,WIN10-FIN-014,Microsoft-Windows-Security-Auditing,Security,4634,An account was logged off,EMPRESA,svc_monitor,PC-FIN-001,192.168.1.224,51823,10,C:\\Program Files\\Google\\Chrome\\Application\\chrome.exe,0x0,0x0,Logoff for EMPRESA\svc_monitor from workstation PC-FIN-001,0,none,Internal,LAN,,
2026-04-25 08:51:52,WIN-SRV-DC01,Microsoft-Windows-Security-Auditing,Security,4634,An account was logged off,LOCAL,analista01,PC-RRHH-002,172.16.20.69,57937,2,C:\\Windows\\System32\\cmd.exe,0x0,0x0,Logoff for LOCAL\analista01 from workstation PC-RRHH-002,0,none,Internal,LAN,,
2026-04-25 08:52:46,WIN-SRV-DC01,Microsoft-Windows-Security-Auditing,Security,4624,An account was successfully logged on,LOCAL,svc_backup,PC-FIN-001,172.16.20.214,53355,10,C:\\Program Files\\Google\\Chrome\\Application\\chrome.exe,0x0,0x0,Successful logon for LOCAL\svc_backup from 172.16.20.214 using logon type 10,0,none,Internal,LAN,,
2026-04-25 08:53:19,WIN-SRV-FILE01,Microsoft-Windows-Security-Auditing,Security,4624,An account was successfully logged on,LOCAL,finanzas02,SRV-MON-001,192.168.1.155,61778,10,C:\\Windows\\System32\\lsass.exe,0x0,0x0,Successful logon for LOCAL\finanzas02 from 192.168.1.155 using logon type 10,0,none,Internal,LAN,,
2026-04-25 08:54:13,WIN-SRV-DC01,Microsoft-Windows-Security-Auditing,Security,4634,An account was logged off,LOCAL,helpdesk01,LAP-GER-003,172.16.20.8,63714,7,C:\\Program Files\\Google\\Chrome\\Application\\chrome.exe,0x0,0x0,Logoff for LOCAL\helpdesk01 from workstation LAP-GER-003,0,none,Internal,LAN,,
2026-04-25 08:54:24,WIN-SRV-APP01,Microsoft-Windows-Security-Auditing,Security,4624,An account was successfully logged on,EMPRESA,crojas,PC-RRHH-002,10.10.16.100,52690,7,C:\\Windows\\System32\\winlogon.exe,0x0,0x0,Successful logon for EMPRESA\crojas from 10.10.16.100 using logon type 7,0,none,Internal,LAN,,
2026-04-25 08:54:27,WIN10-FIN-014,Microsoft-Windows-Security-Auditing,Security,4648,A logon was attempted using explicit credentials,LOCAL,svc_backup,PC-RRHH-002,192.168.1.2,52661,2,C:\\Program Files\\Microsoft Defender\\MsMpEng.exe,0x0,0x0,Explicit credentials used by LOCAL\svc_backup from PC-RRHH-002,0,none,Internal,LAN,,
2026-04-25 08:55:08,WIN11-SEC-022,Microsoft-Windows-Security-Auditing,Security,4624,An account was successfully logged on,LOCAL,finanzas02,PC-FIN-001,192.168.1.2,63531,2,C:\\Windows\\System32\\WindowsPowerShell\\v1.0\\powershell.exe,0x0,0x0,Successful logon for LOCAL\finanzas02 from 192.168.1.2 using logon type 2,0,none,Internal,LAN,,
2026-04-25 08:55:29,WIN-SRV-FILE01,Microsoft-Windows-Security-Auditing,Security,4688,A new process has been created,EMPRESA,alopez,PC-OPS-014,172.16.20.57,49660,10,C:\\Windows\\System32\\lsass.exe,0x0,0x0,Process created by EMPRESA\alopez: C:\\Windows\\System32\\lsass.exe,0,none,Internal,LAN,,
2026-04-25 08:55:36,WIN-SRV-APP01,Microsoft-Windows-Security-Auditing,Security,4634,An account was logged off,EMPRESA,helpdesk01,PC-FIN-001,10.10.183.187,62930,3,C:\\Program Files\\Google\\Chrome\\Application\\chrome.exe,0x0,0x0,Logoff for EMPRESA\helpdesk01 from workstation PC-FIN-001,0,none,Internal,LAN,,
2026-04-25 08:55:43,WIN10-FIN-014,Microsoft-Windows-Security-Auditing,Security,4624,An account was successfully logged on,LOCAL,alopez,LAP-GER-003,172.16.20.175,58857,2,C:\\Windows\\System32\\winlogon.exe,0x0,0x0,Successful logon for LOCAL\alopez from 172.16.20.175 using logon type 2,0,none,Internal,LAN,,
2026-04-25 08:57:26,WIN-SRV-FILE01,Microsoft-Windows-Security-Auditing,Security,4688,A new process has been created,LOCAL,finanzas02,SRV-MON-001,10.10.249.249,49902,7,C:\\Windows\\System32\\cmd.exe,0x0,0x0,Process created by LOCAL\finanzas02: C:\\Windows\\System32\\cmd.exe,0,none,Internal,LAN,,
2026-04-25 08:58:18,WIN10-FIN-014,Microsoft-Windows-Security-Auditing,Security,4648,A logon was attempted using explicit credentials,CORP,jperez,PC-FIN-001,10.10.177.25,57828,7,C:\\Windows\\System32\\winlogon.exe,0x0,0x0,Explicit credentials used by CORP\jperez from PC-FIN-001,0,none,Internal,LAN,,
2026-04-25 08:58:32,WIN-SRV-FILE01,Microsoft-Windows-Security-Auditing,Security,4624,An account was successfully logged on,EMPRESA,helpdesk01,PC-FIN-001,10.10.162.203,57874,7,C:\\Program Files\\Microsoft Defender\\MsMpEng.exe,0x0,0x0,Successful logon for EMPRESA\helpdesk01 from 10.10.162.203 using logon type 7,0,none,Internal,LAN,,
2026-04-25 08:58:40,WIN11-SEC-022,Microsoft-Windows-Security-Auditing,Security,4624,An account was successfully logged on,EMPRESA,helpdesk01,PC-FIN-001,192.168.1.52,58059,10,C:\\Windows\\System32\\WindowsPowerShell\\v1.0\\powershell.exe,0x0,0x0,Successful logon for EMPRESA\helpdesk01 from 192.168.1.52 using logon type 10,0,none,Internal,LAN,,
2026-04-25 08:59:34,WIN-SRV-APP01,Microsoft-Windows-Security-Auditing,Security,4624,An account was successfully logged on,CORP,admin.ops,PC-FIN-001,10.10.173.7,64420,3,C:\\Windows\\System32\\winlogon.exe,0x0,0x0,Successful logon for CORP\admin.ops from 10.10.173.7 using logon type 3,0,none,Internal,LAN,,
2026-04-25 08:59:44,WIN10-FIN-014,Microsoft-Windows-Security-Auditing,Security,4634,An account was logged off,CORP,dtorres,PC-RRHH-002,192.168.1.71,49201,10,C:\\Windows\\System32\\svchost.exe,0x0,0x0,Logoff for CORP\dtorres from workstation PC-RRHH-002,0,none,Internal,LAN,,
2026-04-25 08:59:48,WIN10-FIN-014,Microsoft-Windows-Security-Auditing,Security,4624,An account was successfully logged on,LOCAL,svc_backup,PC-FIN-001,172.16.20.192,54681,2,C:\\Windows\\System32\\WindowsPowerShell\\v1.0\\powershell.exe,0x0,0x0,Successful logon for LOCAL\svc_backup from 172.16.20.192 using logon type 2,0,none,Internal,LAN,,
2026-04-25 09:00:29,WIN10-FIN-014,Microsoft-Windows-Security-Auditing,Security,4648,A logon was attempted using explicit credentials,CORP,crojas,LAP-GER-003,192.168.1.164,52023,7,C:\\Windows\\System32\\cmd.exe,0x0,0x0,Explicit credentials used by CORP\crojas from LAP-GER-003,0,none,Internal,LAN,,
