2026-04-27 23:46:16,WIN-SRV-DC01,Microsoft-Windows-Security-Auditing,Security,4624,An account was successfully logged on,CORP,dtorres,PC-OPS-014,10.10.125.180,58443,10,C:\\Windows\\System32\\cmd.exe,0x0,0x0,Successful logon for CORP\dtorres from 10.10.125.180 using logon type 10,0,none,Internal,LAN,,
2026-04-27 23:47:26,WIN10-FIN-014,Microsoft-Windows-Security-Auditing,Security,4634,An account was logged off,EMPRESA,crojas,LAP-GER-003,172.16.20.188,59662,10,C:\\Program Files\\Microsoft Defender\\MsMpEng.exe,0x0,0x0,Logoff for EMPRESA\crojas from workstation LAP-GER-003,0,none,Internal,LAN,,
2026-04-27 23:47:36,WIN-SRV-APP01,Microsoft-Windows-Security-Auditing,Security,4672,Special privileges assigned to new logon,LOCAL,administrator,KALI,203.0.113.7,4738,7,C:\\Windows\\System32\\cmd.exe,0x0,0x0,Special privileges assigned to suspicious account LOCAL\administrator from 203.0.113.7,1,privilege_escalation,United States,New York,40.48478,-73.64871
2026-04-27 23:48:17,WIN-SRV-APP01,Microsoft-Windows-Security-Auditing,Security,4726,A user account was deleted,CORP,lcastro,-,198.51.100.39,51933,2,C:\\Windows\\System32\\svchost.exe,0x0,0x0,User account deleted unexpectedly: CORP\lcastro from 198.51.100.39,1,account_deleted,China,Shanghai,31.41351,121.17529
2026-04-27 23:48:29,WIN11-SEC-022,Microsoft-Windows-Security-Auditing,Security,4625,An account failed to log on,EMPRESA,root,UNKNOWN,203.0.113.45,54176,3,C:\\Windows\\System32\\WindowsPowerShell\\v1.0\\powershell.exe,0xC000006D,0xC000006A,Failed logon for EMPRESA\root from 203.0.113.45; possible brute force,1,brute_force_logon,Brazil,Sao Paulo,-23.58255,-46.53965
2026-04-27 23:48:47,WIN-SRV-APP01,Microsoft-Windows-Security-Auditing,Security,4672,Special privileges assigned to new logon,CORP,admin,ATTACKBOX,192.0.2.108,2326,2,C:\\Windows\\System32\\cmd.exe,0x0,0x0,Special privileges assigned to suspicious account CORP\admin from 192.0.2.108,1,privilege_escalation,India,Mumbai,19.08777,73.27665
2026-04-27 23:49:00,WIN10-FIN-014,Microsoft-Windows-Security-Auditing,Security,4720,A user account was created,LOCAL,tempadmin,-,203.0.113.27,21729,2,C:\\Program Files\\Microsoft Defender\\MsMpEng.exe,0x0,0x0,Suspicious user account created: LOCAL\tempadmin from 203.0.113.27,1,account_creation,Mexico,Mexico City,19.14422,-99.57157
2026-04-27 23:49:19,WIN-SRV-DC01,Microsoft-Windows-Security-Auditing,Security,4648,A logon was attempted using explicit credentials,LOCAL,svc_backup,ATTACKBOX,192.0.2.164,18081,2,C:\\Windows\\System32\\lsass.exe,0x0,0x0,Explicit credentials used suspiciously by LOCAL\svc_backup from 192.0.2.164,1,explicit_credentials_abuse,United States,New York,41.07846,-73.82725
2026-04-27 23:49:58,WIN-SRV-DC01,Microsoft-Windows-Security-Auditing,Security,4720,A user account was created,CORP,backup2,-,198.51.100.82,11929,3,C:\\Windows\\System32\\cmd.exe,0x0,0x0,Suspicious user account created: CORP\backup2 from 198.51.100.82,1,account_creation,Australia,Sydney,-34.23821,151.13837
2026-04-27 23:50:12,WIN11-SEC-022,Microsoft-Windows-Security-Auditing,Security,4624,An account was successfully logged on,LOCAL,dtorres,PC-OPS-014,10.10.19.77,53619,10,C:\\Windows\\System32\\WindowsPowerShell\\v1.0\\powershell.exe,0x0,0x0,Successful logon for LOCAL\dtorres from 10.10.19.77 using logon type 10,0,none,Internal,LAN,,
2026-04-27 23:50:42,WIN-SRV-APP01,Microsoft-Windows-Security-Auditing,Security,4624,An account was successfully logged on,LOCAL,admin.ops,PC-RRHH-002,172.16.20.38,60005,3,C:\\Windows\\System32\\cmd.exe,0x0,0x0,Successful logon for LOCAL\admin.ops from 172.16.20.38 using logon type 3,0,none,Internal,LAN,,
2026-04-27 23:50:50,WIN-SRV-DC01,Microsoft-Windows-Security-Auditing,Security,4648,A logon was attempted using explicit credentials,CORP,svc_backup,KALI,203.0.113.152,41592,7,C:\\Program Files\\Google\\Chrome\\Application\\chrome.exe,0x0,0x0,Explicit credentials used suspiciously by CORP\svc_backup from 203.0.113.152,1,explicit_credentials_abuse,Peru,Lima,-12.1149,-76.816
2026-04-27 23:51:42,WIN-SRV-FILE01,Microsoft-Windows-Security-Auditing,Security,4624,An account was successfully logged on,EMPRESA,admin.ops,ATTACKBOX,198.51.100.37,38327,10,C:\\Program Files\\Microsoft Defender\\MsMpEng.exe,0x0,0x0,Successful remote administrative logon for EMPRESA\admin.ops from external IP 198.51.100.37,1,suspicious_admin_logon,Australia,Sydney,-33.74747,151.28787
2026-04-27 23:52:06,WIN-SRV-APP01,Microsoft-Windows-Security-Auditing,Security,4625,An account failed to log on,CORP,soporte,UNKNOWN,198.51.100.152,45973,3,C:\\Windows\\System32\\cmd.exe,0xC000006A,0xC000006A,Failed logon for CORP\soporte from 198.51.100.152; possible brute force,1,brute_force_logon,South Africa,Johannesburg,-25.90012,28.21029
2026-04-27 23:52:54,WIN11-SEC-022,Microsoft-Windows-Security-Auditing,Security,4688,A new process has been created,EMPRESA,jperez,SRV-MON-001,10.10.25.165,51351,7,C:\\Program Files\\Google\\Chrome\\Application\\chrome.exe,0x0,0x0,Process created by EMPRESA\jperez: C:\\Program Files\\Google\\Chrome\\Application\\chrome.exe,0,none,Internal,LAN,,
2026-04-27 23:52:54,WIN-SRV-FILE01,Microsoft-Windows-Security-Auditing,Security,4624,An account was successfully logged on,CORP,admin.ops,WIN-RDP,198.51.100.139,45336,3,C:\\Windows\\System32\\lsass.exe,0x0,0x0,Successful remote administrative logon for CORP\admin.ops from external IP 198.51.100.139,1,suspicious_admin_logon,Chile,Santiago,-33.20843,-70.95117
2026-04-27 23:53:29,WIN-SRV-DC01,Microsoft-Windows-Security-Auditing,Security,4634,An account was logged off,EMPRESA,crojas,LAP-GER-003,172.16.20.198,62821,3,C:\\Windows\\System32\\winlogon.exe,0x0,0x0,Logoff for EMPRESA\crojas from workstation LAP-GER-003,0,none,Internal,LAN,,
2026-04-27 23:53:55,WIN11-SEC-022,Microsoft-Windows-Security-Auditing,Security,4732,A member was added to a security-enabled local group,CORP,guest,UNKNOWN,198.51.100.41,31600,3,C:\\Windows\\System32\\WindowsPowerShell\\v1.0\\powershell.exe,0x0,0x0,Account CORP\guest added to local Administrators group from 198.51.100.41,1,admin_group_membership_added,Australia,Sydney,-33.69191,151.38761
2026-04-27 23:54:21,WIN11-SEC-022,Microsoft-Windows-Security-Auditing,Security,4625,An account failed to log on,EMPRESA,guest,ATTACKBOX,198.51.100.245,60448,10,C:\\Program Files\\Microsoft Defender\\MsMpEng.exe,0xC000006D,0xC0000064,Failed logon for EMPRESA\guest from 198.51.100.245; possible brute force,1,brute_force_logon,Netherlands,Amsterdam,52.51609,5.2011
2026-04-27 23:54:22,WIN-SRV-DC01,Microsoft-Windows-Security-Auditing,Security,4625,An account failed to log on,CORP,guest,ATTACKBOX,203.0.113.79,55959,3,C:\\Program Files\\Google\\Chrome\\Application\\chrome.exe,0xC000006D,0xC0000064,Failed logon for CORP\guest from 203.0.113.79; possible brute force,1,brute_force_logon,Brazil,Sao Paulo,-23.47464,-47.04124
2026-04-27 23:54:25,WIN-SRV-DC01,Microsoft-Windows-Security-Auditing,Security,4688,A new process has been created,LOCAL,soporte,WIN-RDP,203.0.113.229,19553,3,C:\\Users\\Public\\loader.exe,0x0,0x0,Suspicious process execution by LOCAL\soporte: C:\\Users\\Public\\loader.exe,1,suspicious_process_execution,Russia,Moscow,55.52839,37.61266
2026-04-27 23:54:58,WIN11-SEC-022,Microsoft-Windows-Security-Auditing,Security,4634,An account was logged off,LOCAL,svc_monitor,PC-FIN-001,10.10.49.2,58366,2,C:\\Windows\\System32\\lsass.exe,0x0,0x0,Logoff for LOCAL\svc_monitor from workstation PC-FIN-001,0,none,Internal,LAN,,
2026-04-27 23:55:01,WIN10-FIN-014,Microsoft-Windows-Security-Auditing,Security,4624,An account was successfully logged on,LOCAL,alopez,PC-FIN-001,192.168.1.62,50728,2,C:\\Windows\\System32\\winlogon.exe,0x0,0x0,Successful logon for LOCAL\alopez from 192.168.1.62 using logon type 2,0,none,Internal,LAN,,
2026-04-27 23:55:02,WIN11-SEC-022,Microsoft-Windows-Security-Auditing,Security,4624,An account was successfully logged on,CORP,svc_monitor,SRV-MON-001,192.168.1.110,57356,2,C:\\Program Files\\Google\\Chrome\\Application\\chrome.exe,0x0,0x0,Successful logon for CORP\svc_monitor from 192.168.1.110 using logon type 2,0,none,Internal,LAN,,
2026-04-27 23:55:30,WIN-SRV-FILE01,Microsoft-Windows-Security-Auditing,Security,4624,An account was successfully logged on,LOCAL,admin.ops,SRV-MON-001,172.16.20.139,60072,2,C:\\Windows\\System32\\svchost.exe,0x0,0x0,Successful logon for LOCAL\admin.ops from 172.16.20.139 using logon type 2,0,none,Internal,LAN,,
2026-04-27 23:56:26,WIN10-FIN-014,Microsoft-Windows-Security-Auditing,Security,4672,Special privileges assigned to new logon,EMPRESA,administrator,UNKNOWN,198.51.100.47,9051,2,C:\\Program Files\\Microsoft Defender\\MsMpEng.exe,0x0,0x0,Special privileges assigned to suspicious account EMPRESA\administrator from 198.51.100.47,1,privilege_escalation,Australia,Sydney,-33.9687,151.0189
2026-04-27 23:56:30,WIN-SRV-FILE01,Microsoft-Windows-Security-Auditing,Security,4625,An account failed to log on,EMPRESA,administrator,KALI,192.0.2.123,2960,3,C:\\Program Files\\Google\\Chrome\\Application\\chrome.exe,0xC000006D,0xC0000064,Failed logon for EMPRESA\administrator from 192.0.2.123; possible brute force,1,brute_force_logon,Mexico,Mexico City,19.53647,-99.4291
2026-04-27 23:56:53,WIN-SRV-DC01,Microsoft-Windows-Security-Auditing,Security,4732,A member was added to a security-enabled local group,CORP,guest,KALI,192.0.2.67,50236,2,C:\\Windows\\System32\\lsass.exe,0x0,0x0,Account CORP\guest added to local Administrators group from 192.0.2.67,1,admin_group_membership_added,Brazil,Sao Paulo,-23.73759,-46.71737
2026-04-27 23:57:18,WIN10-FIN-014,Microsoft-Windows-Security-Auditing,Security,4624,An account was successfully logged on,EMPRESA,admin.ops,KALI,192.0.2.215,59173,3,C:\\Program Files\\Microsoft Defender\\MsMpEng.exe,0x0,0x0,Successful remote administrative logon for EMPRESA\admin.ops from external IP 192.0.2.215,1,suspicious_admin_logon,Spain,Madrid,40.07844,-3.82264
2026-04-27 23:57:29,WIN-SRV-DC01,Microsoft-Windows-Security-Auditing,Security,4624,An account was successfully logged on,EMPRESA,lcastro,PC-OPS-014,192.168.1.63,56603,2,C:\\Windows\\System32\\WindowsPowerShell\\v1.0\\powershell.exe,0x0,0x0,Successful logon for EMPRESA\lcastro from 192.168.1.63 using logon type 2,0,none,Internal,LAN,,
2026-04-27 23:57:29,WIN-SRV-FILE01,Microsoft-Windows-Security-Auditing,Security,4625,An account failed to log on,CORP,administrator,KALI,192.0.2.92,50078,3,C:\\Windows\\System32\\WindowsPowerShell\\v1.0\\powershell.exe,0xC000006D,0xC000006A,Failed logon from 192.0.2.92 against multiple users; possible password spray,1,password_spray,Argentina,Buenos Aires,-34.99284,-58.18173
2026-04-27 23:57:35,WIN11-SEC-022,Microsoft-Windows-Security-Auditing,Security,4624,An account was successfully logged on,LOCAL,domain.admin,-,198.51.100.167,30573,10,C:\\Windows\\System32\\svchost.exe,0x0,0x0,Successful remote administrative logon for LOCAL\domain.admin from external IP 198.51.100.167,1,suspicious_admin_logon,South Africa,Johannesburg,-26.4039,28.24543
2026-04-27 23:58:41,WIN-SRV-DC01,Microsoft-Windows-Security-Auditing,Security,4634,An account was logged off,CORP,svc_monitor,PC-OPS-014,10.10.77.151,49362,10,C:\\Windows\\System32\\WindowsPowerShell\\v1.0\\powershell.exe,0x0,0x0,Logoff for CORP\svc_monitor from workstation PC-OPS-014,0,none,Internal,LAN,,
2026-04-27 23:58:46,WIN-SRV-FILE01,Microsoft-Windows-Security-Auditing,Security,4625,An account failed to log on,LOCAL,guest,-,192.0.2.201,37173,3,C:\\Windows\\System32\\lsass.exe,0xC000006D,0xC000006A,Failed logon from 192.0.2.201 against multiple users; possible password spray,1,password_spray,Germany,Frankfurt,50.48798,8.43522
2026-04-27 23:59:39,WIN10-FIN-014,Microsoft-Windows-Security-Auditing,Security,4625,An account failed to log on,CORP,test,UNKNOWN,198.51.100.32,14378,10,C:\\Windows\\System32\\WindowsPowerShell\\v1.0\\powershell.exe,0xC000006D,0xC000006A,Failed logon for CORP\test from 198.51.100.32; possible brute force,1,brute_force_logon,Peru,Lima,-11.75583,-76.77444
2026-04-27 23:59:49,WIN10-FIN-014,Microsoft-Windows-Security-Auditing,Security,4688,A new process has been created,CORP,admin,UNKNOWN,192.0.2.182,59585,10,C:\\Windows\\System32\\cmd.exe /c whoami && net user,0x0,0x0,Suspicious process execution by CORP\admin: C:\\Windows\\System32\\cmd.exe /c whoami && net user,1,suspicious_process_execution,Germany,Frankfurt,50.10344,8.75003
2026-04-27 23:59:54,WIN10-FIN-014,Microsoft-Windows-Security-Auditing,Security,4648,A logon was attempted using explicit credentials,EMPRESA,administrator,ATTACKBOX,203.0.113.152,10281,7,C:\\Windows\\System32\\WindowsPowerShell\\v1.0\\powershell.exe,0x0,0x0,Explicit credentials used suspiciously by EMPRESA\administrator from 203.0.113.152,1,explicit_credentials_abuse,Germany,Frankfurt,50.33595,8.44062
2026-04-27 23:59:56,WIN-SRV-FILE01,Microsoft-Windows-Security-Auditing,Security,4634,An account was logged off,CORP,svc_monitor,LAP-GER-003,10.10.0.146,55763,7,C:\\Windows\\System32\\svchost.exe,0x0,0x0,Logoff for CORP\svc_monitor from workstation LAP-GER-003,0,none,Internal,LAN,,
2026-04-28 00:00:00,WIN-SRV-APP01,Microsoft-Windows-Security-Auditing,Security,4625,An account failed to log on,LOCAL,administrator,UNKNOWN,192.0.2.215,29868,10,C:\\Program Files\\Google\\Chrome\\Application\\chrome.exe,0xC000006A,0xC0000064,Failed logon for LOCAL\administrator from 192.0.2.215; possible brute force,1,brute_force_logon,Brazil,Sao Paulo,-23.50055,-46.20128
2026-04-28 00:00:06,WIN11-SEC-022,Microsoft-Windows-Security-Auditing,Security,4625,An account failed to log on,LOCAL,sqladmin,UNKNOWN,203.0.113.5,6091,3,C:\\Windows\\System32\\winlogon.exe,0xC000006A,0xC0000064,Failed logon for LOCAL\sqladmin from 203.0.113.5; possible brute force,1,brute_force_logon,Brazil,Sao Paulo,-23.32352,-47.01543
2026-04-28 00:00:59,WIN-SRV-APP01,Microsoft-Windows-Security-Auditing,Security,4634,An account was logged off,LOCAL,helpdesk01,LAP-GER-003,192.168.1.225,53042,7,C:\\Program Files\\Google\\Chrome\\Application\\chrome.exe,0x0,0x0,Logoff for LOCAL\helpdesk01 from workstation LAP-GER-003,0,none,Internal,LAN,,
2026-04-28 00:01:00,WIN-SRV-DC01,Microsoft-Windows-Security-Auditing,Security,4672,Special privileges assigned to new logon,LOCAL,administrator,-,203.0.113.101,12878,2,C:\\Windows\\System32\\svchost.exe,0x0,0x0,Special privileges assigned to suspicious account LOCAL\administrator from 203.0.113.101,1,privilege_escalation,Argentina,Buenos Aires,-34.50765,-58.29297
2026-04-28 00:01:13,WIN10-FIN-014,Microsoft-Windows-Security-Auditing,Security,4625,An account failed to log on,LOCAL,guest,-,192.0.2.104,54294,3,C:\\Program Files\\Google\\Chrome\\Application\\chrome.exe,0xC000006A,0xC000006A,Failed logon for LOCAL\guest from 192.0.2.104; possible brute force,1,brute_force_logon,United States,New York,40.34647,-73.98737
2026-04-28 00:01:28,WIN10-FIN-014,Microsoft-Windows-Security-Auditing,Security,4624,An account was successfully logged on,LOCAL,finanzas02,LAP-GER-003,10.10.223.227,57743,2,C:\\Windows\\System32\\svchost.exe,0x0,0x0,Successful logon for LOCAL\finanzas02 from 10.10.223.227 using logon type 2,0,none,Internal,LAN,,
2026-04-28 00:01:33,WIN-SRV-FILE01,Microsoft-Windows-Security-Auditing,Security,4624,An account was successfully logged on,EMPRESA,mgarcia,PC-FIN-001,192.168.1.40,51602,3,C:\\Windows\\System32\\lsass.exe,0x0,0x0,Successful logon for EMPRESA\mgarcia from 192.168.1.40 using logon type 3,0,none,Internal,LAN,,
2026-04-28 00:01:44,WIN-SRV-APP01,Microsoft-Windows-Security-Auditing,Security,4625,An account failed to log on,EMPRESA,usuario,KALI,203.0.113.74,33073,10,C:\\Windows\\System32\\svchost.exe,0xC000006D,0xC0000064,Failed logon for EMPRESA\usuario from 203.0.113.74; possible brute force,1,brute_force_logon,Germany,Frankfurt,49.78642,8.89661
2026-04-28 00:01:50,WIN10-FIN-014,Microsoft-Windows-Security-Auditing,Security,4625,An account failed to log on,CORP,soporte,-,203.0.113.45,57353,3,C:\\Windows\\System32\\svchost.exe,0xC000006D,0xC000006A,Failed logon from 203.0.113.45 against multiple users; possible password spray,1,password_spray,China,Shanghai,31.14701,121.89838
2026-04-28 00:02:03,WIN-SRV-FILE01,Microsoft-Windows-Security-Auditing,Security,4625,An account failed to log on,LOCAL,test,UNKNOWN,198.51.100.210,47970,10,C:\\Program Files\\Google\\Chrome\\Application\\chrome.exe,0xC000006D,0xC000006A,Failed logon for LOCAL\test from 198.51.100.210; possible brute force,1,brute_force_logon,Russia,Moscow,55.70115,38.00913
2026-04-28 00:02:08,WIN10-FIN-014,Microsoft-Windows-Security-Auditing,Security,4625,An account failed to log on,EMPRESA,guest,KALI,192.0.2.113,2411,3,C:\\Windows\\System32\\winlogon.exe,0xC000006D,0xC000006A,Failed logon from 192.0.2.113 against multiple users; possible password spray,1,password_spray,United States,New York,40.28757,-73.66266
2026-04-28 00:02:43,WIN11-SEC-022,Microsoft-Windows-Security-Auditing,Security,4634,An account was logged off,LOCAL,dtorres,PC-RRHH-002,192.168.1.192,62310,2,C:\\Program Files\\Microsoft Defender\\MsMpEng.exe,0x0,0x0,Logoff for LOCAL\dtorres from workstation PC-RRHH-002,0,none,Internal,LAN,,
2026-04-28 00:03:20,WIN-SRV-FILE01,Microsoft-Windows-Security-Auditing,Security,4624,An account was successfully logged on,LOCAL,jperez,SRV-MON-001,172.16.20.15,50682,3,C:\\Windows\\System32\\WindowsPowerShell\\v1.0\\powershell.exe,0x0,0x0,Successful logon for LOCAL\jperez from 172.16.20.15 using logon type 3,0,none,Internal,LAN,,
2026-04-28 00:03:23,WIN10-FIN-014,Microsoft-Windows-Security-Auditing,Security,4625,An account failed to log on,CORP,administrator,WIN-RDP,198.51.100.101,27872,10,C:\\Windows\\System32\\svchost.exe,0xC000006D,0xC000006A,Failed logon from 198.51.100.101 against multiple users; possible password spray,1,password_spray,China,Shanghai,31.20423,121.36339
2026-04-28 00:03:56,WIN-SRV-APP01,Microsoft-Windows-Security-Auditing,Security,4624,An account was successfully logged on,CORP,jperez,PC-FIN-001,10.10.13.85,59969,3,C:\\Windows\\System32\\winlogon.exe,0x0,0x0,Successful logon for CORP\jperez from 10.10.13.85 using logon type 3,0,none,Internal,LAN,,
2026-04-28 00:03:57,WIN11-SEC-022,Microsoft-Windows-Security-Auditing,Security,4624,An account was successfully logged on,EMPRESA,crojas,SRV-MON-001,192.168.1.207,55496,7,C:\\Program Files\\Google\\Chrome\\Application\\chrome.exe,0x0,0x0,Successful logon for EMPRESA\crojas from 192.168.1.207 using logon type 7,0,none,Internal,LAN,,
2026-04-28 00:04:09,WIN-SRV-DC01,Microsoft-Windows-Security-Auditing,Security,4672,Special privileges assigned to new logon,CORP,administrator,WIN-RDP,192.0.2.79,10548,2,C:\\Windows\\System32\\winlogon.exe,0x0,0x0,Special privileges assigned to suspicious account CORP\administrator from 192.0.2.79,1,privilege_escalation,Peru,Lima,-11.74656,-77.1143
2026-04-28 00:04:09,WIN10-FIN-014,Microsoft-Windows-Security-Auditing,Security,4625,An account failed to log on,CORP,admin,UNKNOWN,203.0.113.147,23822,10,C:\\Windows\\System32\\lsass.exe,0xC000006D,0xC000006A,Failed logon for CORP\admin from 203.0.113.147; possible brute force,1,brute_force_logon,India,Mumbai,19.07005,72.48613
2026-04-28 00:04:14,WIN10-FIN-014,Microsoft-Windows-Security-Auditing,Security,4624,An account was successfully logged on,CORP,dtorres,PC-RRHH-002,10.10.140.129,60841,2,C:\\Program Files\\Google\\Chrome\\Application\\chrome.exe,0x0,0x0,Successful logon for CORP\dtorres from 10.10.140.129 using logon type 2,0,none,Internal,LAN,,
2026-04-28 00:05:00,WIN-SRV-FILE01,Microsoft-Windows-Security-Auditing,Security,4625,An account failed to log on,CORP,test,-,192.0.2.206,35762,3,C:\\Program Files\\Microsoft Defender\\MsMpEng.exe,0xC000006A,0xC0000064,Failed logon for CORP\test from 192.0.2.206; possible brute force,1,brute_force_logon,Chile,Santiago,-33.07646,-71.01843
2026-04-28 00:05:36,WIN10-FIN-014,Microsoft-Windows-Security-Auditing,Security,4625,An account failed to log on,LOCAL,oracle,-,198.51.100.240,16611,10,C:\\Windows\\System32\\lsass.exe,0xC000006A,0xC0000064,Failed logon for LOCAL\oracle from 198.51.100.240; possible brute force,1,brute_force_logon,Spain,Madrid,40.49834,-4.11788
2026-04-28 00:06:04,WIN-SRV-FILE01,Microsoft-Windows-Security-Auditing,Security,4634,An account was logged off,EMPRESA,dtorres,PC-FIN-001,192.168.1.179,60990,3,C:\\Windows\\System32\\cmd.exe,0x0,0x0,Logoff for EMPRESA\dtorres from workstation PC-FIN-001,0,none,Internal,LAN,,
2026-04-28 00:06:06,WIN-SRV-DC01,Microsoft-Windows-Security-Auditing,Security,4648,A logon was attempted using explicit credentials,EMPRESA,admin,-,203.0.113.122,47098,7,C:\\Program Files\\Microsoft Defender\\MsMpEng.exe,0x0,0x0,Explicit credentials used suspiciously by EMPRESA\admin from 203.0.113.122,1,explicit_credentials_abuse,Argentina,Buenos Aires,-35.04566,-58.36262
2026-04-28 00:07:05,WIN-SRV-FILE01,Microsoft-Windows-Security-Auditing,Security,4688,A new process has been created,EMPRESA,svc_monitor,LAP-GER-003,10.10.165.102,57357,2,C:\\Windows\\System32\\lsass.exe,0x0,0x0,Process created by EMPRESA\svc_monitor: C:\\Windows\\System32\\lsass.exe,0,none,Internal,LAN,,
2026-04-28 00:07:17,WIN-SRV-FILE01,Microsoft-Windows-Security-Auditing,Security,4624,An account was successfully logged on,EMPRESA,svc_monitor,PC-FIN-001,192.168.1.121,55301,2,C:\\Windows\\System32\\lsass.exe,0x0,0x0,Successful logon for EMPRESA\svc_monitor from 192.168.1.121 using logon type 2,0,none,Internal,LAN,,
2026-04-28 00:07:27,WIN-SRV-FILE01,Microsoft-Windows-Security-Auditing,Security,4624,An account was successfully logged on,CORP,admin.ops,PC-RRHH-002,172.16.20.145,60096,7,C:\\Windows\\System32\\svchost.exe,0x0,0x0,Successful logon for CORP\admin.ops from 172.16.20.145 using logon type 7,0,none,Internal,LAN,,
2026-04-28 00:08:01,WIN-SRV-APP01,Microsoft-Windows-Security-Auditing,Security,4624,An account was successfully logged on,EMPRESA,crojas,PC-OPS-014,10.10.189.170,51457,2,C:\\Windows\\System32\\cmd.exe,0x0,0x0,Successful logon for EMPRESA\crojas from 10.10.189.170 using logon type 2,0,none,Internal,LAN,,
2026-04-28 00:08:20,WIN-SRV-DC01,Microsoft-Windows-Security-Auditing,Security,4688,A new process has been created,EMPRESA,oracle,WIN-RDP,203.0.113.16,48465,7,C:\\Windows\\System32\\net.exe localgroup administrators soporte /add,0x0,0x0,Suspicious process execution by EMPRESA\oracle: C:\\Windows\\System32\\net.exe localgroup administrators soporte /add,1,suspicious_process_execution,Spain,Madrid,40.49586,-4.01561
2026-04-28 00:08:38,WIN-SRV-APP01,Microsoft-Windows-Security-Auditing,Security,4624,An account was successfully logged on,EMPRESA,finanzas02,PC-FIN-001,192.168.1.141,61248,10,C:\\Windows\\System32\\cmd.exe,0x0,0x0,Successful logon for EMPRESA\finanzas02 from 192.168.1.141 using logon type 10,0,none,Internal,LAN,,
2026-04-28 00:11:01,WIN11-SEC-022,Microsoft-Windows-Security-Auditing,Security,4672,Special privileges assigned to new logon,CORP,soporte,KALI,203.0.113.117,56499,7,C:\\Program Files\\Google\\Chrome\\Application\\chrome.exe,0x0,0x0,Special privileges assigned to suspicious account CORP\soporte from 203.0.113.117,1,privilege_escalation,Australia,Sydney,-33.64849,150.85994
2026-04-28 00:11:14,WIN10-FIN-014,Microsoft-Windows-Security-Auditing,Security,4625,An account failed to log on,LOCAL,administrator,KALI,203.0.113.138,1286,3,C:\\Windows\\System32\\winlogon.exe,0xC000006D,0xC0000064,Failed logon for LOCAL\administrator from 203.0.113.138; possible brute force,1,brute_force_logon,Germany,Frankfurt,49.97385,8.76501
2026-04-28 00:11:20,WIN-SRV-DC01,Microsoft-Windows-Security-Auditing,Security,4625,An account failed to log on,LOCAL,soporte,-,198.51.100.191,38656,10,C:\\Windows\\System32\\lsass.exe,0xC000006D,0xC0000064,Failed logon for LOCAL\soporte from 198.51.100.191; possible brute force,1,brute_force_logon,Mexico,Mexico City,19.46399,-98.93719
2026-04-28 00:11:40,WIN-SRV-FILE01,Microsoft-Windows-Security-Auditing,Security,4634,An account was logged off,EMPRESA,svc_monitor,PC-RRHH-002,172.16.20.187,57515,3,C:\\Windows\\System32\\cmd.exe,0x0,0x0,Logoff for EMPRESA\svc_monitor from workstation PC-RRHH-002,0,none,Internal,LAN,,
2026-04-28 00:11:40,WIN10-FIN-014,Microsoft-Windows-Security-Auditing,Security,4672,Special privileges assigned to new logon,EMPRESA,soporte,WIN-RDP,198.51.100.156,28888,7,C:\\Windows\\System32\\winlogon.exe,0x0,0x0,Special privileges assigned to suspicious account EMPRESA\soporte from 198.51.100.156,1,privilege_escalation,Russia,Moscow,55.70284,37.37094
2026-04-28 00:12:10,WIN-SRV-APP01,Microsoft-Windows-Security-Auditing,Security,4625,An account failed to log on,EMPRESA,soporte,UNKNOWN,203.0.113.54,17722,10,C:\\Windows\\System32\\svchost.exe,0xC000006D,0xC000006A,Failed logon from 203.0.113.54 against multiple users; possible password spray,1,password_spray,Argentina,Buenos Aires,-34.70145,-58.02418
2026-04-28 00:12:59,WIN-SRV-DC01,Microsoft-Windows-Security-Auditing,Security,4688,A new process has been created,EMPRESA,soporte,WIN-RDP,198.51.100.199,18325,3,C:\\Windows\\System32\\reg.exe save HKLM\\SAM C:\\Temp\\sam.save,0x0,0x0,Suspicious process execution by EMPRESA\soporte: C:\\Windows\\System32\\reg.exe save HKLM\\SAM C:\\Temp\\sam.save,1,suspicious_process_execution,Mexico,Mexico City,19.05083,-98.75602
2026-04-28 00:13:20,WIN-SRV-APP01,Microsoft-Windows-Security-Auditing,Security,4634,An account was logged off,CORP,jperez,PC-RRHH-002,10.10.24.160,60081,2,C:\\Program Files\\Microsoft Defender\\MsMpEng.exe,0x0,0x0,Logoff for CORP\jperez from workstation PC-RRHH-002,0,none,Internal,LAN,,
2026-04-28 00:13:28,WIN-SRV-APP01,Microsoft-Windows-Security-Auditing,Security,4672,Special privileges assigned to new logon,LOCAL,admin,KALI,203.0.113.5,56081,2,C:\\Windows\\System32\\lsass.exe,0x0,0x0,Special privileges assigned to suspicious account LOCAL\admin from 203.0.113.5,1,privilege_escalation,Brazil,Sao Paulo,-23.15943,-47.00714
2026-04-28 00:13:29,WIN-SRV-APP01,Microsoft-Windows-Security-Auditing,Security,4672,Special privileges assigned to new logon,LOCAL,administrator,-,203.0.113.180,22128,2,C:\\Windows\\System32\\winlogon.exe,0x0,0x0,Special privileges assigned to suspicious account LOCAL\administrator from 203.0.113.180,1,privilege_escalation,Netherlands,Amsterdam,52.53535,4.7277
2026-04-28 00:13:35,WIN-SRV-DC01,Microsoft-Windows-Security-Auditing,Security,4672,Special privileges assigned to new logon,CORP,admin,WIN-RDP,203.0.113.26,22632,2,C:\\Program Files\\Microsoft Defender\\MsMpEng.exe,0x0,0x0,Special privileges assigned to suspicious account CORP\admin from 203.0.113.26,1,privilege_escalation,Russia,Moscow,55.57648,37.9047
2026-04-28 00:13:42,WIN10-FIN-014,Microsoft-Windows-Security-Auditing,Security,4625,An account failed to log on,EMPRESA,soporte,KALI,203.0.113.236,32860,3,C:\\Program Files\\Google\\Chrome\\Application\\chrome.exe,0xC000006D,0xC000006A,Failed logon for EMPRESA\soporte from 203.0.113.236; possible brute force,1,brute_force_logon,Netherlands,Amsterdam,52.12098,4.74916
2026-04-28 00:13:42,WIN11-SEC-022,Microsoft-Windows-Security-Auditing,Security,4625,An account failed to log on,EMPRESA,usuario,WIN-RDP,198.51.100.205,8134,10,C:\\Windows\\System32\\svchost.exe,0xC000006A,0xC0000064,Failed logon for EMPRESA\usuario from 198.51.100.205; possible brute force,1,brute_force_logon,United States,New York,40.56687,-73.97671
2026-04-28 00:13:49,WIN11-SEC-022,Microsoft-Windows-Security-Auditing,Security,1102,The audit log was cleared,EMPRESA,administrator,KALI,198.51.100.45,18967,2,C:\\Windows\\System32\\svchost.exe,0x0,0x0,Security audit log cleared by EMPRESA\administrator from 198.51.100.45,1,audit_log_cleared,South Africa,Johannesburg,-25.78405,27.92195
2026-04-28 00:13:52,WIN11-SEC-022,Microsoft-Windows-Security-Auditing,Security,4634,An account was logged off,CORP,svc_backup,PC-FIN-001,10.10.131.187,55584,7,C:\\Windows\\System32\\winlogon.exe,0x0,0x0,Logoff for CORP\svc_backup from workstation PC-FIN-001,0,none,Internal,LAN,,
2026-04-28 00:14:22,WIN-SRV-DC01,Microsoft-Windows-Security-Auditing,Security,4688,A new process has been created,CORP,soporte,WIN-RDP,192.0.2.153,20534,10,C:\\Windows\\System32\\reg.exe save HKLM\\SAM C:\\Temp\\sam.save,0x0,0x0,Suspicious process execution by CORP\soporte: C:\\Windows\\System32\\reg.exe save HKLM\\SAM C:\\Temp\\sam.save,1,suspicious_process_execution,Chile,Santiago,-33.78251,-70.26228
2026-04-28 00:15:13,WIN-SRV-FILE01,Microsoft-Windows-Security-Auditing,Security,4634,An account was logged off,LOCAL,helpdesk01,LAP-GER-003,10.10.192.64,52031,7,C:\\Program Files\\Microsoft Defender\\MsMpEng.exe,0x0,0x0,Logoff for LOCAL\helpdesk01 from workstation LAP-GER-003,0,none,Internal,LAN,,
2026-04-28 00:16:33,WIN-SRV-FILE01,Microsoft-Windows-Security-Auditing,Security,4688,A new process has been created,CORP,svc_backup,PC-FIN-001,10.10.78.152,60587,3,C:\\Windows\\System32\\svchost.exe,0x0,0x0,Process created by CORP\svc_backup: C:\\Windows\\System32\\svchost.exe,0,none,Internal,LAN,,
2026-04-28 00:16:41,WIN10-FIN-014,Microsoft-Windows-Security-Auditing,Security,4625,An account failed to log on,CORP,sqladmin,-,203.0.113.55,8168,10,C:\\Windows\\System32\\cmd.exe,0xC000006A,0xC0000064,Failed logon for CORP\sqladmin from 203.0.113.55; possible brute force,1,brute_force_logon,Russia,Moscow,55.55823,37.21232
2026-04-28 00:16:42,WIN10-FIN-014,Microsoft-Windows-Security-Auditing,Security,4732,A member was added to a security-enabled local group,LOCAL,guest,KALI,192.0.2.250,35540,3,C:\\Windows\\System32\\lsass.exe,0x0,0x0,Account LOCAL\guest added to local Administrators group from 192.0.2.250,1,admin_group_membership_added,Russia,Moscow,55.91047,37.67526
2026-04-28 00:16:48,WIN-SRV-FILE01,Microsoft-Windows-Security-Auditing,Security,4732,A member was added to a security-enabled local group,EMPRESA,guest,UNKNOWN,203.0.113.250,23381,7,C:\\Windows\\System32\\cmd.exe,0x0,0x0,Account EMPRESA\guest added to local Administrators group from 203.0.113.250,1,admin_group_membership_added,Peru,Lima,-11.6895,-77.46746
2026-04-28 00:17:23,WIN-SRV-DC01,Microsoft-Windows-Security-Auditing,Security,4624,An account was successfully logged on,EMPRESA,jperez,PC-OPS-014,172.16.20.58,62736,10,C:\\Program Files\\Google\\Chrome\\Application\\chrome.exe,0x0,0x0,Successful logon for EMPRESA\jperez from 172.16.20.58 using logon type 10,0,none,Internal,LAN,,
2026-04-28 00:17:45,WIN10-FIN-014,Microsoft-Windows-Security-Auditing,Security,4625,An account failed to log on,CORP,sqladmin,-,198.51.100.219,21889,10,C:\\Program Files\\Microsoft Defender\\MsMpEng.exe,0xC000006A,0xC0000064,Failed logon for CORP\sqladmin from 198.51.100.219; possible brute force,1,brute_force_logon,Spain,Madrid,40.41663,-3.29372
2026-04-28 00:17:49,WIN11-SEC-022,Microsoft-Windows-Security-Auditing,Security,4624,An account was successfully logged on,CORP,analista01,SRV-MON-001,10.10.115.170,60962,7,C:\\Windows\\System32\\lsass.exe,0x0,0x0,Successful logon for CORP\analista01 from 10.10.115.170 using logon type 7,0,none,Internal,LAN,,
2026-04-28 00:18:18,WIN-SRV-DC01,Microsoft-Windows-Security-Auditing,Security,4688,A new process has been created,EMPRESA,finanzas02,PC-OPS-014,192.168.1.61,62365,2,C:\\Windows\\System32\\cmd.exe,0x0,0x0,Process created by EMPRESA\finanzas02: C:\\Windows\\System32\\cmd.exe,0,none,Internal,LAN,,
2026-04-28 00:18:21,WIN-SRV-APP01,Microsoft-Windows-Security-Auditing,Security,4688,A new process has been created,CORP,mgarcia,PC-RRHH-002,10.10.73.185,63941,3,C:\\Program Files\\Google\\Chrome\\Application\\chrome.exe,0x0,0x0,Process created by CORP\mgarcia: C:\\Program Files\\Google\\Chrome\\Application\\chrome.exe,0,none,Internal,LAN,,
2026-04-28 00:18:42,WIN-SRV-APP01,Microsoft-Windows-Security-Auditing,Security,4625,An account failed to log on,CORP,admin,UNKNOWN,198.51.100.47,44792,3,C:\\Windows\\System32\\lsass.exe,0xC000006D,0xC000006A,Failed logon from 198.51.100.47 against multiple users; possible password spray,1,password_spray,India,Mumbai,19.40536,72.81096
2026-04-28 00:18:57,WIN-SRV-DC01,Microsoft-Windows-Security-Auditing,Security,4624,An account was successfully logged on,LOCAL,mgarcia,PC-OPS-014,172.16.20.153,53993,10,C:\\Windows\\System32\\cmd.exe,0x0,0x0,Successful logon for LOCAL\mgarcia from 172.16.20.153 using logon type 10,0,none,Internal,LAN,,
2026-04-28 00:19:02,WIN10-FIN-014,Microsoft-Windows-Security-Auditing,Security,4634,An account was logged off,CORP,alopez,PC-OPS-014,192.168.1.5,55860,2,C:\\Windows\\System32\\WindowsPowerShell\\v1.0\\powershell.exe,0x0,0x0,Logoff for CORP\alopez from workstation PC-OPS-014,0,none,Internal,LAN,,
2026-04-28 00:19:03,WIN11-SEC-022,Microsoft-Windows-Security-Auditing,Security,4648,A logon was attempted using explicit credentials,CORP,administrator,-,203.0.113.55,22106,2,C:\\Windows\\System32\\lsass.exe,0x0,0x0,Explicit credentials used suspiciously by CORP\administrator from 203.0.113.55,1,explicit_credentials_abuse,Japan,Tokyo,35.67842,139.70457
2026-04-28 00:19:27,WIN-SRV-DC01,Microsoft-Windows-Security-Auditing,Security,4624,An account was successfully logged on,LOCAL,admin.ops,KALI,203.0.113.88,45125,3,C:\\Windows\\System32\\cmd.exe,0x0,0x0,Successful remote administrative logon for LOCAL\admin.ops from external IP 203.0.113.88,1,suspicious_admin_logon,Spain,Madrid,40.78193,-3.45566
2026-04-28 00:19:56,WIN11-SEC-022,Microsoft-Windows-Security-Auditing,Security,4648,A logon was attempted using explicit credentials,EMPRESA,administrator,WIN-RDP,198.51.100.27,27702,3,C:\\Windows\\System32\\WindowsPowerShell\\v1.0\\powershell.exe,0x0,0x0,Explicit credentials used suspiciously by EMPRESA\administrator from 198.51.100.27,1,explicit_credentials_abuse,United States,New York,40.42166,-74.29007
2026-04-28 00:20:01,WIN11-SEC-022,Microsoft-Windows-Security-Auditing,Security,4688,A new process has been created,LOCAL,svc_backup,PC-OPS-014,10.10.186.55,51593,7,C:\\Windows\\System32\\cmd.exe,0x0,0x0,Process created by LOCAL\svc_backup: C:\\Windows\\System32\\cmd.exe,0,none,Internal,LAN,,
2026-04-28 00:20:10,WIN-SRV-APP01,Microsoft-Windows-Security-Auditing,Security,4625,An account failed to log on,EMPRESA,usuario,KALI,198.51.100.238,28181,3,C:\\Windows\\System32\\lsass.exe,0xC000006A,0xC0000064,Failed logon for EMPRESA\usuario from 198.51.100.238; possible brute force,1,brute_force_logon,Argentina,Buenos Aires,-34.56504,-58.3358
2026-04-28 00:20:23,WIN11-SEC-022,Microsoft-Windows-Security-Auditing,Security,4672,Special privileges assigned to new logon,LOCAL,admin,KALI,198.51.100.224,63494,3,C:\\Windows\\System32\\cmd.exe,0x0,0x0,Special privileges assigned to suspicious account LOCAL\admin from 198.51.100.224,1,privilege_escalation,Netherlands,Amsterdam,52.6011,4.68102
2026-04-28 00:20:42,WIN-SRV-DC01,Microsoft-Windows-Security-Auditing,Security,4625,An account failed to log on,LOCAL,admin,-,198.51.100.151,60187,3,C:\\Windows\\System32\\lsass.exe,0xC000006A,0xC000006A,Failed logon for LOCAL\admin from 198.51.100.151; possible brute force,1,brute_force_logon,Brazil,Sao Paulo,-23.44443,-47.0712
2026-04-28 00:20:47,WIN-SRV-APP01,Microsoft-Windows-Security-Auditing,Security,4625,An account failed to log on,CORP,soporte,KALI,203.0.113.37,37437,10,C:\\Windows\\System32\\WindowsPowerShell\\v1.0\\powershell.exe,0xC000006D,0xC000006A,Failed logon from 203.0.113.37 against multiple users; possible password spray,1,password_spray,Australia,Sydney,-33.85173,151.55429
2026-04-28 00:20:49,WIN10-FIN-014,Microsoft-Windows-Security-Auditing,Security,4648,A logon was attempted using explicit credentials,CORP,mgarcia,PC-FIN-001,192.168.1.12,49968,3,C:\\Windows\\System32\\svchost.exe,0x0,0x0,Explicit credentials used by CORP\mgarcia from PC-FIN-001,0,none,Internal,LAN,,
2026-04-28 00:20:50,WIN-SRV-FILE01,Microsoft-Windows-Security-Auditing,Security,4634,An account was logged off,CORP,finanzas02,PC-OPS-014,10.10.6.230,61024,3,C:\\Windows\\System32\\svchost.exe,0x0,0x0,Logoff for CORP\finanzas02 from workstation PC-OPS-014,0,none,Internal,LAN,,
2026-04-28 00:21:07,WIN-SRV-DC01,Microsoft-Windows-Security-Auditing,Security,4624,An account was successfully logged on,EMPRESA,lcastro,SRV-MON-001,172.16.20.212,55963,3,C:\\Windows\\System32\\svchost.exe,0x0,0x0,Successful logon for EMPRESA\lcastro from 172.16.20.212 using logon type 3,0,none,Internal,LAN,,
2026-04-28 00:21:10,WIN10-FIN-014,Microsoft-Windows-Security-Auditing,Security,4688,A new process has been created,LOCAL,soporte,ATTACKBOX,192.0.2.100,21823,7,"C:\\Windows\\System32\\rundll32.exe javascript:\\..\\mshtml,RunHTMLApplication",0x0,0x0,"Suspicious process execution by LOCAL\soporte: C:\\Windows\\System32\\rundll32.exe javascript:\\..\\mshtml,RunHTMLApplication",1,suspicious_process_execution,Australia,Sydney,-33.52241,151.35648
2026-04-28 00:21:33,WIN-SRV-FILE01,Microsoft-Windows-Security-Auditing,Security,4688,A new process has been created,CORP,backup,KALI,203.0.113.185,9982,10,C:\\Windows\\Temp\\update.exe,0x0,0x0,Suspicious process execution by CORP\backup: C:\\Windows\\Temp\\update.exe,1,suspicious_process_execution,Argentina,Buenos Aires,-34.72304,-58.45073
2026-04-28 00:21:40,WIN11-SEC-022,Microsoft-Windows-Security-Auditing,Security,4648,A logon was attempted using explicit credentials,EMPRESA,admin,KALI,203.0.113.38,3996,2,C:\\Windows\\System32\\winlogon.exe,0x0,0x0,Explicit credentials used suspiciously by EMPRESA\admin from 203.0.113.38,1,explicit_credentials_abuse,India,Mumbai,19.25196,73.12747
2026-04-28 00:22:12,WIN11-SEC-022,Microsoft-Windows-Security-Auditing,Security,4672,Special privileges assigned to new logon,EMPRESA,administrator,ATTACKBOX,198.51.100.50,52232,2,C:\\Windows\\System32\\cmd.exe,0x0,0x0,Special privileges assigned to suspicious account EMPRESA\administrator from 198.51.100.50,1,privilege_escalation,Netherlands,Amsterdam,52.05231,5.29348
2026-04-28 00:23:27,WIN-SRV-FILE01,Microsoft-Windows-Security-Auditing,Security,4625,An account failed to log on,CORP,oracle,UNKNOWN,192.0.2.3,3968,10,C:\\Program Files\\Microsoft Defender\\MsMpEng.exe,0xC000006D,0xC000006A,Failed logon from 192.0.2.3 against multiple users; possible password spray,1,password_spray,Spain,Madrid,40.64856,-3.77364
2026-04-28 00:24:36,WIN-SRV-DC01,Microsoft-Windows-Security-Auditing,Security,4672,Special privileges assigned to new logon,EMPRESA,administrator,ATTACKBOX,203.0.113.135,55211,10,C:\\Windows\\System32\\svchost.exe,0x0,0x0,Special privileges assigned to suspicious account EMPRESA\administrator from 203.0.113.135,1,privilege_escalation,Chile,Santiago,-33.57101,-70.46113
2026-04-28 00:24:52,WIN-SRV-DC01,Microsoft-Windows-Security-Auditing,Security,4625,An account failed to log on,CORP,test,-,198.51.100.165,14456,3,C:\\Windows\\System32\\lsass.exe,0xC000006A,0xC000006A,Failed logon for CORP\test from 198.51.100.165; possible brute force,1,brute_force_logon,Australia,Sydney,-34.17937,151.60812
2026-04-28 00:25:29,WIN-SRV-APP01,Microsoft-Windows-Security-Auditing,Security,4688,A new process has been created,CORP,analista01,PC-RRHH-002,192.168.1.100,59510,7,C:\\Windows\\System32\\WindowsPowerShell\\v1.0\\powershell.exe,0x0,0x0,Process created by CORP\analista01: C:\\Windows\\System32\\WindowsPowerShell\\v1.0\\powershell.exe,0,none,Internal,LAN,,
2026-04-28 00:25:53,WIN-SRV-DC01,Microsoft-Windows-Security-Auditing,Security,4688,A new process has been created,LOCAL,svc_monitor,SRV-MON-001,192.168.1.17,55400,10,C:\\Windows\\System32\\lsass.exe,0x0,0x0,Process created by LOCAL\svc_monitor: C:\\Windows\\System32\\lsass.exe,0,none,Internal,LAN,,
2026-04-28 00:26:02,WIN11-SEC-022,Microsoft-Windows-Security-Auditing,Security,4624,An account was successfully logged on,CORP,administrator,-,203.0.113.49,22707,3,C:\\Windows\\System32\\WindowsPowerShell\\v1.0\\powershell.exe,0x0,0x0,Successful remote administrative logon for CORP\administrator from external IP 203.0.113.49,1,suspicious_admin_logon,United States,New York,40.33624,-74.14249
2026-04-28 00:27:14,WIN-SRV-DC01,Microsoft-Windows-Security-Auditing,Security,4688,A new process has been created,CORP,alopez,PC-OPS-014,192.168.1.92,58939,7,C:\\Windows\\System32\\svchost.exe,0x0,0x0,Process created by CORP\alopez: C:\\Windows\\System32\\svchost.exe,0,none,Internal,LAN,,
2026-04-28 00:27:26,WIN-SRV-FILE01,Microsoft-Windows-Security-Auditing,Security,4672,Special privileges assigned to new logon,CORP,administrator,-,198.51.100.241,55459,2,C:\\Program Files\\Google\\Chrome\\Application\\chrome.exe,0x0,0x0,Special privileges assigned to suspicious account CORP\administrator from 198.51.100.241,1,privilege_escalation,Argentina,Buenos Aires,-34.53699,-58.52923
2026-04-28 00:27:30,WIN10-FIN-014,Microsoft-Windows-Security-Auditing,Security,4625,An account failed to log on,EMPRESA,soporte,WIN-RDP,192.0.2.33,48756,3,C:\\Windows\\System32\\lsass.exe,0xC000006A,0xC000006A,Failed logon for EMPRESA\soporte from 192.0.2.33; possible brute force,1,brute_force_logon,Mexico,Mexico City,19.79378,-99.39532
2026-04-28 00:28:00,WIN-SRV-APP01,Microsoft-Windows-Security-Auditing,Security,4672,Special privileges assigned to new logon,EMPRESA,jperez,LAP-GER-003,172.16.20.243,55995,3,C:\\Windows\\System32\\WindowsPowerShell\\v1.0\\powershell.exe,0x0,0x0,Special privileges assigned to EMPRESA\jperez,0,none,Internal,LAN,,
2026-04-28 00:28:52,WIN-SRV-FILE01,Microsoft-Windows-Security-Auditing,Security,1102,The audit log was cleared,CORP,soporte,KALI,198.51.100.240,47430,10,C:\\Windows\\System32\\svchost.exe,0x0,0x0,Security audit log cleared by CORP\soporte from 198.51.100.240,1,audit_log_cleared,Japan,Tokyo,35.65067,140.07997
2026-04-28 00:29:02,WIN-SRV-FILE01,Microsoft-Windows-Security-Auditing,Security,4625,An account failed to log on,EMPRESA,admin,ATTACKBOX,198.51.100.245,26402,3,C:\\Program Files\\Microsoft Defender\\MsMpEng.exe,0xC000006D,0xC000006A,Failed logon from 198.51.100.245 against multiple users; possible password spray,1,password_spray,China,Shanghai,31.41153,121.48862
2026-04-28 00:29:17,WIN-SRV-FILE01,Microsoft-Windows-Security-Auditing,Security,4625,An account failed to log on,EMPRESA,admin,ATTACKBOX,192.0.2.190,25125,10,C:\\Windows\\System32\\lsass.exe,0xC000006A,0xC000006A,Failed logon for EMPRESA\admin from 192.0.2.190; possible brute force,1,brute_force_logon,Mexico,Mexico City,19.42864,-98.93951
2026-04-28 00:29:30,WIN-SRV-DC01,Microsoft-Windows-Security-Auditing,Security,4672,Special privileges assigned to new logon,LOCAL,admin,WIN-RDP,198.51.100.229,54103,3,C:\\Program Files\\Microsoft Defender\\MsMpEng.exe,0x0,0x0,Special privileges assigned to suspicious account LOCAL\admin from 198.51.100.229,1,privilege_escalation,Mexico,Mexico City,19.13647,-98.77377
2026-04-28 00:29:46,WIN-SRV-DC01,Microsoft-Windows-Security-Auditing,Security,4625,An account failed to log on,CORP,sqladmin,-,203.0.113.15,58059,10,C:\\Windows\\System32\\lsass.exe,0xC000006D,0xC000006A,Failed logon from 203.0.113.15 against multiple users; possible password spray,1,password_spray,Japan,Tokyo,35.32078,139.70531
2026-04-28 00:30:11,WIN11-SEC-022,Microsoft-Windows-Security-Auditing,Security,4634,An account was logged off,LOCAL,svc_monitor,PC-OPS-014,172.16.20.236,61199,2,C:\\Program Files\\Google\\Chrome\\Application\\chrome.exe,0x0,0x0,Logoff for LOCAL\svc_monitor from workstation PC-OPS-014,0,none,Internal,LAN,,
2026-04-28 00:30:13,WIN-SRV-FILE01,Microsoft-Windows-Security-Auditing,Security,4625,An account failed to log on,LOCAL,usuario,-,203.0.113.21,4534,10,C:\\Windows\\System32\\svchost.exe,0xC000006D,0xC0000064,Failed logon for LOCAL\usuario from 203.0.113.21; possible brute force,1,brute_force_logon,Mexico,Mexico City,19.45451,-99.22307
2026-04-28 00:31:19,WIN-SRV-DC01,Microsoft-Windows-Security-Auditing,Security,4634,An account was logged off,CORP,lcastro,SRV-MON-001,172.16.20.104,59437,10,C:\\Windows\\System32\\cmd.exe,0x0,0x0,Logoff for CORP\lcastro from workstation SRV-MON-001,0,none,Internal,LAN,,
2026-04-28 00:31:21,WIN-SRV-FILE01,Microsoft-Windows-Security-Auditing,Security,4634,An account was logged off,CORP,jperez,LAP-GER-003,10.10.193.3,58275,3,C:\\Windows\\System32\\cmd.exe,0x0,0x0,Logoff for CORP\jperez from workstation LAP-GER-003,0,none,Internal,LAN,,
2026-04-28 00:31:21,WIN10-FIN-014,Microsoft-Windows-Security-Auditing,Security,4624,An account was successfully logged on,EMPRESA,jperez,PC-RRHH-002,10.10.49.40,57258,2,C:\\Windows\\System32\\winlogon.exe,0x0,0x0,Successful logon for EMPRESA\jperez from 10.10.49.40 using logon type 2,0,none,Internal,LAN,,
2026-04-28 00:31:48,WIN11-SEC-022,Microsoft-Windows-Security-Auditing,Security,4625,An account failed to log on,LOCAL,test,ATTACKBOX,198.51.100.41,60487,3,C:\\Windows\\System32\\WindowsPowerShell\\v1.0\\powershell.exe,0xC000006A,0xC0000064,Failed logon for LOCAL\test from 198.51.100.41; possible brute force,1,brute_force_logon,Brazil,Sao Paulo,-23.453,-47.06439
2026-04-28 00:31:56,WIN-SRV-DC01,Microsoft-Windows-Security-Auditing,Security,4625,An account failed to log on,LOCAL,administrator,UNKNOWN,192.0.2.73,7983,3,C:\\Windows\\System32\\cmd.exe,0xC000006D,0xC000006A,Failed logon from 192.0.2.73 against multiple users; possible password spray,1,password_spray,Russia,Moscow,55.42944,37.44156
2026-04-28 00:31:58,WIN10-FIN-014,Microsoft-Windows-Security-Auditing,Security,4688,A new process has been created,LOCAL,lcastro,LAP-GER-003,192.168.1.234,55178,3,C:\\Windows\\System32\\WindowsPowerShell\\v1.0\\powershell.exe,0x0,0x0,Process created by LOCAL\lcastro: C:\\Windows\\System32\\WindowsPowerShell\\v1.0\\powershell.exe,0,none,Internal,LAN,,
2026-04-28 00:32:01,WIN10-FIN-014,Microsoft-Windows-Security-Auditing,Security,4688,A new process has been created,CORP,dtorres,PC-FIN-001,192.168.1.98,61284,2,C:\\Windows\\System32\\WindowsPowerShell\\v1.0\\powershell.exe,0x0,0x0,Process created by CORP\dtorres: C:\\Windows\\System32\\WindowsPowerShell\\v1.0\\powershell.exe,0,none,Internal,LAN,,
2026-04-28 00:32:17,WIN11-SEC-022,Microsoft-Windows-Security-Auditing,Security,4624,An account was successfully logged on,LOCAL,svc_monitor,PC-FIN-001,192.168.1.51,60276,7,C:\\Program Files\\Google\\Chrome\\Application\\chrome.exe,0x0,0x0,Successful logon for LOCAL\svc_monitor from 192.168.1.51 using logon type 7,0,none,Internal,LAN,,
2026-04-28 00:32:18,WIN-SRV-FILE01,Microsoft-Windows-Security-Auditing,Security,4634,An account was logged off,CORP,svc_monitor,PC-FIN-001,172.16.20.31,58580,2,C:\\Windows\\System32\\winlogon.exe,0x0,0x0,Logoff for CORP\svc_monitor from workstation PC-FIN-001,0,none,Internal,LAN,,
2026-04-28 00:32:33,WIN-SRV-DC01,Microsoft-Windows-Security-Auditing,Security,4625,An account failed to log on,EMPRESA,soporte,KALI,203.0.113.225,21463,3,C:\\Program Files\\Microsoft Defender\\MsMpEng.exe,0xC000006D,0xC000006A,Failed logon from 203.0.113.225 against multiple users; possible password spray,1,password_spray,Australia,Sydney,-33.9227,151.14407
2026-04-28 00:32:41,WIN-SRV-APP01,Microsoft-Windows-Security-Auditing,Security,4688,A new process has been created,LOCAL,test,ATTACKBOX,198.51.100.64,27341,2,C:\\Windows\\System32\\net.exe localgroup administrators soporte /add,0x0,0x0,Suspicious process execution by LOCAL\test: C:\\Windows\\System32\\net.exe localgroup administrators soporte /add,1,suspicious_process_execution,Peru,Lima,-12.47206,-76.70169
2026-04-28 00:33:24,WIN-SRV-APP01,Microsoft-Windows-Security-Auditing,Security,4688,A new process has been created,EMPRESA,usuario,KALI,198.51.100.91,25840,10,C:\\Windows\\System32\\WindowsPowerShell\\v1.0\\powershell.exe -enc JABXAGMAbABpAGUAbgB0,0x0,0x0,Suspicious process execution by EMPRESA\usuario: C:\\Windows\\System32\\WindowsPowerShell\\v1.0\\powershell.exe -enc JABXAGMAbABpAGUAbgB0,1,suspicious_process_execution,United States,New York,41.07835,-73.61481
2026-04-28 00:33:57,WIN-SRV-APP01,Microsoft-Windows-Security-Auditing,Security,4624,An account was successfully logged on,CORP,jperez,PC-FIN-001,192.168.1.156,55309,2,C:\\Windows\\System32\\svchost.exe,0x0,0x0,Successful logon for CORP\jperez from 192.168.1.156 using logon type 2,0,none,Internal,LAN,,
2026-04-28 00:34:01,WIN-SRV-APP01,Microsoft-Windows-Security-Auditing,Security,4648,A logon was attempted using explicit credentials,CORP,lcastro,SRV-MON-001,172.16.20.55,61259,10,C:\\Windows\\System32\\WindowsPowerShell\\v1.0\\powershell.exe,0x0,0x0,Explicit credentials used by CORP\lcastro from SRV-MON-001,0,none,Internal,LAN,,
2026-04-28 00:34:45,WIN10-FIN-014,Microsoft-Windows-Security-Auditing,Security,4720,A user account was created,EMPRESA,soporte2,UNKNOWN,192.0.2.34,47385,7,C:\\Windows\\System32\\svchost.exe,0x0,0x0,Suspicious user account created: EMPRESA\soporte2 from 192.0.2.34,1,account_creation,India,Mumbai,18.96618,72.75806
2026-04-28 00:36:21,WIN10-FIN-014,Microsoft-Windows-Security-Auditing,Security,4624,An account was successfully logged on,LOCAL,lcastro,PC-RRHH-002,10.10.79.106,63263,3,C:\\Windows\\System32\\svchost.exe,0x0,0x0,Successful logon for LOCAL\lcastro from 10.10.79.106 using logon type 3,0,none,Internal,LAN,,
2026-04-28 00:36:38,WIN-SRV-FILE01,Microsoft-Windows-Security-Auditing,Security,4624,An account was successfully logged on,LOCAL,finanzas02,PC-FIN-001,10.10.66.246,57645,7,C:\\Program Files\\Microsoft Defender\\MsMpEng.exe,0x0,0x0,Successful logon for LOCAL\finanzas02 from 10.10.66.246 using logon type 7,0,none,Internal,LAN,,
2026-04-28 00:36:44,WIN-SRV-APP01,Microsoft-Windows-Security-Auditing,Security,4648,A logon was attempted using explicit credentials,CORP,administrator,UNKNOWN,203.0.113.143,42155,7,C:\\Program Files\\Microsoft Defender\\MsMpEng.exe,0x0,0x0,Explicit credentials used suspiciously by CORP\administrator from 203.0.113.143,1,explicit_credentials_abuse,China,Shanghai,31.06796,121.21755
