2026-04-27 19:48:28,WIN-SRV-DC01,Microsoft-Windows-Security-Auditing,Security,4688,A new process has been created,CORP,analista01,LAP-GER-003,10.10.36.62,57189,7,C:\\Windows\\System32\\winlogon.exe,0x0,0x0,Process created by CORP\analista01: C:\\Windows\\System32\\winlogon.exe,0,none,Internal,LAN,,
2026-04-27 19:48:50,WIN-SRV-DC01,Microsoft-Windows-Security-Auditing,Security,4688,A new process has been created,CORP,finanzas02,SRV-MON-001,192.168.1.21,50726,3,C:\\Program Files\\Microsoft Defender\\MsMpEng.exe,0x0,0x0,Process created by CORP\finanzas02: C:\\Program Files\\Microsoft Defender\\MsMpEng.exe,0,none,Internal,LAN,,
2026-04-27 19:51:18,WIN-SRV-APP01,Microsoft-Windows-Security-Auditing,Security,4634,An account was logged off,CORP,alopez,PC-FIN-001,172.16.20.194,49301,3,C:\\Windows\\System32\\lsass.exe,0x0,0x0,Logoff for CORP\alopez from workstation PC-FIN-001,0,none,Internal,LAN,,
2026-04-27 19:52:34,WIN-SRV-APP01,Microsoft-Windows-Security-Auditing,Security,4688,A new process has been created,EMPRESA,alopez,PC-FIN-001,172.16.20.54,62313,3,C:\\Windows\\System32\\cmd.exe,0x0,0x0,Process created by EMPRESA\alopez: C:\\Windows\\System32\\cmd.exe,0,none,Internal,LAN,,
2026-04-27 19:54:28,WIN-SRV-FILE01,Microsoft-Windows-Security-Auditing,Security,4624,An account was successfully logged on,CORP,analista01,SRV-MON-001,192.168.1.247,53968,3,C:\\Windows\\System32\\svchost.exe,0x0,0x0,Successful logon for CORP\analista01 from 192.168.1.247 using logon type 3,0,none,Internal,LAN,,
2026-04-27 19:57:21,WIN-SRV-DC01,Microsoft-Windows-Security-Auditing,Security,4688,A new process has been created,EMPRESA,svc_monitor,LAP-GER-003,10.10.57.198,61540,2,C:\\Program Files\\Google\\Chrome\\Application\\chrome.exe,0x0,0x0,Process created by EMPRESA\svc_monitor: C:\\Program Files\\Google\\Chrome\\Application\\chrome.exe,0,none,Internal,LAN,,
2026-04-27 19:57:32,WIN-SRV-DC01,Microsoft-Windows-Security-Auditing,Security,4624,An account was successfully logged on,LOCAL,svc_backup,PC-FIN-001,192.168.1.139,57624,3,C:\\Windows\\System32\\WindowsPowerShell\\v1.0\\powershell.exe,0x0,0x0,Successful logon for LOCAL\svc_backup from 192.168.1.139 using logon type 3,0,none,Internal,LAN,,
2026-04-27 19:59:50,WIN11-SEC-022,Microsoft-Windows-Security-Auditing,Security,4634,An account was logged off,EMPRESA,admin.ops,LAP-GER-003,10.10.187.93,60129,3,C:\\Windows\\System32\\cmd.exe,0x0,0x0,Logoff for EMPRESA\admin.ops from workstation LAP-GER-003,0,none,Internal,LAN,,
2026-04-27 20:00:06,WIN-SRV-DC01,Microsoft-Windows-Security-Auditing,Security,4624,An account was successfully logged on,LOCAL,dtorres,PC-RRHH-002,192.168.1.251,55269,10,C:\\Windows\\System32\\cmd.exe,0x0,0x0,Successful logon for LOCAL\dtorres from 192.168.1.251 using logon type 10,0,none,Internal,LAN,,
2026-04-27 20:02:23,WIN-SRV-APP01,Microsoft-Windows-Security-Auditing,Security,4624,An account was successfully logged on,EMPRESA,crojas,LAP-GER-003,10.10.101.233,55401,10,C:\\Windows\\System32\\cmd.exe,0x0,0x0,Successful logon for EMPRESA\crojas from 10.10.101.233 using logon type 10,0,none,Internal,LAN,,
2026-04-27 20:02:27,WIN-SRV-DC01,Microsoft-Windows-Security-Auditing,Security,4648,A logon was attempted using explicit credentials,LOCAL,jperez,PC-FIN-001,10.10.136.236,52241,2,C:\\Program Files\\Microsoft Defender\\MsMpEng.exe,0x0,0x0,Explicit credentials used by LOCAL\jperez from PC-FIN-001,0,none,Internal,LAN,,
2026-04-27 20:03:14,WIN-SRV-APP01,Microsoft-Windows-Security-Auditing,Security,4624,An account was successfully logged on,LOCAL,svc_monitor,PC-FIN-001,172.16.20.3,50147,7,C:\\Program Files\\Google\\Chrome\\Application\\chrome.exe,0x0,0x0,Successful logon for LOCAL\svc_monitor from 172.16.20.3 using logon type 7,0,none,Internal,LAN,,
2026-04-27 20:03:49,WIN-SRV-FILE01,Microsoft-Windows-Security-Auditing,Security,4624,An account was successfully logged on,LOCAL,svc_backup,LAP-GER-003,192.168.1.179,49942,3,C:\\Windows\\System32\\svchost.exe,0x0,0x0,Successful logon for LOCAL\svc_backup from 192.168.1.179 using logon type 3,0,none,Internal,LAN,,
2026-04-27 20:04:09,WIN11-SEC-022,Microsoft-Windows-Security-Auditing,Security,4624,An account was successfully logged on,CORP,jperez,PC-FIN-001,192.168.1.126,53168,3,C:\\Windows\\System32\\winlogon.exe,0x0,0x0,Successful logon for CORP\jperez from 192.168.1.126 using logon type 3,0,none,Internal,LAN,,
2026-04-27 20:04:51,WIN10-FIN-014,Microsoft-Windows-Security-Auditing,Security,4624,An account was successfully logged on,LOCAL,admin.ops,LAP-GER-003,192.168.1.26,51909,7,C:\\Windows\\System32\\svchost.exe,0x0,0x0,Successful logon for LOCAL\admin.ops from 192.168.1.26 using logon type 7,0,none,Internal,LAN,,
2026-04-27 20:05:43,WIN-SRV-FILE01,Microsoft-Windows-Security-Auditing,Security,4624,An account was successfully logged on,LOCAL,admin.ops,PC-FIN-001,172.16.20.188,53131,7,C:\\Windows\\System32\\cmd.exe,0x0,0x0,Successful logon for LOCAL\admin.ops from 172.16.20.188 using logon type 7,0,none,Internal,LAN,,
2026-04-27 20:07:52,WIN11-SEC-022,Microsoft-Windows-Security-Auditing,Security,4624,An account was successfully logged on,EMPRESA,finanzas02,SRV-MON-001,192.168.1.157,52683,10,C:\\Program Files\\Microsoft Defender\\MsMpEng.exe,0x0,0x0,Successful logon for EMPRESA\finanzas02 from 192.168.1.157 using logon type 10,0,none,Internal,LAN,,
2026-04-27 20:09:36,WIN11-SEC-022,Microsoft-Windows-Security-Auditing,Security,4624,An account was successfully logged on,EMPRESA,helpdesk01,SRV-MON-001,172.16.20.95,55564,2,C:\\Program Files\\Google\\Chrome\\Application\\chrome.exe,0x0,0x0,Successful logon for EMPRESA\helpdesk01 from 172.16.20.95 using logon type 2,0,none,Internal,LAN,,
2026-04-27 20:10:34,WIN-SRV-APP01,Microsoft-Windows-Security-Auditing,Security,4624,An account was successfully logged on,LOCAL,alopez,LAP-GER-003,10.10.126.73,50719,2,C:\\Windows\\System32\\winlogon.exe,0x0,0x0,Successful logon for LOCAL\alopez from 10.10.126.73 using logon type 2,0,none,Internal,LAN,,
2026-04-27 20:10:38,WIN-SRV-DC01,Microsoft-Windows-Security-Auditing,Security,4624,An account was successfully logged on,LOCAL,helpdesk01,SRV-MON-001,192.168.1.160,54873,10,C:\\Program Files\\Google\\Chrome\\Application\\chrome.exe,0x0,0x0,Successful logon for LOCAL\helpdesk01 from 192.168.1.160 using logon type 10,0,none,Internal,LAN,,
2026-04-27 20:10:50,WIN-SRV-DC01,Microsoft-Windows-Security-Auditing,Security,4624,An account was successfully logged on,CORP,lcastro,PC-OPS-014,192.168.1.64,62659,2,C:\\Program Files\\Microsoft Defender\\MsMpEng.exe,0x0,0x0,Successful logon for CORP\lcastro from 192.168.1.64 using logon type 2,0,none,Internal,LAN,,
2026-04-27 20:11:58,WIN11-SEC-022,Microsoft-Windows-Security-Auditing,Security,4624,An account was successfully logged on,CORP,crojas,PC-FIN-001,10.10.9.174,51228,3,C:\\Windows\\System32\\cmd.exe,0x0,0x0,Successful logon for CORP\crojas from 10.10.9.174 using logon type 3,0,none,Internal,LAN,,
2026-04-27 20:13:29,WIN11-SEC-022,Microsoft-Windows-Security-Auditing,Security,4688,A new process has been created,CORP,analista01,PC-FIN-001,172.16.20.231,57918,2,C:\\Windows\\System32\\winlogon.exe,0x0,0x0,Process created by CORP\analista01: C:\\Windows\\System32\\winlogon.exe,0,none,Internal,LAN,,
2026-04-27 20:13:46,WIN-SRV-FILE01,Microsoft-Windows-Security-Auditing,Security,4624,An account was successfully logged on,LOCAL,helpdesk01,PC-FIN-001,192.168.1.100,58728,10,C:\\Program Files\\Microsoft Defender\\MsMpEng.exe,0x0,0x0,Successful logon for LOCAL\helpdesk01 from 192.168.1.100 using logon type 10,0,none,Internal,LAN,,
2026-04-27 20:15:12,WIN11-SEC-022,Microsoft-Windows-Security-Auditing,Security,4624,An account was successfully logged on,EMPRESA,lcastro,PC-RRHH-002,172.16.20.136,55725,2,C:\\Windows\\System32\\svchost.exe,0x0,0x0,Successful logon for EMPRESA\lcastro from 172.16.20.136 using logon type 2,0,none,Internal,LAN,,
2026-04-27 20:15:52,WIN-SRV-FILE01,Microsoft-Windows-Security-Auditing,Security,4624,An account was successfully logged on,EMPRESA,crojas,SRV-MON-001,10.10.18.145,50671,7,C:\\Windows\\System32\\cmd.exe,0x0,0x0,Successful logon for EMPRESA\crojas from 10.10.18.145 using logon type 7,0,none,Internal,LAN,,
2026-04-27 20:16:42,WIN-SRV-APP01,Microsoft-Windows-Security-Auditing,Security,4634,An account was logged off,LOCAL,mgarcia,PC-RRHH-002,10.10.200.234,55060,10,C:\\Windows\\System32\\winlogon.exe,0x0,0x0,Logoff for LOCAL\mgarcia from workstation PC-RRHH-002,0,none,Internal,LAN,,
2026-04-27 20:17:17,WIN11-SEC-022,Microsoft-Windows-Security-Auditing,Security,4624,An account was successfully logged on,EMPRESA,admin.ops,PC-RRHH-002,192.168.1.158,59040,3,C:\\Windows\\System32\\lsass.exe,0x0,0x0,Successful logon for EMPRESA\admin.ops from 192.168.1.158 using logon type 3,0,none,Internal,LAN,,
2026-04-27 20:17:19,WIN-SRV-DC01,Microsoft-Windows-Security-Auditing,Security,4634,An account was logged off,CORP,svc_backup,LAP-GER-003,172.16.20.180,57079,10,C:\\Program Files\\Microsoft Defender\\MsMpEng.exe,0x0,0x0,Logoff for CORP\svc_backup from workstation LAP-GER-003,0,none,Internal,LAN,,
2026-04-27 20:19:02,WIN-SRV-DC01,Microsoft-Windows-Security-Auditing,Security,4624,An account was successfully logged on,EMPRESA,jperez,LAP-GER-003,172.16.20.241,53767,10,C:\\Program Files\\Microsoft Defender\\MsMpEng.exe,0x0,0x0,Successful logon for EMPRESA\jperez from 172.16.20.241 using logon type 10,0,none,Internal,LAN,,
2026-04-27 20:23:29,WIN10-FIN-014,Microsoft-Windows-Security-Auditing,Security,4634,An account was logged off,LOCAL,alopez,PC-FIN-001,172.16.20.213,59317,7,C:\\Windows\\System32\\lsass.exe,0x0,0x0,Logoff for LOCAL\alopez from workstation PC-FIN-001,0,none,Internal,LAN,,
2026-04-27 20:25:28,WIN-SRV-APP01,Microsoft-Windows-Security-Auditing,Security,4688,A new process has been created,CORP,dtorres,SRV-MON-001,192.168.1.16,62356,7,C:\\Program Files\\Microsoft Defender\\MsMpEng.exe,0x0,0x0,Process created by CORP\dtorres: C:\\Program Files\\Microsoft Defender\\MsMpEng.exe,0,none,Internal,LAN,,
2026-04-27 20:26:21,WIN11-SEC-022,Microsoft-Windows-Security-Auditing,Security,4624,An account was successfully logged on,CORP,alopez,PC-OPS-014,172.16.20.98,62031,2,C:\\Windows\\System32\\cmd.exe,0x0,0x0,Successful logon for CORP\alopez from 172.16.20.98 using logon type 2,0,none,Internal,LAN,,
2026-04-27 20:28:14,WIN-SRV-DC01,Microsoft-Windows-Security-Auditing,Security,4688,A new process has been created,CORP,svc_monitor,SRV-MON-001,10.10.229.21,62129,7,C:\\Windows\\System32\\winlogon.exe,0x0,0x0,Process created by CORP\svc_monitor: C:\\Windows\\System32\\winlogon.exe,0,none,Internal,LAN,,
2026-04-27 20:28:18,WIN-SRV-APP01,Microsoft-Windows-Security-Auditing,Security,4672,Special privileges assigned to new logon,EMPRESA,svc_monitor,PC-FIN-001,172.16.20.94,58243,10,C:\\Windows\\System32\\lsass.exe,0x0,0x0,Special privileges assigned to EMPRESA\svc_monitor,0,none,Internal,LAN,,
2026-04-27 20:29:27,WIN-SRV-FILE01,Microsoft-Windows-Security-Auditing,Security,4624,An account was successfully logged on,EMPRESA,helpdesk01,SRV-MON-001,172.16.20.200,52438,7,C:\\Program Files\\Microsoft Defender\\MsMpEng.exe,0x0,0x0,Successful logon for EMPRESA\helpdesk01 from 172.16.20.200 using logon type 7,0,none,Internal,LAN,,
2026-04-27 20:29:58,WIN-SRV-DC01,Microsoft-Windows-Security-Auditing,Security,4634,An account was logged off,CORP,lcastro,PC-RRHH-002,10.10.130.208,49814,10,C:\\Program Files\\Microsoft Defender\\MsMpEng.exe,0x0,0x0,Logoff for CORP\lcastro from workstation PC-RRHH-002,0,none,Internal,LAN,,
2026-04-27 20:30:57,WIN-SRV-FILE01,Microsoft-Windows-Security-Auditing,Security,4688,A new process has been created,LOCAL,alopez,PC-FIN-001,10.10.205.95,58118,3,C:\\Windows\\System32\\winlogon.exe,0x0,0x0,Process created by LOCAL\alopez: C:\\Windows\\System32\\winlogon.exe,0,none,Internal,LAN,,
2026-04-27 20:31:24,WIN11-SEC-022,Microsoft-Windows-Security-Auditing,Security,4688,A new process has been created,LOCAL,svc_monitor,SRV-MON-001,10.10.214.126,59312,2,C:\\Windows\\System32\\WindowsPowerShell\\v1.0\\powershell.exe,0x0,0x0,Process created by LOCAL\svc_monitor: C:\\Windows\\System32\\WindowsPowerShell\\v1.0\\powershell.exe,0,none,Internal,LAN,,
2026-04-27 20:32:21,WIN-SRV-DC01,Microsoft-Windows-Security-Auditing,Security,4624,An account was successfully logged on,CORP,svc_backup,SRV-MON-001,192.168.1.133,59306,10,C:\\Windows\\System32\\cmd.exe,0x0,0x0,Successful logon for CORP\svc_backup from 192.168.1.133 using logon type 10,0,none,Internal,LAN,,
2026-04-27 20:32:54,WIN10-FIN-014,Microsoft-Windows-Security-Auditing,Security,4624,An account was successfully logged on,EMPRESA,alopez,PC-FIN-001,10.10.156.250,61305,2,C:\\Program Files\\Google\\Chrome\\Application\\chrome.exe,0x0,0x0,Successful logon for EMPRESA\alopez from 10.10.156.250 using logon type 2,0,none,Internal,LAN,,
2026-04-27 20:33:00,WIN10-FIN-014,Microsoft-Windows-Security-Auditing,Security,4624,An account was successfully logged on,CORP,svc_backup,PC-RRHH-002,172.16.20.41,63706,3,C:\\Windows\\System32\\svchost.exe,0x0,0x0,Successful logon for CORP\svc_backup from 172.16.20.41 using logon type 3,0,none,Internal,LAN,,
2026-04-27 20:34:49,WIN-SRV-FILE01,Microsoft-Windows-Security-Auditing,Security,4624,An account was successfully logged on,EMPRESA,alopez,LAP-GER-003,10.10.106.115,55700,3,C:\\Windows\\System32\\lsass.exe,0x0,0x0,Successful logon for EMPRESA\alopez from 10.10.106.115 using logon type 3,0,none,Internal,LAN,,
2026-04-27 20:34:56,WIN10-FIN-014,Microsoft-Windows-Security-Auditing,Security,4634,An account was logged off,LOCAL,mgarcia,LAP-GER-003,192.168.1.178,56984,10,C:\\Windows\\System32\\WindowsPowerShell\\v1.0\\powershell.exe,0x0,0x0,Logoff for LOCAL\mgarcia from workstation LAP-GER-003,0,none,Internal,LAN,,
2026-04-27 20:37:58,WIN-SRV-FILE01,Microsoft-Windows-Security-Auditing,Security,4672,Special privileges assigned to new logon,CORP,crojas,PC-FIN-001,10.10.56.121,57615,3,C:\\Windows\\System32\\WindowsPowerShell\\v1.0\\powershell.exe,0x0,0x0,Special privileges assigned to CORP\crojas,0,none,Internal,LAN,,
2026-04-27 20:41:30,WIN-SRV-FILE01,Microsoft-Windows-Security-Auditing,Security,4624,An account was successfully logged on,EMPRESA,lcastro,PC-OPS-014,192.168.1.116,61155,3,C:\\Windows\\System32\\svchost.exe,0x0,0x0,Successful logon for EMPRESA\lcastro from 192.168.1.116 using logon type 3,0,none,Internal,LAN,,
2026-04-27 20:43:00,WIN10-FIN-014,Microsoft-Windows-Security-Auditing,Security,4688,A new process has been created,CORP,finanzas02,LAP-GER-003,192.168.1.123,60901,10,C:\\Windows\\System32\\cmd.exe,0x0,0x0,Process created by CORP\finanzas02: C:\\Windows\\System32\\cmd.exe,0,none,Internal,LAN,,
2026-04-27 20:45:28,WIN-SRV-APP01,Microsoft-Windows-Security-Auditing,Security,4634,An account was logged off,EMPRESA,svc_monitor,PC-RRHH-002,192.168.1.183,56069,7,C:\\Windows\\System32\\winlogon.exe,0x0,0x0,Logoff for EMPRESA\svc_monitor from workstation PC-RRHH-002,0,none,Internal,LAN,,
2026-04-27 20:45:49,WIN11-SEC-022,Microsoft-Windows-Security-Auditing,Security,4634,An account was logged off,EMPRESA,analista01,PC-FIN-001,10.10.140.3,63672,10,C:\\Windows\\System32\\cmd.exe,0x0,0x0,Logoff for EMPRESA\analista01 from workstation PC-FIN-001,0,none,Internal,LAN,,
2026-04-27 20:47:55,WIN-SRV-DC01,Microsoft-Windows-Security-Auditing,Security,4624,An account was successfully logged on,CORP,analista01,PC-OPS-014,172.16.20.185,55797,2,C:\\Windows\\System32\\lsass.exe,0x0,0x0,Successful logon for CORP\analista01 from 172.16.20.185 using logon type 2,0,none,Internal,LAN,,
2026-04-27 20:49:43,WIN11-SEC-022,Microsoft-Windows-Security-Auditing,Security,4624,An account was successfully logged on,CORP,crojas,LAP-GER-003,192.168.1.228,61266,10,C:\\Program Files\\Google\\Chrome\\Application\\chrome.exe,0x0,0x0,Successful logon for CORP\crojas from 192.168.1.228 using logon type 10,0,none,Internal,LAN,,
2026-04-27 20:50:29,WIN-SRV-FILE01,Microsoft-Windows-Security-Auditing,Security,4634,An account was logged off,CORP,crojas,PC-FIN-001,192.168.1.21,65198,10,C:\\Windows\\System32\\lsass.exe,0x0,0x0,Logoff for CORP\crojas from workstation PC-FIN-001,0,none,Internal,LAN,,
2026-04-27 20:50:48,WIN-SRV-APP01,Microsoft-Windows-Security-Auditing,Security,4624,An account was successfully logged on,LOCAL,helpdesk01,SRV-MON-001,172.16.20.133,57660,10,C:\\Program Files\\Microsoft Defender\\MsMpEng.exe,0x0,0x0,Successful logon for LOCAL\helpdesk01 from 172.16.20.133 using logon type 10,0,none,Internal,LAN,,
2026-04-27 20:51:31,WIN-SRV-DC01,Microsoft-Windows-Security-Auditing,Security,4624,An account was successfully logged on,LOCAL,crojas,PC-RRHH-002,10.10.225.147,49461,7,C:\\Windows\\System32\\svchost.exe,0x0,0x0,Successful logon for LOCAL\crojas from 10.10.225.147 using logon type 7,0,none,Internal,LAN,,
2026-04-27 20:51:33,WIN10-FIN-014,Microsoft-Windows-Security-Auditing,Security,4624,An account was successfully logged on,LOCAL,mgarcia,PC-FIN-001,172.16.20.155,52173,10,C:\\Windows\\System32\\WindowsPowerShell\\v1.0\\powershell.exe,0x0,0x0,Successful logon for LOCAL\mgarcia from 172.16.20.155 using logon type 10,0,none,Internal,LAN,,
2026-04-27 20:51:53,WIN-SRV-FILE01,Microsoft-Windows-Security-Auditing,Security,4624,An account was successfully logged on,EMPRESA,finanzas02,LAP-GER-003,10.10.108.217,49500,7,C:\\Windows\\System32\\lsass.exe,0x0,0x0,Successful logon for EMPRESA\finanzas02 from 10.10.108.217 using logon type 7,0,none,Internal,LAN,,
2026-04-27 20:53:34,WIN-SRV-DC01,Microsoft-Windows-Security-Auditing,Security,4634,An account was logged off,EMPRESA,alopez,PC-FIN-001,192.168.1.80,57215,10,C:\\Windows\\System32\\svchost.exe,0x0,0x0,Logoff for EMPRESA\alopez from workstation PC-FIN-001,0,none,Internal,LAN,,
2026-04-27 20:53:39,WIN-SRV-FILE01,Microsoft-Windows-Security-Auditing,Security,4688,A new process has been created,LOCAL,lcastro,PC-FIN-001,172.16.20.52,54189,2,C:\\Windows\\System32\\winlogon.exe,0x0,0x0,Process created by LOCAL\lcastro: C:\\Windows\\System32\\winlogon.exe,0,none,Internal,LAN,,
2026-04-27 20:54:43,WIN-SRV-DC01,Microsoft-Windows-Security-Auditing,Security,4624,An account was successfully logged on,EMPRESA,admin.ops,SRV-MON-001,10.10.142.223,56813,7,C:\\Program Files\\Google\\Chrome\\Application\\chrome.exe,0x0,0x0,Successful logon for EMPRESA\admin.ops from 10.10.142.223 using logon type 7,0,none,Internal,LAN,,
2026-04-27 20:54:45,WIN-SRV-DC01,Microsoft-Windows-Security-Auditing,Security,4624,An account was successfully logged on,LOCAL,jperez,SRV-MON-001,172.16.20.122,59702,7,C:\\Windows\\System32\\svchost.exe,0x0,0x0,Successful logon for LOCAL\jperez from 172.16.20.122 using logon type 7,0,none,Internal,LAN,,
2026-04-27 20:55:53,WIN-SRV-DC01,Microsoft-Windows-Security-Auditing,Security,4624,An account was successfully logged on,CORP,mgarcia,PC-RRHH-002,172.16.20.78,53805,7,C:\\Windows\\System32\\lsass.exe,0x0,0x0,Successful logon for CORP\mgarcia from 172.16.20.78 using logon type 7,0,none,Internal,LAN,,
2026-04-27 20:56:42,WIN-SRV-DC01,Microsoft-Windows-Security-Auditing,Security,4688,A new process has been created,LOCAL,admin.ops,PC-OPS-014,10.10.142.69,63002,2,C:\\Program Files\\Google\\Chrome\\Application\\chrome.exe,0x0,0x0,Process created by LOCAL\admin.ops: C:\\Program Files\\Google\\Chrome\\Application\\chrome.exe,0,none,Internal,LAN,,
2026-04-27 20:56:56,WIN-SRV-FILE01,Microsoft-Windows-Security-Auditing,Security,4634,An account was logged off,CORP,svc_backup,PC-OPS-014,192.168.1.111,61965,7,C:\\Windows\\System32\\svchost.exe,0x0,0x0,Logoff for CORP\svc_backup from workstation PC-OPS-014,0,none,Internal,LAN,,
2026-04-27 20:57:38,WIN10-FIN-014,Microsoft-Windows-Security-Auditing,Security,4634,An account was logged off,EMPRESA,lcastro,SRV-MON-001,192.168.1.201,52614,10,C:\\Windows\\System32\\winlogon.exe,0x0,0x0,Logoff for EMPRESA\lcastro from workstation SRV-MON-001,0,none,Internal,LAN,,
2026-04-27 20:59:12,WIN-SRV-FILE01,Microsoft-Windows-Security-Auditing,Security,4688,A new process has been created,LOCAL,admin.ops,PC-RRHH-002,172.16.20.8,52551,10,C:\\Program Files\\Microsoft Defender\\MsMpEng.exe,0x0,0x0,Process created by LOCAL\admin.ops: C:\\Program Files\\Microsoft Defender\\MsMpEng.exe,0,none,Internal,LAN,,
2026-04-27 20:59:59,WIN10-FIN-014,Microsoft-Windows-Security-Auditing,Security,4624,An account was successfully logged on,EMPRESA,admin.ops,PC-RRHH-002,192.168.1.130,64467,7,C:\\Windows\\System32\\lsass.exe,0x0,0x0,Successful logon for EMPRESA\admin.ops from 192.168.1.130 using logon type 7,0,none,Internal,LAN,,
2026-04-27 21:00:08,WIN-SRV-APP01,Microsoft-Windows-Security-Auditing,Security,4634,An account was logged off,EMPRESA,svc_monitor,LAP-GER-003,192.168.1.224,63438,2,C:\\Program Files\\Microsoft Defender\\MsMpEng.exe,0x0,0x0,Logoff for EMPRESA\svc_monitor from workstation LAP-GER-003,0,none,Internal,LAN,,
2026-04-27 21:00:57,WIN-SRV-FILE01,Microsoft-Windows-Security-Auditing,Security,4624,An account was successfully logged on,EMPRESA,helpdesk01,PC-FIN-001,192.168.1.232,61406,10,C:\\Windows\\System32\\svchost.exe,0x0,0x0,Successful logon for EMPRESA\helpdesk01 from 192.168.1.232 using logon type 10,0,none,Internal,LAN,,
2026-04-27 21:01:17,WIN-SRV-DC01,Microsoft-Windows-Security-Auditing,Security,4634,An account was logged off,EMPRESA,svc_backup,LAP-GER-003,192.168.1.140,57714,7,C:\\Windows\\System32\\lsass.exe,0x0,0x0,Logoff for EMPRESA\svc_backup from workstation LAP-GER-003,0,none,Internal,LAN,,
2026-04-27 21:02:11,WIN-SRV-APP01,Microsoft-Windows-Security-Auditing,Security,4624,An account was successfully logged on,CORP,helpdesk01,SRV-MON-001,192.168.1.182,58028,3,C:\\Windows\\System32\\WindowsPowerShell\\v1.0\\powershell.exe,0x0,0x0,Successful logon for CORP\helpdesk01 from 192.168.1.182 using logon type 3,0,none,Internal,LAN,,
2026-04-27 21:03:02,WIN-SRV-DC01,Microsoft-Windows-Security-Auditing,Security,4634,An account was logged off,LOCAL,jperez,PC-FIN-001,192.168.1.57,51517,7,C:\\Windows\\System32\\cmd.exe,0x0,0x0,Logoff for LOCAL\jperez from workstation PC-FIN-001,0,none,Internal,LAN,,
2026-04-27 21:03:12,WIN-SRV-DC01,Microsoft-Windows-Security-Auditing,Security,4688,A new process has been created,CORP,jperez,SRV-MON-001,172.16.20.191,64525,10,C:\\Program Files\\Google\\Chrome\\Application\\chrome.exe,0x0,0x0,Process created by CORP\jperez: C:\\Program Files\\Google\\Chrome\\Application\\chrome.exe,0,none,Internal,LAN,,
2026-04-27 21:03:46,WIN11-SEC-022,Microsoft-Windows-Security-Auditing,Security,4624,An account was successfully logged on,EMPRESA,analista01,LAP-GER-003,192.168.1.86,59240,2,C:\\Program Files\\Microsoft Defender\\MsMpEng.exe,0x0,0x0,Successful logon for EMPRESA\analista01 from 192.168.1.86 using logon type 2,0,none,Internal,LAN,,
2026-04-27 21:03:52,WIN11-SEC-022,Microsoft-Windows-Security-Auditing,Security,4634,An account was logged off,CORP,dtorres,PC-FIN-001,10.10.78.155,57766,3,C:\\Windows\\System32\\lsass.exe,0x0,0x0,Logoff for CORP\dtorres from workstation PC-FIN-001,0,none,Internal,LAN,,
2026-04-27 21:04:29,WIN-SRV-APP01,Microsoft-Windows-Security-Auditing,Security,4624,An account was successfully logged on,CORP,lcastro,LAP-GER-003,10.10.61.191,50557,3,C:\\Windows\\System32\\cmd.exe,0x0,0x0,Successful logon for CORP\lcastro from 10.10.61.191 using logon type 3,0,none,Internal,LAN,,
2026-04-27 21:05:36,WIN-SRV-APP01,Microsoft-Windows-Security-Auditing,Security,4624,An account was successfully logged on,CORP,alopez,SRV-MON-001,192.168.1.173,51356,3,C:\\Program Files\\Google\\Chrome\\Application\\chrome.exe,0x0,0x0,Successful logon for CORP\alopez from 192.168.1.173 using logon type 3,0,none,Internal,LAN,,
2026-04-27 21:07:58,WIN-SRV-FILE01,Microsoft-Windows-Security-Auditing,Security,4624,An account was successfully logged on,CORP,admin.ops,PC-OPS-014,172.16.20.179,57670,2,C:\\Windows\\System32\\WindowsPowerShell\\v1.0\\powershell.exe,0x0,0x0,Successful logon for CORP\admin.ops from 172.16.20.179 using logon type 2,0,none,Internal,LAN,,
2026-04-27 21:08:15,WIN-SRV-DC01,Microsoft-Windows-Security-Auditing,Security,4624,An account was successfully logged on,LOCAL,jperez,PC-FIN-001,172.16.20.61,56202,7,C:\\Windows\\System32\\lsass.exe,0x0,0x0,Successful logon for LOCAL\jperez from 172.16.20.61 using logon type 7,0,none,Internal,LAN,,
2026-04-27 21:10:49,WIN-SRV-DC01,Microsoft-Windows-Security-Auditing,Security,4624,An account was successfully logged on,EMPRESA,alopez,PC-OPS-014,10.10.163.4,63230,3,C:\\Windows\\System32\\svchost.exe,0x0,0x0,Successful logon for EMPRESA\alopez from 10.10.163.4 using logon type 3,0,none,Internal,LAN,,
2026-04-27 21:12:47,WIN10-FIN-014,Microsoft-Windows-Security-Auditing,Security,4624,An account was successfully logged on,LOCAL,jperez,LAP-GER-003,172.16.20.48,62865,2,C:\\Windows\\System32\\cmd.exe,0x0,0x0,Successful logon for LOCAL\jperez from 172.16.20.48 using logon type 2,0,none,Internal,LAN,,
2026-04-27 21:13:17,WIN-SRV-FILE01,Microsoft-Windows-Security-Auditing,Security,4672,Special privileges assigned to new logon,CORP,lcastro,PC-OPS-014,10.10.171.218,62653,7,C:\\Windows\\System32\\cmd.exe,0x0,0x0,Special privileges assigned to CORP\lcastro,0,none,Internal,LAN,,
2026-04-27 21:13:33,WIN-SRV-FILE01,Microsoft-Windows-Security-Auditing,Security,4688,A new process has been created,CORP,jperez,PC-FIN-001,172.16.20.96,53401,10,C:\\Windows\\System32\\cmd.exe,0x0,0x0,Process created by CORP\jperez: C:\\Windows\\System32\\cmd.exe,0,none,Internal,LAN,,
2026-04-27 21:18:17,WIN10-FIN-014,Microsoft-Windows-Security-Auditing,Security,4688,A new process has been created,LOCAL,dtorres,PC-FIN-001,10.10.91.166,62621,2,C:\\Program Files\\Google\\Chrome\\Application\\chrome.exe,0x0,0x0,Process created by LOCAL\dtorres: C:\\Program Files\\Google\\Chrome\\Application\\chrome.exe,0,none,Internal,LAN,,
2026-04-27 21:19:12,WIN-SRV-DC01,Microsoft-Windows-Security-Auditing,Security,4634,An account was logged off,EMPRESA,mgarcia,PC-FIN-001,10.10.100.6,59616,10,C:\\Windows\\System32\\lsass.exe,0x0,0x0,Logoff for EMPRESA\mgarcia from workstation PC-FIN-001,0,none,Internal,LAN,,
2026-04-27 21:19:26,WIN-SRV-APP01,Microsoft-Windows-Security-Auditing,Security,4688,A new process has been created,EMPRESA,svc_monitor,PC-FIN-001,192.168.1.110,56134,3,C:\\Windows\\System32\\winlogon.exe,0x0,0x0,Process created by EMPRESA\svc_monitor: C:\\Windows\\System32\\winlogon.exe,0,none,Internal,LAN,,
2026-04-27 21:20:00,WIN11-SEC-022,Microsoft-Windows-Security-Auditing,Security,4634,An account was logged off,EMPRESA,mgarcia,PC-RRHH-002,172.16.20.29,54934,7,C:\\Windows\\System32\\svchost.exe,0x0,0x0,Logoff for EMPRESA\mgarcia from workstation PC-RRHH-002,0,none,Internal,LAN,,
2026-04-27 21:20:24,WIN-SRV-FILE01,Microsoft-Windows-Security-Auditing,Security,4634,An account was logged off,EMPRESA,svc_backup,PC-FIN-001,192.168.1.24,49433,2,C:\\Program Files\\Google\\Chrome\\Application\\chrome.exe,0x0,0x0,Logoff for EMPRESA\svc_backup from workstation PC-FIN-001,0,none,Internal,LAN,,
2026-04-27 21:20:43,WIN11-SEC-022,Microsoft-Windows-Security-Auditing,Security,4688,A new process has been created,CORP,jperez,SRV-MON-001,192.168.1.195,52543,2,C:\\Program Files\\Microsoft Defender\\MsMpEng.exe,0x0,0x0,Process created by CORP\jperez: C:\\Program Files\\Microsoft Defender\\MsMpEng.exe,0,none,Internal,LAN,,
2026-04-27 21:21:39,WIN-SRV-APP01,Microsoft-Windows-Security-Auditing,Security,4624,An account was successfully logged on,CORP,helpdesk01,PC-OPS-014,172.16.20.239,61536,10,C:\\Program Files\\Microsoft Defender\\MsMpEng.exe,0x0,0x0,Successful logon for CORP\helpdesk01 from 172.16.20.239 using logon type 10,0,none,Internal,LAN,,
2026-04-27 21:21:56,WIN-SRV-DC01,Microsoft-Windows-Security-Auditing,Security,4634,An account was logged off,CORP,svc_backup,PC-RRHH-002,192.168.1.209,62990,2,C:\\Windows\\System32\\winlogon.exe,0x0,0x0,Logoff for CORP\svc_backup from workstation PC-RRHH-002,0,none,Internal,LAN,,
2026-04-27 21:22:26,WIN-SRV-FILE01,Microsoft-Windows-Security-Auditing,Security,4672,Special privileges assigned to new logon,EMPRESA,finanzas02,PC-RRHH-002,10.10.196.185,51127,10,C:\\Windows\\System32\\WindowsPowerShell\\v1.0\\powershell.exe,0x0,0x0,Special privileges assigned to EMPRESA\finanzas02,0,none,Internal,LAN,,
2026-04-27 21:22:55,WIN-SRV-DC01,Microsoft-Windows-Security-Auditing,Security,4624,An account was successfully logged on,LOCAL,dtorres,PC-RRHH-002,172.16.20.40,58276,3,C:\\Windows\\System32\\lsass.exe,0x0,0x0,Successful logon for LOCAL\dtorres from 172.16.20.40 using logon type 3,0,none,Internal,LAN,,
2026-04-27 21:23:18,WIN-SRV-FILE01,Microsoft-Windows-Security-Auditing,Security,4688,A new process has been created,LOCAL,helpdesk01,PC-OPS-014,192.168.1.149,54971,10,C:\\Windows\\System32\\lsass.exe,0x0,0x0,Process created by LOCAL\helpdesk01: C:\\Windows\\System32\\lsass.exe,0,none,Internal,LAN,,
2026-04-27 21:24:57,WIN10-FIN-014,Microsoft-Windows-Security-Auditing,Security,4634,An account was logged off,CORP,alopez,SRV-MON-001,172.16.20.132,52475,3,C:\\Windows\\System32\\lsass.exe,0x0,0x0,Logoff for CORP\alopez from workstation SRV-MON-001,0,none,Internal,LAN,,
2026-04-27 21:25:17,WIN10-FIN-014,Microsoft-Windows-Security-Auditing,Security,4624,An account was successfully logged on,EMPRESA,svc_backup,LAP-GER-003,192.168.1.9,63423,3,C:\\Windows\\System32\\cmd.exe,0x0,0x0,Successful logon for EMPRESA\svc_backup from 192.168.1.9 using logon type 3,0,none,Internal,LAN,,
2026-04-27 21:25:21,WIN-SRV-DC01,Microsoft-Windows-Security-Auditing,Security,4634,An account was logged off,CORP,crojas,PC-OPS-014,172.16.20.201,53513,2,C:\\Program Files\\Microsoft Defender\\MsMpEng.exe,0x0,0x0,Logoff for CORP\crojas from workstation PC-OPS-014,0,none,Internal,LAN,,
2026-04-27 21:26:01,WIN-SRV-APP01,Microsoft-Windows-Security-Auditing,Security,4688,A new process has been created,CORP,admin.ops,PC-OPS-014,172.16.20.236,58543,10,C:\\Windows\\System32\\cmd.exe,0x0,0x0,Process created by CORP\admin.ops: C:\\Windows\\System32\\cmd.exe,0,none,Internal,LAN,,
2026-04-27 21:30:06,WIN10-FIN-014,Microsoft-Windows-Security-Auditing,Security,4624,An account was successfully logged on,LOCAL,admin.ops,PC-RRHH-002,10.10.143.240,57531,3,C:\\Windows\\System32\\winlogon.exe,0x0,0x0,Successful logon for LOCAL\admin.ops from 10.10.143.240 using logon type 3,0,none,Internal,LAN,,
2026-04-27 21:30:24,WIN-SRV-DC01,Microsoft-Windows-Security-Auditing,Security,4624,An account was successfully logged on,EMPRESA,lcastro,LAP-GER-003,172.16.20.97,55900,10,C:\\Windows\\System32\\cmd.exe,0x0,0x0,Successful logon for EMPRESA\lcastro from 172.16.20.97 using logon type 10,0,none,Internal,LAN,,
2026-04-27 21:33:12,WIN-SRV-FILE01,Microsoft-Windows-Security-Auditing,Security,4624,An account was successfully logged on,EMPRESA,analista01,PC-RRHH-002,192.168.1.69,49813,2,C:\\Windows\\System32\\svchost.exe,0x0,0x0,Successful logon for EMPRESA\analista01 from 192.168.1.69 using logon type 2,0,none,Internal,LAN,,
2026-04-27 21:33:37,WIN-SRV-FILE01,Microsoft-Windows-Security-Auditing,Security,4634,An account was logged off,CORP,admin.ops,PC-RRHH-002,10.10.244.58,52264,10,C:\\Program Files\\Google\\Chrome\\Application\\chrome.exe,0x0,0x0,Logoff for CORP\admin.ops from workstation PC-RRHH-002,0,none,Internal,LAN,,
2026-04-27 21:35:31,WIN-SRV-DC01,Microsoft-Windows-Security-Auditing,Security,4634,An account was logged off,LOCAL,mgarcia,LAP-GER-003,192.168.1.146,62986,3,C:\\Windows\\System32\\winlogon.exe,0x0,0x0,Logoff for LOCAL\mgarcia from workstation LAP-GER-003,0,none,Internal,LAN,,
2026-04-27 21:36:48,WIN11-SEC-022,Microsoft-Windows-Security-Auditing,Security,4672,Special privileges assigned to new logon,CORP,svc_backup,PC-FIN-001,172.16.20.141,53038,3,C:\\Program Files\\Google\\Chrome\\Application\\chrome.exe,0x0,0x0,Special privileges assigned to CORP\svc_backup,0,none,Internal,LAN,,
2026-04-27 21:37:27,WIN11-SEC-022,Microsoft-Windows-Security-Auditing,Security,4624,An account was successfully logged on,EMPRESA,helpdesk01,PC-RRHH-002,192.168.1.15,62718,10,C:\\Program Files\\Google\\Chrome\\Application\\chrome.exe,0x0,0x0,Successful logon for EMPRESA\helpdesk01 from 192.168.1.15 using logon type 10,0,none,Internal,LAN,,
2026-04-27 21:39:19,WIN-SRV-APP01,Microsoft-Windows-Security-Auditing,Security,4624,An account was successfully logged on,EMPRESA,svc_backup,LAP-GER-003,172.16.20.196,61191,10,C:\\Windows\\System32\\cmd.exe,0x0,0x0,Successful logon for EMPRESA\svc_backup from 172.16.20.196 using logon type 10,0,none,Internal,LAN,,
2026-04-27 21:39:53,WIN-SRV-APP01,Microsoft-Windows-Security-Auditing,Security,4624,An account was successfully logged on,CORP,analista01,PC-OPS-014,10.10.175.111,62831,7,C:\\Windows\\System32\\svchost.exe,0x0,0x0,Successful logon for CORP\analista01 from 10.10.175.111 using logon type 7,0,none,Internal,LAN,,
2026-04-27 21:46:15,WIN11-SEC-022,Microsoft-Windows-Security-Auditing,Security,4624,An account was successfully logged on,LOCAL,crojas,PC-OPS-014,10.10.190.172,50441,7,C:\\Windows\\System32\\WindowsPowerShell\\v1.0\\powershell.exe,0x0,0x0,Successful logon for LOCAL\crojas from 10.10.190.172 using logon type 7,0,none,Internal,LAN,,
2026-04-27 21:47:55,WIN-SRV-DC01,Microsoft-Windows-Security-Auditing,Security,4634,An account was logged off,LOCAL,analista01,SRV-MON-001,10.10.124.159,58243,3,C:\\Program Files\\Google\\Chrome\\Application\\chrome.exe,0x0,0x0,Logoff for LOCAL\analista01 from workstation SRV-MON-001,0,none,Internal,LAN,,
2026-04-27 21:48:31,WIN-SRV-DC01,Microsoft-Windows-Security-Auditing,Security,4624,An account was successfully logged on,EMPRESA,mgarcia,LAP-GER-003,10.10.113.182,59239,7,C:\\Windows\\System32\\winlogon.exe,0x0,0x0,Successful logon for EMPRESA\mgarcia from 10.10.113.182 using logon type 7,0,none,Internal,LAN,,
2026-04-27 21:48:52,WIN-SRV-FILE01,Microsoft-Windows-Security-Auditing,Security,4624,An account was successfully logged on,LOCAL,dtorres,LAP-GER-003,192.168.1.46,53151,2,C:\\Windows\\System32\\lsass.exe,0x0,0x0,Successful logon for LOCAL\dtorres from 192.168.1.46 using logon type 2,0,none,Internal,LAN,,
2026-04-27 21:50:26,WIN-SRV-DC01,Microsoft-Windows-Security-Auditing,Security,4624,An account was successfully logged on,LOCAL,analista01,PC-OPS-014,172.16.20.159,53904,2,C:\\Windows\\System32\\lsass.exe,0x0,0x0,Successful logon for LOCAL\analista01 from 172.16.20.159 using logon type 2,0,none,Internal,LAN,,
2026-04-27 21:50:38,WIN11-SEC-022,Microsoft-Windows-Security-Auditing,Security,4648,A logon was attempted using explicit credentials,CORP,analista01,PC-RRHH-002,172.16.20.225,53244,10,C:\\Program Files\\Google\\Chrome\\Application\\chrome.exe,0x0,0x0,Explicit credentials used by CORP\analista01 from PC-RRHH-002,0,none,Internal,LAN,,
2026-04-27 21:51:45,WIN11-SEC-022,Microsoft-Windows-Security-Auditing,Security,4624,An account was successfully logged on,LOCAL,svc_backup,LAP-GER-003,10.10.161.125,50661,2,C:\\Windows\\System32\\lsass.exe,0x0,0x0,Successful logon for LOCAL\svc_backup from 10.10.161.125 using logon type 2,0,none,Internal,LAN,,
2026-04-27 21:52:20,WIN11-SEC-022,Microsoft-Windows-Security-Auditing,Security,4624,An account was successfully logged on,EMPRESA,lcastro,PC-OPS-014,192.168.1.196,58111,2,C:\\Windows\\System32\\svchost.exe,0x0,0x0,Successful logon for EMPRESA\lcastro from 192.168.1.196 using logon type 2,0,none,Internal,LAN,,
2026-04-27 21:52:48,WIN-SRV-FILE01,Microsoft-Windows-Security-Auditing,Security,4624,An account was successfully logged on,LOCAL,jperez,PC-OPS-014,172.16.20.167,51465,7,C:\\Windows\\System32\\winlogon.exe,0x0,0x0,Successful logon for LOCAL\jperez from 172.16.20.167 using logon type 7,0,none,Internal,LAN,,
2026-04-27 21:53:18,WIN10-FIN-014,Microsoft-Windows-Security-Auditing,Security,4672,Special privileges assigned to new logon,EMPRESA,admin.ops,PC-OPS-014,192.168.1.132,63723,7,C:\\Windows\\System32\\winlogon.exe,0x0,0x0,Special privileges assigned to EMPRESA\admin.ops,0,none,Internal,LAN,,
2026-04-27 21:54:04,WIN-SRV-APP01,Microsoft-Windows-Security-Auditing,Security,4624,An account was successfully logged on,LOCAL,helpdesk01,PC-FIN-001,172.16.20.203,52023,2,C:\\Windows\\System32\\svchost.exe,0x0,0x0,Successful logon for LOCAL\helpdesk01 from 172.16.20.203 using logon type 2,0,none,Internal,LAN,,
2026-04-27 21:54:13,WIN-SRV-APP01,Microsoft-Windows-Security-Auditing,Security,4624,An account was successfully logged on,CORP,finanzas02,LAP-GER-003,192.168.1.188,56434,7,C:\\Windows\\System32\\winlogon.exe,0x0,0x0,Successful logon for CORP\finanzas02 from 192.168.1.188 using logon type 7,0,none,Internal,LAN,,
2026-04-27 21:58:09,WIN11-SEC-022,Microsoft-Windows-Security-Auditing,Security,4688,A new process has been created,EMPRESA,mgarcia,PC-RRHH-002,172.16.20.109,62074,7,C:\\Program Files\\Google\\Chrome\\Application\\chrome.exe,0x0,0x0,Process created by EMPRESA\mgarcia: C:\\Program Files\\Google\\Chrome\\Application\\chrome.exe,0,none,Internal,LAN,,
2026-04-27 22:00:53,WIN-SRV-APP01,Microsoft-Windows-Security-Auditing,Security,4634,An account was logged off,EMPRESA,jperez,PC-OPS-014,10.10.198.112,52732,2,C:\\Program Files\\Microsoft Defender\\MsMpEng.exe,0x0,0x0,Logoff for EMPRESA\jperez from workstation PC-OPS-014,0,none,Internal,LAN,,
2026-04-27 22:01:42,WIN10-FIN-014,Microsoft-Windows-Security-Auditing,Security,4624,An account was successfully logged on,EMPRESA,svc_backup,PC-OPS-014,172.16.20.194,51273,2,C:\\Windows\\System32\\lsass.exe,0x0,0x0,Successful logon for EMPRESA\svc_backup from 172.16.20.194 using logon type 2,0,none,Internal,LAN,,
2026-04-27 22:03:04,WIN-SRV-APP01,Microsoft-Windows-Security-Auditing,Security,4634,An account was logged off,CORP,alopez,PC-OPS-014,10.10.5.150,54896,2,C:\\Program Files\\Microsoft Defender\\MsMpEng.exe,0x0,0x0,Logoff for CORP\alopez from workstation PC-OPS-014,0,none,Internal,LAN,,
2026-04-27 22:03:35,WIN-SRV-APP01,Microsoft-Windows-Security-Auditing,Security,4624,An account was successfully logged on,CORP,svc_backup,LAP-GER-003,192.168.1.121,58920,10,C:\\Program Files\\Microsoft Defender\\MsMpEng.exe,0x0,0x0,Successful logon for CORP\svc_backup from 192.168.1.121 using logon type 10,0,none,Internal,LAN,,
2026-04-27 22:04:13,WIN-SRV-APP01,Microsoft-Windows-Security-Auditing,Security,4634,An account was logged off,LOCAL,dtorres,LAP-GER-003,10.10.79.46,56297,2,C:\\Windows\\System32\\lsass.exe,0x0,0x0,Logoff for LOCAL\dtorres from workstation LAP-GER-003,0,none,Internal,LAN,,
2026-04-27 22:05:19,WIN-SRV-FILE01,Microsoft-Windows-Security-Auditing,Security,4624,An account was successfully logged on,CORP,dtorres,PC-FIN-001,172.16.20.87,49790,2,C:\\Windows\\System32\\svchost.exe,0x0,0x0,Successful logon for CORP\dtorres from 172.16.20.87 using logon type 2,0,none,Internal,LAN,,
2026-04-27 22:07:48,WIN11-SEC-022,Microsoft-Windows-Security-Auditing,Security,4634,An account was logged off,EMPRESA,svc_backup,PC-OPS-014,10.10.28.49,63697,7,C:\\Windows\\System32\\winlogon.exe,0x0,0x0,Logoff for EMPRESA\svc_backup from workstation PC-OPS-014,0,none,Internal,LAN,,
2026-04-27 22:08:09,WIN-SRV-APP01,Microsoft-Windows-Security-Auditing,Security,4688,A new process has been created,LOCAL,crojas,PC-FIN-001,192.168.1.16,49612,3,C:\\Program Files\\Google\\Chrome\\Application\\chrome.exe,0x0,0x0,Process created by LOCAL\crojas: C:\\Program Files\\Google\\Chrome\\Application\\chrome.exe,0,none,Internal,LAN,,
2026-04-27 22:09:20,WIN-SRV-DC01,Microsoft-Windows-Security-Auditing,Security,4624,An account was successfully logged on,EMPRESA,admin.ops,SRV-MON-001,10.10.61.11,54694,2,C:\\Windows\\System32\\lsass.exe,0x0,0x0,Successful logon for EMPRESA\admin.ops from 10.10.61.11 using logon type 2,0,none,Internal,LAN,,
2026-04-27 22:10:20,WIN-SRV-APP01,Microsoft-Windows-Security-Auditing,Security,4688,A new process has been created,EMPRESA,helpdesk01,PC-FIN-001,10.10.162.226,55180,2,C:\\Program Files\\Microsoft Defender\\MsMpEng.exe,0x0,0x0,Process created by EMPRESA\helpdesk01: C:\\Program Files\\Microsoft Defender\\MsMpEng.exe,0,none,Internal,LAN,,
2026-04-27 22:11:11,WIN-SRV-APP01,Microsoft-Windows-Security-Auditing,Security,4634,An account was logged off,LOCAL,mgarcia,LAP-GER-003,172.16.20.38,54434,7,C:\\Windows\\System32\\cmd.exe,0x0,0x0,Logoff for LOCAL\mgarcia from workstation LAP-GER-003,0,none,Internal,LAN,,
2026-04-27 22:11:27,WIN-SRV-APP01,Microsoft-Windows-Security-Auditing,Security,4624,An account was successfully logged on,LOCAL,dtorres,PC-FIN-001,10.10.189.207,64513,3,C:\\Windows\\System32\\cmd.exe,0x0,0x0,Successful logon for LOCAL\dtorres from 10.10.189.207 using logon type 3,0,none,Internal,LAN,,
2026-04-27 22:11:27,WIN10-FIN-014,Microsoft-Windows-Security-Auditing,Security,4672,Special privileges assigned to new logon,EMPRESA,helpdesk01,PC-OPS-014,192.168.1.229,57326,3,C:\\Windows\\System32\\winlogon.exe,0x0,0x0,Special privileges assigned to EMPRESA\helpdesk01,0,none,Internal,LAN,,
2026-04-27 22:12:18,WIN11-SEC-022,Microsoft-Windows-Security-Auditing,Security,4624,An account was successfully logged on,EMPRESA,finanzas02,LAP-GER-003,10.10.66.137,63245,7,C:\\Program Files\\Google\\Chrome\\Application\\chrome.exe,0x0,0x0,Successful logon for EMPRESA\finanzas02 from 10.10.66.137 using logon type 7,0,none,Internal,LAN,,
2026-04-27 22:12:43,WIN-SRV-FILE01,Microsoft-Windows-Security-Auditing,Security,4624,An account was successfully logged on,LOCAL,lcastro,PC-RRHH-002,172.16.20.217,49754,7,C:\\Windows\\System32\\cmd.exe,0x0,0x0,Successful logon for LOCAL\lcastro from 172.16.20.217 using logon type 7,0,none,Internal,LAN,,
2026-04-27 22:12:53,WIN10-FIN-014,Microsoft-Windows-Security-Auditing,Security,4634,An account was logged off,CORP,jperez,PC-FIN-001,192.168.1.203,65467,7,C:\\Windows\\System32\\svchost.exe,0x0,0x0,Logoff for CORP\jperez from workstation PC-FIN-001,0,none,Internal,LAN,,
2026-04-27 22:13:04,WIN-SRV-DC01,Microsoft-Windows-Security-Auditing,Security,4624,An account was successfully logged on,EMPRESA,crojas,PC-OPS-014,192.168.1.92,61201,3,C:\\Windows\\System32\\lsass.exe,0x0,0x0,Successful logon for EMPRESA\crojas from 192.168.1.92 using logon type 3,0,none,Internal,LAN,,
2026-04-27 22:16:39,WIN11-SEC-022,Microsoft-Windows-Security-Auditing,Security,4634,An account was logged off,EMPRESA,analista01,PC-FIN-001,10.10.188.238,54493,2,C:\\Windows\\System32\\cmd.exe,0x0,0x0,Logoff for EMPRESA\analista01 from workstation PC-FIN-001,0,none,Internal,LAN,,
2026-04-27 22:18:10,WIN-SRV-FILE01,Microsoft-Windows-Security-Auditing,Security,4624,An account was successfully logged on,LOCAL,svc_backup,LAP-GER-003,192.168.1.5,52691,3,C:\\Windows\\System32\\WindowsPowerShell\\v1.0\\powershell.exe,0x0,0x0,Successful logon for LOCAL\svc_backup from 192.168.1.5 using logon type 3,0,none,Internal,LAN,,
2026-04-27 22:18:44,WIN-SRV-APP01,Microsoft-Windows-Security-Auditing,Security,4634,An account was logged off,CORP,helpdesk01,PC-FIN-001,172.16.20.165,53853,10,C:\\Program Files\\Google\\Chrome\\Application\\chrome.exe,0x0,0x0,Logoff for CORP\helpdesk01 from workstation PC-FIN-001,0,none,Internal,LAN,,
2026-04-27 22:21:18,WIN-SRV-FILE01,Microsoft-Windows-Security-Auditing,Security,4672,Special privileges assigned to new logon,EMPRESA,svc_monitor,LAP-GER-003,10.10.123.9,58855,3,C:\\Windows\\System32\\winlogon.exe,0x0,0x0,Special privileges assigned to EMPRESA\svc_monitor,0,none,Internal,LAN,,
2026-04-27 22:21:28,WIN-SRV-FILE01,Microsoft-Windows-Security-Auditing,Security,4634,An account was logged off,EMPRESA,admin.ops,PC-RRHH-002,192.168.1.91,65300,2,C:\\Windows\\System32\\cmd.exe,0x0,0x0,Logoff for EMPRESA\admin.ops from workstation PC-RRHH-002,0,none,Internal,LAN,,
2026-04-27 22:21:36,WIN11-SEC-022,Microsoft-Windows-Security-Auditing,Security,4624,An account was successfully logged on,EMPRESA,jperez,PC-FIN-001,172.16.20.82,56000,10,C:\\Program Files\\Microsoft Defender\\MsMpEng.exe,0x0,0x0,Successful logon for EMPRESA\jperez from 172.16.20.82 using logon type 10,0,none,Internal,LAN,,
2026-04-27 22:21:38,WIN11-SEC-022,Microsoft-Windows-Security-Auditing,Security,4634,An account was logged off,LOCAL,dtorres,LAP-GER-003,192.168.1.31,61090,7,C:\\Windows\\System32\\winlogon.exe,0x0,0x0,Logoff for LOCAL\dtorres from workstation LAP-GER-003,0,none,Internal,LAN,,
2026-04-27 22:22:13,WIN-SRV-FILE01,Microsoft-Windows-Security-Auditing,Security,4624,An account was successfully logged on,EMPRESA,dtorres,PC-OPS-014,10.10.206.14,54537,10,C:\\Windows\\System32\\winlogon.exe,0x0,0x0,Successful logon for EMPRESA\dtorres from 10.10.206.14 using logon type 10,0,none,Internal,LAN,,
2026-04-27 22:23:37,WIN-SRV-APP01,Microsoft-Windows-Security-Auditing,Security,4634,An account was logged off,LOCAL,alopez,PC-FIN-001,10.10.241.56,55070,3,C:\\Windows\\System32\\lsass.exe,0x0,0x0,Logoff for LOCAL\alopez from workstation PC-FIN-001,0,none,Internal,LAN,,
2026-04-27 22:23:38,WIN-SRV-FILE01,Microsoft-Windows-Security-Auditing,Security,4624,An account was successfully logged on,LOCAL,analista01,PC-FIN-001,172.16.20.250,53797,2,C:\\Program Files\\Google\\Chrome\\Application\\chrome.exe,0x0,0x0,Successful logon for LOCAL\analista01 from 172.16.20.250 using logon type 2,0,none,Internal,LAN,,
2026-04-27 22:26:52,WIN-SRV-APP01,Microsoft-Windows-Security-Auditing,Security,4634,An account was logged off,LOCAL,analista01,PC-OPS-014,192.168.1.110,52139,2,C:\\Program Files\\Google\\Chrome\\Application\\chrome.exe,0x0,0x0,Logoff for LOCAL\analista01 from workstation PC-OPS-014,0,none,Internal,LAN,,
2026-04-27 22:26:55,WIN-SRV-FILE01,Microsoft-Windows-Security-Auditing,Security,4624,An account was successfully logged on,LOCAL,alopez,SRV-MON-001,192.168.1.44,50229,10,C:\\Program Files\\Google\\Chrome\\Application\\chrome.exe,0x0,0x0,Successful logon for LOCAL\alopez from 192.168.1.44 using logon type 10,0,none,Internal,LAN,,
2026-04-27 22:27:37,WIN10-FIN-014,Microsoft-Windows-Security-Auditing,Security,4624,An account was successfully logged on,LOCAL,mgarcia,SRV-MON-001,10.10.171.129,53134,10,C:\\Windows\\System32\\cmd.exe,0x0,0x0,Successful logon for LOCAL\mgarcia from 10.10.171.129 using logon type 10,0,none,Internal,LAN,,
2026-04-27 22:29:13,WIN11-SEC-022,Microsoft-Windows-Security-Auditing,Security,4624,An account was successfully logged on,LOCAL,lcastro,PC-RRHH-002,172.16.20.50,50982,7,C:\\Windows\\System32\\winlogon.exe,0x0,0x0,Successful logon for LOCAL\lcastro from 172.16.20.50 using logon type 7,0,none,Internal,LAN,,
2026-04-27 22:29:15,WIN-SRV-APP01,Microsoft-Windows-Security-Auditing,Security,4688,A new process has been created,EMPRESA,crojas,LAP-GER-003,10.10.128.26,50220,3,C:\\Windows\\System32\\lsass.exe,0x0,0x0,Process created by EMPRESA\crojas: C:\\Windows\\System32\\lsass.exe,0,none,Internal,LAN,,
2026-04-27 22:29:50,WIN-SRV-FILE01,Microsoft-Windows-Security-Auditing,Security,4634,An account was logged off,EMPRESA,crojas,PC-FIN-001,192.168.1.171,56237,7,C:\\Windows\\System32\\cmd.exe,0x0,0x0,Logoff for EMPRESA\crojas from workstation PC-FIN-001,0,none,Internal,LAN,,
2026-04-27 22:33:07,WIN11-SEC-022,Microsoft-Windows-Security-Auditing,Security,4634,An account was logged off,CORP,helpdesk01,PC-RRHH-002,172.16.20.65,56785,7,C:\\Windows\\System32\\svchost.exe,0x0,0x0,Logoff for CORP\helpdesk01 from workstation PC-RRHH-002,0,none,Internal,LAN,,
2026-04-27 22:34:59,WIN11-SEC-022,Microsoft-Windows-Security-Auditing,Security,4634,An account was logged off,EMPRESA,lcastro,LAP-GER-003,10.10.179.124,57614,3,C:\\Windows\\System32\\winlogon.exe,0x0,0x0,Logoff for EMPRESA\lcastro from workstation LAP-GER-003,0,none,Internal,LAN,,
2026-04-27 22:37:36,WIN11-SEC-022,Microsoft-Windows-Security-Auditing,Security,4624,An account was successfully logged on,LOCAL,analista01,LAP-GER-003,192.168.1.238,62871,3,C:\\Program Files\\Google\\Chrome\\Application\\chrome.exe,0x0,0x0,Successful logon for LOCAL\analista01 from 192.168.1.238 using logon type 3,0,none,Internal,LAN,,
2026-04-27 22:41:11,WIN-SRV-APP01,Microsoft-Windows-Security-Auditing,Security,4624,An account was successfully logged on,LOCAL,alopez,PC-RRHH-002,10.10.172.93,49261,10,C:\\Windows\\System32\\winlogon.exe,0x0,0x0,Successful logon for LOCAL\alopez from 10.10.172.93 using logon type 10,0,none,Internal,LAN,,
2026-04-27 22:41:43,WIN-SRV-FILE01,Microsoft-Windows-Security-Auditing,Security,4624,An account was successfully logged on,CORP,dtorres,PC-RRHH-002,10.10.113.226,51346,3,C:\\Windows\\System32\\svchost.exe,0x0,0x0,Successful logon for CORP\dtorres from 10.10.113.226 using logon type 3,0,none,Internal,LAN,,
2026-04-27 22:41:58,WIN11-SEC-022,Microsoft-Windows-Security-Auditing,Security,4688,A new process has been created,CORP,svc_backup,PC-FIN-001,10.10.105.44,64268,7,C:\\Program Files\\Google\\Chrome\\Application\\chrome.exe,0x0,0x0,Process created by CORP\svc_backup: C:\\Program Files\\Google\\Chrome\\Application\\chrome.exe,0,none,Internal,LAN,,
2026-04-27 22:43:12,WIN-SRV-FILE01,Microsoft-Windows-Security-Auditing,Security,4634,An account was logged off,LOCAL,jperez,PC-RRHH-002,10.10.132.63,51462,10,C:\\Program Files\\Microsoft Defender\\MsMpEng.exe,0x0,0x0,Logoff for LOCAL\jperez from workstation PC-RRHH-002,0,none,Internal,LAN,,
2026-04-27 22:43:21,WIN10-FIN-014,Microsoft-Windows-Security-Auditing,Security,4624,An account was successfully logged on,EMPRESA,crojas,SRV-MON-001,10.10.237.95,62228,7,C:\\Program Files\\Google\\Chrome\\Application\\chrome.exe,0x0,0x0,Successful logon for EMPRESA\crojas from 10.10.237.95 using logon type 7,0,none,Internal,LAN,,
2026-04-27 22:43:35,WIN-SRV-FILE01,Microsoft-Windows-Security-Auditing,Security,4624,An account was successfully logged on,EMPRESA,mgarcia,SRV-MON-001,192.168.1.37,61650,2,C:\\Windows\\System32\\cmd.exe,0x0,0x0,Successful logon for EMPRESA\mgarcia from 192.168.1.37 using logon type 2,0,none,Internal,LAN,,
