2026-04-29 04:02:48,WIN-SRV-APP01,Microsoft-Windows-Security-Auditing,Security,4672,Special privileges assigned to new logon,EMPRESA,helpdesk01,PC-RRHH-002,10.10.135.223,50449,7,C:\\Windows\\System32\\WindowsPowerShell\\v1.0\\powershell.exe,0x0,0x0,Special privileges assigned to EMPRESA\helpdesk01,0,none,Internal,LAN,,
2026-04-29 04:03:24,WIN11-SEC-022,Microsoft-Windows-Security-Auditing,Security,4624,An account was successfully logged on,EMPRESA,analista01,SRV-MON-001,192.168.1.124,62764,10,C:\\Windows\\System32\\svchost.exe,0x0,0x0,Successful logon for EMPRESA\analista01 from 192.168.1.124 using logon type 10,0,none,Internal,LAN,,
2026-04-29 04:03:53,WIN-SRV-APP01,Microsoft-Windows-Security-Auditing,Security,4624,An account was successfully logged on,LOCAL,domain.admin,-,203.0.113.241,20095,3,C:\\Windows\\System32\\WindowsPowerShell\\v1.0\\powershell.exe,0x0,0x0,Successful remote administrative logon for LOCAL\domain.admin from external IP 203.0.113.241,1,suspicious_admin_logon,China,Shanghai,31.32304,121.77589
2026-04-29 04:04:20,WIN-SRV-APP01,Microsoft-Windows-Security-Auditing,Security,4688,A new process has been created,LOCAL,analista01,PC-RRHH-002,172.16.20.61,56390,3,C:\\Program Files\\Microsoft Defender\\MsMpEng.exe,0x0,0x0,Process created by LOCAL\analista01: C:\\Program Files\\Microsoft Defender\\MsMpEng.exe,0,none,Internal,LAN,,
2026-04-29 04:04:53,WIN-SRV-FILE01,Microsoft-Windows-Security-Auditing,Security,4726,A user account was deleted,EMPRESA,mgarcia,ATTACKBOX,192.0.2.116,64683,10,C:\\Windows\\System32\\WindowsPowerShell\\v1.0\\powershell.exe,0x0,0x0,User account deleted unexpectedly: EMPRESA\mgarcia from 192.0.2.116,1,account_deleted,South Africa,Johannesburg,-26.39433,27.87059
2026-04-29 04:05:15,WIN-SRV-DC01,Microsoft-Windows-Security-Auditing,Security,4625,An account failed to log on,CORP,sqladmin,-,192.0.2.236,62105,10,C:\\Program Files\\Microsoft Defender\\MsMpEng.exe,0xC000006A,0xC000006A,Failed logon for CORP\sqladmin from 192.0.2.236; possible brute force,1,brute_force_logon,Germany,Frankfurt,50.41082,8.62135
2026-04-29 04:06:11,WIN11-SEC-022,Microsoft-Windows-Security-Auditing,Security,4625,An account failed to log on,CORP,backup,WIN-RDP,198.51.100.19,61061,3,C:\\Program Files\\Microsoft Defender\\MsMpEng.exe,0xC000006D,0xC000006A,Failed logon for CORP\backup from 198.51.100.19; possible brute force,1,brute_force_logon,South Africa,Johannesburg,-25.75603,28.05951
2026-04-29 04:06:39,WIN-SRV-FILE01,Microsoft-Windows-Security-Auditing,Security,4625,An account failed to log on,CORP,backup,-,192.0.2.177,60548,10,C:\\Windows\\System32\\lsass.exe,0xC000006D,0xC000006A,Failed logon from 192.0.2.177 against multiple users; possible password spray,1,password_spray,Netherlands,Amsterdam,52.00746,4.60044
2026-04-29 04:06:52,WIN11-SEC-022,Microsoft-Windows-Security-Auditing,Security,4624,An account was successfully logged on,EMPRESA,admin.ops,PC-FIN-001,192.168.1.157,63239,7,C:\\Program Files\\Microsoft Defender\\MsMpEng.exe,0x0,0x0,Successful logon for EMPRESA\admin.ops from 192.168.1.157 using logon type 7,0,none,Internal,LAN,,
2026-04-29 04:07:09,WIN11-SEC-022,Microsoft-Windows-Security-Auditing,Security,4624,An account was successfully logged on,CORP,domain.admin,-,192.0.2.15,18362,3,C:\\Windows\\System32\\lsass.exe,0x0,0x0,Successful remote administrative logon for CORP\domain.admin from external IP 192.0.2.15,1,suspicious_admin_logon,Australia,Sydney,-33.68886,151.05198
2026-04-29 04:07:17,WIN-SRV-DC01,Microsoft-Windows-Security-Auditing,Security,4672,Special privileges assigned to new logon,LOCAL,administrator,-,198.51.100.239,53013,10,C:\\Windows\\System32\\lsass.exe,0x0,0x0,Special privileges assigned to suspicious account LOCAL\administrator from 198.51.100.239,1,privilege_escalation,Chile,Santiago,-33.50953,-70.82526
2026-04-29 04:08:24,WIN-SRV-FILE01,Microsoft-Windows-Security-Auditing,Security,4624,An account was successfully logged on,EMPRESA,svc_backup,PC-RRHH-002,192.168.1.232,64957,10,C:\\Windows\\System32\\WindowsPowerShell\\v1.0\\powershell.exe,0x0,0x0,Successful logon for EMPRESA\svc_backup from 192.168.1.232 using logon type 10,0,none,Internal,LAN,,
2026-04-29 04:08:46,WIN-SRV-APP01,Microsoft-Windows-Security-Auditing,Security,4672,Special privileges assigned to new logon,CORP,dtorres,SRV-MON-001,192.168.1.225,52433,7,C:\\Program Files\\Google\\Chrome\\Application\\chrome.exe,0x0,0x0,Special privileges assigned to CORP\dtorres,0,none,Internal,LAN,,
2026-04-29 04:10:13,WIN-SRV-FILE01,Microsoft-Windows-Security-Auditing,Security,1102,The audit log was cleared,CORP,admin,UNKNOWN,203.0.113.143,23922,7,C:\\Program Files\\Google\\Chrome\\Application\\chrome.exe,0x0,0x0,Security audit log cleared by CORP\admin from 203.0.113.143,1,audit_log_cleared,India,Mumbai,19.3697,72.90343
2026-04-29 04:10:30,WIN11-SEC-022,Microsoft-Windows-Security-Auditing,Security,4625,An account failed to log on,EMPRESA,sqladmin,KALI,192.0.2.50,18916,3,C:\\Windows\\System32\\WindowsPowerShell\\v1.0\\powershell.exe,0xC000006D,0xC000006A,Failed logon for EMPRESA\sqladmin from 192.0.2.50; possible brute force,1,brute_force_logon,India,Mumbai,19.15914,72.53706
2026-04-29 04:10:44,WIN10-FIN-014,Microsoft-Windows-Security-Auditing,Security,4624,An account was successfully logged on,EMPRESA,svc_monitor,PC-OPS-014,10.10.152.45,57719,7,C:\\Program Files\\Google\\Chrome\\Application\\chrome.exe,0x0,0x0,Successful logon for EMPRESA\svc_monitor from 10.10.152.45 using logon type 7,0,none,Internal,LAN,,
2026-04-29 04:12:13,WIN-SRV-DC01,Microsoft-Windows-Security-Auditing,Security,4672,Special privileges assigned to new logon,CORP,soporte,UNKNOWN,203.0.113.118,15209,7,C:\\Windows\\System32\\WindowsPowerShell\\v1.0\\powershell.exe,0x0,0x0,Special privileges assigned to suspicious account CORP\soporte from 203.0.113.118,1,privilege_escalation,Netherlands,Amsterdam,52.26397,5.02259
2026-04-29 04:12:49,WIN10-FIN-014,Microsoft-Windows-Security-Auditing,Security,4688,A new process has been created,CORP,administrator,KALI,203.0.113.129,57297,10,"C:\\Windows\\System32\\rundll32.exe javascript:\\..\\mshtml,RunHTMLApplication",0x0,0x0,"Suspicious process execution by CORP\administrator: C:\\Windows\\System32\\rundll32.exe javascript:\\..\\mshtml,RunHTMLApplication",1,suspicious_process_execution,Argentina,Buenos Aires,-34.9489,-58.28812
2026-04-29 04:12:53,WIN-SRV-DC01,Microsoft-Windows-Security-Auditing,Security,4625,An account failed to log on,CORP,administrator,-,198.51.100.29,60460,10,C:\\Program Files\\Google\\Chrome\\Application\\chrome.exe,0xC000006D,0xC000006A,Failed logon for CORP\administrator from 198.51.100.29; possible brute force,1,brute_force_logon,China,Shanghai,31.24202,121.11366
2026-04-29 04:13:29,WIN11-SEC-022,Microsoft-Windows-Security-Auditing,Security,4624,An account was successfully logged on,LOCAL,administrator,KALI,198.51.100.230,64881,3,C:\\Windows\\System32\\winlogon.exe,0x0,0x0,Successful remote administrative logon for LOCAL\administrator from external IP 198.51.100.230,1,suspicious_admin_logon,Spain,Madrid,40.82305,-3.62615
2026-04-29 04:14:12,WIN-SRV-DC01,Microsoft-Windows-Security-Auditing,Security,4688,A new process has been created,EMPRESA,usuario,WIN-RDP,203.0.113.96,44401,7,C:\\Windows\\System32\\cmd.exe /c whoami && net user,0x0,0x0,Suspicious process execution by EMPRESA\usuario: C:\\Windows\\System32\\cmd.exe /c whoami && net user,1,suspicious_process_execution,Russia,Moscow,55.54228,37.77893
2026-04-29 04:14:13,WIN11-SEC-022,Microsoft-Windows-Security-Auditing,Security,4625,An account failed to log on,CORP,usuario,KALI,198.51.100.215,23880,10,C:\\Program Files\\Microsoft Defender\\MsMpEng.exe,0xC000006D,0xC000006A,Failed logon from 198.51.100.215 against multiple users; possible password spray,1,password_spray,Mexico,Mexico City,19.72224,-99.17231
2026-04-29 04:14:37,WIN11-SEC-022,Microsoft-Windows-Security-Auditing,Security,4688,A new process has been created,EMPRESA,admin.ops,PC-RRHH-002,172.16.20.118,60828,2,C:\\Windows\\System32\\cmd.exe,0x0,0x0,Process created by EMPRESA\admin.ops: C:\\Windows\\System32\\cmd.exe,0,none,Internal,LAN,,
2026-04-29 04:16:27,WIN10-FIN-014,Microsoft-Windows-Security-Auditing,Security,4624,An account was successfully logged on,EMPRESA,admin.ops,PC-FIN-001,10.10.247.168,65499,3,C:\\Windows\\System32\\winlogon.exe,0x0,0x0,Successful logon for EMPRESA\admin.ops from 10.10.247.168 using logon type 3,0,none,Internal,LAN,,
2026-04-29 04:16:37,WIN-SRV-FILE01,Microsoft-Windows-Security-Auditing,Security,4625,An account failed to log on,CORP,test,WIN-RDP,192.0.2.50,44492,10,C:\\Program Files\\Google\\Chrome\\Application\\chrome.exe,0xC000006A,0xC000006A,Failed logon for CORP\test from 192.0.2.50; possible brute force,1,brute_force_logon,South Africa,Johannesburg,-26.61721,27.99276
2026-04-29 04:16:50,WIN-SRV-APP01,Microsoft-Windows-Security-Auditing,Security,4625,An account failed to log on,CORP,usuario,WIN-RDP,203.0.113.177,32632,3,C:\\Program Files\\Microsoft Defender\\MsMpEng.exe,0xC000006D,0xC000006A,Failed logon from 203.0.113.177 against multiple users; possible password spray,1,password_spray,Germany,Frankfurt,50.32985,8.93851
2026-04-29 04:17:12,WIN11-SEC-022,Microsoft-Windows-Security-Auditing,Security,4625,An account failed to log on,LOCAL,guest,KALI,192.0.2.126,10156,10,C:\\Windows\\System32\\svchost.exe,0xC000006D,0xC000006A,Failed logon from 192.0.2.126 against multiple users; possible password spray,1,password_spray,China,Shanghai,31.19288,121.74458
2026-04-29 04:17:46,WIN-SRV-APP01,Microsoft-Windows-Security-Auditing,Security,4688,A new process has been created,EMPRESA,guest,UNKNOWN,192.0.2.179,40797,7,C:\\Windows\\System32\\reg.exe save HKLM\\SAM C:\\Temp\\sam.save,0x0,0x0,Suspicious process execution by EMPRESA\guest: C:\\Windows\\System32\\reg.exe save HKLM\\SAM C:\\Temp\\sam.save,1,suspicious_process_execution,Australia,Sydney,-33.66728,151.16936
2026-04-29 04:18:39,WIN-SRV-FILE01,Microsoft-Windows-Security-Auditing,Security,4634,An account was logged off,LOCAL,admin.ops,PC-RRHH-002,172.16.20.140,58619,2,C:\\Windows\\System32\\cmd.exe,0x0,0x0,Logoff for LOCAL\admin.ops from workstation PC-RRHH-002,0,none,Internal,LAN,,
2026-04-29 04:19:09,WIN10-FIN-014,Microsoft-Windows-Security-Auditing,Security,4625,An account failed to log on,EMPRESA,root,-,192.0.2.94,40078,10,C:\\Windows\\System32\\lsass.exe,0xC000006D,0xC000006A,Failed logon from 192.0.2.94 against multiple users; possible password spray,1,password_spray,Netherlands,Amsterdam,52.51438,5.14561
2026-04-29 04:19:25,WIN10-FIN-014,Microsoft-Windows-Security-Auditing,Security,4625,An account failed to log on,LOCAL,root,KALI,198.51.100.133,42806,10,C:\\Windows\\System32\\svchost.exe,0xC000006D,0xC000006A,Failed logon for LOCAL\root from 198.51.100.133; possible brute force,1,brute_force_logon,Mexico,Mexico City,19.14323,-98.99638
2026-04-29 04:19:40,WIN-SRV-APP01,Microsoft-Windows-Security-Auditing,Security,4648,A logon was attempted using explicit credentials,LOCAL,svc_backup,PC-FIN-001,172.16.20.97,54732,3,C:\\Windows\\System32\\lsass.exe,0x0,0x0,Explicit credentials used by LOCAL\svc_backup from PC-FIN-001,0,none,Internal,LAN,,
2026-04-29 04:19:47,WIN-SRV-FILE01,Microsoft-Windows-Security-Auditing,Security,4732,A member was added to a security-enabled local group,EMPRESA,tempadmin,WIN-RDP,192.0.2.197,34458,3,C:\\Program Files\\Google\\Chrome\\Application\\chrome.exe,0x0,0x0,Account EMPRESA\tempadmin added to local Administrators group from 192.0.2.197,1,admin_group_membership_added,Peru,Lima,-12.4386,-76.9801
2026-04-29 04:19:51,WIN-SRV-DC01,Microsoft-Windows-Security-Auditing,Security,4688,A new process has been created,CORP,analista01,PC-FIN-001,192.168.1.7,59579,10,C:\\Windows\\System32\\WindowsPowerShell\\v1.0\\powershell.exe,0x0,0x0,Process created by CORP\analista01: C:\\Windows\\System32\\WindowsPowerShell\\v1.0\\powershell.exe,0,none,Internal,LAN,,
2026-04-29 04:19:57,WIN-SRV-APP01,Microsoft-Windows-Security-Auditing,Security,4624,An account was successfully logged on,EMPRESA,admin.ops,ATTACKBOX,192.0.2.106,49663,3,C:\\Program Files\\Microsoft Defender\\MsMpEng.exe,0x0,0x0,Successful remote administrative logon for EMPRESA\admin.ops from external IP 192.0.2.106,1,suspicious_admin_logon,India,Mumbai,19.07124,72.51217
2026-04-29 04:20:14,WIN-SRV-DC01,Microsoft-Windows-Security-Auditing,Security,4624,An account was successfully logged on,EMPRESA,svc_backup,PC-FIN-001,172.16.20.189,52643,10,C:\\Windows\\System32\\winlogon.exe,0x0,0x0,Successful logon for EMPRESA\svc_backup from 172.16.20.189 using logon type 10,0,none,Internal,LAN,,
2026-04-29 04:20:56,WIN-SRV-DC01,Microsoft-Windows-Security-Auditing,Security,4624,An account was successfully logged on,CORP,admin.ops,KALI,203.0.113.233,43822,3,C:\\Program Files\\Google\\Chrome\\Application\\chrome.exe,0x0,0x0,Successful remote administrative logon for CORP\admin.ops from external IP 203.0.113.233,1,suspicious_admin_logon,Chile,Santiago,-33.02203,-70.9775
2026-04-29 04:21:13,WIN-SRV-DC01,Microsoft-Windows-Security-Auditing,Security,4634,An account was logged off,EMPRESA,analista01,PC-OPS-014,10.10.239.87,57368,7,C:\\Windows\\System32\\cmd.exe,0x0,0x0,Logoff for EMPRESA\analista01 from workstation PC-OPS-014,0,none,Internal,LAN,,
2026-04-29 04:21:46,WIN11-SEC-022,Microsoft-Windows-Security-Auditing,Security,4625,An account failed to log on,CORP,backup,ATTACKBOX,198.51.100.221,50011,3,C:\\Program Files\\Google\\Chrome\\Application\\chrome.exe,0xC000006D,0xC000006A,Failed logon for CORP\backup from 198.51.100.221; possible brute force,1,brute_force_logon,Germany,Frankfurt,50.31017,8.25705
2026-04-29 04:22:16,WIN-SRV-FILE01,Microsoft-Windows-Security-Auditing,Security,4624,An account was successfully logged on,EMPRESA,lcastro,PC-FIN-001,172.16.20.190,52821,2,C:\\Program Files\\Google\\Chrome\\Application\\chrome.exe,0x0,0x0,Successful logon for EMPRESA\lcastro from 172.16.20.190 using logon type 2,0,none,Internal,LAN,,
2026-04-29 04:22:26,WIN11-SEC-022,Microsoft-Windows-Security-Auditing,Security,4720,A user account was created,CORP,backup2,KALI,198.51.100.171,50285,7,C:\\Windows\\System32\\lsass.exe,0x0,0x0,Suspicious user account created: CORP\backup2 from 198.51.100.171,1,account_creation,Mexico,Mexico City,19.49319,-99.45218
2026-04-29 04:23:00,WIN-SRV-DC01,Microsoft-Windows-Security-Auditing,Security,4634,An account was logged off,LOCAL,svc_monitor,SRV-MON-001,172.16.20.233,63561,3,C:\\Program Files\\Microsoft Defender\\MsMpEng.exe,0x0,0x0,Logoff for LOCAL\svc_monitor from workstation SRV-MON-001,0,none,Internal,LAN,,
2026-04-29 04:23:09,WIN-SRV-APP01,Microsoft-Windows-Security-Auditing,Security,4634,An account was logged off,LOCAL,lcastro,PC-OPS-014,192.168.1.7,53376,10,C:\\Program Files\\Microsoft Defender\\MsMpEng.exe,0x0,0x0,Logoff for LOCAL\lcastro from workstation PC-OPS-014,0,none,Internal,LAN,,
2026-04-29 04:23:46,WIN10-FIN-014,Microsoft-Windows-Security-Auditing,Security,4625,An account failed to log on,LOCAL,sqladmin,KALI,198.51.100.31,52782,3,C:\\Windows\\System32\\winlogon.exe,0xC000006A,0xC000006A,Failed logon for LOCAL\sqladmin from 198.51.100.31; possible brute force,1,brute_force_logon,United States,New York,41.01793,-73.85664
2026-04-29 04:24:32,WIN-SRV-APP01,Microsoft-Windows-Security-Auditing,Security,4688,A new process has been created,EMPRESA,usuario,WIN-RDP,198.51.100.211,14232,10,C:\\Windows\\System32\\reg.exe save HKLM\\SAM C:\\Temp\\sam.save,0x0,0x0,Suspicious process execution by EMPRESA\usuario: C:\\Windows\\System32\\reg.exe save HKLM\\SAM C:\\Temp\\sam.save,1,suspicious_process_execution,China,Shanghai,31.42453,121.27698
2026-04-29 04:24:33,WIN10-FIN-014,Microsoft-Windows-Security-Auditing,Security,4624,An account was successfully logged on,EMPRESA,jperez,PC-RRHH-002,192.168.1.220,49965,7,C:\\Program Files\\Google\\Chrome\\Application\\chrome.exe,0x0,0x0,Successful logon for EMPRESA\jperez from 192.168.1.220 using logon type 7,0,none,Internal,LAN,,
2026-04-29 04:24:45,WIN-SRV-APP01,Microsoft-Windows-Security-Auditing,Security,4624,An account was successfully logged on,CORP,dtorres,PC-FIN-001,192.168.1.160,61191,10,C:\\Windows\\System32\\svchost.exe,0x0,0x0,Successful logon for CORP\dtorres from 192.168.1.160 using logon type 10,0,none,Internal,LAN,,
2026-04-29 04:24:49,WIN-SRV-FILE01,Microsoft-Windows-Security-Auditing,Security,4624,An account was successfully logged on,EMPRESA,svc_backup,SRV-MON-001,192.168.1.234,65263,3,C:\\Windows\\System32\\svchost.exe,0x0,0x0,Successful logon for EMPRESA\svc_backup from 192.168.1.234 using logon type 3,0,none,Internal,LAN,,
2026-04-29 04:25:01,WIN-SRV-DC01,Microsoft-Windows-Security-Auditing,Security,4625,An account failed to log on,CORP,administrator,-,203.0.113.151,45526,10,C:\\Windows\\System32\\lsass.exe,0xC000006D,0xC000006A,Failed logon for CORP\administrator from 203.0.113.151; possible brute force,1,brute_force_logon,Chile,Santiago,-33.353,-70.68561
2026-04-29 04:25:03,WIN-SRV-APP01,Microsoft-Windows-Security-Auditing,Security,4625,An account failed to log on,EMPRESA,backup,WIN-RDP,192.0.2.111,47812,10,C:\\Windows\\System32\\winlogon.exe,0xC000006D,0xC000006A,Failed logon from 192.0.2.111 against multiple users; possible password spray,1,password_spray,United States,New York,40.53482,-73.61119
2026-04-29 04:25:11,WIN10-FIN-014,Microsoft-Windows-Security-Auditing,Security,4672,Special privileges assigned to new logon,LOCAL,admin,WIN-RDP,203.0.113.124,33768,2,C:\\Program Files\\Google\\Chrome\\Application\\chrome.exe,0x0,0x0,Special privileges assigned to suspicious account LOCAL\admin from 203.0.113.124,1,privilege_escalation,United States,New York,40.33677,-74.11241
2026-04-29 04:25:21,WIN-SRV-APP01,Microsoft-Windows-Security-Auditing,Security,4720,A user account was created,EMPRESA,svc_temp,KALI,203.0.113.161,58343,2,C:\\Windows\\System32\\winlogon.exe,0x0,0x0,Suspicious user account created: EMPRESA\svc_temp from 203.0.113.161,1,account_creation,Japan,Tokyo,35.40532,139.54734
2026-04-29 04:25:31,WIN10-FIN-014,Microsoft-Windows-Security-Auditing,Security,4634,An account was logged off,LOCAL,jperez,LAP-GER-003,172.16.20.21,60912,2,C:\\Windows\\System32\\cmd.exe,0x0,0x0,Logoff for LOCAL\jperez from workstation LAP-GER-003,0,none,Internal,LAN,,
2026-04-29 04:27:20,WIN10-FIN-014,Microsoft-Windows-Security-Auditing,Security,4720,A user account was created,LOCAL,soporte2,-,203.0.113.70,37785,2,C:\\Windows\\System32\\winlogon.exe,0x0,0x0,Suspicious user account created: LOCAL\soporte2 from 203.0.113.70,1,account_creation,China,Shanghai,30.83447,121.7941
2026-04-29 04:27:54,WIN11-SEC-022,Microsoft-Windows-Security-Auditing,Security,4688,A new process has been created,EMPRESA,usuario,WIN-RDP,198.51.100.162,37240,7,C:\\Windows\\System32\\reg.exe save HKLM\\SAM C:\\Temp\\sam.save,0x0,0x0,Suspicious process execution by EMPRESA\usuario: C:\\Windows\\System32\\reg.exe save HKLM\\SAM C:\\Temp\\sam.save,1,suspicious_process_execution,Germany,Frankfurt,49.86359,8.76866
2026-04-29 04:28:45,WIN-SRV-APP01,Microsoft-Windows-Security-Auditing,Security,4625,An account failed to log on,CORP,admin,-,192.0.2.11,43932,3,C:\\Windows\\System32\\WindowsPowerShell\\v1.0\\powershell.exe,0xC000006A,0xC0000064,Failed logon for CORP\admin from 192.0.2.11; possible brute force,1,brute_force_logon,South Africa,Johannesburg,-26.35698,28.48841
2026-04-29 04:28:51,WIN-SRV-DC01,Microsoft-Windows-Security-Auditing,Security,4625,An account failed to log on,EMPRESA,administrator,ATTACKBOX,203.0.113.134,60086,3,C:\\Program Files\\Google\\Chrome\\Application\\chrome.exe,0xC000006D,0xC000006A,Failed logon from 203.0.113.134 against multiple users; possible password spray,1,password_spray,Chile,Santiago,-33.02103,-70.50759
2026-04-29 04:29:18,WIN-SRV-DC01,Microsoft-Windows-Security-Auditing,Security,4648,A logon was attempted using explicit credentials,EMPRESA,admin,WIN-RDP,198.51.100.16,39055,10,C:\\Windows\\System32\\winlogon.exe,0x0,0x0,Explicit credentials used suspiciously by EMPRESA\admin from 198.51.100.16,1,explicit_credentials_abuse,Argentina,Buenos Aires,-34.39849,-58.13083
2026-04-29 04:29:27,WIN11-SEC-022,Microsoft-Windows-Security-Auditing,Security,4720,A user account was created,EMPRESA,tempadmin,-,203.0.113.200,4302,10,C:\\Program Files\\Google\\Chrome\\Application\\chrome.exe,0x0,0x0,Suspicious user account created: EMPRESA\tempadmin from 203.0.113.200,1,account_creation,Argentina,Buenos Aires,-34.92598,-58.44715
2026-04-29 04:29:30,WIN-SRV-APP01,Microsoft-Windows-Security-Auditing,Security,4648,A logon was attempted using explicit credentials,LOCAL,mgarcia,PC-FIN-001,10.10.75.30,56280,10,C:\\Windows\\System32\\svchost.exe,0x0,0x0,Explicit credentials used by LOCAL\mgarcia from PC-FIN-001,0,none,Internal,LAN,,
2026-04-29 04:29:53,WIN-SRV-FILE01,Microsoft-Windows-Security-Auditing,Security,4625,An account failed to log on,CORP,test,-,198.51.100.78,50036,10,C:\\Windows\\System32\\lsass.exe,0xC000006D,0xC0000064,Failed logon for CORP\test from 198.51.100.78; possible brute force,1,brute_force_logon,Spain,Madrid,40.80879,-3.46714
2026-04-29 04:30:37,WIN-SRV-APP01,Microsoft-Windows-Security-Auditing,Security,4688,A new process has been created,EMPRESA,alopez,SRV-MON-001,172.16.20.216,56306,7,C:\\Windows\\System32\\winlogon.exe,0x0,0x0,Process created by EMPRESA\alopez: C:\\Windows\\System32\\winlogon.exe,0,none,Internal,LAN,,
2026-04-29 04:30:41,WIN11-SEC-022,Microsoft-Windows-Security-Auditing,Security,4720,A user account was created,CORP,backup2,ATTACKBOX,192.0.2.201,48353,3,C:\\Program Files\\Microsoft Defender\\MsMpEng.exe,0x0,0x0,Suspicious user account created: CORP\backup2 from 192.0.2.201,1,account_creation,United States,New York,40.90238,-73.97445
2026-04-29 04:30:50,WIN-SRV-DC01,Microsoft-Windows-Security-Auditing,Security,4625,An account failed to log on,LOCAL,guest,ATTACKBOX,192.0.2.230,36496,10,C:\\Windows\\System32\\cmd.exe,0xC000006A,0xC000006A,Failed logon for LOCAL\guest from 192.0.2.230; possible brute force,1,brute_force_logon,Australia,Sydney,-33.86622,151.29013
2026-04-29 04:31:36,WIN-SRV-DC01,Microsoft-Windows-Security-Auditing,Security,4688,A new process has been created,CORP,oracle,WIN-RDP,203.0.113.155,13921,2,C:\\Windows\\System32\\WindowsPowerShell\\v1.0\\powershell.exe -enc JABXAGMAbABpAGUAbgB0,0x0,0x0,Suspicious process execution by CORP\oracle: C:\\Windows\\System32\\WindowsPowerShell\\v1.0\\powershell.exe -enc JABXAGMAbABpAGUAbgB0,1,suspicious_process_execution,Brazil,Sao Paulo,-23.89152,-46.65557
2026-04-29 04:31:52,WIN-SRV-FILE01,Microsoft-Windows-Security-Auditing,Security,4726,A user account was deleted,EMPRESA,analista01,-,198.51.100.216,64243,2,C:\\Windows\\System32\\WindowsPowerShell\\v1.0\\powershell.exe,0x0,0x0,User account deleted unexpectedly: EMPRESA\analista01 from 198.51.100.216,1,account_deleted,Peru,Lima,-12.2504,-77.02076
2026-04-29 04:32:32,WIN-SRV-FILE01,Microsoft-Windows-Security-Auditing,Security,4624,An account was successfully logged on,CORP,crojas,PC-FIN-001,192.168.1.200,52276,2,C:\\Windows\\System32\\lsass.exe,0x0,0x0,Successful logon for CORP\crojas from 192.168.1.200 using logon type 2,0,none,Internal,LAN,,
2026-04-29 04:32:59,WIN-SRV-DC01,Microsoft-Windows-Security-Auditing,Security,4624,An account was successfully logged on,EMPRESA,svc_monitor,SRV-MON-001,172.16.20.146,53762,10,C:\\Windows\\System32\\svchost.exe,0x0,0x0,Successful logon for EMPRESA\svc_monitor from 172.16.20.146 using logon type 10,0,none,Internal,LAN,,
2026-04-29 04:33:18,WIN-SRV-DC01,Microsoft-Windows-Security-Auditing,Security,1102,The audit log was cleared,CORP,administrator,WIN-RDP,203.0.113.177,57397,10,C:\\Windows\\System32\\WindowsPowerShell\\v1.0\\powershell.exe,0x0,0x0,Security audit log cleared by CORP\administrator from 203.0.113.177,1,audit_log_cleared,Brazil,Sao Paulo,-23.18678,-46.94443
2026-04-29 04:33:31,WIN-SRV-DC01,Microsoft-Windows-Security-Auditing,Security,4634,An account was logged off,LOCAL,alopez,SRV-MON-001,10.10.51.111,61726,3,C:\\Windows\\System32\\winlogon.exe,0x0,0x0,Logoff for LOCAL\alopez from workstation SRV-MON-001,0,none,Internal,LAN,,
2026-04-29 04:33:31,WIN-SRV-APP01,Microsoft-Windows-Security-Auditing,Security,4648,A logon was attempted using explicit credentials,LOCAL,svc_backup,KALI,198.51.100.216,54571,7,C:\\Windows\\System32\\svchost.exe,0x0,0x0,Explicit credentials used suspiciously by LOCAL\svc_backup from 198.51.100.216,1,explicit_credentials_abuse,Brazil,Sao Paulo,-23.99113,-46.75833
2026-04-29 04:34:15,WIN10-FIN-014,Microsoft-Windows-Security-Auditing,Security,4688,A new process has been created,EMPRESA,admin,KALI,203.0.113.40,29700,10,C:\\Windows\\System32\\WindowsPowerShell\\v1.0\\powershell.exe -enc JABXAGMAbABpAGUAbgB0,0x0,0x0,Suspicious process execution by EMPRESA\admin: C:\\Windows\\System32\\WindowsPowerShell\\v1.0\\powershell.exe -enc JABXAGMAbABpAGUAbgB0,1,suspicious_process_execution,Russia,Moscow,56.18121,37.6492
2026-04-29 04:34:31,WIN-SRV-DC01,Microsoft-Windows-Security-Auditing,Security,4625,An account failed to log on,EMPRESA,administrator,WIN-RDP,198.51.100.246,20153,10,C:\\Program Files\\Microsoft Defender\\MsMpEng.exe,0xC000006D,0xC000006A,Failed logon from 198.51.100.246 against multiple users; possible password spray,1,password_spray,Australia,Sydney,-34.10614,151.54982
2026-04-29 04:34:34,WIN10-FIN-014,Microsoft-Windows-Security-Auditing,Security,4720,A user account was created,CORP,tempadmin,KALI,192.0.2.132,32577,3,C:\\Windows\\System32\\cmd.exe,0x0,0x0,Suspicious user account created: CORP\tempadmin from 192.0.2.132,1,account_creation,Argentina,Buenos Aires,-34.27659,-58.61598
2026-04-29 04:35:08,WIN11-SEC-022,Microsoft-Windows-Security-Auditing,Security,4672,Special privileges assigned to new logon,CORP,admin,ATTACKBOX,203.0.113.113,50457,10,C:\\Program Files\\Microsoft Defender\\MsMpEng.exe,0x0,0x0,Special privileges assigned to suspicious account CORP\admin from 203.0.113.113,1,privilege_escalation,Australia,Sydney,-33.90767,150.83306
2026-04-29 04:35:09,WIN-SRV-APP01,Microsoft-Windows-Security-Auditing,Security,4672,Special privileges assigned to new logon,CORP,soporte,UNKNOWN,192.0.2.244,46938,7,C:\\Windows\\System32\\winlogon.exe,0x0,0x0,Special privileges assigned to suspicious account CORP\soporte from 192.0.2.244,1,privilege_escalation,China,Shanghai,31.22741,121.49419
2026-04-29 04:35:38,WIN-SRV-DC01,Microsoft-Windows-Security-Auditing,Security,4688,A new process has been created,EMPRESA,backup,-,192.0.2.148,1740,7,C:\\Windows\\System32\\net.exe localgroup administrators soporte /add,0x0,0x0,Suspicious process execution by EMPRESA\backup: C:\\Windows\\System32\\net.exe localgroup administrators soporte /add,1,suspicious_process_execution,Japan,Tokyo,35.78594,140.04872
2026-04-29 04:36:29,WIN10-FIN-014,Microsoft-Windows-Security-Auditing,Security,4648,A logon was attempted using explicit credentials,LOCAL,svc_backup,-,192.0.2.112,63833,2,C:\\Windows\\System32\\svchost.exe,0x0,0x0,Explicit credentials used suspiciously by LOCAL\svc_backup from 192.0.2.112,1,explicit_credentials_abuse,Peru,Lima,-11.6152,-77.39864
2026-04-29 04:36:34,WIN-SRV-APP01,Microsoft-Windows-Security-Auditing,Security,4634,An account was logged off,LOCAL,finanzas02,PC-OPS-014,10.10.92.174,53238,3,C:\\Program Files\\Google\\Chrome\\Application\\chrome.exe,0x0,0x0,Logoff for LOCAL\finanzas02 from workstation PC-OPS-014,0,none,Internal,LAN,,
2026-04-29 04:36:35,WIN11-SEC-022,Microsoft-Windows-Security-Auditing,Security,4624,An account was successfully logged on,CORP,domain.admin,ATTACKBOX,203.0.113.158,23899,10,C:\\Program Files\\Microsoft Defender\\MsMpEng.exe,0x0,0x0,Successful remote administrative logon for CORP\domain.admin from external IP 203.0.113.158,1,suspicious_admin_logon,Brazil,Sao Paulo,-23.11257,-46.99048
2026-04-29 04:37:07,WIN10-FIN-014,Microsoft-Windows-Security-Auditing,Security,4634,An account was logged off,CORP,finanzas02,PC-RRHH-002,192.168.1.100,63609,3,C:\\Windows\\System32\\cmd.exe,0x0,0x0,Logoff for CORP\finanzas02 from workstation PC-RRHH-002,0,none,Internal,LAN,,
2026-04-29 04:37:31,WIN10-FIN-014,Microsoft-Windows-Security-Auditing,Security,4624,An account was successfully logged on,EMPRESA,svc_backup,PC-FIN-001,10.10.42.157,53349,3,C:\\Windows\\System32\\WindowsPowerShell\\v1.0\\powershell.exe,0x0,0x0,Successful logon for EMPRESA\svc_backup from 10.10.42.157 using logon type 3,0,none,Internal,LAN,,
2026-04-29 04:37:40,WIN-SRV-FILE01,Microsoft-Windows-Security-Auditing,Security,4624,An account was successfully logged on,LOCAL,svc_backup,SRV-MON-001,10.10.47.156,61467,3,C:\\Windows\\System32\\winlogon.exe,0x0,0x0,Successful logon for LOCAL\svc_backup from 10.10.47.156 using logon type 3,0,none,Internal,LAN,,
2026-04-29 04:37:48,WIN-SRV-FILE01,Microsoft-Windows-Security-Auditing,Security,4624,An account was successfully logged on,LOCAL,lcastro,PC-FIN-001,172.16.20.30,52333,10,C:\\Windows\\System32\\lsass.exe,0x0,0x0,Successful logon for LOCAL\lcastro from 172.16.20.30 using logon type 10,0,none,Internal,LAN,,
2026-04-29 04:37:58,WIN-SRV-FILE01,Microsoft-Windows-Security-Auditing,Security,4634,An account was logged off,LOCAL,crojas,PC-FIN-001,192.168.1.57,62288,3,C:\\Windows\\System32\\cmd.exe,0x0,0x0,Logoff for LOCAL\crojas from workstation PC-FIN-001,0,none,Internal,LAN,,
2026-04-29 04:38:02,WIN-SRV-FILE01,Microsoft-Windows-Security-Auditing,Security,4688,A new process has been created,EMPRESA,usuario,-,198.51.100.31,17779,7,C:\\Windows\\System32\\WindowsPowerShell\\v1.0\\powershell.exe -enc JABXAGMAbABpAGUAbgB0,0x0,0x0,Suspicious process execution by EMPRESA\usuario: C:\\Windows\\System32\\WindowsPowerShell\\v1.0\\powershell.exe -enc JABXAGMAbABpAGUAbgB0,1,suspicious_process_execution,Russia,Moscow,55.785,37.75964
2026-04-29 04:38:05,WIN-SRV-DC01,Microsoft-Windows-Security-Auditing,Security,4726,A user account was deleted,EMPRESA,dtorres,WIN-RDP,198.51.100.79,59647,2,C:\\Program Files\\Google\\Chrome\\Application\\chrome.exe,0x0,0x0,User account deleted unexpectedly: EMPRESA\dtorres from 198.51.100.79,1,account_deleted,Netherlands,Amsterdam,52.13561,4.82358
2026-04-29 04:38:19,WIN-SRV-FILE01,Microsoft-Windows-Security-Auditing,Security,4648,A logon was attempted using explicit credentials,LOCAL,administrator,-,192.0.2.220,54107,7,C:\\Program Files\\Microsoft Defender\\MsMpEng.exe,0x0,0x0,Explicit credentials used suspiciously by LOCAL\administrator from 192.0.2.220,1,explicit_credentials_abuse,Germany,Frankfurt,49.92179,8.87136
2026-04-29 04:38:26,WIN10-FIN-014,Microsoft-Windows-Security-Auditing,Security,4624,An account was successfully logged on,CORP,domain.admin,-,198.51.100.250,34962,3,C:\\Windows\\System32\\svchost.exe,0x0,0x0,Successful remote administrative logon for CORP\domain.admin from external IP 198.51.100.250,1,suspicious_admin_logon,Russia,Moscow,55.58914,37.68027
2026-04-29 04:38:32,WIN11-SEC-022,Microsoft-Windows-Security-Auditing,Security,4726,A user account was deleted,EMPRESA,admin.ops,UNKNOWN,198.51.100.106,56483,3,C:\\Windows\\System32\\WindowsPowerShell\\v1.0\\powershell.exe,0x0,0x0,User account deleted unexpectedly: EMPRESA\admin.ops from 198.51.100.106,1,account_deleted,Germany,Frankfurt,50.33696,9.06501
2026-04-29 04:39:41,WIN11-SEC-022,Microsoft-Windows-Security-Auditing,Security,4624,An account was successfully logged on,LOCAL,mgarcia,PC-RRHH-002,10.10.240.1,61602,7,C:\\Program Files\\Microsoft Defender\\MsMpEng.exe,0x0,0x0,Successful logon for LOCAL\mgarcia from 10.10.240.1 using logon type 7,0,none,Internal,LAN,,
2026-04-29 04:39:41,WIN-SRV-DC01,Microsoft-Windows-Security-Auditing,Security,4625,An account failed to log on,EMPRESA,usuario,-,203.0.113.8,57434,10,C:\\Program Files\\Microsoft Defender\\MsMpEng.exe,0xC000006D,0xC0000064,Failed logon for EMPRESA\usuario from 203.0.113.8; possible brute force,1,brute_force_logon,Peru,Lima,-12.21437,-77.36528
2026-04-29 04:39:56,WIN-SRV-APP01,Microsoft-Windows-Security-Auditing,Security,4688,A new process has been created,CORP,mgarcia,PC-RRHH-002,10.10.6.217,64142,10,C:\\Program Files\\Google\\Chrome\\Application\\chrome.exe,0x0,0x0,Process created by CORP\mgarcia: C:\\Program Files\\Google\\Chrome\\Application\\chrome.exe,0,none,Internal,LAN,,
2026-04-29 04:40:26,WIN-SRV-APP01,Microsoft-Windows-Security-Auditing,Security,4624,An account was successfully logged on,CORP,svc_monitor,PC-OPS-014,10.10.62.129,56731,3,C:\\Program Files\\Microsoft Defender\\MsMpEng.exe,0x0,0x0,Successful logon for CORP\svc_monitor from 10.10.62.129 using logon type 3,0,none,Internal,LAN,,
2026-04-29 04:40:40,WIN-SRV-FILE01,Microsoft-Windows-Security-Auditing,Security,4688,A new process has been created,CORP,root,UNKNOWN,198.51.100.82,33435,2,C:\\Users\\Public\\loader.exe,0x0,0x0,Suspicious process execution by CORP\root: C:\\Users\\Public\\loader.exe,1,suspicious_process_execution,Argentina,Buenos Aires,-34.98296,-57.94466
2026-04-29 04:41:04,WIN-SRV-APP01,Microsoft-Windows-Security-Auditing,Security,4625,An account failed to log on,EMPRESA,guest,WIN-RDP,198.51.100.78,64518,10,C:\\Windows\\System32\\cmd.exe,0xC000006D,0xC000006A,Failed logon from 198.51.100.78 against multiple users; possible password spray,1,password_spray,Russia,Moscow,55.95061,37.34596
2026-04-29 04:41:06,WIN10-FIN-014,Microsoft-Windows-Security-Auditing,Security,4624,An account was successfully logged on,EMPRESA,mgarcia,SRV-MON-001,10.10.95.230,54199,7,C:\\Windows\\System32\\WindowsPowerShell\\v1.0\\powershell.exe,0x0,0x0,Successful logon for EMPRESA\mgarcia from 10.10.95.230 using logon type 7,0,none,Internal,LAN,,
2026-04-29 04:41:16,WIN-SRV-APP01,Microsoft-Windows-Security-Auditing,Security,1102,The audit log was cleared,LOCAL,administrator,UNKNOWN,198.51.100.244,17995,7,C:\\Windows\\System32\\WindowsPowerShell\\v1.0\\powershell.exe,0x0,0x0,Security audit log cleared by LOCAL\administrator from 198.51.100.244,1,audit_log_cleared,India,Mumbai,18.85593,73.04285
2026-04-29 04:41:24,WIN11-SEC-022,Microsoft-Windows-Security-Auditing,Security,4720,A user account was created,LOCAL,backup2,KALI,198.51.100.186,14837,3,C:\\Windows\\System32\\winlogon.exe,0x0,0x0,Suspicious user account created: LOCAL\backup2 from 198.51.100.186,1,account_creation,Peru,Lima,-11.77083,-77.25769
2026-04-29 04:41:31,WIN10-FIN-014,Microsoft-Windows-Security-Auditing,Security,4625,An account failed to log on,EMPRESA,backup,WIN-RDP,192.0.2.254,14834,3,C:\\Windows\\System32\\cmd.exe,0xC000006D,0xC000006A,Failed logon from 192.0.2.254 against multiple users; possible password spray,1,password_spray,Japan,Tokyo,35.7015,139.38601
2026-04-29 04:42:19,WIN-SRV-DC01,Microsoft-Windows-Security-Auditing,Security,4672,Special privileges assigned to new logon,LOCAL,soporte,ATTACKBOX,203.0.113.192,14605,2,C:\\Windows\\System32\\svchost.exe,0x0,0x0,Special privileges assigned to suspicious account LOCAL\soporte from 203.0.113.192,1,privilege_escalation,Argentina,Buenos Aires,-34.28504,-57.98992
2026-04-29 04:43:40,WIN-SRV-FILE01,Microsoft-Windows-Security-Auditing,Security,4624,An account was successfully logged on,CORP,alopez,LAP-GER-003,192.168.1.150,64501,3,C:\\Windows\\System32\\cmd.exe,0x0,0x0,Successful logon for CORP\alopez from 192.168.1.150 using logon type 3,0,none,Internal,LAN,,
2026-04-29 04:44:26,WIN-SRV-APP01,Microsoft-Windows-Security-Auditing,Security,4648,A logon was attempted using explicit credentials,LOCAL,administrator,KALI,203.0.113.175,25852,2,C:\\Windows\\System32\\winlogon.exe,0x0,0x0,Explicit credentials used suspiciously by LOCAL\administrator from 203.0.113.175,1,explicit_credentials_abuse,India,Mumbai,19.10232,72.87285
2026-04-29 04:45:09,WIN-SRV-DC01,Microsoft-Windows-Security-Auditing,Security,4624,An account was successfully logged on,EMPRESA,domain.admin,-,192.0.2.65,46406,10,C:\\Windows\\System32\\lsass.exe,0x0,0x0,Successful remote administrative logon for EMPRESA\domain.admin from external IP 192.0.2.65,1,suspicious_admin_logon,Peru,Lima,-11.86408,-76.75275
2026-04-29 04:45:39,WIN-SRV-FILE01,Microsoft-Windows-Security-Auditing,Security,4672,Special privileges assigned to new logon,LOCAL,admin,KALI,203.0.113.8,26451,7,C:\\Windows\\System32\\WindowsPowerShell\\v1.0\\powershell.exe,0x0,0x0,Special privileges assigned to suspicious account LOCAL\admin from 203.0.113.8,1,privilege_escalation,Germany,Frankfurt,49.83948,8.62094
2026-04-29 04:45:57,WIN-SRV-APP01,Microsoft-Windows-Security-Auditing,Security,4625,An account failed to log on,EMPRESA,guest,ATTACKBOX,198.51.100.151,44924,10,C:\\Windows\\System32\\winlogon.exe,0xC000006D,0xC000006A,Failed logon from 198.51.100.151 against multiple users; possible password spray,1,password_spray,South Africa,Johannesburg,-26.59697,27.65261
2026-04-29 04:46:15,WIN-SRV-DC01,Microsoft-Windows-Security-Auditing,Security,4732,A member was added to a security-enabled local group,CORP,guest,KALI,198.51.100.141,60552,7,C:\\Windows\\System32\\WindowsPowerShell\\v1.0\\powershell.exe,0x0,0x0,Account CORP\guest added to local Administrators group from 198.51.100.141,1,admin_group_membership_added,Chile,Santiago,-33.07433,-70.45065
2026-04-29 04:46:20,WIN-SRV-APP01,Microsoft-Windows-Security-Auditing,Security,4624,An account was successfully logged on,CORP,admin.ops,ATTACKBOX,198.51.100.212,65158,10,C:\\Windows\\System32\\WindowsPowerShell\\v1.0\\powershell.exe,0x0,0x0,Successful remote administrative logon for CORP\admin.ops from external IP 198.51.100.212,1,suspicious_admin_logon,Chile,Santiago,-33.49841,-70.78308
2026-04-29 04:46:32,WIN11-SEC-022,Microsoft-Windows-Security-Auditing,Security,4688,A new process has been created,CORP,svc_backup,PC-FIN-001,172.16.20.30,60642,7,C:\\Program Files\\Microsoft Defender\\MsMpEng.exe,0x0,0x0,Process created by CORP\svc_backup: C:\\Program Files\\Microsoft Defender\\MsMpEng.exe,0,none,Internal,LAN,,
2026-04-29 04:46:56,WIN11-SEC-022,Microsoft-Windows-Security-Auditing,Security,4720,A user account was created,EMPRESA,soporte2,UNKNOWN,192.0.2.84,35951,2,C:\\Program Files\\Microsoft Defender\\MsMpEng.exe,0x0,0x0,Suspicious user account created: EMPRESA\soporte2 from 192.0.2.84,1,account_creation,Russia,Moscow,55.61615,37.19522
2026-04-29 04:46:58,WIN11-SEC-022,Microsoft-Windows-Security-Auditing,Security,4625,An account failed to log on,CORP,guest,ATTACKBOX,192.0.2.187,35155,10,C:\\Windows\\System32\\WindowsPowerShell\\v1.0\\powershell.exe,0xC000006A,0xC0000064,Failed logon for CORP\guest from 192.0.2.187; possible brute force,1,brute_force_logon,Argentina,Buenos Aires,-34.19546,-58.14641
2026-04-29 04:47:06,WIN-SRV-APP01,Microsoft-Windows-Security-Auditing,Security,4624,An account was successfully logged on,CORP,mgarcia,LAP-GER-003,10.10.219.79,58502,3,C:\\Windows\\System32\\WindowsPowerShell\\v1.0\\powershell.exe,0x0,0x0,Successful logon for CORP\mgarcia from 10.10.219.79 using logon type 3,0,none,Internal,LAN,,
2026-04-29 04:47:09,WIN-SRV-DC01,Microsoft-Windows-Security-Auditing,Security,4625,An account failed to log on,EMPRESA,sqladmin,WIN-RDP,192.0.2.142,17169,3,C:\\Windows\\System32\\cmd.exe,0xC000006D,0xC0000064,Failed logon for EMPRESA\sqladmin from 192.0.2.142; possible brute force,1,brute_force_logon,Netherlands,Amsterdam,52.12448,4.70085
2026-04-29 04:48:05,WIN-SRV-FILE01,Microsoft-Windows-Security-Auditing,Security,4625,An account failed to log on,CORP,soporte,KALI,198.51.100.15,21959,3,C:\\Windows\\System32\\svchost.exe,0xC000006D,0xC000006A,Failed logon from 198.51.100.15 against multiple users; possible password spray,1,password_spray,Japan,Tokyo,35.38691,139.38545
2026-04-29 04:48:08,WIN-SRV-DC01,Microsoft-Windows-Security-Auditing,Security,4625,An account failed to log on,EMPRESA,soporte,-,198.51.100.90,61001,3,C:\\Program Files\\Microsoft Defender\\MsMpEng.exe,0xC000006D,0xC000006A,Failed logon for EMPRESA\soporte from 198.51.100.90; possible brute force,1,brute_force_logon,Spain,Madrid,40.77539,-3.42475
2026-04-29 04:48:27,WIN10-FIN-014,Microsoft-Windows-Security-Auditing,Security,4634,An account was logged off,CORP,svc_backup,LAP-GER-003,10.10.208.145,61983,3,C:\\Windows\\System32\\WindowsPowerShell\\v1.0\\powershell.exe,0x0,0x0,Logoff for CORP\svc_backup from workstation LAP-GER-003,0,none,Internal,LAN,,
2026-04-29 04:48:57,WIN-SRV-FILE01,Microsoft-Windows-Security-Auditing,Security,4625,An account failed to log on,CORP,administrator,ATTACKBOX,192.0.2.34,6624,10,C:\\Program Files\\Google\\Chrome\\Application\\chrome.exe,0xC000006A,0xC0000064,Failed logon for CORP\administrator from 192.0.2.34; possible brute force,1,brute_force_logon,China,Shanghai,30.92433,121.31125
2026-04-29 04:49:54,WIN11-SEC-022,Microsoft-Windows-Security-Auditing,Security,4688,A new process has been created,CORP,usuario,-,203.0.113.4,7405,3,"C:\\Windows\\System32\\rundll32.exe javascript:\\..\\mshtml,RunHTMLApplication",0x0,0x0,"Suspicious process execution by CORP\usuario: C:\\Windows\\System32\\rundll32.exe javascript:\\..\\mshtml,RunHTMLApplication",1,suspicious_process_execution,China,Shanghai,31.28039,121.89386
2026-04-29 04:50:02,WIN10-FIN-014,Microsoft-Windows-Security-Auditing,Security,4625,An account failed to log on,LOCAL,backup,UNKNOWN,198.51.100.69,47818,10,C:\\Windows\\System32\\winlogon.exe,0xC000006D,0xC000006A,Failed logon for LOCAL\backup from 198.51.100.69; possible brute force,1,brute_force_logon,Germany,Frankfurt,50.51711,8.43059
2026-04-29 04:50:26,WIN10-FIN-014,Microsoft-Windows-Security-Auditing,Security,4625,An account failed to log on,EMPRESA,guest,KALI,203.0.113.113,11398,10,C:\\Windows\\System32\\WindowsPowerShell\\v1.0\\powershell.exe,0xC000006D,0xC0000064,Failed logon for EMPRESA\guest from 203.0.113.113; possible brute force,1,brute_force_logon,Australia,Sydney,-33.58786,150.83694
2026-04-29 04:52:33,WIN-SRV-FILE01,Microsoft-Windows-Security-Auditing,Security,4624,An account was successfully logged on,CORP,dtorres,PC-OPS-014,10.10.84.21,50506,7,C:\\Windows\\System32\\WindowsPowerShell\\v1.0\\powershell.exe,0x0,0x0,Successful logon for CORP\dtorres from 10.10.84.21 using logon type 7,0,none,Internal,LAN,,
2026-04-29 04:52:42,WIN10-FIN-014,Microsoft-Windows-Security-Auditing,Security,4625,An account failed to log on,CORP,sqladmin,WIN-RDP,198.51.100.159,38517,10,C:\\Windows\\System32\\cmd.exe,0xC000006A,0xC000006A,Failed logon for CORP\sqladmin from 198.51.100.159; possible brute force,1,brute_force_logon,Argentina,Buenos Aires,-34.23655,-58.20757
2026-04-29 04:52:43,WIN-SRV-APP01,Microsoft-Windows-Security-Auditing,Security,4625,An account failed to log on,CORP,test,UNKNOWN,203.0.113.137,16352,3,C:\\Windows\\System32\\WindowsPowerShell\\v1.0\\powershell.exe,0xC000006A,0xC0000064,Failed logon for CORP\test from 203.0.113.137; possible brute force,1,brute_force_logon,United States,New York,40.63888,-73.9961
2026-04-29 04:52:51,WIN-SRV-DC01,Microsoft-Windows-Security-Auditing,Security,4625,An account failed to log on,CORP,oracle,WIN-RDP,198.51.100.179,54051,3,C:\\Windows\\System32\\winlogon.exe,0xC000006D,0xC000006A,Failed logon from 198.51.100.179 against multiple users; possible password spray,1,password_spray,China,Shanghai,31.48367,121.36977
2026-04-29 04:53:08,WIN10-FIN-014,Microsoft-Windows-Security-Auditing,Security,4624,An account was successfully logged on,LOCAL,alopez,PC-FIN-001,172.16.20.87,57073,7,C:\\Program Files\\Microsoft Defender\\MsMpEng.exe,0x0,0x0,Successful logon for LOCAL\alopez from 172.16.20.87 using logon type 7,0,none,Internal,LAN,,
2026-04-29 04:53:16,WIN-SRV-DC01,Microsoft-Windows-Security-Auditing,Security,4624,An account was successfully logged on,LOCAL,mgarcia,PC-FIN-001,10.10.2.18,55822,10,C:\\Windows\\System32\\lsass.exe,0x0,0x0,Successful logon for LOCAL\mgarcia from 10.10.2.18 using logon type 10,0,none,Internal,LAN,,
2026-04-29 04:53:22,WIN-SRV-FILE01,Microsoft-Windows-Security-Auditing,Security,4625,An account failed to log on,CORP,usuario,ATTACKBOX,198.51.100.128,64321,3,C:\\Windows\\System32\\svchost.exe,0xC000006D,0xC000006A,Failed logon from 198.51.100.128 against multiple users; possible password spray,1,password_spray,Peru,Lima,-12.14632,-77.15452
2026-04-29 04:53:48,WIN11-SEC-022,Microsoft-Windows-Security-Auditing,Security,4625,An account failed to log on,EMPRESA,oracle,WIN-RDP,198.51.100.158,59826,3,C:\\Program Files\\Microsoft Defender\\MsMpEng.exe,0xC000006D,0xC0000064,Failed logon for EMPRESA\oracle from 198.51.100.158; possible brute force,1,brute_force_logon,Peru,Lima,-12.02139,-76.79151
2026-04-29 04:53:50,WIN10-FIN-014,Microsoft-Windows-Security-Auditing,Security,4624,An account was successfully logged on,EMPRESA,domain.admin,WIN-RDP,203.0.113.157,49660,10,C:\\Program Files\\Microsoft Defender\\MsMpEng.exe,0x0,0x0,Successful remote administrative logon for EMPRESA\domain.admin from external IP 203.0.113.157,1,suspicious_admin_logon,Mexico,Mexico City,19.1447,-99.30243
2026-04-29 04:54:02,WIN-SRV-FILE01,Microsoft-Windows-Security-Auditing,Security,4672,Special privileges assigned to new logon,EMPRESA,admin,WIN-RDP,203.0.113.183,5654,3,C:\\Windows\\System32\\cmd.exe,0x0,0x0,Special privileges assigned to suspicious account EMPRESA\admin from 203.0.113.183,1,privilege_escalation,Brazil,Sao Paulo,-23.81201,-46.68682
2026-04-29 04:55:07,WIN-SRV-FILE01,Microsoft-Windows-Security-Auditing,Security,4624,An account was successfully logged on,CORP,administrator,UNKNOWN,203.0.113.133,7167,10,C:\\Windows\\System32\\svchost.exe,0x0,0x0,Successful remote administrative logon for CORP\administrator from external IP 203.0.113.133,1,suspicious_admin_logon,Spain,Madrid,40.01404,-3.5127
2026-04-29 04:55:42,WIN-SRV-APP01,Microsoft-Windows-Security-Auditing,Security,4672,Special privileges assigned to new logon,LOCAL,jperez,PC-FIN-001,172.16.20.156,60822,7,C:\\Program Files\\Microsoft Defender\\MsMpEng.exe,0x0,0x0,Special privileges assigned to LOCAL\jperez,0,none,Internal,LAN,,
2026-04-29 04:56:29,WIN10-FIN-014,Microsoft-Windows-Security-Auditing,Security,4648,A logon was attempted using explicit credentials,CORP,administrator,KALI,192.0.2.144,5614,10,C:\\Program Files\\Microsoft Defender\\MsMpEng.exe,0x0,0x0,Explicit credentials used suspiciously by CORP\administrator from 192.0.2.144,1,explicit_credentials_abuse,Russia,Moscow,56.08077,37.16801
2026-04-29 04:56:45,WIN-SRV-FILE01,Microsoft-Windows-Security-Auditing,Security,4625,An account failed to log on,CORP,test,UNKNOWN,198.51.100.87,38030,3,C:\\Windows\\System32\\winlogon.exe,0xC000006D,0xC000006A,Failed logon for CORP\test from 198.51.100.87; possible brute force,1,brute_force_logon,South Africa,Johannesburg,-26.0108,28.29337
2026-04-29 04:56:47,WIN11-SEC-022,Microsoft-Windows-Security-Auditing,Security,4624,An account was successfully logged on,LOCAL,jperez,SRV-MON-001,10.10.117.166,62439,3,C:\\Windows\\System32\\winlogon.exe,0x0,0x0,Successful logon for LOCAL\jperez from 10.10.117.166 using logon type 3,0,none,Internal,LAN,,
2026-04-29 04:57:04,WIN-SRV-DC01,Microsoft-Windows-Security-Auditing,Security,4634,An account was logged off,LOCAL,svc_monitor,PC-FIN-001,10.10.47.8,61414,2,C:\\Windows\\System32\\WindowsPowerShell\\v1.0\\powershell.exe,0x0,0x0,Logoff for LOCAL\svc_monitor from workstation PC-FIN-001,0,none,Internal,LAN,,
2026-04-29 04:58:07,WIN-SRV-DC01,Microsoft-Windows-Security-Auditing,Security,4625,An account failed to log on,LOCAL,test,-,198.51.100.156,24407,3,C:\\Windows\\System32\\WindowsPowerShell\\v1.0\\powershell.exe,0xC000006A,0xC000006A,Failed logon for LOCAL\test from 198.51.100.156; possible brute force,1,brute_force_logon,Mexico,Mexico City,19.78965,-99.49502
2026-04-29 04:58:18,WIN-SRV-FILE01,Microsoft-Windows-Security-Auditing,Security,4624,An account was successfully logged on,CORP,domain.admin,WIN-RDP,198.51.100.154,52799,10,C:\\Windows\\System32\\cmd.exe,0x0,0x0,Successful remote administrative logon for CORP\domain.admin from external IP 198.51.100.154,1,suspicious_admin_logon,Peru,Lima,-12.47418,-77.17909
2026-04-29 04:59:16,WIN-SRV-DC01,Microsoft-Windows-Security-Auditing,Security,4634,An account was logged off,CORP,helpdesk01,PC-FIN-001,172.16.20.133,57451,10,C:\\Program Files\\Microsoft Defender\\MsMpEng.exe,0x0,0x0,Logoff for CORP\helpdesk01 from workstation PC-FIN-001,0,none,Internal,LAN,,
2026-04-29 05:00:10,WIN11-SEC-022,Microsoft-Windows-Security-Auditing,Security,4720,A user account was created,CORP,svc_temp,ATTACKBOX,198.51.100.87,29082,10,C:\\Windows\\System32\\cmd.exe,0x0,0x0,Suspicious user account created: CORP\svc_temp from 198.51.100.87,1,account_creation,United States,New York,41.14879,-73.90612
2026-04-29 05:01:57,WIN-SRV-FILE01,Microsoft-Windows-Security-Auditing,Security,4624,An account was successfully logged on,EMPRESA,svc_monitor,PC-FIN-001,192.168.1.138,51211,10,C:\\Program Files\\Google\\Chrome\\Application\\chrome.exe,0x0,0x0,Successful logon for EMPRESA\svc_monitor from 192.168.1.138 using logon type 10,0,none,Internal,LAN,,
2026-04-29 05:02:17,WIN-SRV-APP01,Microsoft-Windows-Security-Auditing,Security,4625,An account failed to log on,CORP,backup,-,192.0.2.68,5986,3,C:\\Windows\\System32\\WindowsPowerShell\\v1.0\\powershell.exe,0xC000006A,0xC000006A,Failed logon for CORP\backup from 192.0.2.68; possible brute force,1,brute_force_logon,Mexico,Mexico City,19.66916,-99.06053
2026-04-29 05:02:28,WIN11-SEC-022,Microsoft-Windows-Security-Auditing,Security,4625,An account failed to log on,LOCAL,backup,ATTACKBOX,198.51.100.162,65108,3,C:\\Program Files\\Microsoft Defender\\MsMpEng.exe,0xC000006D,0xC000006A,Failed logon for LOCAL\backup from 198.51.100.162; possible brute force,1,brute_force_logon,Australia,Sydney,-33.95808,151.62879
2026-04-29 05:02:59,WIN-SRV-APP01,Microsoft-Windows-Security-Auditing,Security,4688,A new process has been created,CORP,guest,KALI,203.0.113.21,2766,7,C:\\Windows\\System32\\cmd.exe /c whoami && net user,0x0,0x0,Suspicious process execution by CORP\guest: C:\\Windows\\System32\\cmd.exe /c whoami && net user,1,suspicious_process_execution,China,Shanghai,31.49612,121.71456
