2026-04-28 00:37:13,WIN-SRV-FILE01,Microsoft-Windows-Security-Auditing,Security,4624,An account was successfully logged on,EMPRESA,administrator,WIN-RDP,203.0.113.103,21245,10,C:\\Windows\\System32\\WindowsPowerShell\\v1.0\\powershell.exe,0x0,0x0,Successful remote administrative logon for EMPRESA\administrator from external IP 203.0.113.103,1,suspicious_admin_logon,South Africa,Johannesburg,-26.50446,27.90745
2026-04-28 00:37:29,WIN11-SEC-022,Microsoft-Windows-Security-Auditing,Security,4672,Special privileges assigned to new logon,CORP,administrator,ATTACKBOX,192.0.2.136,60576,3,C:\\Program Files\\Google\\Chrome\\Application\\chrome.exe,0x0,0x0,Special privileges assigned to suspicious account CORP\administrator from 192.0.2.136,1,privilege_escalation,Argentina,Buenos Aires,-34.3624,-58.16049
2026-04-28 00:37:44,WIN10-FIN-014,Microsoft-Windows-Security-Auditing,Security,4634,An account was logged off,EMPRESA,analista01,PC-RRHH-002,10.10.249.101,65172,3,C:\\Windows\\System32\\winlogon.exe,0x0,0x0,Logoff for EMPRESA\analista01 from workstation PC-RRHH-002,0,none,Internal,LAN,,
2026-04-28 00:38:02,WIN-SRV-FILE01,Microsoft-Windows-Security-Auditing,Security,4624,An account was successfully logged on,LOCAL,lcastro,PC-OPS-014,10.10.65.236,56607,2,C:\\Windows\\System32\\WindowsPowerShell\\v1.0\\powershell.exe,0x0,0x0,Successful logon for LOCAL\lcastro from 10.10.65.236 using logon type 2,0,none,Internal,LAN,,
2026-04-28 00:38:53,WIN-SRV-FILE01,Microsoft-Windows-Security-Auditing,Security,4625,An account failed to log on,LOCAL,root,WIN-RDP,203.0.113.80,63273,10,C:\\Windows\\System32\\lsass.exe,0xC000006D,0xC000006A,Failed logon from 203.0.113.80 against multiple users; possible password spray,1,password_spray,Spain,Madrid,40.41293,-4.00815
2026-04-28 00:39:01,WIN-SRV-DC01,Microsoft-Windows-Security-Auditing,Security,4688,A new process has been created,CORP,sqladmin,WIN-RDP,192.0.2.19,41951,10,"C:\\Windows\\System32\\rundll32.exe javascript:\\..\\mshtml,RunHTMLApplication",0x0,0x0,"Suspicious process execution by CORP\sqladmin: C:\\Windows\\System32\\rundll32.exe javascript:\\..\\mshtml,RunHTMLApplication",1,suspicious_process_execution,Peru,Lima,-12.05598,-76.67632
2026-04-28 00:40:27,WIN-SRV-FILE01,Microsoft-Windows-Security-Auditing,Security,4624,An account was successfully logged on,LOCAL,mgarcia,PC-RRHH-002,10.10.38.134,54406,2,C:\\Windows\\System32\\cmd.exe,0x0,0x0,Successful logon for LOCAL\mgarcia from 10.10.38.134 using logon type 2,0,none,Internal,LAN,,
2026-04-28 00:40:40,WIN-SRV-DC01,Microsoft-Windows-Security-Auditing,Security,4624,An account was successfully logged on,LOCAL,crojas,PC-FIN-001,172.16.20.84,53232,3,C:\\Windows\\System32\\lsass.exe,0x0,0x0,Successful logon for LOCAL\crojas from 172.16.20.84 using logon type 3,0,none,Internal,LAN,,
2026-04-28 00:40:59,WIN-SRV-APP01,Microsoft-Windows-Security-Auditing,Security,4634,An account was logged off,CORP,analista01,SRV-MON-001,10.10.11.211,61770,10,C:\\Windows\\System32\\cmd.exe,0x0,0x0,Logoff for CORP\analista01 from workstation SRV-MON-001,0,none,Internal,LAN,,
2026-04-28 00:41:00,WIN11-SEC-022,Microsoft-Windows-Security-Auditing,Security,4688,A new process has been created,CORP,guest,UNKNOWN,198.51.100.231,62395,3,C:\\Windows\\System32\\vssadmin.exe delete shadows /all /quiet,0x0,0x0,Suspicious process execution by CORP\guest: C:\\Windows\\System32\\vssadmin.exe delete shadows /all /quiet,1,suspicious_process_execution,Spain,Madrid,40.61689,-3.93293
2026-04-28 00:41:23,WIN-SRV-DC01,Microsoft-Windows-Security-Auditing,Security,4625,An account failed to log on,LOCAL,soporte,ATTACKBOX,203.0.113.213,56395,10,C:\\Windows\\System32\\winlogon.exe,0xC000006D,0xC000006A,Failed logon from 203.0.113.213 against multiple users; possible password spray,1,password_spray,China,Shanghai,30.80712,121.26085
2026-04-28 00:41:45,WIN-SRV-APP01,Microsoft-Windows-Security-Auditing,Security,4624,An account was successfully logged on,CORP,domain.admin,ATTACKBOX,192.0.2.132,35128,10,C:\\Windows\\System32\\cmd.exe,0x0,0x0,Successful remote administrative logon for CORP\domain.admin from external IP 192.0.2.132,1,suspicious_admin_logon,Chile,Santiago,-33.22131,-70.76134
2026-04-28 00:41:49,WIN-SRV-APP01,Microsoft-Windows-Security-Auditing,Security,4624,An account was successfully logged on,CORP,crojas,LAP-GER-003,172.16.20.2,63938,10,C:\\Windows\\System32\\cmd.exe,0x0,0x0,Successful logon for CORP\crojas from 172.16.20.2 using logon type 10,0,none,Internal,LAN,,
2026-04-28 00:42:04,WIN-SRV-DC01,Microsoft-Windows-Security-Auditing,Security,4688,A new process has been created,EMPRESA,guest,UNKNOWN,198.51.100.113,44880,3,C:\\Windows\\System32\\reg.exe save HKLM\\SAM C:\\Temp\\sam.save,0x0,0x0,Suspicious process execution by EMPRESA\guest: C:\\Windows\\System32\\reg.exe save HKLM\\SAM C:\\Temp\\sam.save,1,suspicious_process_execution,Chile,Santiago,-33.71226,-70.73908
2026-04-28 00:42:25,WIN10-FIN-014,Microsoft-Windows-Security-Auditing,Security,4624,An account was successfully logged on,LOCAL,helpdesk01,PC-FIN-001,172.16.20.63,64608,10,C:\\Windows\\System32\\WindowsPowerShell\\v1.0\\powershell.exe,0x0,0x0,Successful logon for LOCAL\helpdesk01 from 172.16.20.63 using logon type 10,0,none,Internal,LAN,,
2026-04-28 00:42:30,WIN11-SEC-022,Microsoft-Windows-Security-Auditing,Security,4732,A member was added to a security-enabled local group,EMPRESA,soporte,ATTACKBOX,192.0.2.15,52766,3,C:\\Windows\\System32\\svchost.exe,0x0,0x0,Account EMPRESA\soporte added to local Administrators group from 192.0.2.15,1,admin_group_membership_added,Brazil,Sao Paulo,-23.65248,-46.40203
2026-04-28 00:42:37,WIN-SRV-APP01,Microsoft-Windows-Security-Auditing,Security,4625,An account failed to log on,CORP,sqladmin,ATTACKBOX,192.0.2.245,46323,3,C:\\Windows\\System32\\winlogon.exe,0xC000006A,0xC0000064,Failed logon for CORP\sqladmin from 192.0.2.245; possible brute force,1,brute_force_logon,United States,New York,40.69838,-73.61496
2026-04-28 00:42:41,WIN10-FIN-014,Microsoft-Windows-Security-Auditing,Security,4624,An account was successfully logged on,EMPRESA,domain.admin,UNKNOWN,198.51.100.82,40446,3,C:\\Program Files\\Google\\Chrome\\Application\\chrome.exe,0x0,0x0,Successful remote administrative logon for EMPRESA\domain.admin from external IP 198.51.100.82,1,suspicious_admin_logon,Australia,Sydney,-33.56712,151.38691
2026-04-28 00:42:58,WIN-SRV-FILE01,Microsoft-Windows-Security-Auditing,Security,4720,A user account was created,LOCAL,backup2,KALI,198.51.100.195,22345,10,C:\\Program Files\\Microsoft Defender\\MsMpEng.exe,0x0,0x0,Suspicious user account created: LOCAL\backup2 from 198.51.100.195,1,account_creation,Spain,Madrid,40.36113,-3.35794
2026-04-28 00:43:58,WIN10-FIN-014,Microsoft-Windows-Security-Auditing,Security,4624,An account was successfully logged on,EMPRESA,svc_monitor,PC-FIN-001,192.168.1.156,51380,3,C:\\Program Files\\Microsoft Defender\\MsMpEng.exe,0x0,0x0,Successful logon for EMPRESA\svc_monitor from 192.168.1.156 using logon type 3,0,none,Internal,LAN,,
2026-04-28 00:45:09,WIN10-FIN-014,Microsoft-Windows-Security-Auditing,Security,4688,A new process has been created,CORP,oracle,-,203.0.113.58,10361,7,C:\\Windows\\System32\\net.exe localgroup administrators soporte /add,0x0,0x0,Suspicious process execution by CORP\oracle: C:\\Windows\\System32\\net.exe localgroup administrators soporte /add,1,suspicious_process_execution,Germany,Frankfurt,49.66457,8.74291
2026-04-28 00:45:17,WIN-SRV-DC01,Microsoft-Windows-Security-Auditing,Security,4634,An account was logged off,LOCAL,admin.ops,PC-RRHH-002,10.10.14.63,52131,3,C:\\Program Files\\Microsoft Defender\\MsMpEng.exe,0x0,0x0,Logoff for LOCAL\admin.ops from workstation PC-RRHH-002,0,none,Internal,LAN,,
2026-04-28 00:45:17,WIN-SRV-FILE01,Microsoft-Windows-Security-Auditing,Security,4625,An account failed to log on,EMPRESA,admin,KALI,198.51.100.219,8870,3,C:\\Windows\\System32\\winlogon.exe,0xC000006D,0xC000006A,Failed logon from 198.51.100.219 against multiple users; possible password spray,1,password_spray,Netherlands,Amsterdam,52.39903,4.70533
2026-04-28 00:45:52,WIN-SRV-APP01,Microsoft-Windows-Security-Auditing,Security,4624,An account was successfully logged on,LOCAL,admin.ops,KALI,203.0.113.219,37017,10,C:\\Windows\\System32\\winlogon.exe,0x0,0x0,Successful remote administrative logon for LOCAL\admin.ops from external IP 203.0.113.219,1,suspicious_admin_logon,Chile,Santiago,-33.4588,-70.75329
2026-04-28 00:46:06,WIN-SRV-APP01,Microsoft-Windows-Security-Auditing,Security,4688,A new process has been created,LOCAL,crojas,PC-RRHH-002,172.16.20.113,64476,7,C:\\Program Files\\Microsoft Defender\\MsMpEng.exe,0x0,0x0,Process created by LOCAL\crojas: C:\\Program Files\\Microsoft Defender\\MsMpEng.exe,0,none,Internal,LAN,,
2026-04-28 00:46:52,WIN11-SEC-022,Microsoft-Windows-Security-Auditing,Security,4688,A new process has been created,CORP,administrator,WIN-RDP,192.0.2.98,64076,7,C:\\Windows\\Temp\\update.exe,0x0,0x0,Suspicious process execution by CORP\administrator: C:\\Windows\\Temp\\update.exe,1,suspicious_process_execution,Spain,Madrid,40.4527,-3.56997
2026-04-28 00:47:04,WIN11-SEC-022,Microsoft-Windows-Security-Auditing,Security,4625,An account failed to log on,LOCAL,backup,WIN-RDP,203.0.113.84,4180,10,C:\\Windows\\System32\\WindowsPowerShell\\v1.0\\powershell.exe,0xC000006D,0xC000006A,Failed logon from 203.0.113.84 against multiple users; possible password spray,1,password_spray,Peru,Lima,-11.85976,-76.99692
2026-04-28 00:47:34,WIN11-SEC-022,Microsoft-Windows-Security-Auditing,Security,4688,A new process has been created,CORP,admin,-,198.51.100.184,40610,7,C:\\Users\\Public\\loader.exe,0x0,0x0,Suspicious process execution by CORP\admin: C:\\Users\\Public\\loader.exe,1,suspicious_process_execution,Peru,Lima,-12.01096,-77.33826
2026-04-28 00:48:27,WIN-SRV-APP01,Microsoft-Windows-Security-Auditing,Security,4625,An account failed to log on,LOCAL,backup,KALI,203.0.113.229,31748,3,C:\\Program Files\\Microsoft Defender\\MsMpEng.exe,0xC000006D,0xC000006A,Failed logon from 203.0.113.229 against multiple users; possible password spray,1,password_spray,Australia,Sydney,-33.92114,151.65181
2026-04-28 00:48:37,WIN10-FIN-014,Microsoft-Windows-Security-Auditing,Security,4624,An account was successfully logged on,LOCAL,mgarcia,LAP-GER-003,172.16.20.38,59352,2,C:\\Windows\\System32\\svchost.exe,0x0,0x0,Successful logon for LOCAL\mgarcia from 172.16.20.38 using logon type 2,0,none,Internal,LAN,,
2026-04-28 00:49:07,WIN-SRV-APP01,Microsoft-Windows-Security-Auditing,Security,4625,An account failed to log on,CORP,root,UNKNOWN,203.0.113.105,63542,10,C:\\Windows\\System32\\lsass.exe,0xC000006D,0xC0000064,Failed logon for CORP\root from 203.0.113.105; possible brute force,1,brute_force_logon,Argentina,Buenos Aires,-34.56666,-58.74325
2026-04-28 00:50:14,WIN10-FIN-014,Microsoft-Windows-Security-Auditing,Security,4634,An account was logged off,EMPRESA,svc_monitor,SRV-MON-001,192.168.1.140,49355,2,C:\\Windows\\System32\\lsass.exe,0x0,0x0,Logoff for EMPRESA\svc_monitor from workstation SRV-MON-001,0,none,Internal,LAN,,
2026-04-28 00:50:28,WIN-SRV-DC01,Microsoft-Windows-Security-Auditing,Security,4726,A user account was deleted,EMPRESA,dtorres,KALI,198.51.100.227,28508,3,C:\\Windows\\System32\\winlogon.exe,0x0,0x0,User account deleted unexpectedly: EMPRESA\dtorres from 198.51.100.227,1,account_deleted,South Africa,Johannesburg,-26.47049,28.30946
2026-04-28 00:52:05,WIN11-SEC-022,Microsoft-Windows-Security-Auditing,Security,4672,Special privileges assigned to new logon,LOCAL,admin,KALI,192.0.2.137,29193,2,C:\\Windows\\System32\\winlogon.exe,0x0,0x0,Special privileges assigned to suspicious account LOCAL\admin from 192.0.2.137,1,privilege_escalation,Netherlands,Amsterdam,52.10131,4.47192
2026-04-28 00:52:16,WIN-SRV-DC01,Microsoft-Windows-Security-Auditing,Security,4732,A member was added to a security-enabled local group,LOCAL,guest,ATTACKBOX,203.0.113.236,49326,2,C:\\Program Files\\Microsoft Defender\\MsMpEng.exe,0x0,0x0,Account LOCAL\guest added to local Administrators group from 203.0.113.236,1,admin_group_membership_added,Peru,Lima,-12.05108,-76.73682
2026-04-28 00:53:04,WIN-SRV-APP01,Microsoft-Windows-Security-Auditing,Security,4624,An account was successfully logged on,LOCAL,admin.ops,SRV-MON-001,172.16.20.239,59089,10,C:\\Windows\\System32\\winlogon.exe,0x0,0x0,Successful logon for LOCAL\admin.ops from 172.16.20.239 using logon type 10,0,none,Internal,LAN,,
2026-04-28 00:53:16,WIN11-SEC-022,Microsoft-Windows-Security-Auditing,Security,4672,Special privileges assigned to new logon,EMPRESA,soporte,KALI,203.0.113.111,12555,10,C:\\Program Files\\Google\\Chrome\\Application\\chrome.exe,0x0,0x0,Special privileges assigned to suspicious account EMPRESA\soporte from 203.0.113.111,1,privilege_escalation,Japan,Tokyo,35.94558,139.38516
2026-04-28 00:53:46,WIN10-FIN-014,Microsoft-Windows-Security-Auditing,Security,4625,An account failed to log on,LOCAL,guest,ATTACKBOX,198.51.100.60,22528,3,C:\\Windows\\System32\\cmd.exe,0xC000006A,0xC0000064,Failed logon for LOCAL\guest from 198.51.100.60; possible brute force,1,brute_force_logon,China,Shanghai,31.23983,121.452
2026-04-28 00:53:46,WIN11-SEC-022,Microsoft-Windows-Security-Auditing,Security,4672,Special privileges assigned to new logon,EMPRESA,admin,WIN-RDP,192.0.2.162,37448,7,C:\\Windows\\System32\\lsass.exe,0x0,0x0,Special privileges assigned to suspicious account EMPRESA\admin from 192.0.2.162,1,privilege_escalation,United States,New York,40.78102,-74.18673
2026-04-28 00:54:28,WIN-SRV-FILE01,Microsoft-Windows-Security-Auditing,Security,4648,A logon was attempted using explicit credentials,CORP,admin,WIN-RDP,192.0.2.12,56136,2,C:\\Windows\\System32\\WindowsPowerShell\\v1.0\\powershell.exe,0x0,0x0,Explicit credentials used suspiciously by CORP\admin from 192.0.2.12,1,explicit_credentials_abuse,Australia,Sydney,-33.89404,151.43085
2026-04-28 00:54:30,WIN-SRV-FILE01,Microsoft-Windows-Security-Auditing,Security,4625,An account failed to log on,EMPRESA,oracle,UNKNOWN,203.0.113.103,53524,3,C:\\Windows\\System32\\cmd.exe,0xC000006A,0xC000006A,Failed logon for EMPRESA\oracle from 203.0.113.103; possible brute force,1,brute_force_logon,Russia,Moscow,55.38852,37.89831
2026-04-28 00:54:42,WIN10-FIN-014,Microsoft-Windows-Security-Auditing,Security,4624,An account was successfully logged on,LOCAL,finanzas02,PC-FIN-001,10.10.176.184,61241,2,C:\\Windows\\System32\\lsass.exe,0x0,0x0,Successful logon for LOCAL\finanzas02 from 10.10.176.184 using logon type 2,0,none,Internal,LAN,,
2026-04-28 00:54:53,WIN-SRV-DC01,Microsoft-Windows-Security-Auditing,Security,4648,A logon was attempted using explicit credentials,EMPRESA,svc_backup,-,198.51.100.116,20314,3,C:\\Windows\\System32\\lsass.exe,0x0,0x0,Explicit credentials used suspiciously by EMPRESA\svc_backup from 198.51.100.116,1,explicit_credentials_abuse,Argentina,Buenos Aires,-34.36342,-58.26345
2026-04-28 00:55:11,WIN10-FIN-014,Microsoft-Windows-Security-Auditing,Security,4625,An account failed to log on,LOCAL,guest,ATTACKBOX,203.0.113.13,31163,3,C:\\Windows\\System32\\cmd.exe,0xC000006D,0xC0000064,Failed logon for LOCAL\guest from 203.0.113.13; possible brute force,1,brute_force_logon,Australia,Sydney,-33.67787,151.57623
2026-04-28 00:55:12,WIN-SRV-DC01,Microsoft-Windows-Security-Auditing,Security,4688,A new process has been created,LOCAL,root,KALI,203.0.113.237,7499,7,C:\\Windows\\System32\\net.exe localgroup administrators soporte /add,0x0,0x0,Suspicious process execution by LOCAL\root: C:\\Windows\\System32\\net.exe localgroup administrators soporte /add,1,suspicious_process_execution,Japan,Tokyo,35.91433,139.27345
2026-04-28 00:55:13,WIN10-FIN-014,Microsoft-Windows-Security-Auditing,Security,4688,A new process has been created,LOCAL,sqladmin,ATTACKBOX,192.0.2.76,41332,3,"C:\\Windows\\System32\\rundll32.exe javascript:\\..\\mshtml,RunHTMLApplication",0x0,0x0,"Suspicious process execution by LOCAL\sqladmin: C:\\Windows\\System32\\rundll32.exe javascript:\\..\\mshtml,RunHTMLApplication",1,suspicious_process_execution,South Africa,Johannesburg,-26.44308,28.06617
2026-04-28 00:56:16,WIN-SRV-DC01,Microsoft-Windows-Security-Auditing,Security,4624,An account was successfully logged on,EMPRESA,analista01,PC-FIN-001,10.10.171.43,52319,3,C:\\Program Files\\Microsoft Defender\\MsMpEng.exe,0x0,0x0,Successful logon for EMPRESA\analista01 from 10.10.171.43 using logon type 3,0,none,Internal,LAN,,
2026-04-28 00:56:58,WIN11-SEC-022,Microsoft-Windows-Security-Auditing,Security,4625,An account failed to log on,EMPRESA,root,ATTACKBOX,198.51.100.247,8231,3,C:\\Program Files\\Google\\Chrome\\Application\\chrome.exe,0xC000006D,0xC000006A,Failed logon for EMPRESA\root from 198.51.100.247; possible brute force,1,brute_force_logon,Spain,Madrid,40.68418,-3.97942
2026-04-28 00:57:12,WIN11-SEC-022,Microsoft-Windows-Security-Auditing,Security,4688,A new process has been created,LOCAL,svc_backup,SRV-MON-001,172.16.20.248,54652,7,C:\\Windows\\System32\\cmd.exe,0x0,0x0,Process created by LOCAL\svc_backup: C:\\Windows\\System32\\cmd.exe,0,none,Internal,LAN,,
2026-04-28 00:57:47,WIN11-SEC-022,Microsoft-Windows-Security-Auditing,Security,4625,An account failed to log on,CORP,administrator,KALI,203.0.113.169,45988,3,C:\\Windows\\System32\\winlogon.exe,0xC000006D,0xC000006A,Failed logon for CORP\administrator from 203.0.113.169; possible brute force,1,brute_force_logon,Mexico,Mexico City,19.14515,-99.36835
2026-04-28 00:58:51,WIN11-SEC-022,Microsoft-Windows-Security-Auditing,Security,4624,An account was successfully logged on,EMPRESA,crojas,PC-RRHH-002,192.168.1.69,49425,3,C:\\Windows\\System32\\winlogon.exe,0x0,0x0,Successful logon for EMPRESA\crojas from 192.168.1.69 using logon type 3,0,none,Internal,LAN,,
2026-04-28 00:59:02,WIN10-FIN-014,Microsoft-Windows-Security-Auditing,Security,4625,An account failed to log on,EMPRESA,administrator,UNKNOWN,203.0.113.33,59573,3,C:\\Windows\\System32\\lsass.exe,0xC000006A,0xC0000064,Failed logon for EMPRESA\administrator from 203.0.113.33; possible brute force,1,brute_force_logon,India,Mumbai,18.78076,72.52335
2026-04-28 00:59:08,WIN10-FIN-014,Microsoft-Windows-Security-Auditing,Security,4624,An account was successfully logged on,LOCAL,admin.ops,PC-RRHH-002,172.16.20.86,60959,7,C:\\Windows\\System32\\svchost.exe,0x0,0x0,Successful logon for LOCAL\admin.ops from 172.16.20.86 using logon type 7,0,none,Internal,LAN,,
2026-04-28 00:59:09,WIN11-SEC-022,Microsoft-Windows-Security-Auditing,Security,4672,Special privileges assigned to new logon,EMPRESA,dtorres,PC-FIN-001,10.10.170.90,56633,10,C:\\Windows\\System32\\winlogon.exe,0x0,0x0,Special privileges assigned to EMPRESA\dtorres,0,none,Internal,LAN,,
2026-04-28 00:59:24,WIN-SRV-DC01,Microsoft-Windows-Security-Auditing,Security,4624,An account was successfully logged on,EMPRESA,dtorres,PC-FIN-001,10.10.225.4,61306,10,C:\\Windows\\System32\\WindowsPowerShell\\v1.0\\powershell.exe,0x0,0x0,Successful logon for EMPRESA\dtorres from 10.10.225.4 using logon type 10,0,none,Internal,LAN,,
2026-04-28 00:59:32,WIN11-SEC-022,Microsoft-Windows-Security-Auditing,Security,4732,A member was added to a security-enabled local group,CORP,tempadmin,WIN-RDP,192.0.2.181,61981,7,C:\\Windows\\System32\\lsass.exe,0x0,0x0,Account CORP\tempadmin added to local Administrators group from 192.0.2.181,1,admin_group_membership_added,Netherlands,Amsterdam,52.10369,5.08118
2026-04-28 01:00:02,WIN10-FIN-014,Microsoft-Windows-Security-Auditing,Security,4625,An account failed to log on,EMPRESA,usuario,UNKNOWN,203.0.113.51,35319,3,C:\\Program Files\\Google\\Chrome\\Application\\chrome.exe,0xC000006D,0xC000006A,Failed logon for EMPRESA\usuario from 203.0.113.51; possible brute force,1,brute_force_logon,Japan,Tokyo,35.82372,140.04395
2026-04-28 01:00:22,WIN11-SEC-022,Microsoft-Windows-Security-Auditing,Security,4648,A logon was attempted using explicit credentials,CORP,svc_backup,-,198.51.100.248,61228,7,C:\\Windows\\System32\\WindowsPowerShell\\v1.0\\powershell.exe,0x0,0x0,Explicit credentials used suspiciously by CORP\svc_backup from 198.51.100.248,1,explicit_credentials_abuse,Argentina,Buenos Aires,-34.78622,-58.03086
2026-04-28 01:00:24,WIN10-FIN-014,Microsoft-Windows-Security-Auditing,Security,4625,An account failed to log on,LOCAL,sqladmin,WIN-RDP,198.51.100.214,15303,10,C:\\Windows\\System32\\cmd.exe,0xC000006D,0xC000006A,Failed logon from 198.51.100.214 against multiple users; possible password spray,1,password_spray,Germany,Frankfurt,49.75346,8.81051
2026-04-28 01:00:25,WIN-SRV-DC01,Microsoft-Windows-Security-Auditing,Security,4625,An account failed to log on,CORP,sqladmin,UNKNOWN,198.51.100.85,41060,3,C:\\Windows\\System32\\svchost.exe,0xC000006D,0xC000006A,Failed logon from 198.51.100.85 against multiple users; possible password spray,1,password_spray,Brazil,Sao Paulo,-23.31529,-46.61212
2026-04-28 01:00:27,WIN10-FIN-014,Microsoft-Windows-Security-Auditing,Security,4625,An account failed to log on,EMPRESA,admin,UNKNOWN,203.0.113.109,2044,3,C:\\Windows\\System32\\cmd.exe,0xC000006D,0xC0000064,Failed logon for EMPRESA\admin from 203.0.113.109; possible brute force,1,brute_force_logon,India,Mumbai,18.80296,72.78933
2026-04-28 01:00:56,WIN11-SEC-022,Microsoft-Windows-Security-Auditing,Security,4688,A new process has been created,LOCAL,helpdesk01,PC-RRHH-002,10.10.249.27,57209,10,C:\\Windows\\System32\\svchost.exe,0x0,0x0,Process created by LOCAL\helpdesk01: C:\\Windows\\System32\\svchost.exe,0,none,Internal,LAN,,
2026-04-28 01:01:26,WIN11-SEC-022,Microsoft-Windows-Security-Auditing,Security,4688,A new process has been created,LOCAL,guest,-,198.51.100.7,13761,3,C:\\Windows\\Temp\\update.exe,0x0,0x0,Suspicious process execution by LOCAL\guest: C:\\Windows\\Temp\\update.exe,1,suspicious_process_execution,China,Shanghai,31.18771,121.34192
2026-04-28 01:01:31,WIN11-SEC-022,Microsoft-Windows-Security-Auditing,Security,4672,Special privileges assigned to new logon,LOCAL,analista01,LAP-GER-003,192.168.1.125,54127,7,C:\\Windows\\System32\\lsass.exe,0x0,0x0,Special privileges assigned to LOCAL\analista01,0,none,Internal,LAN,,
2026-04-28 01:02:11,WIN-SRV-DC01,Microsoft-Windows-Security-Auditing,Security,4624,An account was successfully logged on,CORP,svc_backup,SRV-MON-001,10.10.167.52,54355,7,C:\\Program Files\\Google\\Chrome\\Application\\chrome.exe,0x0,0x0,Successful logon for CORP\svc_backup from 10.10.167.52 using logon type 7,0,none,Internal,LAN,,
2026-04-28 01:02:20,WIN-SRV-DC01,Microsoft-Windows-Security-Auditing,Security,4732,A member was added to a security-enabled local group,CORP,soporte,-,203.0.113.117,38308,2,C:\\Program Files\\Microsoft Defender\\MsMpEng.exe,0x0,0x0,Account CORP\soporte added to local Administrators group from 203.0.113.117,1,admin_group_membership_added,Germany,Frankfurt,50.11084,8.71149
2026-04-28 01:03:05,WIN-SRV-APP01,Microsoft-Windows-Security-Auditing,Security,4624,An account was successfully logged on,LOCAL,admin.ops,SRV-MON-001,172.16.20.233,62067,2,C:\\Windows\\System32\\lsass.exe,0x0,0x0,Successful logon for LOCAL\admin.ops from 172.16.20.233 using logon type 2,0,none,Internal,LAN,,
2026-04-28 01:03:36,WIN10-FIN-014,Microsoft-Windows-Security-Auditing,Security,4624,An account was successfully logged on,LOCAL,jperez,PC-RRHH-002,172.16.20.131,50735,10,C:\\Windows\\System32\\WindowsPowerShell\\v1.0\\powershell.exe,0x0,0x0,Successful logon for LOCAL\jperez from 172.16.20.131 using logon type 10,0,none,Internal,LAN,,
2026-04-28 01:03:58,WIN10-FIN-014,Microsoft-Windows-Security-Auditing,Security,4624,An account was successfully logged on,CORP,helpdesk01,PC-FIN-001,10.10.70.52,56649,3,C:\\Windows\\System32\\winlogon.exe,0x0,0x0,Successful logon for CORP\helpdesk01 from 10.10.70.52 using logon type 3,0,none,Internal,LAN,,
2026-04-28 01:04:32,WIN-SRV-APP01,Microsoft-Windows-Security-Auditing,Security,4625,An account failed to log on,CORP,soporte,ATTACKBOX,203.0.113.125,26419,3,C:\\Program Files\\Microsoft Defender\\MsMpEng.exe,0xC000006A,0xC0000064,Failed logon for CORP\soporte from 203.0.113.125; possible brute force,1,brute_force_logon,Peru,Lima,-12.41307,-77.28241
2026-04-28 01:04:37,WIN11-SEC-022,Microsoft-Windows-Security-Auditing,Security,4625,An account failed to log on,LOCAL,sqladmin,ATTACKBOX,198.51.100.201,33869,10,C:\\Windows\\System32\\winlogon.exe,0xC000006A,0xC0000064,Failed logon for LOCAL\sqladmin from 198.51.100.201; possible brute force,1,brute_force_logon,South Africa,Johannesburg,-26.10602,28.34809
2026-04-28 01:05:14,WIN-SRV-DC01,Microsoft-Windows-Security-Auditing,Security,4732,A member was added to a security-enabled local group,EMPRESA,guest,ATTACKBOX,198.51.100.24,56872,7,C:\\Windows\\System32\\WindowsPowerShell\\v1.0\\powershell.exe,0x0,0x0,Account EMPRESA\guest added to local Administrators group from 198.51.100.24,1,admin_group_membership_added,Australia,Sydney,-34.00003,151.5181
2026-04-28 01:05:15,WIN11-SEC-022,Microsoft-Windows-Security-Auditing,Security,4625,An account failed to log on,EMPRESA,guest,UNKNOWN,198.51.100.148,41266,3,C:\\Windows\\System32\\cmd.exe,0xC000006A,0xC000006A,Failed logon for EMPRESA\guest from 198.51.100.148; possible brute force,1,brute_force_logon,China,Shanghai,31.03368,121.80695
2026-04-28 01:05:27,WIN-SRV-APP01,Microsoft-Windows-Security-Auditing,Security,4688,A new process has been created,EMPRESA,crojas,PC-RRHH-002,192.168.1.49,65321,2,C:\\Windows\\System32\\winlogon.exe,0x0,0x0,Process created by EMPRESA\crojas: C:\\Windows\\System32\\winlogon.exe,0,none,Internal,LAN,,
2026-04-28 01:05:52,WIN-SRV-APP01,Microsoft-Windows-Security-Auditing,Security,4625,An account failed to log on,LOCAL,root,WIN-RDP,192.0.2.6,61427,3,C:\\Program Files\\Microsoft Defender\\MsMpEng.exe,0xC000006D,0xC0000064,Failed logon for LOCAL\root from 192.0.2.6; possible brute force,1,brute_force_logon,Spain,Madrid,40.12768,-3.39669
2026-04-28 01:06:27,WIN-SRV-DC01,Microsoft-Windows-Security-Auditing,Security,4624,An account was successfully logged on,LOCAL,analista01,SRV-MON-001,192.168.1.61,59999,7,C:\\Windows\\System32\\winlogon.exe,0x0,0x0,Successful logon for LOCAL\analista01 from 192.168.1.61 using logon type 7,0,none,Internal,LAN,,
2026-04-28 01:07:16,WIN-SRV-FILE01,Microsoft-Windows-Security-Auditing,Security,4625,An account failed to log on,LOCAL,root,-,203.0.113.100,13253,10,C:\\Windows\\System32\\cmd.exe,0xC000006A,0xC000006A,Failed logon for LOCAL\root from 203.0.113.100; possible brute force,1,brute_force_logon,Mexico,Mexico City,19.49442,-98.9288
2026-04-28 01:07:28,WIN10-FIN-014,Microsoft-Windows-Security-Auditing,Security,4688,A new process has been created,EMPRESA,svc_monitor,PC-FIN-001,192.168.1.243,49163,2,C:\\Windows\\System32\\cmd.exe,0x0,0x0,Process created by EMPRESA\svc_monitor: C:\\Windows\\System32\\cmd.exe,0,none,Internal,LAN,,
2026-04-28 01:07:29,WIN-SRV-FILE01,Microsoft-Windows-Security-Auditing,Security,4688,A new process has been created,CORP,admin,KALI,192.0.2.43,32868,2,C:\\Windows\\System32\\reg.exe save HKLM\\SAM C:\\Temp\\sam.save,0x0,0x0,Suspicious process execution by CORP\admin: C:\\Windows\\System32\\reg.exe save HKLM\\SAM C:\\Temp\\sam.save,1,suspicious_process_execution,South Africa,Johannesburg,-26.51634,28.17421
2026-04-28 01:08:48,WIN-SRV-FILE01,Microsoft-Windows-Security-Auditing,Security,4624,An account was successfully logged on,CORP,svc_monitor,PC-FIN-001,172.16.20.171,53406,7,C:\\Windows\\System32\\lsass.exe,0x0,0x0,Successful logon for CORP\svc_monitor from 172.16.20.171 using logon type 7,0,none,Internal,LAN,,
2026-04-28 01:08:59,WIN-SRV-APP01,Microsoft-Windows-Security-Auditing,Security,4624,An account was successfully logged on,LOCAL,jperez,PC-FIN-001,10.10.241.203,63576,3,C:\\Windows\\System32\\svchost.exe,0x0,0x0,Successful logon for LOCAL\jperez from 10.10.241.203 using logon type 3,0,none,Internal,LAN,,
2026-04-28 01:09:12,WIN-SRV-DC01,Microsoft-Windows-Security-Auditing,Security,4624,An account was successfully logged on,EMPRESA,svc_monitor,SRV-MON-001,172.16.20.215,61721,3,C:\\Windows\\System32\\cmd.exe,0x0,0x0,Successful logon for EMPRESA\svc_monitor from 172.16.20.215 using logon type 3,0,none,Internal,LAN,,
2026-04-28 01:09:42,WIN-SRV-FILE01,Microsoft-Windows-Security-Auditing,Security,4648,A logon was attempted using explicit credentials,LOCAL,svc_backup,ATTACKBOX,192.0.2.127,55692,2,C:\\Program Files\\Microsoft Defender\\MsMpEng.exe,0x0,0x0,Explicit credentials used suspiciously by LOCAL\svc_backup from 192.0.2.127,1,explicit_credentials_abuse,Argentina,Buenos Aires,-34.20141,-58.23064
2026-04-28 01:10:10,WIN11-SEC-022,Microsoft-Windows-Security-Auditing,Security,4732,A member was added to a security-enabled local group,LOCAL,soporte,-,203.0.113.20,54036,2,C:\\Windows\\System32\\svchost.exe,0x0,0x0,Account LOCAL\soporte added to local Administrators group from 203.0.113.20,1,admin_group_membership_added,United States,New York,40.53226,-74.37516
2026-04-28 01:10:23,WIN10-FIN-014,Microsoft-Windows-Security-Auditing,Security,4672,Special privileges assigned to new logon,LOCAL,soporte,KALI,198.51.100.36,14287,3,C:\\Windows\\System32\\lsass.exe,0x0,0x0,Special privileges assigned to suspicious account LOCAL\soporte from 198.51.100.36,1,privilege_escalation,Chile,Santiago,-33.03531,-71.10475
2026-04-28 01:10:25,WIN10-FIN-014,Microsoft-Windows-Security-Auditing,Security,4672,Special privileges assigned to new logon,CORP,admin,KALI,198.51.100.91,50067,7,C:\\Program Files\\Google\\Chrome\\Application\\chrome.exe,0x0,0x0,Special privileges assigned to suspicious account CORP\admin from 198.51.100.91,1,privilege_escalation,Brazil,Sao Paulo,-23.16406,-46.50639
2026-04-28 01:11:12,WIN10-FIN-014,Microsoft-Windows-Security-Auditing,Security,4688,A new process has been created,CORP,svc_backup,SRV-MON-001,10.10.90.160,62555,2,C:\\Program Files\\Google\\Chrome\\Application\\chrome.exe,0x0,0x0,Process created by CORP\svc_backup: C:\\Program Files\\Google\\Chrome\\Application\\chrome.exe,0,none,Internal,LAN,,
2026-04-28 01:11:27,WIN-SRV-FILE01,Microsoft-Windows-Security-Auditing,Security,4672,Special privileges assigned to new logon,LOCAL,soporte,KALI,198.51.100.40,18599,7,C:\\Program Files\\Microsoft Defender\\MsMpEng.exe,0x0,0x0,Special privileges assigned to suspicious account LOCAL\soporte from 198.51.100.40,1,privilege_escalation,Argentina,Buenos Aires,-34.87872,-58.58828
2026-04-28 01:11:27,WIN-SRV-FILE01,Microsoft-Windows-Security-Auditing,Security,4720,A user account was created,CORP,backup2,WIN-RDP,192.0.2.185,21835,2,C:\\Program Files\\Google\\Chrome\\Application\\chrome.exe,0x0,0x0,Suspicious user account created: CORP\backup2 from 192.0.2.185,1,account_creation,Australia,Sydney,-33.67609,151.48167
2026-04-28 01:12:06,WIN-SRV-APP01,Microsoft-Windows-Security-Auditing,Security,4624,An account was successfully logged on,EMPRESA,analista01,SRV-MON-001,172.16.20.239,63822,2,C:\\Windows\\System32\\winlogon.exe,0x0,0x0,Successful logon for EMPRESA\analista01 from 172.16.20.239 using logon type 2,0,none,Internal,LAN,,
2026-04-28 01:12:10,WIN-SRV-DC01,Microsoft-Windows-Security-Auditing,Security,4624,An account was successfully logged on,LOCAL,lcastro,SRV-MON-001,10.10.21.244,57142,7,C:\\Windows\\System32\\lsass.exe,0x0,0x0,Successful logon for LOCAL\lcastro from 10.10.21.244 using logon type 7,0,none,Internal,LAN,,
2026-04-28 01:12:21,WIN10-FIN-014,Microsoft-Windows-Security-Auditing,Security,4624,An account was successfully logged on,EMPRESA,svc_backup,PC-RRHH-002,172.16.20.130,55732,3,C:\\Program Files\\Google\\Chrome\\Application\\chrome.exe,0x0,0x0,Successful logon for EMPRESA\svc_backup from 172.16.20.130 using logon type 3,0,none,Internal,LAN,,
2026-04-28 01:12:44,WIN-SRV-FILE01,Microsoft-Windows-Security-Auditing,Security,4625,An account failed to log on,CORP,guest,KALI,192.0.2.50,48604,3,C:\\Program Files\\Google\\Chrome\\Application\\chrome.exe,0xC000006A,0xC0000064,Failed logon for CORP\guest from 192.0.2.50; possible brute force,1,brute_force_logon,Argentina,Buenos Aires,-34.60923,-58.55448
2026-04-28 01:13:30,WIN11-SEC-022,Microsoft-Windows-Security-Auditing,Security,4688,A new process has been created,LOCAL,backup,KALI,198.51.100.209,58585,3,C:\\Windows\\System32\\net.exe localgroup administrators soporte /add,0x0,0x0,Suspicious process execution by LOCAL\backup: C:\\Windows\\System32\\net.exe localgroup administrators soporte /add,1,suspicious_process_execution,Mexico,Mexico City,19.50231,-99.32883
2026-04-28 01:13:40,WIN-SRV-DC01,Microsoft-Windows-Security-Auditing,Security,4624,An account was successfully logged on,EMPRESA,analista01,PC-FIN-001,192.168.1.64,64203,3,C:\\Program Files\\Google\\Chrome\\Application\\chrome.exe,0x0,0x0,Successful logon for EMPRESA\analista01 from 192.168.1.64 using logon type 3,0,none,Internal,LAN,,
2026-04-28 01:14:24,WIN-SRV-APP01,Microsoft-Windows-Security-Auditing,Security,4634,An account was logged off,CORP,helpdesk01,PC-RRHH-002,172.16.20.52,54757,2,C:\\Windows\\System32\\cmd.exe,0x0,0x0,Logoff for CORP\helpdesk01 from workstation PC-RRHH-002,0,none,Internal,LAN,,
2026-04-28 01:15:50,WIN-SRV-DC01,Microsoft-Windows-Security-Auditing,Security,4688,A new process has been created,CORP,test,ATTACKBOX,203.0.113.247,23031,7,C:\\Windows\\System32\\vssadmin.exe delete shadows /all /quiet,0x0,0x0,Suspicious process execution by CORP\test: C:\\Windows\\System32\\vssadmin.exe delete shadows /all /quiet,1,suspicious_process_execution,Chile,Santiago,-33.23833,-70.82652
2026-04-28 01:16:21,WIN-SRV-DC01,Microsoft-Windows-Security-Auditing,Security,4624,An account was successfully logged on,CORP,analista01,PC-OPS-014,172.16.20.38,63582,10,C:\\Program Files\\Microsoft Defender\\MsMpEng.exe,0x0,0x0,Successful logon for CORP\analista01 from 172.16.20.38 using logon type 10,0,none,Internal,LAN,,
2026-04-28 01:16:59,WIN11-SEC-022,Microsoft-Windows-Security-Auditing,Security,4672,Special privileges assigned to new logon,CORP,soporte,ATTACKBOX,192.0.2.213,21066,7,C:\\Windows\\System32\\svchost.exe,0x0,0x0,Special privileges assigned to suspicious account CORP\soporte from 192.0.2.213,1,privilege_escalation,India,Mumbai,19.23054,72.54893
2026-04-28 01:19:32,WIN11-SEC-022,Microsoft-Windows-Security-Auditing,Security,4672,Special privileges assigned to new logon,CORP,lcastro,PC-OPS-014,192.168.1.219,57691,3,C:\\Windows\\System32\\cmd.exe,0x0,0x0,Special privileges assigned to CORP\lcastro,0,none,Internal,LAN,,
2026-04-28 01:19:55,WIN-SRV-APP01,Microsoft-Windows-Security-Auditing,Security,4625,An account failed to log on,CORP,oracle,-,192.0.2.234,57260,10,C:\\Program Files\\Microsoft Defender\\MsMpEng.exe,0xC000006D,0xC000006A,Failed logon from 192.0.2.234 against multiple users; possible password spray,1,password_spray,Germany,Frankfurt,50.45648,8.77835
2026-04-28 01:20:50,WIN-SRV-APP01,Microsoft-Windows-Security-Auditing,Security,4688,A new process has been created,LOCAL,mgarcia,SRV-MON-001,10.10.91.206,55565,3,C:\\Windows\\System32\\lsass.exe,0x0,0x0,Process created by LOCAL\mgarcia: C:\\Windows\\System32\\lsass.exe,0,none,Internal,LAN,,
2026-04-28 01:21:25,WIN10-FIN-014,Microsoft-Windows-Security-Auditing,Security,4625,An account failed to log on,CORP,usuario,KALI,192.0.2.222,15534,3,C:\\Windows\\System32\\WindowsPowerShell\\v1.0\\powershell.exe,0xC000006A,0xC000006A,Failed logon for CORP\usuario from 192.0.2.222; possible brute force,1,brute_force_logon,South Africa,Johannesburg,-26.56403,27.66316
2026-04-28 01:21:30,WIN-SRV-APP01,Microsoft-Windows-Security-Auditing,Security,4625,An account failed to log on,CORP,admin,-,192.0.2.114,1365,10,C:\\Windows\\System32\\WindowsPowerShell\\v1.0\\powershell.exe,0xC000006D,0xC000006A,Failed logon from 192.0.2.114 against multiple users; possible password spray,1,password_spray,Chile,Santiago,-33.25092,-70.95328
2026-04-28 01:22:29,WIN-SRV-APP01,Microsoft-Windows-Security-Auditing,Security,1102,The audit log was cleared,CORP,soporte,UNKNOWN,198.51.100.38,18250,10,C:\\Program Files\\Microsoft Defender\\MsMpEng.exe,0x0,0x0,Security audit log cleared by CORP\soporte from 198.51.100.38,1,audit_log_cleared,Peru,Lima,-11.70516,-76.99255
2026-04-28 01:22:52,WIN10-FIN-014,Microsoft-Windows-Security-Auditing,Security,4625,An account failed to log on,EMPRESA,soporte,ATTACKBOX,192.0.2.34,35780,10,C:\\Program Files\\Google\\Chrome\\Application\\chrome.exe,0xC000006D,0xC0000064,Failed logon for EMPRESA\soporte from 192.0.2.34; possible brute force,1,brute_force_logon,Argentina,Buenos Aires,-34.40295,-58.7242
2026-04-28 01:23:19,WIN-SRV-DC01,Microsoft-Windows-Security-Auditing,Security,4625,An account failed to log on,LOCAL,soporte,ATTACKBOX,192.0.2.36,2846,10,C:\\Windows\\System32\\lsass.exe,0xC000006D,0xC0000064,Failed logon for LOCAL\soporte from 192.0.2.36; possible brute force,1,brute_force_logon,Japan,Tokyo,35.7956,139.58859
2026-04-28 01:23:27,WIN-SRV-APP01,Microsoft-Windows-Security-Auditing,Security,4624,An account was successfully logged on,EMPRESA,alopez,PC-OPS-014,172.16.20.166,63167,7,C:\\Windows\\System32\\WindowsPowerShell\\v1.0\\powershell.exe,0x0,0x0,Successful logon for EMPRESA\alopez from 172.16.20.166 using logon type 7,0,none,Internal,LAN,,
2026-04-28 01:23:31,WIN-SRV-FILE01,Microsoft-Windows-Security-Auditing,Security,4688,A new process has been created,LOCAL,admin,KALI,192.0.2.224,5702,10,C:\\Windows\\System32\\vssadmin.exe delete shadows /all /quiet,0x0,0x0,Suspicious process execution by LOCAL\admin: C:\\Windows\\System32\\vssadmin.exe delete shadows /all /quiet,1,suspicious_process_execution,Australia,Sydney,-33.83711,151.40295
2026-04-28 01:23:44,WIN-SRV-APP01,Microsoft-Windows-Security-Auditing,Security,4634,An account was logged off,LOCAL,analista01,SRV-MON-001,10.10.36.115,55916,2,C:\\Windows\\System32\\svchost.exe,0x0,0x0,Logoff for LOCAL\analista01 from workstation SRV-MON-001,0,none,Internal,LAN,,
2026-04-28 01:24:03,WIN11-SEC-022,Microsoft-Windows-Security-Auditing,Security,4688,A new process has been created,CORP,usuario,UNKNOWN,198.51.100.155,61219,3,C:\\Windows\\System32\\net.exe localgroup administrators soporte /add,0x0,0x0,Suspicious process execution by CORP\usuario: C:\\Windows\\System32\\net.exe localgroup administrators soporte /add,1,suspicious_process_execution,Mexico,Mexico City,19.3317,-98.9677
2026-04-28 01:24:06,WIN-SRV-DC01,Microsoft-Windows-Security-Auditing,Security,1102,The audit log was cleared,LOCAL,admin,-,203.0.113.65,65288,7,C:\\Windows\\System32\\svchost.exe,0x0,0x0,Security audit log cleared by LOCAL\admin from 203.0.113.65,1,audit_log_cleared,Russia,Moscow,55.32693,37.17594
2026-04-28 01:25:00,WIN-SRV-DC01,Microsoft-Windows-Security-Auditing,Security,1102,The audit log was cleared,LOCAL,admin,KALI,192.0.2.176,14478,7,C:\\Windows\\System32\\winlogon.exe,0x0,0x0,Security audit log cleared by LOCAL\admin from 192.0.2.176,1,audit_log_cleared,Chile,Santiago,-33.32743,-70.33135
2026-04-28 01:25:17,WIN-SRV-FILE01,Microsoft-Windows-Security-Auditing,Security,4625,An account failed to log on,EMPRESA,usuario,UNKNOWN,198.51.100.235,47066,10,C:\\Program Files\\Google\\Chrome\\Application\\chrome.exe,0xC000006D,0xC000006A,Failed logon from 198.51.100.235 against multiple users; possible password spray,1,password_spray,India,Mumbai,19.2268,73.08753
2026-04-28 01:25:40,WIN-SRV-DC01,Microsoft-Windows-Security-Auditing,Security,4625,An account failed to log on,EMPRESA,admin,-,203.0.113.11,25416,10,C:\\Windows\\System32\\svchost.exe,0xC000006D,0xC000006A,Failed logon for EMPRESA\admin from 203.0.113.11; possible brute force,1,brute_force_logon,Brazil,Sao Paulo,-23.87004,-46.73116
2026-04-28 01:25:42,WIN10-FIN-014,Microsoft-Windows-Security-Auditing,Security,4625,An account failed to log on,CORP,root,ATTACKBOX,203.0.113.250,48907,3,C:\\Program Files\\Google\\Chrome\\Application\\chrome.exe,0xC000006A,0xC0000064,Failed logon for CORP\root from 203.0.113.250; possible brute force,1,brute_force_logon,Germany,Frankfurt,50.44867,8.5807
2026-04-28 01:26:00,WIN-SRV-APP01,Microsoft-Windows-Security-Auditing,Security,4625,An account failed to log on,LOCAL,administrator,ATTACKBOX,192.0.2.178,39111,10,C:\\Windows\\System32\\winlogon.exe,0xC000006D,0xC000006A,Failed logon from 192.0.2.178 against multiple users; possible password spray,1,password_spray,South Africa,Johannesburg,-26.11931,28.47849
2026-04-28 01:26:29,WIN10-FIN-014,Microsoft-Windows-Security-Auditing,Security,4688,A new process has been created,LOCAL,admin,ATTACKBOX,203.0.113.83,9145,3,C:\\Windows\\System32\\net.exe localgroup administrators soporte /add,0x0,0x0,Suspicious process execution by LOCAL\admin: C:\\Windows\\System32\\net.exe localgroup administrators soporte /add,1,suspicious_process_execution,Spain,Madrid,40.84952,-3.68716
2026-04-28 01:28:28,WIN11-SEC-022,Microsoft-Windows-Security-Auditing,Security,4688,A new process has been created,LOCAL,svc_monitor,LAP-GER-003,10.10.136.254,55107,2,C:\\Program Files\\Google\\Chrome\\Application\\chrome.exe,0x0,0x0,Process created by LOCAL\svc_monitor: C:\\Program Files\\Google\\Chrome\\Application\\chrome.exe,0,none,Internal,LAN,,
2026-04-28 01:29:36,WIN-SRV-FILE01,Microsoft-Windows-Security-Auditing,Security,4625,An account failed to log on,CORP,backup,-,192.0.2.148,35646,3,C:\\Program Files\\Microsoft Defender\\MsMpEng.exe,0xC000006A,0xC0000064,Failed logon for CORP\backup from 192.0.2.148; possible brute force,1,brute_force_logon,Mexico,Mexico City,19.51728,-98.71983
2026-04-28 01:29:54,WIN-SRV-APP01,Microsoft-Windows-Security-Auditing,Security,4625,An account failed to log on,CORP,sqladmin,UNKNOWN,198.51.100.38,21480,3,C:\\Program Files\\Microsoft Defender\\MsMpEng.exe,0xC000006D,0xC000006A,Failed logon for CORP\sqladmin from 198.51.100.38; possible brute force,1,brute_force_logon,Germany,Frankfurt,50.16558,8.56968
2026-04-28 01:30:07,WIN10-FIN-014,Microsoft-Windows-Security-Auditing,Security,4648,A logon was attempted using explicit credentials,EMPRESA,admin,-,192.0.2.228,28940,2,C:\\Windows\\System32\\svchost.exe,0x0,0x0,Explicit credentials used suspiciously by EMPRESA\admin from 192.0.2.228,1,explicit_credentials_abuse,India,Mumbai,19.16411,73.15276
2026-04-28 01:30:34,WIN-SRV-FILE01,Microsoft-Windows-Security-Auditing,Security,4625,An account failed to log on,EMPRESA,root,WIN-RDP,203.0.113.43,9525,10,C:\\Program Files\\Google\\Chrome\\Application\\chrome.exe,0xC000006D,0xC000006A,Failed logon from 203.0.113.43 against multiple users; possible password spray,1,password_spray,United States,New York,41.0029,-74.38221
2026-04-28 01:31:56,WIN-SRV-DC01,Microsoft-Windows-Security-Auditing,Security,4625,An account failed to log on,EMPRESA,soporte,ATTACKBOX,192.0.2.35,12877,3,C:\\Program Files\\Microsoft Defender\\MsMpEng.exe,0xC000006D,0xC000006A,Failed logon from 192.0.2.35 against multiple users; possible password spray,1,password_spray,China,Shanghai,30.98046,121.41085
2026-04-28 01:32:22,WIN11-SEC-022,Microsoft-Windows-Security-Auditing,Security,4732,A member was added to a security-enabled local group,CORP,tempadmin,WIN-RDP,203.0.113.106,26731,7,C:\\Windows\\System32\\cmd.exe,0x0,0x0,Account CORP\tempadmin added to local Administrators group from 203.0.113.106,1,admin_group_membership_added,Netherlands,Amsterdam,51.95744,4.93842
2026-04-28 01:32:35,WIN-SRV-FILE01,Microsoft-Windows-Security-Auditing,Security,4624,An account was successfully logged on,EMPRESA,admin.ops,KALI,203.0.113.63,34650,10,C:\\Program Files\\Google\\Chrome\\Application\\chrome.exe,0x0,0x0,Successful remote administrative logon for EMPRESA\admin.ops from external IP 203.0.113.63,1,suspicious_admin_logon,Brazil,Sao Paulo,-23.86346,-46.23584
2026-04-28 01:32:36,WIN-SRV-APP01,Microsoft-Windows-Security-Auditing,Security,4624,An account was successfully logged on,LOCAL,helpdesk01,PC-OPS-014,192.168.1.143,51473,10,C:\\Windows\\System32\\WindowsPowerShell\\v1.0\\powershell.exe,0x0,0x0,Successful logon for LOCAL\helpdesk01 from 192.168.1.143 using logon type 10,0,none,Internal,LAN,,
2026-04-28 01:32:40,WIN-SRV-APP01,Microsoft-Windows-Security-Auditing,Security,4624,An account was successfully logged on,LOCAL,finanzas02,PC-FIN-001,10.10.37.0,53937,3,C:\\Windows\\System32\\WindowsPowerShell\\v1.0\\powershell.exe,0x0,0x0,Successful logon for LOCAL\finanzas02 from 10.10.37.0 using logon type 3,0,none,Internal,LAN,,
2026-04-28 01:32:54,WIN-SRV-DC01,Microsoft-Windows-Security-Auditing,Security,4625,An account failed to log on,EMPRESA,admin,KALI,203.0.113.178,62736,3,C:\\Program Files\\Google\\Chrome\\Application\\chrome.exe,0xC000006D,0xC000006A,Failed logon for EMPRESA\admin from 203.0.113.178; possible brute force,1,brute_force_logon,Japan,Tokyo,35.34201,139.93947
2026-04-28 01:33:15,WIN10-FIN-014,Microsoft-Windows-Security-Auditing,Security,4688,A new process has been created,EMPRESA,root,-,198.51.100.87,11037,2,C:\\Users\\Public\\loader.exe,0x0,0x0,Suspicious process execution by EMPRESA\root: C:\\Users\\Public\\loader.exe,1,suspicious_process_execution,Mexico,Mexico City,19.64693,-99.41307
2026-04-28 01:33:38,WIN-SRV-APP01,Microsoft-Windows-Security-Auditing,Security,4720,A user account was created,EMPRESA,tempadmin,ATTACKBOX,203.0.113.180,52607,3,C:\\Windows\\System32\\cmd.exe,0x0,0x0,Suspicious user account created: EMPRESA\tempadmin from 203.0.113.180,1,account_creation,Australia,Sydney,-34.28657,151.19585
2026-04-28 01:33:53,WIN10-FIN-014,Microsoft-Windows-Security-Auditing,Security,4672,Special privileges assigned to new logon,EMPRESA,admin,UNKNOWN,198.51.100.10,9288,2,C:\\Windows\\System32\\svchost.exe,0x0,0x0,Special privileges assigned to suspicious account EMPRESA\admin from 198.51.100.10,1,privilege_escalation,United States,New York,40.58547,-73.94583
2026-04-28 01:34:14,WIN-SRV-APP01,Microsoft-Windows-Security-Auditing,Security,4625,An account failed to log on,LOCAL,soporte,UNKNOWN,198.51.100.252,46507,3,C:\\Program Files\\Google\\Chrome\\Application\\chrome.exe,0xC000006D,0xC0000064,Failed logon for LOCAL\soporte from 198.51.100.252; possible brute force,1,brute_force_logon,Chile,Santiago,-33.14475,-70.50482
2026-04-28 01:34:25,WIN-SRV-FILE01,Microsoft-Windows-Security-Auditing,Security,4625,An account failed to log on,CORP,backup,-,203.0.113.124,25201,10,C:\\Windows\\System32\\svchost.exe,0xC000006A,0xC0000064,Failed logon for CORP\backup from 203.0.113.124; possible brute force,1,brute_force_logon,Japan,Tokyo,35.37436,139.27778
2026-04-28 01:34:29,WIN-SRV-APP01,Microsoft-Windows-Security-Auditing,Security,4688,A new process has been created,EMPRESA,soporte,WIN-RDP,192.0.2.138,13359,3,C:\\Windows\\System32\\WindowsPowerShell\\v1.0\\powershell.exe -enc JABXAGMAbABpAGUAbgB0,0x0,0x0,Suspicious process execution by EMPRESA\soporte: C:\\Windows\\System32\\WindowsPowerShell\\v1.0\\powershell.exe -enc JABXAGMAbABpAGUAbgB0,1,suspicious_process_execution,Australia,Sydney,-33.84825,150.77368
2026-04-28 01:35:12,WIN-SRV-APP01,Microsoft-Windows-Security-Auditing,Security,4688,A new process has been created,CORP,mgarcia,PC-RRHH-002,10.10.28.63,58342,3,C:\\Windows\\System32\\svchost.exe,0x0,0x0,Process created by CORP\mgarcia: C:\\Windows\\System32\\svchost.exe,0,none,Internal,LAN,,
2026-04-28 01:35:19,WIN11-SEC-022,Microsoft-Windows-Security-Auditing,Security,4634,An account was logged off,EMPRESA,svc_monitor,LAP-GER-003,192.168.1.85,53206,3,C:\\Windows\\System32\\lsass.exe,0x0,0x0,Logoff for EMPRESA\svc_monitor from workstation LAP-GER-003,0,none,Internal,LAN,,
2026-04-28 01:36:26,WIN11-SEC-022,Microsoft-Windows-Security-Auditing,Security,4726,A user account was deleted,EMPRESA,svc_monitor,KALI,192.0.2.84,44336,2,C:\\Windows\\System32\\winlogon.exe,0x0,0x0,User account deleted unexpectedly: EMPRESA\svc_monitor from 192.0.2.84,1,account_deleted,Spain,Madrid,40.02933,-3.6917
2026-04-28 01:36:35,WIN-SRV-FILE01,Microsoft-Windows-Security-Auditing,Security,4625,An account failed to log on,EMPRESA,backup,UNKNOWN,198.51.100.145,35576,10,C:\\Windows\\System32\\WindowsPowerShell\\v1.0\\powershell.exe,0xC000006A,0xC000006A,Failed logon for EMPRESA\backup from 198.51.100.145; possible brute force,1,brute_force_logon,Germany,Frankfurt,50.41041,8.29064
2026-04-28 01:36:37,WIN11-SEC-022,Microsoft-Windows-Security-Auditing,Security,4688,A new process has been created,LOCAL,root,KALI,203.0.113.235,31667,7,C:\\Users\\Public\\loader.exe,0x0,0x0,Suspicious process execution by LOCAL\root: C:\\Users\\Public\\loader.exe,1,suspicious_process_execution,Mexico,Mexico City,19.78251,-99.43869
2026-04-28 01:36:45,WIN10-FIN-014,Microsoft-Windows-Security-Auditing,Security,4625,An account failed to log on,LOCAL,backup,-,203.0.113.115,43915,3,C:\\Windows\\System32\\svchost.exe,0xC000006D,0xC000006A,Failed logon for LOCAL\backup from 203.0.113.115; possible brute force,1,brute_force_logon,Chile,Santiago,-33.75723,-70.56045
2026-04-28 01:36:58,WIN-SRV-APP01,Microsoft-Windows-Security-Auditing,Security,4624,An account was successfully logged on,CORP,administrator,ATTACKBOX,198.51.100.115,43401,3,C:\\Windows\\System32\\winlogon.exe,0x0,0x0,Successful remote administrative logon for CORP\administrator from external IP 198.51.100.115,1,suspicious_admin_logon,Chile,Santiago,-33.46592,-70.86869
2026-04-28 01:37:11,WIN11-SEC-022,Microsoft-Windows-Security-Auditing,Security,4648,A logon was attempted using explicit credentials,LOCAL,helpdesk01,PC-OPS-014,10.10.145.247,52459,10,C:\\Windows\\System32\\lsass.exe,0x0,0x0,Explicit credentials used by LOCAL\helpdesk01 from PC-OPS-014,0,none,Internal,LAN,,
2026-04-28 01:37:40,WIN11-SEC-022,Microsoft-Windows-Security-Auditing,Security,4625,An account failed to log on,EMPRESA,test,KALI,203.0.113.104,8151,10,C:\\Windows\\System32\\lsass.exe,0xC000006D,0xC000006A,Failed logon from 203.0.113.104 against multiple users; possible password spray,1,password_spray,Mexico,Mexico City,19.24809,-99.35615
