2026-04-29 03:01:18,WIN-SRV-DC01,Microsoft-Windows-Security-Auditing,Security,4625,An account failed to log on,LOCAL,backup,ATTACKBOX,203.0.113.110,19624,3,C:\\Windows\\System32\\winlogon.exe,0xC000006A,0xC0000064,Failed logon for LOCAL\backup from 203.0.113.110; possible brute force,1,brute_force_logon,South Africa,Johannesburg,-25.98403,27.76093
2026-04-29 03:01:36,WIN10-FIN-014,Microsoft-Windows-Security-Auditing,Security,4732,A member was added to a security-enabled local group,EMPRESA,soporte,UNKNOWN,198.51.100.221,1360,2,C:\\Windows\\System32\\winlogon.exe,0x0,0x0,Account EMPRESA\soporte added to local Administrators group from 198.51.100.221,1,admin_group_membership_added,United States,New York,41.13283,-73.73172
2026-04-29 03:02:35,WIN10-FIN-014,Microsoft-Windows-Security-Auditing,Security,4720,A user account was created,CORP,backup2,ATTACKBOX,203.0.113.23,54250,7,C:\\Windows\\System32\\cmd.exe,0x0,0x0,Suspicious user account created: CORP\backup2 from 203.0.113.23,1,account_creation,Brazil,Sao Paulo,-23.57827,-46.42668
2026-04-29 03:02:47,WIN-SRV-APP01,Microsoft-Windows-Security-Auditing,Security,4672,Special privileges assigned to new logon,LOCAL,helpdesk01,PC-OPS-014,192.168.1.19,58837,2,C:\\Windows\\System32\\lsass.exe,0x0,0x0,Special privileges assigned to LOCAL\helpdesk01,0,none,Internal,LAN,,
2026-04-29 03:02:50,WIN-SRV-DC01,Microsoft-Windows-Security-Auditing,Security,4624,An account was successfully logged on,CORP,lcastro,LAP-GER-003,192.168.1.190,55742,2,C:\\Windows\\System32\\WindowsPowerShell\\v1.0\\powershell.exe,0x0,0x0,Successful logon for CORP\lcastro from 192.168.1.190 using logon type 2,0,none,Internal,LAN,,
2026-04-29 03:03:38,WIN-SRV-APP01,Microsoft-Windows-Security-Auditing,Security,4726,A user account was deleted,LOCAL,dtorres,-,203.0.113.186,35709,10,C:\\Program Files\\Google\\Chrome\\Application\\chrome.exe,0x0,0x0,User account deleted unexpectedly: LOCAL\dtorres from 203.0.113.186,1,account_deleted,India,Mumbai,18.94516,72.75146
2026-04-29 03:03:40,WIN-SRV-APP01,Microsoft-Windows-Security-Auditing,Security,4688,A new process has been created,LOCAL,guest,ATTACKBOX,198.51.100.81,23097,3,C:\\Windows\\System32\\WindowsPowerShell\\v1.0\\powershell.exe -enc JABXAGMAbABpAGUAbgB0,0x0,0x0,Suspicious process execution by LOCAL\guest: C:\\Windows\\System32\\WindowsPowerShell\\v1.0\\powershell.exe -enc JABXAGMAbABpAGUAbgB0,1,suspicious_process_execution,Japan,Tokyo,35.28903,139.48827
2026-04-29 03:03:42,WIN-SRV-DC01,Microsoft-Windows-Security-Auditing,Security,4624,An account was successfully logged on,CORP,jperez,PC-FIN-001,192.168.1.131,49583,7,C:\\Windows\\System32\\lsass.exe,0x0,0x0,Successful logon for CORP\jperez from 192.168.1.131 using logon type 7,0,none,Internal,LAN,,
2026-04-29 03:05:07,WIN-SRV-FILE01,Microsoft-Windows-Security-Auditing,Security,4634,An account was logged off,EMPRESA,lcastro,SRV-MON-001,192.168.1.29,51549,3,C:\\Program Files\\Microsoft Defender\\MsMpEng.exe,0x0,0x0,Logoff for EMPRESA\lcastro from workstation SRV-MON-001,0,none,Internal,LAN,,
2026-04-29 03:05:08,WIN11-SEC-022,Microsoft-Windows-Security-Auditing,Security,4688,A new process has been created,CORP,svc_monitor,PC-OPS-014,10.10.132.174,63951,10,C:\\Windows\\System32\\winlogon.exe,0x0,0x0,Process created by CORP\svc_monitor: C:\\Windows\\System32\\winlogon.exe,0,none,Internal,LAN,,
2026-04-29 03:05:27,WIN-SRV-DC01,Microsoft-Windows-Security-Auditing,Security,4625,An account failed to log on,EMPRESA,usuario,KALI,192.0.2.170,57870,3,C:\\Windows\\System32\\winlogon.exe,0xC000006D,0xC0000064,Failed logon for EMPRESA\usuario from 192.0.2.170; possible brute force,1,brute_force_logon,Mexico,Mexico City,19.62137,-99.46146
2026-04-29 03:06:03,WIN-SRV-FILE01,Microsoft-Windows-Security-Auditing,Security,4688,A new process has been created,LOCAL,jperez,LAP-GER-003,192.168.1.235,49777,10,C:\\Windows\\System32\\winlogon.exe,0x0,0x0,Process created by LOCAL\jperez: C:\\Windows\\System32\\winlogon.exe,0,none,Internal,LAN,,
2026-04-29 03:06:07,WIN10-FIN-014,Microsoft-Windows-Security-Auditing,Security,4634,An account was logged off,EMPRESA,lcastro,PC-RRHH-002,192.168.1.25,62915,10,C:\\Windows\\System32\\cmd.exe,0x0,0x0,Logoff for EMPRESA\lcastro from workstation PC-RRHH-002,0,none,Internal,LAN,,
2026-04-29 03:06:09,WIN-SRV-DC01,Microsoft-Windows-Security-Auditing,Security,4625,An account failed to log on,CORP,administrator,UNKNOWN,192.0.2.4,46417,10,C:\\Windows\\System32\\lsass.exe,0xC000006A,0xC000006A,Failed logon for CORP\administrator from 192.0.2.4; possible brute force,1,brute_force_logon,Argentina,Buenos Aires,-34.61846,-57.98944
2026-04-29 03:06:25,WIN-SRV-DC01,Microsoft-Windows-Security-Auditing,Security,4624,An account was successfully logged on,LOCAL,mgarcia,PC-FIN-001,172.16.20.196,49731,7,C:\\Windows\\System32\\winlogon.exe,0x0,0x0,Successful logon for LOCAL\mgarcia from 172.16.20.196 using logon type 7,0,none,Internal,LAN,,
2026-04-29 03:06:40,WIN-SRV-DC01,Microsoft-Windows-Security-Auditing,Security,4625,An account failed to log on,EMPRESA,usuario,ATTACKBOX,198.51.100.200,8252,3,C:\\Windows\\System32\\svchost.exe,0xC000006D,0xC000006A,Failed logon from 198.51.100.200 against multiple users; possible password spray,1,password_spray,Russia,Moscow,56.02676,37.91904
2026-04-29 03:08:02,WIN-SRV-DC01,Microsoft-Windows-Security-Auditing,Security,4625,An account failed to log on,LOCAL,usuario,WIN-RDP,198.51.100.221,22015,3,C:\\Program Files\\Google\\Chrome\\Application\\chrome.exe,0xC000006A,0xC000006A,Failed logon for LOCAL\usuario from 198.51.100.221; possible brute force,1,brute_force_logon,India,Mumbai,18.9245,72.50598
2026-04-29 03:08:09,WIN-SRV-FILE01,Microsoft-Windows-Security-Auditing,Security,4732,A member was added to a security-enabled local group,CORP,soporte,ATTACKBOX,192.0.2.235,60944,7,C:\\Windows\\System32\\winlogon.exe,0x0,0x0,Account CORP\soporte added to local Administrators group from 192.0.2.235,1,admin_group_membership_added,Chile,Santiago,-33.34441,-70.37167
2026-04-29 03:08:54,WIN10-FIN-014,Microsoft-Windows-Security-Auditing,Security,4625,An account failed to log on,EMPRESA,soporte,WIN-RDP,192.0.2.11,50325,3,C:\\Program Files\\Google\\Chrome\\Application\\chrome.exe,0xC000006A,0xC000006A,Failed logon for EMPRESA\soporte from 192.0.2.11; possible brute force,1,brute_force_logon,Netherlands,Amsterdam,52.37916,5.12573
2026-04-29 03:11:01,WIN-SRV-APP01,Microsoft-Windows-Security-Auditing,Security,4624,An account was successfully logged on,EMPRESA,svc_backup,PC-FIN-001,172.16.20.13,57578,10,C:\\Windows\\System32\\cmd.exe,0x0,0x0,Successful logon for EMPRESA\svc_backup from 172.16.20.13 using logon type 10,0,none,Internal,LAN,,
2026-04-29 03:11:04,WIN11-SEC-022,Microsoft-Windows-Security-Auditing,Security,4624,An account was successfully logged on,CORP,dtorres,PC-OPS-014,172.16.20.118,63865,2,C:\\Windows\\System32\\winlogon.exe,0x0,0x0,Successful logon for CORP\dtorres from 172.16.20.118 using logon type 2,0,none,Internal,LAN,,
2026-04-29 03:11:27,WIN-SRV-APP01,Microsoft-Windows-Security-Auditing,Security,4625,An account failed to log on,LOCAL,administrator,ATTACKBOX,203.0.113.21,41228,10,C:\\Windows\\System32\\cmd.exe,0xC000006A,0xC0000064,Failed logon for LOCAL\administrator from 203.0.113.21; possible brute force,1,brute_force_logon,China,Shanghai,31.36681,121.30763
2026-04-29 03:12:16,WIN10-FIN-014,Microsoft-Windows-Security-Auditing,Security,4625,An account failed to log on,CORP,administrator,-,198.51.100.78,32695,3,C:\\Program Files\\Google\\Chrome\\Application\\chrome.exe,0xC000006D,0xC000006A,Failed logon from 198.51.100.78 against multiple users; possible password spray,1,password_spray,Netherlands,Amsterdam,52.03723,4.70534
2026-04-29 03:12:26,WIN-SRV-DC01,Microsoft-Windows-Security-Auditing,Security,4624,An account was successfully logged on,LOCAL,analista01,PC-OPS-014,10.10.165.209,61536,7,C:\\Program Files\\Microsoft Defender\\MsMpEng.exe,0x0,0x0,Successful logon for LOCAL\analista01 from 10.10.165.209 using logon type 7,0,none,Internal,LAN,,
2026-04-29 03:12:26,WIN-SRV-APP01,Microsoft-Windows-Security-Auditing,Security,4624,An account was successfully logged on,EMPRESA,dtorres,LAP-GER-003,10.10.46.6,52548,2,C:\\Windows\\System32\\cmd.exe,0x0,0x0,Successful logon for EMPRESA\dtorres from 10.10.46.6 using logon type 2,0,none,Internal,LAN,,
2026-04-29 03:13:09,WIN-SRV-FILE01,Microsoft-Windows-Security-Auditing,Security,4624,An account was successfully logged on,EMPRESA,jperez,SRV-MON-001,172.16.20.110,54662,2,C:\\Windows\\System32\\lsass.exe,0x0,0x0,Successful logon for EMPRESA\jperez from 172.16.20.110 using logon type 2,0,none,Internal,LAN,,
2026-04-29 03:14:02,WIN-SRV-APP01,Microsoft-Windows-Security-Auditing,Security,4625,An account failed to log on,CORP,backup,-,198.51.100.71,52095,10,C:\\Windows\\System32\\winlogon.exe,0xC000006D,0xC000006A,Failed logon from 198.51.100.71 against multiple users; possible password spray,1,password_spray,Peru,Lima,-11.88696,-77.26744
2026-04-29 03:14:46,WIN-SRV-FILE01,Microsoft-Windows-Security-Auditing,Security,4688,A new process has been created,CORP,dtorres,PC-OPS-014,192.168.1.213,54624,10,C:\\Windows\\System32\\lsass.exe,0x0,0x0,Process created by CORP\dtorres: C:\\Windows\\System32\\lsass.exe,0,none,Internal,LAN,,
2026-04-29 03:15:07,WIN-SRV-DC01,Microsoft-Windows-Security-Auditing,Security,4672,Special privileges assigned to new logon,EMPRESA,administrator,WIN-RDP,203.0.113.216,63637,3,C:\\Windows\\System32\\svchost.exe,0x0,0x0,Special privileges assigned to suspicious account EMPRESA\administrator from 203.0.113.216,1,privilege_escalation,United States,New York,40.45253,-74.39705
2026-04-29 03:16:02,WIN-SRV-FILE01,Microsoft-Windows-Security-Auditing,Security,4624,An account was successfully logged on,LOCAL,alopez,PC-OPS-014,192.168.1.65,50673,7,C:\\Program Files\\Google\\Chrome\\Application\\chrome.exe,0x0,0x0,Successful logon for LOCAL\alopez from 192.168.1.65 using logon type 7,0,none,Internal,LAN,,
2026-04-29 03:16:04,WIN10-FIN-014,Microsoft-Windows-Security-Auditing,Security,4625,An account failed to log on,LOCAL,backup,ATTACKBOX,192.0.2.226,36516,10,C:\\Program Files\\Google\\Chrome\\Application\\chrome.exe,0xC000006D,0xC000006A,Failed logon from 192.0.2.226 against multiple users; possible password spray,1,password_spray,South Africa,Johannesburg,-26.58288,27.84622
2026-04-29 03:16:45,WIN-SRV-DC01,Microsoft-Windows-Security-Auditing,Security,4624,An account was successfully logged on,LOCAL,jperez,LAP-GER-003,172.16.20.152,58315,10,C:\\Windows\\System32\\winlogon.exe,0x0,0x0,Successful logon for LOCAL\jperez from 172.16.20.152 using logon type 10,0,none,Internal,LAN,,
2026-04-29 03:17:02,WIN10-FIN-014,Microsoft-Windows-Security-Auditing,Security,4625,An account failed to log on,LOCAL,admin,UNKNOWN,198.51.100.219,47744,3,C:\\Program Files\\Google\\Chrome\\Application\\chrome.exe,0xC000006A,0xC0000064,Failed logon for LOCAL\admin from 198.51.100.219; possible brute force,1,brute_force_logon,Peru,Lima,-11.79766,-77.14935
2026-04-29 03:17:47,WIN-SRV-FILE01,Microsoft-Windows-Security-Auditing,Security,4624,An account was successfully logged on,CORP,admin.ops,KALI,203.0.113.54,25875,10,C:\\Windows\\System32\\cmd.exe,0x0,0x0,Successful remote administrative logon for CORP\admin.ops from external IP 203.0.113.54,1,suspicious_admin_logon,Australia,Sydney,-33.81367,151.16315
2026-04-29 03:18:32,WIN-SRV-APP01,Microsoft-Windows-Security-Auditing,Security,4688,A new process has been created,LOCAL,sqladmin,UNKNOWN,192.0.2.165,63285,3,C:\\Windows\\System32\\net.exe localgroup administrators soporte /add,0x0,0x0,Suspicious process execution by LOCAL\sqladmin: C:\\Windows\\System32\\net.exe localgroup administrators soporte /add,1,suspicious_process_execution,Japan,Tokyo,35.45011,139.937
2026-04-29 03:18:33,WIN-SRV-DC01,Microsoft-Windows-Security-Auditing,Security,4672,Special privileges assigned to new logon,LOCAL,admin,ATTACKBOX,198.51.100.138,49784,3,C:\\Windows\\System32\\WindowsPowerShell\\v1.0\\powershell.exe,0x0,0x0,Special privileges assigned to suspicious account LOCAL\admin from 198.51.100.138,1,privilege_escalation,Russia,Moscow,56.10394,37.67685
2026-04-29 03:18:51,WIN-SRV-DC01,Microsoft-Windows-Security-Auditing,Security,4648,A logon was attempted using explicit credentials,CORP,svc_backup,UNKNOWN,192.0.2.36,11791,3,C:\\Windows\\System32\\svchost.exe,0x0,0x0,Explicit credentials used suspiciously by CORP\svc_backup from 192.0.2.36,1,explicit_credentials_abuse,Spain,Madrid,40.37089,-3.38668
2026-04-29 03:19:07,WIN-SRV-FILE01,Microsoft-Windows-Security-Auditing,Security,4625,An account failed to log on,LOCAL,root,ATTACKBOX,203.0.113.27,8471,10,C:\\Program Files\\Google\\Chrome\\Application\\chrome.exe,0xC000006D,0xC000006A,Failed logon from 203.0.113.27 against multiple users; possible password spray,1,password_spray,Mexico,Mexico City,19.73536,-99.2145
2026-04-29 03:19:20,WIN-SRV-DC01,Microsoft-Windows-Security-Auditing,Security,4625,An account failed to log on,CORP,test,WIN-RDP,198.51.100.163,54145,3,C:\\Windows\\System32\\cmd.exe,0xC000006D,0xC0000064,Failed logon for CORP\test from 198.51.100.163; possible brute force,1,brute_force_logon,Chile,Santiago,-33.7277,-71.04393
2026-04-29 03:19:20,WIN10-FIN-014,Microsoft-Windows-Security-Auditing,Security,4688,A new process has been created,LOCAL,sqladmin,UNKNOWN,198.51.100.160,33149,7,C:\\Windows\\System32\\reg.exe save HKLM\\SAM C:\\Temp\\sam.save,0x0,0x0,Suspicious process execution by LOCAL\sqladmin: C:\\Windows\\System32\\reg.exe save HKLM\\SAM C:\\Temp\\sam.save,1,suspicious_process_execution,China,Shanghai,31.16412,121.60644
2026-04-29 03:20:35,WIN11-SEC-022,Microsoft-Windows-Security-Auditing,Security,4624,An account was successfully logged on,EMPRESA,finanzas02,PC-FIN-001,172.16.20.138,63391,7,C:\\Windows\\System32\\cmd.exe,0x0,0x0,Successful logon for EMPRESA\finanzas02 from 172.16.20.138 using logon type 7,0,none,Internal,LAN,,
2026-04-29 03:21:15,WIN-SRV-APP01,Microsoft-Windows-Security-Auditing,Security,4648,A logon was attempted using explicit credentials,CORP,svc_backup,PC-OPS-014,10.10.49.156,55383,2,C:\\Windows\\System32\\WindowsPowerShell\\v1.0\\powershell.exe,0x0,0x0,Explicit credentials used by CORP\svc_backup from PC-OPS-014,0,none,Internal,LAN,,
2026-04-29 03:22:17,WIN10-FIN-014,Microsoft-Windows-Security-Auditing,Security,4625,An account failed to log on,EMPRESA,administrator,-,198.51.100.22,41539,10,C:\\Program Files\\Microsoft Defender\\MsMpEng.exe,0xC000006A,0xC000006A,Failed logon for EMPRESA\administrator from 198.51.100.22; possible brute force,1,brute_force_logon,Mexico,Mexico City,19.55124,-99.01682
2026-04-29 03:23:25,WIN10-FIN-014,Microsoft-Windows-Security-Auditing,Security,4634,An account was logged off,LOCAL,admin.ops,SRV-MON-001,172.16.20.64,59161,2,C:\\Windows\\System32\\winlogon.exe,0x0,0x0,Logoff for LOCAL\admin.ops from workstation SRV-MON-001,0,none,Internal,LAN,,
2026-04-29 03:23:53,WIN11-SEC-022,Microsoft-Windows-Security-Auditing,Security,4732,A member was added to a security-enabled local group,CORP,tempadmin,WIN-RDP,192.0.2.100,16508,3,C:\\Windows\\System32\\svchost.exe,0x0,0x0,Account CORP\tempadmin added to local Administrators group from 192.0.2.100,1,admin_group_membership_added,Chile,Santiago,-33.42654,-70.44794
2026-04-29 03:23:58,WIN-SRV-APP01,Microsoft-Windows-Security-Auditing,Security,4624,An account was successfully logged on,CORP,lcastro,LAP-GER-003,172.16.20.187,50035,3,C:\\Windows\\System32\\svchost.exe,0x0,0x0,Successful logon for CORP\lcastro from 172.16.20.187 using logon type 3,0,none,Internal,LAN,,
2026-04-29 03:24:24,WIN10-FIN-014,Microsoft-Windows-Security-Auditing,Security,4625,An account failed to log on,CORP,root,-,192.0.2.226,36296,3,C:\\Windows\\System32\\WindowsPowerShell\\v1.0\\powershell.exe,0xC000006D,0xC000006A,Failed logon from 192.0.2.226 against multiple users; possible password spray,1,password_spray,Japan,Tokyo,35.85901,139.56677
2026-04-29 03:24:30,WIN-SRV-DC01,Microsoft-Windows-Security-Auditing,Security,4688,A new process has been created,CORP,analista01,PC-FIN-001,172.16.20.33,62297,7,C:\\Windows\\System32\\lsass.exe,0x0,0x0,Process created by CORP\analista01: C:\\Windows\\System32\\lsass.exe,0,none,Internal,LAN,,
2026-04-29 03:24:30,WIN10-FIN-014,Microsoft-Windows-Security-Auditing,Security,4625,An account failed to log on,LOCAL,usuario,KALI,192.0.2.70,42948,3,C:\\Program Files\\Google\\Chrome\\Application\\chrome.exe,0xC000006A,0xC0000064,Failed logon for LOCAL\usuario from 192.0.2.70; possible brute force,1,brute_force_logon,United States,New York,40.29451,-74.02116
2026-04-29 03:25:16,WIN11-SEC-022,Microsoft-Windows-Security-Auditing,Security,4624,An account was successfully logged on,LOCAL,administrator,-,192.0.2.194,55133,3,C:\\Windows\\System32\\lsass.exe,0x0,0x0,Successful remote administrative logon for LOCAL\administrator from external IP 192.0.2.194,1,suspicious_admin_logon,Peru,Lima,-11.71887,-76.92445
2026-04-29 03:25:45,WIN-SRV-DC01,Microsoft-Windows-Security-Auditing,Security,4624,An account was successfully logged on,EMPRESA,administrator,WIN-RDP,192.0.2.136,2010,3,C:\\Windows\\System32\\winlogon.exe,0x0,0x0,Successful remote administrative logon for EMPRESA\administrator from external IP 192.0.2.136,1,suspicious_admin_logon,Chile,Santiago,-33.10309,-70.92104
2026-04-29 03:27:19,WIN-SRV-FILE01,Microsoft-Windows-Security-Auditing,Security,4624,An account was successfully logged on,CORP,svc_monitor,PC-OPS-014,10.10.187.252,50114,3,C:\\Windows\\System32\\cmd.exe,0x0,0x0,Successful logon for CORP\svc_monitor from 10.10.187.252 using logon type 3,0,none,Internal,LAN,,
2026-04-29 03:27:26,WIN-SRV-DC01,Microsoft-Windows-Security-Auditing,Security,4625,An account failed to log on,CORP,usuario,WIN-RDP,203.0.113.185,50317,3,C:\\Program Files\\Google\\Chrome\\Application\\chrome.exe,0xC000006D,0xC000006A,Failed logon from 203.0.113.185 against multiple users; possible password spray,1,password_spray,Peru,Lima,-12.15986,-77.09624
2026-04-29 03:27:32,WIN10-FIN-014,Microsoft-Windows-Security-Auditing,Security,4672,Special privileges assigned to new logon,EMPRESA,admin,ATTACKBOX,198.51.100.7,37645,2,C:\\Windows\\System32\\WindowsPowerShell\\v1.0\\powershell.exe,0x0,0x0,Special privileges assigned to suspicious account EMPRESA\admin from 198.51.100.7,1,privilege_escalation,China,Shanghai,31.25314,121.51584
2026-04-29 03:29:43,WIN-SRV-DC01,Microsoft-Windows-Security-Auditing,Security,4625,An account failed to log on,CORP,backup,KALI,198.51.100.92,25872,3,C:\\Windows\\System32\\winlogon.exe,0xC000006A,0xC000006A,Failed logon for CORP\backup from 198.51.100.92; possible brute force,1,brute_force_logon,Germany,Frankfurt,50.37578,9.05544
2026-04-29 03:30:16,WIN11-SEC-022,Microsoft-Windows-Security-Auditing,Security,4624,An account was successfully logged on,EMPRESA,svc_backup,SRV-MON-001,172.16.20.104,55302,10,C:\\Windows\\System32\\WindowsPowerShell\\v1.0\\powershell.exe,0x0,0x0,Successful logon for EMPRESA\svc_backup from 172.16.20.104 using logon type 10,0,none,Internal,LAN,,
2026-04-29 03:30:20,WIN10-FIN-014,Microsoft-Windows-Security-Auditing,Security,4634,An account was logged off,CORP,alopez,LAP-GER-003,192.168.1.94,63295,7,C:\\Program Files\\Microsoft Defender\\MsMpEng.exe,0x0,0x0,Logoff for CORP\alopez from workstation LAP-GER-003,0,none,Internal,LAN,,
2026-04-29 03:30:21,WIN10-FIN-014,Microsoft-Windows-Security-Auditing,Security,4732,A member was added to a security-enabled local group,EMPRESA,guest,WIN-RDP,198.51.100.70,61985,3,C:\\Windows\\System32\\winlogon.exe,0x0,0x0,Account EMPRESA\guest added to local Administrators group from 198.51.100.70,1,admin_group_membership_added,Japan,Tokyo,35.33052,139.85425
2026-04-29 03:31:21,WIN11-SEC-022,Microsoft-Windows-Security-Auditing,Security,4625,An account failed to log on,LOCAL,admin,ATTACKBOX,203.0.113.214,13397,3,C:\\Windows\\System32\\cmd.exe,0xC000006A,0xC000006A,Failed logon for LOCAL\admin from 203.0.113.214; possible brute force,1,brute_force_logon,Brazil,Sao Paulo,-23.92317,-46.22815
2026-04-29 03:31:36,WIN-SRV-APP01,Microsoft-Windows-Security-Auditing,Security,4624,An account was successfully logged on,CORP,crojas,PC-RRHH-002,172.16.20.250,62068,10,C:\\Windows\\System32\\winlogon.exe,0x0,0x0,Successful logon for CORP\crojas from 172.16.20.250 using logon type 10,0,none,Internal,LAN,,
2026-04-29 03:32:27,WIN-SRV-APP01,Microsoft-Windows-Security-Auditing,Security,4672,Special privileges assigned to new logon,EMPRESA,soporte,UNKNOWN,203.0.113.65,56340,2,C:\\Windows\\System32\\cmd.exe,0x0,0x0,Special privileges assigned to suspicious account EMPRESA\soporte from 203.0.113.65,1,privilege_escalation,Germany,Frankfurt,49.68612,8.34889
2026-04-29 03:32:32,WIN10-FIN-014,Microsoft-Windows-Security-Auditing,Security,4624,An account was successfully logged on,LOCAL,dtorres,PC-RRHH-002,192.168.1.53,59442,2,C:\\Windows\\System32\\WindowsPowerShell\\v1.0\\powershell.exe,0x0,0x0,Successful logon for LOCAL\dtorres from 192.168.1.53 using logon type 2,0,none,Internal,LAN,,
2026-04-29 03:33:40,WIN-SRV-FILE01,Microsoft-Windows-Security-Auditing,Security,4634,An account was logged off,LOCAL,svc_backup,PC-OPS-014,192.168.1.205,63077,3,C:\\Windows\\System32\\winlogon.exe,0x0,0x0,Logoff for LOCAL\svc_backup from workstation PC-OPS-014,0,none,Internal,LAN,,
2026-04-29 03:34:11,WIN-SRV-APP01,Microsoft-Windows-Security-Auditing,Security,4688,A new process has been created,CORP,soporte,-,192.0.2.87,4312,3,C:\\Windows\\System32\\WindowsPowerShell\\v1.0\\powershell.exe -enc JABXAGMAbABpAGUAbgB0,0x0,0x0,Suspicious process execution by CORP\soporte: C:\\Windows\\System32\\WindowsPowerShell\\v1.0\\powershell.exe -enc JABXAGMAbABpAGUAbgB0,1,suspicious_process_execution,Peru,Lima,-11.79958,-77.10816
2026-04-29 03:34:15,WIN-SRV-APP01,Microsoft-Windows-Security-Auditing,Security,4625,An account failed to log on,LOCAL,administrator,WIN-RDP,198.51.100.188,32219,10,C:\\Program Files\\Google\\Chrome\\Application\\chrome.exe,0xC000006A,0xC0000064,Failed logon for LOCAL\administrator from 198.51.100.188; possible brute force,1,brute_force_logon,India,Mumbai,19.3606,73.31964
2026-04-29 03:35:09,WIN-SRV-FILE01,Microsoft-Windows-Security-Auditing,Security,4672,Special privileges assigned to new logon,CORP,soporte,-,192.0.2.113,1725,3,C:\\Windows\\System32\\winlogon.exe,0x0,0x0,Special privileges assigned to suspicious account CORP\soporte from 192.0.2.113,1,privilege_escalation,India,Mumbai,19.28992,73.1044
2026-04-29 03:35:47,WIN11-SEC-022,Microsoft-Windows-Security-Auditing,Security,4624,An account was successfully logged on,EMPRESA,dtorres,LAP-GER-003,10.10.2.213,59579,3,C:\\Program Files\\Microsoft Defender\\MsMpEng.exe,0x0,0x0,Successful logon for EMPRESA\dtorres from 10.10.2.213 using logon type 3,0,none,Internal,LAN,,
2026-04-29 03:35:47,WIN-SRV-FILE01,Microsoft-Windows-Security-Auditing,Security,4624,An account was successfully logged on,EMPRESA,admin.ops,PC-FIN-001,10.10.117.92,56615,10,C:\\Windows\\System32\\svchost.exe,0x0,0x0,Successful logon for EMPRESA\admin.ops from 10.10.117.92 using logon type 10,0,none,Internal,LAN,,
2026-04-29 03:35:49,WIN-SRV-FILE01,Microsoft-Windows-Security-Auditing,Security,4726,A user account was deleted,LOCAL,admin.ops,UNKNOWN,203.0.113.8,61277,2,C:\\Windows\\System32\\svchost.exe,0x0,0x0,User account deleted unexpectedly: LOCAL\admin.ops from 203.0.113.8,1,account_deleted,Mexico,Mexico City,19.30306,-99.29812
2026-04-29 03:36:15,WIN10-FIN-014,Microsoft-Windows-Security-Auditing,Security,4648,A logon was attempted using explicit credentials,EMPRESA,svc_backup,-,203.0.113.167,17953,7,C:\\Program Files\\Microsoft Defender\\MsMpEng.exe,0x0,0x0,Explicit credentials used suspiciously by EMPRESA\svc_backup from 203.0.113.167,1,explicit_credentials_abuse,Spain,Madrid,40.42157,-3.56029
2026-04-29 03:36:17,WIN-SRV-DC01,Microsoft-Windows-Security-Auditing,Security,4634,An account was logged off,LOCAL,jperez,PC-RRHH-002,10.10.169.162,60716,3,C:\\Windows\\System32\\WindowsPowerShell\\v1.0\\powershell.exe,0x0,0x0,Logoff for LOCAL\jperez from workstation PC-RRHH-002,0,none,Internal,LAN,,
2026-04-29 03:36:42,WIN-SRV-DC01,Microsoft-Windows-Security-Auditing,Security,4672,Special privileges assigned to new logon,LOCAL,svc_monitor,PC-FIN-001,192.168.1.64,53259,3,C:\\Windows\\System32\\lsass.exe,0x0,0x0,Special privileges assigned to LOCAL\svc_monitor,0,none,Internal,LAN,,
2026-04-29 03:37:02,WIN-SRV-DC01,Microsoft-Windows-Security-Auditing,Security,4648,A logon was attempted using explicit credentials,CORP,administrator,KALI,192.0.2.80,21785,7,C:\\Windows\\System32\\svchost.exe,0x0,0x0,Explicit credentials used suspiciously by CORP\administrator from 192.0.2.80,1,explicit_credentials_abuse,Peru,Lima,-11.88686,-77.31102
2026-04-29 03:37:18,WIN-SRV-APP01,Microsoft-Windows-Security-Auditing,Security,4625,An account failed to log on,LOCAL,usuario,KALI,203.0.113.83,16942,10,C:\\Windows\\System32\\winlogon.exe,0xC000006D,0xC000006A,Failed logon from 203.0.113.83 against multiple users; possible password spray,1,password_spray,Peru,Lima,-12.31058,-76.67599
2026-04-29 03:37:25,WIN10-FIN-014,Microsoft-Windows-Security-Auditing,Security,4625,An account failed to log on,EMPRESA,sqladmin,UNKNOWN,203.0.113.56,62318,3,C:\\Windows\\System32\\WindowsPowerShell\\v1.0\\powershell.exe,0xC000006D,0xC0000064,Failed logon for EMPRESA\sqladmin from 203.0.113.56; possible brute force,1,brute_force_logon,Netherlands,Amsterdam,52.37053,4.69858
2026-04-29 03:38:06,WIN10-FIN-014,Microsoft-Windows-Security-Auditing,Security,1102,The audit log was cleared,EMPRESA,admin,WIN-RDP,192.0.2.212,54620,3,C:\\Program Files\\Google\\Chrome\\Application\\chrome.exe,0x0,0x0,Security audit log cleared by EMPRESA\admin from 192.0.2.212,1,audit_log_cleared,Mexico,Mexico City,19.60078,-99.23036
2026-04-29 03:38:18,WIN11-SEC-022,Microsoft-Windows-Security-Auditing,Security,4634,An account was logged off,CORP,jperez,PC-RRHH-002,192.168.1.199,53048,10,C:\\Windows\\System32\\cmd.exe,0x0,0x0,Logoff for CORP\jperez from workstation PC-RRHH-002,0,none,Internal,LAN,,
2026-04-29 03:38:23,WIN-SRV-FILE01,Microsoft-Windows-Security-Auditing,Security,4625,An account failed to log on,EMPRESA,backup,UNKNOWN,198.51.100.29,1359,10,C:\\Program Files\\Google\\Chrome\\Application\\chrome.exe,0xC000006D,0xC000006A,Failed logon from 198.51.100.29 against multiple users; possible password spray,1,password_spray,Russia,Moscow,55.35849,37.64707
2026-04-29 03:38:27,WIN11-SEC-022,Microsoft-Windows-Security-Auditing,Security,4648,A logon was attempted using explicit credentials,CORP,admin,UNKNOWN,192.0.2.219,32098,10,C:\\Windows\\System32\\cmd.exe,0x0,0x0,Explicit credentials used suspiciously by CORP\admin from 192.0.2.219,1,explicit_credentials_abuse,United States,New York,40.26877,-73.92077
2026-04-29 03:38:40,WIN-SRV-FILE01,Microsoft-Windows-Security-Auditing,Security,4625,An account failed to log on,EMPRESA,guest,UNKNOWN,198.51.100.253,63501,10,C:\\Windows\\System32\\WindowsPowerShell\\v1.0\\powershell.exe,0xC000006D,0xC000006A,Failed logon from 198.51.100.253 against multiple users; possible password spray,1,password_spray,Russia,Moscow,55.73248,37.49176
2026-04-29 03:38:49,WIN10-FIN-014,Microsoft-Windows-Security-Auditing,Security,4672,Special privileges assigned to new logon,LOCAL,admin,WIN-RDP,198.51.100.172,6055,10,C:\\Windows\\System32\\cmd.exe,0x0,0x0,Special privileges assigned to suspicious account LOCAL\admin from 198.51.100.172,1,privilege_escalation,Peru,Lima,-12.14254,-77.28732
2026-04-29 03:39:03,WIN10-FIN-014,Microsoft-Windows-Security-Auditing,Security,4625,An account failed to log on,EMPRESA,root,WIN-RDP,192.0.2.129,4088,3,C:\\Windows\\System32\\cmd.exe,0xC000006D,0xC000006A,Failed logon for EMPRESA\root from 192.0.2.129; possible brute force,1,brute_force_logon,Peru,Lima,-12.27754,-77.15379
2026-04-29 03:40:01,WIN10-FIN-014,Microsoft-Windows-Security-Auditing,Security,4732,A member was added to a security-enabled local group,CORP,guest,KALI,198.51.100.179,33482,2,C:\\Windows\\System32\\cmd.exe,0x0,0x0,Account CORP\guest added to local Administrators group from 198.51.100.179,1,admin_group_membership_added,China,Shanghai,31.01537,121.89926
2026-04-29 03:40:27,WIN-SRV-APP01,Microsoft-Windows-Security-Auditing,Security,4624,An account was successfully logged on,EMPRESA,alopez,PC-OPS-014,10.10.111.147,64163,3,C:\\Program Files\\Google\\Chrome\\Application\\chrome.exe,0x0,0x0,Successful logon for EMPRESA\alopez from 10.10.111.147 using logon type 3,0,none,Internal,LAN,,
2026-04-29 03:41:39,WIN-SRV-APP01,Microsoft-Windows-Security-Auditing,Security,4624,An account was successfully logged on,CORP,admin.ops,KALI,198.51.100.80,40252,3,C:\\Windows\\System32\\svchost.exe,0x0,0x0,Successful remote administrative logon for CORP\admin.ops from external IP 198.51.100.80,1,suspicious_admin_logon,Mexico,Mexico City,19.74289,-98.90376
2026-04-29 03:42:21,WIN-SRV-DC01,Microsoft-Windows-Security-Auditing,Security,4624,An account was successfully logged on,CORP,admin.ops,KALI,198.51.100.30,65473,10,C:\\Windows\\System32\\lsass.exe,0x0,0x0,Successful remote administrative logon for CORP\admin.ops from external IP 198.51.100.30,1,suspicious_admin_logon,Mexico,Mexico City,19.0362,-98.76421
2026-04-29 03:42:37,WIN-SRV-DC01,Microsoft-Windows-Security-Auditing,Security,4672,Special privileges assigned to new logon,CORP,admin,ATTACKBOX,198.51.100.13,64398,10,C:\\Windows\\System32\\winlogon.exe,0x0,0x0,Special privileges assigned to suspicious account CORP\admin from 198.51.100.13,1,privilege_escalation,Brazil,Sao Paulo,-23.135,-46.62724
2026-04-29 03:42:56,WIN10-FIN-014,Microsoft-Windows-Security-Auditing,Security,4624,An account was successfully logged on,LOCAL,lcastro,PC-OPS-014,172.16.20.105,59646,7,C:\\Windows\\System32\\lsass.exe,0x0,0x0,Successful logon for LOCAL\lcastro from 172.16.20.105 using logon type 7,0,none,Internal,LAN,,
2026-04-29 03:44:28,WIN11-SEC-022,Microsoft-Windows-Security-Auditing,Security,4625,An account failed to log on,LOCAL,oracle,UNKNOWN,203.0.113.232,55966,3,C:\\Windows\\System32\\cmd.exe,0xC000006D,0xC000006A,Failed logon from 203.0.113.232 against multiple users; possible password spray,1,password_spray,South Africa,Johannesburg,-26.41307,28.23576
2026-04-29 03:44:54,WIN-SRV-APP01,Microsoft-Windows-Security-Auditing,Security,4625,An account failed to log on,EMPRESA,admin,KALI,192.0.2.209,29793,3,C:\\Windows\\System32\\svchost.exe,0xC000006D,0xC0000064,Failed logon for EMPRESA\admin from 192.0.2.209; possible brute force,1,brute_force_logon,Netherlands,Amsterdam,52.51859,5.10347
2026-04-29 03:45:10,WIN11-SEC-022,Microsoft-Windows-Security-Auditing,Security,4625,An account failed to log on,CORP,admin,-,203.0.113.43,27152,3,C:\\Windows\\System32\\svchost.exe,0xC000006A,0xC000006A,Failed logon for CORP\admin from 203.0.113.43; possible brute force,1,brute_force_logon,Japan,Tokyo,35.80232,139.74549
2026-04-29 03:45:44,WIN10-FIN-014,Microsoft-Windows-Security-Auditing,Security,4726,A user account was deleted,LOCAL,dtorres,UNKNOWN,203.0.113.119,55680,7,C:\\Windows\\System32\\cmd.exe,0x0,0x0,User account deleted unexpectedly: LOCAL\dtorres from 203.0.113.119,1,account_deleted,Japan,Tokyo,35.38151,140.07978
2026-04-29 03:46:06,WIN11-SEC-022,Microsoft-Windows-Security-Auditing,Security,4625,An account failed to log on,EMPRESA,admin,KALI,198.51.100.154,43159,10,C:\\Windows\\System32\\winlogon.exe,0xC000006D,0xC000006A,Failed logon for EMPRESA\admin from 198.51.100.154; possible brute force,1,brute_force_logon,Mexico,Mexico City,19.67968,-99.45346
2026-04-29 03:47:03,WIN10-FIN-014,Microsoft-Windows-Security-Auditing,Security,4634,An account was logged off,LOCAL,alopez,PC-FIN-001,172.16.20.19,57479,7,C:\\Windows\\System32\\WindowsPowerShell\\v1.0\\powershell.exe,0x0,0x0,Logoff for LOCAL\alopez from workstation PC-FIN-001,0,none,Internal,LAN,,
2026-04-29 03:47:04,WIN-SRV-DC01,Microsoft-Windows-Security-Auditing,Security,4624,An account was successfully logged on,LOCAL,lcastro,PC-RRHH-002,172.16.20.22,63517,10,C:\\Program Files\\Google\\Chrome\\Application\\chrome.exe,0x0,0x0,Successful logon for LOCAL\lcastro from 172.16.20.22 using logon type 10,0,none,Internal,LAN,,
2026-04-29 03:47:10,WIN11-SEC-022,Microsoft-Windows-Security-Auditing,Security,4726,A user account was deleted,LOCAL,svc_backup,ATTACKBOX,192.0.2.26,8596,10,C:\\Windows\\System32\\svchost.exe,0x0,0x0,User account deleted unexpectedly: LOCAL\svc_backup from 192.0.2.26,1,account_deleted,Japan,Tokyo,35.36002,139.22519
2026-04-29 03:47:19,WIN-SRV-APP01,Microsoft-Windows-Security-Auditing,Security,4624,An account was successfully logged on,EMPRESA,administrator,UNKNOWN,192.0.2.117,12458,10,C:\\Windows\\System32\\cmd.exe,0x0,0x0,Successful remote administrative logon for EMPRESA\administrator from external IP 192.0.2.117,1,suspicious_admin_logon,United States,New York,40.85257,-74.14558
2026-04-29 03:47:21,WIN10-FIN-014,Microsoft-Windows-Security-Auditing,Security,4688,A new process has been created,EMPRESA,backup,UNKNOWN,192.0.2.214,17329,7,C:\\Windows\\Temp\\update.exe,0x0,0x0,Suspicious process execution by EMPRESA\backup: C:\\Windows\\Temp\\update.exe,1,suspicious_process_execution,Germany,Frankfurt,50.22106,8.53611
2026-04-29 03:47:32,WIN-SRV-APP01,Microsoft-Windows-Security-Auditing,Security,4720,A user account was created,LOCAL,svc_temp,WIN-RDP,203.0.113.227,15041,3,C:\\Windows\\System32\\WindowsPowerShell\\v1.0\\powershell.exe,0x0,0x0,Suspicious user account created: LOCAL\svc_temp from 203.0.113.227,1,account_creation,Germany,Frankfurt,49.94455,8.38415
2026-04-29 03:48:02,WIN-SRV-APP01,Microsoft-Windows-Security-Auditing,Security,4732,A member was added to a security-enabled local group,LOCAL,tempadmin,KALI,203.0.113.167,54382,3,C:\\Windows\\System32\\svchost.exe,0x0,0x0,Account LOCAL\tempadmin added to local Administrators group from 203.0.113.167,1,admin_group_membership_added,Germany,Frankfurt,49.81575,8.32731
2026-04-29 03:48:09,WIN-SRV-APP01,Microsoft-Windows-Security-Auditing,Security,4720,A user account was created,CORP,backup2,ATTACKBOX,192.0.2.123,3411,2,C:\\Windows\\System32\\lsass.exe,0x0,0x0,Suspicious user account created: CORP\backup2 from 192.0.2.123,1,account_creation,India,Mumbai,18.95794,73.02982
2026-04-29 03:48:23,WIN-SRV-FILE01,Microsoft-Windows-Security-Auditing,Security,4672,Special privileges assigned to new logon,LOCAL,soporte,WIN-RDP,198.51.100.235,34948,3,C:\\Program Files\\Google\\Chrome\\Application\\chrome.exe,0x0,0x0,Special privileges assigned to suspicious account LOCAL\soporte from 198.51.100.235,1,privilege_escalation,China,Shanghai,30.99292,121.06658
2026-04-29 03:48:31,WIN-SRV-APP01,Microsoft-Windows-Security-Auditing,Security,4625,An account failed to log on,CORP,guest,WIN-RDP,203.0.113.138,43212,10,C:\\Windows\\System32\\cmd.exe,0xC000006D,0xC000006A,Failed logon for CORP\guest from 203.0.113.138; possible brute force,1,brute_force_logon,Spain,Madrid,40.45455,-3.7892
2026-04-29 03:49:26,WIN-SRV-APP01,Microsoft-Windows-Security-Auditing,Security,4688,A new process has been created,EMPRESA,crojas,SRV-MON-001,10.10.204.144,62533,7,C:\\Program Files\\Google\\Chrome\\Application\\chrome.exe,0x0,0x0,Process created by EMPRESA\crojas: C:\\Program Files\\Google\\Chrome\\Application\\chrome.exe,0,none,Internal,LAN,,
2026-04-29 03:50:33,WIN10-FIN-014,Microsoft-Windows-Security-Auditing,Security,4625,An account failed to log on,CORP,guest,-,192.0.2.249,51540,10,C:\\Windows\\System32\\WindowsPowerShell\\v1.0\\powershell.exe,0xC000006A,0xC000006A,Failed logon for CORP\guest from 192.0.2.249; possible brute force,1,brute_force_logon,South Africa,Johannesburg,-25.86587,28.35088
2026-04-29 03:50:45,WIN-SRV-DC01,Microsoft-Windows-Security-Auditing,Security,4624,An account was successfully logged on,EMPRESA,administrator,-,198.51.100.154,8517,3,C:\\Program Files\\Microsoft Defender\\MsMpEng.exe,0x0,0x0,Successful remote administrative logon for EMPRESA\administrator from external IP 198.51.100.154,1,suspicious_admin_logon,Spain,Madrid,40.7175,-3.60974
2026-04-29 03:50:59,WIN10-FIN-014,Microsoft-Windows-Security-Auditing,Security,4688,A new process has been created,EMPRESA,guest,ATTACKBOX,192.0.2.79,3858,7,"C:\\Windows\\System32\\rundll32.exe javascript:\\..\\mshtml,RunHTMLApplication",0x0,0x0,"Suspicious process execution by EMPRESA\guest: C:\\Windows\\System32\\rundll32.exe javascript:\\..\\mshtml,RunHTMLApplication",1,suspicious_process_execution,Germany,Frankfurt,50.40232,8.24218
2026-04-29 03:51:09,WIN-SRV-DC01,Microsoft-Windows-Security-Auditing,Security,4634,An account was logged off,LOCAL,helpdesk01,PC-RRHH-002,172.16.20.67,59176,10,C:\\Program Files\\Google\\Chrome\\Application\\chrome.exe,0x0,0x0,Logoff for LOCAL\helpdesk01 from workstation PC-RRHH-002,0,none,Internal,LAN,,
2026-04-29 03:51:13,WIN11-SEC-022,Microsoft-Windows-Security-Auditing,Security,4624,An account was successfully logged on,CORP,domain.admin,UNKNOWN,198.51.100.238,46073,3,C:\\Windows\\System32\\svchost.exe,0x0,0x0,Successful remote administrative logon for CORP\domain.admin from external IP 198.51.100.238,1,suspicious_admin_logon,Netherlands,Amsterdam,52.19566,4.58976
2026-04-29 03:51:16,WIN10-FIN-014,Microsoft-Windows-Security-Auditing,Security,4625,An account failed to log on,LOCAL,usuario,KALI,203.0.113.80,11184,10,C:\\Program Files\\Microsoft Defender\\MsMpEng.exe,0xC000006D,0xC000006A,Failed logon from 203.0.113.80 against multiple users; possible password spray,1,password_spray,Netherlands,Amsterdam,52.25642,5.12225
2026-04-29 03:51:39,WIN10-FIN-014,Microsoft-Windows-Security-Auditing,Security,4672,Special privileges assigned to new logon,EMPRESA,admin,-,203.0.113.46,3920,3,C:\\Windows\\System32\\lsass.exe,0x0,0x0,Special privileges assigned to suspicious account EMPRESA\admin from 203.0.113.46,1,privilege_escalation,Argentina,Buenos Aires,-34.32906,-58.50351
2026-04-29 03:51:50,WIN-SRV-DC01,Microsoft-Windows-Security-Auditing,Security,4625,An account failed to log on,EMPRESA,guest,ATTACKBOX,203.0.113.45,64131,3,C:\\Windows\\System32\\winlogon.exe,0xC000006D,0xC0000064,Failed logon for EMPRESA\guest from 203.0.113.45; possible brute force,1,brute_force_logon,Mexico,Mexico City,19.14798,-99.56861
2026-04-29 03:51:50,WIN10-FIN-014,Microsoft-Windows-Security-Auditing,Security,4625,An account failed to log on,CORP,soporte,WIN-RDP,203.0.113.145,64884,3,C:\\Program Files\\Google\\Chrome\\Application\\chrome.exe,0xC000006D,0xC000006A,Failed logon for CORP\soporte from 203.0.113.145; possible brute force,1,brute_force_logon,Russia,Moscow,55.36222,37.26384
2026-04-29 03:52:55,WIN-SRV-DC01,Microsoft-Windows-Security-Auditing,Security,4624,An account was successfully logged on,EMPRESA,analista01,LAP-GER-003,10.10.140.10,58458,7,C:\\Program Files\\Microsoft Defender\\MsMpEng.exe,0x0,0x0,Successful logon for EMPRESA\analista01 from 10.10.140.10 using logon type 7,0,none,Internal,LAN,,
2026-04-29 03:52:59,WIN10-FIN-014,Microsoft-Windows-Security-Auditing,Security,4688,A new process has been created,CORP,helpdesk01,PC-OPS-014,192.168.1.29,57697,10,C:\\Program Files\\Google\\Chrome\\Application\\chrome.exe,0x0,0x0,Process created by CORP\helpdesk01: C:\\Program Files\\Google\\Chrome\\Application\\chrome.exe,0,none,Internal,LAN,,
2026-04-29 03:53:05,WIN11-SEC-022,Microsoft-Windows-Security-Auditing,Security,4688,A new process has been created,EMPRESA,oracle,KALI,198.51.100.61,47356,3,C:\\Windows\\System32\\cmd.exe /c whoami && net user,0x0,0x0,Suspicious process execution by EMPRESA\oracle: C:\\Windows\\System32\\cmd.exe /c whoami && net user,1,suspicious_process_execution,Peru,Lima,-11.6508,-77.40711
2026-04-29 03:53:18,WIN11-SEC-022,Microsoft-Windows-Security-Auditing,Security,4625,An account failed to log on,LOCAL,admin,ATTACKBOX,198.51.100.219,23493,10,C:\\Windows\\System32\\lsass.exe,0xC000006A,0xC000006A,Failed logon for LOCAL\admin from 198.51.100.219; possible brute force,1,brute_force_logon,China,Shanghai,31.49094,121.06816
2026-04-29 03:53:30,WIN-SRV-FILE01,Microsoft-Windows-Security-Auditing,Security,4720,A user account was created,CORP,soporte2,ATTACKBOX,192.0.2.45,18838,10,C:\\Windows\\System32\\WindowsPowerShell\\v1.0\\powershell.exe,0x0,0x0,Suspicious user account created: CORP\soporte2 from 192.0.2.45,1,account_creation,Mexico,Mexico City,19.79892,-99.38832
2026-04-29 03:53:34,WIN-SRV-APP01,Microsoft-Windows-Security-Auditing,Security,4625,An account failed to log on,EMPRESA,root,UNKNOWN,198.51.100.131,45971,3,C:\\Program Files\\Google\\Chrome\\Application\\chrome.exe,0xC000006A,0xC0000064,Failed logon for EMPRESA\root from 198.51.100.131; possible brute force,1,brute_force_logon,Brazil,Sao Paulo,-23.86094,-46.6062
2026-04-29 03:54:12,WIN-SRV-APP01,Microsoft-Windows-Security-Auditing,Security,4688,A new process has been created,LOCAL,soporte,UNKNOWN,198.51.100.65,15697,3,"C:\\Windows\\System32\\rundll32.exe javascript:\\..\\mshtml,RunHTMLApplication",0x0,0x0,"Suspicious process execution by LOCAL\soporte: C:\\Windows\\System32\\rundll32.exe javascript:\\..\\mshtml,RunHTMLApplication",1,suspicious_process_execution,Peru,Lima,-11.6565,-76.78652
2026-04-29 03:54:19,WIN-SRV-DC01,Microsoft-Windows-Security-Auditing,Security,4624,An account was successfully logged on,LOCAL,admin.ops,PC-OPS-014,172.16.20.113,61654,10,C:\\Windows\\System32\\lsass.exe,0x0,0x0,Successful logon for LOCAL\admin.ops from 172.16.20.113 using logon type 10,0,none,Internal,LAN,,
2026-04-29 03:54:37,WIN-SRV-DC01,Microsoft-Windows-Security-Auditing,Security,4625,An account failed to log on,EMPRESA,oracle,-,203.0.113.183,3434,10,C:\\Windows\\System32\\winlogon.exe,0xC000006D,0xC000006A,Failed logon from 203.0.113.183 against multiple users; possible password spray,1,password_spray,Peru,Lima,-12.08336,-76.72389
2026-04-29 03:54:42,WIN-SRV-APP01,Microsoft-Windows-Security-Auditing,Security,4624,An account was successfully logged on,CORP,admin.ops,PC-OPS-014,10.10.89.218,56355,10,C:\\Program Files\\Google\\Chrome\\Application\\chrome.exe,0x0,0x0,Successful logon for CORP\admin.ops from 10.10.89.218 using logon type 10,0,none,Internal,LAN,,
2026-04-29 03:55:02,WIN10-FIN-014,Microsoft-Windows-Security-Auditing,Security,4672,Special privileges assigned to new logon,CORP,administrator,UNKNOWN,192.0.2.51,49367,7,C:\\Program Files\\Microsoft Defender\\MsMpEng.exe,0x0,0x0,Special privileges assigned to suspicious account CORP\administrator from 192.0.2.51,1,privilege_escalation,Spain,Madrid,40.53771,-4.02489
2026-04-29 03:55:31,WIN10-FIN-014,Microsoft-Windows-Security-Auditing,Security,4688,A new process has been created,CORP,analista01,PC-OPS-014,10.10.215.245,61766,3,C:\\Windows\\System32\\svchost.exe,0x0,0x0,Process created by CORP\analista01: C:\\Windows\\System32\\svchost.exe,0,none,Internal,LAN,,
2026-04-29 03:56:02,WIN-SRV-APP01,Microsoft-Windows-Security-Auditing,Security,4720,A user account was created,CORP,tempadmin,ATTACKBOX,192.0.2.146,58255,10,C:\\Windows\\System32\\WindowsPowerShell\\v1.0\\powershell.exe,0x0,0x0,Suspicious user account created: CORP\tempadmin from 192.0.2.146,1,account_creation,Argentina,Buenos Aires,-34.64006,-58.03986
2026-04-29 03:56:42,WIN10-FIN-014,Microsoft-Windows-Security-Auditing,Security,4634,An account was logged off,LOCAL,svc_monitor,PC-FIN-001,172.16.20.107,55099,7,C:\\Program Files\\Microsoft Defender\\MsMpEng.exe,0x0,0x0,Logoff for LOCAL\svc_monitor from workstation PC-FIN-001,0,none,Internal,LAN,,
2026-04-29 03:56:43,WIN-SRV-DC01,Microsoft-Windows-Security-Auditing,Security,4625,An account failed to log on,CORP,guest,ATTACKBOX,192.0.2.96,57401,3,C:\\Windows\\System32\\cmd.exe,0xC000006D,0xC0000064,Failed logon for CORP\guest from 192.0.2.96; possible brute force,1,brute_force_logon,Chile,Santiago,-33.23183,-70.84679
2026-04-29 03:56:49,WIN10-FIN-014,Microsoft-Windows-Security-Auditing,Security,4624,An account was successfully logged on,CORP,dtorres,SRV-MON-001,10.10.205.67,65144,7,C:\\Program Files\\Microsoft Defender\\MsMpEng.exe,0x0,0x0,Successful logon for CORP\dtorres from 10.10.205.67 using logon type 7,0,none,Internal,LAN,,
2026-04-29 03:57:55,WIN11-SEC-022,Microsoft-Windows-Security-Auditing,Security,4625,An account failed to log on,CORP,guest,ATTACKBOX,198.51.100.218,19232,10,C:\\Windows\\System32\\WindowsPowerShell\\v1.0\\powershell.exe,0xC000006A,0xC000006A,Failed logon for CORP\guest from 198.51.100.218; possible brute force,1,brute_force_logon,United States,New York,40.46223,-74.37327
2026-04-29 03:58:09,WIN-SRV-APP01,Microsoft-Windows-Security-Auditing,Security,1102,The audit log was cleared,CORP,admin,ATTACKBOX,192.0.2.198,33840,3,C:\\Program Files\\Google\\Chrome\\Application\\chrome.exe,0x0,0x0,Security audit log cleared by CORP\admin from 192.0.2.198,1,audit_log_cleared,Netherlands,Amsterdam,52.13296,5.13579
2026-04-29 03:58:22,WIN-SRV-FILE01,Microsoft-Windows-Security-Auditing,Security,4634,An account was logged off,EMPRESA,admin.ops,LAP-GER-003,192.168.1.66,64703,2,C:\\Windows\\System32\\WindowsPowerShell\\v1.0\\powershell.exe,0x0,0x0,Logoff for EMPRESA\admin.ops from workstation LAP-GER-003,0,none,Internal,LAN,,
2026-04-29 03:59:35,WIN-SRV-DC01,Microsoft-Windows-Security-Auditing,Security,4625,An account failed to log on,EMPRESA,soporte,WIN-RDP,198.51.100.183,49622,10,C:\\Windows\\System32\\lsass.exe,0xC000006D,0xC000006A,Failed logon for EMPRESA\soporte from 198.51.100.183; possible brute force,1,brute_force_logon,Netherlands,Amsterdam,52.07046,4.70731
2026-04-29 04:00:18,WIN-SRV-FILE01,Microsoft-Windows-Security-Auditing,Security,4625,An account failed to log on,LOCAL,root,-,192.0.2.236,14469,3,C:\\Windows\\System32\\lsass.exe,0xC000006D,0xC000006A,Failed logon from 192.0.2.236 against multiple users; possible password spray,1,password_spray,Chile,Santiago,-33.04513,-70.70256
2026-04-29 04:00:23,WIN10-FIN-014,Microsoft-Windows-Security-Auditing,Security,4624,An account was successfully logged on,CORP,dtorres,SRV-MON-001,172.16.20.72,62970,2,C:\\Program Files\\Microsoft Defender\\MsMpEng.exe,0x0,0x0,Successful logon for CORP\dtorres from 172.16.20.72 using logon type 2,0,none,Internal,LAN,,
2026-04-29 04:00:29,WIN-SRV-APP01,Microsoft-Windows-Security-Auditing,Security,4624,An account was successfully logged on,EMPRESA,crojas,LAP-GER-003,10.10.109.160,51833,2,C:\\Windows\\System32\\WindowsPowerShell\\v1.0\\powershell.exe,0x0,0x0,Successful logon for EMPRESA\crojas from 10.10.109.160 using logon type 2,0,none,Internal,LAN,,
2026-04-29 04:00:35,WIN-SRV-FILE01,Microsoft-Windows-Security-Auditing,Security,4648,A logon was attempted using explicit credentials,EMPRESA,administrator,UNKNOWN,192.0.2.78,10557,2,C:\\Windows\\System32\\lsass.exe,0x0,0x0,Explicit credentials used suspiciously by EMPRESA\administrator from 192.0.2.78,1,explicit_credentials_abuse,South Africa,Johannesburg,-26.0453,28.00105
2026-04-29 04:00:58,WIN-SRV-APP01,Microsoft-Windows-Security-Auditing,Security,4688,A new process has been created,LOCAL,root,-,192.0.2.69,63028,7,C:\\Windows\\System32\\net.exe localgroup administrators soporte /add,0x0,0x0,Suspicious process execution by LOCAL\root: C:\\Windows\\System32\\net.exe localgroup administrators soporte /add,1,suspicious_process_execution,India,Mumbai,18.68633,73.03407
2026-04-29 04:01:07,WIN-SRV-FILE01,Microsoft-Windows-Security-Auditing,Security,4672,Special privileges assigned to new logon,EMPRESA,analista01,PC-FIN-001,172.16.20.61,49815,7,C:\\Windows\\System32\\lsass.exe,0x0,0x0,Special privileges assigned to EMPRESA\analista01,0,none,Internal,LAN,,
2026-04-29 04:01:19,WIN-SRV-FILE01,Microsoft-Windows-Security-Auditing,Security,4625,An account failed to log on,CORP,sqladmin,WIN-RDP,198.51.100.234,49409,10,C:\\Windows\\System32\\winlogon.exe,0xC000006D,0xC000006A,Failed logon for CORP\sqladmin from 198.51.100.234; possible brute force,1,brute_force_logon,Netherlands,Amsterdam,52.38226,4.9911
2026-04-29 04:01:33,WIN-SRV-APP01,Microsoft-Windows-Security-Auditing,Security,4625,An account failed to log on,EMPRESA,oracle,KALI,198.51.100.51,16794,10,C:\\Program Files\\Google\\Chrome\\Application\\chrome.exe,0xC000006A,0xC000006A,Failed logon for EMPRESA\oracle from 198.51.100.51; possible brute force,1,brute_force_logon,Germany,Frankfurt,50.02403,8.52104
2026-04-29 04:01:46,WIN10-FIN-014,Microsoft-Windows-Security-Auditing,Security,4625,An account failed to log on,EMPRESA,oracle,-,192.0.2.90,63205,3,C:\\Windows\\System32\\svchost.exe,0xC000006D,0xC000006A,Failed logon for EMPRESA\oracle from 192.0.2.90; possible brute force,1,brute_force_logon,Australia,Sydney,-34.2648,150.79571
2026-04-29 04:02:18,WIN-SRV-APP01,Microsoft-Windows-Security-Auditing,Security,4625,An account failed to log on,CORP,sqladmin,UNKNOWN,198.51.100.229,4022,3,C:\\Windows\\System32\\WindowsPowerShell\\v1.0\\powershell.exe,0xC000006D,0xC0000064,Failed logon for CORP\sqladmin from 198.51.100.229; possible brute force,1,brute_force_logon,Mexico,Mexico City,19.34589,-99.43142
2026-04-29 04:02:35,WIN-SRV-APP01,Microsoft-Windows-Security-Auditing,Security,4625,An account failed to log on,CORP,sqladmin,WIN-RDP,192.0.2.48,32539,10,C:\\Program Files\\Microsoft Defender\\MsMpEng.exe,0xC000006D,0xC0000064,Failed logon for CORP\sqladmin from 192.0.2.48; possible brute force,1,brute_force_logon,Peru,Lima,-12.0494,-77.46438
2026-04-29 04:02:46,WIN10-FIN-014,Microsoft-Windows-Security-Auditing,Security,4688,A new process has been created,LOCAL,svc_backup,SRV-MON-001,172.16.20.177,51130,10,C:\\Program Files\\Microsoft Defender\\MsMpEng.exe,0x0,0x0,Process created by LOCAL\svc_backup: C:\\Program Files\\Microsoft Defender\\MsMpEng.exe,0,none,Internal,LAN,,
