2026-04-25 09:03:33,WIN11-SEC-022,Microsoft-Windows-Security-Auditing,Security,4624,An account was successfully logged on,EMPRESA,crojas,PC-RRHH-002,172.16.20.198,52205,10,C:\\Program Files\\Google\\Chrome\\Application\\chrome.exe,0x0,0x0,Successful logon for EMPRESA\crojas from 172.16.20.198 using logon type 10,0,none,Internal,LAN,,
2026-04-25 09:05:54,WIN10-FIN-014,Microsoft-Windows-Security-Auditing,Security,4634,An account was logged off,CORP,lcastro,PC-OPS-014,10.10.71.216,63278,3,C:\\Program Files\\Google\\Chrome\\Application\\chrome.exe,0x0,0x0,Logoff for CORP\lcastro from workstation PC-OPS-014,0,none,Internal,LAN,,
2026-04-25 09:06:03,WIN-SRV-APP01,Microsoft-Windows-Security-Auditing,Security,4624,An account was successfully logged on,EMPRESA,admin.ops,LAP-GER-003,192.168.1.182,53854,7,C:\\Windows\\System32\\winlogon.exe,0x0,0x0,Successful logon for EMPRESA\admin.ops from 192.168.1.182 using logon type 7,0,none,Internal,LAN,,
2026-04-25 09:07:06,WIN-SRV-FILE01,Microsoft-Windows-Security-Auditing,Security,4634,An account was logged off,EMPRESA,mgarcia,PC-OPS-014,10.10.138.227,63804,3,C:\\Windows\\System32\\lsass.exe,0x0,0x0,Logoff for EMPRESA\mgarcia from workstation PC-OPS-014,0,none,Internal,LAN,,
2026-04-25 09:07:20,WIN10-FIN-014,Microsoft-Windows-Security-Auditing,Security,4688,A new process has been created,EMPRESA,svc_monitor,SRV-MON-001,192.168.1.247,54633,3,C:\\Windows\\System32\\cmd.exe,0x0,0x0,Process created by EMPRESA\svc_monitor: C:\\Windows\\System32\\cmd.exe,0,none,Internal,LAN,,
2026-04-25 09:10:42,WIN11-SEC-022,Microsoft-Windows-Security-Auditing,Security,4624,An account was successfully logged on,EMPRESA,dtorres,PC-OPS-014,172.16.20.68,59149,10,C:\\Windows\\System32\\winlogon.exe,0x0,0x0,Successful logon for EMPRESA\dtorres from 172.16.20.68 using logon type 10,0,none,Internal,LAN,,
2026-04-25 09:11:38,WIN-SRV-FILE01,Microsoft-Windows-Security-Auditing,Security,4624,An account was successfully logged on,CORP,crojas,SRV-MON-001,10.10.10.218,49163,10,C:\\Windows\\System32\\lsass.exe,0x0,0x0,Successful logon for CORP\crojas from 10.10.10.218 using logon type 10,0,none,Internal,LAN,,
2026-04-25 09:12:15,WIN-SRV-FILE01,Microsoft-Windows-Security-Auditing,Security,4634,An account was logged off,LOCAL,alopez,LAP-GER-003,172.16.20.204,53154,2,C:\\Windows\\System32\\WindowsPowerShell\\v1.0\\powershell.exe,0x0,0x0,Logoff for LOCAL\alopez from workstation LAP-GER-003,0,none,Internal,LAN,,
2026-04-25 09:12:17,WIN11-SEC-022,Microsoft-Windows-Security-Auditing,Security,4648,A logon was attempted using explicit credentials,CORP,lcastro,LAP-GER-003,10.10.81.104,56417,2,C:\\Program Files\\Microsoft Defender\\MsMpEng.exe,0x0,0x0,Explicit credentials used by CORP\lcastro from LAP-GER-003,0,none,Internal,LAN,,
2026-04-25 09:14:00,WIN-SRV-DC01,Microsoft-Windows-Security-Auditing,Security,4624,An account was successfully logged on,EMPRESA,helpdesk01,PC-OPS-014,10.10.51.4,64888,3,C:\\Program Files\\Microsoft Defender\\MsMpEng.exe,0x0,0x0,Successful logon for EMPRESA\helpdesk01 from 10.10.51.4 using logon type 3,0,none,Internal,LAN,,
2026-04-25 09:15:00,WIN-SRV-DC01,Microsoft-Windows-Security-Auditing,Security,4624,An account was successfully logged on,LOCAL,alopez,PC-FIN-001,192.168.1.167,64623,3,C:\\Program Files\\Microsoft Defender\\MsMpEng.exe,0x0,0x0,Successful logon for LOCAL\alopez from 192.168.1.167 using logon type 3,0,none,Internal,LAN,,
2026-04-25 09:15:22,WIN10-FIN-014,Microsoft-Windows-Security-Auditing,Security,4688,A new process has been created,EMPRESA,alopez,LAP-GER-003,172.16.20.11,63255,7,C:\\Windows\\System32\\WindowsPowerShell\\v1.0\\powershell.exe,0x0,0x0,Process created by EMPRESA\alopez: C:\\Windows\\System32\\WindowsPowerShell\\v1.0\\powershell.exe,0,none,Internal,LAN,,
2026-04-25 09:15:28,WIN-SRV-FILE01,Microsoft-Windows-Security-Auditing,Security,4624,An account was successfully logged on,LOCAL,analista01,SRV-MON-001,10.10.147.61,51835,7,C:\\Windows\\System32\\WindowsPowerShell\\v1.0\\powershell.exe,0x0,0x0,Successful logon for LOCAL\analista01 from 10.10.147.61 using logon type 7,0,none,Internal,LAN,,
2026-04-25 09:16:00,WIN11-SEC-022,Microsoft-Windows-Security-Auditing,Security,4624,An account was successfully logged on,CORP,svc_backup,SRV-MON-001,10.10.88.84,64395,2,C:\\Windows\\System32\\cmd.exe,0x0,0x0,Successful logon for CORP\svc_backup from 10.10.88.84 using logon type 2,0,none,Internal,LAN,,
2026-04-25 09:16:00,WIN11-SEC-022,Microsoft-Windows-Security-Auditing,Security,4648,A logon was attempted using explicit credentials,EMPRESA,helpdesk01,PC-RRHH-002,192.168.1.41,53517,10,C:\\Windows\\System32\\WindowsPowerShell\\v1.0\\powershell.exe,0x0,0x0,Explicit credentials used by EMPRESA\helpdesk01 from PC-RRHH-002,0,none,Internal,LAN,,
2026-04-25 09:17:04,WIN-SRV-FILE01,Microsoft-Windows-Security-Auditing,Security,4624,An account was successfully logged on,EMPRESA,finanzas02,LAP-GER-003,172.16.20.102,64470,10,C:\\Windows\\System32\\cmd.exe,0x0,0x0,Successful logon for EMPRESA\finanzas02 from 172.16.20.102 using logon type 10,0,none,Internal,LAN,,
2026-04-25 09:17:27,WIN11-SEC-022,Microsoft-Windows-Security-Auditing,Security,4634,An account was logged off,CORP,alopez,SRV-MON-001,192.168.1.18,49852,2,C:\\Windows\\System32\\svchost.exe,0x0,0x0,Logoff for CORP\alopez from workstation SRV-MON-001,0,none,Internal,LAN,,
2026-04-25 09:18:34,WIN-SRV-DC01,Microsoft-Windows-Security-Auditing,Security,4624,An account was successfully logged on,LOCAL,jperez,SRV-MON-001,172.16.20.210,57172,2,C:\\Windows\\System32\\WindowsPowerShell\\v1.0\\powershell.exe,0x0,0x0,Successful logon for LOCAL\jperez from 172.16.20.210 using logon type 2,0,none,Internal,LAN,,
2026-04-25 09:18:46,WIN10-FIN-014,Microsoft-Windows-Security-Auditing,Security,4624,An account was successfully logged on,EMPRESA,finanzas02,PC-OPS-014,192.168.1.112,52817,10,C:\\Windows\\System32\\lsass.exe,0x0,0x0,Successful logon for EMPRESA\finanzas02 from 192.168.1.112 using logon type 10,0,none,Internal,LAN,,
2026-04-25 09:19:52,WIN-SRV-FILE01,Microsoft-Windows-Security-Auditing,Security,4634,An account was logged off,LOCAL,admin.ops,PC-OPS-014,10.10.147.128,56306,3,C:\\Windows\\System32\\lsass.exe,0x0,0x0,Logoff for LOCAL\admin.ops from workstation PC-OPS-014,0,none,Internal,LAN,,
2026-04-25 09:20:13,WIN-SRV-DC01,Microsoft-Windows-Security-Auditing,Security,4624,An account was successfully logged on,EMPRESA,analista01,SRV-MON-001,192.168.1.53,61821,3,C:\\Windows\\System32\\svchost.exe,0x0,0x0,Successful logon for EMPRESA\analista01 from 192.168.1.53 using logon type 3,0,none,Internal,LAN,,
2026-04-25 09:20:23,WIN11-SEC-022,Microsoft-Windows-Security-Auditing,Security,4624,An account was successfully logged on,CORP,dtorres,LAP-GER-003,10.10.4.74,58063,10,C:\\Program Files\\Google\\Chrome\\Application\\chrome.exe,0x0,0x0,Successful logon for CORP\dtorres from 10.10.4.74 using logon type 10,0,none,Internal,LAN,,
2026-04-25 09:21:09,WIN10-FIN-014,Microsoft-Windows-Security-Auditing,Security,4688,A new process has been created,EMPRESA,analista01,PC-FIN-001,172.16.20.4,55979,10,C:\\Program Files\\Microsoft Defender\\MsMpEng.exe,0x0,0x0,Process created by EMPRESA\analista01: C:\\Program Files\\Microsoft Defender\\MsMpEng.exe,0,none,Internal,LAN,,
2026-04-25 09:21:41,WIN10-FIN-014,Microsoft-Windows-Security-Auditing,Security,4624,An account was successfully logged on,EMPRESA,lcastro,LAP-GER-003,172.16.20.34,53852,10,C:\\Program Files\\Google\\Chrome\\Application\\chrome.exe,0x0,0x0,Successful logon for EMPRESA\lcastro from 172.16.20.34 using logon type 10,0,none,Internal,LAN,,
2026-04-25 09:24:01,WIN10-FIN-014,Microsoft-Windows-Security-Auditing,Security,4624,An account was successfully logged on,EMPRESA,svc_backup,SRV-MON-001,192.168.1.78,54830,10,C:\\Windows\\System32\\lsass.exe,0x0,0x0,Successful logon for EMPRESA\svc_backup from 192.168.1.78 using logon type 10,0,none,Internal,LAN,,
2026-04-25 09:26:26,WIN-SRV-FILE01,Microsoft-Windows-Security-Auditing,Security,4672,Special privileges assigned to new logon,CORP,helpdesk01,PC-RRHH-002,172.16.20.207,63892,3,C:\\Program Files\\Microsoft Defender\\MsMpEng.exe,0x0,0x0,Special privileges assigned to CORP\helpdesk01,0,none,Internal,LAN,,
2026-04-25 09:28:28,WIN-SRV-FILE01,Microsoft-Windows-Security-Auditing,Security,4624,An account was successfully logged on,LOCAL,analista01,LAP-GER-003,10.10.75.195,56006,7,C:\\Program Files\\Google\\Chrome\\Application\\chrome.exe,0x0,0x0,Successful logon for LOCAL\analista01 from 10.10.75.195 using logon type 7,0,none,Internal,LAN,,
2026-04-25 09:31:14,WIN11-SEC-022,Microsoft-Windows-Security-Auditing,Security,4634,An account was logged off,EMPRESA,crojas,LAP-GER-003,10.10.246.149,53167,10,C:\\Windows\\System32\\cmd.exe,0x0,0x0,Logoff for EMPRESA\crojas from workstation LAP-GER-003,0,none,Internal,LAN,,
2026-04-25 09:31:28,WIN-SRV-FILE01,Microsoft-Windows-Security-Auditing,Security,4634,An account was logged off,LOCAL,dtorres,LAP-GER-003,192.168.1.95,56734,2,C:\\Program Files\\Google\\Chrome\\Application\\chrome.exe,0x0,0x0,Logoff for LOCAL\dtorres from workstation LAP-GER-003,0,none,Internal,LAN,,
2026-04-25 09:31:30,WIN11-SEC-022,Microsoft-Windows-Security-Auditing,Security,4624,An account was successfully logged on,CORP,svc_backup,PC-RRHH-002,192.168.1.34,50458,7,C:\\Program Files\\Microsoft Defender\\MsMpEng.exe,0x0,0x0,Successful logon for CORP\svc_backup from 192.168.1.34 using logon type 7,0,none,Internal,LAN,,
2026-04-25 09:33:37,WIN-SRV-DC01,Microsoft-Windows-Security-Auditing,Security,4624,An account was successfully logged on,LOCAL,lcastro,SRV-MON-001,192.168.1.46,63087,7,C:\\Windows\\System32\\winlogon.exe,0x0,0x0,Successful logon for LOCAL\lcastro from 192.168.1.46 using logon type 7,0,none,Internal,LAN,,
2026-04-25 09:35:56,WIN-SRV-FILE01,Microsoft-Windows-Security-Auditing,Security,4672,Special privileges assigned to new logon,EMPRESA,admin.ops,PC-OPS-014,172.16.20.39,49584,2,C:\\Program Files\\Google\\Chrome\\Application\\chrome.exe,0x0,0x0,Special privileges assigned to EMPRESA\admin.ops,0,none,Internal,LAN,,
2026-04-25 09:36:31,WIN-SRV-APP01,Microsoft-Windows-Security-Auditing,Security,4624,An account was successfully logged on,EMPRESA,alopez,LAP-GER-003,192.168.1.152,59227,7,C:\\Windows\\System32\\winlogon.exe,0x0,0x0,Successful logon for EMPRESA\alopez from 192.168.1.152 using logon type 7,0,none,Internal,LAN,,
2026-04-25 09:36:38,WIN-SRV-APP01,Microsoft-Windows-Security-Auditing,Security,4624,An account was successfully logged on,LOCAL,dtorres,PC-FIN-001,10.10.69.232,51849,2,C:\\Program Files\\Google\\Chrome\\Application\\chrome.exe,0x0,0x0,Successful logon for LOCAL\dtorres from 10.10.69.232 using logon type 2,0,none,Internal,LAN,,
2026-04-25 09:37:34,WIN-SRV-APP01,Microsoft-Windows-Security-Auditing,Security,4672,Special privileges assigned to new logon,EMPRESA,jperez,PC-RRHH-002,192.168.1.159,49775,3,C:\\Windows\\System32\\svchost.exe,0x0,0x0,Special privileges assigned to EMPRESA\jperez,0,none,Internal,LAN,,
2026-04-25 09:37:41,WIN11-SEC-022,Microsoft-Windows-Security-Auditing,Security,4688,A new process has been created,LOCAL,svc_monitor,LAP-GER-003,10.10.58.60,59611,3,C:\\Program Files\\Microsoft Defender\\MsMpEng.exe,0x0,0x0,Process created by LOCAL\svc_monitor: C:\\Program Files\\Microsoft Defender\\MsMpEng.exe,0,none,Internal,LAN,,
2026-04-25 09:40:37,WIN-SRV-FILE01,Microsoft-Windows-Security-Auditing,Security,4624,An account was successfully logged on,CORP,dtorres,PC-OPS-014,172.16.20.44,56522,3,C:\\Windows\\System32\\lsass.exe,0x0,0x0,Successful logon for CORP\dtorres from 172.16.20.44 using logon type 3,0,none,Internal,LAN,,
2026-04-25 09:40:39,WIN-SRV-FILE01,Microsoft-Windows-Security-Auditing,Security,4624,An account was successfully logged on,EMPRESA,admin.ops,PC-FIN-001,172.16.20.202,64089,7,C:\\Program Files\\Google\\Chrome\\Application\\chrome.exe,0x0,0x0,Successful logon for EMPRESA\admin.ops from 172.16.20.202 using logon type 7,0,none,Internal,LAN,,
2026-04-25 09:40:52,WIN10-FIN-014,Microsoft-Windows-Security-Auditing,Security,4634,An account was logged off,LOCAL,crojas,PC-RRHH-002,172.16.20.93,50994,3,C:\\Windows\\System32\\svchost.exe,0x0,0x0,Logoff for LOCAL\crojas from workstation PC-RRHH-002,0,none,Internal,LAN,,
2026-04-25 09:41:02,WIN-SRV-DC01,Microsoft-Windows-Security-Auditing,Security,4672,Special privileges assigned to new logon,EMPRESA,admin.ops,PC-OPS-014,172.16.20.246,52627,10,C:\\Program Files\\Google\\Chrome\\Application\\chrome.exe,0x0,0x0,Special privileges assigned to EMPRESA\admin.ops,0,none,Internal,LAN,,
2026-04-25 09:41:14,WIN10-FIN-014,Microsoft-Windows-Security-Auditing,Security,4634,An account was logged off,EMPRESA,admin.ops,PC-RRHH-002,192.168.1.127,51974,10,C:\\Windows\\System32\\winlogon.exe,0x0,0x0,Logoff for EMPRESA\admin.ops from workstation PC-RRHH-002,0,none,Internal,LAN,,
2026-04-25 09:41:49,WIN-SRV-FILE01,Microsoft-Windows-Security-Auditing,Security,4688,A new process has been created,LOCAL,admin.ops,PC-RRHH-002,192.168.1.165,52204,3,C:\\Program Files\\Google\\Chrome\\Application\\chrome.exe,0x0,0x0,Process created by LOCAL\admin.ops: C:\\Program Files\\Google\\Chrome\\Application\\chrome.exe,0,none,Internal,LAN,,
2026-04-25 09:41:55,WIN10-FIN-014,Microsoft-Windows-Security-Auditing,Security,4634,An account was logged off,CORP,admin.ops,PC-FIN-001,10.10.132.134,53843,7,C:\\Windows\\System32\\WindowsPowerShell\\v1.0\\powershell.exe,0x0,0x0,Logoff for CORP\admin.ops from workstation PC-FIN-001,0,none,Internal,LAN,,
2026-04-25 09:43:20,WIN10-FIN-014,Microsoft-Windows-Security-Auditing,Security,4634,An account was logged off,EMPRESA,svc_monitor,PC-FIN-001,10.10.50.32,50279,2,C:\\Program Files\\Microsoft Defender\\MsMpEng.exe,0x0,0x0,Logoff for EMPRESA\svc_monitor from workstation PC-FIN-001,0,none,Internal,LAN,,
2026-04-25 09:44:47,WIN10-FIN-014,Microsoft-Windows-Security-Auditing,Security,4688,A new process has been created,CORP,alopez,SRV-MON-001,172.16.20.105,54697,3,C:\\Windows\\System32\\cmd.exe,0x0,0x0,Process created by CORP\alopez: C:\\Windows\\System32\\cmd.exe,0,none,Internal,LAN,,
2026-04-25 09:48:39,WIN-SRV-FILE01,Microsoft-Windows-Security-Auditing,Security,4688,A new process has been created,CORP,alopez,PC-FIN-001,172.16.20.165,63960,2,C:\\Program Files\\Google\\Chrome\\Application\\chrome.exe,0x0,0x0,Process created by CORP\alopez: C:\\Program Files\\Google\\Chrome\\Application\\chrome.exe,0,none,Internal,LAN,,
2026-04-25 09:50:02,WIN-SRV-DC01,Microsoft-Windows-Security-Auditing,Security,4624,An account was successfully logged on,LOCAL,svc_monitor,SRV-MON-001,10.10.4.158,49720,10,C:\\Program Files\\Microsoft Defender\\MsMpEng.exe,0x0,0x0,Successful logon for LOCAL\svc_monitor from 10.10.4.158 using logon type 10,0,none,Internal,LAN,,
2026-04-25 09:50:36,WIN10-FIN-014,Microsoft-Windows-Security-Auditing,Security,4624,An account was successfully logged on,LOCAL,jperez,PC-OPS-014,192.168.1.103,58126,7,C:\\Windows\\System32\\WindowsPowerShell\\v1.0\\powershell.exe,0x0,0x0,Successful logon for LOCAL\jperez from 192.168.1.103 using logon type 7,0,none,Internal,LAN,,
2026-04-25 09:51:50,WIN11-SEC-022,Microsoft-Windows-Security-Auditing,Security,4688,A new process has been created,EMPRESA,mgarcia,SRV-MON-001,10.10.65.229,55760,10,C:\\Windows\\System32\\winlogon.exe,0x0,0x0,Process created by EMPRESA\mgarcia: C:\\Windows\\System32\\winlogon.exe,0,none,Internal,LAN,,
2026-04-25 09:53:20,WIN11-SEC-022,Microsoft-Windows-Security-Auditing,Security,4634,An account was logged off,LOCAL,analista01,PC-OPS-014,10.10.44.166,53980,2,C:\\Program Files\\Microsoft Defender\\MsMpEng.exe,0x0,0x0,Logoff for LOCAL\analista01 from workstation PC-OPS-014,0,none,Internal,LAN,,
2026-04-25 09:53:23,WIN-SRV-APP01,Microsoft-Windows-Security-Auditing,Security,4624,An account was successfully logged on,LOCAL,jperez,PC-RRHH-002,172.16.20.243,50968,10,C:\\Program Files\\Google\\Chrome\\Application\\chrome.exe,0x0,0x0,Successful logon for LOCAL\jperez from 172.16.20.243 using logon type 10,0,none,Internal,LAN,,
2026-04-25 09:54:44,WIN11-SEC-022,Microsoft-Windows-Security-Auditing,Security,4624,An account was successfully logged on,EMPRESA,svc_backup,PC-FIN-001,172.16.20.37,55099,2,C:\\Windows\\System32\\svchost.exe,0x0,0x0,Successful logon for EMPRESA\svc_backup from 172.16.20.37 using logon type 2,0,none,Internal,LAN,,
2026-04-25 09:55:21,WIN-SRV-DC01,Microsoft-Windows-Security-Auditing,Security,4634,An account was logged off,EMPRESA,svc_backup,SRV-MON-001,192.168.1.223,54535,7,C:\\Windows\\System32\\winlogon.exe,0x0,0x0,Logoff for EMPRESA\svc_backup from workstation SRV-MON-001,0,none,Internal,LAN,,
2026-04-25 09:58:50,WIN-SRV-FILE01,Microsoft-Windows-Security-Auditing,Security,4624,An account was successfully logged on,EMPRESA,svc_monitor,LAP-GER-003,10.10.167.43,65045,2,C:\\Program Files\\Google\\Chrome\\Application\\chrome.exe,0x0,0x0,Successful logon for EMPRESA\svc_monitor from 10.10.167.43 using logon type 2,0,none,Internal,LAN,,
2026-04-25 09:58:50,WIN11-SEC-022,Microsoft-Windows-Security-Auditing,Security,4634,An account was logged off,CORP,admin.ops,LAP-GER-003,172.16.20.96,64018,10,C:\\Windows\\System32\\lsass.exe,0x0,0x0,Logoff for CORP\admin.ops from workstation LAP-GER-003,0,none,Internal,LAN,,
2026-04-25 10:00:08,WIN-SRV-DC01,Microsoft-Windows-Security-Auditing,Security,4624,An account was successfully logged on,EMPRESA,crojas,LAP-GER-003,192.168.1.230,57671,2,C:\\Windows\\System32\\cmd.exe,0x0,0x0,Successful logon for EMPRESA\crojas from 192.168.1.230 using logon type 2,0,none,Internal,LAN,,
2026-04-25 10:00:41,WIN-SRV-APP01,Microsoft-Windows-Security-Auditing,Security,4634,An account was logged off,LOCAL,dtorres,PC-FIN-001,192.168.1.33,57456,3,C:\\Windows\\System32\\WindowsPowerShell\\v1.0\\powershell.exe,0x0,0x0,Logoff for LOCAL\dtorres from workstation PC-FIN-001,0,none,Internal,LAN,,
2026-04-25 10:01:53,WIN-SRV-APP01,Microsoft-Windows-Security-Auditing,Security,4624,An account was successfully logged on,EMPRESA,dtorres,PC-OPS-014,10.10.25.21,62290,3,C:\\Program Files\\Microsoft Defender\\MsMpEng.exe,0x0,0x0,Successful logon for EMPRESA\dtorres from 10.10.25.21 using logon type 3,0,none,Internal,LAN,,
2026-04-25 10:01:59,WIN-SRV-APP01,Microsoft-Windows-Security-Auditing,Security,4688,A new process has been created,EMPRESA,helpdesk01,PC-OPS-014,192.168.1.83,62309,2,C:\\Windows\\System32\\winlogon.exe,0x0,0x0,Process created by EMPRESA\helpdesk01: C:\\Windows\\System32\\winlogon.exe,0,none,Internal,LAN,,
2026-04-25 10:02:22,WIN11-SEC-022,Microsoft-Windows-Security-Auditing,Security,4634,An account was logged off,CORP,admin.ops,PC-FIN-001,10.10.168.173,55295,3,C:\\Program Files\\Microsoft Defender\\MsMpEng.exe,0x0,0x0,Logoff for CORP\admin.ops from workstation PC-FIN-001,0,none,Internal,LAN,,
2026-04-25 10:03:25,WIN-SRV-APP01,Microsoft-Windows-Security-Auditing,Security,4624,An account was successfully logged on,EMPRESA,jperez,PC-OPS-014,10.10.140.242,58834,10,C:\\Program Files\\Microsoft Defender\\MsMpEng.exe,0x0,0x0,Successful logon for EMPRESA\jperez from 10.10.140.242 using logon type 10,0,none,Internal,LAN,,
2026-04-25 10:05:34,WIN11-SEC-022,Microsoft-Windows-Security-Auditing,Security,4624,An account was successfully logged on,LOCAL,helpdesk01,SRV-MON-001,172.16.20.193,53596,2,C:\\Windows\\System32\\svchost.exe,0x0,0x0,Successful logon for LOCAL\helpdesk01 from 172.16.20.193 using logon type 2,0,none,Internal,LAN,,
2026-04-25 10:06:04,WIN11-SEC-022,Microsoft-Windows-Security-Auditing,Security,4634,An account was logged off,LOCAL,admin.ops,LAP-GER-003,192.168.1.109,61204,2,C:\\Windows\\System32\\lsass.exe,0x0,0x0,Logoff for LOCAL\admin.ops from workstation LAP-GER-003,0,none,Internal,LAN,,
2026-04-25 10:06:06,WIN-SRV-APP01,Microsoft-Windows-Security-Auditing,Security,4624,An account was successfully logged on,EMPRESA,analista01,PC-OPS-014,10.10.247.163,56996,2,C:\\Windows\\System32\\WindowsPowerShell\\v1.0\\powershell.exe,0x0,0x0,Successful logon for EMPRESA\analista01 from 10.10.247.163 using logon type 2,0,none,Internal,LAN,,
2026-04-25 10:06:44,WIN11-SEC-022,Microsoft-Windows-Security-Auditing,Security,4624,An account was successfully logged on,LOCAL,svc_backup,LAP-GER-003,192.168.1.39,60833,2,C:\\Windows\\System32\\svchost.exe,0x0,0x0,Successful logon for LOCAL\svc_backup from 192.168.1.39 using logon type 2,0,none,Internal,LAN,,
2026-04-25 10:07:11,WIN-SRV-FILE01,Microsoft-Windows-Security-Auditing,Security,4688,A new process has been created,CORP,admin.ops,PC-FIN-001,10.10.229.95,52853,7,C:\\Windows\\System32\\svchost.exe,0x0,0x0,Process created by CORP\admin.ops: C:\\Windows\\System32\\svchost.exe,0,none,Internal,LAN,,
2026-04-25 10:07:54,WIN-SRV-DC01,Microsoft-Windows-Security-Auditing,Security,4624,An account was successfully logged on,CORP,helpdesk01,PC-RRHH-002,192.168.1.232,55623,2,C:\\Program Files\\Google\\Chrome\\Application\\chrome.exe,0x0,0x0,Successful logon for CORP\helpdesk01 from 192.168.1.232 using logon type 2,0,none,Internal,LAN,,
2026-04-25 10:09:00,WIN11-SEC-022,Microsoft-Windows-Security-Auditing,Security,4624,An account was successfully logged on,LOCAL,mgarcia,PC-OPS-014,172.16.20.142,50687,10,C:\\Windows\\System32\\WindowsPowerShell\\v1.0\\powershell.exe,0x0,0x0,Successful logon for LOCAL\mgarcia from 172.16.20.142 using logon type 10,0,none,Internal,LAN,,
2026-04-25 10:09:21,WIN11-SEC-022,Microsoft-Windows-Security-Auditing,Security,4624,An account was successfully logged on,CORP,analista01,PC-OPS-014,172.16.20.133,55109,10,C:\\Windows\\System32\\cmd.exe,0x0,0x0,Successful logon for CORP\analista01 from 172.16.20.133 using logon type 10,0,none,Internal,LAN,,
2026-04-25 10:11:18,WIN-SRV-DC01,Microsoft-Windows-Security-Auditing,Security,4634,An account was logged off,EMPRESA,admin.ops,PC-OPS-014,10.10.113.234,56274,3,C:\\Windows\\System32\\winlogon.exe,0x0,0x0,Logoff for EMPRESA\admin.ops from workstation PC-OPS-014,0,none,Internal,LAN,,
2026-04-25 10:11:37,WIN-SRV-APP01,Microsoft-Windows-Security-Auditing,Security,4624,An account was successfully logged on,CORP,svc_backup,PC-RRHH-002,10.10.251.5,49314,10,C:\\Windows\\System32\\cmd.exe,0x0,0x0,Successful logon for CORP\svc_backup from 10.10.251.5 using logon type 10,0,none,Internal,LAN,,
2026-04-25 10:12:44,WIN10-FIN-014,Microsoft-Windows-Security-Auditing,Security,4624,An account was successfully logged on,LOCAL,finanzas02,LAP-GER-003,10.10.73.13,63943,3,C:\\Windows\\System32\\cmd.exe,0x0,0x0,Successful logon for LOCAL\finanzas02 from 10.10.73.13 using logon type 3,0,none,Internal,LAN,,
2026-04-25 10:13:09,WIN-SRV-APP01,Microsoft-Windows-Security-Auditing,Security,4624,An account was successfully logged on,CORP,svc_monitor,PC-RRHH-002,172.16.20.31,56412,10,C:\\Windows\\System32\\svchost.exe,0x0,0x0,Successful logon for CORP\svc_monitor from 172.16.20.31 using logon type 10,0,none,Internal,LAN,,
2026-04-25 10:14:59,WIN-SRV-APP01,Microsoft-Windows-Security-Auditing,Security,4688,A new process has been created,LOCAL,lcastro,PC-FIN-001,172.16.20.86,52435,3,C:\\Windows\\System32\\lsass.exe,0x0,0x0,Process created by LOCAL\lcastro: C:\\Windows\\System32\\lsass.exe,0,none,Internal,LAN,,
2026-04-25 10:16:32,WIN11-SEC-022,Microsoft-Windows-Security-Auditing,Security,4634,An account was logged off,LOCAL,dtorres,LAP-GER-003,10.10.149.42,59300,10,C:\\Windows\\System32\\WindowsPowerShell\\v1.0\\powershell.exe,0x0,0x0,Logoff for LOCAL\dtorres from workstation LAP-GER-003,0,none,Internal,LAN,,
2026-04-25 10:16:57,WIN-SRV-DC01,Microsoft-Windows-Security-Auditing,Security,4648,A logon was attempted using explicit credentials,LOCAL,lcastro,LAP-GER-003,10.10.189.86,50508,2,C:\\Program Files\\Microsoft Defender\\MsMpEng.exe,0x0,0x0,Explicit credentials used by LOCAL\lcastro from LAP-GER-003,0,none,Internal,LAN,,
2026-04-25 10:17:37,WIN-SRV-APP01,Microsoft-Windows-Security-Auditing,Security,4624,An account was successfully logged on,LOCAL,analista01,PC-FIN-001,172.16.20.90,53367,10,C:\\Windows\\System32\\WindowsPowerShell\\v1.0\\powershell.exe,0x0,0x0,Successful logon for LOCAL\analista01 from 172.16.20.90 using logon type 10,0,none,Internal,LAN,,
2026-04-25 10:20:02,WIN-SRV-APP01,Microsoft-Windows-Security-Auditing,Security,4624,An account was successfully logged on,EMPRESA,helpdesk01,PC-OPS-014,10.10.134.188,49177,7,C:\\Program Files\\Microsoft Defender\\MsMpEng.exe,0x0,0x0,Successful logon for EMPRESA\helpdesk01 from 10.10.134.188 using logon type 7,0,none,Internal,LAN,,
2026-04-25 10:20:22,WIN-SRV-FILE01,Microsoft-Windows-Security-Auditing,Security,4624,An account was successfully logged on,LOCAL,mgarcia,LAP-GER-003,172.16.20.241,65387,2,C:\\Windows\\System32\\WindowsPowerShell\\v1.0\\powershell.exe,0x0,0x0,Successful logon for LOCAL\mgarcia from 172.16.20.241 using logon type 2,0,none,Internal,LAN,,
2026-04-25 10:22:18,WIN-SRV-FILE01,Microsoft-Windows-Security-Auditing,Security,4672,Special privileges assigned to new logon,LOCAL,jperez,PC-OPS-014,172.16.20.88,59023,7,C:\\Program Files\\Microsoft Defender\\MsMpEng.exe,0x0,0x0,Special privileges assigned to LOCAL\jperez,0,none,Internal,LAN,,
2026-04-25 10:22:40,WIN11-SEC-022,Microsoft-Windows-Security-Auditing,Security,4624,An account was successfully logged on,EMPRESA,svc_backup,PC-FIN-001,10.10.4.118,63861,2,C:\\Windows\\System32\\cmd.exe,0x0,0x0,Successful logon for EMPRESA\svc_backup from 10.10.4.118 using logon type 2,0,none,Internal,LAN,,
2026-04-25 10:23:42,WIN-SRV-DC01,Microsoft-Windows-Security-Auditing,Security,4672,Special privileges assigned to new logon,CORP,mgarcia,PC-RRHH-002,192.168.1.61,65389,3,C:\\Windows\\System32\\WindowsPowerShell\\v1.0\\powershell.exe,0x0,0x0,Special privileges assigned to CORP\mgarcia,0,none,Internal,LAN,,
2026-04-25 10:25:15,WIN10-FIN-014,Microsoft-Windows-Security-Auditing,Security,4624,An account was successfully logged on,EMPRESA,crojas,PC-FIN-001,192.168.1.194,54724,7,C:\\Windows\\System32\\svchost.exe,0x0,0x0,Successful logon for EMPRESA\crojas from 192.168.1.194 using logon type 7,0,none,Internal,LAN,,
2026-04-25 10:27:18,WIN-SRV-DC01,Microsoft-Windows-Security-Auditing,Security,4688,A new process has been created,CORP,svc_monitor,LAP-GER-003,10.10.28.165,56862,2,C:\\Windows\\System32\\winlogon.exe,0x0,0x0,Process created by CORP\svc_monitor: C:\\Windows\\System32\\winlogon.exe,0,none,Internal,LAN,,
2026-04-25 10:27:27,WIN11-SEC-022,Microsoft-Windows-Security-Auditing,Security,4688,A new process has been created,CORP,jperez,PC-RRHH-002,172.16.20.46,61375,10,C:\\Windows\\System32\\lsass.exe,0x0,0x0,Process created by CORP\jperez: C:\\Windows\\System32\\lsass.exe,0,none,Internal,LAN,,
2026-04-25 10:27:44,WIN11-SEC-022,Microsoft-Windows-Security-Auditing,Security,4624,An account was successfully logged on,EMPRESA,jperez,PC-RRHH-002,192.168.1.213,64545,3,C:\\Windows\\System32\\svchost.exe,0x0,0x0,Successful logon for EMPRESA\jperez from 192.168.1.213 using logon type 3,0,none,Internal,LAN,,
2026-04-25 10:28:46,WIN-SRV-FILE01,Microsoft-Windows-Security-Auditing,Security,4688,A new process has been created,LOCAL,lcastro,PC-OPS-014,172.16.20.186,65122,10,C:\\Windows\\System32\\svchost.exe,0x0,0x0,Process created by LOCAL\lcastro: C:\\Windows\\System32\\svchost.exe,0,none,Internal,LAN,,
2026-04-25 10:29:41,WIN-SRV-FILE01,Microsoft-Windows-Security-Auditing,Security,4624,An account was successfully logged on,LOCAL,jperez,LAP-GER-003,172.16.20.75,59135,2,C:\\Windows\\System32\\lsass.exe,0x0,0x0,Successful logon for LOCAL\jperez from 172.16.20.75 using logon type 2,0,none,Internal,LAN,,
2026-04-25 10:30:07,WIN-SRV-DC01,Microsoft-Windows-Security-Auditing,Security,4688,A new process has been created,CORP,analista01,LAP-GER-003,172.16.20.102,65236,3,C:\\Windows\\System32\\svchost.exe,0x0,0x0,Process created by CORP\analista01: C:\\Windows\\System32\\svchost.exe,0,none,Internal,LAN,,
2026-04-25 10:31:00,WIN11-SEC-022,Microsoft-Windows-Security-Auditing,Security,4648,A logon was attempted using explicit credentials,LOCAL,finanzas02,PC-RRHH-002,172.16.20.133,60596,3,C:\\Program Files\\Google\\Chrome\\Application\\chrome.exe,0x0,0x0,Explicit credentials used by LOCAL\finanzas02 from PC-RRHH-002,0,none,Internal,LAN,,
2026-04-25 10:31:29,WIN10-FIN-014,Microsoft-Windows-Security-Auditing,Security,4688,A new process has been created,EMPRESA,lcastro,PC-OPS-014,172.16.20.223,61107,7,C:\\Program Files\\Microsoft Defender\\MsMpEng.exe,0x0,0x0,Process created by EMPRESA\lcastro: C:\\Program Files\\Microsoft Defender\\MsMpEng.exe,0,none,Internal,LAN,,
2026-04-25 10:32:00,WIN-SRV-DC01,Microsoft-Windows-Security-Auditing,Security,4634,An account was logged off,EMPRESA,analista01,PC-FIN-001,172.16.20.169,63079,10,C:\\Windows\\System32\\cmd.exe,0x0,0x0,Logoff for EMPRESA\analista01 from workstation PC-FIN-001,0,none,Internal,LAN,,
2026-04-25 10:32:49,WIN-SRV-FILE01,Microsoft-Windows-Security-Auditing,Security,4624,An account was successfully logged on,EMPRESA,analista01,PC-RRHH-002,10.10.82.249,50789,3,C:\\Windows\\System32\\WindowsPowerShell\\v1.0\\powershell.exe,0x0,0x0,Successful logon for EMPRESA\analista01 from 10.10.82.249 using logon type 3,0,none,Internal,LAN,,
2026-04-25 10:32:51,WIN11-SEC-022,Microsoft-Windows-Security-Auditing,Security,4624,An account was successfully logged on,EMPRESA,svc_monitor,SRV-MON-001,192.168.1.53,64631,10,C:\\Windows\\System32\\WindowsPowerShell\\v1.0\\powershell.exe,0x0,0x0,Successful logon for EMPRESA\svc_monitor from 192.168.1.53 using logon type 10,0,none,Internal,LAN,,
2026-04-25 10:33:36,WIN11-SEC-022,Microsoft-Windows-Security-Auditing,Security,4624,An account was successfully logged on,EMPRESA,svc_backup,PC-RRHH-002,172.16.20.11,57036,3,C:\\Windows\\System32\\winlogon.exe,0x0,0x0,Successful logon for EMPRESA\svc_backup from 172.16.20.11 using logon type 3,0,none,Internal,LAN,,
2026-04-25 10:33:40,WIN-SRV-DC01,Microsoft-Windows-Security-Auditing,Security,4624,An account was successfully logged on,CORP,svc_monitor,PC-OPS-014,10.10.94.115,60920,2,C:\\Program Files\\Microsoft Defender\\MsMpEng.exe,0x0,0x0,Successful logon for CORP\svc_monitor from 10.10.94.115 using logon type 2,0,none,Internal,LAN,,
2026-04-25 10:34:14,WIN-SRV-FILE01,Microsoft-Windows-Security-Auditing,Security,4688,A new process has been created,LOCAL,alopez,PC-RRHH-002,192.168.1.180,63048,2,C:\\Windows\\System32\\cmd.exe,0x0,0x0,Process created by LOCAL\alopez: C:\\Windows\\System32\\cmd.exe,0,none,Internal,LAN,,
2026-04-25 10:34:14,WIN-SRV-APP01,Microsoft-Windows-Security-Auditing,Security,4688,A new process has been created,LOCAL,jperez,SRV-MON-001,172.16.20.44,50094,3,C:\\Windows\\System32\\cmd.exe,0x0,0x0,Process created by LOCAL\jperez: C:\\Windows\\System32\\cmd.exe,0,none,Internal,LAN,,
2026-04-25 10:34:41,WIN-SRV-APP01,Microsoft-Windows-Security-Auditing,Security,4624,An account was successfully logged on,LOCAL,admin.ops,SRV-MON-001,172.16.20.145,50019,7,C:\\Program Files\\Google\\Chrome\\Application\\chrome.exe,0x0,0x0,Successful logon for LOCAL\admin.ops from 172.16.20.145 using logon type 7,0,none,Internal,LAN,,
2026-04-25 10:35:26,WIN10-FIN-014,Microsoft-Windows-Security-Auditing,Security,4672,Special privileges assigned to new logon,LOCAL,finanzas02,PC-FIN-001,192.168.1.93,56086,10,C:\\Windows\\System32\\WindowsPowerShell\\v1.0\\powershell.exe,0x0,0x0,Special privileges assigned to LOCAL\finanzas02,0,none,Internal,LAN,,
2026-04-25 10:36:59,WIN-SRV-FILE01,Microsoft-Windows-Security-Auditing,Security,4634,An account was logged off,EMPRESA,svc_backup,PC-RRHH-002,10.10.68.157,61003,7,C:\\Windows\\System32\\cmd.exe,0x0,0x0,Logoff for EMPRESA\svc_backup from workstation PC-RRHH-002,0,none,Internal,LAN,,
2026-04-25 10:39:09,WIN-SRV-DC01,Microsoft-Windows-Security-Auditing,Security,4624,An account was successfully logged on,EMPRESA,alopez,LAP-GER-003,172.16.20.80,56467,10,C:\\Windows\\System32\\cmd.exe,0x0,0x0,Successful logon for EMPRESA\alopez from 172.16.20.80 using logon type 10,0,none,Internal,LAN,,
2026-04-25 10:39:26,WIN-SRV-FILE01,Microsoft-Windows-Security-Auditing,Security,4688,A new process has been created,LOCAL,crojas,LAP-GER-003,192.168.1.47,51866,2,C:\\Windows\\System32\\cmd.exe,0x0,0x0,Process created by LOCAL\crojas: C:\\Windows\\System32\\cmd.exe,0,none,Internal,LAN,,
2026-04-25 10:43:23,WIN11-SEC-022,Microsoft-Windows-Security-Auditing,Security,4624,An account was successfully logged on,CORP,alopez,LAP-GER-003,192.168.1.141,58464,10,C:\\Program Files\\Microsoft Defender\\MsMpEng.exe,0x0,0x0,Successful logon for CORP\alopez from 192.168.1.141 using logon type 10,0,none,Internal,LAN,,
2026-04-25 10:44:53,WIN-SRV-APP01,Microsoft-Windows-Security-Auditing,Security,4688,A new process has been created,EMPRESA,mgarcia,PC-FIN-001,192.168.1.128,54814,2,C:\\Program Files\\Microsoft Defender\\MsMpEng.exe,0x0,0x0,Process created by EMPRESA\mgarcia: C:\\Program Files\\Microsoft Defender\\MsMpEng.exe,0,none,Internal,LAN,,
2026-04-25 10:45:34,WIN-SRV-APP01,Microsoft-Windows-Security-Auditing,Security,4624,An account was successfully logged on,EMPRESA,svc_backup,PC-RRHH-002,192.168.1.246,61734,2,C:\\Windows\\System32\\lsass.exe,0x0,0x0,Successful logon for EMPRESA\svc_backup from 192.168.1.246 using logon type 2,0,none,Internal,LAN,,
2026-04-25 10:48:00,WIN-SRV-DC01,Microsoft-Windows-Security-Auditing,Security,4624,An account was successfully logged on,EMPRESA,svc_backup,SRV-MON-001,192.168.1.17,64154,7,C:\\Program Files\\Google\\Chrome\\Application\\chrome.exe,0x0,0x0,Successful logon for EMPRESA\svc_backup from 192.168.1.17 using logon type 7,0,none,Internal,LAN,,
2026-04-25 10:49:46,WIN11-SEC-022,Microsoft-Windows-Security-Auditing,Security,4634,An account was logged off,LOCAL,crojas,PC-OPS-014,10.10.219.160,55457,7,C:\\Windows\\System32\\WindowsPowerShell\\v1.0\\powershell.exe,0x0,0x0,Logoff for LOCAL\crojas from workstation PC-OPS-014,0,none,Internal,LAN,,
2026-04-25 10:50:50,WIN11-SEC-022,Microsoft-Windows-Security-Auditing,Security,4672,Special privileges assigned to new logon,CORP,svc_monitor,SRV-MON-001,172.16.20.113,60148,10,C:\\Windows\\System32\\svchost.exe,0x0,0x0,Special privileges assigned to CORP\svc_monitor,0,none,Internal,LAN,,
2026-04-25 10:51:38,WIN-SRV-APP01,Microsoft-Windows-Security-Auditing,Security,4634,An account was logged off,EMPRESA,admin.ops,PC-RRHH-002,192.168.1.26,59971,10,C:\\Windows\\System32\\WindowsPowerShell\\v1.0\\powershell.exe,0x0,0x0,Logoff for EMPRESA\admin.ops from workstation PC-RRHH-002,0,none,Internal,LAN,,
2026-04-25 10:52:12,WIN10-FIN-014,Microsoft-Windows-Security-Auditing,Security,4624,An account was successfully logged on,CORP,alopez,LAP-GER-003,192.168.1.101,62456,2,C:\\Windows\\System32\\svchost.exe,0x0,0x0,Successful logon for CORP\alopez from 192.168.1.101 using logon type 2,0,none,Internal,LAN,,
2026-04-25 10:54:27,WIN11-SEC-022,Microsoft-Windows-Security-Auditing,Security,4634,An account was logged off,EMPRESA,lcastro,PC-RRHH-002,172.16.20.172,53249,10,C:\\Program Files\\Microsoft Defender\\MsMpEng.exe,0x0,0x0,Logoff for EMPRESA\lcastro from workstation PC-RRHH-002,0,none,Internal,LAN,,
2026-04-25 10:55:35,WIN10-FIN-014,Microsoft-Windows-Security-Auditing,Security,4624,An account was successfully logged on,LOCAL,crojas,LAP-GER-003,10.10.69.60,61599,7,C:\\Windows\\System32\\cmd.exe,0x0,0x0,Successful logon for LOCAL\crojas from 10.10.69.60 using logon type 7,0,none,Internal,LAN,,
2026-04-25 10:55:51,WIN11-SEC-022,Microsoft-Windows-Security-Auditing,Security,4634,An account was logged off,CORP,alopez,SRV-MON-001,10.10.187.172,64882,7,C:\\Windows\\System32\\winlogon.exe,0x0,0x0,Logoff for CORP\alopez from workstation SRV-MON-001,0,none,Internal,LAN,,
2026-04-25 10:58:42,WIN11-SEC-022,Microsoft-Windows-Security-Auditing,Security,4624,An account was successfully logged on,CORP,helpdesk01,PC-OPS-014,192.168.1.253,49487,2,C:\\Program Files\\Microsoft Defender\\MsMpEng.exe,0x0,0x0,Successful logon for CORP\helpdesk01 from 192.168.1.253 using logon type 2,0,none,Internal,LAN,,
2026-04-25 11:00:23,WIN-SRV-FILE01,Microsoft-Windows-Security-Auditing,Security,4634,An account was logged off,CORP,analista01,LAP-GER-003,172.16.20.67,51827,2,C:\\Program Files\\Microsoft Defender\\MsMpEng.exe,0x0,0x0,Logoff for CORP\analista01 from workstation LAP-GER-003,0,none,Internal,LAN,,
2026-04-25 11:02:06,WIN-SRV-APP01,Microsoft-Windows-Security-Auditing,Security,4624,An account was successfully logged on,LOCAL,jperez,LAP-GER-003,172.16.20.34,56993,7,C:\\Windows\\System32\\cmd.exe,0x0,0x0,Successful logon for LOCAL\jperez from 172.16.20.34 using logon type 7,0,none,Internal,LAN,,
2026-04-25 11:02:25,WIN10-FIN-014,Microsoft-Windows-Security-Auditing,Security,4688,A new process has been created,CORP,svc_backup,PC-RRHH-002,192.168.1.154,54660,3,C:\\Windows\\System32\\lsass.exe,0x0,0x0,Process created by CORP\svc_backup: C:\\Windows\\System32\\lsass.exe,0,none,Internal,LAN,,
2026-04-25 11:04:37,WIN11-SEC-022,Microsoft-Windows-Security-Auditing,Security,4688,A new process has been created,CORP,crojas,PC-RRHH-002,10.10.131.174,63097,2,C:\\Windows\\System32\\lsass.exe,0x0,0x0,Process created by CORP\crojas: C:\\Windows\\System32\\lsass.exe,0,none,Internal,LAN,,
2026-04-25 11:06:21,WIN-SRV-FILE01,Microsoft-Windows-Security-Auditing,Security,4624,An account was successfully logged on,LOCAL,finanzas02,SRV-MON-001,10.10.180.249,52512,2,C:\\Windows\\System32\\svchost.exe,0x0,0x0,Successful logon for LOCAL\finanzas02 from 10.10.180.249 using logon type 2,0,none,Internal,LAN,,
2026-04-25 11:06:32,WIN-SRV-DC01,Microsoft-Windows-Security-Auditing,Security,4634,An account was logged off,LOCAL,mgarcia,LAP-GER-003,192.168.1.56,49907,10,C:\\Windows\\System32\\cmd.exe,0x0,0x0,Logoff for LOCAL\mgarcia from workstation LAP-GER-003,0,none,Internal,LAN,,
2026-04-25 11:07:19,WIN11-SEC-022,Microsoft-Windows-Security-Auditing,Security,4688,A new process has been created,LOCAL,finanzas02,PC-RRHH-002,172.16.20.217,58154,2,C:\\Windows\\System32\\cmd.exe,0x0,0x0,Process created by LOCAL\finanzas02: C:\\Windows\\System32\\cmd.exe,0,none,Internal,LAN,,
2026-04-25 11:07:53,WIN-SRV-APP01,Microsoft-Windows-Security-Auditing,Security,4624,An account was successfully logged on,CORP,crojas,PC-FIN-001,192.168.1.205,50212,10,C:\\Program Files\\Microsoft Defender\\MsMpEng.exe,0x0,0x0,Successful logon for CORP\crojas from 192.168.1.205 using logon type 10,0,none,Internal,LAN,,
2026-04-25 11:08:13,WIN11-SEC-022,Microsoft-Windows-Security-Auditing,Security,4624,An account was successfully logged on,LOCAL,finanzas02,SRV-MON-001,192.168.1.131,63309,2,C:\\Windows\\System32\\lsass.exe,0x0,0x0,Successful logon for LOCAL\finanzas02 from 192.168.1.131 using logon type 2,0,none,Internal,LAN,,
2026-04-25 11:08:27,WIN-SRV-APP01,Microsoft-Windows-Security-Auditing,Security,4688,A new process has been created,CORP,crojas,PC-OPS-014,172.16.20.223,55869,2,C:\\Windows\\System32\\WindowsPowerShell\\v1.0\\powershell.exe,0x0,0x0,Process created by CORP\crojas: C:\\Windows\\System32\\WindowsPowerShell\\v1.0\\powershell.exe,0,none,Internal,LAN,,
2026-04-25 11:09:29,WIN-SRV-APP01,Microsoft-Windows-Security-Auditing,Security,4634,An account was logged off,CORP,jperez,LAP-GER-003,172.16.20.196,55967,7,C:\\Program Files\\Google\\Chrome\\Application\\chrome.exe,0x0,0x0,Logoff for CORP\jperez from workstation LAP-GER-003,0,none,Internal,LAN,,
2026-04-25 11:10:32,WIN10-FIN-014,Microsoft-Windows-Security-Auditing,Security,4624,An account was successfully logged on,EMPRESA,crojas,SRV-MON-001,10.10.10.1,63822,2,C:\\Program Files\\Google\\Chrome\\Application\\chrome.exe,0x0,0x0,Successful logon for EMPRESA\crojas from 10.10.10.1 using logon type 2,0,none,Internal,LAN,,
2026-04-25 11:12:44,WIN-SRV-FILE01,Microsoft-Windows-Security-Auditing,Security,4624,An account was successfully logged on,CORP,dtorres,PC-RRHH-002,192.168.1.131,56035,3,C:\\Windows\\System32\\winlogon.exe,0x0,0x0,Successful logon for CORP\dtorres from 192.168.1.131 using logon type 3,0,none,Internal,LAN,,
2026-04-25 11:13:43,WIN-SRV-FILE01,Microsoft-Windows-Security-Auditing,Security,4634,An account was logged off,EMPRESA,lcastro,LAP-GER-003,172.16.20.117,52667,2,C:\\Windows\\System32\\svchost.exe,0x0,0x0,Logoff for EMPRESA\lcastro from workstation LAP-GER-003,0,none,Internal,LAN,,
2026-04-25 11:16:06,WIN-SRV-DC01,Microsoft-Windows-Security-Auditing,Security,4624,An account was successfully logged on,LOCAL,lcastro,LAP-GER-003,10.10.91.8,50049,7,C:\\Windows\\System32\\WindowsPowerShell\\v1.0\\powershell.exe,0x0,0x0,Successful logon for LOCAL\lcastro from 10.10.91.8 using logon type 7,0,none,Internal,LAN,,
2026-04-25 11:19:07,WIN-SRV-DC01,Microsoft-Windows-Security-Auditing,Security,4624,An account was successfully logged on,CORP,mgarcia,PC-FIN-001,192.168.1.179,51195,3,C:\\Windows\\System32\\svchost.exe,0x0,0x0,Successful logon for CORP\mgarcia from 192.168.1.179 using logon type 3,0,none,Internal,LAN,,
2026-04-25 11:19:22,WIN-SRV-FILE01,Microsoft-Windows-Security-Auditing,Security,4634,An account was logged off,LOCAL,jperez,PC-FIN-001,10.10.2.84,53406,3,C:\\Windows\\System32\\cmd.exe,0x0,0x0,Logoff for LOCAL\jperez from workstation PC-FIN-001,0,none,Internal,LAN,,
2026-04-25 11:21:52,WIN-SRV-APP01,Microsoft-Windows-Security-Auditing,Security,4624,An account was successfully logged on,EMPRESA,mgarcia,SRV-MON-001,172.16.20.114,49164,7,C:\\Windows\\System32\\cmd.exe,0x0,0x0,Successful logon for EMPRESA\mgarcia from 172.16.20.114 using logon type 7,0,none,Internal,LAN,,
2026-04-25 11:21:59,WIN-SRV-DC01,Microsoft-Windows-Security-Auditing,Security,4624,An account was successfully logged on,LOCAL,alopez,LAP-GER-003,10.10.191.131,62034,7,C:\\Windows\\System32\\winlogon.exe,0x0,0x0,Successful logon for LOCAL\alopez from 10.10.191.131 using logon type 7,0,none,Internal,LAN,,
2026-04-25 11:23:48,WIN-SRV-FILE01,Microsoft-Windows-Security-Auditing,Security,4688,A new process has been created,LOCAL,finanzas02,LAP-GER-003,192.168.1.183,65444,10,C:\\Program Files\\Microsoft Defender\\MsMpEng.exe,0x0,0x0,Process created by LOCAL\finanzas02: C:\\Program Files\\Microsoft Defender\\MsMpEng.exe,0,none,Internal,LAN,,
2026-04-25 11:26:37,WIN-SRV-APP01,Microsoft-Windows-Security-Auditing,Security,4688,A new process has been created,CORP,mgarcia,SRV-MON-001,192.168.1.40,54424,10,C:\\Windows\\System32\\cmd.exe,0x0,0x0,Process created by CORP\mgarcia: C:\\Windows\\System32\\cmd.exe,0,none,Internal,LAN,,
2026-04-25 11:27:14,WIN11-SEC-022,Microsoft-Windows-Security-Auditing,Security,4634,An account was logged off,CORP,helpdesk01,SRV-MON-001,192.168.1.196,49643,7,C:\\Windows\\System32\\WindowsPowerShell\\v1.0\\powershell.exe,0x0,0x0,Logoff for CORP\helpdesk01 from workstation SRV-MON-001,0,none,Internal,LAN,,
2026-04-25 11:28:57,WIN-SRV-FILE01,Microsoft-Windows-Security-Auditing,Security,4634,An account was logged off,EMPRESA,alopez,PC-RRHH-002,192.168.1.60,56635,2,C:\\Windows\\System32\\cmd.exe,0x0,0x0,Logoff for EMPRESA\alopez from workstation PC-RRHH-002,0,none,Internal,LAN,,
2026-04-25 11:29:01,WIN-SRV-DC01,Microsoft-Windows-Security-Auditing,Security,4624,An account was successfully logged on,EMPRESA,crojas,PC-RRHH-002,10.10.227.187,49836,2,C:\\Windows\\System32\\winlogon.exe,0x0,0x0,Successful logon for EMPRESA\crojas from 10.10.227.187 using logon type 2,0,none,Internal,LAN,,
2026-04-25 11:31:05,WIN-SRV-DC01,Microsoft-Windows-Security-Auditing,Security,4648,A logon was attempted using explicit credentials,EMPRESA,jperez,PC-FIN-001,172.16.20.138,59106,10,C:\\Windows\\System32\\svchost.exe,0x0,0x0,Explicit credentials used by EMPRESA\jperez from PC-FIN-001,0,none,Internal,LAN,,
2026-04-25 11:32:03,WIN-SRV-DC01,Microsoft-Windows-Security-Auditing,Security,4688,A new process has been created,CORP,crojas,SRV-MON-001,192.168.1.162,59349,10,C:\\Windows\\System32\\svchost.exe,0x0,0x0,Process created by CORP\crojas: C:\\Windows\\System32\\svchost.exe,0,none,Internal,LAN,,
2026-04-25 11:33:23,WIN11-SEC-022,Microsoft-Windows-Security-Auditing,Security,4624,An account was successfully logged on,CORP,analista01,PC-FIN-001,192.168.1.35,64066,7,C:\\Windows\\System32\\lsass.exe,0x0,0x0,Successful logon for CORP\analista01 from 192.168.1.35 using logon type 7,0,none,Internal,LAN,,
2026-04-25 11:33:54,WIN-SRV-APP01,Microsoft-Windows-Security-Auditing,Security,4688,A new process has been created,CORP,helpdesk01,SRV-MON-001,10.10.78.210,55633,7,C:\\Windows\\System32\\WindowsPowerShell\\v1.0\\powershell.exe,0x0,0x0,Process created by CORP\helpdesk01: C:\\Windows\\System32\\WindowsPowerShell\\v1.0\\powershell.exe,0,none,Internal,LAN,,
2026-04-25 11:34:21,WIN-SRV-APP01,Microsoft-Windows-Security-Auditing,Security,4624,An account was successfully logged on,LOCAL,alopez,PC-OPS-014,172.16.20.147,58763,2,C:\\Windows\\System32\\cmd.exe,0x0,0x0,Successful logon for LOCAL\alopez from 172.16.20.147 using logon type 2,0,none,Internal,LAN,,
2026-04-25 11:35:52,WIN10-FIN-014,Microsoft-Windows-Security-Auditing,Security,4688,A new process has been created,EMPRESA,jperez,SRV-MON-001,192.168.1.109,57042,2,C:\\Windows\\System32\\cmd.exe,0x0,0x0,Process created by EMPRESA\jperez: C:\\Windows\\System32\\cmd.exe,0,none,Internal,LAN,,
2026-04-25 11:36:10,WIN10-FIN-014,Microsoft-Windows-Security-Auditing,Security,4624,An account was successfully logged on,CORP,jperez,LAP-GER-003,172.16.20.198,52916,3,C:\\Windows\\System32\\cmd.exe,0x0,0x0,Successful logon for CORP\jperez from 172.16.20.198 using logon type 3,0,none,Internal,LAN,,
2026-04-25 11:40:21,WIN-SRV-FILE01,Microsoft-Windows-Security-Auditing,Security,4624,An account was successfully logged on,EMPRESA,lcastro,SRV-MON-001,172.16.20.147,54939,3,C:\\Program Files\\Microsoft Defender\\MsMpEng.exe,0x0,0x0,Successful logon for EMPRESA\lcastro from 172.16.20.147 using logon type 3,0,none,Internal,LAN,,
2026-04-25 11:42:29,WIN-SRV-FILE01,Microsoft-Windows-Security-Auditing,Security,4634,An account was logged off,CORP,admin.ops,PC-RRHH-002,172.16.20.212,60159,3,C:\\Windows\\System32\\svchost.exe,0x0,0x0,Logoff for CORP\admin.ops from workstation PC-RRHH-002,0,none,Internal,LAN,,
2026-04-25 11:43:35,WIN-SRV-APP01,Microsoft-Windows-Security-Auditing,Security,4688,A new process has been created,CORP,admin.ops,PC-FIN-001,192.168.1.130,60815,3,C:\\Windows\\System32\\winlogon.exe,0x0,0x0,Process created by CORP\admin.ops: C:\\Windows\\System32\\winlogon.exe,0,none,Internal,LAN,,
2026-04-25 11:47:24,WIN-SRV-DC01,Microsoft-Windows-Security-Auditing,Security,4648,A logon was attempted using explicit credentials,LOCAL,jperez,PC-OPS-014,172.16.20.80,59783,3,C:\\Windows\\System32\\svchost.exe,0x0,0x0,Explicit credentials used by LOCAL\jperez from PC-OPS-014,0,none,Internal,LAN,,
2026-04-25 11:47:51,WIN10-FIN-014,Microsoft-Windows-Security-Auditing,Security,4688,A new process has been created,LOCAL,dtorres,PC-FIN-001,172.16.20.193,54862,3,C:\\Windows\\System32\\cmd.exe,0x0,0x0,Process created by LOCAL\dtorres: C:\\Windows\\System32\\cmd.exe,0,none,Internal,LAN,,
2026-04-25 11:48:15,WIN10-FIN-014,Microsoft-Windows-Security-Auditing,Security,4624,An account was successfully logged on,CORP,helpdesk01,PC-RRHH-002,10.10.232.200,59161,3,C:\\Windows\\System32\\cmd.exe,0x0,0x0,Successful logon for CORP\helpdesk01 from 10.10.232.200 using logon type 3,0,none,Internal,LAN,,
2026-04-25 11:48:30,WIN11-SEC-022,Microsoft-Windows-Security-Auditing,Security,4688,A new process has been created,CORP,lcastro,LAP-GER-003,192.168.1.250,59678,7,C:\\Windows\\System32\\cmd.exe,0x0,0x0,Process created by CORP\lcastro: C:\\Windows\\System32\\cmd.exe,0,none,Internal,LAN,,
2026-04-25 11:51:45,WIN-SRV-DC01,Microsoft-Windows-Security-Auditing,Security,4624,An account was successfully logged on,EMPRESA,admin.ops,PC-FIN-001,172.16.20.26,60403,2,C:\\Windows\\System32\\WindowsPowerShell\\v1.0\\powershell.exe,0x0,0x0,Successful logon for EMPRESA\admin.ops from 172.16.20.26 using logon type 2,0,none,Internal,LAN,,
2026-04-25 11:52:00,WIN-SRV-DC01,Microsoft-Windows-Security-Auditing,Security,4624,An account was successfully logged on,LOCAL,admin.ops,SRV-MON-001,192.168.1.88,65109,7,C:\\Windows\\System32\\svchost.exe,0x0,0x0,Successful logon for LOCAL\admin.ops from 192.168.1.88 using logon type 7,0,none,Internal,LAN,,
2026-04-25 11:53:11,WIN10-FIN-014,Microsoft-Windows-Security-Auditing,Security,4624,An account was successfully logged on,CORP,lcastro,PC-OPS-014,192.168.1.38,65442,2,C:\\Program Files\\Google\\Chrome\\Application\\chrome.exe,0x0,0x0,Successful logon for CORP\lcastro from 192.168.1.38 using logon type 2,0,none,Internal,LAN,,
2026-04-25 11:54:15,WIN-SRV-APP01,Microsoft-Windows-Security-Auditing,Security,4624,An account was successfully logged on,CORP,finanzas02,LAP-GER-003,172.16.20.129,61150,2,C:\\Windows\\System32\\svchost.exe,0x0,0x0,Successful logon for CORP\finanzas02 from 172.16.20.129 using logon type 2,0,none,Internal,LAN,,
2026-04-25 11:54:59,WIN10-FIN-014,Microsoft-Windows-Security-Auditing,Security,4624,An account was successfully logged on,CORP,svc_monitor,PC-RRHH-002,10.10.218.207,53755,3,C:\\Windows\\System32\\svchost.exe,0x0,0x0,Successful logon for CORP\svc_monitor from 10.10.218.207 using logon type 3,0,none,Internal,LAN,,
2026-04-25 11:55:53,WIN-SRV-DC01,Microsoft-Windows-Security-Auditing,Security,4624,An account was successfully logged on,LOCAL,alopez,PC-RRHH-002,10.10.132.190,55393,3,C:\\Windows\\System32\\WindowsPowerShell\\v1.0\\powershell.exe,0x0,0x0,Successful logon for LOCAL\alopez from 10.10.132.190 using logon type 3,0,none,Internal,LAN,,
2026-04-25 11:58:38,WIN-SRV-APP01,Microsoft-Windows-Security-Auditing,Security,4688,A new process has been created,EMPRESA,analista01,PC-RRHH-002,192.168.1.178,58366,2,C:\\Windows\\System32\\lsass.exe,0x0,0x0,Process created by EMPRESA\analista01: C:\\Windows\\System32\\lsass.exe,0,none,Internal,LAN,,
