2026-04-26 00:13:37,WIN11-SEC-022,Microsoft-Windows-Security-Auditing,Security,4624,An account was successfully logged on,LOCAL,analista01,PC-OPS-014,172.16.20.160,63237,2,C:\\Windows\\System32\\cmd.exe,0x0,0x0,Successful logon for LOCAL\analista01 from 172.16.20.160 using logon type 2,0,none,Internal,LAN,,
2026-04-26 00:16:57,WIN-SRV-APP01,Microsoft-Windows-Security-Auditing,Security,4672,Special privileges assigned to new logon,CORP,alopez,PC-OPS-014,192.168.1.23,61209,7,C:\\Windows\\System32\\WindowsPowerShell\\v1.0\\powershell.exe,0x0,0x0,Special privileges assigned to CORP\alopez,0,none,Internal,LAN,,
2026-04-26 00:19:46,WIN10-FIN-014,Microsoft-Windows-Security-Auditing,Security,4672,Special privileges assigned to new logon,EMPRESA,mgarcia,PC-OPS-014,172.16.20.253,50205,10,C:\\Program Files\\Google\\Chrome\\Application\\chrome.exe,0x0,0x0,Special privileges assigned to EMPRESA\mgarcia,0,none,Internal,LAN,,
2026-04-26 00:19:56,WIN-SRV-APP01,Microsoft-Windows-Security-Auditing,Security,4648,A logon was attempted using explicit credentials,CORP,analista01,SRV-MON-001,192.168.1.66,64982,7,C:\\Windows\\System32\\lsass.exe,0x0,0x0,Explicit credentials used by CORP\analista01 from SRV-MON-001,0,none,Internal,LAN,,
2026-04-26 00:21:07,WIN-SRV-FILE01,Microsoft-Windows-Security-Auditing,Security,4624,An account was successfully logged on,CORP,helpdesk01,PC-FIN-001,10.10.171.210,51392,3,C:\\Windows\\System32\\WindowsPowerShell\\v1.0\\powershell.exe,0x0,0x0,Successful logon for CORP\helpdesk01 from 10.10.171.210 using logon type 3,0,none,Internal,LAN,,
2026-04-26 00:21:53,WIN-SRV-FILE01,Microsoft-Windows-Security-Auditing,Security,4624,An account was successfully logged on,LOCAL,admin.ops,SRV-MON-001,192.168.1.13,54814,10,C:\\Windows\\System32\\winlogon.exe,0x0,0x0,Successful logon for LOCAL\admin.ops from 192.168.1.13 using logon type 10,0,none,Internal,LAN,,
2026-04-26 00:22:28,WIN-SRV-FILE01,Microsoft-Windows-Security-Auditing,Security,4624,An account was successfully logged on,LOCAL,lcastro,PC-RRHH-002,192.168.1.141,53551,2,C:\\Windows\\System32\\winlogon.exe,0x0,0x0,Successful logon for LOCAL\lcastro from 192.168.1.141 using logon type 2,0,none,Internal,LAN,,
2026-04-26 00:24:57,WIN-SRV-FILE01,Microsoft-Windows-Security-Auditing,Security,4624,An account was successfully logged on,LOCAL,helpdesk01,PC-FIN-001,192.168.1.5,54729,7,C:\\Windows\\System32\\WindowsPowerShell\\v1.0\\powershell.exe,0x0,0x0,Successful logon for LOCAL\helpdesk01 from 192.168.1.5 using logon type 7,0,none,Internal,LAN,,
2026-04-26 00:25:13,WIN-SRV-FILE01,Microsoft-Windows-Security-Auditing,Security,4624,An account was successfully logged on,CORP,crojas,PC-FIN-001,10.10.28.202,64256,3,C:\\Program Files\\Microsoft Defender\\MsMpEng.exe,0x0,0x0,Successful logon for CORP\crojas from 10.10.28.202 using logon type 3,0,none,Internal,LAN,,
2026-04-26 00:26:06,WIN-SRV-FILE01,Microsoft-Windows-Security-Auditing,Security,4688,A new process has been created,CORP,alopez,PC-RRHH-002,172.16.20.233,49975,2,C:\\Windows\\System32\\lsass.exe,0x0,0x0,Process created by CORP\alopez: C:\\Windows\\System32\\lsass.exe,0,none,Internal,LAN,,
2026-04-26 00:26:19,WIN10-FIN-014,Microsoft-Windows-Security-Auditing,Security,4672,Special privileges assigned to new logon,LOCAL,lcastro,LAP-GER-003,192.168.1.14,49228,2,C:\\Windows\\System32\\lsass.exe,0x0,0x0,Special privileges assigned to LOCAL\lcastro,0,none,Internal,LAN,,
2026-04-26 00:27:22,WIN-SRV-APP01,Microsoft-Windows-Security-Auditing,Security,4688,A new process has been created,LOCAL,finanzas02,PC-RRHH-002,192.168.1.241,51318,2,C:\\Windows\\System32\\winlogon.exe,0x0,0x0,Process created by LOCAL\finanzas02: C:\\Windows\\System32\\winlogon.exe,0,none,Internal,LAN,,
2026-04-26 00:27:30,WIN11-SEC-022,Microsoft-Windows-Security-Auditing,Security,4624,An account was successfully logged on,LOCAL,alopez,SRV-MON-001,172.16.20.85,62138,2,C:\\Windows\\System32\\svchost.exe,0x0,0x0,Successful logon for LOCAL\alopez from 172.16.20.85 using logon type 2,0,none,Internal,LAN,,
2026-04-26 00:29:14,WIN10-FIN-014,Microsoft-Windows-Security-Auditing,Security,4624,An account was successfully logged on,CORP,crojas,LAP-GER-003,172.16.20.43,62449,10,C:\\Windows\\System32\\winlogon.exe,0x0,0x0,Successful logon for CORP\crojas from 172.16.20.43 using logon type 10,0,none,Internal,LAN,,
2026-04-26 00:29:19,WIN-SRV-DC01,Microsoft-Windows-Security-Auditing,Security,4624,An account was successfully logged on,EMPRESA,alopez,PC-FIN-001,192.168.1.190,55953,2,C:\\Windows\\System32\\lsass.exe,0x0,0x0,Successful logon for EMPRESA\alopez from 192.168.1.190 using logon type 2,0,none,Internal,LAN,,
2026-04-26 00:29:48,WIN-SRV-APP01,Microsoft-Windows-Security-Auditing,Security,4648,A logon was attempted using explicit credentials,CORP,jperez,LAP-GER-003,172.16.20.40,55189,3,C:\\Windows\\System32\\winlogon.exe,0x0,0x0,Explicit credentials used by CORP\jperez from LAP-GER-003,0,none,Internal,LAN,,
2026-04-26 00:30:10,WIN-SRV-DC01,Microsoft-Windows-Security-Auditing,Security,4672,Special privileges assigned to new logon,CORP,svc_backup,PC-FIN-001,10.10.91.235,54782,7,C:\\Program Files\\Google\\Chrome\\Application\\chrome.exe,0x0,0x0,Special privileges assigned to CORP\svc_backup,0,none,Internal,LAN,,
2026-04-26 00:34:19,WIN10-FIN-014,Microsoft-Windows-Security-Auditing,Security,4634,An account was logged off,CORP,finanzas02,PC-OPS-014,192.168.1.125,50471,2,C:\\Program Files\\Google\\Chrome\\Application\\chrome.exe,0x0,0x0,Logoff for CORP\finanzas02 from workstation PC-OPS-014,0,none,Internal,LAN,,
2026-04-26 00:34:20,WIN11-SEC-022,Microsoft-Windows-Security-Auditing,Security,4634,An account was logged off,CORP,dtorres,PC-OPS-014,172.16.20.196,54443,7,C:\\Windows\\System32\\lsass.exe,0x0,0x0,Logoff for CORP\dtorres from workstation PC-OPS-014,0,none,Internal,LAN,,
2026-04-26 00:34:46,WIN11-SEC-022,Microsoft-Windows-Security-Auditing,Security,4688,A new process has been created,LOCAL,lcastro,PC-FIN-001,10.10.205.97,62322,10,C:\\Program Files\\Microsoft Defender\\MsMpEng.exe,0x0,0x0,Process created by LOCAL\lcastro: C:\\Program Files\\Microsoft Defender\\MsMpEng.exe,0,none,Internal,LAN,,
2026-04-26 00:35:58,WIN-SRV-APP01,Microsoft-Windows-Security-Auditing,Security,4624,An account was successfully logged on,CORP,admin.ops,PC-RRHH-002,10.10.61.39,63389,7,C:\\Windows\\System32\\winlogon.exe,0x0,0x0,Successful logon for CORP\admin.ops from 10.10.61.39 using logon type 7,0,none,Internal,LAN,,
2026-04-26 00:37:09,WIN-SRV-DC01,Microsoft-Windows-Security-Auditing,Security,4634,An account was logged off,CORP,analista01,PC-OPS-014,10.10.3.95,65174,2,C:\\Windows\\System32\\svchost.exe,0x0,0x0,Logoff for CORP\analista01 from workstation PC-OPS-014,0,none,Internal,LAN,,
2026-04-26 00:37:38,WIN11-SEC-022,Microsoft-Windows-Security-Auditing,Security,4624,An account was successfully logged on,LOCAL,analista01,LAP-GER-003,10.10.205.105,54704,3,C:\\Program Files\\Google\\Chrome\\Application\\chrome.exe,0x0,0x0,Successful logon for LOCAL\analista01 from 10.10.205.105 using logon type 3,0,none,Internal,LAN,,
2026-04-26 00:38:13,WIN10-FIN-014,Microsoft-Windows-Security-Auditing,Security,4624,An account was successfully logged on,EMPRESA,admin.ops,SRV-MON-001,10.10.121.110,56883,3,C:\\Windows\\System32\\winlogon.exe,0x0,0x0,Successful logon for EMPRESA\admin.ops from 10.10.121.110 using logon type 3,0,none,Internal,LAN,,
2026-04-26 00:39:01,WIN11-SEC-022,Microsoft-Windows-Security-Auditing,Security,4624,An account was successfully logged on,CORP,crojas,PC-OPS-014,192.168.1.214,51856,7,C:\\Program Files\\Microsoft Defender\\MsMpEng.exe,0x0,0x0,Successful logon for CORP\crojas from 192.168.1.214 using logon type 7,0,none,Internal,LAN,,
2026-04-26 00:39:54,WIN-SRV-FILE01,Microsoft-Windows-Security-Auditing,Security,4634,An account was logged off,EMPRESA,finanzas02,LAP-GER-003,10.10.219.222,58651,7,C:\\Program Files\\Microsoft Defender\\MsMpEng.exe,0x0,0x0,Logoff for EMPRESA\finanzas02 from workstation LAP-GER-003,0,none,Internal,LAN,,
2026-04-26 00:41:18,WIN-SRV-FILE01,Microsoft-Windows-Security-Auditing,Security,4688,A new process has been created,LOCAL,analista01,PC-RRHH-002,10.10.44.141,61519,2,C:\\Program Files\\Google\\Chrome\\Application\\chrome.exe,0x0,0x0,Process created by LOCAL\analista01: C:\\Program Files\\Google\\Chrome\\Application\\chrome.exe,0,none,Internal,LAN,,
2026-04-26 00:42:22,WIN-SRV-FILE01,Microsoft-Windows-Security-Auditing,Security,4648,A logon was attempted using explicit credentials,LOCAL,alopez,PC-FIN-001,192.168.1.178,64021,3,C:\\Program Files\\Google\\Chrome\\Application\\chrome.exe,0x0,0x0,Explicit credentials used by LOCAL\alopez from PC-FIN-001,0,none,Internal,LAN,,
2026-04-26 00:42:30,WIN-SRV-DC01,Microsoft-Windows-Security-Auditing,Security,4624,An account was successfully logged on,LOCAL,lcastro,PC-FIN-001,10.10.95.101,64832,3,C:\\Windows\\System32\\cmd.exe,0x0,0x0,Successful logon for LOCAL\lcastro from 10.10.95.101 using logon type 3,0,none,Internal,LAN,,
2026-04-26 00:44:23,WIN-SRV-DC01,Microsoft-Windows-Security-Auditing,Security,4634,An account was logged off,CORP,analista01,LAP-GER-003,10.10.94.144,59597,7,C:\\Windows\\System32\\winlogon.exe,0x0,0x0,Logoff for CORP\analista01 from workstation LAP-GER-003,0,none,Internal,LAN,,
2026-04-26 00:44:46,WIN11-SEC-022,Microsoft-Windows-Security-Auditing,Security,4688,A new process has been created,CORP,lcastro,SRV-MON-001,192.168.1.147,50102,3,C:\\Windows\\System32\\WindowsPowerShell\\v1.0\\powershell.exe,0x0,0x0,Process created by CORP\lcastro: C:\\Windows\\System32\\WindowsPowerShell\\v1.0\\powershell.exe,0,none,Internal,LAN,,
2026-04-26 00:44:57,WIN-SRV-FILE01,Microsoft-Windows-Security-Auditing,Security,4634,An account was logged off,CORP,admin.ops,PC-FIN-001,192.168.1.93,57499,10,C:\\Windows\\System32\\winlogon.exe,0x0,0x0,Logoff for CORP\admin.ops from workstation PC-FIN-001,0,none,Internal,LAN,,
2026-04-26 00:45:18,WIN10-FIN-014,Microsoft-Windows-Security-Auditing,Security,4688,A new process has been created,CORP,svc_backup,SRV-MON-001,172.16.20.147,60951,3,C:\\Program Files\\Google\\Chrome\\Application\\chrome.exe,0x0,0x0,Process created by CORP\svc_backup: C:\\Program Files\\Google\\Chrome\\Application\\chrome.exe,0,none,Internal,LAN,,
2026-04-26 00:45:56,WIN-SRV-DC01,Microsoft-Windows-Security-Auditing,Security,4634,An account was logged off,LOCAL,helpdesk01,SRV-MON-001,172.16.20.237,62627,3,C:\\Windows\\System32\\cmd.exe,0x0,0x0,Logoff for LOCAL\helpdesk01 from workstation SRV-MON-001,0,none,Internal,LAN,,
2026-04-26 00:46:02,WIN10-FIN-014,Microsoft-Windows-Security-Auditing,Security,4624,An account was successfully logged on,EMPRESA,alopez,PC-OPS-014,10.10.113.101,60737,7,C:\\Program Files\\Microsoft Defender\\MsMpEng.exe,0x0,0x0,Successful logon for EMPRESA\alopez from 10.10.113.101 using logon type 7,0,none,Internal,LAN,,
2026-04-26 00:46:30,WIN-SRV-FILE01,Microsoft-Windows-Security-Auditing,Security,4688,A new process has been created,EMPRESA,finanzas02,LAP-GER-003,192.168.1.162,63748,2,C:\\Windows\\System32\\cmd.exe,0x0,0x0,Process created by EMPRESA\finanzas02: C:\\Windows\\System32\\cmd.exe,0,none,Internal,LAN,,
2026-04-26 00:46:44,WIN-SRV-FILE01,Microsoft-Windows-Security-Auditing,Security,4672,Special privileges assigned to new logon,CORP,helpdesk01,PC-OPS-014,192.168.1.119,49721,3,C:\\Windows\\System32\\cmd.exe,0x0,0x0,Special privileges assigned to CORP\helpdesk01,0,none,Internal,LAN,,
2026-04-26 00:46:44,WIN11-SEC-022,Microsoft-Windows-Security-Auditing,Security,4624,An account was successfully logged on,CORP,mgarcia,SRV-MON-001,192.168.1.174,57887,2,C:\\Windows\\System32\\lsass.exe,0x0,0x0,Successful logon for CORP\mgarcia from 192.168.1.174 using logon type 2,0,none,Internal,LAN,,
2026-04-26 00:47:15,WIN-SRV-DC01,Microsoft-Windows-Security-Auditing,Security,4634,An account was logged off,CORP,lcastro,PC-RRHH-002,172.16.20.12,53010,3,C:\\Windows\\System32\\svchost.exe,0x0,0x0,Logoff for CORP\lcastro from workstation PC-RRHH-002,0,none,Internal,LAN,,
2026-04-26 00:47:51,WIN-SRV-FILE01,Microsoft-Windows-Security-Auditing,Security,4624,An account was successfully logged on,EMPRESA,jperez,PC-OPS-014,172.16.20.195,52340,3,C:\\Windows\\System32\\svchost.exe,0x0,0x0,Successful logon for EMPRESA\jperez from 172.16.20.195 using logon type 3,0,none,Internal,LAN,,
2026-04-26 00:48:32,WIN-SRV-APP01,Microsoft-Windows-Security-Auditing,Security,4634,An account was logged off,LOCAL,crojas,LAP-GER-003,192.168.1.239,57085,2,C:\\Windows\\System32\\cmd.exe,0x0,0x0,Logoff for LOCAL\crojas from workstation LAP-GER-003,0,none,Internal,LAN,,
2026-04-26 00:49:10,WIN-SRV-FILE01,Microsoft-Windows-Security-Auditing,Security,4624,An account was successfully logged on,CORP,finanzas02,SRV-MON-001,10.10.247.106,62623,7,C:\\Windows\\System32\\cmd.exe,0x0,0x0,Successful logon for CORP\finanzas02 from 10.10.247.106 using logon type 7,0,none,Internal,LAN,,
2026-04-26 00:49:33,WIN-SRV-APP01,Microsoft-Windows-Security-Auditing,Security,4624,An account was successfully logged on,CORP,jperez,LAP-GER-003,172.16.20.70,57128,2,C:\\Windows\\System32\\lsass.exe,0x0,0x0,Successful logon for CORP\jperez from 172.16.20.70 using logon type 2,0,none,Internal,LAN,,
2026-04-26 00:53:34,WIN-SRV-APP01,Microsoft-Windows-Security-Auditing,Security,4624,An account was successfully logged on,LOCAL,helpdesk01,PC-RRHH-002,172.16.20.206,54524,2,C:\\Windows\\System32\\svchost.exe,0x0,0x0,Successful logon for LOCAL\helpdesk01 from 172.16.20.206 using logon type 2,0,none,Internal,LAN,,
2026-04-26 00:53:48,WIN-SRV-APP01,Microsoft-Windows-Security-Auditing,Security,4688,A new process has been created,EMPRESA,crojas,PC-RRHH-002,192.168.1.56,50715,3,C:\\Windows\\System32\\winlogon.exe,0x0,0x0,Process created by EMPRESA\crojas: C:\\Windows\\System32\\winlogon.exe,0,none,Internal,LAN,,
2026-04-26 00:54:18,WIN-SRV-DC01,Microsoft-Windows-Security-Auditing,Security,4624,An account was successfully logged on,EMPRESA,lcastro,PC-OPS-014,172.16.20.216,55727,3,C:\\Windows\\System32\\WindowsPowerShell\\v1.0\\powershell.exe,0x0,0x0,Successful logon for EMPRESA\lcastro from 172.16.20.216 using logon type 3,0,none,Internal,LAN,,
2026-04-26 00:56:18,WIN-SRV-DC01,Microsoft-Windows-Security-Auditing,Security,4624,An account was successfully logged on,LOCAL,helpdesk01,PC-FIN-001,172.16.20.46,53629,7,C:\\Windows\\System32\\svchost.exe,0x0,0x0,Successful logon for LOCAL\helpdesk01 from 172.16.20.46 using logon type 7,0,none,Internal,LAN,,
2026-04-26 00:56:44,WIN-SRV-APP01,Microsoft-Windows-Security-Auditing,Security,4634,An account was logged off,EMPRESA,alopez,SRV-MON-001,172.16.20.88,57178,3,C:\\Windows\\System32\\WindowsPowerShell\\v1.0\\powershell.exe,0x0,0x0,Logoff for EMPRESA\alopez from workstation SRV-MON-001,0,none,Internal,LAN,,
2026-04-26 00:59:03,WIN11-SEC-022,Microsoft-Windows-Security-Auditing,Security,4624,An account was successfully logged on,CORP,mgarcia,PC-RRHH-002,172.16.20.49,61557,2,C:\\Windows\\System32\\winlogon.exe,0x0,0x0,Successful logon for CORP\mgarcia from 172.16.20.49 using logon type 2,0,none,Internal,LAN,,
2026-04-26 01:02:27,WIN-SRV-APP01,Microsoft-Windows-Security-Auditing,Security,4634,An account was logged off,LOCAL,admin.ops,LAP-GER-003,192.168.1.223,61840,7,C:\\Program Files\\Microsoft Defender\\MsMpEng.exe,0x0,0x0,Logoff for LOCAL\admin.ops from workstation LAP-GER-003,0,none,Internal,LAN,,
2026-04-26 01:02:36,WIN10-FIN-014,Microsoft-Windows-Security-Auditing,Security,4634,An account was logged off,LOCAL,jperez,LAP-GER-003,10.10.105.203,60253,7,C:\\Windows\\System32\\winlogon.exe,0x0,0x0,Logoff for LOCAL\jperez from workstation LAP-GER-003,0,none,Internal,LAN,,
2026-04-26 01:05:32,WIN-SRV-FILE01,Microsoft-Windows-Security-Auditing,Security,4688,A new process has been created,CORP,svc_backup,PC-OPS-014,10.10.163.27,62692,3,C:\\Windows\\System32\\cmd.exe,0x0,0x0,Process created by CORP\svc_backup: C:\\Windows\\System32\\cmd.exe,0,none,Internal,LAN,,
2026-04-26 01:05:49,WIN-SRV-FILE01,Microsoft-Windows-Security-Auditing,Security,4634,An account was logged off,LOCAL,helpdesk01,PC-FIN-001,172.16.20.187,58539,10,C:\\Windows\\System32\\cmd.exe,0x0,0x0,Logoff for LOCAL\helpdesk01 from workstation PC-FIN-001,0,none,Internal,LAN,,
2026-04-26 01:06:13,WIN-SRV-APP01,Microsoft-Windows-Security-Auditing,Security,4648,A logon was attempted using explicit credentials,EMPRESA,helpdesk01,LAP-GER-003,192.168.1.107,60616,3,C:\\Windows\\System32\\winlogon.exe,0x0,0x0,Explicit credentials used by EMPRESA\helpdesk01 from LAP-GER-003,0,none,Internal,LAN,,
2026-04-26 01:09:04,WIN-SRV-APP01,Microsoft-Windows-Security-Auditing,Security,4624,An account was successfully logged on,CORP,lcastro,SRV-MON-001,192.168.1.193,58927,7,C:\\Program Files\\Google\\Chrome\\Application\\chrome.exe,0x0,0x0,Successful logon for CORP\lcastro from 192.168.1.193 using logon type 7,0,none,Internal,LAN,,
2026-04-26 01:10:18,WIN10-FIN-014,Microsoft-Windows-Security-Auditing,Security,4672,Special privileges assigned to new logon,EMPRESA,mgarcia,PC-RRHH-002,10.10.66.23,54179,2,C:\\Windows\\System32\\lsass.exe,0x0,0x0,Special privileges assigned to EMPRESA\mgarcia,0,none,Internal,LAN,,
2026-04-26 01:12:13,WIN-SRV-FILE01,Microsoft-Windows-Security-Auditing,Security,4624,An account was successfully logged on,CORP,admin.ops,PC-FIN-001,10.10.129.138,49866,2,C:\\Windows\\System32\\WindowsPowerShell\\v1.0\\powershell.exe,0x0,0x0,Successful logon for CORP\admin.ops from 10.10.129.138 using logon type 2,0,none,Internal,LAN,,
2026-04-26 01:12:21,WIN-SRV-APP01,Microsoft-Windows-Security-Auditing,Security,4634,An account was logged off,EMPRESA,dtorres,PC-RRHH-002,172.16.20.181,62082,3,C:\\Program Files\\Microsoft Defender\\MsMpEng.exe,0x0,0x0,Logoff for EMPRESA\dtorres from workstation PC-RRHH-002,0,none,Internal,LAN,,
2026-04-26 01:17:33,WIN-SRV-FILE01,Microsoft-Windows-Security-Auditing,Security,4688,A new process has been created,EMPRESA,svc_backup,PC-RRHH-002,172.16.20.48,54645,7,C:\\Program Files\\Microsoft Defender\\MsMpEng.exe,0x0,0x0,Process created by EMPRESA\svc_backup: C:\\Program Files\\Microsoft Defender\\MsMpEng.exe,0,none,Internal,LAN,,
2026-04-26 01:17:35,WIN10-FIN-014,Microsoft-Windows-Security-Auditing,Security,4634,An account was logged off,EMPRESA,dtorres,PC-RRHH-002,192.168.1.72,64964,2,C:\\Program Files\\Google\\Chrome\\Application\\chrome.exe,0x0,0x0,Logoff for EMPRESA\dtorres from workstation PC-RRHH-002,0,none,Internal,LAN,,
2026-04-26 01:20:52,WIN10-FIN-014,Microsoft-Windows-Security-Auditing,Security,4624,An account was successfully logged on,LOCAL,dtorres,PC-RRHH-002,192.168.1.128,53309,7,C:\\Windows\\System32\\lsass.exe,0x0,0x0,Successful logon for LOCAL\dtorres from 192.168.1.128 using logon type 7,0,none,Internal,LAN,,
2026-04-26 01:22:08,WIN10-FIN-014,Microsoft-Windows-Security-Auditing,Security,4624,An account was successfully logged on,CORP,jperez,LAP-GER-003,192.168.1.143,57537,3,C:\\Windows\\System32\\WindowsPowerShell\\v1.0\\powershell.exe,0x0,0x0,Successful logon for CORP\jperez from 192.168.1.143 using logon type 3,0,none,Internal,LAN,,
2026-04-26 01:22:36,WIN-SRV-FILE01,Microsoft-Windows-Security-Auditing,Security,4624,An account was successfully logged on,EMPRESA,finanzas02,PC-FIN-001,172.16.20.213,62162,10,C:\\Windows\\System32\\winlogon.exe,0x0,0x0,Successful logon for EMPRESA\finanzas02 from 172.16.20.213 using logon type 10,0,none,Internal,LAN,,
2026-04-26 01:23:11,WIN-SRV-DC01,Microsoft-Windows-Security-Auditing,Security,4624,An account was successfully logged on,EMPRESA,jperez,SRV-MON-001,172.16.20.72,60514,2,C:\\Windows\\System32\\winlogon.exe,0x0,0x0,Successful logon for EMPRESA\jperez from 172.16.20.72 using logon type 2,0,none,Internal,LAN,,
2026-04-26 01:23:21,WIN10-FIN-014,Microsoft-Windows-Security-Auditing,Security,4634,An account was logged off,EMPRESA,admin.ops,LAP-GER-003,172.16.20.213,56647,2,C:\\Program Files\\Microsoft Defender\\MsMpEng.exe,0x0,0x0,Logoff for EMPRESA\admin.ops from workstation LAP-GER-003,0,none,Internal,LAN,,
2026-04-26 01:25:01,WIN10-FIN-014,Microsoft-Windows-Security-Auditing,Security,4648,A logon was attempted using explicit credentials,LOCAL,finanzas02,SRV-MON-001,172.16.20.83,51350,10,C:\\Windows\\System32\\svchost.exe,0x0,0x0,Explicit credentials used by LOCAL\finanzas02 from SRV-MON-001,0,none,Internal,LAN,,
2026-04-26 01:27:27,WIN10-FIN-014,Microsoft-Windows-Security-Auditing,Security,4634,An account was logged off,EMPRESA,mgarcia,SRV-MON-001,192.168.1.18,64906,3,C:\\Windows\\System32\\lsass.exe,0x0,0x0,Logoff for EMPRESA\mgarcia from workstation SRV-MON-001,0,none,Internal,LAN,,
2026-04-26 01:29:12,WIN-SRV-DC01,Microsoft-Windows-Security-Auditing,Security,4624,An account was successfully logged on,EMPRESA,admin.ops,PC-RRHH-002,10.10.9.31,58064,2,C:\\Windows\\System32\\WindowsPowerShell\\v1.0\\powershell.exe,0x0,0x0,Successful logon for EMPRESA\admin.ops from 10.10.9.31 using logon type 2,0,none,Internal,LAN,,
2026-04-26 01:29:23,WIN11-SEC-022,Microsoft-Windows-Security-Auditing,Security,4634,An account was logged off,LOCAL,dtorres,PC-OPS-014,172.16.20.87,55618,3,C:\\Windows\\System32\\winlogon.exe,0x0,0x0,Logoff for LOCAL\dtorres from workstation PC-OPS-014,0,none,Internal,LAN,,
2026-04-26 01:29:34,WIN11-SEC-022,Microsoft-Windows-Security-Auditing,Security,4634,An account was logged off,LOCAL,dtorres,PC-FIN-001,172.16.20.59,54867,3,C:\\Windows\\System32\\lsass.exe,0x0,0x0,Logoff for LOCAL\dtorres from workstation PC-FIN-001,0,none,Internal,LAN,,
2026-04-26 01:30:01,WIN-SRV-FILE01,Microsoft-Windows-Security-Auditing,Security,4634,An account was logged off,CORP,svc_monitor,PC-FIN-001,10.10.91.178,56840,7,C:\\Program Files\\Google\\Chrome\\Application\\chrome.exe,0x0,0x0,Logoff for CORP\svc_monitor from workstation PC-FIN-001,0,none,Internal,LAN,,
2026-04-26 01:33:57,WIN-SRV-APP01,Microsoft-Windows-Security-Auditing,Security,4624,An account was successfully logged on,CORP,finanzas02,LAP-GER-003,192.168.1.249,59807,2,C:\\Windows\\System32\\lsass.exe,0x0,0x0,Successful logon for CORP\finanzas02 from 192.168.1.249 using logon type 2,0,none,Internal,LAN,,
2026-04-26 01:35:39,WIN-SRV-FILE01,Microsoft-Windows-Security-Auditing,Security,4624,An account was successfully logged on,EMPRESA,mgarcia,SRV-MON-001,172.16.20.207,63535,3,C:\\Windows\\System32\\svchost.exe,0x0,0x0,Successful logon for EMPRESA\mgarcia from 172.16.20.207 using logon type 3,0,none,Internal,LAN,,
2026-04-26 01:36:10,WIN-SRV-APP01,Microsoft-Windows-Security-Auditing,Security,4624,An account was successfully logged on,LOCAL,alopez,PC-FIN-001,172.16.20.137,61343,3,C:\\Windows\\System32\\lsass.exe,0x0,0x0,Successful logon for LOCAL\alopez from 172.16.20.137 using logon type 3,0,none,Internal,LAN,,
2026-04-26 01:36:21,WIN11-SEC-022,Microsoft-Windows-Security-Auditing,Security,4624,An account was successfully logged on,EMPRESA,svc_backup,PC-RRHH-002,172.16.20.158,59833,7,C:\\Windows\\System32\\WindowsPowerShell\\v1.0\\powershell.exe,0x0,0x0,Successful logon for EMPRESA\svc_backup from 172.16.20.158 using logon type 7,0,none,Internal,LAN,,
2026-04-26 01:40:26,WIN-SRV-FILE01,Microsoft-Windows-Security-Auditing,Security,4624,An account was successfully logged on,LOCAL,mgarcia,PC-RRHH-002,172.16.20.45,56145,2,C:\\Windows\\System32\\winlogon.exe,0x0,0x0,Successful logon for LOCAL\mgarcia from 172.16.20.45 using logon type 2,0,none,Internal,LAN,,
2026-04-26 01:40:41,WIN10-FIN-014,Microsoft-Windows-Security-Auditing,Security,4624,An account was successfully logged on,LOCAL,analista01,SRV-MON-001,192.168.1.95,65532,7,C:\\Windows\\System32\\svchost.exe,0x0,0x0,Successful logon for LOCAL\analista01 from 192.168.1.95 using logon type 7,0,none,Internal,LAN,,
2026-04-26 01:41:06,WIN10-FIN-014,Microsoft-Windows-Security-Auditing,Security,4648,A logon was attempted using explicit credentials,LOCAL,jperez,PC-FIN-001,172.16.20.236,62061,2,C:\\Windows\\System32\\lsass.exe,0x0,0x0,Explicit credentials used by LOCAL\jperez from PC-FIN-001,0,none,Internal,LAN,,
2026-04-26 01:41:44,WIN-SRV-APP01,Microsoft-Windows-Security-Auditing,Security,4688,A new process has been created,CORP,helpdesk01,SRV-MON-001,192.168.1.108,55974,10,C:\\Windows\\System32\\cmd.exe,0x0,0x0,Process created by CORP\helpdesk01: C:\\Windows\\System32\\cmd.exe,0,none,Internal,LAN,,
2026-04-26 01:41:45,WIN-SRV-FILE01,Microsoft-Windows-Security-Auditing,Security,4634,An account was logged off,EMPRESA,svc_backup,PC-RRHH-002,172.16.20.76,52325,7,C:\\Windows\\System32\\lsass.exe,0x0,0x0,Logoff for EMPRESA\svc_backup from workstation PC-RRHH-002,0,none,Internal,LAN,,
2026-04-26 01:41:51,WIN-SRV-APP01,Microsoft-Windows-Security-Auditing,Security,4634,An account was logged off,EMPRESA,analista01,LAP-GER-003,192.168.1.162,60519,7,C:\\Windows\\System32\\lsass.exe,0x0,0x0,Logoff for EMPRESA\analista01 from workstation LAP-GER-003,0,none,Internal,LAN,,
2026-04-26 01:42:41,WIN11-SEC-022,Microsoft-Windows-Security-Auditing,Security,4624,An account was successfully logged on,CORP,crojas,LAP-GER-003,10.10.214.130,53953,10,C:\\Windows\\System32\\svchost.exe,0x0,0x0,Successful logon for CORP\crojas from 10.10.214.130 using logon type 10,0,none,Internal,LAN,,
2026-04-26 01:43:25,WIN-SRV-APP01,Microsoft-Windows-Security-Auditing,Security,4624,An account was successfully logged on,EMPRESA,svc_backup,SRV-MON-001,10.10.56.56,62989,7,C:\\Windows\\System32\\winlogon.exe,0x0,0x0,Successful logon for EMPRESA\svc_backup from 10.10.56.56 using logon type 7,0,none,Internal,LAN,,
2026-04-26 01:46:35,WIN11-SEC-022,Microsoft-Windows-Security-Auditing,Security,4688,A new process has been created,CORP,svc_monitor,PC-RRHH-002,172.16.20.86,61585,10,C:\\Program Files\\Google\\Chrome\\Application\\chrome.exe,0x0,0x0,Process created by CORP\svc_monitor: C:\\Program Files\\Google\\Chrome\\Application\\chrome.exe,0,none,Internal,LAN,,
2026-04-26 01:46:42,WIN-SRV-FILE01,Microsoft-Windows-Security-Auditing,Security,4624,An account was successfully logged on,CORP,jperez,SRV-MON-001,192.168.1.144,59521,2,C:\\Windows\\System32\\lsass.exe,0x0,0x0,Successful logon for CORP\jperez from 192.168.1.144 using logon type 2,0,none,Internal,LAN,,
2026-04-26 01:47:18,WIN11-SEC-022,Microsoft-Windows-Security-Auditing,Security,4624,An account was successfully logged on,CORP,admin.ops,PC-OPS-014,172.16.20.202,59891,10,C:\\Windows\\System32\\cmd.exe,0x0,0x0,Successful logon for CORP\admin.ops from 172.16.20.202 using logon type 10,0,none,Internal,LAN,,
2026-04-26 01:47:21,WIN-SRV-APP01,Microsoft-Windows-Security-Auditing,Security,4624,An account was successfully logged on,LOCAL,helpdesk01,PC-OPS-014,10.10.23.32,51138,7,C:\\Windows\\System32\\winlogon.exe,0x0,0x0,Successful logon for LOCAL\helpdesk01 from 10.10.23.32 using logon type 7,0,none,Internal,LAN,,
2026-04-26 01:47:39,WIN-SRV-DC01,Microsoft-Windows-Security-Auditing,Security,4688,A new process has been created,CORP,finanzas02,PC-FIN-001,10.10.19.255,50544,7,C:\\Program Files\\Microsoft Defender\\MsMpEng.exe,0x0,0x0,Process created by CORP\finanzas02: C:\\Program Files\\Microsoft Defender\\MsMpEng.exe,0,none,Internal,LAN,,
2026-04-26 01:47:53,WIN11-SEC-022,Microsoft-Windows-Security-Auditing,Security,4688,A new process has been created,LOCAL,helpdesk01,PC-RRHH-002,192.168.1.49,54567,2,C:\\Windows\\System32\\winlogon.exe,0x0,0x0,Process created by LOCAL\helpdesk01: C:\\Windows\\System32\\winlogon.exe,0,none,Internal,LAN,,
2026-04-26 01:52:27,WIN-SRV-DC01,Microsoft-Windows-Security-Auditing,Security,4688,A new process has been created,CORP,analista01,PC-OPS-014,172.16.20.176,53792,10,C:\\Windows\\System32\\winlogon.exe,0x0,0x0,Process created by CORP\analista01: C:\\Windows\\System32\\winlogon.exe,0,none,Internal,LAN,,
2026-04-26 01:52:52,WIN11-SEC-022,Microsoft-Windows-Security-Auditing,Security,4624,An account was successfully logged on,EMPRESA,dtorres,PC-RRHH-002,172.16.20.79,56914,10,C:\\Program Files\\Google\\Chrome\\Application\\chrome.exe,0x0,0x0,Successful logon for EMPRESA\dtorres from 172.16.20.79 using logon type 10,0,none,Internal,LAN,,
2026-04-26 01:53:39,WIN-SRV-FILE01,Microsoft-Windows-Security-Auditing,Security,4624,An account was successfully logged on,EMPRESA,analista01,PC-FIN-001,10.10.157.41,51264,10,C:\\Windows\\System32\\lsass.exe,0x0,0x0,Successful logon for EMPRESA\analista01 from 10.10.157.41 using logon type 10,0,none,Internal,LAN,,
2026-04-26 01:53:52,WIN10-FIN-014,Microsoft-Windows-Security-Auditing,Security,4688,A new process has been created,LOCAL,dtorres,PC-FIN-001,10.10.7.179,58686,7,C:\\Windows\\System32\\svchost.exe,0x0,0x0,Process created by LOCAL\dtorres: C:\\Windows\\System32\\svchost.exe,0,none,Internal,LAN,,
2026-04-26 02:01:53,WIN11-SEC-022,Microsoft-Windows-Security-Auditing,Security,4624,An account was successfully logged on,EMPRESA,alopez,PC-RRHH-002,10.10.2.198,56558,10,C:\\Windows\\System32\\winlogon.exe,0x0,0x0,Successful logon for EMPRESA\alopez from 10.10.2.198 using logon type 10,0,none,Internal,LAN,,
2026-04-26 02:01:55,WIN10-FIN-014,Microsoft-Windows-Security-Auditing,Security,4634,An account was logged off,LOCAL,helpdesk01,PC-RRHH-002,10.10.60.165,54545,3,C:\\Windows\\System32\\WindowsPowerShell\\v1.0\\powershell.exe,0x0,0x0,Logoff for LOCAL\helpdesk01 from workstation PC-RRHH-002,0,none,Internal,LAN,,
2026-04-26 02:02:13,WIN10-FIN-014,Microsoft-Windows-Security-Auditing,Security,4688,A new process has been created,CORP,crojas,PC-OPS-014,192.168.1.157,49306,10,C:\\Program Files\\Microsoft Defender\\MsMpEng.exe,0x0,0x0,Process created by CORP\crojas: C:\\Program Files\\Microsoft Defender\\MsMpEng.exe,0,none,Internal,LAN,,
2026-04-26 02:02:15,WIN-SRV-APP01,Microsoft-Windows-Security-Auditing,Security,4672,Special privileges assigned to new logon,CORP,admin,-,198.51.100.127,61454,7,C:\\Windows\\System32\\svchost.exe,0x0,0x0,Special privileges assigned to suspicious account CORP\admin from 198.51.100.127,1,privilege_escalation,India,Mumbai,18.99032,72.88631
2026-04-26 02:02:39,WIN10-FIN-014,Microsoft-Windows-Security-Auditing,Security,4625,An account failed to log on,EMPRESA,root,KALI,198.51.100.91,26553,10,C:\\Windows\\System32\\svchost.exe,0xC000006D,0xC000006A,Failed logon for EMPRESA\root from 198.51.100.91; possible brute force,1,brute_force_logon,Mexico,Mexico City,19.39186,-99.43587
2026-04-26 02:02:51,WIN11-SEC-022,Microsoft-Windows-Security-Auditing,Security,4625,An account failed to log on,LOCAL,admin,WIN-RDP,203.0.113.28,49955,10,C:\\Program Files\\Microsoft Defender\\MsMpEng.exe,0xC000006D,0xC000006A,Failed logon from 203.0.113.28 against multiple users; possible password spray,1,password_spray,Netherlands,Amsterdam,52.66576,5.08189
2026-04-26 02:03:17,WIN-SRV-DC01,Microsoft-Windows-Security-Auditing,Security,4720,A user account was created,LOCAL,backup2,-,203.0.113.141,7481,3,C:\\Windows\\System32\\lsass.exe,0x0,0x0,Suspicious user account created: LOCAL\backup2 from 203.0.113.141,1,account_creation,Germany,Frankfurt,50.50639,8.49513
2026-04-26 02:03:27,WIN-SRV-APP01,Microsoft-Windows-Security-Auditing,Security,4625,An account failed to log on,CORP,administrator,WIN-RDP,198.51.100.66,59112,3,C:\\Windows\\System32\\lsass.exe,0xC000006D,0xC000006A,Failed logon from 198.51.100.66 against multiple users; possible password spray,1,password_spray,South Africa,Johannesburg,-26.30175,28.03716
2026-04-26 02:04:45,WIN11-SEC-022,Microsoft-Windows-Security-Auditing,Security,4625,An account failed to log on,LOCAL,test,KALI,203.0.113.241,44300,3,C:\\Windows\\System32\\cmd.exe,0xC000006D,0xC000006A,Failed logon for LOCAL\test from 203.0.113.241; possible brute force,1,brute_force_logon,United States,New York,40.57811,-74.36227
2026-04-26 02:04:49,WIN10-FIN-014,Microsoft-Windows-Security-Auditing,Security,4625,An account failed to log on,EMPRESA,oracle,UNKNOWN,203.0.113.132,21758,10,C:\\Program Files\\Google\\Chrome\\Application\\chrome.exe,0xC000006A,0xC000006A,Failed logon for EMPRESA\oracle from 203.0.113.132; possible brute force,1,brute_force_logon,Netherlands,Amsterdam,52.38221,4.49646
2026-04-26 02:04:53,WIN-SRV-FILE01,Microsoft-Windows-Security-Auditing,Security,4648,A logon was attempted using explicit credentials,CORP,administrator,ATTACKBOX,192.0.2.66,44252,3,C:\\Windows\\System32\\cmd.exe,0x0,0x0,Explicit credentials used suspiciously by CORP\administrator from 192.0.2.66,1,explicit_credentials_abuse,Peru,Lima,-12.16485,-77.1823
2026-04-26 02:05:49,WIN11-SEC-022,Microsoft-Windows-Security-Auditing,Security,1102,The audit log was cleared,LOCAL,admin,WIN-RDP,198.51.100.236,20703,3,C:\\Windows\\System32\\lsass.exe,0x0,0x0,Security audit log cleared by LOCAL\admin from 198.51.100.236,1,audit_log_cleared,United States,New York,41.04259,-74.01587
2026-04-26 02:07:23,WIN-SRV-DC01,Microsoft-Windows-Security-Auditing,Security,4672,Special privileges assigned to new logon,EMPRESA,soporte,WIN-RDP,203.0.113.247,55889,7,C:\\Windows\\System32\\cmd.exe,0x0,0x0,Special privileges assigned to suspicious account EMPRESA\soporte from 203.0.113.247,1,privilege_escalation,Chile,Santiago,-33.70277,-70.5254
2026-04-26 02:07:52,WIN-SRV-FILE01,Microsoft-Windows-Security-Auditing,Security,4625,An account failed to log on,EMPRESA,backup,KALI,203.0.113.72,53118,3,C:\\Windows\\System32\\WindowsPowerShell\\v1.0\\powershell.exe,0xC000006A,0xC000006A,Failed logon for EMPRESA\backup from 203.0.113.72; possible brute force,1,brute_force_logon,Peru,Lima,-12.17195,-77.21122
2026-04-26 02:08:35,WIN-SRV-FILE01,Microsoft-Windows-Security-Auditing,Security,4634,An account was logged off,CORP,finanzas02,PC-FIN-001,10.10.33.206,53407,10,C:\\Windows\\System32\\svchost.exe,0x0,0x0,Logoff for CORP\finanzas02 from workstation PC-FIN-001,0,none,Internal,LAN,,
2026-04-26 02:08:52,WIN-SRV-DC01,Microsoft-Windows-Security-Auditing,Security,4726,A user account was deleted,CORP,helpdesk01,KALI,192.0.2.27,41263,10,C:\\Program Files\\Google\\Chrome\\Application\\chrome.exe,0x0,0x0,User account deleted unexpectedly: CORP\helpdesk01 from 192.0.2.27,1,account_deleted,Netherlands,Amsterdam,52.44717,5.33836
2026-04-26 02:09:02,WIN-SRV-FILE01,Microsoft-Windows-Security-Auditing,Security,4624,An account was successfully logged on,LOCAL,mgarcia,LAP-GER-003,192.168.1.250,53779,10,C:\\Windows\\System32\\winlogon.exe,0x0,0x0,Successful logon for LOCAL\mgarcia from 192.168.1.250 using logon type 10,0,none,Internal,LAN,,
2026-04-26 02:09:19,WIN10-FIN-014,Microsoft-Windows-Security-Auditing,Security,4624,An account was successfully logged on,LOCAL,finanzas02,LAP-GER-003,10.10.165.138,49664,10,C:\\Program Files\\Microsoft Defender\\MsMpEng.exe,0x0,0x0,Successful logon for LOCAL\finanzas02 from 10.10.165.138 using logon type 10,0,none,Internal,LAN,,
2026-04-26 02:09:45,WIN-SRV-APP01,Microsoft-Windows-Security-Auditing,Security,4672,Special privileges assigned to new logon,LOCAL,admin,ATTACKBOX,198.51.100.130,45355,7,C:\\Windows\\System32\\lsass.exe,0x0,0x0,Special privileges assigned to suspicious account LOCAL\admin from 198.51.100.130,1,privilege_escalation,United States,New York,40.29331,-73.58135
2026-04-26 02:10:05,WIN-SRV-DC01,Microsoft-Windows-Security-Auditing,Security,4624,An account was successfully logged on,CORP,jperez,LAP-GER-003,192.168.1.47,58000,2,C:\\Windows\\System32\\svchost.exe,0x0,0x0,Successful logon for CORP\jperez from 192.168.1.47 using logon type 2,0,none,Internal,LAN,,
2026-04-26 02:10:57,WIN-SRV-DC01,Microsoft-Windows-Security-Auditing,Security,4672,Special privileges assigned to new logon,EMPRESA,soporte,-,203.0.113.74,48949,3,C:\\Windows\\System32\\lsass.exe,0x0,0x0,Special privileges assigned to suspicious account EMPRESA\soporte from 203.0.113.74,1,privilege_escalation,Netherlands,Amsterdam,52.04265,5.02321
2026-04-26 02:11:22,WIN10-FIN-014,Microsoft-Windows-Security-Auditing,Security,4625,An account failed to log on,LOCAL,root,KALI,203.0.113.247,6441,10,C:\\Program Files\\Microsoft Defender\\MsMpEng.exe,0xC000006D,0xC000006A,Failed logon for LOCAL\root from 203.0.113.247; possible brute force,1,brute_force_logon,Spain,Madrid,40.7216,-3.95407
2026-04-26 02:12:01,WIN11-SEC-022,Microsoft-Windows-Security-Auditing,Security,4624,An account was successfully logged on,CORP,admin.ops,-,203.0.113.179,30497,3,C:\\Program Files\\Microsoft Defender\\MsMpEng.exe,0x0,0x0,Successful remote administrative logon for CORP\admin.ops from external IP 203.0.113.179,1,suspicious_admin_logon,Mexico,Mexico City,19.39561,-99.58094
2026-04-26 02:12:07,WIN-SRV-DC01,Microsoft-Windows-Security-Auditing,Security,4625,An account failed to log on,CORP,soporte,ATTACKBOX,203.0.113.154,58216,10,C:\\Windows\\System32\\lsass.exe,0xC000006D,0xC000006A,Failed logon from 203.0.113.154 against multiple users; possible password spray,1,password_spray,South Africa,Johannesburg,-26.3024,27.61054
2026-04-26 02:12:32,WIN10-FIN-014,Microsoft-Windows-Security-Auditing,Security,4625,An account failed to log on,CORP,usuario,-,192.0.2.138,26468,10,C:\\Windows\\System32\\lsass.exe,0xC000006D,0xC0000064,Failed logon for CORP\usuario from 192.0.2.138; possible brute force,1,brute_force_logon,Mexico,Mexico City,19.24899,-98.71513
2026-04-26 02:12:38,WIN-SRV-DC01,Microsoft-Windows-Security-Auditing,Security,4624,An account was successfully logged on,LOCAL,dtorres,PC-RRHH-002,192.168.1.167,55452,2,C:\\Windows\\System32\\svchost.exe,0x0,0x0,Successful logon for LOCAL\dtorres from 192.168.1.167 using logon type 2,0,none,Internal,LAN,,
2026-04-26 02:12:50,WIN-SRV-DC01,Microsoft-Windows-Security-Auditing,Security,4625,An account failed to log on,EMPRESA,sqladmin,-,198.51.100.86,33389,10,C:\\Windows\\System32\\winlogon.exe,0xC000006D,0xC0000064,Failed logon for EMPRESA\sqladmin from 198.51.100.86; possible brute force,1,brute_force_logon,India,Mumbai,19.50284,72.58792
2026-04-26 02:13:18,WIN-SRV-FILE01,Microsoft-Windows-Security-Auditing,Security,4624,An account was successfully logged on,LOCAL,admin.ops,LAP-GER-003,192.168.1.215,49981,10,C:\\Program Files\\Google\\Chrome\\Application\\chrome.exe,0x0,0x0,Successful logon for LOCAL\admin.ops from 192.168.1.215 using logon type 10,0,none,Internal,LAN,,
2026-04-26 02:13:32,WIN-SRV-FILE01,Microsoft-Windows-Security-Auditing,Security,4625,An account failed to log on,LOCAL,guest,KALI,203.0.113.80,17989,3,C:\\Windows\\System32\\cmd.exe,0xC000006D,0xC000006A,Failed logon from 203.0.113.80 against multiple users; possible password spray,1,password_spray,Brazil,Sao Paulo,-23.46423,-46.30091
2026-04-26 02:14:01,WIN-SRV-FILE01,Microsoft-Windows-Security-Auditing,Security,4732,A member was added to a security-enabled local group,EMPRESA,guest,WIN-RDP,203.0.113.126,58136,10,C:\\Windows\\System32\\cmd.exe,0x0,0x0,Account EMPRESA\guest added to local Administrators group from 203.0.113.126,1,admin_group_membership_added,Russia,Moscow,55.52143,37.99482
2026-04-26 02:14:12,WIN11-SEC-022,Microsoft-Windows-Security-Auditing,Security,4625,An account failed to log on,EMPRESA,backup,-,192.0.2.114,27513,3,C:\\Windows\\System32\\svchost.exe,0xC000006D,0xC000006A,Failed logon for EMPRESA\backup from 192.0.2.114; possible brute force,1,brute_force_logon,India,Mumbai,18.97888,73.0021
2026-04-26 02:14:21,WIN-SRV-APP01,Microsoft-Windows-Security-Auditing,Security,4625,An account failed to log on,LOCAL,test,WIN-RDP,192.0.2.154,7837,3,C:\\Windows\\System32\\WindowsPowerShell\\v1.0\\powershell.exe,0xC000006A,0xC000006A,Failed logon for LOCAL\test from 192.0.2.154; possible brute force,1,brute_force_logon,Mexico,Mexico City,19.42907,-99.09335
2026-04-26 02:14:37,WIN-SRV-DC01,Microsoft-Windows-Security-Auditing,Security,4634,An account was logged off,CORP,alopez,PC-RRHH-002,192.168.1.144,49223,10,C:\\Windows\\System32\\winlogon.exe,0x0,0x0,Logoff for CORP\alopez from workstation PC-RRHH-002,0,none,Internal,LAN,,
2026-04-26 02:14:47,WIN-SRV-APP01,Microsoft-Windows-Security-Auditing,Security,4624,An account was successfully logged on,CORP,finanzas02,SRV-MON-001,172.16.20.169,57111,10,C:\\Program Files\\Microsoft Defender\\MsMpEng.exe,0x0,0x0,Successful logon for CORP\finanzas02 from 172.16.20.169 using logon type 10,0,none,Internal,LAN,,
2026-04-26 02:15:25,WIN10-FIN-014,Microsoft-Windows-Security-Auditing,Security,4672,Special privileges assigned to new logon,EMPRESA,admin,WIN-RDP,192.0.2.191,43369,7,C:\\Program Files\\Google\\Chrome\\Application\\chrome.exe,0x0,0x0,Special privileges assigned to suspicious account EMPRESA\admin from 192.0.2.191,1,privilege_escalation,Argentina,Buenos Aires,-34.66043,-58.32187
2026-04-26 02:16:11,WIN10-FIN-014,Microsoft-Windows-Security-Auditing,Security,4625,An account failed to log on,LOCAL,oracle,ATTACKBOX,203.0.113.17,33025,3,C:\\Program Files\\Google\\Chrome\\Application\\chrome.exe,0xC000006D,0xC000006A,Failed logon from 203.0.113.17 against multiple users; possible password spray,1,password_spray,Chile,Santiago,-33.82501,-70.93998
2026-04-26 02:16:43,WIN-SRV-DC01,Microsoft-Windows-Security-Auditing,Security,4726,A user account was deleted,CORP,dtorres,KALI,203.0.113.22,57561,2,C:\\Windows\\System32\\WindowsPowerShell\\v1.0\\powershell.exe,0x0,0x0,User account deleted unexpectedly: CORP\dtorres from 203.0.113.22,1,account_deleted,India,Mumbai,19.31951,72.67961
2026-04-26 02:16:45,WIN-SRV-APP01,Microsoft-Windows-Security-Auditing,Security,4625,An account failed to log on,LOCAL,usuario,ATTACKBOX,203.0.113.254,20926,10,C:\\Program Files\\Google\\Chrome\\Application\\chrome.exe,0xC000006D,0xC000006A,Failed logon from 203.0.113.254 against multiple users; possible password spray,1,password_spray,Mexico,Mexico City,19.45291,-99.43016
2026-04-26 02:16:53,WIN10-FIN-014,Microsoft-Windows-Security-Auditing,Security,4625,An account failed to log on,LOCAL,usuario,UNKNOWN,203.0.113.215,24365,3,C:\\Program Files\\Microsoft Defender\\MsMpEng.exe,0xC000006A,0xC0000064,Failed logon for LOCAL\usuario from 203.0.113.215; possible brute force,1,brute_force_logon,Argentina,Buenos Aires,-35.04701,-58.21143
2026-04-26 02:17:06,WIN10-FIN-014,Microsoft-Windows-Security-Auditing,Security,4648,A logon was attempted using explicit credentials,CORP,admin,KALI,192.0.2.185,59666,3,C:\\Windows\\System32\\WindowsPowerShell\\v1.0\\powershell.exe,0x0,0x0,Explicit credentials used suspiciously by CORP\admin from 192.0.2.185,1,explicit_credentials_abuse,China,Shanghai,30.98866,121.29048
2026-04-26 02:17:09,WIN-SRV-DC01,Microsoft-Windows-Security-Auditing,Security,4624,An account was successfully logged on,CORP,svc_monitor,SRV-MON-001,192.168.1.70,54772,7,C:\\Program Files\\Google\\Chrome\\Application\\chrome.exe,0x0,0x0,Successful logon for CORP\svc_monitor from 192.168.1.70 using logon type 7,0,none,Internal,LAN,,
2026-04-26 02:17:15,WIN-SRV-DC01,Microsoft-Windows-Security-Auditing,Security,4624,An account was successfully logged on,EMPRESA,domain.admin,-,198.51.100.45,48739,3,C:\\Windows\\System32\\lsass.exe,0x0,0x0,Successful remote administrative logon for EMPRESA\domain.admin from external IP 198.51.100.45,1,suspicious_admin_logon,Argentina,Buenos Aires,-34.22053,-58.4155
2026-04-26 02:18:02,WIN-SRV-DC01,Microsoft-Windows-Security-Auditing,Security,4625,An account failed to log on,CORP,root,WIN-RDP,198.51.100.52,62161,10,C:\\Windows\\System32\\svchost.exe,0xC000006A,0xC000006A,Failed logon for CORP\root from 198.51.100.52; possible brute force,1,brute_force_logon,Chile,Santiago,-33.7883,-70.56899
2026-04-26 02:18:10,WIN11-SEC-022,Microsoft-Windows-Security-Auditing,Security,4625,An account failed to log on,EMPRESA,admin,ATTACKBOX,203.0.113.94,60966,3,C:\\Windows\\System32\\lsass.exe,0xC000006A,0xC000006A,Failed logon for EMPRESA\admin from 203.0.113.94; possible brute force,1,brute_force_logon,Chile,Santiago,-33.32973,-70.83128
2026-04-26 02:18:16,WIN-SRV-APP01,Microsoft-Windows-Security-Auditing,Security,4624,An account was successfully logged on,CORP,administrator,ATTACKBOX,203.0.113.218,34504,3,C:\\Windows\\System32\\lsass.exe,0x0,0x0,Successful remote administrative logon for CORP\administrator from external IP 203.0.113.218,1,suspicious_admin_logon,Brazil,Sao Paulo,-23.5372,-47.0012
2026-04-26 02:18:36,WIN11-SEC-022,Microsoft-Windows-Security-Auditing,Security,4688,A new process has been created,EMPRESA,alopez,PC-OPS-014,172.16.20.122,55538,2,C:\\Windows\\System32\\winlogon.exe,0x0,0x0,Process created by EMPRESA\alopez: C:\\Windows\\System32\\winlogon.exe,0,none,Internal,LAN,,
2026-04-26 02:19:39,WIN-SRV-DC01,Microsoft-Windows-Security-Auditing,Security,4625,An account failed to log on,LOCAL,administrator,WIN-RDP,203.0.113.107,28720,10,C:\\Program Files\\Google\\Chrome\\Application\\chrome.exe,0xC000006D,0xC000006A,Failed logon from 203.0.113.107 against multiple users; possible password spray,1,password_spray,Russia,Moscow,56.13519,38.008
2026-04-26 02:19:46,WIN-SRV-APP01,Microsoft-Windows-Security-Auditing,Security,4688,A new process has been created,EMPRESA,finanzas02,LAP-GER-003,10.10.255.5,63226,2,C:\\Windows\\System32\\winlogon.exe,0x0,0x0,Process created by EMPRESA\finanzas02: C:\\Windows\\System32\\winlogon.exe,0,none,Internal,LAN,,
2026-04-26 02:20:04,WIN-SRV-APP01,Microsoft-Windows-Security-Auditing,Security,4625,An account failed to log on,LOCAL,administrator,UNKNOWN,198.51.100.99,15354,10,C:\\Program Files\\Google\\Chrome\\Application\\chrome.exe,0xC000006D,0xC0000064,Failed logon for LOCAL\administrator from 198.51.100.99; possible brute force,1,brute_force_logon,Russia,Moscow,55.52898,37.45516
2026-04-26 02:20:46,WIN-SRV-DC01,Microsoft-Windows-Security-Auditing,Security,4624,An account was successfully logged on,EMPRESA,analista01,SRV-MON-001,172.16.20.17,63467,10,C:\\Windows\\System32\\svchost.exe,0x0,0x0,Successful logon for EMPRESA\analista01 from 172.16.20.17 using logon type 10,0,none,Internal,LAN,,
2026-04-26 02:21:12,WIN-SRV-FILE01,Microsoft-Windows-Security-Auditing,Security,4688,A new process has been created,EMPRESA,oracle,UNKNOWN,192.0.2.213,3115,10,C:\\Windows\\System32\\WindowsPowerShell\\v1.0\\powershell.exe -enc JABXAGMAbABpAGUAbgB0,0x0,0x0,Suspicious process execution by EMPRESA\oracle: C:\\Windows\\System32\\WindowsPowerShell\\v1.0\\powershell.exe -enc JABXAGMAbABpAGUAbgB0,1,suspicious_process_execution,Peru,Lima,-12.13065,-77.48773
2026-04-26 02:21:49,WIN-SRV-APP01,Microsoft-Windows-Security-Auditing,Security,4688,A new process has been created,LOCAL,helpdesk01,PC-RRHH-002,172.16.20.228,56426,7,C:\\Windows\\System32\\WindowsPowerShell\\v1.0\\powershell.exe,0x0,0x0,Process created by LOCAL\helpdesk01: C:\\Windows\\System32\\WindowsPowerShell\\v1.0\\powershell.exe,0,none,Internal,LAN,,
2026-04-26 02:22:19,WIN-SRV-APP01,Microsoft-Windows-Security-Auditing,Security,4625,An account failed to log on,CORP,sqladmin,-,203.0.113.195,35205,3,C:\\Windows\\System32\\WindowsPowerShell\\v1.0\\powershell.exe,0xC000006A,0xC000006A,Failed logon for CORP\sqladmin from 203.0.113.195; possible brute force,1,brute_force_logon,Spain,Madrid,40.31899,-3.28304
2026-04-26 02:22:21,WIN11-SEC-022,Microsoft-Windows-Security-Auditing,Security,4624,An account was successfully logged on,CORP,svc_monitor,PC-RRHH-002,10.10.240.121,65064,10,C:\\Windows\\System32\\cmd.exe,0x0,0x0,Successful logon for CORP\svc_monitor from 10.10.240.121 using logon type 10,0,none,Internal,LAN,,
2026-04-26 02:22:38,WIN-SRV-APP01,Microsoft-Windows-Security-Auditing,Security,4672,Special privileges assigned to new logon,LOCAL,administrator,KALI,198.51.100.219,38048,7,C:\\Program Files\\Google\\Chrome\\Application\\chrome.exe,0x0,0x0,Special privileges assigned to suspicious account LOCAL\administrator from 198.51.100.219,1,privilege_escalation,Germany,Frankfurt,49.95564,8.67856
2026-04-26 02:23:08,WIN-SRV-DC01,Microsoft-Windows-Security-Auditing,Security,4634,An account was logged off,EMPRESA,svc_backup,PC-OPS-014,192.168.1.94,64653,3,C:\\Windows\\System32\\WindowsPowerShell\\v1.0\\powershell.exe,0x0,0x0,Logoff for EMPRESA\svc_backup from workstation PC-OPS-014,0,none,Internal,LAN,,
2026-04-26 02:23:33,WIN10-FIN-014,Microsoft-Windows-Security-Auditing,Security,4624,An account was successfully logged on,CORP,finanzas02,LAP-GER-003,10.10.179.255,49556,3,C:\\Windows\\System32\\winlogon.exe,0x0,0x0,Successful logon for CORP\finanzas02 from 10.10.179.255 using logon type 3,0,none,Internal,LAN,,
2026-04-26 02:24:30,WIN11-SEC-022,Microsoft-Windows-Security-Auditing,Security,4624,An account was successfully logged on,LOCAL,administrator,KALI,203.0.113.149,16319,3,C:\\Program Files\\Google\\Chrome\\Application\\chrome.exe,0x0,0x0,Successful remote administrative logon for LOCAL\administrator from external IP 203.0.113.149,1,suspicious_admin_logon,Germany,Frankfurt,50.44148,8.57817
2026-04-26 02:24:38,WIN11-SEC-022,Microsoft-Windows-Security-Auditing,Security,4720,A user account was created,LOCAL,soporte2,UNKNOWN,198.51.100.22,64666,10,C:\\Windows\\System32\\winlogon.exe,0x0,0x0,Suspicious user account created: LOCAL\soporte2 from 198.51.100.22,1,account_creation,South Africa,Johannesburg,-26.59515,28.29296
2026-04-26 02:24:41,WIN11-SEC-022,Microsoft-Windows-Security-Auditing,Security,4625,An account failed to log on,CORP,guest,UNKNOWN,198.51.100.151,46005,10,C:\\Program Files\\Google\\Chrome\\Application\\chrome.exe,0xC000006D,0xC0000064,Failed logon for CORP\guest from 198.51.100.151; possible brute force,1,brute_force_logon,Mexico,Mexico City,19.65665,-99.10004
2026-04-26 02:24:46,WIN-SRV-DC01,Microsoft-Windows-Security-Auditing,Security,4624,An account was successfully logged on,LOCAL,analista01,PC-FIN-001,192.168.1.202,64789,7,C:\\Windows\\System32\\winlogon.exe,0x0,0x0,Successful logon for LOCAL\analista01 from 192.168.1.202 using logon type 7,0,none,Internal,LAN,,
2026-04-26 02:25:33,WIN10-FIN-014,Microsoft-Windows-Security-Auditing,Security,4634,An account was logged off,EMPRESA,crojas,PC-RRHH-002,192.168.1.152,49759,3,C:\\Program Files\\Google\\Chrome\\Application\\chrome.exe,0x0,0x0,Logoff for EMPRESA\crojas from workstation PC-RRHH-002,0,none,Internal,LAN,,
