2026-04-28 03:36:57,WIN-SRV-FILE01,Microsoft-Windows-Security-Auditing,Security,4624,An account was successfully logged on,EMPRESA,admin.ops,LAP-GER-003,10.10.0.34,62137,3,C:\\Program Files\\Microsoft Defender\\MsMpEng.exe,0x0,0x0,Successful logon for EMPRESA\admin.ops from 10.10.0.34 using logon type 3,0,none,Internal,LAN,,
2026-04-28 03:37:29,WIN-SRV-APP01,Microsoft-Windows-Security-Auditing,Security,4634,An account was logged off,EMPRESA,crojas,PC-FIN-001,192.168.1.159,59261,7,C:\\Windows\\System32\\cmd.exe,0x0,0x0,Logoff for EMPRESA\crojas from workstation PC-FIN-001,0,none,Internal,LAN,,
2026-04-28 03:39:01,WIN-SRV-DC01,Microsoft-Windows-Security-Auditing,Security,4634,An account was logged off,EMPRESA,admin.ops,PC-OPS-014,10.10.142.113,62787,7,C:\\Windows\\System32\\svchost.exe,0x0,0x0,Logoff for EMPRESA\admin.ops from workstation PC-OPS-014,0,none,Internal,LAN,,
2026-04-28 03:42:14,WIN-SRV-APP01,Microsoft-Windows-Security-Auditing,Security,4624,An account was successfully logged on,CORP,mgarcia,SRV-MON-001,10.10.11.122,56040,10,C:\\Program Files\\Microsoft Defender\\MsMpEng.exe,0x0,0x0,Successful logon for CORP\mgarcia from 10.10.11.122 using logon type 10,0,none,Internal,LAN,,
2026-04-28 03:42:49,WIN-SRV-APP01,Microsoft-Windows-Security-Auditing,Security,4688,A new process has been created,LOCAL,lcastro,SRV-MON-001,192.168.1.8,51328,7,C:\\Windows\\System32\\lsass.exe,0x0,0x0,Process created by LOCAL\lcastro: C:\\Windows\\System32\\lsass.exe,0,none,Internal,LAN,,
2026-04-28 03:44:41,WIN-SRV-DC01,Microsoft-Windows-Security-Auditing,Security,4624,An account was successfully logged on,CORP,lcastro,PC-RRHH-002,192.168.1.67,65451,3,C:\\Windows\\System32\\cmd.exe,0x0,0x0,Successful logon for CORP\lcastro from 192.168.1.67 using logon type 3,0,none,Internal,LAN,,
2026-04-28 03:45:12,WIN11-SEC-022,Microsoft-Windows-Security-Auditing,Security,4634,An account was logged off,LOCAL,finanzas02,SRV-MON-001,172.16.20.51,60380,3,C:\\Program Files\\Google\\Chrome\\Application\\chrome.exe,0x0,0x0,Logoff for LOCAL\finanzas02 from workstation SRV-MON-001,0,none,Internal,LAN,,
2026-04-28 03:49:56,WIN-SRV-FILE01,Microsoft-Windows-Security-Auditing,Security,4624,An account was successfully logged on,LOCAL,lcastro,PC-FIN-001,172.16.20.165,52712,2,C:\\Windows\\System32\\winlogon.exe,0x0,0x0,Successful logon for LOCAL\lcastro from 172.16.20.165 using logon type 2,0,none,Internal,LAN,,
2026-04-28 03:51:58,WIN-SRV-DC01,Microsoft-Windows-Security-Auditing,Security,4624,An account was successfully logged on,EMPRESA,finanzas02,PC-OPS-014,172.16.20.211,57796,2,C:\\Windows\\System32\\svchost.exe,0x0,0x0,Successful logon for EMPRESA\finanzas02 from 172.16.20.211 using logon type 2,0,none,Internal,LAN,,
2026-04-28 03:54:11,WIN-SRV-DC01,Microsoft-Windows-Security-Auditing,Security,4624,An account was successfully logged on,LOCAL,finanzas02,PC-FIN-001,172.16.20.215,53450,10,C:\\Windows\\System32\\cmd.exe,0x0,0x0,Successful logon for LOCAL\finanzas02 from 172.16.20.215 using logon type 10,0,none,Internal,LAN,,
2026-04-28 03:54:17,WIN-SRV-DC01,Microsoft-Windows-Security-Auditing,Security,4624,An account was successfully logged on,CORP,finanzas02,PC-FIN-001,10.10.244.127,60265,2,C:\\Windows\\System32\\winlogon.exe,0x0,0x0,Successful logon for CORP\finanzas02 from 10.10.244.127 using logon type 2,0,none,Internal,LAN,,
2026-04-28 03:57:40,WIN-SRV-APP01,Microsoft-Windows-Security-Auditing,Security,4624,An account was successfully logged on,EMPRESA,dtorres,SRV-MON-001,10.10.216.27,59904,2,C:\\Program Files\\Google\\Chrome\\Application\\chrome.exe,0x0,0x0,Successful logon for EMPRESA\dtorres from 10.10.216.27 using logon type 2,0,none,Internal,LAN,,
2026-04-28 03:58:38,WIN-SRV-DC01,Microsoft-Windows-Security-Auditing,Security,4624,An account was successfully logged on,LOCAL,helpdesk01,PC-RRHH-002,10.10.172.174,52464,2,C:\\Windows\\System32\\WindowsPowerShell\\v1.0\\powershell.exe,0x0,0x0,Successful logon for LOCAL\helpdesk01 from 10.10.172.174 using logon type 2,0,none,Internal,LAN,,
2026-04-28 04:00:01,WIN10-FIN-014,Microsoft-Windows-Security-Auditing,Security,4688,A new process has been created,LOCAL,admin.ops,PC-RRHH-002,192.168.1.188,56122,10,C:\\Windows\\System32\\lsass.exe,0x0,0x0,Process created by LOCAL\admin.ops: C:\\Windows\\System32\\lsass.exe,0,none,Internal,LAN,,
2026-04-28 04:00:16,WIN-SRV-DC01,Microsoft-Windows-Security-Auditing,Security,4672,Special privileges assigned to new logon,LOCAL,lcastro,PC-RRHH-002,10.10.225.38,53507,2,C:\\Program Files\\Google\\Chrome\\Application\\chrome.exe,0x0,0x0,Special privileges assigned to LOCAL\lcastro,0,none,Internal,LAN,,
2026-04-28 04:02:18,WIN-SRV-FILE01,Microsoft-Windows-Security-Auditing,Security,4624,An account was successfully logged on,EMPRESA,svc_backup,SRV-MON-001,10.10.197.112,49930,2,C:\\Windows\\System32\\winlogon.exe,0x0,0x0,Successful logon for EMPRESA\svc_backup from 10.10.197.112 using logon type 2,0,none,Internal,LAN,,
2026-04-28 04:02:41,WIN-SRV-FILE01,Microsoft-Windows-Security-Auditing,Security,4634,An account was logged off,LOCAL,lcastro,LAP-GER-003,172.16.20.181,60957,7,C:\\Windows\\System32\\lsass.exe,0x0,0x0,Logoff for LOCAL\lcastro from workstation LAP-GER-003,0,none,Internal,LAN,,
2026-04-28 04:03:09,WIN-SRV-FILE01,Microsoft-Windows-Security-Auditing,Security,4672,Special privileges assigned to new logon,CORP,lcastro,PC-FIN-001,10.10.27.124,56940,7,C:\\Windows\\System32\\WindowsPowerShell\\v1.0\\powershell.exe,0x0,0x0,Special privileges assigned to CORP\lcastro,0,none,Internal,LAN,,
2026-04-28 04:03:45,WIN-SRV-FILE01,Microsoft-Windows-Security-Auditing,Security,4624,An account was successfully logged on,EMPRESA,finanzas02,LAP-GER-003,172.16.20.15,64348,3,C:\\Windows\\System32\\cmd.exe,0x0,0x0,Successful logon for EMPRESA\finanzas02 from 172.16.20.15 using logon type 3,0,none,Internal,LAN,,
2026-04-28 04:06:16,WIN10-FIN-014,Microsoft-Windows-Security-Auditing,Security,4688,A new process has been created,LOCAL,jperez,SRV-MON-001,172.16.20.100,59606,2,C:\\Program Files\\Microsoft Defender\\MsMpEng.exe,0x0,0x0,Process created by LOCAL\jperez: C:\\Program Files\\Microsoft Defender\\MsMpEng.exe,0,none,Internal,LAN,,
2026-04-28 04:06:57,WIN10-FIN-014,Microsoft-Windows-Security-Auditing,Security,4624,An account was successfully logged on,CORP,mgarcia,PC-RRHH-002,192.168.1.238,55220,2,C:\\Windows\\System32\\WindowsPowerShell\\v1.0\\powershell.exe,0x0,0x0,Successful logon for CORP\mgarcia from 192.168.1.238 using logon type 2,0,none,Internal,LAN,,
2026-04-28 04:07:07,WIN10-FIN-014,Microsoft-Windows-Security-Auditing,Security,4624,An account was successfully logged on,EMPRESA,finanzas02,LAP-GER-003,10.10.52.89,51286,10,C:\\Windows\\System32\\winlogon.exe,0x0,0x0,Successful logon for EMPRESA\finanzas02 from 10.10.52.89 using logon type 10,0,none,Internal,LAN,,
2026-04-28 04:09:02,WIN-SRV-DC01,Microsoft-Windows-Security-Auditing,Security,4688,A new process has been created,CORP,alopez,PC-RRHH-002,192.168.1.65,64316,3,C:\\Program Files\\Google\\Chrome\\Application\\chrome.exe,0x0,0x0,Process created by CORP\alopez: C:\\Program Files\\Google\\Chrome\\Application\\chrome.exe,0,none,Internal,LAN,,
2026-04-28 04:09:21,WIN11-SEC-022,Microsoft-Windows-Security-Auditing,Security,4624,An account was successfully logged on,LOCAL,admin.ops,PC-FIN-001,192.168.1.164,62623,10,C:\\Windows\\System32\\winlogon.exe,0x0,0x0,Successful logon for LOCAL\admin.ops from 192.168.1.164 using logon type 10,0,none,Internal,LAN,,
2026-04-28 04:09:27,WIN10-FIN-014,Microsoft-Windows-Security-Auditing,Security,4634,An account was logged off,EMPRESA,svc_backup,SRV-MON-001,10.10.5.30,53475,10,C:\\Windows\\System32\\lsass.exe,0x0,0x0,Logoff for EMPRESA\svc_backup from workstation SRV-MON-001,0,none,Internal,LAN,,
2026-04-28 04:10:52,WIN-SRV-APP01,Microsoft-Windows-Security-Auditing,Security,4688,A new process has been created,LOCAL,svc_monitor,LAP-GER-003,172.16.20.22,50710,10,C:\\Windows\\System32\\lsass.exe,0x0,0x0,Process created by LOCAL\svc_monitor: C:\\Windows\\System32\\lsass.exe,0,none,Internal,LAN,,
2026-04-28 04:12:13,WIN11-SEC-022,Microsoft-Windows-Security-Auditing,Security,4624,An account was successfully logged on,LOCAL,alopez,LAP-GER-003,10.10.211.36,64933,7,C:\\Windows\\System32\\winlogon.exe,0x0,0x0,Successful logon for LOCAL\alopez from 10.10.211.36 using logon type 7,0,none,Internal,LAN,,
2026-04-28 04:14:25,WIN-SRV-APP01,Microsoft-Windows-Security-Auditing,Security,4634,An account was logged off,EMPRESA,jperez,LAP-GER-003,10.10.250.126,57740,3,C:\\Windows\\System32\\svchost.exe,0x0,0x0,Logoff for EMPRESA\jperez from workstation LAP-GER-003,0,none,Internal,LAN,,
2026-04-28 04:17:16,WIN11-SEC-022,Microsoft-Windows-Security-Auditing,Security,4688,A new process has been created,EMPRESA,analista01,PC-FIN-001,192.168.1.118,58889,2,C:\\Program Files\\Microsoft Defender\\MsMpEng.exe,0x0,0x0,Process created by EMPRESA\analista01: C:\\Program Files\\Microsoft Defender\\MsMpEng.exe,0,none,Internal,LAN,,
2026-04-28 04:19:52,WIN10-FIN-014,Microsoft-Windows-Security-Auditing,Security,4634,An account was logged off,CORP,svc_backup,PC-OPS-014,192.168.1.205,61392,2,C:\\Windows\\System32\\lsass.exe,0x0,0x0,Logoff for CORP\svc_backup from workstation PC-OPS-014,0,none,Internal,LAN,,
2026-04-28 04:20:16,WIN11-SEC-022,Microsoft-Windows-Security-Auditing,Security,4624,An account was successfully logged on,CORP,alopez,PC-RRHH-002,192.168.1.111,52909,10,C:\\Program Files\\Microsoft Defender\\MsMpEng.exe,0x0,0x0,Successful logon for CORP\alopez from 192.168.1.111 using logon type 10,0,none,Internal,LAN,,
2026-04-28 04:20:29,WIN-SRV-DC01,Microsoft-Windows-Security-Auditing,Security,4634,An account was logged off,CORP,mgarcia,PC-FIN-001,192.168.1.87,53787,10,C:\\Windows\\System32\\WindowsPowerShell\\v1.0\\powershell.exe,0x0,0x0,Logoff for CORP\mgarcia from workstation PC-FIN-001,0,none,Internal,LAN,,
2026-04-28 04:21:43,WIN-SRV-APP01,Microsoft-Windows-Security-Auditing,Security,4624,An account was successfully logged on,CORP,svc_monitor,PC-RRHH-002,10.10.172.78,50186,10,C:\\Windows\\System32\\cmd.exe,0x0,0x0,Successful logon for CORP\svc_monitor from 10.10.172.78 using logon type 10,0,none,Internal,LAN,,
2026-04-28 04:23:08,WIN-SRV-APP01,Microsoft-Windows-Security-Auditing,Security,4624,An account was successfully logged on,EMPRESA,jperez,SRV-MON-001,172.16.20.217,61363,3,C:\\Windows\\System32\\winlogon.exe,0x0,0x0,Successful logon for EMPRESA\jperez from 172.16.20.217 using logon type 3,0,none,Internal,LAN,,
2026-04-28 04:25:56,WIN11-SEC-022,Microsoft-Windows-Security-Auditing,Security,4688,A new process has been created,LOCAL,jperez,PC-FIN-001,10.10.191.1,55824,3,C:\\Windows\\System32\\winlogon.exe,0x0,0x0,Process created by LOCAL\jperez: C:\\Windows\\System32\\winlogon.exe,0,none,Internal,LAN,,
2026-04-28 04:26:22,WIN11-SEC-022,Microsoft-Windows-Security-Auditing,Security,4634,An account was logged off,CORP,helpdesk01,SRV-MON-001,172.16.20.113,51314,3,C:\\Windows\\System32\\cmd.exe,0x0,0x0,Logoff for CORP\helpdesk01 from workstation SRV-MON-001,0,none,Internal,LAN,,
2026-04-28 04:26:31,WIN11-SEC-022,Microsoft-Windows-Security-Auditing,Security,4634,An account was logged off,LOCAL,jperez,LAP-GER-003,172.16.20.181,63495,3,C:\\Windows\\System32\\lsass.exe,0x0,0x0,Logoff for LOCAL\jperez from workstation LAP-GER-003,0,none,Internal,LAN,,
2026-04-28 04:26:43,WIN11-SEC-022,Microsoft-Windows-Security-Auditing,Security,4624,An account was successfully logged on,EMPRESA,jperez,SRV-MON-001,10.10.57.199,56526,10,C:\\Windows\\System32\\lsass.exe,0x0,0x0,Successful logon for EMPRESA\jperez from 10.10.57.199 using logon type 10,0,none,Internal,LAN,,
2026-04-28 04:26:47,WIN-SRV-APP01,Microsoft-Windows-Security-Auditing,Security,4634,An account was logged off,LOCAL,alopez,LAP-GER-003,192.168.1.126,61278,7,C:\\Program Files\\Google\\Chrome\\Application\\chrome.exe,0x0,0x0,Logoff for LOCAL\alopez from workstation LAP-GER-003,0,none,Internal,LAN,,
2026-04-28 04:27:09,WIN-SRV-DC01,Microsoft-Windows-Security-Auditing,Security,4634,An account was logged off,LOCAL,mgarcia,PC-RRHH-002,172.16.20.9,58737,7,C:\\Windows\\System32\\svchost.exe,0x0,0x0,Logoff for LOCAL\mgarcia from workstation PC-RRHH-002,0,none,Internal,LAN,,
2026-04-28 04:30:00,WIN-SRV-APP01,Microsoft-Windows-Security-Auditing,Security,4634,An account was logged off,LOCAL,helpdesk01,PC-OPS-014,192.168.1.41,49273,10,C:\\Program Files\\Microsoft Defender\\MsMpEng.exe,0x0,0x0,Logoff for LOCAL\helpdesk01 from workstation PC-OPS-014,0,none,Internal,LAN,,
2026-04-28 04:30:19,WIN10-FIN-014,Microsoft-Windows-Security-Auditing,Security,4688,A new process has been created,EMPRESA,finanzas02,LAP-GER-003,192.168.1.23,61697,10,C:\\Windows\\System32\\lsass.exe,0x0,0x0,Process created by EMPRESA\finanzas02: C:\\Windows\\System32\\lsass.exe,0,none,Internal,LAN,,
2026-04-28 04:30:36,WIN10-FIN-014,Microsoft-Windows-Security-Auditing,Security,4648,A logon was attempted using explicit credentials,EMPRESA,crojas,LAP-GER-003,10.10.178.117,59556,10,C:\\Windows\\System32\\winlogon.exe,0x0,0x0,Explicit credentials used by EMPRESA\crojas from LAP-GER-003,0,none,Internal,LAN,,
2026-04-28 04:32:13,WIN-SRV-APP01,Microsoft-Windows-Security-Auditing,Security,4624,An account was successfully logged on,LOCAL,admin.ops,SRV-MON-001,10.10.247.125,53303,7,C:\\Windows\\System32\\cmd.exe,0x0,0x0,Successful logon for LOCAL\admin.ops from 10.10.247.125 using logon type 7,0,none,Internal,LAN,,
2026-04-28 04:33:21,WIN11-SEC-022,Microsoft-Windows-Security-Auditing,Security,4634,An account was logged off,LOCAL,jperez,LAP-GER-003,10.10.202.62,59519,2,C:\\Program Files\\Google\\Chrome\\Application\\chrome.exe,0x0,0x0,Logoff for LOCAL\jperez from workstation LAP-GER-003,0,none,Internal,LAN,,
2026-04-28 04:35:19,WIN-SRV-FILE01,Microsoft-Windows-Security-Auditing,Security,4624,An account was successfully logged on,CORP,alopez,PC-RRHH-002,192.168.1.139,53353,7,C:\\Windows\\System32\\WindowsPowerShell\\v1.0\\powershell.exe,0x0,0x0,Successful logon for CORP\alopez from 192.168.1.139 using logon type 7,0,none,Internal,LAN,,
2026-04-28 04:35:40,WIN10-FIN-014,Microsoft-Windows-Security-Auditing,Security,4624,An account was successfully logged on,LOCAL,lcastro,SRV-MON-001,192.168.1.168,53328,2,C:\\Program Files\\Google\\Chrome\\Application\\chrome.exe,0x0,0x0,Successful logon for LOCAL\lcastro from 192.168.1.168 using logon type 2,0,none,Internal,LAN,,
2026-04-28 04:38:14,WIN10-FIN-014,Microsoft-Windows-Security-Auditing,Security,4624,An account was successfully logged on,CORP,lcastro,PC-FIN-001,172.16.20.168,64315,3,C:\\Program Files\\Microsoft Defender\\MsMpEng.exe,0x0,0x0,Successful logon for CORP\lcastro from 172.16.20.168 using logon type 3,0,none,Internal,LAN,,
2026-04-28 04:38:33,WIN-SRV-FILE01,Microsoft-Windows-Security-Auditing,Security,4634,An account was logged off,EMPRESA,admin.ops,PC-OPS-014,10.10.71.91,59744,10,C:\\Windows\\System32\\lsass.exe,0x0,0x0,Logoff for EMPRESA\admin.ops from workstation PC-OPS-014,0,none,Internal,LAN,,
2026-04-28 04:38:48,WIN11-SEC-022,Microsoft-Windows-Security-Auditing,Security,4688,A new process has been created,LOCAL,analista01,LAP-GER-003,192.168.1.186,58563,10,C:\\Program Files\\Google\\Chrome\\Application\\chrome.exe,0x0,0x0,Process created by LOCAL\analista01: C:\\Program Files\\Google\\Chrome\\Application\\chrome.exe,0,none,Internal,LAN,,
2026-04-28 04:38:54,WIN-SRV-DC01,Microsoft-Windows-Security-Auditing,Security,4688,A new process has been created,LOCAL,finanzas02,PC-RRHH-002,10.10.233.53,51224,2,C:\\Program Files\\Microsoft Defender\\MsMpEng.exe,0x0,0x0,Process created by LOCAL\finanzas02: C:\\Program Files\\Microsoft Defender\\MsMpEng.exe,0,none,Internal,LAN,,
2026-04-28 04:39:12,WIN-SRV-APP01,Microsoft-Windows-Security-Auditing,Security,4688,A new process has been created,CORP,jperez,PC-OPS-014,192.168.1.238,63205,7,C:\\Windows\\System32\\svchost.exe,0x0,0x0,Process created by CORP\jperez: C:\\Windows\\System32\\svchost.exe,0,none,Internal,LAN,,
2026-04-28 04:42:31,WIN-SRV-DC01,Microsoft-Windows-Security-Auditing,Security,4624,An account was successfully logged on,EMPRESA,svc_monitor,LAP-GER-003,10.10.92.182,55884,3,C:\\Program Files\\Google\\Chrome\\Application\\chrome.exe,0x0,0x0,Successful logon for EMPRESA\svc_monitor from 10.10.92.182 using logon type 3,0,none,Internal,LAN,,
2026-04-28 04:43:01,WIN10-FIN-014,Microsoft-Windows-Security-Auditing,Security,4634,An account was logged off,CORP,dtorres,PC-RRHH-002,172.16.20.112,62623,7,C:\\Program Files\\Microsoft Defender\\MsMpEng.exe,0x0,0x0,Logoff for CORP\dtorres from workstation PC-RRHH-002,0,none,Internal,LAN,,
2026-04-28 04:44:23,WIN-SRV-FILE01,Microsoft-Windows-Security-Auditing,Security,4624,An account was successfully logged on,LOCAL,crojas,LAP-GER-003,192.168.1.188,58387,7,C:\\Windows\\System32\\lsass.exe,0x0,0x0,Successful logon for LOCAL\crojas from 192.168.1.188 using logon type 7,0,none,Internal,LAN,,
2026-04-28 04:44:43,WIN-SRV-FILE01,Microsoft-Windows-Security-Auditing,Security,4634,An account was logged off,CORP,lcastro,LAP-GER-003,192.168.1.90,51765,7,C:\\Program Files\\Google\\Chrome\\Application\\chrome.exe,0x0,0x0,Logoff for CORP\lcastro from workstation LAP-GER-003,0,none,Internal,LAN,,
2026-04-28 04:45:30,WIN-SRV-FILE01,Microsoft-Windows-Security-Auditing,Security,4624,An account was successfully logged on,LOCAL,alopez,PC-RRHH-002,10.10.39.198,53062,3,C:\\Windows\\System32\\lsass.exe,0x0,0x0,Successful logon for LOCAL\alopez from 10.10.39.198 using logon type 3,0,none,Internal,LAN,,
2026-04-28 04:45:50,WIN10-FIN-014,Microsoft-Windows-Security-Auditing,Security,4624,An account was successfully logged on,CORP,svc_backup,PC-FIN-001,172.16.20.159,51223,7,C:\\Windows\\System32\\svchost.exe,0x0,0x0,Successful logon for CORP\svc_backup from 172.16.20.159 using logon type 7,0,none,Internal,LAN,,
2026-04-28 04:46:12,WIN-SRV-DC01,Microsoft-Windows-Security-Auditing,Security,4624,An account was successfully logged on,CORP,lcastro,PC-RRHH-002,172.16.20.137,58236,10,C:\\Program Files\\Microsoft Defender\\MsMpEng.exe,0x0,0x0,Successful logon for CORP\lcastro from 172.16.20.137 using logon type 10,0,none,Internal,LAN,,
2026-04-28 04:46:31,WIN-SRV-APP01,Microsoft-Windows-Security-Auditing,Security,4634,An account was logged off,LOCAL,mgarcia,SRV-MON-001,10.10.163.108,49676,3,C:\\Windows\\System32\\lsass.exe,0x0,0x0,Logoff for LOCAL\mgarcia from workstation SRV-MON-001,0,none,Internal,LAN,,
2026-04-28 04:46:51,WIN11-SEC-022,Microsoft-Windows-Security-Auditing,Security,4624,An account was successfully logged on,LOCAL,alopez,SRV-MON-001,192.168.1.191,57740,7,C:\\Windows\\System32\\lsass.exe,0x0,0x0,Successful logon for LOCAL\alopez from 192.168.1.191 using logon type 7,0,none,Internal,LAN,,
2026-04-28 04:48:33,WIN11-SEC-022,Microsoft-Windows-Security-Auditing,Security,4624,An account was successfully logged on,EMPRESA,svc_backup,LAP-GER-003,172.16.20.171,50256,2,C:\\Windows\\System32\\svchost.exe,0x0,0x0,Successful logon for EMPRESA\svc_backup from 172.16.20.171 using logon type 2,0,none,Internal,LAN,,
2026-04-28 04:48:49,WIN10-FIN-014,Microsoft-Windows-Security-Auditing,Security,4634,An account was logged off,LOCAL,admin.ops,SRV-MON-001,192.168.1.59,58772,2,C:\\Program Files\\Google\\Chrome\\Application\\chrome.exe,0x0,0x0,Logoff for LOCAL\admin.ops from workstation SRV-MON-001,0,none,Internal,LAN,,
2026-04-28 04:48:55,WIN10-FIN-014,Microsoft-Windows-Security-Auditing,Security,4624,An account was successfully logged on,CORP,dtorres,LAP-GER-003,192.168.1.43,65123,3,C:\\Windows\\System32\\svchost.exe,0x0,0x0,Successful logon for CORP\dtorres from 192.168.1.43 using logon type 3,0,none,Internal,LAN,,
2026-04-28 04:51:33,WIN-SRV-DC01,Microsoft-Windows-Security-Auditing,Security,4634,An account was logged off,LOCAL,svc_monitor,SRV-MON-001,10.10.10.55,55362,10,C:\\Program Files\\Google\\Chrome\\Application\\chrome.exe,0x0,0x0,Logoff for LOCAL\svc_monitor from workstation SRV-MON-001,0,none,Internal,LAN,,
2026-04-28 04:52:17,WIN-SRV-APP01,Microsoft-Windows-Security-Auditing,Security,4624,An account was successfully logged on,LOCAL,admin.ops,SRV-MON-001,172.16.20.240,52544,2,C:\\Windows\\System32\\winlogon.exe,0x0,0x0,Successful logon for LOCAL\admin.ops from 172.16.20.240 using logon type 2,0,none,Internal,LAN,,
2026-04-28 04:52:42,WIN-SRV-DC01,Microsoft-Windows-Security-Auditing,Security,4624,An account was successfully logged on,CORP,helpdesk01,LAP-GER-003,10.10.108.4,65516,2,C:\\Windows\\System32\\WindowsPowerShell\\v1.0\\powershell.exe,0x0,0x0,Successful logon for CORP\helpdesk01 from 10.10.108.4 using logon type 2,0,none,Internal,LAN,,
2026-04-28 04:52:59,WIN11-SEC-022,Microsoft-Windows-Security-Auditing,Security,4688,A new process has been created,EMPRESA,helpdesk01,PC-RRHH-002,192.168.1.115,56312,7,C:\\Windows\\System32\\winlogon.exe,0x0,0x0,Process created by EMPRESA\helpdesk01: C:\\Windows\\System32\\winlogon.exe,0,none,Internal,LAN,,
2026-04-28 04:53:46,WIN11-SEC-022,Microsoft-Windows-Security-Auditing,Security,4634,An account was logged off,EMPRESA,lcastro,PC-RRHH-002,10.10.247.38,51106,3,C:\\Program Files\\Microsoft Defender\\MsMpEng.exe,0x0,0x0,Logoff for EMPRESA\lcastro from workstation PC-RRHH-002,0,none,Internal,LAN,,
2026-04-28 04:54:15,WIN-SRV-DC01,Microsoft-Windows-Security-Auditing,Security,4624,An account was successfully logged on,CORP,jperez,SRV-MON-001,172.16.20.98,50854,10,C:\\Windows\\System32\\winlogon.exe,0x0,0x0,Successful logon for CORP\jperez from 172.16.20.98 using logon type 10,0,none,Internal,LAN,,
2026-04-28 04:54:34,WIN11-SEC-022,Microsoft-Windows-Security-Auditing,Security,4634,An account was logged off,CORP,finanzas02,PC-RRHH-002,10.10.226.52,62215,3,C:\\Program Files\\Microsoft Defender\\MsMpEng.exe,0x0,0x0,Logoff for CORP\finanzas02 from workstation PC-RRHH-002,0,none,Internal,LAN,,
2026-04-28 04:54:42,WIN-SRV-APP01,Microsoft-Windows-Security-Auditing,Security,4634,An account was logged off,CORP,admin.ops,PC-FIN-001,172.16.20.89,51700,3,C:\\Program Files\\Microsoft Defender\\MsMpEng.exe,0x0,0x0,Logoff for CORP\admin.ops from workstation PC-FIN-001,0,none,Internal,LAN,,
2026-04-28 04:54:56,WIN-SRV-APP01,Microsoft-Windows-Security-Auditing,Security,4634,An account was logged off,CORP,alopez,PC-OPS-014,192.168.1.163,58620,10,C:\\Windows\\System32\\lsass.exe,0x0,0x0,Logoff for CORP\alopez from workstation PC-OPS-014,0,none,Internal,LAN,,
2026-04-28 04:55:54,WIN-SRV-FILE01,Microsoft-Windows-Security-Auditing,Security,4624,An account was successfully logged on,EMPRESA,mgarcia,SRV-MON-001,192.168.1.58,59579,3,C:\\Program Files\\Microsoft Defender\\MsMpEng.exe,0x0,0x0,Successful logon for EMPRESA\mgarcia from 192.168.1.58 using logon type 3,0,none,Internal,LAN,,
2026-04-28 04:55:57,WIN11-SEC-022,Microsoft-Windows-Security-Auditing,Security,4634,An account was logged off,CORP,admin.ops,LAP-GER-003,192.168.1.171,62646,2,C:\\Windows\\System32\\lsass.exe,0x0,0x0,Logoff for CORP\admin.ops from workstation LAP-GER-003,0,none,Internal,LAN,,
2026-04-28 04:56:38,WIN-SRV-APP01,Microsoft-Windows-Security-Auditing,Security,4624,An account was successfully logged on,EMPRESA,jperez,SRV-MON-001,172.16.20.96,49172,3,C:\\Windows\\System32\\cmd.exe,0x0,0x0,Successful logon for EMPRESA\jperez from 172.16.20.96 using logon type 3,0,none,Internal,LAN,,
2026-04-28 04:56:45,WIN-SRV-FILE01,Microsoft-Windows-Security-Auditing,Security,4672,Special privileges assigned to new logon,EMPRESA,crojas,SRV-MON-001,192.168.1.113,57701,3,C:\\Windows\\System32\\lsass.exe,0x0,0x0,Special privileges assigned to EMPRESA\crojas,0,none,Internal,LAN,,
2026-04-28 04:57:23,WIN-SRV-APP01,Microsoft-Windows-Security-Auditing,Security,4624,An account was successfully logged on,EMPRESA,crojas,LAP-GER-003,172.16.20.98,55732,7,C:\\Windows\\System32\\cmd.exe,0x0,0x0,Successful logon for EMPRESA\crojas from 172.16.20.98 using logon type 7,0,none,Internal,LAN,,
2026-04-28 04:57:26,WIN-SRV-FILE01,Microsoft-Windows-Security-Auditing,Security,4624,An account was successfully logged on,CORP,helpdesk01,SRV-MON-001,172.16.20.60,55092,10,C:\\Windows\\System32\\winlogon.exe,0x0,0x0,Successful logon for CORP\helpdesk01 from 172.16.20.60 using logon type 10,0,none,Internal,LAN,,
2026-04-28 05:01:17,WIN-SRV-APP01,Microsoft-Windows-Security-Auditing,Security,4624,An account was successfully logged on,LOCAL,svc_backup,PC-FIN-001,172.16.20.126,59480,7,C:\\Windows\\System32\\winlogon.exe,0x0,0x0,Successful logon for LOCAL\svc_backup from 172.16.20.126 using logon type 7,0,none,Internal,LAN,,
2026-04-28 05:01:19,WIN11-SEC-022,Microsoft-Windows-Security-Auditing,Security,4672,Special privileges assigned to new logon,CORP,mgarcia,PC-RRHH-002,192.168.1.52,55028,2,C:\\Windows\\System32\\cmd.exe,0x0,0x0,Special privileges assigned to CORP\mgarcia,0,none,Internal,LAN,,
2026-04-28 05:01:49,WIN-SRV-DC01,Microsoft-Windows-Security-Auditing,Security,4634,An account was logged off,EMPRESA,finanzas02,PC-RRHH-002,10.10.103.236,50249,7,C:\\Windows\\System32\\lsass.exe,0x0,0x0,Logoff for EMPRESA\finanzas02 from workstation PC-RRHH-002,0,none,Internal,LAN,,
2026-04-28 05:02:25,WIN-SRV-APP01,Microsoft-Windows-Security-Auditing,Security,4672,Special privileges assigned to new logon,CORP,svc_monitor,LAP-GER-003,10.10.101.122,54996,7,C:\\Windows\\System32\\WindowsPowerShell\\v1.0\\powershell.exe,0x0,0x0,Special privileges assigned to CORP\svc_monitor,0,none,Internal,LAN,,
2026-04-28 05:02:34,WIN-SRV-APP01,Microsoft-Windows-Security-Auditing,Security,4688,A new process has been created,CORP,analista01,PC-OPS-014,172.16.20.111,54148,7,C:\\Windows\\System32\\winlogon.exe,0x0,0x0,Process created by CORP\analista01: C:\\Windows\\System32\\winlogon.exe,0,none,Internal,LAN,,
2026-04-28 05:03:35,WIN11-SEC-022,Microsoft-Windows-Security-Auditing,Security,4624,An account was successfully logged on,EMPRESA,crojas,PC-FIN-001,192.168.1.81,59244,7,C:\\Windows\\System32\\svchost.exe,0x0,0x0,Successful logon for EMPRESA\crojas from 192.168.1.81 using logon type 7,0,none,Internal,LAN,,
2026-04-28 05:03:45,WIN11-SEC-022,Microsoft-Windows-Security-Auditing,Security,4624,An account was successfully logged on,CORP,dtorres,PC-RRHH-002,10.10.137.195,56472,2,C:\\Windows\\System32\\lsass.exe,0x0,0x0,Successful logon for CORP\dtorres from 10.10.137.195 using logon type 2,0,none,Internal,LAN,,
2026-04-28 05:05:32,WIN-SRV-APP01,Microsoft-Windows-Security-Auditing,Security,4624,An account was successfully logged on,LOCAL,helpdesk01,PC-OPS-014,10.10.197.79,50659,3,C:\\Program Files\\Microsoft Defender\\MsMpEng.exe,0x0,0x0,Successful logon for LOCAL\helpdesk01 from 10.10.197.79 using logon type 3,0,none,Internal,LAN,,
2026-04-28 05:07:05,WIN-SRV-FILE01,Microsoft-Windows-Security-Auditing,Security,4688,A new process has been created,LOCAL,finanzas02,PC-FIN-001,192.168.1.153,61583,10,C:\\Windows\\System32\\winlogon.exe,0x0,0x0,Process created by LOCAL\finanzas02: C:\\Windows\\System32\\winlogon.exe,0,none,Internal,LAN,,
2026-04-28 05:08:18,WIN-SRV-DC01,Microsoft-Windows-Security-Auditing,Security,4624,An account was successfully logged on,EMPRESA,finanzas02,PC-FIN-001,10.10.126.33,63430,10,C:\\Windows\\System32\\svchost.exe,0x0,0x0,Successful logon for EMPRESA\finanzas02 from 10.10.126.33 using logon type 10,0,none,Internal,LAN,,
2026-04-28 05:09:01,WIN11-SEC-022,Microsoft-Windows-Security-Auditing,Security,4624,An account was successfully logged on,LOCAL,dtorres,PC-FIN-001,172.16.20.169,57456,3,C:\\Windows\\System32\\lsass.exe,0x0,0x0,Successful logon for LOCAL\dtorres from 172.16.20.169 using logon type 3,0,none,Internal,LAN,,
2026-04-28 05:09:32,WIN10-FIN-014,Microsoft-Windows-Security-Auditing,Security,4624,An account was successfully logged on,LOCAL,helpdesk01,SRV-MON-001,192.168.1.127,65235,7,C:\\Program Files\\Microsoft Defender\\MsMpEng.exe,0x0,0x0,Successful logon for LOCAL\helpdesk01 from 192.168.1.127 using logon type 7,0,none,Internal,LAN,,
2026-04-28 05:11:53,WIN-SRV-APP01,Microsoft-Windows-Security-Auditing,Security,4624,An account was successfully logged on,CORP,jperez,PC-RRHH-002,192.168.1.1,59023,10,C:\\Windows\\System32\\lsass.exe,0x0,0x0,Successful logon for CORP\jperez from 192.168.1.1 using logon type 10,0,none,Internal,LAN,,
2026-04-28 05:12:48,WIN-SRV-APP01,Microsoft-Windows-Security-Auditing,Security,4634,An account was logged off,LOCAL,dtorres,LAP-GER-003,172.16.20.232,54646,10,C:\\Windows\\System32\\lsass.exe,0x0,0x0,Logoff for LOCAL\dtorres from workstation LAP-GER-003,0,none,Internal,LAN,,
2026-04-28 05:13:25,WIN10-FIN-014,Microsoft-Windows-Security-Auditing,Security,4624,An account was successfully logged on,LOCAL,helpdesk01,SRV-MON-001,192.168.1.189,55917,10,C:\\Program Files\\Google\\Chrome\\Application\\chrome.exe,0x0,0x0,Successful logon for LOCAL\helpdesk01 from 192.168.1.189 using logon type 10,0,none,Internal,LAN,,
2026-04-28 05:13:30,WIN10-FIN-014,Microsoft-Windows-Security-Auditing,Security,4634,An account was logged off,EMPRESA,mgarcia,PC-FIN-001,10.10.149.43,56421,3,C:\\Windows\\System32\\WindowsPowerShell\\v1.0\\powershell.exe,0x0,0x0,Logoff for EMPRESA\mgarcia from workstation PC-FIN-001,0,none,Internal,LAN,,
2026-04-28 05:14:39,WIN10-FIN-014,Microsoft-Windows-Security-Auditing,Security,4624,An account was successfully logged on,LOCAL,crojas,LAP-GER-003,10.10.114.245,55905,10,C:\\Windows\\System32\\lsass.exe,0x0,0x0,Successful logon for LOCAL\crojas from 10.10.114.245 using logon type 10,0,none,Internal,LAN,,
2026-04-28 05:15:11,WIN10-FIN-014,Microsoft-Windows-Security-Auditing,Security,4624,An account was successfully logged on,EMPRESA,svc_backup,PC-OPS-014,192.168.1.100,64673,2,C:\\Program Files\\Google\\Chrome\\Application\\chrome.exe,0x0,0x0,Successful logon for EMPRESA\svc_backup from 192.168.1.100 using logon type 2,0,none,Internal,LAN,,
2026-04-28 05:16:08,WIN-SRV-FILE01,Microsoft-Windows-Security-Auditing,Security,4634,An account was logged off,LOCAL,alopez,PC-RRHH-002,172.16.20.39,58310,3,C:\\Windows\\System32\\cmd.exe,0x0,0x0,Logoff for LOCAL\alopez from workstation PC-RRHH-002,0,none,Internal,LAN,,
2026-04-28 05:16:48,WIN-SRV-DC01,Microsoft-Windows-Security-Auditing,Security,4624,An account was successfully logged on,EMPRESA,alopez,PC-FIN-001,172.16.20.239,63381,2,C:\\Program Files\\Google\\Chrome\\Application\\chrome.exe,0x0,0x0,Successful logon for EMPRESA\alopez from 172.16.20.239 using logon type 2,0,none,Internal,LAN,,
2026-04-28 05:17:02,WIN10-FIN-014,Microsoft-Windows-Security-Auditing,Security,4688,A new process has been created,EMPRESA,crojas,PC-OPS-014,10.10.254.252,55417,2,C:\\Windows\\System32\\WindowsPowerShell\\v1.0\\powershell.exe,0x0,0x0,Process created by EMPRESA\crojas: C:\\Windows\\System32\\WindowsPowerShell\\v1.0\\powershell.exe,0,none,Internal,LAN,,
2026-04-28 05:18:29,WIN-SRV-APP01,Microsoft-Windows-Security-Auditing,Security,4624,An account was successfully logged on,LOCAL,crojas,PC-OPS-014,172.16.20.69,49951,10,C:\\Program Files\\Google\\Chrome\\Application\\chrome.exe,0x0,0x0,Successful logon for LOCAL\crojas from 172.16.20.69 using logon type 10,0,none,Internal,LAN,,
2026-04-28 05:18:33,WIN10-FIN-014,Microsoft-Windows-Security-Auditing,Security,4624,An account was successfully logged on,LOCAL,crojas,PC-RRHH-002,10.10.253.154,50687,3,C:\\Windows\\System32\\WindowsPowerShell\\v1.0\\powershell.exe,0x0,0x0,Successful logon for LOCAL\crojas from 10.10.253.154 using logon type 3,0,none,Internal,LAN,,
2026-04-28 05:18:45,WIN-SRV-FILE01,Microsoft-Windows-Security-Auditing,Security,4688,A new process has been created,CORP,helpdesk01,SRV-MON-001,172.16.20.101,59539,7,C:\\Windows\\System32\\winlogon.exe,0x0,0x0,Process created by CORP\helpdesk01: C:\\Windows\\System32\\winlogon.exe,0,none,Internal,LAN,,
2026-04-28 05:19:42,WIN-SRV-DC01,Microsoft-Windows-Security-Auditing,Security,4688,A new process has been created,EMPRESA,admin.ops,LAP-GER-003,172.16.20.33,63453,7,C:\\Windows\\System32\\lsass.exe,0x0,0x0,Process created by EMPRESA\admin.ops: C:\\Windows\\System32\\lsass.exe,0,none,Internal,LAN,,
2026-04-28 05:21:57,WIN-SRV-APP01,Microsoft-Windows-Security-Auditing,Security,4688,A new process has been created,CORP,jperez,PC-FIN-001,172.16.20.146,64020,2,C:\\Program Files\\Google\\Chrome\\Application\\chrome.exe,0x0,0x0,Process created by CORP\jperez: C:\\Program Files\\Google\\Chrome\\Application\\chrome.exe,0,none,Internal,LAN,,
2026-04-28 05:22:11,WIN11-SEC-022,Microsoft-Windows-Security-Auditing,Security,4672,Special privileges assigned to new logon,CORP,alopez,PC-OPS-014,192.168.1.217,63103,3,C:\\Program Files\\Google\\Chrome\\Application\\chrome.exe,0x0,0x0,Special privileges assigned to CORP\alopez,0,none,Internal,LAN,,
2026-04-28 05:22:16,WIN10-FIN-014,Microsoft-Windows-Security-Auditing,Security,4688,A new process has been created,CORP,jperez,PC-FIN-001,10.10.186.160,58225,7,C:\\Windows\\System32\\lsass.exe,0x0,0x0,Process created by CORP\jperez: C:\\Windows\\System32\\lsass.exe,0,none,Internal,LAN,,
2026-04-28 05:22:39,WIN11-SEC-022,Microsoft-Windows-Security-Auditing,Security,4634,An account was logged off,CORP,svc_backup,LAP-GER-003,192.168.1.52,58722,2,C:\\Windows\\System32\\WindowsPowerShell\\v1.0\\powershell.exe,0x0,0x0,Logoff for CORP\svc_backup from workstation LAP-GER-003,0,none,Internal,LAN,,
2026-04-28 05:23:12,WIN-SRV-FILE01,Microsoft-Windows-Security-Auditing,Security,4634,An account was logged off,CORP,svc_backup,PC-OPS-014,172.16.20.122,53972,3,C:\\Windows\\System32\\WindowsPowerShell\\v1.0\\powershell.exe,0x0,0x0,Logoff for CORP\svc_backup from workstation PC-OPS-014,0,none,Internal,LAN,,
2026-04-28 05:23:42,WIN-SRV-DC01,Microsoft-Windows-Security-Auditing,Security,4624,An account was successfully logged on,CORP,svc_monitor,LAP-GER-003,10.10.97.1,57057,3,C:\\Program Files\\Microsoft Defender\\MsMpEng.exe,0x0,0x0,Successful logon for CORP\svc_monitor from 10.10.97.1 using logon type 3,0,none,Internal,LAN,,
2026-04-28 05:24:15,WIN-SRV-FILE01,Microsoft-Windows-Security-Auditing,Security,4634,An account was logged off,CORP,svc_backup,PC-OPS-014,10.10.152.58,64834,3,C:\\Windows\\System32\\cmd.exe,0x0,0x0,Logoff for CORP\svc_backup from workstation PC-OPS-014,0,none,Internal,LAN,,
2026-04-28 05:24:23,WIN-SRV-APP01,Microsoft-Windows-Security-Auditing,Security,4688,A new process has been created,CORP,helpdesk01,PC-RRHH-002,10.10.229.135,51724,2,C:\\Windows\\System32\\lsass.exe,0x0,0x0,Process created by CORP\helpdesk01: C:\\Windows\\System32\\lsass.exe,0,none,Internal,LAN,,
2026-04-28 05:29:33,WIN-SRV-FILE01,Microsoft-Windows-Security-Auditing,Security,4624,An account was successfully logged on,LOCAL,jperez,PC-RRHH-002,192.168.1.185,59103,10,C:\\Program Files\\Microsoft Defender\\MsMpEng.exe,0x0,0x0,Successful logon for LOCAL\jperez from 192.168.1.185 using logon type 10,0,none,Internal,LAN,,
2026-04-28 05:29:38,WIN-SRV-FILE01,Microsoft-Windows-Security-Auditing,Security,4624,An account was successfully logged on,CORP,svc_backup,PC-FIN-001,10.10.167.195,56540,7,C:\\Windows\\System32\\svchost.exe,0x0,0x0,Successful logon for CORP\svc_backup from 10.10.167.195 using logon type 7,0,none,Internal,LAN,,
2026-04-28 05:30:05,WIN-SRV-FILE01,Microsoft-Windows-Security-Auditing,Security,4634,An account was logged off,CORP,lcastro,LAP-GER-003,10.10.112.62,62549,10,C:\\Program Files\\Microsoft Defender\\MsMpEng.exe,0x0,0x0,Logoff for CORP\lcastro from workstation LAP-GER-003,0,none,Internal,LAN,,
2026-04-28 05:30:23,WIN-SRV-DC01,Microsoft-Windows-Security-Auditing,Security,4624,An account was successfully logged on,LOCAL,finanzas02,PC-RRHH-002,192.168.1.52,53549,7,C:\\Program Files\\Google\\Chrome\\Application\\chrome.exe,0x0,0x0,Successful logon for LOCAL\finanzas02 from 192.168.1.52 using logon type 7,0,none,Internal,LAN,,
2026-04-28 05:30:46,WIN-SRV-FILE01,Microsoft-Windows-Security-Auditing,Security,4688,A new process has been created,CORP,mgarcia,SRV-MON-001,10.10.231.77,61356,3,C:\\Windows\\System32\\cmd.exe,0x0,0x0,Process created by CORP\mgarcia: C:\\Windows\\System32\\cmd.exe,0,none,Internal,LAN,,
2026-04-28 05:32:08,WIN10-FIN-014,Microsoft-Windows-Security-Auditing,Security,4688,A new process has been created,LOCAL,finanzas02,PC-FIN-001,10.10.217.96,51898,7,C:\\Program Files\\Microsoft Defender\\MsMpEng.exe,0x0,0x0,Process created by LOCAL\finanzas02: C:\\Program Files\\Microsoft Defender\\MsMpEng.exe,0,none,Internal,LAN,,
2026-04-28 05:32:20,WIN11-SEC-022,Microsoft-Windows-Security-Auditing,Security,4688,A new process has been created,LOCAL,svc_backup,PC-RRHH-002,192.168.1.106,59579,7,C:\\Windows\\System32\\winlogon.exe,0x0,0x0,Process created by LOCAL\svc_backup: C:\\Windows\\System32\\winlogon.exe,0,none,Internal,LAN,,
2026-04-28 05:32:22,WIN-SRV-FILE01,Microsoft-Windows-Security-Auditing,Security,4634,An account was logged off,LOCAL,mgarcia,PC-OPS-014,192.168.1.83,63448,2,C:\\Windows\\System32\\lsass.exe,0x0,0x0,Logoff for LOCAL\mgarcia from workstation PC-OPS-014,0,none,Internal,LAN,,
2026-04-28 05:32:25,WIN11-SEC-022,Microsoft-Windows-Security-Auditing,Security,4634,An account was logged off,CORP,finanzas02,LAP-GER-003,172.16.20.122,55651,7,C:\\Windows\\System32\\svchost.exe,0x0,0x0,Logoff for CORP\finanzas02 from workstation LAP-GER-003,0,none,Internal,LAN,,
2026-04-28 05:34:54,WIN-SRV-DC01,Microsoft-Windows-Security-Auditing,Security,4634,An account was logged off,CORP,alopez,PC-RRHH-002,172.16.20.76,55369,7,C:\\Program Files\\Microsoft Defender\\MsMpEng.exe,0x0,0x0,Logoff for CORP\alopez from workstation PC-RRHH-002,0,none,Internal,LAN,,
2026-04-28 05:37:59,WIN-SRV-DC01,Microsoft-Windows-Security-Auditing,Security,4688,A new process has been created,CORP,mgarcia,PC-RRHH-002,192.168.1.245,50365,3,C:\\Windows\\System32\\svchost.exe,0x0,0x0,Process created by CORP\mgarcia: C:\\Windows\\System32\\svchost.exe,0,none,Internal,LAN,,
2026-04-28 05:40:25,WIN-SRV-DC01,Microsoft-Windows-Security-Auditing,Security,4624,An account was successfully logged on,LOCAL,admin.ops,SRV-MON-001,192.168.1.232,57620,10,C:\\Windows\\System32\\winlogon.exe,0x0,0x0,Successful logon for LOCAL\admin.ops from 192.168.1.232 using logon type 10,0,none,Internal,LAN,,
2026-04-28 05:48:06,WIN-SRV-FILE01,Microsoft-Windows-Security-Auditing,Security,4688,A new process has been created,CORP,alopez,LAP-GER-003,10.10.154.115,54404,2,C:\\Windows\\System32\\winlogon.exe,0x0,0x0,Process created by CORP\alopez: C:\\Windows\\System32\\winlogon.exe,0,none,Internal,LAN,,
2026-04-28 05:48:42,WIN-SRV-DC01,Microsoft-Windows-Security-Auditing,Security,4672,Special privileges assigned to new logon,CORP,lcastro,LAP-GER-003,192.168.1.172,61437,7,C:\\Windows\\System32\\cmd.exe,0x0,0x0,Special privileges assigned to CORP\lcastro,0,none,Internal,LAN,,
2026-04-28 05:51:15,WIN-SRV-FILE01,Microsoft-Windows-Security-Auditing,Security,4624,An account was successfully logged on,LOCAL,analista01,PC-OPS-014,192.168.1.236,58751,7,C:\\Windows\\System32\\winlogon.exe,0x0,0x0,Successful logon for LOCAL\analista01 from 192.168.1.236 using logon type 7,0,none,Internal,LAN,,
2026-04-28 05:53:25,WIN-SRV-DC01,Microsoft-Windows-Security-Auditing,Security,4624,An account was successfully logged on,CORP,svc_backup,PC-RRHH-002,192.168.1.225,56221,2,C:\\Windows\\System32\\WindowsPowerShell\\v1.0\\powershell.exe,0x0,0x0,Successful logon for CORP\svc_backup from 192.168.1.225 using logon type 2,0,none,Internal,LAN,,
2026-04-28 05:54:02,WIN-SRV-APP01,Microsoft-Windows-Security-Auditing,Security,4624,An account was successfully logged on,CORP,helpdesk01,LAP-GER-003,172.16.20.217,52487,3,C:\\Windows\\System32\\winlogon.exe,0x0,0x0,Successful logon for CORP\helpdesk01 from 172.16.20.217 using logon type 3,0,none,Internal,LAN,,
2026-04-28 05:54:56,WIN-SRV-APP01,Microsoft-Windows-Security-Auditing,Security,4688,A new process has been created,EMPRESA,dtorres,SRV-MON-001,192.168.1.201,49249,10,C:\\Windows\\System32\\svchost.exe,0x0,0x0,Process created by EMPRESA\dtorres: C:\\Windows\\System32\\svchost.exe,0,none,Internal,LAN,,
2026-04-28 05:55:34,WIN10-FIN-014,Microsoft-Windows-Security-Auditing,Security,4624,An account was successfully logged on,EMPRESA,lcastro,PC-OPS-014,10.10.130.10,63735,3,C:\\Program Files\\Microsoft Defender\\MsMpEng.exe,0x0,0x0,Successful logon for EMPRESA\lcastro from 10.10.130.10 using logon type 3,0,none,Internal,LAN,,
2026-04-28 05:59:24,WIN11-SEC-022,Microsoft-Windows-Security-Auditing,Security,4624,An account was successfully logged on,EMPRESA,crojas,SRV-MON-001,192.168.1.85,50355,2,C:\\Windows\\System32\\svchost.exe,0x0,0x0,Successful logon for EMPRESA\crojas from 192.168.1.85 using logon type 2,0,none,Internal,LAN,,
2026-04-28 05:59:26,WIN11-SEC-022,Microsoft-Windows-Security-Auditing,Security,4624,An account was successfully logged on,EMPRESA,lcastro,PC-OPS-014,10.10.98.225,51137,10,C:\\Windows\\System32\\cmd.exe,0x0,0x0,Successful logon for EMPRESA\lcastro from 10.10.98.225 using logon type 10,0,none,Internal,LAN,,
2026-04-28 06:03:24,WIN-SRV-APP01,Microsoft-Windows-Security-Auditing,Security,4624,An account was successfully logged on,EMPRESA,svc_backup,PC-RRHH-002,10.10.184.200,56541,7,C:\\Windows\\System32\\WindowsPowerShell\\v1.0\\powershell.exe,0x0,0x0,Successful logon for EMPRESA\svc_backup from 10.10.184.200 using logon type 7,0,none,Internal,LAN,,
2026-04-28 06:04:48,WIN-SRV-FILE01,Microsoft-Windows-Security-Auditing,Security,4688,A new process has been created,LOCAL,analista01,PC-OPS-014,192.168.1.250,54900,3,C:\\Windows\\System32\\WindowsPowerShell\\v1.0\\powershell.exe,0x0,0x0,Process created by LOCAL\analista01: C:\\Windows\\System32\\WindowsPowerShell\\v1.0\\powershell.exe,0,none,Internal,LAN,,
2026-04-28 06:04:51,WIN-SRV-APP01,Microsoft-Windows-Security-Auditing,Security,4688,A new process has been created,EMPRESA,jperez,PC-FIN-001,10.10.207.41,52755,7,C:\\Program Files\\Microsoft Defender\\MsMpEng.exe,0x0,0x0,Process created by EMPRESA\jperez: C:\\Program Files\\Microsoft Defender\\MsMpEng.exe,0,none,Internal,LAN,,
2026-04-28 06:05:21,WIN11-SEC-022,Microsoft-Windows-Security-Auditing,Security,4624,An account was successfully logged on,LOCAL,jperez,PC-FIN-001,172.16.20.82,56391,2,C:\\Windows\\System32\\svchost.exe,0x0,0x0,Successful logon for LOCAL\jperez from 172.16.20.82 using logon type 2,0,none,Internal,LAN,,
2026-04-28 06:09:01,WIN-SRV-FILE01,Microsoft-Windows-Security-Auditing,Security,4634,An account was logged off,EMPRESA,svc_backup,PC-OPS-014,10.10.9.33,59766,3,C:\\Windows\\System32\\lsass.exe,0x0,0x0,Logoff for EMPRESA\svc_backup from workstation PC-OPS-014,0,none,Internal,LAN,,
2026-04-28 06:09:59,WIN11-SEC-022,Microsoft-Windows-Security-Auditing,Security,4624,An account was successfully logged on,CORP,alopez,LAP-GER-003,192.168.1.6,54301,7,C:\\Windows\\System32\\cmd.exe,0x0,0x0,Successful logon for CORP\alopez from 192.168.1.6 using logon type 7,0,none,Internal,LAN,,
2026-04-28 06:10:48,WIN10-FIN-014,Microsoft-Windows-Security-Auditing,Security,4624,An account was successfully logged on,LOCAL,mgarcia,PC-FIN-001,172.16.20.187,51707,10,C:\\Windows\\System32\\lsass.exe,0x0,0x0,Successful logon for LOCAL\mgarcia from 172.16.20.187 using logon type 10,0,none,Internal,LAN,,
2026-04-28 06:12:44,WIN-SRV-FILE01,Microsoft-Windows-Security-Auditing,Security,4634,An account was logged off,EMPRESA,lcastro,LAP-GER-003,10.10.104.148,59752,7,C:\\Windows\\System32\\svchost.exe,0x0,0x0,Logoff for EMPRESA\lcastro from workstation LAP-GER-003,0,none,Internal,LAN,,
2026-04-28 06:14:21,WIN-SRV-APP01,Microsoft-Windows-Security-Auditing,Security,4624,An account was successfully logged on,LOCAL,helpdesk01,LAP-GER-003,172.16.20.181,53296,10,C:\\Windows\\System32\\svchost.exe,0x0,0x0,Successful logon for LOCAL\helpdesk01 from 172.16.20.181 using logon type 10,0,none,Internal,LAN,,
2026-04-28 06:14:53,WIN-SRV-FILE01,Microsoft-Windows-Security-Auditing,Security,4634,An account was logged off,EMPRESA,crojas,PC-OPS-014,192.168.1.71,61257,2,C:\\Windows\\System32\\WindowsPowerShell\\v1.0\\powershell.exe,0x0,0x0,Logoff for EMPRESA\crojas from workstation PC-OPS-014,0,none,Internal,LAN,,
2026-04-28 06:15:22,WIN-SRV-APP01,Microsoft-Windows-Security-Auditing,Security,4624,An account was successfully logged on,EMPRESA,crojas,PC-RRHH-002,172.16.20.251,52771,2,C:\\Program Files\\Microsoft Defender\\MsMpEng.exe,0x0,0x0,Successful logon for EMPRESA\crojas from 172.16.20.251 using logon type 2,0,none,Internal,LAN,,
2026-04-28 06:17:55,WIN-SRV-DC01,Microsoft-Windows-Security-Auditing,Security,4624,An account was successfully logged on,EMPRESA,finanzas02,PC-FIN-001,172.16.20.130,51738,7,C:\\Program Files\\Google\\Chrome\\Application\\chrome.exe,0x0,0x0,Successful logon for EMPRESA\finanzas02 from 172.16.20.130 using logon type 7,0,none,Internal,LAN,,
2026-04-28 06:19:05,WIN10-FIN-014,Microsoft-Windows-Security-Auditing,Security,4634,An account was logged off,LOCAL,jperez,PC-FIN-001,10.10.67.91,61090,3,C:\\Program Files\\Microsoft Defender\\MsMpEng.exe,0x0,0x0,Logoff for LOCAL\jperez from workstation PC-FIN-001,0,none,Internal,LAN,,
2026-04-28 06:19:46,WIN-SRV-DC01,Microsoft-Windows-Security-Auditing,Security,4624,An account was successfully logged on,EMPRESA,analista01,PC-FIN-001,172.16.20.206,56332,7,C:\\Program Files\\Google\\Chrome\\Application\\chrome.exe,0x0,0x0,Successful logon for EMPRESA\analista01 from 172.16.20.206 using logon type 7,0,none,Internal,LAN,,
2026-04-28 06:21:29,WIN-SRV-APP01,Microsoft-Windows-Security-Auditing,Security,4624,An account was successfully logged on,CORP,dtorres,LAP-GER-003,192.168.1.234,50123,3,C:\\Windows\\System32\\svchost.exe,0x0,0x0,Successful logon for CORP\dtorres from 192.168.1.234 using logon type 3,0,none,Internal,LAN,,
2026-04-28 06:21:44,WIN-SRV-DC01,Microsoft-Windows-Security-Auditing,Security,4624,An account was successfully logged on,EMPRESA,alopez,SRV-MON-001,172.16.20.206,65192,7,C:\\Windows\\System32\\lsass.exe,0x0,0x0,Successful logon for EMPRESA\alopez from 172.16.20.206 using logon type 7,0,none,Internal,LAN,,
2026-04-28 06:24:29,WIN-SRV-DC01,Microsoft-Windows-Security-Auditing,Security,4634,An account was logged off,LOCAL,finanzas02,PC-FIN-001,172.16.20.226,54621,7,C:\\Windows\\System32\\cmd.exe,0x0,0x0,Logoff for LOCAL\finanzas02 from workstation PC-FIN-001,0,none,Internal,LAN,,
2026-04-28 06:24:37,WIN-SRV-DC01,Microsoft-Windows-Security-Auditing,Security,4672,Special privileges assigned to new logon,CORP,lcastro,PC-RRHH-002,10.10.225.121,53584,7,C:\\Windows\\System32\\svchost.exe,0x0,0x0,Special privileges assigned to CORP\lcastro,0,none,Internal,LAN,,
2026-04-28 06:24:49,WIN-SRV-FILE01,Microsoft-Windows-Security-Auditing,Security,4624,An account was successfully logged on,LOCAL,dtorres,PC-OPS-014,192.168.1.49,64923,2,C:\\Windows\\System32\\WindowsPowerShell\\v1.0\\powershell.exe,0x0,0x0,Successful logon for LOCAL\dtorres from 192.168.1.49 using logon type 2,0,none,Internal,LAN,,
2026-04-28 06:25:44,WIN-SRV-APP01,Microsoft-Windows-Security-Auditing,Security,4624,An account was successfully logged on,CORP,lcastro,PC-FIN-001,192.168.1.81,56616,3,C:\\Program Files\\Google\\Chrome\\Application\\chrome.exe,0x0,0x0,Successful logon for CORP\lcastro from 192.168.1.81 using logon type 3,0,none,Internal,LAN,,
2026-04-28 06:30:37,WIN10-FIN-014,Microsoft-Windows-Security-Auditing,Security,4624,An account was successfully logged on,CORP,lcastro,LAP-GER-003,10.10.134.148,52407,10,C:\\Program Files\\Microsoft Defender\\MsMpEng.exe,0x0,0x0,Successful logon for CORP\lcastro from 10.10.134.148 using logon type 10,0,none,Internal,LAN,,
2026-04-28 06:30:58,WIN10-FIN-014,Microsoft-Windows-Security-Auditing,Security,4634,An account was logged off,LOCAL,alopez,PC-RRHH-002,192.168.1.154,61207,2,C:\\Windows\\System32\\svchost.exe,0x0,0x0,Logoff for LOCAL\alopez from workstation PC-RRHH-002,0,none,Internal,LAN,,
2026-04-28 06:33:14,WIN-SRV-FILE01,Microsoft-Windows-Security-Auditing,Security,4624,An account was successfully logged on,CORP,mgarcia,PC-RRHH-002,172.16.20.37,61345,2,C:\\Windows\\System32\\cmd.exe,0x0,0x0,Successful logon for CORP\mgarcia from 172.16.20.37 using logon type 2,0,none,Internal,LAN,,
2026-04-28 06:33:46,WIN11-SEC-022,Microsoft-Windows-Security-Auditing,Security,4634,An account was logged off,EMPRESA,svc_monitor,PC-FIN-001,172.16.20.121,56227,10,C:\\Windows\\System32\\WindowsPowerShell\\v1.0\\powershell.exe,0x0,0x0,Logoff for EMPRESA\svc_monitor from workstation PC-FIN-001,0,none,Internal,LAN,,
2026-04-28 06:34:57,WIN11-SEC-022,Microsoft-Windows-Security-Auditing,Security,4624,An account was successfully logged on,LOCAL,crojas,PC-OPS-014,172.16.20.183,52576,2,C:\\Windows\\System32\\cmd.exe,0x0,0x0,Successful logon for LOCAL\crojas from 172.16.20.183 using logon type 2,0,none,Internal,LAN,,
2026-04-28 06:35:01,WIN10-FIN-014,Microsoft-Windows-Security-Auditing,Security,4624,An account was successfully logged on,LOCAL,analista01,PC-FIN-001,10.10.170.10,53440,7,C:\\Windows\\System32\\WindowsPowerShell\\v1.0\\powershell.exe,0x0,0x0,Successful logon for LOCAL\analista01 from 10.10.170.10 using logon type 7,0,none,Internal,LAN,,
2026-04-28 06:37:08,WIN-SRV-DC01,Microsoft-Windows-Security-Auditing,Security,4624,An account was successfully logged on,EMPRESA,lcastro,PC-FIN-001,10.10.106.12,58689,2,C:\\Windows\\System32\\winlogon.exe,0x0,0x0,Successful logon for EMPRESA\lcastro from 10.10.106.12 using logon type 2,0,none,Internal,LAN,,
2026-04-28 06:37:11,WIN-SRV-DC01,Microsoft-Windows-Security-Auditing,Security,4634,An account was logged off,LOCAL,jperez,PC-OPS-014,172.16.20.250,57276,2,C:\\Windows\\System32\\winlogon.exe,0x0,0x0,Logoff for LOCAL\jperez from workstation PC-OPS-014,0,none,Internal,LAN,,
2026-04-28 06:37:32,WIN11-SEC-022,Microsoft-Windows-Security-Auditing,Security,4634,An account was logged off,EMPRESA,mgarcia,PC-RRHH-002,192.168.1.13,56591,7,C:\\Windows\\System32\\cmd.exe,0x0,0x0,Logoff for EMPRESA\mgarcia from workstation PC-RRHH-002,0,none,Internal,LAN,,
