2026-04-27 10:19:27,WIN10-FIN-014,Microsoft-Windows-Security-Auditing,Security,4634,An account was logged off,LOCAL,svc_backup,PC-FIN-001,10.10.140.168,57119,7,C:\\Windows\\System32\\svchost.exe,0x0,0x0,Logoff for LOCAL\svc_backup from workstation PC-FIN-001,0,none,Internal,LAN,,
2026-04-27 10:19:34,WIN11-SEC-022,Microsoft-Windows-Security-Auditing,Security,4672,Special privileges assigned to new logon,CORP,svc_monitor,SRV-MON-001,10.10.122.14,52068,3,C:\\Windows\\System32\\svchost.exe,0x0,0x0,Special privileges assigned to CORP\svc_monitor,0,none,Internal,LAN,,
2026-04-27 10:20:51,WIN-SRV-DC01,Microsoft-Windows-Security-Auditing,Security,4624,An account was successfully logged on,CORP,admin.ops,PC-OPS-014,192.168.1.100,60150,7,C:\\Program Files\\Microsoft Defender\\MsMpEng.exe,0x0,0x0,Successful logon for CORP\admin.ops from 192.168.1.100 using logon type 7,0,none,Internal,LAN,,
2026-04-27 10:24:52,WIN-SRV-DC01,Microsoft-Windows-Security-Auditing,Security,4672,Special privileges assigned to new logon,CORP,crojas,PC-OPS-014,172.16.20.90,52094,3,C:\\Program Files\\Google\\Chrome\\Application\\chrome.exe,0x0,0x0,Special privileges assigned to CORP\crojas,0,none,Internal,LAN,,
2026-04-27 10:24:55,WIN11-SEC-022,Microsoft-Windows-Security-Auditing,Security,4634,An account was logged off,EMPRESA,crojas,PC-OPS-014,192.168.1.111,50567,3,C:\\Program Files\\Microsoft Defender\\MsMpEng.exe,0x0,0x0,Logoff for EMPRESA\crojas from workstation PC-OPS-014,0,none,Internal,LAN,,
2026-04-27 10:26:31,WIN10-FIN-014,Microsoft-Windows-Security-Auditing,Security,4624,An account was successfully logged on,EMPRESA,mgarcia,PC-FIN-001,192.168.1.76,58281,7,C:\\Program Files\\Google\\Chrome\\Application\\chrome.exe,0x0,0x0,Successful logon for EMPRESA\mgarcia from 192.168.1.76 using logon type 7,0,none,Internal,LAN,,
2026-04-27 10:27:45,WIN-SRV-DC01,Microsoft-Windows-Security-Auditing,Security,4648,A logon was attempted using explicit credentials,CORP,helpdesk01,PC-OPS-014,172.16.20.183,51528,2,C:\\Windows\\System32\\cmd.exe,0x0,0x0,Explicit credentials used by CORP\helpdesk01 from PC-OPS-014,0,none,Internal,LAN,,
2026-04-27 10:28:23,WIN10-FIN-014,Microsoft-Windows-Security-Auditing,Security,4624,An account was successfully logged on,CORP,admin.ops,PC-RRHH-002,10.10.85.194,64056,2,C:\\Windows\\System32\\WindowsPowerShell\\v1.0\\powershell.exe,0x0,0x0,Successful logon for CORP\admin.ops from 10.10.85.194 using logon type 2,0,none,Internal,LAN,,
2026-04-27 10:29:35,WIN11-SEC-022,Microsoft-Windows-Security-Auditing,Security,4624,An account was successfully logged on,CORP,svc_monitor,PC-RRHH-002,172.16.20.103,61804,2,C:\\Windows\\System32\\cmd.exe,0x0,0x0,Successful logon for CORP\svc_monitor from 172.16.20.103 using logon type 2,0,none,Internal,LAN,,
2026-04-27 10:31:31,WIN-SRV-APP01,Microsoft-Windows-Security-Auditing,Security,4624,An account was successfully logged on,CORP,dtorres,PC-RRHH-002,10.10.38.191,59647,3,C:\\Windows\\System32\\WindowsPowerShell\\v1.0\\powershell.exe,0x0,0x0,Successful logon for CORP\dtorres from 10.10.38.191 using logon type 3,0,none,Internal,LAN,,
2026-04-27 10:32:49,WIN-SRV-APP01,Microsoft-Windows-Security-Auditing,Security,4624,An account was successfully logged on,EMPRESA,svc_backup,PC-FIN-001,192.168.1.152,52267,10,C:\\Windows\\System32\\lsass.exe,0x0,0x0,Successful logon for EMPRESA\svc_backup from 192.168.1.152 using logon type 10,0,none,Internal,LAN,,
2026-04-27 10:33:38,WIN-SRV-FILE01,Microsoft-Windows-Security-Auditing,Security,4624,An account was successfully logged on,EMPRESA,jperez,PC-RRHH-002,192.168.1.218,53244,7,C:\\Windows\\System32\\cmd.exe,0x0,0x0,Successful logon for EMPRESA\jperez from 192.168.1.218 using logon type 7,0,none,Internal,LAN,,
2026-04-27 10:34:18,WIN10-FIN-014,Microsoft-Windows-Security-Auditing,Security,4634,An account was logged off,CORP,jperez,SRV-MON-001,10.10.90.134,61976,7,C:\\Windows\\System32\\lsass.exe,0x0,0x0,Logoff for CORP\jperez from workstation SRV-MON-001,0,none,Internal,LAN,,
2026-04-27 10:35:27,WIN-SRV-DC01,Microsoft-Windows-Security-Auditing,Security,4634,An account was logged off,EMPRESA,alopez,PC-OPS-014,10.10.58.171,49243,7,C:\\Windows\\System32\\winlogon.exe,0x0,0x0,Logoff for EMPRESA\alopez from workstation PC-OPS-014,0,none,Internal,LAN,,
2026-04-27 10:38:25,WIN-SRV-DC01,Microsoft-Windows-Security-Auditing,Security,4634,An account was logged off,EMPRESA,admin.ops,PC-RRHH-002,172.16.20.216,54500,3,C:\\Program Files\\Microsoft Defender\\MsMpEng.exe,0x0,0x0,Logoff for EMPRESA\admin.ops from workstation PC-RRHH-002,0,none,Internal,LAN,,
2026-04-27 10:38:26,WIN-SRV-FILE01,Microsoft-Windows-Security-Auditing,Security,4624,An account was successfully logged on,CORP,helpdesk01,PC-OPS-014,10.10.205.116,65080,3,C:\\Windows\\System32\\svchost.exe,0x0,0x0,Successful logon for CORP\helpdesk01 from 10.10.205.116 using logon type 3,0,none,Internal,LAN,,
2026-04-27 10:38:58,WIN-SRV-FILE01,Microsoft-Windows-Security-Auditing,Security,4624,An account was successfully logged on,LOCAL,svc_monitor,PC-OPS-014,192.168.1.159,53306,2,C:\\Windows\\System32\\svchost.exe,0x0,0x0,Successful logon for LOCAL\svc_monitor from 192.168.1.159 using logon type 2,0,none,Internal,LAN,,
2026-04-27 10:39:09,WIN10-FIN-014,Microsoft-Windows-Security-Auditing,Security,4672,Special privileges assigned to new logon,CORP,analista01,PC-FIN-001,172.16.20.134,56246,10,C:\\Windows\\System32\\svchost.exe,0x0,0x0,Special privileges assigned to CORP\analista01,0,none,Internal,LAN,,
2026-04-27 10:39:36,WIN10-FIN-014,Microsoft-Windows-Security-Auditing,Security,4624,An account was successfully logged on,CORP,svc_monitor,PC-FIN-001,192.168.1.244,51267,3,C:\\Program Files\\Microsoft Defender\\MsMpEng.exe,0x0,0x0,Successful logon for CORP\svc_monitor from 192.168.1.244 using logon type 3,0,none,Internal,LAN,,
2026-04-27 10:39:44,WIN10-FIN-014,Microsoft-Windows-Security-Auditing,Security,4624,An account was successfully logged on,CORP,alopez,PC-OPS-014,192.168.1.89,65314,3,C:\\Windows\\System32\\WindowsPowerShell\\v1.0\\powershell.exe,0x0,0x0,Successful logon for CORP\alopez from 192.168.1.89 using logon type 3,0,none,Internal,LAN,,
2026-04-27 10:40:26,WIN11-SEC-022,Microsoft-Windows-Security-Auditing,Security,4624,An account was successfully logged on,EMPRESA,svc_monitor,PC-OPS-014,172.16.20.93,55930,2,C:\\Windows\\System32\\svchost.exe,0x0,0x0,Successful logon for EMPRESA\svc_monitor from 172.16.20.93 using logon type 2,0,none,Internal,LAN,,
2026-04-27 10:41:19,WIN-SRV-APP01,Microsoft-Windows-Security-Auditing,Security,4624,An account was successfully logged on,CORP,crojas,PC-OPS-014,10.10.17.250,59175,10,C:\\Program Files\\Google\\Chrome\\Application\\chrome.exe,0x0,0x0,Successful logon for CORP\crojas from 10.10.17.250 using logon type 10,0,none,Internal,LAN,,
2026-04-27 10:42:49,WIN10-FIN-014,Microsoft-Windows-Security-Auditing,Security,4688,A new process has been created,LOCAL,admin.ops,PC-OPS-014,10.10.198.120,59836,10,C:\\Windows\\System32\\svchost.exe,0x0,0x0,Process created by LOCAL\admin.ops: C:\\Windows\\System32\\svchost.exe,0,none,Internal,LAN,,
2026-04-27 10:44:13,WIN11-SEC-022,Microsoft-Windows-Security-Auditing,Security,4624,An account was successfully logged on,LOCAL,admin.ops,LAP-GER-003,10.10.57.106,50257,3,C:\\Windows\\System32\\cmd.exe,0x0,0x0,Successful logon for LOCAL\admin.ops from 10.10.57.106 using logon type 3,0,none,Internal,LAN,,
2026-04-27 10:45:15,WIN11-SEC-022,Microsoft-Windows-Security-Auditing,Security,4688,A new process has been created,CORP,mgarcia,SRV-MON-001,10.10.39.133,53896,10,C:\\Windows\\System32\\WindowsPowerShell\\v1.0\\powershell.exe,0x0,0x0,Process created by CORP\mgarcia: C:\\Windows\\System32\\WindowsPowerShell\\v1.0\\powershell.exe,0,none,Internal,LAN,,
2026-04-27 10:45:34,WIN-SRV-FILE01,Microsoft-Windows-Security-Auditing,Security,4624,An account was successfully logged on,LOCAL,mgarcia,PC-FIN-001,192.168.1.128,50188,2,C:\\Program Files\\Microsoft Defender\\MsMpEng.exe,0x0,0x0,Successful logon for LOCAL\mgarcia from 192.168.1.128 using logon type 2,0,none,Internal,LAN,,
2026-04-27 10:54:45,WIN11-SEC-022,Microsoft-Windows-Security-Auditing,Security,4688,A new process has been created,LOCAL,svc_backup,PC-RRHH-002,10.10.8.23,52484,2,C:\\Program Files\\Microsoft Defender\\MsMpEng.exe,0x0,0x0,Process created by LOCAL\svc_backup: C:\\Program Files\\Microsoft Defender\\MsMpEng.exe,0,none,Internal,LAN,,
2026-04-27 10:55:17,WIN10-FIN-014,Microsoft-Windows-Security-Auditing,Security,4634,An account was logged off,CORP,jperez,PC-OPS-014,10.10.66.51,60555,2,C:\\Program Files\\Google\\Chrome\\Application\\chrome.exe,0x0,0x0,Logoff for CORP\jperez from workstation PC-OPS-014,0,none,Internal,LAN,,
2026-04-27 10:55:46,WIN-SRV-DC01,Microsoft-Windows-Security-Auditing,Security,4634,An account was logged off,CORP,dtorres,LAP-GER-003,10.10.20.186,54090,2,C:\\Program Files\\Microsoft Defender\\MsMpEng.exe,0x0,0x0,Logoff for CORP\dtorres from workstation LAP-GER-003,0,none,Internal,LAN,,
2026-04-27 10:56:34,WIN10-FIN-014,Microsoft-Windows-Security-Auditing,Security,4688,A new process has been created,CORP,svc_backup,SRV-MON-001,10.10.187.106,57654,3,C:\\Windows\\System32\\WindowsPowerShell\\v1.0\\powershell.exe,0x0,0x0,Process created by CORP\svc_backup: C:\\Windows\\System32\\WindowsPowerShell\\v1.0\\powershell.exe,0,none,Internal,LAN,,
2026-04-27 10:57:46,WIN10-FIN-014,Microsoft-Windows-Security-Auditing,Security,4624,An account was successfully logged on,CORP,admin.ops,PC-RRHH-002,172.16.20.136,64609,7,C:\\Windows\\System32\\winlogon.exe,0x0,0x0,Successful logon for CORP\admin.ops from 172.16.20.136 using logon type 7,0,none,Internal,LAN,,
2026-04-27 10:57:53,WIN10-FIN-014,Microsoft-Windows-Security-Auditing,Security,4624,An account was successfully logged on,CORP,alopez,SRV-MON-001,192.168.1.69,57594,2,C:\\Windows\\System32\\WindowsPowerShell\\v1.0\\powershell.exe,0x0,0x0,Successful logon for CORP\alopez from 192.168.1.69 using logon type 2,0,none,Internal,LAN,,
2026-04-27 11:00:43,WIN-SRV-APP01,Microsoft-Windows-Security-Auditing,Security,4634,An account was logged off,EMPRESA,alopez,PC-RRHH-002,10.10.80.252,64598,10,C:\\Windows\\System32\\lsass.exe,0x0,0x0,Logoff for EMPRESA\alopez from workstation PC-RRHH-002,0,none,Internal,LAN,,
2026-04-27 11:01:50,WIN-SRV-DC01,Microsoft-Windows-Security-Auditing,Security,4634,An account was logged off,CORP,dtorres,SRV-MON-001,192.168.1.195,62439,3,C:\\Windows\\System32\\lsass.exe,0x0,0x0,Logoff for CORP\dtorres from workstation SRV-MON-001,0,none,Internal,LAN,,
2026-04-27 11:01:53,WIN-SRV-DC01,Microsoft-Windows-Security-Auditing,Security,4624,An account was successfully logged on,EMPRESA,dtorres,LAP-GER-003,172.16.20.6,53016,10,C:\\Windows\\System32\\lsass.exe,0x0,0x0,Successful logon for EMPRESA\dtorres from 172.16.20.6 using logon type 10,0,none,Internal,LAN,,
2026-04-27 11:02:25,WIN11-SEC-022,Microsoft-Windows-Security-Auditing,Security,4688,A new process has been created,EMPRESA,svc_backup,LAP-GER-003,192.168.1.207,62223,3,C:\\Windows\\System32\\svchost.exe,0x0,0x0,Process created by EMPRESA\svc_backup: C:\\Windows\\System32\\svchost.exe,0,none,Internal,LAN,,
2026-04-27 11:02:48,WIN10-FIN-014,Microsoft-Windows-Security-Auditing,Security,4648,A logon was attempted using explicit credentials,LOCAL,crojas,LAP-GER-003,172.16.20.173,64339,2,C:\\Windows\\System32\\cmd.exe,0x0,0x0,Explicit credentials used by LOCAL\crojas from LAP-GER-003,0,none,Internal,LAN,,
2026-04-27 11:03:13,WIN-SRV-DC01,Microsoft-Windows-Security-Auditing,Security,4624,An account was successfully logged on,LOCAL,analista01,PC-RRHH-002,10.10.12.138,50141,7,C:\\Windows\\System32\\winlogon.exe,0x0,0x0,Successful logon for LOCAL\analista01 from 10.10.12.138 using logon type 7,0,none,Internal,LAN,,
2026-04-27 11:03:20,WIN-SRV-FILE01,Microsoft-Windows-Security-Auditing,Security,4634,An account was logged off,CORP,mgarcia,LAP-GER-003,10.10.32.141,60655,10,C:\\Windows\\System32\\WindowsPowerShell\\v1.0\\powershell.exe,0x0,0x0,Logoff for CORP\mgarcia from workstation LAP-GER-003,0,none,Internal,LAN,,
2026-04-27 11:03:37,WIN10-FIN-014,Microsoft-Windows-Security-Auditing,Security,4624,An account was successfully logged on,CORP,dtorres,SRV-MON-001,192.168.1.24,59294,3,C:\\Program Files\\Google\\Chrome\\Application\\chrome.exe,0x0,0x0,Successful logon for CORP\dtorres from 192.168.1.24 using logon type 3,0,none,Internal,LAN,,
2026-04-27 11:03:54,WIN10-FIN-014,Microsoft-Windows-Security-Auditing,Security,4634,An account was logged off,LOCAL,crojas,SRV-MON-001,10.10.182.207,56784,10,C:\\Windows\\System32\\svchost.exe,0x0,0x0,Logoff for LOCAL\crojas from workstation SRV-MON-001,0,none,Internal,LAN,,
2026-04-27 11:03:57,WIN-SRV-DC01,Microsoft-Windows-Security-Auditing,Security,4672,Special privileges assigned to new logon,CORP,lcastro,PC-FIN-001,10.10.38.101,54294,2,C:\\Program Files\\Microsoft Defender\\MsMpEng.exe,0x0,0x0,Special privileges assigned to CORP\lcastro,0,none,Internal,LAN,,
2026-04-27 11:04:00,WIN-SRV-APP01,Microsoft-Windows-Security-Auditing,Security,4624,An account was successfully logged on,EMPRESA,helpdesk01,PC-OPS-014,192.168.1.64,57454,7,C:\\Program Files\\Google\\Chrome\\Application\\chrome.exe,0x0,0x0,Successful logon for EMPRESA\helpdesk01 from 192.168.1.64 using logon type 7,0,none,Internal,LAN,,
2026-04-27 11:06:24,WIN-SRV-APP01,Microsoft-Windows-Security-Auditing,Security,4634,An account was logged off,LOCAL,finanzas02,LAP-GER-003,192.168.1.83,55920,10,C:\\Windows\\System32\\WindowsPowerShell\\v1.0\\powershell.exe,0x0,0x0,Logoff for LOCAL\finanzas02 from workstation LAP-GER-003,0,none,Internal,LAN,,
2026-04-27 11:07:33,WIN-SRV-FILE01,Microsoft-Windows-Security-Auditing,Security,4624,An account was successfully logged on,LOCAL,mgarcia,PC-RRHH-002,192.168.1.225,55638,2,C:\\Windows\\System32\\winlogon.exe,0x0,0x0,Successful logon for LOCAL\mgarcia from 192.168.1.225 using logon type 2,0,none,Internal,LAN,,
2026-04-27 11:07:35,WIN-SRV-FILE01,Microsoft-Windows-Security-Auditing,Security,4688,A new process has been created,LOCAL,crojas,SRV-MON-001,172.16.20.209,57044,10,C:\\Windows\\System32\\cmd.exe,0x0,0x0,Process created by LOCAL\crojas: C:\\Windows\\System32\\cmd.exe,0,none,Internal,LAN,,
2026-04-27 11:08:20,WIN11-SEC-022,Microsoft-Windows-Security-Auditing,Security,4634,An account was logged off,CORP,finanzas02,PC-FIN-001,172.16.20.5,49567,7,C:\\Windows\\System32\\cmd.exe,0x0,0x0,Logoff for CORP\finanzas02 from workstation PC-FIN-001,0,none,Internal,LAN,,
2026-04-27 11:10:07,WIN-SRV-APP01,Microsoft-Windows-Security-Auditing,Security,4624,An account was successfully logged on,LOCAL,jperez,LAP-GER-003,172.16.20.66,57610,3,C:\\Windows\\System32\\svchost.exe,0x0,0x0,Successful logon for LOCAL\jperez from 172.16.20.66 using logon type 3,0,none,Internal,LAN,,
2026-04-27 11:14:27,WIN-SRV-APP01,Microsoft-Windows-Security-Auditing,Security,4688,A new process has been created,CORP,svc_monitor,PC-OPS-014,10.10.197.151,58454,2,C:\\Windows\\System32\\cmd.exe,0x0,0x0,Process created by CORP\svc_monitor: C:\\Windows\\System32\\cmd.exe,0,none,Internal,LAN,,
2026-04-27 11:18:40,WIN10-FIN-014,Microsoft-Windows-Security-Auditing,Security,4688,A new process has been created,EMPRESA,admin.ops,PC-FIN-001,172.16.20.54,57248,7,C:\\Windows\\System32\\svchost.exe,0x0,0x0,Process created by EMPRESA\admin.ops: C:\\Windows\\System32\\svchost.exe,0,none,Internal,LAN,,
2026-04-27 11:19:24,WIN-SRV-FILE01,Microsoft-Windows-Security-Auditing,Security,4634,An account was logged off,CORP,crojas,PC-OPS-014,172.16.20.116,58751,2,C:\\Program Files\\Microsoft Defender\\MsMpEng.exe,0x0,0x0,Logoff for CORP\crojas from workstation PC-OPS-014,0,none,Internal,LAN,,
2026-04-27 11:19:43,WIN-SRV-APP01,Microsoft-Windows-Security-Auditing,Security,4624,An account was successfully logged on,LOCAL,alopez,PC-RRHH-002,10.10.24.196,63807,10,C:\\Windows\\System32\\WindowsPowerShell\\v1.0\\powershell.exe,0x0,0x0,Successful logon for LOCAL\alopez from 10.10.24.196 using logon type 10,0,none,Internal,LAN,,
2026-04-27 11:20:27,WIN-SRV-APP01,Microsoft-Windows-Security-Auditing,Security,4634,An account was logged off,EMPRESA,analista01,LAP-GER-003,172.16.20.173,64026,2,C:\\Windows\\System32\\WindowsPowerShell\\v1.0\\powershell.exe,0x0,0x0,Logoff for EMPRESA\analista01 from workstation LAP-GER-003,0,none,Internal,LAN,,
2026-04-27 11:20:58,WIN10-FIN-014,Microsoft-Windows-Security-Auditing,Security,4634,An account was logged off,LOCAL,lcastro,PC-FIN-001,192.168.1.44,53026,10,C:\\Windows\\System32\\winlogon.exe,0x0,0x0,Logoff for LOCAL\lcastro from workstation PC-FIN-001,0,none,Internal,LAN,,
2026-04-27 11:21:51,WIN-SRV-DC01,Microsoft-Windows-Security-Auditing,Security,4624,An account was successfully logged on,CORP,mgarcia,LAP-GER-003,10.10.103.222,62302,3,C:\\Windows\\System32\\winlogon.exe,0x0,0x0,Successful logon for CORP\mgarcia from 10.10.103.222 using logon type 3,0,none,Internal,LAN,,
2026-04-27 11:24:07,WIN11-SEC-022,Microsoft-Windows-Security-Auditing,Security,4634,An account was logged off,EMPRESA,svc_backup,LAP-GER-003,10.10.37.38,60422,10,C:\\Program Files\\Microsoft Defender\\MsMpEng.exe,0x0,0x0,Logoff for EMPRESA\svc_backup from workstation LAP-GER-003,0,none,Internal,LAN,,
2026-04-27 11:24:14,WIN-SRV-APP01,Microsoft-Windows-Security-Auditing,Security,4634,An account was logged off,CORP,svc_backup,PC-FIN-001,172.16.20.189,63918,7,C:\\Windows\\System32\\WindowsPowerShell\\v1.0\\powershell.exe,0x0,0x0,Logoff for CORP\svc_backup from workstation PC-FIN-001,0,none,Internal,LAN,,
2026-04-27 11:24:30,WIN-SRV-DC01,Microsoft-Windows-Security-Auditing,Security,4672,Special privileges assigned to new logon,LOCAL,crojas,PC-FIN-001,172.16.20.145,64214,2,C:\\Windows\\System32\\svchost.exe,0x0,0x0,Special privileges assigned to LOCAL\crojas,0,none,Internal,LAN,,
2026-04-27 11:24:34,WIN-SRV-FILE01,Microsoft-Windows-Security-Auditing,Security,4688,A new process has been created,EMPRESA,jperez,PC-OPS-014,192.168.1.37,53392,3,C:\\Windows\\System32\\svchost.exe,0x0,0x0,Process created by EMPRESA\jperez: C:\\Windows\\System32\\svchost.exe,0,none,Internal,LAN,,
2026-04-27 11:30:05,WIN10-FIN-014,Microsoft-Windows-Security-Auditing,Security,4624,An account was successfully logged on,CORP,crojas,PC-RRHH-002,10.10.108.253,63313,10,C:\\Program Files\\Microsoft Defender\\MsMpEng.exe,0x0,0x0,Successful logon for CORP\crojas from 10.10.108.253 using logon type 10,0,none,Internal,LAN,,
2026-04-27 11:31:45,WIN-SRV-DC01,Microsoft-Windows-Security-Auditing,Security,4624,An account was successfully logged on,EMPRESA,helpdesk01,PC-FIN-001,172.16.20.226,49373,10,C:\\Windows\\System32\\lsass.exe,0x0,0x0,Successful logon for EMPRESA\helpdesk01 from 172.16.20.226 using logon type 10,0,none,Internal,LAN,,
2026-04-27 11:31:53,WIN-SRV-FILE01,Microsoft-Windows-Security-Auditing,Security,4624,An account was successfully logged on,CORP,analista01,SRV-MON-001,192.168.1.100,53218,7,C:\\Windows\\System32\\WindowsPowerShell\\v1.0\\powershell.exe,0x0,0x0,Successful logon for CORP\analista01 from 192.168.1.100 using logon type 7,0,none,Internal,LAN,,
2026-04-27 11:31:59,WIN-SRV-APP01,Microsoft-Windows-Security-Auditing,Security,4688,A new process has been created,LOCAL,crojas,PC-OPS-014,192.168.1.55,58055,3,C:\\Program Files\\Google\\Chrome\\Application\\chrome.exe,0x0,0x0,Process created by LOCAL\crojas: C:\\Program Files\\Google\\Chrome\\Application\\chrome.exe,0,none,Internal,LAN,,
2026-04-27 11:33:30,WIN-SRV-APP01,Microsoft-Windows-Security-Auditing,Security,4624,An account was successfully logged on,CORP,mgarcia,PC-RRHH-002,172.16.20.173,50283,10,C:\\Program Files\\Google\\Chrome\\Application\\chrome.exe,0x0,0x0,Successful logon for CORP\mgarcia from 172.16.20.173 using logon type 10,0,none,Internal,LAN,,
2026-04-27 11:35:04,WIN-SRV-APP01,Microsoft-Windows-Security-Auditing,Security,4634,An account was logged off,CORP,crojas,PC-RRHH-002,192.168.1.43,56877,7,C:\\Windows\\System32\\cmd.exe,0x0,0x0,Logoff for CORP\crojas from workstation PC-RRHH-002,0,none,Internal,LAN,,
2026-04-27 11:36:34,WIN-SRV-DC01,Microsoft-Windows-Security-Auditing,Security,4624,An account was successfully logged on,LOCAL,dtorres,PC-RRHH-002,10.10.197.133,53195,3,C:\\Windows\\System32\\svchost.exe,0x0,0x0,Successful logon for LOCAL\dtorres from 10.10.197.133 using logon type 3,0,none,Internal,LAN,,
2026-04-27 11:37:13,WIN11-SEC-022,Microsoft-Windows-Security-Auditing,Security,4624,An account was successfully logged on,CORP,crojas,LAP-GER-003,10.10.194.157,61540,3,C:\\Program Files\\Google\\Chrome\\Application\\chrome.exe,0x0,0x0,Successful logon for CORP\crojas from 10.10.194.157 using logon type 3,0,none,Internal,LAN,,
2026-04-27 11:37:17,WIN-SRV-DC01,Microsoft-Windows-Security-Auditing,Security,4672,Special privileges assigned to new logon,CORP,jperez,PC-FIN-001,192.168.1.82,53964,7,C:\\Program Files\\Google\\Chrome\\Application\\chrome.exe,0x0,0x0,Special privileges assigned to CORP\jperez,0,none,Internal,LAN,,
2026-04-27 11:39:21,WIN10-FIN-014,Microsoft-Windows-Security-Auditing,Security,4624,An account was successfully logged on,LOCAL,jperez,PC-OPS-014,10.10.175.122,52553,2,C:\\Windows\\System32\\cmd.exe,0x0,0x0,Successful logon for LOCAL\jperez from 10.10.175.122 using logon type 2,0,none,Internal,LAN,,
2026-04-27 11:40:26,WIN10-FIN-014,Microsoft-Windows-Security-Auditing,Security,4624,An account was successfully logged on,EMPRESA,helpdesk01,LAP-GER-003,192.168.1.220,51048,3,C:\\Windows\\System32\\winlogon.exe,0x0,0x0,Successful logon for EMPRESA\helpdesk01 from 192.168.1.220 using logon type 3,0,none,Internal,LAN,,
2026-04-27 11:41:50,WIN-SRV-DC01,Microsoft-Windows-Security-Auditing,Security,4634,An account was logged off,CORP,crojas,PC-OPS-014,172.16.20.28,51629,7,C:\\Windows\\System32\\cmd.exe,0x0,0x0,Logoff for CORP\crojas from workstation PC-OPS-014,0,none,Internal,LAN,,
2026-04-27 11:43:21,WIN-SRV-DC01,Microsoft-Windows-Security-Auditing,Security,4688,A new process has been created,EMPRESA,alopez,SRV-MON-001,172.16.20.181,58644,2,C:\\Windows\\System32\\WindowsPowerShell\\v1.0\\powershell.exe,0x0,0x0,Process created by EMPRESA\alopez: C:\\Windows\\System32\\WindowsPowerShell\\v1.0\\powershell.exe,0,none,Internal,LAN,,
2026-04-27 11:44:27,WIN-SRV-FILE01,Microsoft-Windows-Security-Auditing,Security,4624,An account was successfully logged on,LOCAL,alopez,PC-OPS-014,192.168.1.245,55947,10,C:\\Windows\\System32\\WindowsPowerShell\\v1.0\\powershell.exe,0x0,0x0,Successful logon for LOCAL\alopez from 192.168.1.245 using logon type 10,0,none,Internal,LAN,,
2026-04-27 11:45:04,WIN-SRV-FILE01,Microsoft-Windows-Security-Auditing,Security,4624,An account was successfully logged on,LOCAL,alopez,PC-OPS-014,192.168.1.113,58787,10,C:\\Windows\\System32\\winlogon.exe,0x0,0x0,Successful logon for LOCAL\alopez from 192.168.1.113 using logon type 10,0,none,Internal,LAN,,
2026-04-27 11:48:41,WIN-SRV-FILE01,Microsoft-Windows-Security-Auditing,Security,4688,A new process has been created,LOCAL,analista01,PC-OPS-014,192.168.1.30,55801,7,C:\\Program Files\\Google\\Chrome\\Application\\chrome.exe,0x0,0x0,Process created by LOCAL\analista01: C:\\Program Files\\Google\\Chrome\\Application\\chrome.exe,0,none,Internal,LAN,,
2026-04-27 11:48:47,WIN-SRV-FILE01,Microsoft-Windows-Security-Auditing,Security,4688,A new process has been created,LOCAL,analista01,SRV-MON-001,192.168.1.60,49956,10,C:\\Program Files\\Google\\Chrome\\Application\\chrome.exe,0x0,0x0,Process created by LOCAL\analista01: C:\\Program Files\\Google\\Chrome\\Application\\chrome.exe,0,none,Internal,LAN,,
2026-04-27 11:49:10,WIN-SRV-DC01,Microsoft-Windows-Security-Auditing,Security,4624,An account was successfully logged on,CORP,crojas,PC-RRHH-002,172.16.20.148,52205,3,C:\\Windows\\System32\\WindowsPowerShell\\v1.0\\powershell.exe,0x0,0x0,Successful logon for CORP\crojas from 172.16.20.148 using logon type 3,0,none,Internal,LAN,,
2026-04-27 11:53:10,WIN-SRV-DC01,Microsoft-Windows-Security-Auditing,Security,4624,An account was successfully logged on,CORP,jperez,LAP-GER-003,192.168.1.108,52506,3,C:\\Windows\\System32\\WindowsPowerShell\\v1.0\\powershell.exe,0x0,0x0,Successful logon for CORP\jperez from 192.168.1.108 using logon type 3,0,none,Internal,LAN,,
2026-04-27 11:53:19,WIN10-FIN-014,Microsoft-Windows-Security-Auditing,Security,4634,An account was logged off,LOCAL,svc_backup,SRV-MON-001,192.168.1.83,53351,7,C:\\Program Files\\Microsoft Defender\\MsMpEng.exe,0x0,0x0,Logoff for LOCAL\svc_backup from workstation SRV-MON-001,0,none,Internal,LAN,,
2026-04-27 11:55:03,WIN-SRV-DC01,Microsoft-Windows-Security-Auditing,Security,4634,An account was logged off,EMPRESA,admin.ops,PC-FIN-001,172.16.20.243,63562,10,C:\\Windows\\System32\\winlogon.exe,0x0,0x0,Logoff for EMPRESA\admin.ops from workstation PC-FIN-001,0,none,Internal,LAN,,
2026-04-27 11:55:34,WIN-SRV-FILE01,Microsoft-Windows-Security-Auditing,Security,4688,A new process has been created,EMPRESA,jperez,PC-OPS-014,192.168.1.37,54020,3,C:\\Windows\\System32\\cmd.exe,0x0,0x0,Process created by EMPRESA\jperez: C:\\Windows\\System32\\cmd.exe,0,none,Internal,LAN,,
2026-04-27 11:56:43,WIN-SRV-APP01,Microsoft-Windows-Security-Auditing,Security,4634,An account was logged off,EMPRESA,lcastro,PC-FIN-001,10.10.10.181,62994,7,C:\\Windows\\System32\\svchost.exe,0x0,0x0,Logoff for EMPRESA\lcastro from workstation PC-FIN-001,0,none,Internal,LAN,,
2026-04-27 11:58:32,WIN10-FIN-014,Microsoft-Windows-Security-Auditing,Security,4624,An account was successfully logged on,EMPRESA,jperez,SRV-MON-001,10.10.62.142,57315,7,C:\\Windows\\System32\\cmd.exe,0x0,0x0,Successful logon for EMPRESA\jperez from 10.10.62.142 using logon type 7,0,none,Internal,LAN,,
2026-04-27 11:58:35,WIN10-FIN-014,Microsoft-Windows-Security-Auditing,Security,4624,An account was successfully logged on,EMPRESA,analista01,SRV-MON-001,172.16.20.13,53405,3,C:\\Program Files\\Google\\Chrome\\Application\\chrome.exe,0x0,0x0,Successful logon for EMPRESA\analista01 from 172.16.20.13 using logon type 3,0,none,Internal,LAN,,
2026-04-27 11:59:42,WIN-SRV-APP01,Microsoft-Windows-Security-Auditing,Security,4688,A new process has been created,CORP,svc_monitor,PC-RRHH-002,172.16.20.244,50862,10,C:\\Windows\\System32\\WindowsPowerShell\\v1.0\\powershell.exe,0x0,0x0,Process created by CORP\svc_monitor: C:\\Windows\\System32\\WindowsPowerShell\\v1.0\\powershell.exe,0,none,Internal,LAN,,
2026-04-27 12:00:17,WIN-SRV-APP01,Microsoft-Windows-Security-Auditing,Security,4624,An account was successfully logged on,EMPRESA,crojas,PC-OPS-014,172.16.20.174,61885,2,C:\\Program Files\\Microsoft Defender\\MsMpEng.exe,0x0,0x0,Successful logon for EMPRESA\crojas from 172.16.20.174 using logon type 2,0,none,Internal,LAN,,
2026-04-27 12:01:05,WIN-SRV-DC01,Microsoft-Windows-Security-Auditing,Security,4624,An account was successfully logged on,LOCAL,mgarcia,PC-FIN-001,172.16.20.147,54220,10,C:\\Program Files\\Google\\Chrome\\Application\\chrome.exe,0x0,0x0,Successful logon for LOCAL\mgarcia from 172.16.20.147 using logon type 10,0,none,Internal,LAN,,
2026-04-27 12:01:13,WIN-SRV-APP01,Microsoft-Windows-Security-Auditing,Security,4672,Special privileges assigned to new logon,LOCAL,lcastro,LAP-GER-003,192.168.1.74,61860,7,C:\\Windows\\System32\\svchost.exe,0x0,0x0,Special privileges assigned to LOCAL\lcastro,0,none,Internal,LAN,,
2026-04-27 12:03:05,WIN-SRV-DC01,Microsoft-Windows-Security-Auditing,Security,4624,An account was successfully logged on,CORP,crojas,SRV-MON-001,172.16.20.21,49574,7,C:\\Windows\\System32\\winlogon.exe,0x0,0x0,Successful logon for CORP\crojas from 172.16.20.21 using logon type 7,0,none,Internal,LAN,,
2026-04-27 12:04:23,WIN-SRV-FILE01,Microsoft-Windows-Security-Auditing,Security,4634,An account was logged off,CORP,crojas,PC-OPS-014,172.16.20.152,55622,3,C:\\Windows\\System32\\svchost.exe,0x0,0x0,Logoff for CORP\crojas from workstation PC-OPS-014,0,none,Internal,LAN,,
2026-04-27 12:04:31,WIN-SRV-APP01,Microsoft-Windows-Security-Auditing,Security,4624,An account was successfully logged on,EMPRESA,crojas,SRV-MON-001,172.16.20.227,65022,3,C:\\Windows\\System32\\svchost.exe,0x0,0x0,Successful logon for EMPRESA\crojas from 172.16.20.227 using logon type 3,0,none,Internal,LAN,,
2026-04-27 12:05:14,WIN-SRV-FILE01,Microsoft-Windows-Security-Auditing,Security,4634,An account was logged off,LOCAL,lcastro,SRV-MON-001,192.168.1.89,56729,2,C:\\Program Files\\Google\\Chrome\\Application\\chrome.exe,0x0,0x0,Logoff for LOCAL\lcastro from workstation SRV-MON-001,0,none,Internal,LAN,,
2026-04-27 12:06:11,WIN10-FIN-014,Microsoft-Windows-Security-Auditing,Security,4624,An account was successfully logged on,EMPRESA,jperez,SRV-MON-001,192.168.1.44,62552,7,C:\\Program Files\\Google\\Chrome\\Application\\chrome.exe,0x0,0x0,Successful logon for EMPRESA\jperez from 192.168.1.44 using logon type 7,0,none,Internal,LAN,,
2026-04-27 12:07:24,WIN11-SEC-022,Microsoft-Windows-Security-Auditing,Security,4624,An account was successfully logged on,CORP,crojas,LAP-GER-003,172.16.20.218,58196,3,C:\\Windows\\System32\\winlogon.exe,0x0,0x0,Successful logon for CORP\crojas from 172.16.20.218 using logon type 3,0,none,Internal,LAN,,
2026-04-27 12:07:31,WIN-SRV-APP01,Microsoft-Windows-Security-Auditing,Security,4624,An account was successfully logged on,CORP,lcastro,PC-FIN-001,192.168.1.119,54200,3,C:\\Program Files\\Microsoft Defender\\MsMpEng.exe,0x0,0x0,Successful logon for CORP\lcastro from 192.168.1.119 using logon type 3,0,none,Internal,LAN,,
2026-04-27 12:07:57,WIN-SRV-DC01,Microsoft-Windows-Security-Auditing,Security,4688,A new process has been created,CORP,admin.ops,PC-FIN-001,10.10.161.72,54589,7,C:\\Windows\\System32\\WindowsPowerShell\\v1.0\\powershell.exe,0x0,0x0,Process created by CORP\admin.ops: C:\\Windows\\System32\\WindowsPowerShell\\v1.0\\powershell.exe,0,none,Internal,LAN,,
2026-04-27 12:08:35,WIN-SRV-APP01,Microsoft-Windows-Security-Auditing,Security,4634,An account was logged off,EMPRESA,svc_monitor,PC-OPS-014,192.168.1.225,57454,3,C:\\Windows\\System32\\lsass.exe,0x0,0x0,Logoff for EMPRESA\svc_monitor from workstation PC-OPS-014,0,none,Internal,LAN,,
2026-04-27 12:09:56,WIN-SRV-DC01,Microsoft-Windows-Security-Auditing,Security,4688,A new process has been created,LOCAL,helpdesk01,PC-RRHH-002,192.168.1.97,50522,7,C:\\Windows\\System32\\svchost.exe,0x0,0x0,Process created by LOCAL\helpdesk01: C:\\Windows\\System32\\svchost.exe,0,none,Internal,LAN,,
2026-04-27 12:11:42,WIN10-FIN-014,Microsoft-Windows-Security-Auditing,Security,4624,An account was successfully logged on,LOCAL,analista01,PC-OPS-014,192.168.1.161,53436,2,C:\\Program Files\\Microsoft Defender\\MsMpEng.exe,0x0,0x0,Successful logon for LOCAL\analista01 from 192.168.1.161 using logon type 2,0,none,Internal,LAN,,
2026-04-27 12:12:18,WIN-SRV-APP01,Microsoft-Windows-Security-Auditing,Security,4688,A new process has been created,LOCAL,helpdesk01,PC-OPS-014,10.10.188.232,58652,2,C:\\Windows\\System32\\WindowsPowerShell\\v1.0\\powershell.exe,0x0,0x0,Process created by LOCAL\helpdesk01: C:\\Windows\\System32\\WindowsPowerShell\\v1.0\\powershell.exe,0,none,Internal,LAN,,
2026-04-27 12:15:54,WIN10-FIN-014,Microsoft-Windows-Security-Auditing,Security,4688,A new process has been created,CORP,dtorres,SRV-MON-001,10.10.8.74,60785,7,C:\\Windows\\System32\\WindowsPowerShell\\v1.0\\powershell.exe,0x0,0x0,Process created by CORP\dtorres: C:\\Windows\\System32\\WindowsPowerShell\\v1.0\\powershell.exe,0,none,Internal,LAN,,
2026-04-27 12:17:11,WIN-SRV-APP01,Microsoft-Windows-Security-Auditing,Security,4624,An account was successfully logged on,LOCAL,crojas,SRV-MON-001,10.10.217.219,53338,7,C:\\Windows\\System32\\lsass.exe,0x0,0x0,Successful logon for LOCAL\crojas from 10.10.217.219 using logon type 7,0,none,Internal,LAN,,
2026-04-27 12:18:05,WIN10-FIN-014,Microsoft-Windows-Security-Auditing,Security,4634,An account was logged off,CORP,mgarcia,LAP-GER-003,192.168.1.143,58505,10,C:\\Windows\\System32\\winlogon.exe,0x0,0x0,Logoff for CORP\mgarcia from workstation LAP-GER-003,0,none,Internal,LAN,,
2026-04-27 12:18:27,WIN-SRV-APP01,Microsoft-Windows-Security-Auditing,Security,4624,An account was successfully logged on,LOCAL,analista01,PC-FIN-001,192.168.1.149,57249,2,C:\\Windows\\System32\\svchost.exe,0x0,0x0,Successful logon for LOCAL\analista01 from 192.168.1.149 using logon type 2,0,none,Internal,LAN,,
2026-04-27 12:18:30,WIN-SRV-APP01,Microsoft-Windows-Security-Auditing,Security,4624,An account was successfully logged on,EMPRESA,helpdesk01,LAP-GER-003,172.16.20.77,53688,3,C:\\Windows\\System32\\winlogon.exe,0x0,0x0,Successful logon for EMPRESA\helpdesk01 from 172.16.20.77 using logon type 3,0,none,Internal,LAN,,
2026-04-27 12:19:19,WIN-SRV-FILE01,Microsoft-Windows-Security-Auditing,Security,4624,An account was successfully logged on,CORP,svc_backup,SRV-MON-001,192.168.1.183,55102,2,C:\\Windows\\System32\\cmd.exe,0x0,0x0,Successful logon for CORP\svc_backup from 192.168.1.183 using logon type 2,0,none,Internal,LAN,,
2026-04-27 12:23:06,WIN-SRV-DC01,Microsoft-Windows-Security-Auditing,Security,4624,An account was successfully logged on,CORP,svc_backup,PC-FIN-001,172.16.20.92,62045,2,C:\\Program Files\\Microsoft Defender\\MsMpEng.exe,0x0,0x0,Successful logon for CORP\svc_backup from 172.16.20.92 using logon type 2,0,none,Internal,LAN,,
2026-04-27 12:25:04,WIN-SRV-DC01,Microsoft-Windows-Security-Auditing,Security,4634,An account was logged off,LOCAL,mgarcia,LAP-GER-003,192.168.1.141,57451,7,C:\\Program Files\\Google\\Chrome\\Application\\chrome.exe,0x0,0x0,Logoff for LOCAL\mgarcia from workstation LAP-GER-003,0,none,Internal,LAN,,
2026-04-27 12:25:53,WIN-SRV-APP01,Microsoft-Windows-Security-Auditing,Security,4634,An account was logged off,EMPRESA,admin.ops,LAP-GER-003,172.16.20.226,58599,7,C:\\Windows\\System32\\lsass.exe,0x0,0x0,Logoff for EMPRESA\admin.ops from workstation LAP-GER-003,0,none,Internal,LAN,,
2026-04-27 12:26:47,WIN10-FIN-014,Microsoft-Windows-Security-Auditing,Security,4634,An account was logged off,LOCAL,svc_backup,PC-OPS-014,172.16.20.230,50801,7,C:\\Program Files\\Microsoft Defender\\MsMpEng.exe,0x0,0x0,Logoff for LOCAL\svc_backup from workstation PC-OPS-014,0,none,Internal,LAN,,
2026-04-27 12:27:17,WIN-SRV-FILE01,Microsoft-Windows-Security-Auditing,Security,4624,An account was successfully logged on,LOCAL,svc_backup,LAP-GER-003,172.16.20.194,54885,3,C:\\Windows\\System32\\lsass.exe,0x0,0x0,Successful logon for LOCAL\svc_backup from 172.16.20.194 using logon type 3,0,none,Internal,LAN,,
2026-04-27 12:28:34,WIN-SRV-DC01,Microsoft-Windows-Security-Auditing,Security,4624,An account was successfully logged on,LOCAL,mgarcia,PC-RRHH-002,10.10.248.118,61898,7,C:\\Windows\\System32\\lsass.exe,0x0,0x0,Successful logon for LOCAL\mgarcia from 10.10.248.118 using logon type 7,0,none,Internal,LAN,,
2026-04-27 12:33:24,WIN11-SEC-022,Microsoft-Windows-Security-Auditing,Security,4624,An account was successfully logged on,LOCAL,svc_monitor,SRV-MON-001,172.16.20.167,65213,2,C:\\Windows\\System32\\svchost.exe,0x0,0x0,Successful logon for LOCAL\svc_monitor from 172.16.20.167 using logon type 2,0,none,Internal,LAN,,
2026-04-27 12:36:27,WIN-SRV-APP01,Microsoft-Windows-Security-Auditing,Security,4624,An account was successfully logged on,EMPRESA,analista01,PC-RRHH-002,10.10.204.5,60182,2,C:\\Windows\\System32\\cmd.exe,0x0,0x0,Successful logon for EMPRESA\analista01 from 10.10.204.5 using logon type 2,0,none,Internal,LAN,,
2026-04-27 12:36:35,WIN-SRV-FILE01,Microsoft-Windows-Security-Auditing,Security,4624,An account was successfully logged on,CORP,alopez,PC-OPS-014,10.10.178.29,55020,2,C:\\Windows\\System32\\svchost.exe,0x0,0x0,Successful logon for CORP\alopez from 10.10.178.29 using logon type 2,0,none,Internal,LAN,,
2026-04-27 12:36:39,WIN10-FIN-014,Microsoft-Windows-Security-Auditing,Security,4624,An account was successfully logged on,CORP,svc_monitor,PC-FIN-001,10.10.98.137,49608,7,C:\\Windows\\System32\\winlogon.exe,0x0,0x0,Successful logon for CORP\svc_monitor from 10.10.98.137 using logon type 7,0,none,Internal,LAN,,
2026-04-27 12:38:00,WIN-SRV-DC01,Microsoft-Windows-Security-Auditing,Security,4688,A new process has been created,EMPRESA,crojas,PC-OPS-014,192.168.1.239,54670,3,C:\\Windows\\System32\\svchost.exe,0x0,0x0,Process created by EMPRESA\crojas: C:\\Windows\\System32\\svchost.exe,0,none,Internal,LAN,,
2026-04-27 12:38:27,WIN-SRV-APP01,Microsoft-Windows-Security-Auditing,Security,4624,An account was successfully logged on,EMPRESA,crojas,LAP-GER-003,172.16.20.171,50410,7,C:\\Program Files\\Microsoft Defender\\MsMpEng.exe,0x0,0x0,Successful logon for EMPRESA\crojas from 172.16.20.171 using logon type 7,0,none,Internal,LAN,,
2026-04-27 12:38:49,WIN-SRV-DC01,Microsoft-Windows-Security-Auditing,Security,4624,An account was successfully logged on,EMPRESA,jperez,LAP-GER-003,192.168.1.197,63255,3,C:\\Windows\\System32\\WindowsPowerShell\\v1.0\\powershell.exe,0x0,0x0,Successful logon for EMPRESA\jperez from 192.168.1.197 using logon type 3,0,none,Internal,LAN,,
2026-04-27 12:38:56,WIN10-FIN-014,Microsoft-Windows-Security-Auditing,Security,4624,An account was successfully logged on,EMPRESA,admin.ops,LAP-GER-003,10.10.59.107,65196,7,C:\\Program Files\\Microsoft Defender\\MsMpEng.exe,0x0,0x0,Successful logon for EMPRESA\admin.ops from 10.10.59.107 using logon type 7,0,none,Internal,LAN,,
2026-04-27 12:39:49,WIN10-FIN-014,Microsoft-Windows-Security-Auditing,Security,4624,An account was successfully logged on,EMPRESA,dtorres,PC-FIN-001,172.16.20.146,64178,3,C:\\Program Files\\Microsoft Defender\\MsMpEng.exe,0x0,0x0,Successful logon for EMPRESA\dtorres from 172.16.20.146 using logon type 3,0,none,Internal,LAN,,
2026-04-27 12:40:46,WIN10-FIN-014,Microsoft-Windows-Security-Auditing,Security,4688,A new process has been created,CORP,admin.ops,PC-FIN-001,192.168.1.124,65413,3,C:\\Windows\\System32\\winlogon.exe,0x0,0x0,Process created by CORP\admin.ops: C:\\Windows\\System32\\winlogon.exe,0,none,Internal,LAN,,
2026-04-27 12:44:20,WIN-SRV-APP01,Microsoft-Windows-Security-Auditing,Security,4624,An account was successfully logged on,LOCAL,admin.ops,PC-FIN-001,172.16.20.104,58062,7,C:\\Program Files\\Google\\Chrome\\Application\\chrome.exe,0x0,0x0,Successful logon for LOCAL\admin.ops from 172.16.20.104 using logon type 7,0,none,Internal,LAN,,
2026-04-27 12:44:25,WIN10-FIN-014,Microsoft-Windows-Security-Auditing,Security,4624,An account was successfully logged on,LOCAL,svc_monitor,SRV-MON-001,10.10.200.37,62243,2,C:\\Windows\\System32\\WindowsPowerShell\\v1.0\\powershell.exe,0x0,0x0,Successful logon for LOCAL\svc_monitor from 10.10.200.37 using logon type 2,0,none,Internal,LAN,,
2026-04-27 12:44:26,WIN10-FIN-014,Microsoft-Windows-Security-Auditing,Security,4624,An account was successfully logged on,EMPRESA,finanzas02,SRV-MON-001,172.16.20.130,53277,10,C:\\Windows\\System32\\cmd.exe,0x0,0x0,Successful logon for EMPRESA\finanzas02 from 172.16.20.130 using logon type 10,0,none,Internal,LAN,,
2026-04-27 12:44:39,WIN11-SEC-022,Microsoft-Windows-Security-Auditing,Security,4634,An account was logged off,EMPRESA,svc_monitor,PC-RRHH-002,10.10.25.31,50422,3,C:\\Program Files\\Microsoft Defender\\MsMpEng.exe,0x0,0x0,Logoff for EMPRESA\svc_monitor from workstation PC-RRHH-002,0,none,Internal,LAN,,
2026-04-27 12:44:48,WIN10-FIN-014,Microsoft-Windows-Security-Auditing,Security,4634,An account was logged off,EMPRESA,mgarcia,PC-OPS-014,192.168.1.155,56057,2,C:\\Windows\\System32\\cmd.exe,0x0,0x0,Logoff for EMPRESA\mgarcia from workstation PC-OPS-014,0,none,Internal,LAN,,
2026-04-27 12:44:57,WIN-SRV-FILE01,Microsoft-Windows-Security-Auditing,Security,4624,An account was successfully logged on,EMPRESA,lcastro,PC-OPS-014,192.168.1.66,59028,10,C:\\Windows\\System32\\svchost.exe,0x0,0x0,Successful logon for EMPRESA\lcastro from 192.168.1.66 using logon type 10,0,none,Internal,LAN,,
2026-04-27 12:44:58,WIN-SRV-APP01,Microsoft-Windows-Security-Auditing,Security,4688,A new process has been created,EMPRESA,analista01,PC-FIN-001,172.16.20.236,60578,7,C:\\Windows\\System32\\WindowsPowerShell\\v1.0\\powershell.exe,0x0,0x0,Process created by EMPRESA\analista01: C:\\Windows\\System32\\WindowsPowerShell\\v1.0\\powershell.exe,0,none,Internal,LAN,,
2026-04-27 12:46:50,WIN-SRV-DC01,Microsoft-Windows-Security-Auditing,Security,4634,An account was logged off,LOCAL,svc_monitor,PC-FIN-001,172.16.20.64,56491,2,C:\\Windows\\System32\\winlogon.exe,0x0,0x0,Logoff for LOCAL\svc_monitor from workstation PC-FIN-001,0,none,Internal,LAN,,
2026-04-27 12:46:54,WIN-SRV-DC01,Microsoft-Windows-Security-Auditing,Security,4624,An account was successfully logged on,EMPRESA,dtorres,PC-OPS-014,10.10.221.199,52028,10,C:\\Windows\\System32\\winlogon.exe,0x0,0x0,Successful logon for EMPRESA\dtorres from 10.10.221.199 using logon type 10,0,none,Internal,LAN,,
2026-04-27 12:48:32,WIN-SRV-APP01,Microsoft-Windows-Security-Auditing,Security,4634,An account was logged off,CORP,alopez,PC-OPS-014,10.10.35.43,52287,7,C:\\Windows\\System32\\winlogon.exe,0x0,0x0,Logoff for CORP\alopez from workstation PC-OPS-014,0,none,Internal,LAN,,
2026-04-27 12:51:00,WIN-SRV-FILE01,Microsoft-Windows-Security-Auditing,Security,4634,An account was logged off,CORP,finanzas02,PC-RRHH-002,192.168.1.219,63299,7,C:\\Windows\\System32\\WindowsPowerShell\\v1.0\\powershell.exe,0x0,0x0,Logoff for CORP\finanzas02 from workstation PC-RRHH-002,0,none,Internal,LAN,,
2026-04-27 12:51:07,WIN-SRV-FILE01,Microsoft-Windows-Security-Auditing,Security,4634,An account was logged off,CORP,admin.ops,SRV-MON-001,192.168.1.80,63641,10,C:\\Windows\\System32\\winlogon.exe,0x0,0x0,Logoff for CORP\admin.ops from workstation SRV-MON-001,0,none,Internal,LAN,,
2026-04-27 12:52:06,WIN-SRV-APP01,Microsoft-Windows-Security-Auditing,Security,4624,An account was successfully logged on,LOCAL,alopez,PC-FIN-001,192.168.1.71,63323,3,C:\\Windows\\System32\\winlogon.exe,0x0,0x0,Successful logon for LOCAL\alopez from 192.168.1.71 using logon type 3,0,none,Internal,LAN,,
2026-04-27 12:53:34,WIN-SRV-APP01,Microsoft-Windows-Security-Auditing,Security,4624,An account was successfully logged on,EMPRESA,svc_backup,SRV-MON-001,10.10.236.60,58111,3,C:\\Windows\\System32\\cmd.exe,0x0,0x0,Successful logon for EMPRESA\svc_backup from 10.10.236.60 using logon type 3,0,none,Internal,LAN,,
2026-04-27 12:54:36,WIN10-FIN-014,Microsoft-Windows-Security-Auditing,Security,4624,An account was successfully logged on,LOCAL,analista01,PC-FIN-001,10.10.7.159,63485,3,C:\\Windows\\System32\\lsass.exe,0x0,0x0,Successful logon for LOCAL\analista01 from 10.10.7.159 using logon type 3,0,none,Internal,LAN,,
2026-04-27 12:54:43,WIN-SRV-FILE01,Microsoft-Windows-Security-Auditing,Security,4624,An account was successfully logged on,EMPRESA,lcastro,PC-RRHH-002,172.16.20.104,59673,10,C:\\Windows\\System32\\lsass.exe,0x0,0x0,Successful logon for EMPRESA\lcastro from 172.16.20.104 using logon type 10,0,none,Internal,LAN,,
2026-04-27 12:55:42,WIN-SRV-FILE01,Microsoft-Windows-Security-Auditing,Security,4634,An account was logged off,LOCAL,finanzas02,PC-OPS-014,192.168.1.156,64939,2,C:\\Windows\\System32\\lsass.exe,0x0,0x0,Logoff for LOCAL\finanzas02 from workstation PC-OPS-014,0,none,Internal,LAN,,
2026-04-27 12:57:06,WIN-SRV-FILE01,Microsoft-Windows-Security-Auditing,Security,4624,An account was successfully logged on,LOCAL,svc_monitor,LAP-GER-003,10.10.11.53,63104,10,C:\\Windows\\System32\\svchost.exe,0x0,0x0,Successful logon for LOCAL\svc_monitor from 10.10.11.53 using logon type 10,0,none,Internal,LAN,,
2026-04-27 12:57:48,WIN-SRV-DC01,Microsoft-Windows-Security-Auditing,Security,4624,An account was successfully logged on,EMPRESA,analista01,LAP-GER-003,192.168.1.141,49739,10,C:\\Windows\\System32\\svchost.exe,0x0,0x0,Successful logon for EMPRESA\analista01 from 192.168.1.141 using logon type 10,0,none,Internal,LAN,,
2026-04-27 12:58:19,WIN-SRV-APP01,Microsoft-Windows-Security-Auditing,Security,4624,An account was successfully logged on,EMPRESA,alopez,PC-FIN-001,192.168.1.102,49761,2,C:\\Windows\\System32\\lsass.exe,0x0,0x0,Successful logon for EMPRESA\alopez from 192.168.1.102 using logon type 2,0,none,Internal,LAN,,
2026-04-27 12:58:34,WIN11-SEC-022,Microsoft-Windows-Security-Auditing,Security,4624,An account was successfully logged on,EMPRESA,jperez,PC-RRHH-002,172.16.20.96,62237,3,C:\\Program Files\\Microsoft Defender\\MsMpEng.exe,0x0,0x0,Successful logon for EMPRESA\jperez from 172.16.20.96 using logon type 3,0,none,Internal,LAN,,
2026-04-27 13:01:29,WIN-SRV-APP01,Microsoft-Windows-Security-Auditing,Security,4634,An account was logged off,LOCAL,helpdesk01,PC-RRHH-002,192.168.1.83,52584,10,C:\\Windows\\System32\\cmd.exe,0x0,0x0,Logoff for LOCAL\helpdesk01 from workstation PC-RRHH-002,0,none,Internal,LAN,,
2026-04-27 13:01:40,WIN11-SEC-022,Microsoft-Windows-Security-Auditing,Security,4624,An account was successfully logged on,EMPRESA,admin.ops,LAP-GER-003,10.10.253.192,57834,7,C:\\Windows\\System32\\winlogon.exe,0x0,0x0,Successful logon for EMPRESA\admin.ops from 10.10.253.192 using logon type 7,0,none,Internal,LAN,,
2026-04-27 13:04:15,WIN10-FIN-014,Microsoft-Windows-Security-Auditing,Security,4634,An account was logged off,LOCAL,svc_monitor,PC-RRHH-002,192.168.1.55,58021,10,C:\\Windows\\System32\\lsass.exe,0x0,0x0,Logoff for LOCAL\svc_monitor from workstation PC-RRHH-002,0,none,Internal,LAN,,
2026-04-27 13:04:27,WIN-SRV-FILE01,Microsoft-Windows-Security-Auditing,Security,4672,Special privileges assigned to new logon,EMPRESA,mgarcia,SRV-MON-001,10.10.13.107,59364,3,C:\\Windows\\System32\\svchost.exe,0x0,0x0,Special privileges assigned to EMPRESA\mgarcia,0,none,Internal,LAN,,
2026-04-27 13:04:45,WIN11-SEC-022,Microsoft-Windows-Security-Auditing,Security,4624,An account was successfully logged on,CORP,svc_monitor,SRV-MON-001,10.10.57.120,55685,7,C:\\Windows\\System32\\cmd.exe,0x0,0x0,Successful logon for CORP\svc_monitor from 10.10.57.120 using logon type 7,0,none,Internal,LAN,,
2026-04-27 13:09:08,WIN-SRV-APP01,Microsoft-Windows-Security-Auditing,Security,4624,An account was successfully logged on,CORP,alopez,PC-OPS-014,192.168.1.174,57522,7,C:\\Windows\\System32\\WindowsPowerShell\\v1.0\\powershell.exe,0x0,0x0,Successful logon for CORP\alopez from 192.168.1.174 using logon type 7,0,none,Internal,LAN,,
2026-04-27 13:13:35,WIN-SRV-APP01,Microsoft-Windows-Security-Auditing,Security,4634,An account was logged off,CORP,analista01,PC-FIN-001,10.10.178.247,54880,10,C:\\Windows\\System32\\svchost.exe,0x0,0x0,Logoff for CORP\analista01 from workstation PC-FIN-001,0,none,Internal,LAN,,
2026-04-27 13:14:42,WIN-SRV-APP01,Microsoft-Windows-Security-Auditing,Security,4624,An account was successfully logged on,EMPRESA,finanzas02,LAP-GER-003,192.168.1.227,51572,2,C:\\Windows\\System32\\lsass.exe,0x0,0x0,Successful logon for EMPRESA\finanzas02 from 192.168.1.227 using logon type 2,0,none,Internal,LAN,,
2026-04-27 13:15:16,WIN11-SEC-022,Microsoft-Windows-Security-Auditing,Security,4672,Special privileges assigned to new logon,LOCAL,finanzas02,LAP-GER-003,172.16.20.127,54180,2,C:\\Windows\\System32\\winlogon.exe,0x0,0x0,Special privileges assigned to LOCAL\finanzas02,0,none,Internal,LAN,,
2026-04-27 13:15:49,WIN-SRV-FILE01,Microsoft-Windows-Security-Auditing,Security,4634,An account was logged off,EMPRESA,mgarcia,SRV-MON-001,172.16.20.22,61838,10,C:\\Program Files\\Google\\Chrome\\Application\\chrome.exe,0x0,0x0,Logoff for EMPRESA\mgarcia from workstation SRV-MON-001,0,none,Internal,LAN,,
2026-04-27 13:17:28,WIN-SRV-APP01,Microsoft-Windows-Security-Auditing,Security,4688,A new process has been created,LOCAL,admin.ops,SRV-MON-001,192.168.1.109,51031,3,C:\\Windows\\System32\\svchost.exe,0x0,0x0,Process created by LOCAL\admin.ops: C:\\Windows\\System32\\svchost.exe,0,none,Internal,LAN,,
2026-04-27 13:19:10,WIN-SRV-DC01,Microsoft-Windows-Security-Auditing,Security,4624,An account was successfully logged on,CORP,lcastro,PC-RRHH-002,172.16.20.163,63749,3,C:\\Program Files\\Google\\Chrome\\Application\\chrome.exe,0x0,0x0,Successful logon for CORP\lcastro from 172.16.20.163 using logon type 3,0,none,Internal,LAN,,
2026-04-27 13:19:54,WIN-SRV-APP01,Microsoft-Windows-Security-Auditing,Security,4624,An account was successfully logged on,EMPRESA,svc_monitor,PC-RRHH-002,10.10.182.79,63008,10,C:\\Windows\\System32\\WindowsPowerShell\\v1.0\\powershell.exe,0x0,0x0,Successful logon for EMPRESA\svc_monitor from 10.10.182.79 using logon type 10,0,none,Internal,LAN,,
2026-04-27 13:20:12,WIN-SRV-FILE01,Microsoft-Windows-Security-Auditing,Security,4634,An account was logged off,EMPRESA,jperez,SRV-MON-001,10.10.33.62,53519,2,C:\\Windows\\System32\\winlogon.exe,0x0,0x0,Logoff for EMPRESA\jperez from workstation SRV-MON-001,0,none,Internal,LAN,,
2026-04-27 13:20:15,WIN11-SEC-022,Microsoft-Windows-Security-Auditing,Security,4624,An account was successfully logged on,LOCAL,svc_backup,SRV-MON-001,10.10.47.233,59912,10,C:\\Windows\\System32\\lsass.exe,0x0,0x0,Successful logon for LOCAL\svc_backup from 10.10.47.233 using logon type 10,0,none,Internal,LAN,,
2026-04-27 13:20:32,WIN-SRV-DC01,Microsoft-Windows-Security-Auditing,Security,4624,An account was successfully logged on,LOCAL,crojas,SRV-MON-001,172.16.20.166,50400,10,C:\\Program Files\\Google\\Chrome\\Application\\chrome.exe,0x0,0x0,Successful logon for LOCAL\crojas from 172.16.20.166 using logon type 10,0,none,Internal,LAN,,
2026-04-27 13:23:18,WIN10-FIN-014,Microsoft-Windows-Security-Auditing,Security,4688,A new process has been created,CORP,crojas,SRV-MON-001,172.16.20.238,63717,7,C:\\Windows\\System32\\svchost.exe,0x0,0x0,Process created by CORP\crojas: C:\\Windows\\System32\\svchost.exe,0,none,Internal,LAN,,
