2026-04-29 00:08:47,WIN-SRV-FILE01,Microsoft-Windows-Security-Auditing,Security,4624,An account was successfully logged on,CORP,analista01,PC-RRHH-002,10.10.232.187,55332,7,C:\\Windows\\System32\\WindowsPowerShell\\v1.0\\powershell.exe,0x0,0x0,Successful logon for CORP\analista01 from 10.10.232.187 using logon type 7,0,none,Internal,LAN,,
2026-04-29 00:09:51,WIN-SRV-FILE01,Microsoft-Windows-Security-Auditing,Security,4624,An account was successfully logged on,CORP,mgarcia,PC-OPS-014,172.16.20.145,50085,2,C:\\Windows\\System32\\svchost.exe,0x0,0x0,Successful logon for CORP\mgarcia from 172.16.20.145 using logon type 2,0,none,Internal,LAN,,
2026-04-29 00:11:38,WIN11-SEC-022,Microsoft-Windows-Security-Auditing,Security,4624,An account was successfully logged on,EMPRESA,analista01,PC-FIN-001,10.10.131.140,64717,10,C:\\Windows\\System32\\lsass.exe,0x0,0x0,Successful logon for EMPRESA\analista01 from 10.10.131.140 using logon type 10,0,none,Internal,LAN,,
2026-04-29 00:13:21,WIN10-FIN-014,Microsoft-Windows-Security-Auditing,Security,4688,A new process has been created,EMPRESA,svc_monitor,PC-RRHH-002,172.16.20.211,50101,3,C:\\Windows\\System32\\cmd.exe,0x0,0x0,Process created by EMPRESA\svc_monitor: C:\\Windows\\System32\\cmd.exe,0,none,Internal,LAN,,
2026-04-29 00:14:05,WIN-SRV-APP01,Microsoft-Windows-Security-Auditing,Security,4624,An account was successfully logged on,CORP,analista01,PC-FIN-001,172.16.20.136,60933,2,C:\\Windows\\System32\\lsass.exe,0x0,0x0,Successful logon for CORP\analista01 from 172.16.20.136 using logon type 2,0,none,Internal,LAN,,
2026-04-29 00:16:59,WIN-SRV-FILE01,Microsoft-Windows-Security-Auditing,Security,4672,Special privileges assigned to new logon,EMPRESA,crojas,PC-FIN-001,172.16.20.39,55243,10,C:\\Windows\\System32\\WindowsPowerShell\\v1.0\\powershell.exe,0x0,0x0,Special privileges assigned to EMPRESA\crojas,0,none,Internal,LAN,,
2026-04-29 00:17:22,WIN-SRV-FILE01,Microsoft-Windows-Security-Auditing,Security,4624,An account was successfully logged on,LOCAL,crojas,LAP-GER-003,10.10.22.98,55384,2,C:\\Program Files\\Google\\Chrome\\Application\\chrome.exe,0x0,0x0,Successful logon for LOCAL\crojas from 10.10.22.98 using logon type 2,0,none,Internal,LAN,,
2026-04-29 00:17:54,WIN-SRV-APP01,Microsoft-Windows-Security-Auditing,Security,4624,An account was successfully logged on,EMPRESA,analista01,PC-FIN-001,10.10.211.54,59559,2,C:\\Program Files\\Google\\Chrome\\Application\\chrome.exe,0x0,0x0,Successful logon for EMPRESA\analista01 from 10.10.211.54 using logon type 2,0,none,Internal,LAN,,
2026-04-29 00:18:15,WIN10-FIN-014,Microsoft-Windows-Security-Auditing,Security,4688,A new process has been created,EMPRESA,lcastro,PC-RRHH-002,172.16.20.20,53749,2,C:\\Windows\\System32\\winlogon.exe,0x0,0x0,Process created by EMPRESA\lcastro: C:\\Windows\\System32\\winlogon.exe,0,none,Internal,LAN,,
2026-04-29 00:18:16,WIN-SRV-DC01,Microsoft-Windows-Security-Auditing,Security,4688,A new process has been created,LOCAL,alopez,PC-RRHH-002,172.16.20.238,55787,3,C:\\Program Files\\Google\\Chrome\\Application\\chrome.exe,0x0,0x0,Process created by LOCAL\alopez: C:\\Program Files\\Google\\Chrome\\Application\\chrome.exe,0,none,Internal,LAN,,
2026-04-29 00:18:21,WIN-SRV-APP01,Microsoft-Windows-Security-Auditing,Security,4688,A new process has been created,CORP,admin.ops,PC-OPS-014,192.168.1.40,53298,7,C:\\Windows\\System32\\lsass.exe,0x0,0x0,Process created by CORP\admin.ops: C:\\Windows\\System32\\lsass.exe,0,none,Internal,LAN,,
2026-04-29 00:24:43,WIN-SRV-DC01,Microsoft-Windows-Security-Auditing,Security,4624,An account was successfully logged on,EMPRESA,finanzas02,SRV-MON-001,172.16.20.164,57910,10,C:\\Program Files\\Google\\Chrome\\Application\\chrome.exe,0x0,0x0,Successful logon for EMPRESA\finanzas02 from 172.16.20.164 using logon type 10,0,none,Internal,LAN,,
2026-04-29 00:25:43,WIN-SRV-FILE01,Microsoft-Windows-Security-Auditing,Security,4672,Special privileges assigned to new logon,EMPRESA,svc_monitor,SRV-MON-001,10.10.151.226,60747,7,C:\\Windows\\System32\\winlogon.exe,0x0,0x0,Special privileges assigned to EMPRESA\svc_monitor,0,none,Internal,LAN,,
2026-04-29 00:26:11,WIN11-SEC-022,Microsoft-Windows-Security-Auditing,Security,4634,An account was logged off,LOCAL,dtorres,LAP-GER-003,172.16.20.73,63721,10,C:\\Windows\\System32\\WindowsPowerShell\\v1.0\\powershell.exe,0x0,0x0,Logoff for LOCAL\dtorres from workstation LAP-GER-003,0,none,Internal,LAN,,
2026-04-29 00:26:16,WIN-SRV-APP01,Microsoft-Windows-Security-Auditing,Security,4672,Special privileges assigned to new logon,LOCAL,crojas,LAP-GER-003,192.168.1.154,57254,2,C:\\Windows\\System32\\svchost.exe,0x0,0x0,Special privileges assigned to LOCAL\crojas,0,none,Internal,LAN,,
2026-04-29 00:27:00,WIN10-FIN-014,Microsoft-Windows-Security-Auditing,Security,4634,An account was logged off,LOCAL,jperez,PC-FIN-001,10.10.241.1,59819,7,C:\\Windows\\System32\\winlogon.exe,0x0,0x0,Logoff for LOCAL\jperez from workstation PC-FIN-001,0,none,Internal,LAN,,
2026-04-29 00:30:55,WIN11-SEC-022,Microsoft-Windows-Security-Auditing,Security,4624,An account was successfully logged on,EMPRESA,lcastro,PC-OPS-014,192.168.1.168,60219,3,C:\\Windows\\System32\\svchost.exe,0x0,0x0,Successful logon for EMPRESA\lcastro from 192.168.1.168 using logon type 3,0,none,Internal,LAN,,
2026-04-29 00:31:47,WIN11-SEC-022,Microsoft-Windows-Security-Auditing,Security,4624,An account was successfully logged on,EMPRESA,alopez,LAP-GER-003,172.16.20.13,54572,3,C:\\Program Files\\Google\\Chrome\\Application\\chrome.exe,0x0,0x0,Successful logon for EMPRESA\alopez from 172.16.20.13 using logon type 3,0,none,Internal,LAN,,
2026-04-29 00:32:55,WIN-SRV-FILE01,Microsoft-Windows-Security-Auditing,Security,4688,A new process has been created,LOCAL,dtorres,PC-RRHH-002,172.16.20.194,61674,3,C:\\Windows\\System32\\lsass.exe,0x0,0x0,Process created by LOCAL\dtorres: C:\\Windows\\System32\\lsass.exe,0,none,Internal,LAN,,
2026-04-29 00:34:38,WIN-SRV-APP01,Microsoft-Windows-Security-Auditing,Security,4624,An account was successfully logged on,CORP,lcastro,PC-FIN-001,10.10.192.188,59503,10,C:\\Windows\\System32\\WindowsPowerShell\\v1.0\\powershell.exe,0x0,0x0,Successful logon for CORP\lcastro from 10.10.192.188 using logon type 10,0,none,Internal,LAN,,
2026-04-29 00:35:40,WIN10-FIN-014,Microsoft-Windows-Security-Auditing,Security,4634,An account was logged off,CORP,mgarcia,LAP-GER-003,192.168.1.19,51194,2,C:\\Program Files\\Google\\Chrome\\Application\\chrome.exe,0x0,0x0,Logoff for CORP\mgarcia from workstation LAP-GER-003,0,none,Internal,LAN,,
2026-04-29 00:41:05,WIN-SRV-DC01,Microsoft-Windows-Security-Auditing,Security,4634,An account was logged off,CORP,finanzas02,PC-OPS-014,10.10.104.236,58368,10,C:\\Windows\\System32\\WindowsPowerShell\\v1.0\\powershell.exe,0x0,0x0,Logoff for CORP\finanzas02 from workstation PC-OPS-014,0,none,Internal,LAN,,
2026-04-29 00:41:33,WIN-SRV-FILE01,Microsoft-Windows-Security-Auditing,Security,4624,An account was successfully logged on,CORP,svc_monitor,PC-OPS-014,172.16.20.69,57564,7,C:\\Program Files\\Microsoft Defender\\MsMpEng.exe,0x0,0x0,Successful logon for CORP\svc_monitor from 172.16.20.69 using logon type 7,0,none,Internal,LAN,,
2026-04-29 00:42:22,WIN-SRV-APP01,Microsoft-Windows-Security-Auditing,Security,4624,An account was successfully logged on,CORP,crojas,LAP-GER-003,10.10.53.139,57597,3,C:\\Program Files\\Google\\Chrome\\Application\\chrome.exe,0x0,0x0,Successful logon for CORP\crojas from 10.10.53.139 using logon type 3,0,none,Internal,LAN,,
2026-04-29 00:45:08,WIN-SRV-APP01,Microsoft-Windows-Security-Auditing,Security,4672,Special privileges assigned to new logon,CORP,svc_backup,PC-FIN-001,172.16.20.162,59750,3,C:\\Program Files\\Google\\Chrome\\Application\\chrome.exe,0x0,0x0,Special privileges assigned to CORP\svc_backup,0,none,Internal,LAN,,
2026-04-29 00:47:48,WIN-SRV-FILE01,Microsoft-Windows-Security-Auditing,Security,4624,An account was successfully logged on,EMPRESA,svc_monitor,LAP-GER-003,10.10.164.52,58066,3,C:\\Windows\\System32\\cmd.exe,0x0,0x0,Successful logon for EMPRESA\svc_monitor from 10.10.164.52 using logon type 3,0,none,Internal,LAN,,
2026-04-29 00:47:57,WIN-SRV-FILE01,Microsoft-Windows-Security-Auditing,Security,4624,An account was successfully logged on,LOCAL,analista01,PC-RRHH-002,172.16.20.227,64294,7,C:\\Windows\\System32\\WindowsPowerShell\\v1.0\\powershell.exe,0x0,0x0,Successful logon for LOCAL\analista01 from 172.16.20.227 using logon type 7,0,none,Internal,LAN,,
2026-04-29 00:48:51,WIN-SRV-APP01,Microsoft-Windows-Security-Auditing,Security,4688,A new process has been created,CORP,admin.ops,PC-FIN-001,10.10.47.117,53137,10,C:\\Windows\\System32\\lsass.exe,0x0,0x0,Process created by CORP\admin.ops: C:\\Windows\\System32\\lsass.exe,0,none,Internal,LAN,,
2026-04-29 00:49:18,WIN-SRV-APP01,Microsoft-Windows-Security-Auditing,Security,4634,An account was logged off,EMPRESA,mgarcia,SRV-MON-001,192.168.1.195,55444,3,C:\\Windows\\System32\\lsass.exe,0x0,0x0,Logoff for EMPRESA\mgarcia from workstation SRV-MON-001,0,none,Internal,LAN,,
2026-04-29 00:50:12,WIN-SRV-DC01,Microsoft-Windows-Security-Auditing,Security,4688,A new process has been created,CORP,mgarcia,PC-FIN-001,172.16.20.80,56875,10,C:\\Windows\\System32\\cmd.exe,0x0,0x0,Process created by CORP\mgarcia: C:\\Windows\\System32\\cmd.exe,0,none,Internal,LAN,,
2026-04-29 00:50:14,WIN11-SEC-022,Microsoft-Windows-Security-Auditing,Security,4634,An account was logged off,CORP,finanzas02,PC-FIN-001,10.10.119.222,64489,10,C:\\Windows\\System32\\WindowsPowerShell\\v1.0\\powershell.exe,0x0,0x0,Logoff for CORP\finanzas02 from workstation PC-FIN-001,0,none,Internal,LAN,,
2026-04-29 00:51:28,WIN-SRV-DC01,Microsoft-Windows-Security-Auditing,Security,4688,A new process has been created,CORP,svc_monitor,PC-FIN-001,192.168.1.234,57949,10,C:\\Windows\\System32\\WindowsPowerShell\\v1.0\\powershell.exe,0x0,0x0,Process created by CORP\svc_monitor: C:\\Windows\\System32\\WindowsPowerShell\\v1.0\\powershell.exe,0,none,Internal,LAN,,
2026-04-29 00:51:59,WIN10-FIN-014,Microsoft-Windows-Security-Auditing,Security,4624,An account was successfully logged on,EMPRESA,admin.ops,PC-OPS-014,192.168.1.229,52142,2,C:\\Windows\\System32\\svchost.exe,0x0,0x0,Successful logon for EMPRESA\admin.ops from 192.168.1.229 using logon type 2,0,none,Internal,LAN,,
2026-04-29 00:52:19,WIN11-SEC-022,Microsoft-Windows-Security-Auditing,Security,4624,An account was successfully logged on,CORP,mgarcia,PC-FIN-001,172.16.20.150,55306,7,C:\\Windows\\System32\\cmd.exe,0x0,0x0,Successful logon for CORP\mgarcia from 172.16.20.150 using logon type 7,0,none,Internal,LAN,,
2026-04-29 00:52:20,WIN10-FIN-014,Microsoft-Windows-Security-Auditing,Security,4624,An account was successfully logged on,CORP,crojas,SRV-MON-001,172.16.20.144,63413,2,C:\\Windows\\System32\\lsass.exe,0x0,0x0,Successful logon for CORP\crojas from 172.16.20.144 using logon type 2,0,none,Internal,LAN,,
2026-04-29 00:54:10,WIN-SRV-APP01,Microsoft-Windows-Security-Auditing,Security,4624,An account was successfully logged on,LOCAL,alopez,SRV-MON-001,192.168.1.8,60814,10,C:\\Windows\\System32\\svchost.exe,0x0,0x0,Successful logon for LOCAL\alopez from 192.168.1.8 using logon type 10,0,none,Internal,LAN,,
2026-04-29 00:55:04,WIN-SRV-DC01,Microsoft-Windows-Security-Auditing,Security,4688,A new process has been created,EMPRESA,mgarcia,LAP-GER-003,192.168.1.6,56473,7,C:\\Program Files\\Google\\Chrome\\Application\\chrome.exe,0x0,0x0,Process created by EMPRESA\mgarcia: C:\\Program Files\\Google\\Chrome\\Application\\chrome.exe,0,none,Internal,LAN,,
2026-04-29 00:55:20,WIN-SRV-DC01,Microsoft-Windows-Security-Auditing,Security,4688,A new process has been created,EMPRESA,dtorres,SRV-MON-001,172.16.20.218,59451,10,C:\\Program Files\\Google\\Chrome\\Application\\chrome.exe,0x0,0x0,Process created by EMPRESA\dtorres: C:\\Program Files\\Google\\Chrome\\Application\\chrome.exe,0,none,Internal,LAN,,
2026-04-29 00:55:42,WIN-SRV-FILE01,Microsoft-Windows-Security-Auditing,Security,4624,An account was successfully logged on,EMPRESA,svc_monitor,PC-RRHH-002,192.168.1.143,59511,2,C:\\Program Files\\Microsoft Defender\\MsMpEng.exe,0x0,0x0,Successful logon for EMPRESA\svc_monitor from 192.168.1.143 using logon type 2,0,none,Internal,LAN,,
2026-04-29 00:55:45,WIN10-FIN-014,Microsoft-Windows-Security-Auditing,Security,4624,An account was successfully logged on,LOCAL,dtorres,PC-RRHH-002,172.16.20.98,50056,2,C:\\Windows\\System32\\lsass.exe,0x0,0x0,Successful logon for LOCAL\dtorres from 172.16.20.98 using logon type 2,0,none,Internal,LAN,,
2026-04-29 00:56:40,WIN-SRV-APP01,Microsoft-Windows-Security-Auditing,Security,4688,A new process has been created,LOCAL,lcastro,PC-RRHH-002,172.16.20.30,61909,2,C:\\Windows\\System32\\winlogon.exe,0x0,0x0,Process created by LOCAL\lcastro: C:\\Windows\\System32\\winlogon.exe,0,none,Internal,LAN,,
2026-04-29 00:57:12,WIN-SRV-DC01,Microsoft-Windows-Security-Auditing,Security,4648,A logon was attempted using explicit credentials,CORP,analista01,SRV-MON-001,10.10.253.228,50491,7,C:\\Program Files\\Google\\Chrome\\Application\\chrome.exe,0x0,0x0,Explicit credentials used by CORP\analista01 from SRV-MON-001,0,none,Internal,LAN,,
2026-04-29 00:57:51,WIN-SRV-APP01,Microsoft-Windows-Security-Auditing,Security,4624,An account was successfully logged on,CORP,jperez,PC-OPS-014,10.10.66.96,65303,2,C:\\Windows\\System32\\winlogon.exe,0x0,0x0,Successful logon for CORP\jperez from 10.10.66.96 using logon type 2,0,none,Internal,LAN,,
2026-04-29 00:59:44,WIN-SRV-DC01,Microsoft-Windows-Security-Auditing,Security,4634,An account was logged off,CORP,alopez,PC-OPS-014,192.168.1.241,53161,7,C:\\Windows\\System32\\lsass.exe,0x0,0x0,Logoff for CORP\alopez from workstation PC-OPS-014,0,none,Internal,LAN,,
2026-04-29 01:00:52,WIN-SRV-APP01,Microsoft-Windows-Security-Auditing,Security,4634,An account was logged off,EMPRESA,svc_monitor,LAP-GER-003,172.16.20.43,52658,3,C:\\Windows\\System32\\cmd.exe,0x0,0x0,Logoff for EMPRESA\svc_monitor from workstation LAP-GER-003,0,none,Internal,LAN,,
2026-04-29 01:03:51,WIN-SRV-APP01,Microsoft-Windows-Security-Auditing,Security,4688,A new process has been created,LOCAL,lcastro,PC-RRHH-002,172.16.20.121,59382,7,C:\\Windows\\System32\\winlogon.exe,0x0,0x0,Process created by LOCAL\lcastro: C:\\Windows\\System32\\winlogon.exe,0,none,Internal,LAN,,
2026-04-29 01:04:14,WIN-SRV-DC01,Microsoft-Windows-Security-Auditing,Security,4634,An account was logged off,EMPRESA,mgarcia,LAP-GER-003,192.168.1.101,60236,10,C:\\Program Files\\Microsoft Defender\\MsMpEng.exe,0x0,0x0,Logoff for EMPRESA\mgarcia from workstation LAP-GER-003,0,none,Internal,LAN,,
2026-04-29 01:06:43,WIN-SRV-FILE01,Microsoft-Windows-Security-Auditing,Security,4624,An account was successfully logged on,CORP,crojas,PC-RRHH-002,172.16.20.31,58899,10,C:\\Program Files\\Microsoft Defender\\MsMpEng.exe,0x0,0x0,Successful logon for CORP\crojas from 172.16.20.31 using logon type 10,0,none,Internal,LAN,,
2026-04-29 01:09:02,WIN-SRV-DC01,Microsoft-Windows-Security-Auditing,Security,4624,An account was successfully logged on,LOCAL,svc_backup,PC-FIN-001,10.10.123.233,50847,2,C:\\Windows\\System32\\WindowsPowerShell\\v1.0\\powershell.exe,0x0,0x0,Successful logon for LOCAL\svc_backup from 10.10.123.233 using logon type 2,0,none,Internal,LAN,,
2026-04-29 01:11:25,WIN-SRV-APP01,Microsoft-Windows-Security-Auditing,Security,4634,An account was logged off,LOCAL,mgarcia,SRV-MON-001,192.168.1.109,55575,7,C:\\Windows\\System32\\winlogon.exe,0x0,0x0,Logoff for LOCAL\mgarcia from workstation SRV-MON-001,0,none,Internal,LAN,,
2026-04-29 01:13:47,WIN-SRV-FILE01,Microsoft-Windows-Security-Auditing,Security,4624,An account was successfully logged on,CORP,alopez,PC-RRHH-002,10.10.165.2,64190,7,C:\\Program Files\\Microsoft Defender\\MsMpEng.exe,0x0,0x0,Successful logon for CORP\alopez from 10.10.165.2 using logon type 7,0,none,Internal,LAN,,
2026-04-29 01:13:51,WIN10-FIN-014,Microsoft-Windows-Security-Auditing,Security,4634,An account was logged off,CORP,dtorres,PC-RRHH-002,10.10.170.50,63514,10,C:\\Windows\\System32\\lsass.exe,0x0,0x0,Logoff for CORP\dtorres from workstation PC-RRHH-002,0,none,Internal,LAN,,
2026-04-29 01:14:23,WIN11-SEC-022,Microsoft-Windows-Security-Auditing,Security,4624,An account was successfully logged on,EMPRESA,mgarcia,SRV-MON-001,10.10.215.243,56540,10,C:\\Windows\\System32\\svchost.exe,0x0,0x0,Successful logon for EMPRESA\mgarcia from 10.10.215.243 using logon type 10,0,none,Internal,LAN,,
2026-04-29 01:15:30,WIN-SRV-DC01,Microsoft-Windows-Security-Auditing,Security,4648,A logon was attempted using explicit credentials,EMPRESA,crojas,PC-OPS-014,172.16.20.175,53063,3,C:\\Program Files\\Google\\Chrome\\Application\\chrome.exe,0x0,0x0,Explicit credentials used by EMPRESA\crojas from PC-OPS-014,0,none,Internal,LAN,,
2026-04-29 01:15:49,WIN-SRV-FILE01,Microsoft-Windows-Security-Auditing,Security,4624,An account was successfully logged on,CORP,jperez,PC-OPS-014,192.168.1.180,53215,10,C:\\Windows\\System32\\lsass.exe,0x0,0x0,Successful logon for CORP\jperez from 192.168.1.180 using logon type 10,0,none,Internal,LAN,,
2026-04-29 01:17:29,WIN11-SEC-022,Microsoft-Windows-Security-Auditing,Security,4624,An account was successfully logged on,LOCAL,lcastro,PC-RRHH-002,192.168.1.223,51813,3,C:\\Windows\\System32\\winlogon.exe,0x0,0x0,Successful logon for LOCAL\lcastro from 192.168.1.223 using logon type 3,0,none,Internal,LAN,,
2026-04-29 01:17:36,WIN-SRV-FILE01,Microsoft-Windows-Security-Auditing,Security,4688,A new process has been created,EMPRESA,crojas,PC-FIN-001,172.16.20.59,65326,2,C:\\Windows\\System32\\WindowsPowerShell\\v1.0\\powershell.exe,0x0,0x0,Process created by EMPRESA\crojas: C:\\Windows\\System32\\WindowsPowerShell\\v1.0\\powershell.exe,0,none,Internal,LAN,,
2026-04-29 01:18:09,WIN-SRV-DC01,Microsoft-Windows-Security-Auditing,Security,4624,An account was successfully logged on,CORP,finanzas02,PC-OPS-014,192.168.1.42,51168,7,C:\\Windows\\System32\\svchost.exe,0x0,0x0,Successful logon for CORP\finanzas02 from 192.168.1.42 using logon type 7,0,none,Internal,LAN,,
2026-04-29 01:20:06,WIN10-FIN-014,Microsoft-Windows-Security-Auditing,Security,4624,An account was successfully logged on,CORP,mgarcia,LAP-GER-003,192.168.1.19,60570,7,C:\\Windows\\System32\\WindowsPowerShell\\v1.0\\powershell.exe,0x0,0x0,Successful logon for CORP\mgarcia from 192.168.1.19 using logon type 7,0,none,Internal,LAN,,
2026-04-29 01:20:08,WIN11-SEC-022,Microsoft-Windows-Security-Auditing,Security,4624,An account was successfully logged on,LOCAL,analista01,PC-OPS-014,172.16.20.169,59992,7,C:\\Windows\\System32\\winlogon.exe,0x0,0x0,Successful logon for LOCAL\analista01 from 172.16.20.169 using logon type 7,0,none,Internal,LAN,,
2026-04-29 01:20:39,WIN-SRV-FILE01,Microsoft-Windows-Security-Auditing,Security,4624,An account was successfully logged on,EMPRESA,alopez,LAP-GER-003,10.10.190.202,59334,2,C:\\Windows\\System32\\WindowsPowerShell\\v1.0\\powershell.exe,0x0,0x0,Successful logon for EMPRESA\alopez from 10.10.190.202 using logon type 2,0,none,Internal,LAN,,
2026-04-29 01:23:30,WIN10-FIN-014,Microsoft-Windows-Security-Auditing,Security,4624,An account was successfully logged on,EMPRESA,svc_monitor,LAP-GER-003,172.16.20.239,52960,2,C:\\Windows\\System32\\lsass.exe,0x0,0x0,Successful logon for EMPRESA\svc_monitor from 172.16.20.239 using logon type 2,0,none,Internal,LAN,,
2026-04-29 01:23:56,WIN-SRV-FILE01,Microsoft-Windows-Security-Auditing,Security,4624,An account was successfully logged on,EMPRESA,analista01,PC-OPS-014,192.168.1.14,49201,10,C:\\Program Files\\Google\\Chrome\\Application\\chrome.exe,0x0,0x0,Successful logon for EMPRESA\analista01 from 192.168.1.14 using logon type 10,0,none,Internal,LAN,,
2026-04-29 01:24:28,WIN-SRV-FILE01,Microsoft-Windows-Security-Auditing,Security,4624,An account was successfully logged on,EMPRESA,analista01,PC-RRHH-002,172.16.20.159,59338,2,C:\\Windows\\System32\\svchost.exe,0x0,0x0,Successful logon for EMPRESA\analista01 from 172.16.20.159 using logon type 2,0,none,Internal,LAN,,
2026-04-29 01:27:08,WIN11-SEC-022,Microsoft-Windows-Security-Auditing,Security,4624,An account was successfully logged on,LOCAL,dtorres,SRV-MON-001,192.168.1.126,53233,2,C:\\Windows\\System32\\lsass.exe,0x0,0x0,Successful logon for LOCAL\dtorres from 192.168.1.126 using logon type 2,0,none,Internal,LAN,,
2026-04-29 01:28:12,WIN10-FIN-014,Microsoft-Windows-Security-Auditing,Security,4688,A new process has been created,LOCAL,mgarcia,PC-RRHH-002,192.168.1.189,58669,10,C:\\Windows\\System32\\svchost.exe,0x0,0x0,Process created by LOCAL\mgarcia: C:\\Windows\\System32\\svchost.exe,0,none,Internal,LAN,,
2026-04-29 01:29:29,WIN11-SEC-022,Microsoft-Windows-Security-Auditing,Security,4624,An account was successfully logged on,CORP,alopez,PC-OPS-014,192.168.1.4,50347,2,C:\\Windows\\System32\\cmd.exe,0x0,0x0,Successful logon for CORP\alopez from 192.168.1.4 using logon type 2,0,none,Internal,LAN,,
2026-04-29 01:31:47,WIN-SRV-DC01,Microsoft-Windows-Security-Auditing,Security,4624,An account was successfully logged on,LOCAL,mgarcia,LAP-GER-003,172.16.20.162,62120,3,C:\\Program Files\\Microsoft Defender\\MsMpEng.exe,0x0,0x0,Successful logon for LOCAL\mgarcia from 172.16.20.162 using logon type 3,0,none,Internal,LAN,,
2026-04-29 01:32:29,WIN11-SEC-022,Microsoft-Windows-Security-Auditing,Security,4624,An account was successfully logged on,EMPRESA,admin.ops,SRV-MON-001,172.16.20.38,53616,2,C:\\Windows\\System32\\WindowsPowerShell\\v1.0\\powershell.exe,0x0,0x0,Successful logon for EMPRESA\admin.ops from 172.16.20.38 using logon type 2,0,none,Internal,LAN,,
2026-04-29 01:33:46,WIN-SRV-DC01,Microsoft-Windows-Security-Auditing,Security,4624,An account was successfully logged on,CORP,lcastro,LAP-GER-003,192.168.1.27,62238,7,C:\\Program Files\\Microsoft Defender\\MsMpEng.exe,0x0,0x0,Successful logon for CORP\lcastro from 192.168.1.27 using logon type 7,0,none,Internal,LAN,,
2026-04-29 01:34:32,WIN11-SEC-022,Microsoft-Windows-Security-Auditing,Security,4634,An account was logged off,CORP,analista01,SRV-MON-001,172.16.20.246,55675,3,C:\\Windows\\System32\\svchost.exe,0x0,0x0,Logoff for CORP\analista01 from workstation SRV-MON-001,0,none,Internal,LAN,,
2026-04-29 01:34:32,WIN10-FIN-014,Microsoft-Windows-Security-Auditing,Security,4634,An account was logged off,EMPRESA,lcastro,LAP-GER-003,10.10.42.106,54269,3,C:\\Windows\\System32\\lsass.exe,0x0,0x0,Logoff for EMPRESA\lcastro from workstation LAP-GER-003,0,none,Internal,LAN,,
2026-04-29 01:36:06,WIN-SRV-DC01,Microsoft-Windows-Security-Auditing,Security,4624,An account was successfully logged on,CORP,dtorres,SRV-MON-001,192.168.1.154,50318,2,C:\\Windows\\System32\\svchost.exe,0x0,0x0,Successful logon for CORP\dtorres from 192.168.1.154 using logon type 2,0,none,Internal,LAN,,
2026-04-29 01:37:45,WIN10-FIN-014,Microsoft-Windows-Security-Auditing,Security,4624,An account was successfully logged on,EMPRESA,analista01,SRV-MON-001,192.168.1.196,49565,10,C:\\Windows\\System32\\winlogon.exe,0x0,0x0,Successful logon for EMPRESA\analista01 from 192.168.1.196 using logon type 10,0,none,Internal,LAN,,
2026-04-29 01:39:21,WIN-SRV-DC01,Microsoft-Windows-Security-Auditing,Security,4624,An account was successfully logged on,CORP,crojas,PC-OPS-014,192.168.1.109,61920,3,C:\\Windows\\System32\\lsass.exe,0x0,0x0,Successful logon for CORP\crojas from 192.168.1.109 using logon type 3,0,none,Internal,LAN,,
2026-04-29 01:41:24,WIN-SRV-FILE01,Microsoft-Windows-Security-Auditing,Security,4624,An account was successfully logged on,EMPRESA,alopez,SRV-MON-001,192.168.1.13,53465,3,C:\\Windows\\System32\\cmd.exe,0x0,0x0,Successful logon for EMPRESA\alopez from 192.168.1.13 using logon type 3,0,none,Internal,LAN,,
2026-04-29 01:44:13,WIN-SRV-APP01,Microsoft-Windows-Security-Auditing,Security,4624,An account was successfully logged on,CORP,jperez,SRV-MON-001,172.16.20.79,59876,10,C:\\Program Files\\Google\\Chrome\\Application\\chrome.exe,0x0,0x0,Successful logon for CORP\jperez from 172.16.20.79 using logon type 10,0,none,Internal,LAN,,
2026-04-29 01:44:49,WIN-SRV-FILE01,Microsoft-Windows-Security-Auditing,Security,4648,A logon was attempted using explicit credentials,LOCAL,mgarcia,PC-OPS-014,172.16.20.136,53208,7,C:\\Windows\\System32\\lsass.exe,0x0,0x0,Explicit credentials used by LOCAL\mgarcia from PC-OPS-014,0,none,Internal,LAN,,
2026-04-29 01:45:28,WIN-SRV-APP01,Microsoft-Windows-Security-Auditing,Security,4624,An account was successfully logged on,LOCAL,analista01,LAP-GER-003,172.16.20.140,62175,2,C:\\Windows\\System32\\winlogon.exe,0x0,0x0,Successful logon for LOCAL\analista01 from 172.16.20.140 using logon type 2,0,none,Internal,LAN,,
2026-04-29 01:46:16,WIN-SRV-FILE01,Microsoft-Windows-Security-Auditing,Security,4624,An account was successfully logged on,EMPRESA,finanzas02,PC-FIN-001,192.168.1.13,61745,2,C:\\Program Files\\Google\\Chrome\\Application\\chrome.exe,0x0,0x0,Successful logon for EMPRESA\finanzas02 from 192.168.1.13 using logon type 2,0,none,Internal,LAN,,
2026-04-29 01:46:27,WIN-SRV-APP01,Microsoft-Windows-Security-Auditing,Security,4624,An account was successfully logged on,LOCAL,dtorres,SRV-MON-001,10.10.156.168,52849,10,C:\\Windows\\System32\\lsass.exe,0x0,0x0,Successful logon for LOCAL\dtorres from 10.10.156.168 using logon type 10,0,none,Internal,LAN,,
2026-04-29 01:46:40,WIN10-FIN-014,Microsoft-Windows-Security-Auditing,Security,4624,An account was successfully logged on,LOCAL,dtorres,PC-RRHH-002,10.10.64.243,57112,10,C:\\Windows\\System32\\WindowsPowerShell\\v1.0\\powershell.exe,0x0,0x0,Successful logon for LOCAL\dtorres from 10.10.64.243 using logon type 10,0,none,Internal,LAN,,
2026-04-29 01:48:59,WIN11-SEC-022,Microsoft-Windows-Security-Auditing,Security,4624,An account was successfully logged on,CORP,alopez,PC-OPS-014,192.168.1.186,55681,7,C:\\Windows\\System32\\lsass.exe,0x0,0x0,Successful logon for CORP\alopez from 192.168.1.186 using logon type 7,0,none,Internal,LAN,,
2026-04-29 01:49:53,WIN-SRV-FILE01,Microsoft-Windows-Security-Auditing,Security,4624,An account was successfully logged on,EMPRESA,svc_monitor,PC-RRHH-002,172.16.20.28,62123,3,C:\\Windows\\System32\\cmd.exe,0x0,0x0,Successful logon for EMPRESA\svc_monitor from 172.16.20.28 using logon type 3,0,none,Internal,LAN,,
2026-04-29 01:51:56,WIN-SRV-FILE01,Microsoft-Windows-Security-Auditing,Security,4634,An account was logged off,EMPRESA,analista01,PC-RRHH-002,10.10.201.48,54190,2,C:\\Program Files\\Microsoft Defender\\MsMpEng.exe,0x0,0x0,Logoff for EMPRESA\analista01 from workstation PC-RRHH-002,0,none,Internal,LAN,,
2026-04-29 01:52:19,WIN-SRV-FILE01,Microsoft-Windows-Security-Auditing,Security,4624,An account was successfully logged on,CORP,mgarcia,PC-OPS-014,10.10.12.148,53996,7,C:\\Windows\\System32\\cmd.exe,0x0,0x0,Successful logon for CORP\mgarcia from 10.10.12.148 using logon type 7,0,none,Internal,LAN,,
2026-04-29 01:53:49,WIN-SRV-DC01,Microsoft-Windows-Security-Auditing,Security,4624,An account was successfully logged on,EMPRESA,crojas,SRV-MON-001,10.10.117.148,63777,10,C:\\Windows\\System32\\WindowsPowerShell\\v1.0\\powershell.exe,0x0,0x0,Successful logon for EMPRESA\crojas from 10.10.117.148 using logon type 10,0,none,Internal,LAN,,
2026-04-29 01:55:36,WIN-SRV-APP01,Microsoft-Windows-Security-Auditing,Security,4624,An account was successfully logged on,EMPRESA,dtorres,SRV-MON-001,10.10.36.26,59857,2,C:\\Program Files\\Google\\Chrome\\Application\\chrome.exe,0x0,0x0,Successful logon for EMPRESA\dtorres from 10.10.36.26 using logon type 2,0,none,Internal,LAN,,
2026-04-29 01:55:51,WIN11-SEC-022,Microsoft-Windows-Security-Auditing,Security,4634,An account was logged off,LOCAL,jperez,PC-OPS-014,192.168.1.19,65054,10,C:\\Windows\\System32\\WindowsPowerShell\\v1.0\\powershell.exe,0x0,0x0,Logoff for LOCAL\jperez from workstation PC-OPS-014,0,none,Internal,LAN,,
2026-04-29 01:56:04,WIN10-FIN-014,Microsoft-Windows-Security-Auditing,Security,4624,An account was successfully logged on,EMPRESA,jperez,PC-FIN-001,192.168.1.254,60392,7,C:\\Windows\\System32\\svchost.exe,0x0,0x0,Successful logon for EMPRESA\jperez from 192.168.1.254 using logon type 7,0,none,Internal,LAN,,
2026-04-29 01:56:20,WIN10-FIN-014,Microsoft-Windows-Security-Auditing,Security,4624,An account was successfully logged on,LOCAL,lcastro,LAP-GER-003,192.168.1.79,64848,10,C:\\Program Files\\Google\\Chrome\\Application\\chrome.exe,0x0,0x0,Successful logon for LOCAL\lcastro from 192.168.1.79 using logon type 10,0,none,Internal,LAN,,
2026-04-29 01:57:36,WIN-SRV-APP01,Microsoft-Windows-Security-Auditing,Security,4634,An account was logged off,CORP,admin.ops,LAP-GER-003,192.168.1.11,61793,2,C:\\Program Files\\Microsoft Defender\\MsMpEng.exe,0x0,0x0,Logoff for CORP\admin.ops from workstation LAP-GER-003,0,none,Internal,LAN,,
2026-04-29 01:58:33,WIN-SRV-APP01,Microsoft-Windows-Security-Auditing,Security,4634,An account was logged off,LOCAL,dtorres,PC-OPS-014,192.168.1.14,53362,10,C:\\Program Files\\Microsoft Defender\\MsMpEng.exe,0x0,0x0,Logoff for LOCAL\dtorres from workstation PC-OPS-014,0,none,Internal,LAN,,
2026-04-29 01:59:44,WIN10-FIN-014,Microsoft-Windows-Security-Auditing,Security,4688,A new process has been created,LOCAL,lcastro,PC-OPS-014,192.168.1.222,65394,3,C:\\Windows\\System32\\winlogon.exe,0x0,0x0,Process created by LOCAL\lcastro: C:\\Windows\\System32\\winlogon.exe,0,none,Internal,LAN,,
2026-04-29 01:59:56,WIN-SRV-APP01,Microsoft-Windows-Security-Auditing,Security,4624,An account was successfully logged on,LOCAL,finanzas02,PC-FIN-001,172.16.20.173,64860,3,C:\\Windows\\System32\\cmd.exe,0x0,0x0,Successful logon for LOCAL\finanzas02 from 172.16.20.173 using logon type 3,0,none,Internal,LAN,,
2026-04-29 02:02:44,WIN-SRV-DC01,Microsoft-Windows-Security-Auditing,Security,4624,An account was successfully logged on,CORP,finanzas02,PC-OPS-014,10.10.45.188,56123,10,C:\\Program Files\\Google\\Chrome\\Application\\chrome.exe,0x0,0x0,Successful logon for CORP\finanzas02 from 10.10.45.188 using logon type 10,0,none,Internal,LAN,,
2026-04-29 02:03:04,WIN10-FIN-014,Microsoft-Windows-Security-Auditing,Security,4634,An account was logged off,EMPRESA,svc_monitor,SRV-MON-001,10.10.70.61,56074,7,C:\\Windows\\System32\\lsass.exe,0x0,0x0,Logoff for EMPRESA\svc_monitor from workstation SRV-MON-001,0,none,Internal,LAN,,
2026-04-29 02:03:36,WIN-SRV-FILE01,Microsoft-Windows-Security-Auditing,Security,4624,An account was successfully logged on,EMPRESA,helpdesk01,PC-RRHH-002,192.168.1.195,60839,2,C:\\Program Files\\Google\\Chrome\\Application\\chrome.exe,0x0,0x0,Successful logon for EMPRESA\helpdesk01 from 192.168.1.195 using logon type 2,0,none,Internal,LAN,,
2026-04-29 02:04:54,WIN11-SEC-022,Microsoft-Windows-Security-Auditing,Security,4624,An account was successfully logged on,CORP,analista01,PC-RRHH-002,172.16.20.45,56109,3,C:\\Windows\\System32\\svchost.exe,0x0,0x0,Successful logon for CORP\analista01 from 172.16.20.45 using logon type 3,0,none,Internal,LAN,,
2026-04-29 02:05:00,WIN11-SEC-022,Microsoft-Windows-Security-Auditing,Security,4624,An account was successfully logged on,EMPRESA,lcastro,PC-OPS-014,10.10.241.0,50734,7,C:\\Windows\\System32\\lsass.exe,0x0,0x0,Successful logon for EMPRESA\lcastro from 10.10.241.0 using logon type 7,0,none,Internal,LAN,,
2026-04-29 02:05:58,WIN10-FIN-014,Microsoft-Windows-Security-Auditing,Security,4624,An account was successfully logged on,LOCAL,analista01,PC-RRHH-002,172.16.20.88,63205,10,C:\\Program Files\\Google\\Chrome\\Application\\chrome.exe,0x0,0x0,Successful logon for LOCAL\analista01 from 172.16.20.88 using logon type 10,0,none,Internal,LAN,,
2026-04-29 02:08:12,WIN11-SEC-022,Microsoft-Windows-Security-Auditing,Security,4624,An account was successfully logged on,LOCAL,alopez,LAP-GER-003,10.10.204.128,58026,3,C:\\Windows\\System32\\winlogon.exe,0x0,0x0,Successful logon for LOCAL\alopez from 10.10.204.128 using logon type 3,0,none,Internal,LAN,,
2026-04-29 02:09:56,WIN11-SEC-022,Microsoft-Windows-Security-Auditing,Security,4624,An account was successfully logged on,CORP,jperez,PC-OPS-014,172.16.20.205,65276,10,C:\\Windows\\System32\\cmd.exe,0x0,0x0,Successful logon for CORP\jperez from 172.16.20.205 using logon type 10,0,none,Internal,LAN,,
2026-04-29 02:12:41,WIN-SRV-DC01,Microsoft-Windows-Security-Auditing,Security,4624,An account was successfully logged on,CORP,analista01,SRV-MON-001,172.16.20.181,57403,10,C:\\Windows\\System32\\WindowsPowerShell\\v1.0\\powershell.exe,0x0,0x0,Successful logon for CORP\analista01 from 172.16.20.181 using logon type 10,0,none,Internal,LAN,,
2026-04-29 02:12:42,WIN-SRV-APP01,Microsoft-Windows-Security-Auditing,Security,4634,An account was logged off,CORP,helpdesk01,LAP-GER-003,172.16.20.76,57890,7,C:\\Program Files\\Microsoft Defender\\MsMpEng.exe,0x0,0x0,Logoff for CORP\helpdesk01 from workstation LAP-GER-003,0,none,Internal,LAN,,
2026-04-29 02:17:04,WIN-SRV-FILE01,Microsoft-Windows-Security-Auditing,Security,4624,An account was successfully logged on,CORP,crojas,SRV-MON-001,10.10.181.49,55455,2,C:\\Program Files\\Microsoft Defender\\MsMpEng.exe,0x0,0x0,Successful logon for CORP\crojas from 10.10.181.49 using logon type 2,0,none,Internal,LAN,,
2026-04-29 02:17:36,WIN10-FIN-014,Microsoft-Windows-Security-Auditing,Security,4624,An account was successfully logged on,LOCAL,mgarcia,PC-RRHH-002,172.16.20.67,63498,2,C:\\Windows\\System32\\cmd.exe,0x0,0x0,Successful logon for LOCAL\mgarcia from 172.16.20.67 using logon type 2,0,none,Internal,LAN,,
2026-04-29 02:18:24,WIN11-SEC-022,Microsoft-Windows-Security-Auditing,Security,4688,A new process has been created,LOCAL,crojas,PC-RRHH-002,172.16.20.26,61440,3,C:\\Windows\\System32\\lsass.exe,0x0,0x0,Process created by LOCAL\crojas: C:\\Windows\\System32\\lsass.exe,0,none,Internal,LAN,,
2026-04-29 02:18:57,WIN-SRV-FILE01,Microsoft-Windows-Security-Auditing,Security,4624,An account was successfully logged on,CORP,admin.ops,PC-OPS-014,172.16.20.33,58391,3,C:\\Windows\\System32\\svchost.exe,0x0,0x0,Successful logon for CORP\admin.ops from 172.16.20.33 using logon type 3,0,none,Internal,LAN,,
2026-04-29 02:19:24,WIN-SRV-APP01,Microsoft-Windows-Security-Auditing,Security,4648,A logon was attempted using explicit credentials,CORP,mgarcia,PC-OPS-014,172.16.20.24,64101,10,C:\\Program Files\\Google\\Chrome\\Application\\chrome.exe,0x0,0x0,Explicit credentials used by CORP\mgarcia from PC-OPS-014,0,none,Internal,LAN,,
2026-04-29 02:20:36,WIN-SRV-FILE01,Microsoft-Windows-Security-Auditing,Security,4624,An account was successfully logged on,LOCAL,analista01,PC-FIN-001,192.168.1.87,62455,10,C:\\Windows\\System32\\WindowsPowerShell\\v1.0\\powershell.exe,0x0,0x0,Successful logon for LOCAL\analista01 from 192.168.1.87 using logon type 10,0,none,Internal,LAN,,
2026-04-29 02:20:53,WIN11-SEC-022,Microsoft-Windows-Security-Auditing,Security,4624,An account was successfully logged on,LOCAL,alopez,PC-RRHH-002,10.10.84.20,60776,2,C:\\Program Files\\Google\\Chrome\\Application\\chrome.exe,0x0,0x0,Successful logon for LOCAL\alopez from 10.10.84.20 using logon type 2,0,none,Internal,LAN,,
2026-04-29 02:20:53,WIN11-SEC-022,Microsoft-Windows-Security-Auditing,Security,4688,A new process has been created,EMPRESA,crojas,PC-RRHH-002,10.10.42.15,63194,7,C:\\Windows\\System32\\winlogon.exe,0x0,0x0,Process created by EMPRESA\crojas: C:\\Windows\\System32\\winlogon.exe,0,none,Internal,LAN,,
2026-04-29 02:23:06,WIN-SRV-APP01,Microsoft-Windows-Security-Auditing,Security,4624,An account was successfully logged on,LOCAL,crojas,PC-OPS-014,192.168.1.174,56298,7,C:\\Windows\\System32\\WindowsPowerShell\\v1.0\\powershell.exe,0x0,0x0,Successful logon for LOCAL\crojas from 192.168.1.174 using logon type 7,0,none,Internal,LAN,,
2026-04-29 02:23:09,WIN-SRV-FILE01,Microsoft-Windows-Security-Auditing,Security,4688,A new process has been created,CORP,svc_backup,SRV-MON-001,10.10.7.131,52793,10,C:\\Windows\\System32\\WindowsPowerShell\\v1.0\\powershell.exe,0x0,0x0,Process created by CORP\svc_backup: C:\\Windows\\System32\\WindowsPowerShell\\v1.0\\powershell.exe,0,none,Internal,LAN,,
2026-04-29 02:26:37,WIN11-SEC-022,Microsoft-Windows-Security-Auditing,Security,4624,An account was successfully logged on,CORP,analista01,PC-RRHH-002,192.168.1.119,59233,3,C:\\Program Files\\Microsoft Defender\\MsMpEng.exe,0x0,0x0,Successful logon for CORP\analista01 from 192.168.1.119 using logon type 3,0,none,Internal,LAN,,
2026-04-29 02:28:57,WIN-SRV-APP01,Microsoft-Windows-Security-Auditing,Security,4624,An account was successfully logged on,LOCAL,dtorres,PC-OPS-014,172.16.20.126,57396,3,C:\\Program Files\\Microsoft Defender\\MsMpEng.exe,0x0,0x0,Successful logon for LOCAL\dtorres from 172.16.20.126 using logon type 3,0,none,Internal,LAN,,
2026-04-29 02:29:10,WIN11-SEC-022,Microsoft-Windows-Security-Auditing,Security,4634,An account was logged off,CORP,admin.ops,SRV-MON-001,10.10.57.162,57134,3,C:\\Windows\\System32\\WindowsPowerShell\\v1.0\\powershell.exe,0x0,0x0,Logoff for CORP\admin.ops from workstation SRV-MON-001,0,none,Internal,LAN,,
2026-04-29 02:29:20,WIN11-SEC-022,Microsoft-Windows-Security-Auditing,Security,4624,An account was successfully logged on,CORP,mgarcia,SRV-MON-001,172.16.20.47,55237,7,C:\\Program Files\\Google\\Chrome\\Application\\chrome.exe,0x0,0x0,Successful logon for CORP\mgarcia from 172.16.20.47 using logon type 7,0,none,Internal,LAN,,
2026-04-29 02:30:05,WIN-SRV-APP01,Microsoft-Windows-Security-Auditing,Security,4624,An account was successfully logged on,EMPRESA,svc_monitor,PC-RRHH-002,10.10.72.107,51598,2,C:\\Windows\\System32\\lsass.exe,0x0,0x0,Successful logon for EMPRESA\svc_monitor from 10.10.72.107 using logon type 2,0,none,Internal,LAN,,
2026-04-29 02:30:35,WIN11-SEC-022,Microsoft-Windows-Security-Auditing,Security,4634,An account was logged off,EMPRESA,jperez,LAP-GER-003,192.168.1.107,54784,3,C:\\Windows\\System32\\winlogon.exe,0x0,0x0,Logoff for EMPRESA\jperez from workstation LAP-GER-003,0,none,Internal,LAN,,
2026-04-29 02:30:47,WIN-SRV-DC01,Microsoft-Windows-Security-Auditing,Security,4624,An account was successfully logged on,CORP,helpdesk01,SRV-MON-001,192.168.1.3,61249,3,C:\\Windows\\System32\\cmd.exe,0x0,0x0,Successful logon for CORP\helpdesk01 from 192.168.1.3 using logon type 3,0,none,Internal,LAN,,
2026-04-29 02:31:40,WIN-SRV-DC01,Microsoft-Windows-Security-Auditing,Security,4624,An account was successfully logged on,EMPRESA,helpdesk01,PC-FIN-001,192.168.1.201,61892,7,C:\\Windows\\System32\\lsass.exe,0x0,0x0,Successful logon for EMPRESA\helpdesk01 from 192.168.1.201 using logon type 7,0,none,Internal,LAN,,
2026-04-29 02:34:45,WIN-SRV-APP01,Microsoft-Windows-Security-Auditing,Security,4634,An account was logged off,CORP,svc_monitor,PC-RRHH-002,10.10.116.220,55864,10,C:\\Windows\\System32\\svchost.exe,0x0,0x0,Logoff for CORP\svc_monitor from workstation PC-RRHH-002,0,none,Internal,LAN,,
2026-04-29 02:34:49,WIN-SRV-DC01,Microsoft-Windows-Security-Auditing,Security,4624,An account was successfully logged on,EMPRESA,helpdesk01,LAP-GER-003,10.10.52.215,57562,7,C:\\Windows\\System32\\svchost.exe,0x0,0x0,Successful logon for EMPRESA\helpdesk01 from 10.10.52.215 using logon type 7,0,none,Internal,LAN,,
2026-04-29 02:34:50,WIN-SRV-FILE01,Microsoft-Windows-Security-Auditing,Security,4634,An account was logged off,EMPRESA,lcastro,PC-RRHH-002,192.168.1.158,52319,3,C:\\Windows\\System32\\cmd.exe,0x0,0x0,Logoff for EMPRESA\lcastro from workstation PC-RRHH-002,0,none,Internal,LAN,,
2026-04-29 02:34:55,WIN-SRV-DC01,Microsoft-Windows-Security-Auditing,Security,4688,A new process has been created,LOCAL,finanzas02,PC-RRHH-002,10.10.54.148,52459,7,C:\\Windows\\System32\\svchost.exe,0x0,0x0,Process created by LOCAL\finanzas02: C:\\Windows\\System32\\svchost.exe,0,none,Internal,LAN,,
2026-04-29 02:35:12,WIN10-FIN-014,Microsoft-Windows-Security-Auditing,Security,4672,Special privileges assigned to new logon,LOCAL,finanzas02,PC-OPS-014,10.10.28.203,49811,3,C:\\Program Files\\Google\\Chrome\\Application\\chrome.exe,0x0,0x0,Special privileges assigned to LOCAL\finanzas02,0,none,Internal,LAN,,
2026-04-29 02:35:41,WIN-SRV-APP01,Microsoft-Windows-Security-Auditing,Security,4688,A new process has been created,CORP,helpdesk01,PC-OPS-014,172.16.20.229,57444,10,C:\\Windows\\System32\\WindowsPowerShell\\v1.0\\powershell.exe,0x0,0x0,Process created by CORP\helpdesk01: C:\\Windows\\System32\\WindowsPowerShell\\v1.0\\powershell.exe,0,none,Internal,LAN,,
2026-04-29 02:35:59,WIN-SRV-DC01,Microsoft-Windows-Security-Auditing,Security,4688,A new process has been created,CORP,jperez,PC-FIN-001,10.10.37.80,50375,10,C:\\Windows\\System32\\WindowsPowerShell\\v1.0\\powershell.exe,0x0,0x0,Process created by CORP\jperez: C:\\Windows\\System32\\WindowsPowerShell\\v1.0\\powershell.exe,0,none,Internal,LAN,,
2026-04-29 02:36:49,WIN-SRV-APP01,Microsoft-Windows-Security-Auditing,Security,4688,A new process has been created,CORP,finanzas02,PC-OPS-014,192.168.1.46,63555,7,C:\\Windows\\System32\\WindowsPowerShell\\v1.0\\powershell.exe,0x0,0x0,Process created by CORP\finanzas02: C:\\Windows\\System32\\WindowsPowerShell\\v1.0\\powershell.exe,0,none,Internal,LAN,,
2026-04-29 02:36:51,WIN10-FIN-014,Microsoft-Windows-Security-Auditing,Security,4634,An account was logged off,LOCAL,mgarcia,PC-OPS-014,10.10.12.174,54496,10,C:\\Windows\\System32\\lsass.exe,0x0,0x0,Logoff for LOCAL\mgarcia from workstation PC-OPS-014,0,none,Internal,LAN,,
2026-04-29 02:37:04,WIN-SRV-FILE01,Microsoft-Windows-Security-Auditing,Security,4624,An account was successfully logged on,LOCAL,lcastro,LAP-GER-003,10.10.232.49,50762,10,C:\\Windows\\System32\\WindowsPowerShell\\v1.0\\powershell.exe,0x0,0x0,Successful logon for LOCAL\lcastro from 10.10.232.49 using logon type 10,0,none,Internal,LAN,,
2026-04-29 02:37:57,WIN-SRV-APP01,Microsoft-Windows-Security-Auditing,Security,4634,An account was logged off,LOCAL,svc_backup,PC-OPS-014,192.168.1.104,50250,3,C:\\Windows\\System32\\winlogon.exe,0x0,0x0,Logoff for LOCAL\svc_backup from workstation PC-OPS-014,0,none,Internal,LAN,,
2026-04-29 02:38:36,WIN-SRV-DC01,Microsoft-Windows-Security-Auditing,Security,4624,An account was successfully logged on,LOCAL,alopez,PC-OPS-014,10.10.222.158,63641,10,C:\\Program Files\\Microsoft Defender\\MsMpEng.exe,0x0,0x0,Successful logon for LOCAL\alopez from 10.10.222.158 using logon type 10,0,none,Internal,LAN,,
2026-04-29 02:40:00,WIN10-FIN-014,Microsoft-Windows-Security-Auditing,Security,4648,A logon was attempted using explicit credentials,CORP,helpdesk01,PC-FIN-001,10.10.244.113,57776,2,C:\\Program Files\\Microsoft Defender\\MsMpEng.exe,0x0,0x0,Explicit credentials used by CORP\helpdesk01 from PC-FIN-001,0,none,Internal,LAN,,
2026-04-29 02:40:25,WIN-SRV-FILE01,Microsoft-Windows-Security-Auditing,Security,4688,A new process has been created,EMPRESA,admin.ops,SRV-MON-001,192.168.1.7,50935,3,C:\\Windows\\System32\\cmd.exe,0x0,0x0,Process created by EMPRESA\admin.ops: C:\\Windows\\System32\\cmd.exe,0,none,Internal,LAN,,
2026-04-29 02:40:37,WIN-SRV-DC01,Microsoft-Windows-Security-Auditing,Security,4624,An account was successfully logged on,LOCAL,crojas,PC-RRHH-002,10.10.32.174,58096,3,C:\\Windows\\System32\\WindowsPowerShell\\v1.0\\powershell.exe,0x0,0x0,Successful logon for LOCAL\crojas from 10.10.32.174 using logon type 3,0,none,Internal,LAN,,
2026-04-29 02:40:47,WIN11-SEC-022,Microsoft-Windows-Security-Auditing,Security,4634,An account was logged off,EMPRESA,finanzas02,SRV-MON-001,172.16.20.108,51861,2,C:\\Windows\\System32\\winlogon.exe,0x0,0x0,Logoff for EMPRESA\finanzas02 from workstation SRV-MON-001,0,none,Internal,LAN,,
2026-04-29 02:41:03,WIN11-SEC-022,Microsoft-Windows-Security-Auditing,Security,4648,A logon was attempted using explicit credentials,CORP,admin.ops,PC-RRHH-002,10.10.29.17,50822,10,C:\\Windows\\System32\\winlogon.exe,0x0,0x0,Explicit credentials used by CORP\admin.ops from PC-RRHH-002,0,none,Internal,LAN,,
2026-04-29 02:41:14,WIN10-FIN-014,Microsoft-Windows-Security-Auditing,Security,4624,An account was successfully logged on,LOCAL,jperez,PC-OPS-014,10.10.19.221,49673,7,C:\\Windows\\System32\\WindowsPowerShell\\v1.0\\powershell.exe,0x0,0x0,Successful logon for LOCAL\jperez from 10.10.19.221 using logon type 7,0,none,Internal,LAN,,
2026-04-29 02:43:58,WIN10-FIN-014,Microsoft-Windows-Security-Auditing,Security,4634,An account was logged off,EMPRESA,jperez,PC-OPS-014,192.168.1.199,60588,7,C:\\Windows\\System32\\lsass.exe,0x0,0x0,Logoff for EMPRESA\jperez from workstation PC-OPS-014,0,none,Internal,LAN,,
2026-04-29 02:44:29,WIN-SRV-DC01,Microsoft-Windows-Security-Auditing,Security,4624,An account was successfully logged on,CORP,svc_monitor,SRV-MON-001,192.168.1.106,52748,2,C:\\Windows\\System32\\WindowsPowerShell\\v1.0\\powershell.exe,0x0,0x0,Successful logon for CORP\svc_monitor from 192.168.1.106 using logon type 2,0,none,Internal,LAN,,
2026-04-29 02:47:27,WIN-SRV-DC01,Microsoft-Windows-Security-Auditing,Security,4624,An account was successfully logged on,CORP,finanzas02,PC-RRHH-002,172.16.20.85,52071,10,C:\\Windows\\System32\\svchost.exe,0x0,0x0,Successful logon for CORP\finanzas02 from 172.16.20.85 using logon type 10,0,none,Internal,LAN,,
2026-04-29 02:48:49,WIN-SRV-APP01,Microsoft-Windows-Security-Auditing,Security,4624,An account was successfully logged on,LOCAL,alopez,PC-RRHH-002,172.16.20.17,63933,3,C:\\Windows\\System32\\WindowsPowerShell\\v1.0\\powershell.exe,0x0,0x0,Successful logon for LOCAL\alopez from 172.16.20.17 using logon type 3,0,none,Internal,LAN,,
2026-04-29 02:49:20,WIN-SRV-DC01,Microsoft-Windows-Security-Auditing,Security,4624,An account was successfully logged on,CORP,jperez,SRV-MON-001,10.10.251.13,50074,7,C:\\Windows\\System32\\cmd.exe,0x0,0x0,Successful logon for CORP\jperez from 10.10.251.13 using logon type 7,0,none,Internal,LAN,,
2026-04-29 02:49:53,WIN-SRV-DC01,Microsoft-Windows-Security-Auditing,Security,4624,An account was successfully logged on,EMPRESA,svc_monitor,PC-FIN-001,172.16.20.248,60804,2,C:\\Program Files\\Microsoft Defender\\MsMpEng.exe,0x0,0x0,Successful logon for EMPRESA\svc_monitor from 172.16.20.248 using logon type 2,0,none,Internal,LAN,,
2026-04-29 02:50:15,WIN11-SEC-022,Microsoft-Windows-Security-Auditing,Security,4624,An account was successfully logged on,LOCAL,finanzas02,PC-OPS-014,172.16.20.174,64221,2,C:\\Windows\\System32\\cmd.exe,0x0,0x0,Successful logon for LOCAL\finanzas02 from 172.16.20.174 using logon type 2,0,none,Internal,LAN,,
2026-04-29 02:50:38,WIN11-SEC-022,Microsoft-Windows-Security-Auditing,Security,4624,An account was successfully logged on,LOCAL,lcastro,LAP-GER-003,192.168.1.151,56988,10,C:\\Program Files\\Microsoft Defender\\MsMpEng.exe,0x0,0x0,Successful logon for LOCAL\lcastro from 192.168.1.151 using logon type 10,0,none,Internal,LAN,,
2026-04-29 02:51:14,WIN-SRV-DC01,Microsoft-Windows-Security-Auditing,Security,4634,An account was logged off,EMPRESA,lcastro,LAP-GER-003,192.168.1.165,53197,2,C:\\Windows\\System32\\WindowsPowerShell\\v1.0\\powershell.exe,0x0,0x0,Logoff for EMPRESA\lcastro from workstation LAP-GER-003,0,none,Internal,LAN,,
2026-04-29 02:52:38,WIN-SRV-FILE01,Microsoft-Windows-Security-Auditing,Security,4634,An account was logged off,LOCAL,finanzas02,PC-FIN-001,192.168.1.201,50296,2,C:\\Windows\\System32\\winlogon.exe,0x0,0x0,Logoff for LOCAL\finanzas02 from workstation PC-FIN-001,0,none,Internal,LAN,,
2026-04-29 02:53:44,WIN-SRV-APP01,Microsoft-Windows-Security-Auditing,Security,4634,An account was logged off,LOCAL,svc_backup,SRV-MON-001,172.16.20.118,54111,7,C:\\Windows\\System32\\WindowsPowerShell\\v1.0\\powershell.exe,0x0,0x0,Logoff for LOCAL\svc_backup from workstation SRV-MON-001,0,none,Internal,LAN,,
2026-04-29 02:53:48,WIN-SRV-FILE01,Microsoft-Windows-Security-Auditing,Security,4624,An account was successfully logged on,EMPRESA,lcastro,SRV-MON-001,192.168.1.240,61815,3,C:\\Windows\\System32\\lsass.exe,0x0,0x0,Successful logon for EMPRESA\lcastro from 192.168.1.240 using logon type 3,0,none,Internal,LAN,,
2026-04-29 02:54:16,WIN11-SEC-022,Microsoft-Windows-Security-Auditing,Security,4634,An account was logged off,EMPRESA,finanzas02,PC-OPS-014,10.10.237.233,55056,10,C:\\Windows\\System32\\cmd.exe,0x0,0x0,Logoff for EMPRESA\finanzas02 from workstation PC-OPS-014,0,none,Internal,LAN,,
2026-04-29 02:57:24,WIN10-FIN-014,Microsoft-Windows-Security-Auditing,Security,4624,An account was successfully logged on,LOCAL,admin.ops,PC-FIN-001,192.168.1.84,64156,10,C:\\Windows\\System32\\cmd.exe,0x0,0x0,Successful logon for LOCAL\admin.ops from 192.168.1.84 using logon type 10,0,none,Internal,LAN,,
2026-04-29 02:59:19,WIN-SRV-FILE01,Microsoft-Windows-Security-Auditing,Security,4624,An account was successfully logged on,EMPRESA,jperez,SRV-MON-001,172.16.20.215,58195,7,C:\\Windows\\System32\\WindowsPowerShell\\v1.0\\powershell.exe,0x0,0x0,Successful logon for EMPRESA\jperez from 172.16.20.215 using logon type 7,0,none,Internal,LAN,,
2026-04-29 03:00:28,WIN11-SEC-022,Microsoft-Windows-Security-Auditing,Security,4634,An account was logged off,LOCAL,alopez,LAP-GER-003,192.168.1.40,54994,7,C:\\Windows\\System32\\svchost.exe,0x0,0x0,Logoff for LOCAL\alopez from workstation LAP-GER-003,0,none,Internal,LAN,,
2026-04-29 03:00:52,WIN10-FIN-014,Microsoft-Windows-Security-Auditing,Security,4688,A new process has been created,LOCAL,admin.ops,PC-OPS-014,172.16.20.78,59025,7,C:\\Windows\\System32\\svchost.exe,0x0,0x0,Process created by LOCAL\admin.ops: C:\\Windows\\System32\\svchost.exe,0,none,Internal,LAN,,
2026-04-29 03:00:54,WIN11-SEC-022,Microsoft-Windows-Security-Auditing,Security,4625,An account failed to log on,CORP,test,UNKNOWN,192.0.2.102,5054,3,C:\\Windows\\System32\\lsass.exe,0xC000006A,0xC0000064,Failed logon for CORP\test from 192.0.2.102; possible brute force,1,brute_force_logon,United States,New York,40.70665,-73.84942
