2026-04-26 12:23:02,WIN-SRV-APP01,Microsoft-Windows-Security-Auditing,Security,4672,Special privileges assigned to new logon,LOCAL,crojas,PC-RRHH-002,192.168.1.217,58235,7,C:\\Windows\\System32\\svchost.exe,0x0,0x0,Special privileges assigned to LOCAL\crojas,0,none,Internal,LAN,,
2026-04-26 12:23:09,WIN-SRV-APP01,Microsoft-Windows-Security-Auditing,Security,4688,A new process has been created,LOCAL,jperez,LAP-GER-003,172.16.20.131,64440,3,C:\\Windows\\System32\\cmd.exe,0x0,0x0,Process created by LOCAL\jperez: C:\\Windows\\System32\\cmd.exe,0,none,Internal,LAN,,
2026-04-26 12:23:33,WIN11-SEC-022,Microsoft-Windows-Security-Auditing,Security,4624,An account was successfully logged on,CORP,finanzas02,PC-RRHH-002,10.10.207.211,60233,7,C:\\Windows\\System32\\lsass.exe,0x0,0x0,Successful logon for CORP\finanzas02 from 10.10.207.211 using logon type 7,0,none,Internal,LAN,,
2026-04-26 12:23:53,WIN-SRV-FILE01,Microsoft-Windows-Security-Auditing,Security,4624,An account was successfully logged on,LOCAL,finanzas02,PC-RRHH-002,192.168.1.108,59460,3,C:\\Windows\\System32\\svchost.exe,0x0,0x0,Successful logon for LOCAL\finanzas02 from 192.168.1.108 using logon type 3,0,none,Internal,LAN,,
2026-04-26 12:25:02,WIN-SRV-APP01,Microsoft-Windows-Security-Auditing,Security,4648,A logon was attempted using explicit credentials,CORP,alopez,SRV-MON-001,172.16.20.167,61414,3,C:\\Windows\\System32\\svchost.exe,0x0,0x0,Explicit credentials used by CORP\alopez from SRV-MON-001,0,none,Internal,LAN,,
2026-04-26 12:26:53,WIN11-SEC-022,Microsoft-Windows-Security-Auditing,Security,4624,An account was successfully logged on,EMPRESA,dtorres,SRV-MON-001,172.16.20.96,59821,7,C:\\Program Files\\Microsoft Defender\\MsMpEng.exe,0x0,0x0,Successful logon for EMPRESA\dtorres from 172.16.20.96 using logon type 7,0,none,Internal,LAN,,
2026-04-26 12:27:02,WIN-SRV-APP01,Microsoft-Windows-Security-Auditing,Security,4624,An account was successfully logged on,LOCAL,alopez,PC-OPS-014,172.16.20.180,53302,7,C:\\Program Files\\Microsoft Defender\\MsMpEng.exe,0x0,0x0,Successful logon for LOCAL\alopez from 172.16.20.180 using logon type 7,0,none,Internal,LAN,,
2026-04-26 12:27:34,WIN-SRV-DC01,Microsoft-Windows-Security-Auditing,Security,4624,An account was successfully logged on,CORP,helpdesk01,PC-OPS-014,192.168.1.250,63874,2,C:\\Program Files\\Microsoft Defender\\MsMpEng.exe,0x0,0x0,Successful logon for CORP\helpdesk01 from 192.168.1.250 using logon type 2,0,none,Internal,LAN,,
2026-04-26 12:27:41,WIN-SRV-FILE01,Microsoft-Windows-Security-Auditing,Security,4624,An account was successfully logged on,LOCAL,svc_backup,PC-RRHH-002,192.168.1.242,51422,10,C:\\Windows\\System32\\svchost.exe,0x0,0x0,Successful logon for LOCAL\svc_backup from 192.168.1.242 using logon type 10,0,none,Internal,LAN,,
2026-04-26 12:29:15,WIN-SRV-FILE01,Microsoft-Windows-Security-Auditing,Security,4624,An account was successfully logged on,LOCAL,jperez,PC-OPS-014,10.10.0.43,64003,3,C:\\Windows\\System32\\svchost.exe,0x0,0x0,Successful logon for LOCAL\jperez from 10.10.0.43 using logon type 3,0,none,Internal,LAN,,
2026-04-26 12:30:38,WIN11-SEC-022,Microsoft-Windows-Security-Auditing,Security,4624,An account was successfully logged on,EMPRESA,svc_monitor,PC-FIN-001,172.16.20.111,63850,2,C:\\Windows\\System32\\svchost.exe,0x0,0x0,Successful logon for EMPRESA\svc_monitor from 172.16.20.111 using logon type 2,0,none,Internal,LAN,,
2026-04-26 12:33:20,WIN-SRV-APP01,Microsoft-Windows-Security-Auditing,Security,4624,An account was successfully logged on,CORP,lcastro,LAP-GER-003,192.168.1.186,53156,2,C:\\Windows\\System32\\WindowsPowerShell\\v1.0\\powershell.exe,0x0,0x0,Successful logon for CORP\lcastro from 192.168.1.186 using logon type 2,0,none,Internal,LAN,,
2026-04-26 12:33:29,WIN-SRV-FILE01,Microsoft-Windows-Security-Auditing,Security,4624,An account was successfully logged on,CORP,analista01,PC-FIN-001,10.10.225.102,54539,2,C:\\Program Files\\Microsoft Defender\\MsMpEng.exe,0x0,0x0,Successful logon for CORP\analista01 from 10.10.225.102 using logon type 2,0,none,Internal,LAN,,
2026-04-26 12:33:34,WIN11-SEC-022,Microsoft-Windows-Security-Auditing,Security,4634,An account was logged off,EMPRESA,analista01,LAP-GER-003,10.10.30.109,60361,7,C:\\Windows\\System32\\WindowsPowerShell\\v1.0\\powershell.exe,0x0,0x0,Logoff for EMPRESA\analista01 from workstation LAP-GER-003,0,none,Internal,LAN,,
2026-04-26 12:33:45,WIN-SRV-APP01,Microsoft-Windows-Security-Auditing,Security,4624,An account was successfully logged on,EMPRESA,admin.ops,SRV-MON-001,172.16.20.164,56888,2,C:\\Windows\\System32\\winlogon.exe,0x0,0x0,Successful logon for EMPRESA\admin.ops from 172.16.20.164 using logon type 2,0,none,Internal,LAN,,
2026-04-26 12:34:02,WIN11-SEC-022,Microsoft-Windows-Security-Auditing,Security,4624,An account was successfully logged on,LOCAL,alopez,PC-OPS-014,172.16.20.56,61181,10,C:\\Windows\\System32\\lsass.exe,0x0,0x0,Successful logon for LOCAL\alopez from 172.16.20.56 using logon type 10,0,none,Internal,LAN,,
2026-04-26 12:37:00,WIN-SRV-DC01,Microsoft-Windows-Security-Auditing,Security,4624,An account was successfully logged on,EMPRESA,crojas,PC-RRHH-002,172.16.20.180,59996,3,C:\\Windows\\System32\\winlogon.exe,0x0,0x0,Successful logon for EMPRESA\crojas from 172.16.20.180 using logon type 3,0,none,Internal,LAN,,
2026-04-26 12:40:46,WIN10-FIN-014,Microsoft-Windows-Security-Auditing,Security,4634,An account was logged off,CORP,svc_monitor,SRV-MON-001,192.168.1.36,60379,7,C:\\Windows\\System32\\winlogon.exe,0x0,0x0,Logoff for CORP\svc_monitor from workstation SRV-MON-001,0,none,Internal,LAN,,
2026-04-26 12:41:47,WIN11-SEC-022,Microsoft-Windows-Security-Auditing,Security,4688,A new process has been created,EMPRESA,analista01,LAP-GER-003,192.168.1.227,64414,10,C:\\Program Files\\Microsoft Defender\\MsMpEng.exe,0x0,0x0,Process created by EMPRESA\analista01: C:\\Program Files\\Microsoft Defender\\MsMpEng.exe,0,none,Internal,LAN,,
2026-04-26 12:44:24,WIN-SRV-FILE01,Microsoft-Windows-Security-Auditing,Security,4624,An account was successfully logged on,LOCAL,lcastro,SRV-MON-001,192.168.1.148,59156,2,C:\\Program Files\\Google\\Chrome\\Application\\chrome.exe,0x0,0x0,Successful logon for LOCAL\lcastro from 192.168.1.148 using logon type 2,0,none,Internal,LAN,,
2026-04-26 12:44:58,WIN-SRV-DC01,Microsoft-Windows-Security-Auditing,Security,4688,A new process has been created,CORP,crojas,PC-RRHH-002,192.168.1.47,58247,3,C:\\Program Files\\Google\\Chrome\\Application\\chrome.exe,0x0,0x0,Process created by CORP\crojas: C:\\Program Files\\Google\\Chrome\\Application\\chrome.exe,0,none,Internal,LAN,,
2026-04-26 12:46:18,WIN10-FIN-014,Microsoft-Windows-Security-Auditing,Security,4634,An account was logged off,EMPRESA,dtorres,PC-FIN-001,192.168.1.7,64023,7,C:\\Windows\\System32\\cmd.exe,0x0,0x0,Logoff for EMPRESA\dtorres from workstation PC-FIN-001,0,none,Internal,LAN,,
2026-04-26 12:47:12,WIN-SRV-FILE01,Microsoft-Windows-Security-Auditing,Security,4624,An account was successfully logged on,CORP,admin.ops,PC-OPS-014,10.10.198.208,62946,3,C:\\Program Files\\Google\\Chrome\\Application\\chrome.exe,0x0,0x0,Successful logon for CORP\admin.ops from 10.10.198.208 using logon type 3,0,none,Internal,LAN,,
2026-04-26 12:47:15,WIN10-FIN-014,Microsoft-Windows-Security-Auditing,Security,4624,An account was successfully logged on,CORP,crojas,PC-FIN-001,172.16.20.183,49989,7,C:\\Program Files\\Google\\Chrome\\Application\\chrome.exe,0x0,0x0,Successful logon for CORP\crojas from 172.16.20.183 using logon type 7,0,none,Internal,LAN,,
2026-04-26 12:48:07,WIN-SRV-DC01,Microsoft-Windows-Security-Auditing,Security,4634,An account was logged off,LOCAL,svc_monitor,PC-RRHH-002,192.168.1.10,54615,2,C:\\Windows\\System32\\svchost.exe,0x0,0x0,Logoff for LOCAL\svc_monitor from workstation PC-RRHH-002,0,none,Internal,LAN,,
2026-04-26 12:48:23,WIN11-SEC-022,Microsoft-Windows-Security-Auditing,Security,4634,An account was logged off,LOCAL,jperez,SRV-MON-001,172.16.20.32,64416,3,C:\\Windows\\System32\\WindowsPowerShell\\v1.0\\powershell.exe,0x0,0x0,Logoff for LOCAL\jperez from workstation SRV-MON-001,0,none,Internal,LAN,,
2026-04-26 12:49:37,WIN11-SEC-022,Microsoft-Windows-Security-Auditing,Security,4624,An account was successfully logged on,CORP,crojas,PC-FIN-001,192.168.1.60,61875,7,C:\\Windows\\System32\\winlogon.exe,0x0,0x0,Successful logon for CORP\crojas from 192.168.1.60 using logon type 7,0,none,Internal,LAN,,
2026-04-26 12:51:35,WIN-SRV-DC01,Microsoft-Windows-Security-Auditing,Security,4624,An account was successfully logged on,CORP,finanzas02,SRV-MON-001,172.16.20.167,62519,2,C:\\Program Files\\Google\\Chrome\\Application\\chrome.exe,0x0,0x0,Successful logon for CORP\finanzas02 from 172.16.20.167 using logon type 2,0,none,Internal,LAN,,
2026-04-26 12:53:46,WIN-SRV-FILE01,Microsoft-Windows-Security-Auditing,Security,4624,An account was successfully logged on,LOCAL,svc_backup,LAP-GER-003,172.16.20.21,55215,10,C:\\Windows\\System32\\winlogon.exe,0x0,0x0,Successful logon for LOCAL\svc_backup from 172.16.20.21 using logon type 10,0,none,Internal,LAN,,
2026-04-26 12:54:28,WIN-SRV-FILE01,Microsoft-Windows-Security-Auditing,Security,4688,A new process has been created,CORP,analista01,PC-FIN-001,192.168.1.179,63753,10,C:\\Windows\\System32\\cmd.exe,0x0,0x0,Process created by CORP\analista01: C:\\Windows\\System32\\cmd.exe,0,none,Internal,LAN,,
2026-04-26 12:57:53,WIN-SRV-APP01,Microsoft-Windows-Security-Auditing,Security,4624,An account was successfully logged on,CORP,helpdesk01,PC-OPS-014,10.10.160.177,51112,7,C:\\Windows\\System32\\winlogon.exe,0x0,0x0,Successful logon for CORP\helpdesk01 from 10.10.160.177 using logon type 7,0,none,Internal,LAN,,
2026-04-26 12:58:39,WIN-SRV-DC01,Microsoft-Windows-Security-Auditing,Security,4634,An account was logged off,EMPRESA,svc_monitor,PC-RRHH-002,10.10.107.250,55909,2,C:\\Windows\\System32\\lsass.exe,0x0,0x0,Logoff for EMPRESA\svc_monitor from workstation PC-RRHH-002,0,none,Internal,LAN,,
2026-04-26 12:58:46,WIN-SRV-DC01,Microsoft-Windows-Security-Auditing,Security,4624,An account was successfully logged on,EMPRESA,alopez,PC-RRHH-002,172.16.20.75,60085,2,C:\\Windows\\System32\\cmd.exe,0x0,0x0,Successful logon for EMPRESA\alopez from 172.16.20.75 using logon type 2,0,none,Internal,LAN,,
2026-04-26 13:00:13,WIN11-SEC-022,Microsoft-Windows-Security-Auditing,Security,4624,An account was successfully logged on,CORP,alopez,SRV-MON-001,10.10.14.88,65238,7,C:\\Windows\\System32\\lsass.exe,0x0,0x0,Successful logon for CORP\alopez from 10.10.14.88 using logon type 7,0,none,Internal,LAN,,
2026-04-26 13:01:41,WIN-SRV-DC01,Microsoft-Windows-Security-Auditing,Security,4648,A logon was attempted using explicit credentials,LOCAL,helpdesk01,SRV-MON-001,172.16.20.27,62707,3,C:\\Windows\\System32\\WindowsPowerShell\\v1.0\\powershell.exe,0x0,0x0,Explicit credentials used by LOCAL\helpdesk01 from SRV-MON-001,0,none,Internal,LAN,,
2026-04-26 13:02:31,WIN-SRV-APP01,Microsoft-Windows-Security-Auditing,Security,4688,A new process has been created,CORP,dtorres,LAP-GER-003,10.10.223.160,59948,7,C:\\Windows\\System32\\WindowsPowerShell\\v1.0\\powershell.exe,0x0,0x0,Process created by CORP\dtorres: C:\\Windows\\System32\\WindowsPowerShell\\v1.0\\powershell.exe,0,none,Internal,LAN,,
2026-04-26 13:03:17,WIN-SRV-FILE01,Microsoft-Windows-Security-Auditing,Security,4624,An account was successfully logged on,EMPRESA,finanzas02,PC-OPS-014,10.10.197.253,60369,7,C:\\Windows\\System32\\svchost.exe,0x0,0x0,Successful logon for EMPRESA\finanzas02 from 10.10.197.253 using logon type 7,0,none,Internal,LAN,,
2026-04-26 13:03:26,WIN-SRV-FILE01,Microsoft-Windows-Security-Auditing,Security,4624,An account was successfully logged on,LOCAL,crojas,LAP-GER-003,172.16.20.83,65030,10,C:\\Windows\\System32\\cmd.exe,0x0,0x0,Successful logon for LOCAL\crojas from 172.16.20.83 using logon type 10,0,none,Internal,LAN,,
2026-04-26 13:03:40,WIN10-FIN-014,Microsoft-Windows-Security-Auditing,Security,4688,A new process has been created,LOCAL,admin.ops,SRV-MON-001,172.16.20.242,54300,3,C:\\Program Files\\Microsoft Defender\\MsMpEng.exe,0x0,0x0,Process created by LOCAL\admin.ops: C:\\Program Files\\Microsoft Defender\\MsMpEng.exe,0,none,Internal,LAN,,
2026-04-26 13:04:29,WIN-SRV-DC01,Microsoft-Windows-Security-Auditing,Security,4624,An account was successfully logged on,LOCAL,alopez,PC-OPS-014,10.10.56.9,55717,3,C:\\Windows\\System32\\cmd.exe,0x0,0x0,Successful logon for LOCAL\alopez from 10.10.56.9 using logon type 3,0,none,Internal,LAN,,
2026-04-26 13:05:30,WIN11-SEC-022,Microsoft-Windows-Security-Auditing,Security,4624,An account was successfully logged on,CORP,analista01,SRV-MON-001,192.168.1.137,54407,2,C:\\Windows\\System32\\lsass.exe,0x0,0x0,Successful logon for CORP\analista01 from 192.168.1.137 using logon type 2,0,none,Internal,LAN,,
2026-04-26 13:07:00,WIN-SRV-FILE01,Microsoft-Windows-Security-Auditing,Security,4634,An account was logged off,CORP,analista01,PC-FIN-001,192.168.1.33,56310,10,C:\\Windows\\System32\\WindowsPowerShell\\v1.0\\powershell.exe,0x0,0x0,Logoff for CORP\analista01 from workstation PC-FIN-001,0,none,Internal,LAN,,
2026-04-26 13:07:45,WIN10-FIN-014,Microsoft-Windows-Security-Auditing,Security,4624,An account was successfully logged on,CORP,analista01,PC-FIN-001,172.16.20.87,61888,10,C:\\Windows\\System32\\winlogon.exe,0x0,0x0,Successful logon for CORP\analista01 from 172.16.20.87 using logon type 10,0,none,Internal,LAN,,
2026-04-26 13:08:31,WIN10-FIN-014,Microsoft-Windows-Security-Auditing,Security,4634,An account was logged off,LOCAL,finanzas02,PC-OPS-014,192.168.1.242,55373,2,C:\\Windows\\System32\\WindowsPowerShell\\v1.0\\powershell.exe,0x0,0x0,Logoff for LOCAL\finanzas02 from workstation PC-OPS-014,0,none,Internal,LAN,,
2026-04-26 13:09:25,WIN11-SEC-022,Microsoft-Windows-Security-Auditing,Security,4634,An account was logged off,CORP,jperez,PC-RRHH-002,172.16.20.199,54366,2,C:\\Windows\\System32\\svchost.exe,0x0,0x0,Logoff for CORP\jperez from workstation PC-RRHH-002,0,none,Internal,LAN,,
2026-04-26 13:09:30,WIN-SRV-FILE01,Microsoft-Windows-Security-Auditing,Security,4624,An account was successfully logged on,EMPRESA,dtorres,SRV-MON-001,172.16.20.252,61198,2,C:\\Windows\\System32\\svchost.exe,0x0,0x0,Successful logon for EMPRESA\dtorres from 172.16.20.252 using logon type 2,0,none,Internal,LAN,,
2026-04-26 13:11:29,WIN-SRV-APP01,Microsoft-Windows-Security-Auditing,Security,4634,An account was logged off,CORP,dtorres,PC-RRHH-002,172.16.20.251,55640,7,C:\\Program Files\\Microsoft Defender\\MsMpEng.exe,0x0,0x0,Logoff for CORP\dtorres from workstation PC-RRHH-002,0,none,Internal,LAN,,
2026-04-26 13:11:57,WIN11-SEC-022,Microsoft-Windows-Security-Auditing,Security,4634,An account was logged off,EMPRESA,alopez,PC-FIN-001,10.10.206.214,49845,7,C:\\Windows\\System32\\winlogon.exe,0x0,0x0,Logoff for EMPRESA\alopez from workstation PC-FIN-001,0,none,Internal,LAN,,
2026-04-26 13:12:06,WIN11-SEC-022,Microsoft-Windows-Security-Auditing,Security,4688,A new process has been created,EMPRESA,dtorres,PC-RRHH-002,192.168.1.185,57799,7,C:\\Windows\\System32\\WindowsPowerShell\\v1.0\\powershell.exe,0x0,0x0,Process created by EMPRESA\dtorres: C:\\Windows\\System32\\WindowsPowerShell\\v1.0\\powershell.exe,0,none,Internal,LAN,,
2026-04-26 13:14:50,WIN-SRV-APP01,Microsoft-Windows-Security-Auditing,Security,4634,An account was logged off,EMPRESA,svc_backup,PC-OPS-014,10.10.103.133,53688,10,C:\\Windows\\System32\\cmd.exe,0x0,0x0,Logoff for EMPRESA\svc_backup from workstation PC-OPS-014,0,none,Internal,LAN,,
2026-04-26 13:15:31,WIN11-SEC-022,Microsoft-Windows-Security-Auditing,Security,4688,A new process has been created,CORP,jperez,SRV-MON-001,10.10.200.53,49826,3,C:\\Program Files\\Microsoft Defender\\MsMpEng.exe,0x0,0x0,Process created by CORP\jperez: C:\\Program Files\\Microsoft Defender\\MsMpEng.exe,0,none,Internal,LAN,,
2026-04-26 13:16:29,WIN-SRV-DC01,Microsoft-Windows-Security-Auditing,Security,4624,An account was successfully logged on,LOCAL,helpdesk01,LAP-GER-003,10.10.90.26,58338,7,C:\\Windows\\System32\\WindowsPowerShell\\v1.0\\powershell.exe,0x0,0x0,Successful logon for LOCAL\helpdesk01 from 10.10.90.26 using logon type 7,0,none,Internal,LAN,,
2026-04-26 13:17:13,WIN11-SEC-022,Microsoft-Windows-Security-Auditing,Security,4624,An account was successfully logged on,EMPRESA,lcastro,PC-RRHH-002,10.10.55.217,63373,2,C:\\Program Files\\Microsoft Defender\\MsMpEng.exe,0x0,0x0,Successful logon for EMPRESA\lcastro from 10.10.55.217 using logon type 2,0,none,Internal,LAN,,
2026-04-26 13:17:40,WIN11-SEC-022,Microsoft-Windows-Security-Auditing,Security,4624,An account was successfully logged on,CORP,svc_backup,PC-RRHH-002,172.16.20.35,58848,10,C:\\Windows\\System32\\cmd.exe,0x0,0x0,Successful logon for CORP\svc_backup from 172.16.20.35 using logon type 10,0,none,Internal,LAN,,
2026-04-26 13:19:13,WIN11-SEC-022,Microsoft-Windows-Security-Auditing,Security,4634,An account was logged off,CORP,mgarcia,LAP-GER-003,172.16.20.251,60432,7,C:\\Windows\\System32\\WindowsPowerShell\\v1.0\\powershell.exe,0x0,0x0,Logoff for CORP\mgarcia from workstation LAP-GER-003,0,none,Internal,LAN,,
2026-04-26 13:22:26,WIN-SRV-FILE01,Microsoft-Windows-Security-Auditing,Security,4634,An account was logged off,LOCAL,crojas,PC-RRHH-002,172.16.20.132,55887,7,C:\\Program Files\\Microsoft Defender\\MsMpEng.exe,0x0,0x0,Logoff for LOCAL\crojas from workstation PC-RRHH-002,0,none,Internal,LAN,,
2026-04-26 13:22:56,WIN-SRV-FILE01,Microsoft-Windows-Security-Auditing,Security,4672,Special privileges assigned to new logon,EMPRESA,mgarcia,PC-OPS-014,172.16.20.112,53806,10,C:\\Program Files\\Microsoft Defender\\MsMpEng.exe,0x0,0x0,Special privileges assigned to EMPRESA\mgarcia,0,none,Internal,LAN,,
2026-04-26 13:24:23,WIN11-SEC-022,Microsoft-Windows-Security-Auditing,Security,4634,An account was logged off,CORP,lcastro,PC-OPS-014,172.16.20.51,52457,3,C:\\Windows\\System32\\winlogon.exe,0x0,0x0,Logoff for CORP\lcastro from workstation PC-OPS-014,0,none,Internal,LAN,,
2026-04-26 13:24:51,WIN-SRV-APP01,Microsoft-Windows-Security-Auditing,Security,4624,An account was successfully logged on,EMPRESA,lcastro,PC-OPS-014,172.16.20.4,58603,3,C:\\Program Files\\Microsoft Defender\\MsMpEng.exe,0x0,0x0,Successful logon for EMPRESA\lcastro from 172.16.20.4 using logon type 3,0,none,Internal,LAN,,
2026-04-26 13:25:14,WIN-SRV-APP01,Microsoft-Windows-Security-Auditing,Security,4624,An account was successfully logged on,LOCAL,svc_monitor,PC-FIN-001,192.168.1.9,50299,10,C:\\Windows\\System32\\svchost.exe,0x0,0x0,Successful logon for LOCAL\svc_monitor from 192.168.1.9 using logon type 10,0,none,Internal,LAN,,
2026-04-26 13:26:38,WIN-SRV-DC01,Microsoft-Windows-Security-Auditing,Security,4634,An account was logged off,CORP,finanzas02,LAP-GER-003,172.16.20.76,60991,10,C:\\Program Files\\Google\\Chrome\\Application\\chrome.exe,0x0,0x0,Logoff for CORP\finanzas02 from workstation LAP-GER-003,0,none,Internal,LAN,,
2026-04-26 13:27:00,WIN11-SEC-022,Microsoft-Windows-Security-Auditing,Security,4624,An account was successfully logged on,CORP,crojas,PC-FIN-001,10.10.22.191,60532,2,C:\\Windows\\System32\\cmd.exe,0x0,0x0,Successful logon for CORP\crojas from 10.10.22.191 using logon type 2,0,none,Internal,LAN,,
2026-04-26 13:27:22,WIN-SRV-APP01,Microsoft-Windows-Security-Auditing,Security,4634,An account was logged off,CORP,lcastro,SRV-MON-001,192.168.1.5,49176,3,C:\\Program Files\\Microsoft Defender\\MsMpEng.exe,0x0,0x0,Logoff for CORP\lcastro from workstation SRV-MON-001,0,none,Internal,LAN,,
2026-04-26 13:27:33,WIN-SRV-DC01,Microsoft-Windows-Security-Auditing,Security,4688,A new process has been created,LOCAL,crojas,SRV-MON-001,192.168.1.56,54525,10,C:\\Windows\\System32\\lsass.exe,0x0,0x0,Process created by LOCAL\crojas: C:\\Windows\\System32\\lsass.exe,0,none,Internal,LAN,,
2026-04-26 13:27:58,WIN-SRV-FILE01,Microsoft-Windows-Security-Auditing,Security,4624,An account was successfully logged on,CORP,jperez,PC-FIN-001,172.16.20.57,55774,2,C:\\Windows\\System32\\winlogon.exe,0x0,0x0,Successful logon for CORP\jperez from 172.16.20.57 using logon type 2,0,none,Internal,LAN,,
2026-04-26 13:32:15,WIN-SRV-FILE01,Microsoft-Windows-Security-Auditing,Security,4624,An account was successfully logged on,LOCAL,admin.ops,PC-FIN-001,192.168.1.230,52213,3,C:\\Windows\\System32\\lsass.exe,0x0,0x0,Successful logon for LOCAL\admin.ops from 192.168.1.230 using logon type 3,0,none,Internal,LAN,,
2026-04-26 13:32:26,WIN10-FIN-014,Microsoft-Windows-Security-Auditing,Security,4624,An account was successfully logged on,EMPRESA,admin.ops,LAP-GER-003,172.16.20.101,63533,7,C:\\Windows\\System32\\WindowsPowerShell\\v1.0\\powershell.exe,0x0,0x0,Successful logon for EMPRESA\admin.ops from 172.16.20.101 using logon type 7,0,none,Internal,LAN,,
2026-04-26 13:33:10,WIN-SRV-APP01,Microsoft-Windows-Security-Auditing,Security,4688,A new process has been created,LOCAL,svc_backup,PC-RRHH-002,192.168.1.2,64217,7,C:\\Windows\\System32\\lsass.exe,0x0,0x0,Process created by LOCAL\svc_backup: C:\\Windows\\System32\\lsass.exe,0,none,Internal,LAN,,
2026-04-26 13:33:36,WIN-SRV-DC01,Microsoft-Windows-Security-Auditing,Security,4624,An account was successfully logged on,LOCAL,dtorres,PC-RRHH-002,192.168.1.41,51839,3,C:\\Program Files\\Google\\Chrome\\Application\\chrome.exe,0x0,0x0,Successful logon for LOCAL\dtorres from 192.168.1.41 using logon type 3,0,none,Internal,LAN,,
2026-04-26 13:33:45,WIN10-FIN-014,Microsoft-Windows-Security-Auditing,Security,4624,An account was successfully logged on,CORP,svc_backup,SRV-MON-001,10.10.232.213,55123,3,C:\\Windows\\System32\\WindowsPowerShell\\v1.0\\powershell.exe,0x0,0x0,Successful logon for CORP\svc_backup from 10.10.232.213 using logon type 3,0,none,Internal,LAN,,
2026-04-26 13:37:34,WIN-SRV-APP01,Microsoft-Windows-Security-Auditing,Security,4624,An account was successfully logged on,LOCAL,svc_backup,SRV-MON-001,10.10.79.236,49231,2,C:\\Windows\\System32\\lsass.exe,0x0,0x0,Successful logon for LOCAL\svc_backup from 10.10.79.236 using logon type 2,0,none,Internal,LAN,,
2026-04-26 13:41:17,WIN-SRV-FILE01,Microsoft-Windows-Security-Auditing,Security,4624,An account was successfully logged on,CORP,crojas,SRV-MON-001,172.16.20.131,49792,3,C:\\Windows\\System32\\winlogon.exe,0x0,0x0,Successful logon for CORP\crojas from 172.16.20.131 using logon type 3,0,none,Internal,LAN,,
2026-04-26 13:44:45,WIN11-SEC-022,Microsoft-Windows-Security-Auditing,Security,4624,An account was successfully logged on,LOCAL,svc_monitor,PC-FIN-001,10.10.121.10,57326,2,C:\\Windows\\System32\\winlogon.exe,0x0,0x0,Successful logon for LOCAL\svc_monitor from 10.10.121.10 using logon type 2,0,none,Internal,LAN,,
2026-04-26 13:46:34,WIN10-FIN-014,Microsoft-Windows-Security-Auditing,Security,4634,An account was logged off,LOCAL,svc_monitor,SRV-MON-001,10.10.177.82,60514,10,C:\\Windows\\System32\\cmd.exe,0x0,0x0,Logoff for LOCAL\svc_monitor from workstation SRV-MON-001,0,none,Internal,LAN,,
2026-04-26 13:46:52,WIN-SRV-APP01,Microsoft-Windows-Security-Auditing,Security,4624,An account was successfully logged on,LOCAL,analista01,LAP-GER-003,10.10.205.60,59805,7,C:\\Windows\\System32\\winlogon.exe,0x0,0x0,Successful logon for LOCAL\analista01 from 10.10.205.60 using logon type 7,0,none,Internal,LAN,,
2026-04-26 13:49:04,WIN10-FIN-014,Microsoft-Windows-Security-Auditing,Security,4624,An account was successfully logged on,EMPRESA,alopez,LAP-GER-003,10.10.135.73,55752,10,C:\\Windows\\System32\\lsass.exe,0x0,0x0,Successful logon for EMPRESA\alopez from 10.10.135.73 using logon type 10,0,none,Internal,LAN,,
2026-04-26 13:50:43,WIN-SRV-FILE01,Microsoft-Windows-Security-Auditing,Security,4624,An account was successfully logged on,LOCAL,jperez,PC-FIN-001,192.168.1.124,56697,10,C:\\Windows\\System32\\lsass.exe,0x0,0x0,Successful logon for LOCAL\jperez from 192.168.1.124 using logon type 10,0,none,Internal,LAN,,
2026-04-26 13:51:08,WIN-SRV-APP01,Microsoft-Windows-Security-Auditing,Security,4688,A new process has been created,LOCAL,svc_monitor,SRV-MON-001,10.10.247.26,63151,3,C:\\Windows\\System32\\WindowsPowerShell\\v1.0\\powershell.exe,0x0,0x0,Process created by LOCAL\svc_monitor: C:\\Windows\\System32\\WindowsPowerShell\\v1.0\\powershell.exe,0,none,Internal,LAN,,
2026-04-26 13:51:57,WIN10-FIN-014,Microsoft-Windows-Security-Auditing,Security,4634,An account was logged off,LOCAL,finanzas02,LAP-GER-003,192.168.1.186,64704,10,C:\\Program Files\\Microsoft Defender\\MsMpEng.exe,0x0,0x0,Logoff for LOCAL\finanzas02 from workstation LAP-GER-003,0,none,Internal,LAN,,
2026-04-26 13:54:35,WIN-SRV-APP01,Microsoft-Windows-Security-Auditing,Security,4634,An account was logged off,LOCAL,alopez,LAP-GER-003,192.168.1.214,60870,10,C:\\Program Files\\Microsoft Defender\\MsMpEng.exe,0x0,0x0,Logoff for LOCAL\alopez from workstation LAP-GER-003,0,none,Internal,LAN,,
2026-04-26 13:57:00,WIN11-SEC-022,Microsoft-Windows-Security-Auditing,Security,4634,An account was logged off,LOCAL,crojas,PC-OPS-014,192.168.1.39,59716,3,C:\\Program Files\\Microsoft Defender\\MsMpEng.exe,0x0,0x0,Logoff for LOCAL\crojas from workstation PC-OPS-014,0,none,Internal,LAN,,
2026-04-26 13:58:50,WIN-SRV-APP01,Microsoft-Windows-Security-Auditing,Security,4634,An account was logged off,LOCAL,helpdesk01,PC-RRHH-002,172.16.20.135,56448,10,C:\\Program Files\\Google\\Chrome\\Application\\chrome.exe,0x0,0x0,Logoff for LOCAL\helpdesk01 from workstation PC-RRHH-002,0,none,Internal,LAN,,
2026-04-26 14:01:34,WIN-SRV-DC01,Microsoft-Windows-Security-Auditing,Security,4624,An account was successfully logged on,CORP,svc_backup,PC-OPS-014,10.10.249.152,59379,10,C:\\Windows\\System32\\lsass.exe,0x0,0x0,Successful logon for CORP\svc_backup from 10.10.249.152 using logon type 10,0,none,Internal,LAN,,
2026-04-26 14:02:01,WIN11-SEC-022,Microsoft-Windows-Security-Auditing,Security,4624,An account was successfully logged on,LOCAL,analista01,SRV-MON-001,10.10.201.86,53271,2,C:\\Windows\\System32\\winlogon.exe,0x0,0x0,Successful logon for LOCAL\analista01 from 10.10.201.86 using logon type 2,0,none,Internal,LAN,,
2026-04-26 14:02:07,WIN-SRV-APP01,Microsoft-Windows-Security-Auditing,Security,4634,An account was logged off,EMPRESA,lcastro,LAP-GER-003,172.16.20.89,54249,2,C:\\Program Files\\Google\\Chrome\\Application\\chrome.exe,0x0,0x0,Logoff for EMPRESA\lcastro from workstation LAP-GER-003,0,none,Internal,LAN,,
2026-04-26 14:02:54,WIN11-SEC-022,Microsoft-Windows-Security-Auditing,Security,4624,An account was successfully logged on,EMPRESA,alopez,LAP-GER-003,172.16.20.52,58250,10,C:\\Windows\\System32\\lsass.exe,0x0,0x0,Successful logon for EMPRESA\alopez from 172.16.20.52 using logon type 10,0,none,Internal,LAN,,
2026-04-26 14:04:18,WIN-SRV-DC01,Microsoft-Windows-Security-Auditing,Security,4624,An account was successfully logged on,CORP,svc_monitor,SRV-MON-001,172.16.20.224,52185,2,C:\\Program Files\\Google\\Chrome\\Application\\chrome.exe,0x0,0x0,Successful logon for CORP\svc_monitor from 172.16.20.224 using logon type 2,0,none,Internal,LAN,,
2026-04-26 14:04:49,WIN-SRV-FILE01,Microsoft-Windows-Security-Auditing,Security,4688,A new process has been created,EMPRESA,crojas,LAP-GER-003,10.10.206.243,60882,2,C:\\Program Files\\Microsoft Defender\\MsMpEng.exe,0x0,0x0,Process created by EMPRESA\crojas: C:\\Program Files\\Microsoft Defender\\MsMpEng.exe,0,none,Internal,LAN,,
2026-04-26 14:06:36,WIN-SRV-FILE01,Microsoft-Windows-Security-Auditing,Security,4688,A new process has been created,CORP,lcastro,LAP-GER-003,10.10.24.120,51187,7,C:\\Windows\\System32\\cmd.exe,0x0,0x0,Process created by CORP\lcastro: C:\\Windows\\System32\\cmd.exe,0,none,Internal,LAN,,
2026-04-26 14:08:41,WIN-SRV-DC01,Microsoft-Windows-Security-Auditing,Security,4688,A new process has been created,CORP,helpdesk01,SRV-MON-001,172.16.20.127,56648,2,C:\\Program Files\\Google\\Chrome\\Application\\chrome.exe,0x0,0x0,Process created by CORP\helpdesk01: C:\\Program Files\\Google\\Chrome\\Application\\chrome.exe,0,none,Internal,LAN,,
2026-04-26 14:09:14,WIN11-SEC-022,Microsoft-Windows-Security-Auditing,Security,4672,Special privileges assigned to new logon,CORP,admin.ops,SRV-MON-001,172.16.20.4,64876,7,C:\\Program Files\\Microsoft Defender\\MsMpEng.exe,0x0,0x0,Special privileges assigned to CORP\admin.ops,0,none,Internal,LAN,,
2026-04-26 14:09:51,WIN-SRV-FILE01,Microsoft-Windows-Security-Auditing,Security,4688,A new process has been created,LOCAL,finanzas02,SRV-MON-001,172.16.20.246,65113,7,C:\\Windows\\System32\\WindowsPowerShell\\v1.0\\powershell.exe,0x0,0x0,Process created by LOCAL\finanzas02: C:\\Windows\\System32\\WindowsPowerShell\\v1.0\\powershell.exe,0,none,Internal,LAN,,
2026-04-26 14:10:05,WIN11-SEC-022,Microsoft-Windows-Security-Auditing,Security,4672,Special privileges assigned to new logon,LOCAL,lcastro,PC-OPS-014,10.10.129.237,57755,7,C:\\Windows\\System32\\winlogon.exe,0x0,0x0,Special privileges assigned to LOCAL\lcastro,0,none,Internal,LAN,,
2026-04-26 14:10:19,WIN-SRV-FILE01,Microsoft-Windows-Security-Auditing,Security,4634,An account was logged off,LOCAL,jperez,PC-OPS-014,10.10.240.104,51453,7,C:\\Windows\\System32\\WindowsPowerShell\\v1.0\\powershell.exe,0x0,0x0,Logoff for LOCAL\jperez from workstation PC-OPS-014,0,none,Internal,LAN,,
2026-04-26 14:12:04,WIN-SRV-FILE01,Microsoft-Windows-Security-Auditing,Security,4648,A logon was attempted using explicit credentials,EMPRESA,lcastro,PC-FIN-001,172.16.20.241,58883,2,C:\\Program Files\\Microsoft Defender\\MsMpEng.exe,0x0,0x0,Explicit credentials used by EMPRESA\lcastro from PC-FIN-001,0,none,Internal,LAN,,
2026-04-26 14:12:47,WIN11-SEC-022,Microsoft-Windows-Security-Auditing,Security,4624,An account was successfully logged on,EMPRESA,admin.ops,PC-RRHH-002,192.168.1.134,53423,3,C:\\Windows\\System32\\svchost.exe,0x0,0x0,Successful logon for EMPRESA\admin.ops from 192.168.1.134 using logon type 3,0,none,Internal,LAN,,
2026-04-26 14:12:53,WIN-SRV-APP01,Microsoft-Windows-Security-Auditing,Security,4624,An account was successfully logged on,EMPRESA,helpdesk01,PC-OPS-014,172.16.20.10,64543,7,C:\\Program Files\\Google\\Chrome\\Application\\chrome.exe,0x0,0x0,Successful logon for EMPRESA\helpdesk01 from 172.16.20.10 using logon type 7,0,none,Internal,LAN,,
2026-04-26 14:13:39,WIN10-FIN-014,Microsoft-Windows-Security-Auditing,Security,4634,An account was logged off,EMPRESA,lcastro,SRV-MON-001,192.168.1.252,53097,10,C:\\Windows\\System32\\svchost.exe,0x0,0x0,Logoff for EMPRESA\lcastro from workstation SRV-MON-001,0,none,Internal,LAN,,
2026-04-26 14:14:06,WIN-SRV-DC01,Microsoft-Windows-Security-Auditing,Security,4634,An account was logged off,CORP,dtorres,LAP-GER-003,192.168.1.234,55908,3,C:\\Windows\\System32\\lsass.exe,0x0,0x0,Logoff for CORP\dtorres from workstation LAP-GER-003,0,none,Internal,LAN,,
2026-04-26 14:14:17,WIN-SRV-APP01,Microsoft-Windows-Security-Auditing,Security,4634,An account was logged off,CORP,svc_monitor,PC-FIN-001,10.10.232.69,52733,7,C:\\Program Files\\Google\\Chrome\\Application\\chrome.exe,0x0,0x0,Logoff for CORP\svc_monitor from workstation PC-FIN-001,0,none,Internal,LAN,,
2026-04-26 14:15:15,WIN11-SEC-022,Microsoft-Windows-Security-Auditing,Security,4624,An account was successfully logged on,LOCAL,helpdesk01,SRV-MON-001,192.168.1.165,64647,7,C:\\Windows\\System32\\cmd.exe,0x0,0x0,Successful logon for LOCAL\helpdesk01 from 192.168.1.165 using logon type 7,0,none,Internal,LAN,,
2026-04-26 14:16:56,WIN11-SEC-022,Microsoft-Windows-Security-Auditing,Security,4634,An account was logged off,CORP,mgarcia,PC-FIN-001,192.168.1.59,64154,10,C:\\Program Files\\Microsoft Defender\\MsMpEng.exe,0x0,0x0,Logoff for CORP\mgarcia from workstation PC-FIN-001,0,none,Internal,LAN,,
2026-04-26 14:17:44,WIN-SRV-DC01,Microsoft-Windows-Security-Auditing,Security,4624,An account was successfully logged on,EMPRESA,crojas,PC-OPS-014,192.168.1.63,60890,3,C:\\Windows\\System32\\WindowsPowerShell\\v1.0\\powershell.exe,0x0,0x0,Successful logon for EMPRESA\crojas from 192.168.1.63 using logon type 3,0,none,Internal,LAN,,
2026-04-26 14:17:54,WIN-SRV-FILE01,Microsoft-Windows-Security-Auditing,Security,4624,An account was successfully logged on,CORP,finanzas02,SRV-MON-001,172.16.20.196,62744,10,C:\\Windows\\System32\\svchost.exe,0x0,0x0,Successful logon for CORP\finanzas02 from 172.16.20.196 using logon type 10,0,none,Internal,LAN,,
2026-04-26 14:18:47,WIN10-FIN-014,Microsoft-Windows-Security-Auditing,Security,4672,Special privileges assigned to new logon,LOCAL,alopez,SRV-MON-001,192.168.1.191,59393,7,C:\\Windows\\System32\\winlogon.exe,0x0,0x0,Special privileges assigned to LOCAL\alopez,0,none,Internal,LAN,,
2026-04-26 14:19:34,WIN-SRV-APP01,Microsoft-Windows-Security-Auditing,Security,4624,An account was successfully logged on,EMPRESA,lcastro,PC-OPS-014,192.168.1.14,55628,7,C:\\Windows\\System32\\svchost.exe,0x0,0x0,Successful logon for EMPRESA\lcastro from 192.168.1.14 using logon type 7,0,none,Internal,LAN,,
2026-04-26 14:20:02,WIN-SRV-APP01,Microsoft-Windows-Security-Auditing,Security,4634,An account was logged off,CORP,analista01,PC-RRHH-002,10.10.204.5,57969,2,C:\\Windows\\System32\\svchost.exe,0x0,0x0,Logoff for CORP\analista01 from workstation PC-RRHH-002,0,none,Internal,LAN,,
2026-04-26 14:20:39,WIN-SRV-FILE01,Microsoft-Windows-Security-Auditing,Security,4688,A new process has been created,CORP,helpdesk01,PC-FIN-001,192.168.1.199,62967,2,C:\\Windows\\System32\\WindowsPowerShell\\v1.0\\powershell.exe,0x0,0x0,Process created by CORP\helpdesk01: C:\\Windows\\System32\\WindowsPowerShell\\v1.0\\powershell.exe,0,none,Internal,LAN,,
2026-04-26 14:20:44,WIN-SRV-DC01,Microsoft-Windows-Security-Auditing,Security,4648,A logon was attempted using explicit credentials,CORP,crojas,LAP-GER-003,172.16.20.224,58667,3,C:\\Windows\\System32\\lsass.exe,0x0,0x0,Explicit credentials used by CORP\crojas from LAP-GER-003,0,none,Internal,LAN,,
2026-04-26 14:21:26,WIN10-FIN-014,Microsoft-Windows-Security-Auditing,Security,4634,An account was logged off,CORP,lcastro,LAP-GER-003,10.10.126.92,58812,3,C:\\Program Files\\Microsoft Defender\\MsMpEng.exe,0x0,0x0,Logoff for CORP\lcastro from workstation LAP-GER-003,0,none,Internal,LAN,,
2026-04-26 14:22:01,WIN10-FIN-014,Microsoft-Windows-Security-Auditing,Security,4672,Special privileges assigned to new logon,LOCAL,alopez,PC-OPS-014,172.16.20.1,50721,3,C:\\Windows\\System32\\cmd.exe,0x0,0x0,Special privileges assigned to LOCAL\alopez,0,none,Internal,LAN,,
2026-04-26 14:23:29,WIN-SRV-FILE01,Microsoft-Windows-Security-Auditing,Security,4672,Special privileges assigned to new logon,EMPRESA,jperez,PC-RRHH-002,10.10.9.12,58260,10,C:\\Windows\\System32\\winlogon.exe,0x0,0x0,Special privileges assigned to EMPRESA\jperez,0,none,Internal,LAN,,
2026-04-26 14:24:55,WIN-SRV-APP01,Microsoft-Windows-Security-Auditing,Security,4624,An account was successfully logged on,CORP,svc_monitor,PC-FIN-001,192.168.1.82,51881,3,C:\\Windows\\System32\\cmd.exe,0x0,0x0,Successful logon for CORP\svc_monitor from 192.168.1.82 using logon type 3,0,none,Internal,LAN,,
2026-04-26 14:25:21,WIN-SRV-APP01,Microsoft-Windows-Security-Auditing,Security,4624,An account was successfully logged on,EMPRESA,helpdesk01,PC-FIN-001,10.10.186.153,51113,10,C:\\Windows\\System32\\WindowsPowerShell\\v1.0\\powershell.exe,0x0,0x0,Successful logon for EMPRESA\helpdesk01 from 10.10.186.153 using logon type 10,0,none,Internal,LAN,,
2026-04-26 14:26:16,WIN-SRV-DC01,Microsoft-Windows-Security-Auditing,Security,4688,A new process has been created,CORP,svc_backup,PC-OPS-014,192.168.1.248,57082,10,C:\\Windows\\System32\\svchost.exe,0x0,0x0,Process created by CORP\svc_backup: C:\\Windows\\System32\\svchost.exe,0,none,Internal,LAN,,
2026-04-26 14:26:45,WIN-SRV-DC01,Microsoft-Windows-Security-Auditing,Security,4624,An account was successfully logged on,EMPRESA,svc_monitor,SRV-MON-001,172.16.20.253,49226,2,C:\\Windows\\System32\\winlogon.exe,0x0,0x0,Successful logon for EMPRESA\svc_monitor from 172.16.20.253 using logon type 2,0,none,Internal,LAN,,
2026-04-26 14:26:59,WIN11-SEC-022,Microsoft-Windows-Security-Auditing,Security,4634,An account was logged off,LOCAL,finanzas02,LAP-GER-003,172.16.20.163,58012,7,C:\\Windows\\System32\\WindowsPowerShell\\v1.0\\powershell.exe,0x0,0x0,Logoff for LOCAL\finanzas02 from workstation LAP-GER-003,0,none,Internal,LAN,,
2026-04-26 14:27:18,WIN-SRV-FILE01,Microsoft-Windows-Security-Auditing,Security,4624,An account was successfully logged on,LOCAL,admin.ops,PC-OPS-014,172.16.20.231,61331,7,C:\\Windows\\System32\\svchost.exe,0x0,0x0,Successful logon for LOCAL\admin.ops from 172.16.20.231 using logon type 7,0,none,Internal,LAN,,
2026-04-26 14:27:24,WIN-SRV-FILE01,Microsoft-Windows-Security-Auditing,Security,4634,An account was logged off,EMPRESA,jperez,PC-OPS-014,192.168.1.252,62362,2,C:\\Program Files\\Microsoft Defender\\MsMpEng.exe,0x0,0x0,Logoff for EMPRESA\jperez from workstation PC-OPS-014,0,none,Internal,LAN,,
2026-04-26 14:28:33,WIN-SRV-DC01,Microsoft-Windows-Security-Auditing,Security,4624,An account was successfully logged on,CORP,lcastro,LAP-GER-003,10.10.177.19,64658,7,C:\\Program Files\\Google\\Chrome\\Application\\chrome.exe,0x0,0x0,Successful logon for CORP\lcastro from 10.10.177.19 using logon type 7,0,none,Internal,LAN,,
2026-04-26 14:29:11,WIN10-FIN-014,Microsoft-Windows-Security-Auditing,Security,4634,An account was logged off,EMPRESA,admin.ops,PC-OPS-014,192.168.1.41,53313,10,C:\\Program Files\\Microsoft Defender\\MsMpEng.exe,0x0,0x0,Logoff for EMPRESA\admin.ops from workstation PC-OPS-014,0,none,Internal,LAN,,
2026-04-26 14:31:32,WIN-SRV-APP01,Microsoft-Windows-Security-Auditing,Security,4688,A new process has been created,LOCAL,helpdesk01,LAP-GER-003,10.10.78.201,63268,7,C:\\Program Files\\Microsoft Defender\\MsMpEng.exe,0x0,0x0,Process created by LOCAL\helpdesk01: C:\\Program Files\\Microsoft Defender\\MsMpEng.exe,0,none,Internal,LAN,,
2026-04-26 14:33:06,WIN10-FIN-014,Microsoft-Windows-Security-Auditing,Security,4634,An account was logged off,LOCAL,admin.ops,PC-FIN-001,172.16.20.110,64713,3,C:\\Windows\\System32\\WindowsPowerShell\\v1.0\\powershell.exe,0x0,0x0,Logoff for LOCAL\admin.ops from workstation PC-FIN-001,0,none,Internal,LAN,,
2026-04-26 14:34:05,WIN-SRV-FILE01,Microsoft-Windows-Security-Auditing,Security,4624,An account was successfully logged on,EMPRESA,svc_monitor,PC-FIN-001,192.168.1.228,56891,10,C:\\Program Files\\Google\\Chrome\\Application\\chrome.exe,0x0,0x0,Successful logon for EMPRESA\svc_monitor from 192.168.1.228 using logon type 10,0,none,Internal,LAN,,
2026-04-26 14:34:12,WIN10-FIN-014,Microsoft-Windows-Security-Auditing,Security,4672,Special privileges assigned to new logon,EMPRESA,analista01,LAP-GER-003,172.16.20.121,62072,7,C:\\Windows\\System32\\svchost.exe,0x0,0x0,Special privileges assigned to EMPRESA\analista01,0,none,Internal,LAN,,
2026-04-26 14:36:19,WIN10-FIN-014,Microsoft-Windows-Security-Auditing,Security,4624,An account was successfully logged on,CORP,analista01,PC-OPS-014,10.10.96.56,63347,2,C:\\Program Files\\Microsoft Defender\\MsMpEng.exe,0x0,0x0,Successful logon for CORP\analista01 from 10.10.96.56 using logon type 2,0,none,Internal,LAN,,
2026-04-26 14:36:36,WIN-SRV-DC01,Microsoft-Windows-Security-Auditing,Security,4624,An account was successfully logged on,EMPRESA,finanzas02,LAP-GER-003,172.16.20.4,52783,2,C:\\Program Files\\Google\\Chrome\\Application\\chrome.exe,0x0,0x0,Successful logon for EMPRESA\finanzas02 from 172.16.20.4 using logon type 2,0,none,Internal,LAN,,
2026-04-26 14:37:24,WIN-SRV-APP01,Microsoft-Windows-Security-Auditing,Security,4634,An account was logged off,LOCAL,finanzas02,SRV-MON-001,172.16.20.26,62668,3,C:\\Windows\\System32\\winlogon.exe,0x0,0x0,Logoff for LOCAL\finanzas02 from workstation SRV-MON-001,0,none,Internal,LAN,,
2026-04-26 14:37:53,WIN10-FIN-014,Microsoft-Windows-Security-Auditing,Security,4624,An account was successfully logged on,CORP,crojas,PC-RRHH-002,192.168.1.106,54027,7,C:\\Windows\\System32\\lsass.exe,0x0,0x0,Successful logon for CORP\crojas from 192.168.1.106 using logon type 7,0,none,Internal,LAN,,
2026-04-26 14:41:08,WIN-SRV-APP01,Microsoft-Windows-Security-Auditing,Security,4634,An account was logged off,LOCAL,finanzas02,PC-RRHH-002,10.10.208.94,53242,3,C:\\Program Files\\Google\\Chrome\\Application\\chrome.exe,0x0,0x0,Logoff for LOCAL\finanzas02 from workstation PC-RRHH-002,0,none,Internal,LAN,,
2026-04-26 14:41:32,WIN-SRV-FILE01,Microsoft-Windows-Security-Auditing,Security,4624,An account was successfully logged on,EMPRESA,analista01,LAP-GER-003,172.16.20.249,64333,7,C:\\Windows\\System32\\WindowsPowerShell\\v1.0\\powershell.exe,0x0,0x0,Successful logon for EMPRESA\analista01 from 172.16.20.249 using logon type 7,0,none,Internal,LAN,,
2026-04-26 14:45:18,WIN10-FIN-014,Microsoft-Windows-Security-Auditing,Security,4624,An account was successfully logged on,EMPRESA,dtorres,PC-RRHH-002,10.10.53.111,61171,7,C:\\Windows\\System32\\WindowsPowerShell\\v1.0\\powershell.exe,0x0,0x0,Successful logon for EMPRESA\dtorres from 10.10.53.111 using logon type 7,0,none,Internal,LAN,,
2026-04-26 14:45:41,WIN11-SEC-022,Microsoft-Windows-Security-Auditing,Security,4624,An account was successfully logged on,EMPRESA,analista01,LAP-GER-003,192.168.1.139,60765,3,C:\\Windows\\System32\\lsass.exe,0x0,0x0,Successful logon for EMPRESA\analista01 from 192.168.1.139 using logon type 3,0,none,Internal,LAN,,
2026-04-26 14:46:14,WIN-SRV-APP01,Microsoft-Windows-Security-Auditing,Security,4624,An account was successfully logged on,CORP,analista01,PC-RRHH-002,10.10.5.100,59458,3,C:\\Program Files\\Google\\Chrome\\Application\\chrome.exe,0x0,0x0,Successful logon for CORP\analista01 from 10.10.5.100 using logon type 3,0,none,Internal,LAN,,
2026-04-26 14:47:58,WIN-SRV-APP01,Microsoft-Windows-Security-Auditing,Security,4624,An account was successfully logged on,LOCAL,finanzas02,SRV-MON-001,172.16.20.48,61415,2,C:\\Windows\\System32\\WindowsPowerShell\\v1.0\\powershell.exe,0x0,0x0,Successful logon for LOCAL\finanzas02 from 172.16.20.48 using logon type 2,0,none,Internal,LAN,,
2026-04-26 14:48:37,WIN-SRV-DC01,Microsoft-Windows-Security-Auditing,Security,4634,An account was logged off,EMPRESA,finanzas02,SRV-MON-001,172.16.20.125,64953,10,C:\\Program Files\\Google\\Chrome\\Application\\chrome.exe,0x0,0x0,Logoff for EMPRESA\finanzas02 from workstation SRV-MON-001,0,none,Internal,LAN,,
2026-04-26 14:50:01,WIN-SRV-FILE01,Microsoft-Windows-Security-Auditing,Security,4648,A logon was attempted using explicit credentials,EMPRESA,finanzas02,PC-OPS-014,10.10.56.92,55207,3,C:\\Windows\\System32\\svchost.exe,0x0,0x0,Explicit credentials used by EMPRESA\finanzas02 from PC-OPS-014,0,none,Internal,LAN,,
2026-04-26 14:50:06,WIN-SRV-DC01,Microsoft-Windows-Security-Auditing,Security,4634,An account was logged off,LOCAL,dtorres,PC-OPS-014,192.168.1.65,51831,7,C:\\Windows\\System32\\cmd.exe,0x0,0x0,Logoff for LOCAL\dtorres from workstation PC-OPS-014,0,none,Internal,LAN,,
2026-04-26 14:50:37,WIN-SRV-FILE01,Microsoft-Windows-Security-Auditing,Security,4624,An account was successfully logged on,LOCAL,svc_monitor,SRV-MON-001,10.10.44.166,62987,3,C:\\Windows\\System32\\svchost.exe,0x0,0x0,Successful logon for LOCAL\svc_monitor from 10.10.44.166 using logon type 3,0,none,Internal,LAN,,
2026-04-26 14:51:50,WIN-SRV-DC01,Microsoft-Windows-Security-Auditing,Security,4688,A new process has been created,LOCAL,analista01,PC-FIN-001,172.16.20.101,56766,10,C:\\Windows\\System32\\cmd.exe,0x0,0x0,Process created by LOCAL\analista01: C:\\Windows\\System32\\cmd.exe,0,none,Internal,LAN,,
2026-04-26 14:54:37,WIN10-FIN-014,Microsoft-Windows-Security-Auditing,Security,4624,An account was successfully logged on,LOCAL,crojas,PC-OPS-014,172.16.20.40,58822,3,C:\\Windows\\System32\\svchost.exe,0x0,0x0,Successful logon for LOCAL\crojas from 172.16.20.40 using logon type 3,0,none,Internal,LAN,,
2026-04-26 14:55:04,WIN10-FIN-014,Microsoft-Windows-Security-Auditing,Security,4634,An account was logged off,CORP,svc_monitor,LAP-GER-003,172.16.20.26,64410,10,C:\\Windows\\System32\\winlogon.exe,0x0,0x0,Logoff for CORP\svc_monitor from workstation LAP-GER-003,0,none,Internal,LAN,,
2026-04-26 14:55:18,WIN11-SEC-022,Microsoft-Windows-Security-Auditing,Security,4624,An account was successfully logged on,EMPRESA,svc_monitor,LAP-GER-003,172.16.20.62,49304,3,C:\\Windows\\System32\\winlogon.exe,0x0,0x0,Successful logon for EMPRESA\svc_monitor from 172.16.20.62 using logon type 3,0,none,Internal,LAN,,
2026-04-26 14:58:39,WIN-SRV-DC01,Microsoft-Windows-Security-Auditing,Security,4624,An account was successfully logged on,CORP,jperez,PC-OPS-014,172.16.20.53,53612,7,C:\\Windows\\System32\\winlogon.exe,0x0,0x0,Successful logon for CORP\jperez from 172.16.20.53 using logon type 7,0,none,Internal,LAN,,
2026-04-26 14:59:02,WIN-SRV-FILE01,Microsoft-Windows-Security-Auditing,Security,4624,An account was successfully logged on,LOCAL,mgarcia,LAP-GER-003,172.16.20.123,63434,10,C:\\Windows\\System32\\svchost.exe,0x0,0x0,Successful logon for LOCAL\mgarcia from 172.16.20.123 using logon type 10,0,none,Internal,LAN,,
2026-04-26 14:59:06,WIN10-FIN-014,Microsoft-Windows-Security-Auditing,Security,4648,A logon was attempted using explicit credentials,EMPRESA,lcastro,SRV-MON-001,192.168.1.30,50855,10,C:\\Program Files\\Google\\Chrome\\Application\\chrome.exe,0x0,0x0,Explicit credentials used by EMPRESA\lcastro from SRV-MON-001,0,none,Internal,LAN,,
2026-04-26 15:00:04,WIN-SRV-FILE01,Microsoft-Windows-Security-Auditing,Security,4688,A new process has been created,EMPRESA,jperez,PC-FIN-001,192.168.1.253,49937,2,C:\\Windows\\System32\\svchost.exe,0x0,0x0,Process created by EMPRESA\jperez: C:\\Windows\\System32\\svchost.exe,0,none,Internal,LAN,,
2026-04-26 15:01:24,WIN-SRV-DC01,Microsoft-Windows-Security-Auditing,Security,4688,A new process has been created,LOCAL,dtorres,PC-RRHH-002,172.16.20.31,52559,3,C:\\Windows\\System32\\winlogon.exe,0x0,0x0,Process created by LOCAL\dtorres: C:\\Windows\\System32\\winlogon.exe,0,none,Internal,LAN,,
2026-04-26 15:01:26,WIN11-SEC-022,Microsoft-Windows-Security-Auditing,Security,4624,An account was successfully logged on,CORP,admin.ops,PC-RRHH-002,172.16.20.210,64776,7,C:\\Windows\\System32\\WindowsPowerShell\\v1.0\\powershell.exe,0x0,0x0,Successful logon for CORP\admin.ops from 172.16.20.210 using logon type 7,0,none,Internal,LAN,,
2026-04-26 15:01:53,WIN11-SEC-022,Microsoft-Windows-Security-Auditing,Security,4634,An account was logged off,LOCAL,crojas,LAP-GER-003,192.168.1.224,64745,2,C:\\Program Files\\Google\\Chrome\\Application\\chrome.exe,0x0,0x0,Logoff for LOCAL\crojas from workstation LAP-GER-003,0,none,Internal,LAN,,
2026-04-26 15:01:55,WIN-SRV-DC01,Microsoft-Windows-Security-Auditing,Security,4624,An account was successfully logged on,LOCAL,dtorres,PC-RRHH-002,10.10.66.236,50207,10,C:\\Program Files\\Google\\Chrome\\Application\\chrome.exe,0x0,0x0,Successful logon for LOCAL\dtorres from 10.10.66.236 using logon type 10,0,none,Internal,LAN,,
2026-04-26 15:04:00,WIN-SRV-FILE01,Microsoft-Windows-Security-Auditing,Security,4624,An account was successfully logged on,EMPRESA,analista01,PC-RRHH-002,10.10.191.64,58788,3,C:\\Program Files\\Microsoft Defender\\MsMpEng.exe,0x0,0x0,Successful logon for EMPRESA\analista01 from 10.10.191.64 using logon type 3,0,none,Internal,LAN,,
2026-04-26 15:04:15,WIN-SRV-FILE01,Microsoft-Windows-Security-Auditing,Security,4688,A new process has been created,CORP,admin.ops,LAP-GER-003,192.168.1.89,49379,2,C:\\Windows\\System32\\winlogon.exe,0x0,0x0,Process created by CORP\admin.ops: C:\\Windows\\System32\\winlogon.exe,0,none,Internal,LAN,,
2026-04-26 15:06:12,WIN-SRV-DC01,Microsoft-Windows-Security-Auditing,Security,4624,An account was successfully logged on,LOCAL,svc_backup,LAP-GER-003,192.168.1.137,49937,7,C:\\Windows\\System32\\cmd.exe,0x0,0x0,Successful logon for LOCAL\svc_backup from 192.168.1.137 using logon type 7,0,none,Internal,LAN,,
2026-04-26 15:06:59,WIN10-FIN-014,Microsoft-Windows-Security-Auditing,Security,4624,An account was successfully logged on,CORP,mgarcia,PC-RRHH-002,172.16.20.214,53066,10,C:\\Windows\\System32\\cmd.exe,0x0,0x0,Successful logon for CORP\mgarcia from 172.16.20.214 using logon type 10,0,none,Internal,LAN,,
2026-04-26 15:16:01,WIN11-SEC-022,Microsoft-Windows-Security-Auditing,Security,4672,Special privileges assigned to new logon,EMPRESA,alopez,LAP-GER-003,192.168.1.247,57396,3,C:\\Windows\\System32\\cmd.exe,0x0,0x0,Special privileges assigned to EMPRESA\alopez,0,none,Internal,LAN,,
2026-04-26 15:16:55,WIN11-SEC-022,Microsoft-Windows-Security-Auditing,Security,4634,An account was logged off,EMPRESA,svc_backup,SRV-MON-001,10.10.245.82,58677,2,C:\\Program Files\\Microsoft Defender\\MsMpEng.exe,0x0,0x0,Logoff for EMPRESA\svc_backup from workstation SRV-MON-001,0,none,Internal,LAN,,
2026-04-26 15:19:18,WIN11-SEC-022,Microsoft-Windows-Security-Auditing,Security,4634,An account was logged off,EMPRESA,svc_monitor,PC-FIN-001,192.168.1.174,51891,10,C:\\Windows\\System32\\cmd.exe,0x0,0x0,Logoff for EMPRESA\svc_monitor from workstation PC-FIN-001,0,none,Internal,LAN,,
2026-04-26 15:20:09,WIN11-SEC-022,Microsoft-Windows-Security-Auditing,Security,4624,An account was successfully logged on,LOCAL,analista01,PC-RRHH-002,10.10.47.223,65447,7,C:\\Windows\\System32\\WindowsPowerShell\\v1.0\\powershell.exe,0x0,0x0,Successful logon for LOCAL\analista01 from 10.10.47.223 using logon type 7,0,none,Internal,LAN,,
2026-04-26 15:22:02,WIN10-FIN-014,Microsoft-Windows-Security-Auditing,Security,4624,An account was successfully logged on,EMPRESA,mgarcia,PC-OPS-014,192.168.1.246,63767,3,C:\\Windows\\System32\\lsass.exe,0x0,0x0,Successful logon for EMPRESA\mgarcia from 192.168.1.246 using logon type 3,0,none,Internal,LAN,,
