2026-04-27 13:24:40,WIN-SRV-FILE01,Microsoft-Windows-Security-Auditing,Security,4624,An account was successfully logged on,LOCAL,svc_backup,PC-OPS-014,192.168.1.16,49530,10,C:\\Program Files\\Google\\Chrome\\Application\\chrome.exe,0x0,0x0,Successful logon for LOCAL\svc_backup from 192.168.1.16 using logon type 10,0,none,Internal,LAN,,
2026-04-27 13:25:04,WIN-SRV-FILE01,Microsoft-Windows-Security-Auditing,Security,4688,A new process has been created,CORP,dtorres,PC-RRHH-002,10.10.241.106,52937,7,C:\\Windows\\System32\\cmd.exe,0x0,0x0,Process created by CORP\dtorres: C:\\Windows\\System32\\cmd.exe,0,none,Internal,LAN,,
2026-04-27 13:26:11,WIN-SRV-FILE01,Microsoft-Windows-Security-Auditing,Security,4624,An account was successfully logged on,LOCAL,finanzas02,PC-FIN-001,172.16.20.230,51045,3,C:\\Program Files\\Microsoft Defender\\MsMpEng.exe,0x0,0x0,Successful logon for LOCAL\finanzas02 from 172.16.20.230 using logon type 3,0,none,Internal,LAN,,
2026-04-27 13:27:46,WIN11-SEC-022,Microsoft-Windows-Security-Auditing,Security,4624,An account was successfully logged on,EMPRESA,analista01,PC-RRHH-002,192.168.1.133,52540,2,C:\\Windows\\System32\\WindowsPowerShell\\v1.0\\powershell.exe,0x0,0x0,Successful logon for EMPRESA\analista01 from 192.168.1.133 using logon type 2,0,none,Internal,LAN,,
2026-04-27 13:27:53,WIN-SRV-FILE01,Microsoft-Windows-Security-Auditing,Security,4624,An account was successfully logged on,LOCAL,mgarcia,LAP-GER-003,172.16.20.119,59261,7,C:\\Windows\\System32\\WindowsPowerShell\\v1.0\\powershell.exe,0x0,0x0,Successful logon for LOCAL\mgarcia from 172.16.20.119 using logon type 7,0,none,Internal,LAN,,
2026-04-27 13:28:11,WIN-SRV-DC01,Microsoft-Windows-Security-Auditing,Security,4672,Special privileges assigned to new logon,EMPRESA,admin.ops,SRV-MON-001,192.168.1.205,58845,7,C:\\Windows\\System32\\svchost.exe,0x0,0x0,Special privileges assigned to EMPRESA\admin.ops,0,none,Internal,LAN,,
2026-04-27 13:28:13,WIN-SRV-FILE01,Microsoft-Windows-Security-Auditing,Security,4624,An account was successfully logged on,EMPRESA,helpdesk01,PC-OPS-014,192.168.1.206,50670,2,C:\\Windows\\System32\\cmd.exe,0x0,0x0,Successful logon for EMPRESA\helpdesk01 from 192.168.1.206 using logon type 2,0,none,Internal,LAN,,
2026-04-27 13:31:55,WIN-SRV-FILE01,Microsoft-Windows-Security-Auditing,Security,4634,An account was logged off,EMPRESA,helpdesk01,PC-FIN-001,192.168.1.35,56169,10,C:\\Windows\\System32\\cmd.exe,0x0,0x0,Logoff for EMPRESA\helpdesk01 from workstation PC-FIN-001,0,none,Internal,LAN,,
2026-04-27 13:34:18,WIN10-FIN-014,Microsoft-Windows-Security-Auditing,Security,4624,An account was successfully logged on,EMPRESA,dtorres,LAP-GER-003,10.10.217.238,61093,3,C:\\Windows\\System32\\svchost.exe,0x0,0x0,Successful logon for EMPRESA\dtorres from 10.10.217.238 using logon type 3,0,none,Internal,LAN,,
2026-04-27 13:35:05,WIN-SRV-FILE01,Microsoft-Windows-Security-Auditing,Security,4624,An account was successfully logged on,EMPRESA,alopez,PC-FIN-001,172.16.20.55,54023,2,C:\\Program Files\\Microsoft Defender\\MsMpEng.exe,0x0,0x0,Successful logon for EMPRESA\alopez from 172.16.20.55 using logon type 2,0,none,Internal,LAN,,
2026-04-27 13:36:06,WIN10-FIN-014,Microsoft-Windows-Security-Auditing,Security,4624,An account was successfully logged on,LOCAL,finanzas02,LAP-GER-003,10.10.221.208,54997,10,C:\\Windows\\System32\\cmd.exe,0x0,0x0,Successful logon for LOCAL\finanzas02 from 10.10.221.208 using logon type 10,0,none,Internal,LAN,,
2026-04-27 13:37:18,WIN11-SEC-022,Microsoft-Windows-Security-Auditing,Security,4624,An account was successfully logged on,EMPRESA,svc_monitor,PC-OPS-014,192.168.1.85,60510,2,C:\\Windows\\System32\\svchost.exe,0x0,0x0,Successful logon for EMPRESA\svc_monitor from 192.168.1.85 using logon type 2,0,none,Internal,LAN,,
2026-04-27 13:37:20,WIN10-FIN-014,Microsoft-Windows-Security-Auditing,Security,4624,An account was successfully logged on,EMPRESA,mgarcia,LAP-GER-003,10.10.216.86,56759,3,C:\\Program Files\\Microsoft Defender\\MsMpEng.exe,0x0,0x0,Successful logon for EMPRESA\mgarcia from 10.10.216.86 using logon type 3,0,none,Internal,LAN,,
2026-04-27 13:37:25,WIN-SRV-DC01,Microsoft-Windows-Security-Auditing,Security,4634,An account was logged off,EMPRESA,jperez,PC-FIN-001,10.10.192.65,60845,3,C:\\Program Files\\Google\\Chrome\\Application\\chrome.exe,0x0,0x0,Logoff for EMPRESA\jperez from workstation PC-FIN-001,0,none,Internal,LAN,,
2026-04-27 13:39:24,WIN-SRV-FILE01,Microsoft-Windows-Security-Auditing,Security,4624,An account was successfully logged on,CORP,mgarcia,PC-FIN-001,172.16.20.228,58532,10,C:\\Program Files\\Microsoft Defender\\MsMpEng.exe,0x0,0x0,Successful logon for CORP\mgarcia from 172.16.20.228 using logon type 10,0,none,Internal,LAN,,
2026-04-27 13:40:49,WIN-SRV-FILE01,Microsoft-Windows-Security-Auditing,Security,4634,An account was logged off,LOCAL,helpdesk01,PC-FIN-001,192.168.1.105,59018,2,C:\\Windows\\System32\\svchost.exe,0x0,0x0,Logoff for LOCAL\helpdesk01 from workstation PC-FIN-001,0,none,Internal,LAN,,
2026-04-27 13:42:06,WIN-SRV-DC01,Microsoft-Windows-Security-Auditing,Security,4624,An account was successfully logged on,CORP,analista01,PC-OPS-014,192.168.1.134,62438,3,C:\\Windows\\System32\\lsass.exe,0x0,0x0,Successful logon for CORP\analista01 from 192.168.1.134 using logon type 3,0,none,Internal,LAN,,
2026-04-27 13:43:04,WIN-SRV-APP01,Microsoft-Windows-Security-Auditing,Security,4634,An account was logged off,EMPRESA,jperez,PC-FIN-001,10.10.207.163,54078,7,C:\\Windows\\System32\\svchost.exe,0x0,0x0,Logoff for EMPRESA\jperez from workstation PC-FIN-001,0,none,Internal,LAN,,
2026-04-27 13:45:30,WIN11-SEC-022,Microsoft-Windows-Security-Auditing,Security,4634,An account was logged off,CORP,dtorres,PC-RRHH-002,10.10.80.98,64148,3,C:\\Windows\\System32\\WindowsPowerShell\\v1.0\\powershell.exe,0x0,0x0,Logoff for CORP\dtorres from workstation PC-RRHH-002,0,none,Internal,LAN,,
2026-04-27 13:46:26,WIN-SRV-DC01,Microsoft-Windows-Security-Auditing,Security,4624,An account was successfully logged on,EMPRESA,admin.ops,LAP-GER-003,10.10.220.19,61008,7,C:\\Program Files\\Google\\Chrome\\Application\\chrome.exe,0x0,0x0,Successful logon for EMPRESA\admin.ops from 10.10.220.19 using logon type 7,0,none,Internal,LAN,,
2026-04-27 13:47:00,WIN-SRV-APP01,Microsoft-Windows-Security-Auditing,Security,4648,A logon was attempted using explicit credentials,CORP,crojas,PC-FIN-001,192.168.1.74,49802,2,C:\\Windows\\System32\\svchost.exe,0x0,0x0,Explicit credentials used by CORP\crojas from PC-FIN-001,0,none,Internal,LAN,,
2026-04-27 13:48:35,WIN10-FIN-014,Microsoft-Windows-Security-Auditing,Security,4634,An account was logged off,CORP,dtorres,PC-OPS-014,192.168.1.125,55962,3,C:\\Windows\\System32\\svchost.exe,0x0,0x0,Logoff for CORP\dtorres from workstation PC-OPS-014,0,none,Internal,LAN,,
2026-04-27 13:48:46,WIN11-SEC-022,Microsoft-Windows-Security-Auditing,Security,4624,An account was successfully logged on,LOCAL,svc_monitor,PC-FIN-001,172.16.20.4,64148,2,C:\\Program Files\\Microsoft Defender\\MsMpEng.exe,0x0,0x0,Successful logon for LOCAL\svc_monitor from 172.16.20.4 using logon type 2,0,none,Internal,LAN,,
2026-04-27 13:55:24,WIN-SRV-APP01,Microsoft-Windows-Security-Auditing,Security,4688,A new process has been created,CORP,alopez,PC-RRHH-002,192.168.1.72,60154,2,C:\\Program Files\\Microsoft Defender\\MsMpEng.exe,0x0,0x0,Process created by CORP\alopez: C:\\Program Files\\Microsoft Defender\\MsMpEng.exe,0,none,Internal,LAN,,
2026-04-27 14:00:45,WIN-SRV-APP01,Microsoft-Windows-Security-Auditing,Security,4624,An account was successfully logged on,LOCAL,dtorres,LAP-GER-003,10.10.104.124,50158,3,C:\\Windows\\System32\\WindowsPowerShell\\v1.0\\powershell.exe,0x0,0x0,Successful logon for LOCAL\dtorres from 10.10.104.124 using logon type 3,0,none,Internal,LAN,,
2026-04-27 14:01:08,WIN11-SEC-022,Microsoft-Windows-Security-Auditing,Security,4624,An account was successfully logged on,EMPRESA,analista01,PC-FIN-001,192.168.1.192,51689,10,C:\\Windows\\System32\\svchost.exe,0x0,0x0,Successful logon for EMPRESA\analista01 from 192.168.1.192 using logon type 10,0,none,Internal,LAN,,
2026-04-27 14:03:17,WIN10-FIN-014,Microsoft-Windows-Security-Auditing,Security,4634,An account was logged off,EMPRESA,alopez,SRV-MON-001,172.16.20.43,58053,10,C:\\Windows\\System32\\cmd.exe,0x0,0x0,Logoff for EMPRESA\alopez from workstation SRV-MON-001,0,none,Internal,LAN,,
2026-04-27 14:04:29,WIN-SRV-DC01,Microsoft-Windows-Security-Auditing,Security,4634,An account was logged off,CORP,analista01,SRV-MON-001,172.16.20.91,55743,3,C:\\Windows\\System32\\winlogon.exe,0x0,0x0,Logoff for CORP\analista01 from workstation SRV-MON-001,0,none,Internal,LAN,,
2026-04-27 14:05:26,WIN-SRV-DC01,Microsoft-Windows-Security-Auditing,Security,4624,An account was successfully logged on,EMPRESA,lcastro,SRV-MON-001,172.16.20.31,54058,7,C:\\Windows\\System32\\WindowsPowerShell\\v1.0\\powershell.exe,0x0,0x0,Successful logon for EMPRESA\lcastro from 172.16.20.31 using logon type 7,0,none,Internal,LAN,,
2026-04-27 14:06:03,WIN-SRV-DC01,Microsoft-Windows-Security-Auditing,Security,4624,An account was successfully logged on,LOCAL,mgarcia,LAP-GER-003,10.10.133.187,51077,2,C:\\Program Files\\Google\\Chrome\\Application\\chrome.exe,0x0,0x0,Successful logon for LOCAL\mgarcia from 10.10.133.187 using logon type 2,0,none,Internal,LAN,,
2026-04-27 14:07:08,WIN-SRV-APP01,Microsoft-Windows-Security-Auditing,Security,4688,A new process has been created,CORP,alopez,PC-RRHH-002,192.168.1.167,62586,3,C:\\Windows\\System32\\lsass.exe,0x0,0x0,Process created by CORP\alopez: C:\\Windows\\System32\\lsass.exe,0,none,Internal,LAN,,
2026-04-27 14:07:48,WIN-SRV-DC01,Microsoft-Windows-Security-Auditing,Security,4624,An account was successfully logged on,CORP,alopez,PC-OPS-014,192.168.1.132,61387,3,C:\\Windows\\System32\\svchost.exe,0x0,0x0,Successful logon for CORP\alopez from 192.168.1.132 using logon type 3,0,none,Internal,LAN,,
2026-04-27 14:08:35,WIN10-FIN-014,Microsoft-Windows-Security-Auditing,Security,4624,An account was successfully logged on,LOCAL,dtorres,PC-RRHH-002,10.10.123.91,54817,2,C:\\Windows\\System32\\cmd.exe,0x0,0x0,Successful logon for LOCAL\dtorres from 10.10.123.91 using logon type 2,0,none,Internal,LAN,,
2026-04-27 14:09:51,WIN-SRV-DC01,Microsoft-Windows-Security-Auditing,Security,4688,A new process has been created,LOCAL,alopez,LAP-GER-003,192.168.1.152,50033,10,C:\\Windows\\System32\\winlogon.exe,0x0,0x0,Process created by LOCAL\alopez: C:\\Windows\\System32\\winlogon.exe,0,none,Internal,LAN,,
2026-04-27 14:09:55,WIN11-SEC-022,Microsoft-Windows-Security-Auditing,Security,4672,Special privileges assigned to new logon,LOCAL,crojas,SRV-MON-001,192.168.1.201,50048,7,C:\\Windows\\System32\\svchost.exe,0x0,0x0,Special privileges assigned to LOCAL\crojas,0,none,Internal,LAN,,
2026-04-27 14:11:07,WIN11-SEC-022,Microsoft-Windows-Security-Auditing,Security,4624,An account was successfully logged on,CORP,admin.ops,SRV-MON-001,172.16.20.52,57348,10,C:\\Windows\\System32\\lsass.exe,0x0,0x0,Successful logon for CORP\admin.ops from 172.16.20.52 using logon type 10,0,none,Internal,LAN,,
2026-04-27 14:11:30,WIN-SRV-APP01,Microsoft-Windows-Security-Auditing,Security,4624,An account was successfully logged on,LOCAL,alopez,PC-OPS-014,10.10.76.235,62472,3,C:\\Program Files\\Microsoft Defender\\MsMpEng.exe,0x0,0x0,Successful logon for LOCAL\alopez from 10.10.76.235 using logon type 3,0,none,Internal,LAN,,
2026-04-27 14:17:35,WIN-SRV-APP01,Microsoft-Windows-Security-Auditing,Security,4634,An account was logged off,CORP,helpdesk01,PC-OPS-014,192.168.1.92,62800,10,C:\\Windows\\System32\\WindowsPowerShell\\v1.0\\powershell.exe,0x0,0x0,Logoff for CORP\helpdesk01 from workstation PC-OPS-014,0,none,Internal,LAN,,
2026-04-27 14:18:14,WIN11-SEC-022,Microsoft-Windows-Security-Auditing,Security,4624,An account was successfully logged on,CORP,svc_backup,PC-RRHH-002,10.10.157.178,51362,7,C:\\Windows\\System32\\svchost.exe,0x0,0x0,Successful logon for CORP\svc_backup from 10.10.157.178 using logon type 7,0,none,Internal,LAN,,
2026-04-27 14:18:26,WIN11-SEC-022,Microsoft-Windows-Security-Auditing,Security,4624,An account was successfully logged on,EMPRESA,alopez,PC-RRHH-002,192.168.1.86,57316,7,C:\\Windows\\System32\\WindowsPowerShell\\v1.0\\powershell.exe,0x0,0x0,Successful logon for EMPRESA\alopez from 192.168.1.86 using logon type 7,0,none,Internal,LAN,,
2026-04-27 14:18:30,WIN-SRV-FILE01,Microsoft-Windows-Security-Auditing,Security,4624,An account was successfully logged on,LOCAL,helpdesk01,LAP-GER-003,172.16.20.214,51288,2,C:\\Program Files\\Google\\Chrome\\Application\\chrome.exe,0x0,0x0,Successful logon for LOCAL\helpdesk01 from 172.16.20.214 using logon type 2,0,none,Internal,LAN,,
2026-04-27 14:18:45,WIN-SRV-FILE01,Microsoft-Windows-Security-Auditing,Security,4688,A new process has been created,EMPRESA,svc_monitor,SRV-MON-001,10.10.149.32,62759,7,C:\\Windows\\System32\\lsass.exe,0x0,0x0,Process created by EMPRESA\svc_monitor: C:\\Windows\\System32\\lsass.exe,0,none,Internal,LAN,,
2026-04-27 14:22:47,WIN-SRV-DC01,Microsoft-Windows-Security-Auditing,Security,4624,An account was successfully logged on,EMPRESA,jperez,LAP-GER-003,10.10.129.109,57263,3,C:\\Windows\\System32\\svchost.exe,0x0,0x0,Successful logon for EMPRESA\jperez from 10.10.129.109 using logon type 3,0,none,Internal,LAN,,
2026-04-27 14:23:10,WIN11-SEC-022,Microsoft-Windows-Security-Auditing,Security,4634,An account was logged off,LOCAL,crojas,SRV-MON-001,172.16.20.33,50883,7,C:\\Windows\\System32\\WindowsPowerShell\\v1.0\\powershell.exe,0x0,0x0,Logoff for LOCAL\crojas from workstation SRV-MON-001,0,none,Internal,LAN,,
2026-04-27 14:24:53,WIN-SRV-APP01,Microsoft-Windows-Security-Auditing,Security,4688,A new process has been created,EMPRESA,jperez,PC-RRHH-002,192.168.1.45,52803,3,C:\\Windows\\System32\\WindowsPowerShell\\v1.0\\powershell.exe,0x0,0x0,Process created by EMPRESA\jperez: C:\\Windows\\System32\\WindowsPowerShell\\v1.0\\powershell.exe,0,none,Internal,LAN,,
2026-04-27 14:25:58,WIN-SRV-APP01,Microsoft-Windows-Security-Auditing,Security,4634,An account was logged off,EMPRESA,jperez,PC-OPS-014,172.16.20.231,58144,2,C:\\Windows\\System32\\lsass.exe,0x0,0x0,Logoff for EMPRESA\jperez from workstation PC-OPS-014,0,none,Internal,LAN,,
2026-04-27 14:26:16,WIN-SRV-DC01,Microsoft-Windows-Security-Auditing,Security,4624,An account was successfully logged on,EMPRESA,helpdesk01,PC-RRHH-002,192.168.1.166,54721,10,C:\\Windows\\System32\\lsass.exe,0x0,0x0,Successful logon for EMPRESA\helpdesk01 from 192.168.1.166 using logon type 10,0,none,Internal,LAN,,
2026-04-27 14:28:38,WIN10-FIN-014,Microsoft-Windows-Security-Auditing,Security,4634,An account was logged off,EMPRESA,helpdesk01,LAP-GER-003,10.10.187.206,53780,10,C:\\Windows\\System32\\svchost.exe,0x0,0x0,Logoff for EMPRESA\helpdesk01 from workstation LAP-GER-003,0,none,Internal,LAN,,
2026-04-27 14:29:37,WIN-SRV-DC01,Microsoft-Windows-Security-Auditing,Security,4688,A new process has been created,EMPRESA,lcastro,PC-OPS-014,10.10.248.192,51888,7,C:\\Windows\\System32\\cmd.exe,0x0,0x0,Process created by EMPRESA\lcastro: C:\\Windows\\System32\\cmd.exe,0,none,Internal,LAN,,
2026-04-27 14:29:39,WIN-SRV-APP01,Microsoft-Windows-Security-Auditing,Security,4624,An account was successfully logged on,LOCAL,mgarcia,PC-RRHH-002,192.168.1.76,59916,2,C:\\Program Files\\Google\\Chrome\\Application\\chrome.exe,0x0,0x0,Successful logon for LOCAL\mgarcia from 192.168.1.76 using logon type 2,0,none,Internal,LAN,,
2026-04-27 14:30:06,WIN-SRV-APP01,Microsoft-Windows-Security-Auditing,Security,4624,An account was successfully logged on,LOCAL,finanzas02,PC-FIN-001,172.16.20.217,58581,10,C:\\Windows\\System32\\WindowsPowerShell\\v1.0\\powershell.exe,0x0,0x0,Successful logon for LOCAL\finanzas02 from 172.16.20.217 using logon type 10,0,none,Internal,LAN,,
2026-04-27 14:30:48,WIN-SRV-APP01,Microsoft-Windows-Security-Auditing,Security,4688,A new process has been created,EMPRESA,lcastro,PC-RRHH-002,172.16.20.102,62188,7,C:\\Windows\\System32\\svchost.exe,0x0,0x0,Process created by EMPRESA\lcastro: C:\\Windows\\System32\\svchost.exe,0,none,Internal,LAN,,
2026-04-27 14:31:10,WIN-SRV-DC01,Microsoft-Windows-Security-Auditing,Security,4648,A logon was attempted using explicit credentials,EMPRESA,helpdesk01,LAP-GER-003,10.10.169.118,51433,10,C:\\Windows\\System32\\WindowsPowerShell\\v1.0\\powershell.exe,0x0,0x0,Explicit credentials used by EMPRESA\helpdesk01 from LAP-GER-003,0,none,Internal,LAN,,
2026-04-27 14:33:20,WIN-SRV-FILE01,Microsoft-Windows-Security-Auditing,Security,4624,An account was successfully logged on,CORP,svc_monitor,SRV-MON-001,172.16.20.123,59464,7,C:\\Windows\\System32\\winlogon.exe,0x0,0x0,Successful logon for CORP\svc_monitor from 172.16.20.123 using logon type 7,0,none,Internal,LAN,,
2026-04-27 14:34:04,WIN-SRV-FILE01,Microsoft-Windows-Security-Auditing,Security,4634,An account was logged off,LOCAL,jperez,PC-OPS-014,192.168.1.228,65492,10,C:\\Program Files\\Microsoft Defender\\MsMpEng.exe,0x0,0x0,Logoff for LOCAL\jperez from workstation PC-OPS-014,0,none,Internal,LAN,,
2026-04-27 14:34:09,WIN-SRV-APP01,Microsoft-Windows-Security-Auditing,Security,4624,An account was successfully logged on,EMPRESA,finanzas02,SRV-MON-001,172.16.20.115,63280,2,C:\\Windows\\System32\\cmd.exe,0x0,0x0,Successful logon for EMPRESA\finanzas02 from 172.16.20.115 using logon type 2,0,none,Internal,LAN,,
2026-04-27 14:36:18,WIN-SRV-DC01,Microsoft-Windows-Security-Auditing,Security,4688,A new process has been created,EMPRESA,lcastro,PC-RRHH-002,192.168.1.249,63328,10,C:\\Windows\\System32\\winlogon.exe,0x0,0x0,Process created by EMPRESA\lcastro: C:\\Windows\\System32\\winlogon.exe,0,none,Internal,LAN,,
2026-04-27 14:38:49,WIN11-SEC-022,Microsoft-Windows-Security-Auditing,Security,4648,A logon was attempted using explicit credentials,LOCAL,mgarcia,LAP-GER-003,192.168.1.218,57445,2,C:\\Program Files\\Microsoft Defender\\MsMpEng.exe,0x0,0x0,Explicit credentials used by LOCAL\mgarcia from LAP-GER-003,0,none,Internal,LAN,,
2026-04-27 14:39:47,WIN10-FIN-014,Microsoft-Windows-Security-Auditing,Security,4688,A new process has been created,CORP,finanzas02,PC-FIN-001,192.168.1.23,49619,3,C:\\Windows\\System32\\lsass.exe,0x0,0x0,Process created by CORP\finanzas02: C:\\Windows\\System32\\lsass.exe,0,none,Internal,LAN,,
2026-04-27 14:41:53,WIN-SRV-FILE01,Microsoft-Windows-Security-Auditing,Security,4634,An account was logged off,CORP,analista01,SRV-MON-001,10.10.37.185,56627,7,C:\\Windows\\System32\\cmd.exe,0x0,0x0,Logoff for CORP\analista01 from workstation SRV-MON-001,0,none,Internal,LAN,,
2026-04-27 14:45:02,WIN-SRV-DC01,Microsoft-Windows-Security-Auditing,Security,4688,A new process has been created,LOCAL,analista01,PC-OPS-014,10.10.221.70,55656,10,C:\\Program Files\\Microsoft Defender\\MsMpEng.exe,0x0,0x0,Process created by LOCAL\analista01: C:\\Program Files\\Microsoft Defender\\MsMpEng.exe,0,none,Internal,LAN,,
2026-04-27 14:46:24,WIN11-SEC-022,Microsoft-Windows-Security-Auditing,Security,4624,An account was successfully logged on,EMPRESA,mgarcia,LAP-GER-003,172.16.20.241,56157,3,C:\\Windows\\System32\\lsass.exe,0x0,0x0,Successful logon for EMPRESA\mgarcia from 172.16.20.241 using logon type 3,0,none,Internal,LAN,,
2026-04-27 14:49:12,WIN10-FIN-014,Microsoft-Windows-Security-Auditing,Security,4624,An account was successfully logged on,LOCAL,jperez,PC-FIN-001,10.10.10.15,49824,10,C:\\Program Files\\Google\\Chrome\\Application\\chrome.exe,0x0,0x0,Successful logon for LOCAL\jperez from 10.10.10.15 using logon type 10,0,none,Internal,LAN,,
2026-04-27 14:49:49,WIN-SRV-FILE01,Microsoft-Windows-Security-Auditing,Security,4624,An account was successfully logged on,LOCAL,mgarcia,LAP-GER-003,192.168.1.171,60548,3,C:\\Windows\\System32\\svchost.exe,0x0,0x0,Successful logon for LOCAL\mgarcia from 192.168.1.171 using logon type 3,0,none,Internal,LAN,,
2026-04-27 14:49:56,WIN10-FIN-014,Microsoft-Windows-Security-Auditing,Security,4688,A new process has been created,CORP,lcastro,PC-FIN-001,10.10.120.6,56809,7,C:\\Program Files\\Microsoft Defender\\MsMpEng.exe,0x0,0x0,Process created by CORP\lcastro: C:\\Program Files\\Microsoft Defender\\MsMpEng.exe,0,none,Internal,LAN,,
2026-04-27 14:51:02,WIN-SRV-DC01,Microsoft-Windows-Security-Auditing,Security,4624,An account was successfully logged on,CORP,analista01,PC-FIN-001,10.10.214.148,51909,3,C:\\Windows\\System32\\svchost.exe,0x0,0x0,Successful logon for CORP\analista01 from 10.10.214.148 using logon type 3,0,none,Internal,LAN,,
2026-04-27 14:51:13,WIN-SRV-DC01,Microsoft-Windows-Security-Auditing,Security,4624,An account was successfully logged on,LOCAL,helpdesk01,LAP-GER-003,10.10.50.246,52043,10,C:\\Windows\\System32\\lsass.exe,0x0,0x0,Successful logon for LOCAL\helpdesk01 from 10.10.50.246 using logon type 10,0,none,Internal,LAN,,
2026-04-27 14:53:03,WIN-SRV-FILE01,Microsoft-Windows-Security-Auditing,Security,4688,A new process has been created,LOCAL,crojas,PC-OPS-014,192.168.1.133,65513,2,C:\\Windows\\System32\\lsass.exe,0x0,0x0,Process created by LOCAL\crojas: C:\\Windows\\System32\\lsass.exe,0,none,Internal,LAN,,
2026-04-27 14:53:06,WIN11-SEC-022,Microsoft-Windows-Security-Auditing,Security,4634,An account was logged off,EMPRESA,analista01,PC-FIN-001,192.168.1.96,53443,3,C:\\Windows\\System32\\winlogon.exe,0x0,0x0,Logoff for EMPRESA\analista01 from workstation PC-FIN-001,0,none,Internal,LAN,,
2026-04-27 14:56:20,WIN-SRV-FILE01,Microsoft-Windows-Security-Auditing,Security,4634,An account was logged off,EMPRESA,finanzas02,PC-FIN-001,172.16.20.205,58873,2,C:\\Program Files\\Microsoft Defender\\MsMpEng.exe,0x0,0x0,Logoff for EMPRESA\finanzas02 from workstation PC-FIN-001,0,none,Internal,LAN,,
2026-04-27 14:56:24,WIN-SRV-APP01,Microsoft-Windows-Security-Auditing,Security,4634,An account was logged off,CORP,dtorres,SRV-MON-001,192.168.1.225,56253,7,C:\\Windows\\System32\\svchost.exe,0x0,0x0,Logoff for CORP\dtorres from workstation SRV-MON-001,0,none,Internal,LAN,,
2026-04-27 14:57:07,WIN-SRV-DC01,Microsoft-Windows-Security-Auditing,Security,4648,A logon was attempted using explicit credentials,LOCAL,svc_monitor,LAP-GER-003,10.10.2.65,53002,3,C:\\Windows\\System32\\svchost.exe,0x0,0x0,Explicit credentials used by LOCAL\svc_monitor from LAP-GER-003,0,none,Internal,LAN,,
2026-04-27 14:57:41,WIN-SRV-FILE01,Microsoft-Windows-Security-Auditing,Security,4624,An account was successfully logged on,CORP,dtorres,PC-RRHH-002,172.16.20.250,62098,10,C:\\Program Files\\Google\\Chrome\\Application\\chrome.exe,0x0,0x0,Successful logon for CORP\dtorres from 172.16.20.250 using logon type 10,0,none,Internal,LAN,,
2026-04-27 14:58:13,WIN11-SEC-022,Microsoft-Windows-Security-Auditing,Security,4624,An account was successfully logged on,EMPRESA,helpdesk01,SRV-MON-001,10.10.32.100,52634,7,C:\\Program Files\\Microsoft Defender\\MsMpEng.exe,0x0,0x0,Successful logon for EMPRESA\helpdesk01 from 10.10.32.100 using logon type 7,0,none,Internal,LAN,,
2026-04-27 14:58:47,WIN-SRV-FILE01,Microsoft-Windows-Security-Auditing,Security,4688,A new process has been created,CORP,helpdesk01,LAP-GER-003,192.168.1.56,50168,7,C:\\Windows\\System32\\WindowsPowerShell\\v1.0\\powershell.exe,0x0,0x0,Process created by CORP\helpdesk01: C:\\Windows\\System32\\WindowsPowerShell\\v1.0\\powershell.exe,0,none,Internal,LAN,,
2026-04-27 14:59:46,WIN-SRV-APP01,Microsoft-Windows-Security-Auditing,Security,4624,An account was successfully logged on,CORP,dtorres,LAP-GER-003,172.16.20.241,53148,7,C:\\Windows\\System32\\lsass.exe,0x0,0x0,Successful logon for CORP\dtorres from 172.16.20.241 using logon type 7,0,none,Internal,LAN,,
2026-04-27 15:00:34,WIN10-FIN-014,Microsoft-Windows-Security-Auditing,Security,4672,Special privileges assigned to new logon,CORP,helpdesk01,PC-FIN-001,10.10.38.36,65043,3,C:\\Windows\\System32\\cmd.exe,0x0,0x0,Special privileges assigned to CORP\helpdesk01,0,none,Internal,LAN,,
2026-04-27 15:01:06,WIN11-SEC-022,Microsoft-Windows-Security-Auditing,Security,4624,An account was successfully logged on,LOCAL,helpdesk01,PC-OPS-014,172.16.20.229,63021,2,C:\\Windows\\System32\\WindowsPowerShell\\v1.0\\powershell.exe,0x0,0x0,Successful logon for LOCAL\helpdesk01 from 172.16.20.229 using logon type 2,0,none,Internal,LAN,,
2026-04-27 15:03:57,WIN-SRV-APP01,Microsoft-Windows-Security-Auditing,Security,4672,Special privileges assigned to new logon,EMPRESA,finanzas02,LAP-GER-003,192.168.1.95,61171,10,C:\\Windows\\System32\\cmd.exe,0x0,0x0,Special privileges assigned to EMPRESA\finanzas02,0,none,Internal,LAN,,
2026-04-27 15:06:44,WIN-SRV-FILE01,Microsoft-Windows-Security-Auditing,Security,4688,A new process has been created,CORP,helpdesk01,LAP-GER-003,10.10.134.208,50488,3,C:\\Program Files\\Google\\Chrome\\Application\\chrome.exe,0x0,0x0,Process created by CORP\helpdesk01: C:\\Program Files\\Google\\Chrome\\Application\\chrome.exe,0,none,Internal,LAN,,
2026-04-27 15:08:20,WIN10-FIN-014,Microsoft-Windows-Security-Auditing,Security,4648,A logon was attempted using explicit credentials,LOCAL,alopez,PC-FIN-001,10.10.199.170,51586,7,C:\\Windows\\System32\\WindowsPowerShell\\v1.0\\powershell.exe,0x0,0x0,Explicit credentials used by LOCAL\alopez from PC-FIN-001,0,none,Internal,LAN,,
2026-04-27 15:08:24,WIN11-SEC-022,Microsoft-Windows-Security-Auditing,Security,4634,An account was logged off,LOCAL,helpdesk01,LAP-GER-003,10.10.253.123,53540,10,C:\\Program Files\\Google\\Chrome\\Application\\chrome.exe,0x0,0x0,Logoff for LOCAL\helpdesk01 from workstation LAP-GER-003,0,none,Internal,LAN,,
2026-04-27 15:10:00,WIN-SRV-DC01,Microsoft-Windows-Security-Auditing,Security,4624,An account was successfully logged on,LOCAL,finanzas02,PC-RRHH-002,192.168.1.73,60283,7,C:\\Program Files\\Google\\Chrome\\Application\\chrome.exe,0x0,0x0,Successful logon for LOCAL\finanzas02 from 192.168.1.73 using logon type 7,0,none,Internal,LAN,,
2026-04-27 15:12:08,WIN-SRV-FILE01,Microsoft-Windows-Security-Auditing,Security,4634,An account was logged off,CORP,lcastro,SRV-MON-001,10.10.67.86,56679,7,C:\\Windows\\System32\\lsass.exe,0x0,0x0,Logoff for CORP\lcastro from workstation SRV-MON-001,0,none,Internal,LAN,,
2026-04-27 15:14:41,WIN-SRV-DC01,Microsoft-Windows-Security-Auditing,Security,4624,An account was successfully logged on,EMPRESA,mgarcia,SRV-MON-001,10.10.30.33,65059,2,C:\\Windows\\System32\\winlogon.exe,0x0,0x0,Successful logon for EMPRESA\mgarcia from 10.10.30.33 using logon type 2,0,none,Internal,LAN,,
2026-04-27 15:18:18,WIN10-FIN-014,Microsoft-Windows-Security-Auditing,Security,4624,An account was successfully logged on,LOCAL,finanzas02,PC-FIN-001,172.16.20.17,58163,2,C:\\Windows\\System32\\lsass.exe,0x0,0x0,Successful logon for LOCAL\finanzas02 from 172.16.20.17 using logon type 2,0,none,Internal,LAN,,
2026-04-27 15:19:12,WIN-SRV-FILE01,Microsoft-Windows-Security-Auditing,Security,4624,An account was successfully logged on,LOCAL,finanzas02,SRV-MON-001,10.10.240.45,58197,7,C:\\Windows\\System32\\winlogon.exe,0x0,0x0,Successful logon for LOCAL\finanzas02 from 10.10.240.45 using logon type 7,0,none,Internal,LAN,,
2026-04-27 15:19:12,WIN10-FIN-014,Microsoft-Windows-Security-Auditing,Security,4688,A new process has been created,CORP,lcastro,LAP-GER-003,172.16.20.191,62035,2,C:\\Program Files\\Google\\Chrome\\Application\\chrome.exe,0x0,0x0,Process created by CORP\lcastro: C:\\Program Files\\Google\\Chrome\\Application\\chrome.exe,0,none,Internal,LAN,,
2026-04-27 15:23:24,WIN-SRV-FILE01,Microsoft-Windows-Security-Auditing,Security,4688,A new process has been created,CORP,svc_backup,PC-RRHH-002,192.168.1.32,50043,2,C:\\Windows\\System32\\cmd.exe,0x0,0x0,Process created by CORP\svc_backup: C:\\Windows\\System32\\cmd.exe,0,none,Internal,LAN,,
2026-04-27 15:24:00,WIN-SRV-APP01,Microsoft-Windows-Security-Auditing,Security,4624,An account was successfully logged on,CORP,svc_backup,PC-OPS-014,192.168.1.230,55198,7,C:\\Windows\\System32\\WindowsPowerShell\\v1.0\\powershell.exe,0x0,0x0,Successful logon for CORP\svc_backup from 192.168.1.230 using logon type 7,0,none,Internal,LAN,,
2026-04-27 15:24:50,WIN10-FIN-014,Microsoft-Windows-Security-Auditing,Security,4688,A new process has been created,EMPRESA,svc_backup,SRV-MON-001,10.10.90.187,52905,3,C:\\Windows\\System32\\WindowsPowerShell\\v1.0\\powershell.exe,0x0,0x0,Process created by EMPRESA\svc_backup: C:\\Windows\\System32\\WindowsPowerShell\\v1.0\\powershell.exe,0,none,Internal,LAN,,
2026-04-27 15:24:55,WIN-SRV-APP01,Microsoft-Windows-Security-Auditing,Security,4634,An account was logged off,CORP,finanzas02,PC-FIN-001,10.10.213.191,51493,2,C:\\Windows\\System32\\lsass.exe,0x0,0x0,Logoff for CORP\finanzas02 from workstation PC-FIN-001,0,none,Internal,LAN,,
2026-04-27 15:26:36,WIN10-FIN-014,Microsoft-Windows-Security-Auditing,Security,4624,An account was successfully logged on,CORP,helpdesk01,LAP-GER-003,172.16.20.36,57294,10,C:\\Program Files\\Google\\Chrome\\Application\\chrome.exe,0x0,0x0,Successful logon for CORP\helpdesk01 from 172.16.20.36 using logon type 10,0,none,Internal,LAN,,
2026-04-27 15:29:08,WIN-SRV-APP01,Microsoft-Windows-Security-Auditing,Security,4624,An account was successfully logged on,CORP,jperez,LAP-GER-003,192.168.1.219,51175,7,C:\\Windows\\System32\\WindowsPowerShell\\v1.0\\powershell.exe,0x0,0x0,Successful logon for CORP\jperez from 192.168.1.219 using logon type 7,0,none,Internal,LAN,,
2026-04-27 15:29:54,WIN11-SEC-022,Microsoft-Windows-Security-Auditing,Security,4634,An account was logged off,CORP,svc_backup,PC-FIN-001,10.10.193.7,57250,10,C:\\Windows\\System32\\WindowsPowerShell\\v1.0\\powershell.exe,0x0,0x0,Logoff for CORP\svc_backup from workstation PC-FIN-001,0,none,Internal,LAN,,
2026-04-27 15:32:39,WIN11-SEC-022,Microsoft-Windows-Security-Auditing,Security,4624,An account was successfully logged on,LOCAL,admin.ops,PC-OPS-014,192.168.1.98,59140,7,C:\\Program Files\\Microsoft Defender\\MsMpEng.exe,0x0,0x0,Successful logon for LOCAL\admin.ops from 192.168.1.98 using logon type 7,0,none,Internal,LAN,,
2026-04-27 15:33:07,WIN-SRV-DC01,Microsoft-Windows-Security-Auditing,Security,4634,An account was logged off,CORP,svc_backup,SRV-MON-001,10.10.129.209,49662,2,C:\\Windows\\System32\\svchost.exe,0x0,0x0,Logoff for CORP\svc_backup from workstation SRV-MON-001,0,none,Internal,LAN,,
2026-04-27 15:33:55,WIN-SRV-FILE01,Microsoft-Windows-Security-Auditing,Security,4688,A new process has been created,LOCAL,svc_backup,LAP-GER-003,10.10.181.94,59258,2,C:\\Windows\\System32\\lsass.exe,0x0,0x0,Process created by LOCAL\svc_backup: C:\\Windows\\System32\\lsass.exe,0,none,Internal,LAN,,
2026-04-27 15:36:49,WIN-SRV-DC01,Microsoft-Windows-Security-Auditing,Security,4624,An account was successfully logged on,CORP,jperez,PC-FIN-001,192.168.1.103,55142,7,C:\\Windows\\System32\\WindowsPowerShell\\v1.0\\powershell.exe,0x0,0x0,Successful logon for CORP\jperez from 192.168.1.103 using logon type 7,0,none,Internal,LAN,,
2026-04-27 15:37:25,WIN11-SEC-022,Microsoft-Windows-Security-Auditing,Security,4624,An account was successfully logged on,LOCAL,svc_monitor,PC-RRHH-002,172.16.20.128,51398,7,C:\\Windows\\System32\\svchost.exe,0x0,0x0,Successful logon for LOCAL\svc_monitor from 172.16.20.128 using logon type 7,0,none,Internal,LAN,,
2026-04-27 15:40:36,WIN-SRV-DC01,Microsoft-Windows-Security-Auditing,Security,4624,An account was successfully logged on,CORP,helpdesk01,PC-FIN-001,10.10.216.111,51291,3,C:\\Windows\\System32\\lsass.exe,0x0,0x0,Successful logon for CORP\helpdesk01 from 10.10.216.111 using logon type 3,0,none,Internal,LAN,,
2026-04-27 15:40:41,WIN-SRV-APP01,Microsoft-Windows-Security-Auditing,Security,4672,Special privileges assigned to new logon,EMPRESA,jperez,PC-RRHH-002,172.16.20.205,56247,3,C:\\Windows\\System32\\cmd.exe,0x0,0x0,Special privileges assigned to EMPRESA\jperez,0,none,Internal,LAN,,
2026-04-27 15:40:52,WIN-SRV-FILE01,Microsoft-Windows-Security-Auditing,Security,4624,An account was successfully logged on,LOCAL,svc_monitor,PC-FIN-001,172.16.20.208,63477,3,C:\\Windows\\System32\\lsass.exe,0x0,0x0,Successful logon for LOCAL\svc_monitor from 172.16.20.208 using logon type 3,0,none,Internal,LAN,,
2026-04-27 15:42:17,WIN-SRV-APP01,Microsoft-Windows-Security-Auditing,Security,4634,An account was logged off,EMPRESA,crojas,LAP-GER-003,192.168.1.4,51950,7,C:\\Windows\\System32\\lsass.exe,0x0,0x0,Logoff for EMPRESA\crojas from workstation LAP-GER-003,0,none,Internal,LAN,,
2026-04-27 15:44:42,WIN-SRV-APP01,Microsoft-Windows-Security-Auditing,Security,4624,An account was successfully logged on,CORP,jperez,PC-OPS-014,172.16.20.87,58762,7,C:\\Windows\\System32\\cmd.exe,0x0,0x0,Successful logon for CORP\jperez from 172.16.20.87 using logon type 7,0,none,Internal,LAN,,
2026-04-27 15:48:25,WIN-SRV-FILE01,Microsoft-Windows-Security-Auditing,Security,4688,A new process has been created,EMPRESA,alopez,PC-OPS-014,192.168.1.160,60939,10,C:\\Program Files\\Google\\Chrome\\Application\\chrome.exe,0x0,0x0,Process created by EMPRESA\alopez: C:\\Program Files\\Google\\Chrome\\Application\\chrome.exe,0,none,Internal,LAN,,
2026-04-27 15:50:34,WIN-SRV-DC01,Microsoft-Windows-Security-Auditing,Security,4672,Special privileges assigned to new logon,EMPRESA,dtorres,PC-RRHH-002,172.16.20.138,57982,3,C:\\Program Files\\Microsoft Defender\\MsMpEng.exe,0x0,0x0,Special privileges assigned to EMPRESA\dtorres,0,none,Internal,LAN,,
2026-04-27 15:50:42,WIN11-SEC-022,Microsoft-Windows-Security-Auditing,Security,4624,An account was successfully logged on,CORP,analista01,LAP-GER-003,192.168.1.2,53981,3,C:\\Windows\\System32\\winlogon.exe,0x0,0x0,Successful logon for CORP\analista01 from 192.168.1.2 using logon type 3,0,none,Internal,LAN,,
2026-04-27 15:50:47,WIN-SRV-APP01,Microsoft-Windows-Security-Auditing,Security,4672,Special privileges assigned to new logon,CORP,dtorres,PC-RRHH-002,192.168.1.234,63464,3,C:\\Windows\\System32\\lsass.exe,0x0,0x0,Special privileges assigned to CORP\dtorres,0,none,Internal,LAN,,
2026-04-27 15:52:26,WIN-SRV-FILE01,Microsoft-Windows-Security-Auditing,Security,4624,An account was successfully logged on,EMPRESA,helpdesk01,PC-OPS-014,172.16.20.175,56024,2,C:\\Windows\\System32\\svchost.exe,0x0,0x0,Successful logon for EMPRESA\helpdesk01 from 172.16.20.175 using logon type 2,0,none,Internal,LAN,,
2026-04-27 15:53:17,WIN-SRV-FILE01,Microsoft-Windows-Security-Auditing,Security,4624,An account was successfully logged on,LOCAL,lcastro,PC-RRHH-002,192.168.1.219,57464,2,C:\\Windows\\System32\\lsass.exe,0x0,0x0,Successful logon for LOCAL\lcastro from 192.168.1.219 using logon type 2,0,none,Internal,LAN,,
2026-04-27 15:53:37,WIN-SRV-DC01,Microsoft-Windows-Security-Auditing,Security,4624,An account was successfully logged on,EMPRESA,lcastro,LAP-GER-003,10.10.113.216,55532,7,C:\\Windows\\System32\\winlogon.exe,0x0,0x0,Successful logon for EMPRESA\lcastro from 10.10.113.216 using logon type 7,0,none,Internal,LAN,,
2026-04-27 15:53:57,WIN10-FIN-014,Microsoft-Windows-Security-Auditing,Security,4688,A new process has been created,LOCAL,finanzas02,PC-OPS-014,172.16.20.141,58691,7,C:\\Windows\\System32\\winlogon.exe,0x0,0x0,Process created by LOCAL\finanzas02: C:\\Windows\\System32\\winlogon.exe,0,none,Internal,LAN,,
2026-04-27 15:55:11,WIN10-FIN-014,Microsoft-Windows-Security-Auditing,Security,4624,An account was successfully logged on,LOCAL,mgarcia,PC-OPS-014,192.168.1.169,57559,10,C:\\Windows\\System32\\svchost.exe,0x0,0x0,Successful logon for LOCAL\mgarcia from 192.168.1.169 using logon type 10,0,none,Internal,LAN,,
2026-04-27 15:55:43,WIN10-FIN-014,Microsoft-Windows-Security-Auditing,Security,4688,A new process has been created,LOCAL,alopez,LAP-GER-003,172.16.20.181,49406,3,C:\\Windows\\System32\\winlogon.exe,0x0,0x0,Process created by LOCAL\alopez: C:\\Windows\\System32\\winlogon.exe,0,none,Internal,LAN,,
2026-04-27 15:55:55,WIN-SRV-DC01,Microsoft-Windows-Security-Auditing,Security,4634,An account was logged off,CORP,crojas,SRV-MON-001,172.16.20.197,51571,7,C:\\Windows\\System32\\winlogon.exe,0x0,0x0,Logoff for CORP\crojas from workstation SRV-MON-001,0,none,Internal,LAN,,
2026-04-27 15:56:19,WIN10-FIN-014,Microsoft-Windows-Security-Auditing,Security,4634,An account was logged off,CORP,finanzas02,PC-RRHH-002,192.168.1.18,56067,7,C:\\Windows\\System32\\lsass.exe,0x0,0x0,Logoff for CORP\finanzas02 from workstation PC-RRHH-002,0,none,Internal,LAN,,
2026-04-27 15:56:37,WIN-SRV-FILE01,Microsoft-Windows-Security-Auditing,Security,4624,An account was successfully logged on,CORP,lcastro,PC-OPS-014,172.16.20.41,51889,3,C:\\Windows\\System32\\winlogon.exe,0x0,0x0,Successful logon for CORP\lcastro from 172.16.20.41 using logon type 3,0,none,Internal,LAN,,
2026-04-27 15:56:50,WIN11-SEC-022,Microsoft-Windows-Security-Auditing,Security,4624,An account was successfully logged on,EMPRESA,svc_backup,PC-OPS-014,192.168.1.45,53999,3,C:\\Windows\\System32\\WindowsPowerShell\\v1.0\\powershell.exe,0x0,0x0,Successful logon for EMPRESA\svc_backup from 192.168.1.45 using logon type 3,0,none,Internal,LAN,,
2026-04-27 15:57:04,WIN-SRV-APP01,Microsoft-Windows-Security-Auditing,Security,4634,An account was logged off,EMPRESA,alopez,LAP-GER-003,10.10.63.200,53617,10,C:\\Windows\\System32\\svchost.exe,0x0,0x0,Logoff for EMPRESA\alopez from workstation LAP-GER-003,0,none,Internal,LAN,,
2026-04-27 15:57:36,WIN-SRV-FILE01,Microsoft-Windows-Security-Auditing,Security,4624,An account was successfully logged on,CORP,crojas,PC-FIN-001,172.16.20.79,60101,2,C:\\Windows\\System32\\lsass.exe,0x0,0x0,Successful logon for CORP\crojas from 172.16.20.79 using logon type 2,0,none,Internal,LAN,,
2026-04-27 15:58:31,WIN-SRV-APP01,Microsoft-Windows-Security-Auditing,Security,4624,An account was successfully logged on,CORP,dtorres,LAP-GER-003,172.16.20.142,49556,7,C:\\Windows\\System32\\cmd.exe,0x0,0x0,Successful logon for CORP\dtorres from 172.16.20.142 using logon type 7,0,none,Internal,LAN,,
2026-04-27 16:03:06,WIN11-SEC-022,Microsoft-Windows-Security-Auditing,Security,4688,A new process has been created,CORP,lcastro,SRV-MON-001,10.10.255.91,50763,10,C:\\Windows\\System32\\lsass.exe,0x0,0x0,Process created by CORP\lcastro: C:\\Windows\\System32\\lsass.exe,0,none,Internal,LAN,,
2026-04-27 16:03:34,WIN-SRV-APP01,Microsoft-Windows-Security-Auditing,Security,4688,A new process has been created,LOCAL,admin.ops,LAP-GER-003,10.10.51.130,53350,7,C:\\Windows\\System32\\svchost.exe,0x0,0x0,Process created by LOCAL\admin.ops: C:\\Windows\\System32\\svchost.exe,0,none,Internal,LAN,,
2026-04-27 16:05:19,WIN11-SEC-022,Microsoft-Windows-Security-Auditing,Security,4634,An account was logged off,EMPRESA,jperez,PC-RRHH-002,192.168.1.70,65170,2,C:\\Windows\\System32\\winlogon.exe,0x0,0x0,Logoff for EMPRESA\jperez from workstation PC-RRHH-002,0,none,Internal,LAN,,
2026-04-27 16:05:38,WIN11-SEC-022,Microsoft-Windows-Security-Auditing,Security,4624,An account was successfully logged on,CORP,crojas,PC-OPS-014,10.10.17.136,62880,10,C:\\Windows\\System32\\lsass.exe,0x0,0x0,Successful logon for CORP\crojas from 10.10.17.136 using logon type 10,0,none,Internal,LAN,,
2026-04-27 16:06:38,WIN-SRV-DC01,Microsoft-Windows-Security-Auditing,Security,4634,An account was logged off,CORP,lcastro,SRV-MON-001,172.16.20.106,59660,7,C:\\Windows\\System32\\lsass.exe,0x0,0x0,Logoff for CORP\lcastro from workstation SRV-MON-001,0,none,Internal,LAN,,
2026-04-27 16:10:51,WIN-SRV-FILE01,Microsoft-Windows-Security-Auditing,Security,4648,A logon was attempted using explicit credentials,CORP,alopez,LAP-GER-003,10.10.24.45,54795,2,C:\\Windows\\System32\\svchost.exe,0x0,0x0,Explicit credentials used by CORP\alopez from LAP-GER-003,0,none,Internal,LAN,,
2026-04-27 16:11:37,WIN-SRV-FILE01,Microsoft-Windows-Security-Auditing,Security,4634,An account was logged off,LOCAL,helpdesk01,PC-OPS-014,172.16.20.223,63620,2,C:\\Windows\\System32\\lsass.exe,0x0,0x0,Logoff for LOCAL\helpdesk01 from workstation PC-OPS-014,0,none,Internal,LAN,,
2026-04-27 16:12:10,WIN11-SEC-022,Microsoft-Windows-Security-Auditing,Security,4624,An account was successfully logged on,LOCAL,alopez,PC-RRHH-002,10.10.142.128,57912,2,C:\\Windows\\System32\\cmd.exe,0x0,0x0,Successful logon for LOCAL\alopez from 10.10.142.128 using logon type 2,0,none,Internal,LAN,,
2026-04-27 16:12:42,WIN-SRV-FILE01,Microsoft-Windows-Security-Auditing,Security,4624,An account was successfully logged on,EMPRESA,svc_monitor,PC-FIN-001,172.16.20.140,58342,10,C:\\Windows\\System32\\lsass.exe,0x0,0x0,Successful logon for EMPRESA\svc_monitor from 172.16.20.140 using logon type 10,0,none,Internal,LAN,,
2026-04-27 16:13:36,WIN-SRV-DC01,Microsoft-Windows-Security-Auditing,Security,4648,A logon was attempted using explicit credentials,LOCAL,dtorres,PC-FIN-001,10.10.49.156,55771,3,C:\\Windows\\System32\\cmd.exe,0x0,0x0,Explicit credentials used by LOCAL\dtorres from PC-FIN-001,0,none,Internal,LAN,,
2026-04-27 16:15:09,WIN10-FIN-014,Microsoft-Windows-Security-Auditing,Security,4624,An account was successfully logged on,CORP,dtorres,PC-RRHH-002,172.16.20.190,56930,10,C:\\Program Files\\Google\\Chrome\\Application\\chrome.exe,0x0,0x0,Successful logon for CORP\dtorres from 172.16.20.190 using logon type 10,0,none,Internal,LAN,,
2026-04-27 16:15:40,WIN10-FIN-014,Microsoft-Windows-Security-Auditing,Security,4634,An account was logged off,LOCAL,jperez,SRV-MON-001,10.10.167.173,60009,10,C:\\Windows\\System32\\lsass.exe,0x0,0x0,Logoff for LOCAL\jperez from workstation SRV-MON-001,0,none,Internal,LAN,,
2026-04-27 16:19:48,WIN-SRV-FILE01,Microsoft-Windows-Security-Auditing,Security,4672,Special privileges assigned to new logon,LOCAL,finanzas02,SRV-MON-001,192.168.1.74,54040,2,C:\\Program Files\\Microsoft Defender\\MsMpEng.exe,0x0,0x0,Special privileges assigned to LOCAL\finanzas02,0,none,Internal,LAN,,
2026-04-27 16:23:16,WIN-SRV-DC01,Microsoft-Windows-Security-Auditing,Security,4672,Special privileges assigned to new logon,LOCAL,admin.ops,LAP-GER-003,10.10.26.194,54388,10,C:\\Windows\\System32\\WindowsPowerShell\\v1.0\\powershell.exe,0x0,0x0,Special privileges assigned to LOCAL\admin.ops,0,none,Internal,LAN,,
2026-04-27 16:23:28,WIN-SRV-FILE01,Microsoft-Windows-Security-Auditing,Security,4672,Special privileges assigned to new logon,EMPRESA,jperez,PC-RRHH-002,10.10.111.66,51076,3,C:\\Windows\\System32\\winlogon.exe,0x0,0x0,Special privileges assigned to EMPRESA\jperez,0,none,Internal,LAN,,
2026-04-27 16:23:36,WIN10-FIN-014,Microsoft-Windows-Security-Auditing,Security,4634,An account was logged off,EMPRESA,analista01,PC-OPS-014,172.16.20.11,58079,3,C:\\Program Files\\Microsoft Defender\\MsMpEng.exe,0x0,0x0,Logoff for EMPRESA\analista01 from workstation PC-OPS-014,0,none,Internal,LAN,,
2026-04-27 16:23:58,WIN10-FIN-014,Microsoft-Windows-Security-Auditing,Security,4624,An account was successfully logged on,EMPRESA,alopez,PC-FIN-001,192.168.1.202,64716,2,C:\\Windows\\System32\\cmd.exe,0x0,0x0,Successful logon for EMPRESA\alopez from 192.168.1.202 using logon type 2,0,none,Internal,LAN,,
2026-04-27 16:25:13,WIN-SRV-DC01,Microsoft-Windows-Security-Auditing,Security,4624,An account was successfully logged on,CORP,helpdesk01,PC-RRHH-002,192.168.1.210,63785,2,C:\\Program Files\\Google\\Chrome\\Application\\chrome.exe,0x0,0x0,Successful logon for CORP\helpdesk01 from 192.168.1.210 using logon type 2,0,none,Internal,LAN,,
2026-04-27 16:25:24,WIN11-SEC-022,Microsoft-Windows-Security-Auditing,Security,4624,An account was successfully logged on,LOCAL,lcastro,PC-OPS-014,192.168.1.193,63717,3,C:\\Windows\\System32\\WindowsPowerShell\\v1.0\\powershell.exe,0x0,0x0,Successful logon for LOCAL\lcastro from 192.168.1.193 using logon type 3,0,none,Internal,LAN,,
2026-04-27 16:26:11,WIN-SRV-FILE01,Microsoft-Windows-Security-Auditing,Security,4624,An account was successfully logged on,CORP,svc_backup,SRV-MON-001,192.168.1.150,54374,10,C:\\Windows\\System32\\cmd.exe,0x0,0x0,Successful logon for CORP\svc_backup from 192.168.1.150 using logon type 10,0,none,Internal,LAN,,
2026-04-27 16:28:51,WIN-SRV-APP01,Microsoft-Windows-Security-Auditing,Security,4624,An account was successfully logged on,CORP,svc_monitor,PC-OPS-014,172.16.20.90,62379,7,C:\\Program Files\\Microsoft Defender\\MsMpEng.exe,0x0,0x0,Successful logon for CORP\svc_monitor from 172.16.20.90 using logon type 7,0,none,Internal,LAN,,
2026-04-27 16:31:22,WIN-SRV-DC01,Microsoft-Windows-Security-Auditing,Security,4688,A new process has been created,CORP,svc_backup,PC-OPS-014,192.168.1.168,58354,2,C:\\Windows\\System32\\lsass.exe,0x0,0x0,Process created by CORP\svc_backup: C:\\Windows\\System32\\lsass.exe,0,none,Internal,LAN,,
2026-04-27 16:33:55,WIN-SRV-DC01,Microsoft-Windows-Security-Auditing,Security,4624,An account was successfully logged on,CORP,dtorres,PC-RRHH-002,172.16.20.248,58212,3,C:\\Windows\\System32\\svchost.exe,0x0,0x0,Successful logon for CORP\dtorres from 172.16.20.248 using logon type 3,0,none,Internal,LAN,,
2026-04-27 16:37:34,WIN-SRV-DC01,Microsoft-Windows-Security-Auditing,Security,4672,Special privileges assigned to new logon,CORP,finanzas02,PC-RRHH-002,172.16.20.27,49865,7,C:\\Windows\\System32\\svchost.exe,0x0,0x0,Special privileges assigned to CORP\finanzas02,0,none,Internal,LAN,,
2026-04-27 16:38:13,WIN-SRV-APP01,Microsoft-Windows-Security-Auditing,Security,4634,An account was logged off,EMPRESA,mgarcia,SRV-MON-001,172.16.20.177,62808,10,C:\\Windows\\System32\\winlogon.exe,0x0,0x0,Logoff for EMPRESA\mgarcia from workstation SRV-MON-001,0,none,Internal,LAN,,
2026-04-27 16:39:06,WIN-SRV-APP01,Microsoft-Windows-Security-Auditing,Security,4624,An account was successfully logged on,CORP,finanzas02,PC-RRHH-002,172.16.20.114,54314,7,C:\\Windows\\System32\\WindowsPowerShell\\v1.0\\powershell.exe,0x0,0x0,Successful logon for CORP\finanzas02 from 172.16.20.114 using logon type 7,0,none,Internal,LAN,,
2026-04-27 16:39:38,WIN-SRV-APP01,Microsoft-Windows-Security-Auditing,Security,4624,An account was successfully logged on,CORP,analista01,PC-RRHH-002,172.16.20.134,61547,7,C:\\Windows\\System32\\WindowsPowerShell\\v1.0\\powershell.exe,0x0,0x0,Successful logon for CORP\analista01 from 172.16.20.134 using logon type 7,0,none,Internal,LAN,,
2026-04-27 16:39:44,WIN10-FIN-014,Microsoft-Windows-Security-Auditing,Security,4634,An account was logged off,EMPRESA,helpdesk01,PC-OPS-014,10.10.207.35,58783,7,C:\\Windows\\System32\\WindowsPowerShell\\v1.0\\powershell.exe,0x0,0x0,Logoff for EMPRESA\helpdesk01 from workstation PC-OPS-014,0,none,Internal,LAN,,
2026-04-27 16:40:10,WIN10-FIN-014,Microsoft-Windows-Security-Auditing,Security,4688,A new process has been created,EMPRESA,admin.ops,PC-RRHH-002,10.10.207.86,62613,10,C:\\Windows\\System32\\lsass.exe,0x0,0x0,Process created by EMPRESA\admin.ops: C:\\Windows\\System32\\lsass.exe,0,none,Internal,LAN,,
2026-04-27 16:40:15,WIN-SRV-DC01,Microsoft-Windows-Security-Auditing,Security,4634,An account was logged off,LOCAL,mgarcia,PC-RRHH-002,10.10.68.242,64759,7,C:\\Windows\\System32\\WindowsPowerShell\\v1.0\\powershell.exe,0x0,0x0,Logoff for LOCAL\mgarcia from workstation PC-RRHH-002,0,none,Internal,LAN,,
2026-04-27 16:41:04,WIN10-FIN-014,Microsoft-Windows-Security-Auditing,Security,4624,An account was successfully logged on,LOCAL,lcastro,PC-RRHH-002,10.10.47.105,49355,7,C:\\Program Files\\Microsoft Defender\\MsMpEng.exe,0x0,0x0,Successful logon for LOCAL\lcastro from 10.10.47.105 using logon type 7,0,none,Internal,LAN,,
2026-04-27 16:43:02,WIN-SRV-FILE01,Microsoft-Windows-Security-Auditing,Security,4624,An account was successfully logged on,EMPRESA,jperez,LAP-GER-003,172.16.20.188,54054,3,C:\\Program Files\\Microsoft Defender\\MsMpEng.exe,0x0,0x0,Successful logon for EMPRESA\jperez from 172.16.20.188 using logon type 3,0,none,Internal,LAN,,
2026-04-27 16:43:32,WIN-SRV-FILE01,Microsoft-Windows-Security-Auditing,Security,4688,A new process has been created,EMPRESA,helpdesk01,PC-OPS-014,10.10.163.136,57198,3,C:\\Program Files\\Microsoft Defender\\MsMpEng.exe,0x0,0x0,Process created by EMPRESA\helpdesk01: C:\\Program Files\\Microsoft Defender\\MsMpEng.exe,0,none,Internal,LAN,,
2026-04-27 16:44:03,WIN11-SEC-022,Microsoft-Windows-Security-Auditing,Security,4624,An account was successfully logged on,CORP,analista01,PC-RRHH-002,192.168.1.189,58035,10,C:\\Program Files\\Google\\Chrome\\Application\\chrome.exe,0x0,0x0,Successful logon for CORP\analista01 from 192.168.1.189 using logon type 10,0,none,Internal,LAN,,
2026-04-27 16:45:23,WIN11-SEC-022,Microsoft-Windows-Security-Auditing,Security,4688,A new process has been created,LOCAL,lcastro,PC-RRHH-002,10.10.56.121,55387,3,C:\\Windows\\System32\\lsass.exe,0x0,0x0,Process created by LOCAL\lcastro: C:\\Windows\\System32\\lsass.exe,0,none,Internal,LAN,,
2026-04-27 16:45:30,WIN-SRV-APP01,Microsoft-Windows-Security-Auditing,Security,4648,A logon was attempted using explicit credentials,LOCAL,helpdesk01,PC-RRHH-002,192.168.1.201,57810,10,C:\\Windows\\System32\\winlogon.exe,0x0,0x0,Explicit credentials used by LOCAL\helpdesk01 from PC-RRHH-002,0,none,Internal,LAN,,
2026-04-27 16:45:35,WIN11-SEC-022,Microsoft-Windows-Security-Auditing,Security,4624,An account was successfully logged on,EMPRESA,dtorres,SRV-MON-001,192.168.1.56,64749,2,C:\\Windows\\System32\\winlogon.exe,0x0,0x0,Successful logon for EMPRESA\dtorres from 192.168.1.56 using logon type 2,0,none,Internal,LAN,,
2026-04-27 16:46:46,WIN-SRV-FILE01,Microsoft-Windows-Security-Auditing,Security,4624,An account was successfully logged on,CORP,analista01,PC-RRHH-002,172.16.20.18,56426,7,C:\\Windows\\System32\\cmd.exe,0x0,0x0,Successful logon for CORP\analista01 from 172.16.20.18 using logon type 7,0,none,Internal,LAN,,
2026-04-27 16:47:15,WIN-SRV-APP01,Microsoft-Windows-Security-Auditing,Security,4624,An account was successfully logged on,LOCAL,dtorres,PC-FIN-001,10.10.168.182,55452,2,C:\\Windows\\System32\\lsass.exe,0x0,0x0,Successful logon for LOCAL\dtorres from 10.10.168.182 using logon type 2,0,none,Internal,LAN,,
