2026-04-26 04:21:22,WIN-SRV-APP01,Microsoft-Windows-Security-Auditing,Security,4624,An account was successfully logged on,CORP,finanzas02,PC-RRHH-002,172.16.20.73,51727,3,C:\\Windows\\System32\\winlogon.exe,0x0,0x0,Successful logon for CORP\finanzas02 from 172.16.20.73 using logon type 3,0,none,Internal,LAN,,
2026-04-26 04:21:29,WIN10-FIN-014,Microsoft-Windows-Security-Auditing,Security,4625,An account failed to log on,LOCAL,test,KALI,198.51.100.252,54185,3,C:\\Windows\\System32\\cmd.exe,0xC000006D,0xC0000064,Failed logon for LOCAL\test from 198.51.100.252; possible brute force,1,brute_force_logon,Australia,Sydney,-33.80907,151.49115
2026-04-26 04:21:39,WIN10-FIN-014,Microsoft-Windows-Security-Auditing,Security,4624,An account was successfully logged on,EMPRESA,administrator,KALI,192.0.2.15,17365,3,C:\\Windows\\System32\\WindowsPowerShell\\v1.0\\powershell.exe,0x0,0x0,Successful remote administrative logon for EMPRESA\administrator from external IP 192.0.2.15,1,suspicious_admin_logon,Spain,Madrid,40.14911,-3.70419
2026-04-26 04:22:21,WIN10-FIN-014,Microsoft-Windows-Security-Auditing,Security,4625,An account failed to log on,EMPRESA,admin,WIN-RDP,198.51.100.81,49839,3,C:\\Windows\\System32\\WindowsPowerShell\\v1.0\\powershell.exe,0xC000006D,0xC000006A,Failed logon for EMPRESA\admin from 198.51.100.81; possible brute force,1,brute_force_logon,United States,New York,40.62797,-74.18326
2026-04-26 04:22:32,WIN-SRV-DC01,Microsoft-Windows-Security-Auditing,Security,4625,An account failed to log on,CORP,backup,ATTACKBOX,203.0.113.179,40021,10,C:\\Windows\\System32\\winlogon.exe,0xC000006D,0xC000006A,Failed logon for CORP\backup from 203.0.113.179; possible brute force,1,brute_force_logon,Netherlands,Amsterdam,52.27579,5.12894
2026-04-26 04:22:52,WIN-SRV-FILE01,Microsoft-Windows-Security-Auditing,Security,4624,An account was successfully logged on,EMPRESA,svc_monitor,PC-FIN-001,172.16.20.245,51196,2,C:\\Program Files\\Google\\Chrome\\Application\\chrome.exe,0x0,0x0,Successful logon for EMPRESA\svc_monitor from 172.16.20.245 using logon type 2,0,none,Internal,LAN,,
2026-04-26 04:23:00,WIN-SRV-DC01,Microsoft-Windows-Security-Auditing,Security,4624,An account was successfully logged on,CORP,administrator,WIN-RDP,203.0.113.37,58692,10,C:\\Windows\\System32\\cmd.exe,0x0,0x0,Successful remote administrative logon for CORP\administrator from external IP 203.0.113.37,1,suspicious_admin_logon,Russia,Moscow,55.83072,37.2108
2026-04-26 04:23:12,WIN11-SEC-022,Microsoft-Windows-Security-Auditing,Security,4625,An account failed to log on,CORP,guest,UNKNOWN,203.0.113.139,22630,10,C:\\Program Files\\Microsoft Defender\\MsMpEng.exe,0xC000006D,0xC0000064,Failed logon for CORP\guest from 203.0.113.139; possible brute force,1,brute_force_logon,India,Mumbai,19.38665,73.01673
2026-04-26 04:23:44,WIN-SRV-APP01,Microsoft-Windows-Security-Auditing,Security,4625,An account failed to log on,LOCAL,backup,KALI,192.0.2.150,8644,10,C:\\Windows\\System32\\cmd.exe,0xC000006A,0xC0000064,Failed logon for LOCAL\backup from 192.0.2.150; possible brute force,1,brute_force_logon,Chile,Santiago,-33.31645,-70.764
2026-04-26 04:23:47,WIN11-SEC-022,Microsoft-Windows-Security-Auditing,Security,4625,An account failed to log on,EMPRESA,soporte,-,203.0.113.248,35691,10,C:\\Windows\\System32\\svchost.exe,0xC000006D,0xC000006A,Failed logon from 203.0.113.248 against multiple users; possible password spray,1,password_spray,Germany,Frankfurt,49.87666,8.48015
2026-04-26 04:24:38,WIN10-FIN-014,Microsoft-Windows-Security-Auditing,Security,4624,An account was successfully logged on,LOCAL,lcastro,LAP-GER-003,172.16.20.86,59310,10,C:\\Program Files\\Google\\Chrome\\Application\\chrome.exe,0x0,0x0,Successful logon for LOCAL\lcastro from 172.16.20.86 using logon type 10,0,none,Internal,LAN,,
2026-04-26 04:25:09,WIN-SRV-FILE01,Microsoft-Windows-Security-Auditing,Security,4624,An account was successfully logged on,LOCAL,finanzas02,LAP-GER-003,172.16.20.97,58189,2,C:\\Program Files\\Google\\Chrome\\Application\\chrome.exe,0x0,0x0,Successful logon for LOCAL\finanzas02 from 172.16.20.97 using logon type 2,0,none,Internal,LAN,,
2026-04-26 04:25:37,WIN-SRV-FILE01,Microsoft-Windows-Security-Auditing,Security,4688,A new process has been created,EMPRESA,admin,-,192.0.2.162,3737,3,C:\\Windows\\System32\\vssadmin.exe delete shadows /all /quiet,0x0,0x0,Suspicious process execution by EMPRESA\admin: C:\\Windows\\System32\\vssadmin.exe delete shadows /all /quiet,1,suspicious_process_execution,United States,New York,40.41268,-73.95423
2026-04-26 04:27:19,WIN-SRV-DC01,Microsoft-Windows-Security-Auditing,Security,4624,An account was successfully logged on,EMPRESA,jperez,LAP-GER-003,192.168.1.233,64049,2,C:\\Windows\\System32\\WindowsPowerShell\\v1.0\\powershell.exe,0x0,0x0,Successful logon for EMPRESA\jperez from 192.168.1.233 using logon type 2,0,none,Internal,LAN,,
2026-04-26 04:27:33,WIN-SRV-APP01,Microsoft-Windows-Security-Auditing,Security,4634,An account was logged off,LOCAL,crojas,PC-RRHH-002,10.10.4.122,49277,10,C:\\Windows\\System32\\WindowsPowerShell\\v1.0\\powershell.exe,0x0,0x0,Logoff for LOCAL\crojas from workstation PC-RRHH-002,0,none,Internal,LAN,,
2026-04-26 04:28:21,WIN10-FIN-014,Microsoft-Windows-Security-Auditing,Security,4625,An account failed to log on,CORP,sqladmin,KALI,192.0.2.206,23452,10,C:\\Windows\\System32\\winlogon.exe,0xC000006A,0xC000006A,Failed logon for CORP\sqladmin from 192.0.2.206; possible brute force,1,brute_force_logon,Spain,Madrid,40.04206,-3.79569
2026-04-26 04:28:51,WIN-SRV-APP01,Microsoft-Windows-Security-Auditing,Security,4625,An account failed to log on,EMPRESA,sqladmin,UNKNOWN,203.0.113.33,48367,3,C:\\Program Files\\Microsoft Defender\\MsMpEng.exe,0xC000006A,0xC0000064,Failed logon for EMPRESA\sqladmin from 203.0.113.33; possible brute force,1,brute_force_logon,Japan,Tokyo,35.35796,139.32637
2026-04-26 04:29:06,WIN-SRV-FILE01,Microsoft-Windows-Security-Auditing,Security,4624,An account was successfully logged on,EMPRESA,mgarcia,SRV-MON-001,172.16.20.118,54022,10,C:\\Windows\\System32\\winlogon.exe,0x0,0x0,Successful logon for EMPRESA\mgarcia from 172.16.20.118 using logon type 10,0,none,Internal,LAN,,
2026-04-26 04:29:37,WIN10-FIN-014,Microsoft-Windows-Security-Auditing,Security,4625,An account failed to log on,EMPRESA,backup,WIN-RDP,203.0.113.151,47572,3,C:\\Program Files\\Google\\Chrome\\Application\\chrome.exe,0xC000006A,0xC0000064,Failed logon for EMPRESA\backup from 203.0.113.151; possible brute force,1,brute_force_logon,Mexico,Mexico City,19.62016,-99.05306
2026-04-26 04:30:36,WIN-SRV-APP01,Microsoft-Windows-Security-Auditing,Security,4732,A member was added to a security-enabled local group,CORP,soporte,KALI,192.0.2.49,51080,10,C:\\Program Files\\Google\\Chrome\\Application\\chrome.exe,0x0,0x0,Account CORP\soporte added to local Administrators group from 192.0.2.49,1,admin_group_membership_added,Russia,Moscow,56.07065,37.50669
2026-04-26 04:31:26,WIN11-SEC-022,Microsoft-Windows-Security-Auditing,Security,4625,An account failed to log on,EMPRESA,oracle,KALI,198.51.100.243,22837,10,C:\\Windows\\System32\\svchost.exe,0xC000006D,0xC000006A,Failed logon for EMPRESA\oracle from 198.51.100.243; possible brute force,1,brute_force_logon,Germany,Frankfurt,50.07121,8.78237
2026-04-26 04:31:56,WIN-SRV-DC01,Microsoft-Windows-Security-Auditing,Security,4720,A user account was created,CORP,backup2,WIN-RDP,203.0.113.29,16009,2,C:\\Windows\\System32\\cmd.exe,0x0,0x0,Suspicious user account created: CORP\backup2 from 203.0.113.29,1,account_creation,Brazil,Sao Paulo,-23.34335,-46.18456
2026-04-26 04:32:14,WIN-SRV-FILE01,Microsoft-Windows-Security-Auditing,Security,4634,An account was logged off,LOCAL,dtorres,PC-OPS-014,192.168.1.170,52347,2,C:\\Windows\\System32\\cmd.exe,0x0,0x0,Logoff for LOCAL\dtorres from workstation PC-OPS-014,0,none,Internal,LAN,,
2026-04-26 04:32:24,WIN-SRV-DC01,Microsoft-Windows-Security-Auditing,Security,4624,An account was successfully logged on,EMPRESA,jperez,LAP-GER-003,192.168.1.171,57608,2,C:\\Program Files\\Microsoft Defender\\MsMpEng.exe,0x0,0x0,Successful logon for EMPRESA\jperez from 192.168.1.171 using logon type 2,0,none,Internal,LAN,,
2026-04-26 04:32:28,WIN-SRV-DC01,Microsoft-Windows-Security-Auditing,Security,4624,An account was successfully logged on,CORP,mgarcia,PC-FIN-001,172.16.20.162,59844,7,C:\\Windows\\System32\\svchost.exe,0x0,0x0,Successful logon for CORP\mgarcia from 172.16.20.162 using logon type 7,0,none,Internal,LAN,,
2026-04-26 04:32:32,WIN-SRV-FILE01,Microsoft-Windows-Security-Auditing,Security,4688,A new process has been created,EMPRESA,jperez,PC-OPS-014,172.16.20.50,59707,7,C:\\Windows\\System32\\svchost.exe,0x0,0x0,Process created by EMPRESA\jperez: C:\\Windows\\System32\\svchost.exe,0,none,Internal,LAN,,
2026-04-26 04:33:34,WIN10-FIN-014,Microsoft-Windows-Security-Auditing,Security,4688,A new process has been created,CORP,root,WIN-RDP,192.0.2.96,15375,2,"C:\\Windows\\System32\\rundll32.exe javascript:\\..\\mshtml,RunHTMLApplication",0x0,0x0,"Suspicious process execution by CORP\root: C:\\Windows\\System32\\rundll32.exe javascript:\\..\\mshtml,RunHTMLApplication",1,suspicious_process_execution,Chile,Santiago,-33.19825,-70.78694
2026-04-26 04:34:40,WIN11-SEC-022,Microsoft-Windows-Security-Auditing,Security,4688,A new process has been created,CORP,finanzas02,PC-RRHH-002,192.168.1.47,60809,10,C:\\Windows\\System32\\winlogon.exe,0x0,0x0,Process created by CORP\finanzas02: C:\\Windows\\System32\\winlogon.exe,0,none,Internal,LAN,,
2026-04-26 04:34:55,WIN10-FIN-014,Microsoft-Windows-Security-Auditing,Security,4624,An account was successfully logged on,LOCAL,jperez,PC-FIN-001,192.168.1.167,63490,2,C:\\Windows\\System32\\svchost.exe,0x0,0x0,Successful logon for LOCAL\jperez from 192.168.1.167 using logon type 2,0,none,Internal,LAN,,
2026-04-26 04:35:02,WIN10-FIN-014,Microsoft-Windows-Security-Auditing,Security,4624,An account was successfully logged on,LOCAL,crojas,PC-FIN-001,192.168.1.177,64670,3,C:\\Windows\\System32\\svchost.exe,0x0,0x0,Successful logon for LOCAL\crojas from 192.168.1.177 using logon type 3,0,none,Internal,LAN,,
2026-04-26 04:35:08,WIN-SRV-APP01,Microsoft-Windows-Security-Auditing,Security,4625,An account failed to log on,EMPRESA,soporte,ATTACKBOX,203.0.113.195,20091,3,C:\\Windows\\System32\\WindowsPowerShell\\v1.0\\powershell.exe,0xC000006A,0xC000006A,Failed logon for EMPRESA\soporte from 203.0.113.195; possible brute force,1,brute_force_logon,Brazil,Sao Paulo,-23.82723,-46.61013
2026-04-26 04:35:37,WIN-SRV-FILE01,Microsoft-Windows-Security-Auditing,Security,4625,An account failed to log on,LOCAL,oracle,WIN-RDP,192.0.2.245,34481,10,C:\\Windows\\System32\\lsass.exe,0xC000006A,0xC0000064,Failed logon for LOCAL\oracle from 192.0.2.245; possible brute force,1,brute_force_logon,Russia,Moscow,55.54274,37.7871
2026-04-26 04:35:53,WIN10-FIN-014,Microsoft-Windows-Security-Auditing,Security,4688,A new process has been created,CORP,soporte,ATTACKBOX,198.51.100.214,44355,7,C:\\Windows\\System32\\net.exe localgroup administrators soporte /add,0x0,0x0,Suspicious process execution by CORP\soporte: C:\\Windows\\System32\\net.exe localgroup administrators soporte /add,1,suspicious_process_execution,Brazil,Sao Paulo,-23.13258,-46.49663
2026-04-26 04:36:33,WIN11-SEC-022,Microsoft-Windows-Security-Auditing,Security,1102,The audit log was cleared,LOCAL,administrator,WIN-RDP,203.0.113.146,56065,7,C:\\Windows\\System32\\winlogon.exe,0x0,0x0,Security audit log cleared by LOCAL\administrator from 203.0.113.146,1,audit_log_cleared,Argentina,Buenos Aires,-34.18264,-58.3827
2026-04-26 04:36:39,WIN-SRV-APP01,Microsoft-Windows-Security-Auditing,Security,4732,A member was added to a security-enabled local group,LOCAL,guest,WIN-RDP,192.0.2.52,3987,2,C:\\Windows\\System32\\svchost.exe,0x0,0x0,Account LOCAL\guest added to local Administrators group from 192.0.2.52,1,admin_group_membership_added,Mexico,Mexico City,19.01204,-99.55156
2026-04-26 04:38:23,WIN-SRV-APP01,Microsoft-Windows-Security-Auditing,Security,4732,A member was added to a security-enabled local group,LOCAL,tempadmin,KALI,203.0.113.125,40705,3,C:\\Windows\\System32\\cmd.exe,0x0,0x0,Account LOCAL\tempadmin added to local Administrators group from 203.0.113.125,1,admin_group_membership_added,Germany,Frankfurt,49.74087,9.03566
2026-04-26 04:38:27,WIN-SRV-DC01,Microsoft-Windows-Security-Auditing,Security,4732,A member was added to a security-enabled local group,LOCAL,soporte,WIN-RDP,192.0.2.124,46058,10,C:\\Windows\\System32\\cmd.exe,0x0,0x0,Account LOCAL\soporte added to local Administrators group from 192.0.2.124,1,admin_group_membership_added,Mexico,Mexico City,19.17717,-99.42472
2026-04-26 04:38:45,WIN-SRV-APP01,Microsoft-Windows-Security-Auditing,Security,4624,An account was successfully logged on,EMPRESA,administrator,-,203.0.113.218,64887,10,C:\\Windows\\System32\\svchost.exe,0x0,0x0,Successful remote administrative logon for EMPRESA\administrator from external IP 203.0.113.218,1,suspicious_admin_logon,United States,New York,40.72184,-73.82564
2026-04-26 04:39:12,WIN10-FIN-014,Microsoft-Windows-Security-Auditing,Security,4634,An account was logged off,LOCAL,finanzas02,SRV-MON-001,172.16.20.116,55150,10,C:\\Program Files\\Google\\Chrome\\Application\\chrome.exe,0x0,0x0,Logoff for LOCAL\finanzas02 from workstation SRV-MON-001,0,none,Internal,LAN,,
2026-04-26 04:40:20,WIN-SRV-DC01,Microsoft-Windows-Security-Auditing,Security,4625,An account failed to log on,EMPRESA,sqladmin,-,192.0.2.131,12287,3,C:\\Windows\\System32\\cmd.exe,0xC000006D,0xC000006A,Failed logon from 192.0.2.131 against multiple users; possible password spray,1,password_spray,Australia,Sydney,-33.95754,151.64986
2026-04-26 04:41:04,WIN11-SEC-022,Microsoft-Windows-Security-Auditing,Security,4688,A new process has been created,CORP,root,ATTACKBOX,203.0.113.7,37353,3,C:\\Windows\\System32\\WindowsPowerShell\\v1.0\\powershell.exe -enc JABXAGMAbABpAGUAbgB0,0x0,0x0,Suspicious process execution by CORP\root: C:\\Windows\\System32\\WindowsPowerShell\\v1.0\\powershell.exe -enc JABXAGMAbABpAGUAbgB0,1,suspicious_process_execution,South Africa,Johannesburg,-26.22808,28.2945
2026-04-26 04:41:32,WIN-SRV-APP01,Microsoft-Windows-Security-Auditing,Security,4625,An account failed to log on,LOCAL,oracle,ATTACKBOX,198.51.100.177,9156,10,C:\\Program Files\\Microsoft Defender\\MsMpEng.exe,0xC000006A,0xC0000064,Failed logon for LOCAL\oracle from 198.51.100.177; possible brute force,1,brute_force_logon,United States,New York,40.27469,-73.85348
2026-04-26 04:41:46,WIN11-SEC-022,Microsoft-Windows-Security-Auditing,Security,4648,A logon was attempted using explicit credentials,LOCAL,alopez,PC-OPS-014,172.16.20.168,64707,10,C:\\Windows\\System32\\WindowsPowerShell\\v1.0\\powershell.exe,0x0,0x0,Explicit credentials used by LOCAL\alopez from PC-OPS-014,0,none,Internal,LAN,,
2026-04-26 04:41:49,WIN-SRV-FILE01,Microsoft-Windows-Security-Auditing,Security,4672,Special privileges assigned to new logon,EMPRESA,soporte,UNKNOWN,203.0.113.178,9725,7,C:\\Windows\\System32\\WindowsPowerShell\\v1.0\\powershell.exe,0x0,0x0,Special privileges assigned to suspicious account EMPRESA\soporte from 203.0.113.178,1,privilege_escalation,United States,New York,40.53994,-73.67103
2026-04-26 04:42:00,WIN-SRV-FILE01,Microsoft-Windows-Security-Auditing,Security,4634,An account was logged off,LOCAL,helpdesk01,LAP-GER-003,172.16.20.37,62694,3,C:\\Windows\\System32\\svchost.exe,0x0,0x0,Logoff for LOCAL\helpdesk01 from workstation LAP-GER-003,0,none,Internal,LAN,,
2026-04-26 04:43:15,WIN-SRV-APP01,Microsoft-Windows-Security-Auditing,Security,4732,A member was added to a security-enabled local group,CORP,guest,KALI,198.51.100.74,31243,7,C:\\Windows\\System32\\WindowsPowerShell\\v1.0\\powershell.exe,0x0,0x0,Account CORP\guest added to local Administrators group from 198.51.100.74,1,admin_group_membership_added,Mexico,Mexico City,19.88119,-98.99814
2026-04-26 04:43:24,WIN10-FIN-014,Microsoft-Windows-Security-Auditing,Security,4625,An account failed to log on,EMPRESA,sqladmin,UNKNOWN,198.51.100.51,9374,3,C:\\Program Files\\Google\\Chrome\\Application\\chrome.exe,0xC000006A,0xC000006A,Failed logon for EMPRESA\sqladmin from 198.51.100.51; possible brute force,1,brute_force_logon,Spain,Madrid,40.45196,-3.74189
2026-04-26 04:43:26,WIN-SRV-FILE01,Microsoft-Windows-Security-Auditing,Security,1102,The audit log was cleared,LOCAL,admin,-,198.51.100.6,37623,10,C:\\Windows\\System32\\winlogon.exe,0x0,0x0,Security audit log cleared by LOCAL\admin from 198.51.100.6,1,audit_log_cleared,India,Mumbai,19.29752,73.1146
2026-04-26 04:43:47,WIN-SRV-DC01,Microsoft-Windows-Security-Auditing,Security,4688,A new process has been created,LOCAL,svc_monitor,PC-OPS-014,192.168.1.70,61286,10,C:\\Windows\\System32\\lsass.exe,0x0,0x0,Process created by LOCAL\svc_monitor: C:\\Windows\\System32\\lsass.exe,0,none,Internal,LAN,,
2026-04-26 04:44:24,WIN11-SEC-022,Microsoft-Windows-Security-Auditing,Security,4624,An account was successfully logged on,CORP,admin.ops,WIN-RDP,198.51.100.226,51564,10,C:\\Windows\\System32\\svchost.exe,0x0,0x0,Successful remote administrative logon for CORP\admin.ops from external IP 198.51.100.226,1,suspicious_admin_logon,China,Shanghai,31.36454,121.33209
2026-04-26 04:45:10,WIN-SRV-DC01,Microsoft-Windows-Security-Auditing,Security,4625,An account failed to log on,CORP,administrator,WIN-RDP,192.0.2.3,19715,3,C:\\Windows\\System32\\winlogon.exe,0xC000006A,0xC000006A,Failed logon for CORP\administrator from 192.0.2.3; possible brute force,1,brute_force_logon,Mexico,Mexico City,19.44414,-99.10054
2026-04-26 04:46:27,WIN-SRV-FILE01,Microsoft-Windows-Security-Auditing,Security,4634,An account was logged off,EMPRESA,analista01,PC-FIN-001,172.16.20.2,57323,7,C:\\Program Files\\Microsoft Defender\\MsMpEng.exe,0x0,0x0,Logoff for EMPRESA\analista01 from workstation PC-FIN-001,0,none,Internal,LAN,,
2026-04-26 04:46:34,WIN11-SEC-022,Microsoft-Windows-Security-Auditing,Security,4688,A new process has been created,CORP,admin,-,198.51.100.186,20058,3,C:\\Windows\\System32\\net.exe localgroup administrators soporte /add,0x0,0x0,Suspicious process execution by CORP\admin: C:\\Windows\\System32\\net.exe localgroup administrators soporte /add,1,suspicious_process_execution,India,Mumbai,18.86855,73.23294
2026-04-26 04:46:51,WIN-SRV-DC01,Microsoft-Windows-Security-Auditing,Security,4625,An account failed to log on,CORP,usuario,ATTACKBOX,198.51.100.121,17952,3,C:\\Program Files\\Google\\Chrome\\Application\\chrome.exe,0xC000006D,0xC000006A,Failed logon from 198.51.100.121 against multiple users; possible password spray,1,password_spray,Spain,Madrid,40.17406,-3.3744
2026-04-26 04:47:07,WIN-SRV-FILE01,Microsoft-Windows-Security-Auditing,Security,4624,An account was successfully logged on,EMPRESA,analista01,LAP-GER-003,192.168.1.79,59678,7,C:\\Program Files\\Google\\Chrome\\Application\\chrome.exe,0x0,0x0,Successful logon for EMPRESA\analista01 from 192.168.1.79 using logon type 7,0,none,Internal,LAN,,
2026-04-26 04:47:21,WIN11-SEC-022,Microsoft-Windows-Security-Auditing,Security,4634,An account was logged off,LOCAL,helpdesk01,LAP-GER-003,10.10.143.236,58353,10,C:\\Windows\\System32\\WindowsPowerShell\\v1.0\\powershell.exe,0x0,0x0,Logoff for LOCAL\helpdesk01 from workstation LAP-GER-003,0,none,Internal,LAN,,
2026-04-26 04:47:40,WIN-SRV-FILE01,Microsoft-Windows-Security-Auditing,Security,4625,An account failed to log on,EMPRESA,soporte,KALI,198.51.100.129,15660,3,C:\\Windows\\System32\\lsass.exe,0xC000006D,0xC000006A,Failed logon from 198.51.100.129 against multiple users; possible password spray,1,password_spray,Spain,Madrid,40.25355,-3.9698
2026-04-26 04:47:44,WIN10-FIN-014,Microsoft-Windows-Security-Auditing,Security,4625,An account failed to log on,EMPRESA,guest,UNKNOWN,203.0.113.174,51937,10,C:\\Windows\\System32\\winlogon.exe,0xC000006A,0xC000006A,Failed logon for EMPRESA\guest from 203.0.113.174; possible brute force,1,brute_force_logon,Spain,Madrid,40.19736,-4.01374
2026-04-26 04:47:53,WIN10-FIN-014,Microsoft-Windows-Security-Auditing,Security,4625,An account failed to log on,CORP,test,-,203.0.113.16,28329,10,C:\\Program Files\\Google\\Chrome\\Application\\chrome.exe,0xC000006A,0xC0000064,Failed logon for CORP\test from 203.0.113.16; possible brute force,1,brute_force_logon,Peru,Lima,-12.28139,-77.05113
2026-04-26 04:48:02,WIN-SRV-APP01,Microsoft-Windows-Security-Auditing,Security,4634,An account was logged off,EMPRESA,helpdesk01,PC-OPS-014,192.168.1.74,59405,10,C:\\Windows\\System32\\winlogon.exe,0x0,0x0,Logoff for EMPRESA\helpdesk01 from workstation PC-OPS-014,0,none,Internal,LAN,,
2026-04-26 04:48:02,WIN-SRV-FILE01,Microsoft-Windows-Security-Auditing,Security,4625,An account failed to log on,EMPRESA,soporte,ATTACKBOX,203.0.113.38,24953,3,C:\\Program Files\\Microsoft Defender\\MsMpEng.exe,0xC000006D,0xC000006A,Failed logon for EMPRESA\soporte from 203.0.113.38; possible brute force,1,brute_force_logon,Australia,Sydney,-33.84231,151.2723
2026-04-26 04:48:11,WIN-SRV-FILE01,Microsoft-Windows-Security-Auditing,Security,4625,An account failed to log on,LOCAL,oracle,WIN-RDP,198.51.100.71,22046,10,C:\\Windows\\System32\\svchost.exe,0xC000006A,0xC0000064,Failed logon for LOCAL\oracle from 198.51.100.71; possible brute force,1,brute_force_logon,Germany,Frankfurt,50.46594,8.8928
2026-04-26 04:48:29,WIN-SRV-FILE01,Microsoft-Windows-Security-Auditing,Security,4672,Special privileges assigned to new logon,CORP,administrator,UNKNOWN,198.51.100.88,7680,3,C:\\Windows\\System32\\WindowsPowerShell\\v1.0\\powershell.exe,0x0,0x0,Special privileges assigned to suspicious account CORP\administrator from 198.51.100.88,1,privilege_escalation,Germany,Frankfurt,49.68404,8.73714
2026-04-26 04:48:34,WIN11-SEC-022,Microsoft-Windows-Security-Auditing,Security,4624,An account was successfully logged on,EMPRESA,analista01,PC-OPS-014,172.16.20.130,53234,2,C:\\Windows\\System32\\winlogon.exe,0x0,0x0,Successful logon for EMPRESA\analista01 from 172.16.20.130 using logon type 2,0,none,Internal,LAN,,
2026-04-26 04:48:53,WIN-SRV-FILE01,Microsoft-Windows-Security-Auditing,Security,4634,An account was logged off,EMPRESA,jperez,PC-RRHH-002,192.168.1.90,63960,2,C:\\Program Files\\Google\\Chrome\\Application\\chrome.exe,0x0,0x0,Logoff for EMPRESA\jperez from workstation PC-RRHH-002,0,none,Internal,LAN,,
2026-04-26 04:49:02,WIN-SRV-DC01,Microsoft-Windows-Security-Auditing,Security,4688,A new process has been created,LOCAL,analista01,PC-OPS-014,10.10.65.65,51640,2,C:\\Windows\\System32\\WindowsPowerShell\\v1.0\\powershell.exe,0x0,0x0,Process created by LOCAL\analista01: C:\\Windows\\System32\\WindowsPowerShell\\v1.0\\powershell.exe,0,none,Internal,LAN,,
2026-04-26 04:49:17,WIN-SRV-FILE01,Microsoft-Windows-Security-Auditing,Security,4625,An account failed to log on,EMPRESA,soporte,-,203.0.113.69,4195,3,C:\\Windows\\System32\\winlogon.exe,0xC000006D,0xC0000064,Failed logon for EMPRESA\soporte from 203.0.113.69; possible brute force,1,brute_force_logon,China,Shanghai,30.90759,121.08152
2026-04-26 04:49:26,WIN10-FIN-014,Microsoft-Windows-Security-Auditing,Security,4624,An account was successfully logged on,LOCAL,dtorres,SRV-MON-001,172.16.20.136,57636,3,C:\\Windows\\System32\\cmd.exe,0x0,0x0,Successful logon for LOCAL\dtorres from 172.16.20.136 using logon type 3,0,none,Internal,LAN,,
2026-04-26 04:49:42,WIN-SRV-FILE01,Microsoft-Windows-Security-Auditing,Security,4625,An account failed to log on,CORP,root,WIN-RDP,192.0.2.45,44827,3,C:\\Windows\\System32\\cmd.exe,0xC000006D,0xC000006A,Failed logon from 192.0.2.45 against multiple users; possible password spray,1,password_spray,India,Mumbai,18.64138,72.92183
2026-04-26 04:50:08,WIN10-FIN-014,Microsoft-Windows-Security-Auditing,Security,4624,An account was successfully logged on,LOCAL,lcastro,PC-OPS-014,172.16.20.63,53333,2,C:\\Windows\\System32\\cmd.exe,0x0,0x0,Successful logon for LOCAL\lcastro from 172.16.20.63 using logon type 2,0,none,Internal,LAN,,
2026-04-26 04:51:22,WIN-SRV-FILE01,Microsoft-Windows-Security-Auditing,Security,4672,Special privileges assigned to new logon,EMPRESA,administrator,ATTACKBOX,203.0.113.139,58842,10,C:\\Windows\\System32\\cmd.exe,0x0,0x0,Special privileges assigned to suspicious account EMPRESA\administrator from 203.0.113.139,1,privilege_escalation,China,Shanghai,31.09353,121.6957
2026-04-26 04:52:48,WIN-SRV-APP01,Microsoft-Windows-Security-Auditing,Security,4720,A user account was created,EMPRESA,soporte2,UNKNOWN,192.0.2.208,8955,3,C:\\Program Files\\Google\\Chrome\\Application\\chrome.exe,0x0,0x0,Suspicious user account created: EMPRESA\soporte2 from 192.0.2.208,1,account_creation,Chile,Santiago,-33.49957,-70.71319
2026-04-26 04:53:21,WIN11-SEC-022,Microsoft-Windows-Security-Auditing,Security,4625,An account failed to log on,LOCAL,usuario,KALI,198.51.100.224,25865,3,C:\\Windows\\System32\\lsass.exe,0xC000006D,0xC0000064,Failed logon for LOCAL\usuario from 198.51.100.224; possible brute force,1,brute_force_logon,Australia,Sydney,-33.70407,151.27812
2026-04-26 04:53:27,WIN-SRV-APP01,Microsoft-Windows-Security-Auditing,Security,4720,A user account was created,LOCAL,backup2,ATTACKBOX,192.0.2.138,62735,2,C:\\Windows\\System32\\winlogon.exe,0x0,0x0,Suspicious user account created: LOCAL\backup2 from 192.0.2.138,1,account_creation,Netherlands,Amsterdam,52.06523,4.53319
2026-04-26 04:54:08,WIN10-FIN-014,Microsoft-Windows-Security-Auditing,Security,4625,An account failed to log on,CORP,root,WIN-RDP,192.0.2.166,2262,10,C:\\Windows\\System32\\WindowsPowerShell\\v1.0\\powershell.exe,0xC000006A,0xC000006A,Failed logon for CORP\root from 192.0.2.166; possible brute force,1,brute_force_logon,China,Shanghai,31.10626,121.4875
2026-04-26 04:54:08,WIN10-FIN-014,Microsoft-Windows-Security-Auditing,Security,4624,An account was successfully logged on,LOCAL,admin.ops,WIN-RDP,192.0.2.68,63145,3,C:\\Program Files\\Microsoft Defender\\MsMpEng.exe,0x0,0x0,Successful remote administrative logon for LOCAL\admin.ops from external IP 192.0.2.68,1,suspicious_admin_logon,South Africa,Johannesburg,-26.47423,28.08232
2026-04-26 04:54:32,WIN-SRV-APP01,Microsoft-Windows-Security-Auditing,Security,4720,A user account was created,CORP,soporte2,UNKNOWN,192.0.2.133,64636,7,C:\\Program Files\\Google\\Chrome\\Application\\chrome.exe,0x0,0x0,Suspicious user account created: CORP\soporte2 from 192.0.2.133,1,account_creation,Japan,Tokyo,36.03523,139.24308
2026-04-26 04:54:39,WIN10-FIN-014,Microsoft-Windows-Security-Auditing,Security,4688,A new process has been created,EMPRESA,administrator,UNKNOWN,203.0.113.4,15647,3,C:\\Windows\\Temp\\update.exe,0x0,0x0,Suspicious process execution by EMPRESA\administrator: C:\\Windows\\Temp\\update.exe,1,suspicious_process_execution,China,Shanghai,30.79695,121.25731
2026-04-26 04:54:55,WIN-SRV-APP01,Microsoft-Windows-Security-Auditing,Security,4624,An account was successfully logged on,LOCAL,jperez,PC-OPS-014,172.16.20.226,54763,7,C:\\Program Files\\Microsoft Defender\\MsMpEng.exe,0x0,0x0,Successful logon for LOCAL\jperez from 172.16.20.226 using logon type 7,0,none,Internal,LAN,,
2026-04-26 04:55:13,WIN-SRV-FILE01,Microsoft-Windows-Security-Auditing,Security,4720,A user account was created,LOCAL,soporte2,-,192.0.2.109,52583,2,C:\\Program Files\\Google\\Chrome\\Application\\chrome.exe,0x0,0x0,Suspicious user account created: LOCAL\soporte2 from 192.0.2.109,1,account_creation,Spain,Madrid,40.80443,-3.8124
2026-04-26 04:55:16,WIN11-SEC-022,Microsoft-Windows-Security-Auditing,Security,4726,A user account was deleted,CORP,helpdesk01,WIN-RDP,198.51.100.203,9419,2,C:\\Program Files\\Microsoft Defender\\MsMpEng.exe,0x0,0x0,User account deleted unexpectedly: CORP\helpdesk01 from 198.51.100.203,1,account_deleted,Netherlands,Amsterdam,52.29507,5.34961
2026-04-26 04:55:49,WIN-SRV-FILE01,Microsoft-Windows-Security-Auditing,Security,4688,A new process has been created,EMPRESA,svc_backup,PC-RRHH-002,10.10.197.197,57560,2,C:\\Windows\\System32\\WindowsPowerShell\\v1.0\\powershell.exe,0x0,0x0,Process created by EMPRESA\svc_backup: C:\\Windows\\System32\\WindowsPowerShell\\v1.0\\powershell.exe,0,none,Internal,LAN,,
2026-04-26 04:56:15,WIN10-FIN-014,Microsoft-Windows-Security-Auditing,Security,4648,A logon was attempted using explicit credentials,LOCAL,administrator,ATTACKBOX,198.51.100.44,51858,3,C:\\Program Files\\Microsoft Defender\\MsMpEng.exe,0x0,0x0,Explicit credentials used suspiciously by LOCAL\administrator from 198.51.100.44,1,explicit_credentials_abuse,China,Shanghai,30.85916,121.66034
2026-04-26 04:56:29,WIN10-FIN-014,Microsoft-Windows-Security-Auditing,Security,4688,A new process has been created,CORP,test,WIN-RDP,203.0.113.82,6875,2,C:\\Windows\\System32\\net.exe localgroup administrators soporte /add,0x0,0x0,Suspicious process execution by CORP\test: C:\\Windows\\System32\\net.exe localgroup administrators soporte /add,1,suspicious_process_execution,Russia,Moscow,56.11222,37.23925
2026-04-26 04:56:47,WIN-SRV-APP01,Microsoft-Windows-Security-Auditing,Security,4624,An account was successfully logged on,CORP,admin.ops,UNKNOWN,203.0.113.94,20633,3,C:\\Program Files\\Microsoft Defender\\MsMpEng.exe,0x0,0x0,Successful remote administrative logon for CORP\admin.ops from external IP 203.0.113.94,1,suspicious_admin_logon,Japan,Tokyo,35.3473,139.50588
2026-04-26 04:56:51,WIN-SRV-APP01,Microsoft-Windows-Security-Auditing,Security,4624,An account was successfully logged on,CORP,domain.admin,UNKNOWN,192.0.2.33,15097,10,C:\\Windows\\System32\\winlogon.exe,0x0,0x0,Successful remote administrative logon for CORP\domain.admin from external IP 192.0.2.33,1,suspicious_admin_logon,Brazil,Sao Paulo,-23.15003,-46.89255
2026-04-26 04:57:00,WIN-SRV-DC01,Microsoft-Windows-Security-Auditing,Security,4625,An account failed to log on,CORP,admin,WIN-RDP,198.51.100.192,6872,3,C:\\Program Files\\Microsoft Defender\\MsMpEng.exe,0xC000006A,0xC000006A,Failed logon for CORP\admin from 198.51.100.192; possible brute force,1,brute_force_logon,India,Mumbai,18.7932,72.75723
2026-04-26 04:57:14,WIN-SRV-DC01,Microsoft-Windows-Security-Auditing,Security,4625,An account failed to log on,EMPRESA,test,ATTACKBOX,192.0.2.182,59567,10,C:\\Windows\\System32\\WindowsPowerShell\\v1.0\\powershell.exe,0xC000006A,0xC0000064,Failed logon for EMPRESA\test from 192.0.2.182; possible brute force,1,brute_force_logon,Spain,Madrid,40.12442,-3.96819
2026-04-26 04:57:17,WIN-SRV-DC01,Microsoft-Windows-Security-Auditing,Security,4624,An account was successfully logged on,EMPRESA,lcastro,PC-RRHH-002,172.16.20.127,58909,3,C:\\Windows\\System32\\svchost.exe,0x0,0x0,Successful logon for EMPRESA\lcastro from 172.16.20.127 using logon type 3,0,none,Internal,LAN,,
2026-04-26 04:57:24,WIN-SRV-APP01,Microsoft-Windows-Security-Auditing,Security,4720,A user account was created,EMPRESA,backup2,UNKNOWN,192.0.2.142,37546,2,C:\\Windows\\System32\\svchost.exe,0x0,0x0,Suspicious user account created: EMPRESA\backup2 from 192.0.2.142,1,account_creation,South Africa,Johannesburg,-26.2979,27.96376
2026-04-26 04:58:21,WIN10-FIN-014,Microsoft-Windows-Security-Auditing,Security,4624,An account was successfully logged on,CORP,crojas,SRV-MON-001,192.168.1.92,64955,2,C:\\Windows\\System32\\winlogon.exe,0x0,0x0,Successful logon for CORP\crojas from 192.168.1.92 using logon type 2,0,none,Internal,LAN,,
2026-04-26 04:58:21,WIN-SRV-APP01,Microsoft-Windows-Security-Auditing,Security,4634,An account was logged off,LOCAL,analista01,LAP-GER-003,10.10.138.149,57610,3,C:\\Windows\\System32\\winlogon.exe,0x0,0x0,Logoff for LOCAL\analista01 from workstation LAP-GER-003,0,none,Internal,LAN,,
2026-04-26 04:59:21,WIN10-FIN-014,Microsoft-Windows-Security-Auditing,Security,4625,An account failed to log on,CORP,oracle,UNKNOWN,198.51.100.137,31705,3,C:\\Windows\\System32\\svchost.exe,0xC000006D,0xC000006A,Failed logon for CORP\oracle from 198.51.100.137; possible brute force,1,brute_force_logon,Germany,Frankfurt,50.54746,8.29861
2026-04-26 04:59:34,WIN-SRV-FILE01,Microsoft-Windows-Security-Auditing,Security,4625,An account failed to log on,EMPRESA,usuario,ATTACKBOX,198.51.100.162,48176,3,C:\\Windows\\System32\\lsass.exe,0xC000006D,0xC000006A,Failed logon from 198.51.100.162 against multiple users; possible password spray,1,password_spray,Chile,Santiago,-33.47766,-71.05035
2026-04-26 04:59:41,WIN11-SEC-022,Microsoft-Windows-Security-Auditing,Security,4672,Special privileges assigned to new logon,EMPRESA,administrator,WIN-RDP,203.0.113.8,16364,10,C:\\Windows\\System32\\svchost.exe,0x0,0x0,Special privileges assigned to suspicious account EMPRESA\administrator from 203.0.113.8,1,privilege_escalation,Peru,Lima,-12.4475,-76.94038
2026-04-26 05:00:01,WIN10-FIN-014,Microsoft-Windows-Security-Auditing,Security,4624,An account was successfully logged on,EMPRESA,admin.ops,LAP-GER-003,172.16.20.84,62962,3,C:\\Program Files\\Microsoft Defender\\MsMpEng.exe,0x0,0x0,Successful logon for EMPRESA\admin.ops from 172.16.20.84 using logon type 3,0,none,Internal,LAN,,
2026-04-26 05:00:29,WIN10-FIN-014,Microsoft-Windows-Security-Auditing,Security,4624,An account was successfully logged on,LOCAL,lcastro,LAP-GER-003,10.10.241.151,59598,2,C:\\Windows\\System32\\svchost.exe,0x0,0x0,Successful logon for LOCAL\lcastro from 10.10.241.151 using logon type 2,0,none,Internal,LAN,,
2026-04-26 05:01:02,WIN-SRV-FILE01,Microsoft-Windows-Security-Auditing,Security,4634,An account was logged off,LOCAL,crojas,PC-RRHH-002,192.168.1.136,56311,2,C:\\Program Files\\Microsoft Defender\\MsMpEng.exe,0x0,0x0,Logoff for LOCAL\crojas from workstation PC-RRHH-002,0,none,Internal,LAN,,
2026-04-26 05:01:51,WIN-SRV-APP01,Microsoft-Windows-Security-Auditing,Security,4634,An account was logged off,EMPRESA,svc_backup,PC-FIN-001,10.10.167.64,59659,10,C:\\Windows\\System32\\svchost.exe,0x0,0x0,Logoff for EMPRESA\svc_backup from workstation PC-FIN-001,0,none,Internal,LAN,,
2026-04-26 05:01:55,WIN11-SEC-022,Microsoft-Windows-Security-Auditing,Security,4688,A new process has been created,EMPRESA,analista01,PC-FIN-001,172.16.20.30,64414,10,C:\\Windows\\System32\\lsass.exe,0x0,0x0,Process created by EMPRESA\analista01: C:\\Windows\\System32\\lsass.exe,0,none,Internal,LAN,,
2026-04-26 05:02:06,WIN11-SEC-022,Microsoft-Windows-Security-Auditing,Security,4634,An account was logged off,EMPRESA,analista01,LAP-GER-003,172.16.20.18,54298,7,C:\\Windows\\System32\\lsass.exe,0x0,0x0,Logoff for EMPRESA\analista01 from workstation LAP-GER-003,0,none,Internal,LAN,,
2026-04-26 05:04:20,WIN-SRV-DC01,Microsoft-Windows-Security-Auditing,Security,4634,An account was logged off,CORP,alopez,PC-OPS-014,10.10.42.209,62595,7,C:\\Windows\\System32\\winlogon.exe,0x0,0x0,Logoff for CORP\alopez from workstation PC-OPS-014,0,none,Internal,LAN,,
2026-04-26 05:04:45,WIN-SRV-DC01,Microsoft-Windows-Security-Auditing,Security,4688,A new process has been created,LOCAL,mgarcia,PC-RRHH-002,10.10.173.226,52490,3,C:\\Windows\\System32\\cmd.exe,0x0,0x0,Process created by LOCAL\mgarcia: C:\\Windows\\System32\\cmd.exe,0,none,Internal,LAN,,
2026-04-26 05:11:05,WIN11-SEC-022,Microsoft-Windows-Security-Auditing,Security,4624,An account was successfully logged on,CORP,analista01,PC-FIN-001,192.168.1.40,64979,2,C:\\Windows\\System32\\winlogon.exe,0x0,0x0,Successful logon for CORP\analista01 from 192.168.1.40 using logon type 2,0,none,Internal,LAN,,
2026-04-26 05:12:40,WIN10-FIN-014,Microsoft-Windows-Security-Auditing,Security,4688,A new process has been created,LOCAL,alopez,LAP-GER-003,172.16.20.90,62734,3,C:\\Windows\\System32\\WindowsPowerShell\\v1.0\\powershell.exe,0x0,0x0,Process created by LOCAL\alopez: C:\\Windows\\System32\\WindowsPowerShell\\v1.0\\powershell.exe,0,none,Internal,LAN,,
2026-04-26 05:13:22,WIN-SRV-DC01,Microsoft-Windows-Security-Auditing,Security,4624,An account was successfully logged on,CORP,svc_monitor,PC-FIN-001,192.168.1.104,63060,7,C:\\Program Files\\Microsoft Defender\\MsMpEng.exe,0x0,0x0,Successful logon for CORP\svc_monitor from 192.168.1.104 using logon type 7,0,none,Internal,LAN,,
2026-04-26 05:15:19,WIN-SRV-DC01,Microsoft-Windows-Security-Auditing,Security,4624,An account was successfully logged on,EMPRESA,finanzas02,PC-OPS-014,10.10.235.65,62700,2,C:\\Windows\\System32\\WindowsPowerShell\\v1.0\\powershell.exe,0x0,0x0,Successful logon for EMPRESA\finanzas02 from 10.10.235.65 using logon type 2,0,none,Internal,LAN,,
2026-04-26 05:15:30,WIN-SRV-FILE01,Microsoft-Windows-Security-Auditing,Security,4634,An account was logged off,CORP,analista01,PC-RRHH-002,192.168.1.185,57634,10,C:\\Windows\\System32\\lsass.exe,0x0,0x0,Logoff for CORP\analista01 from workstation PC-RRHH-002,0,none,Internal,LAN,,
2026-04-26 05:17:16,WIN10-FIN-014,Microsoft-Windows-Security-Auditing,Security,4634,An account was logged off,LOCAL,finanzas02,PC-RRHH-002,10.10.170.55,53828,2,C:\\Windows\\System32\\WindowsPowerShell\\v1.0\\powershell.exe,0x0,0x0,Logoff for LOCAL\finanzas02 from workstation PC-RRHH-002,0,none,Internal,LAN,,
2026-04-26 05:19:06,WIN-SRV-APP01,Microsoft-Windows-Security-Auditing,Security,4634,An account was logged off,CORP,svc_monitor,SRV-MON-001,10.10.57.106,50692,7,C:\\Windows\\System32\\cmd.exe,0x0,0x0,Logoff for CORP\svc_monitor from workstation SRV-MON-001,0,none,Internal,LAN,,
2026-04-26 05:19:58,WIN-SRV-FILE01,Microsoft-Windows-Security-Auditing,Security,4624,An account was successfully logged on,CORP,crojas,SRV-MON-001,172.16.20.49,58335,2,C:\\Windows\\System32\\winlogon.exe,0x0,0x0,Successful logon for CORP\crojas from 172.16.20.49 using logon type 2,0,none,Internal,LAN,,
2026-04-26 05:20:45,WIN-SRV-DC01,Microsoft-Windows-Security-Auditing,Security,4634,An account was logged off,LOCAL,crojas,SRV-MON-001,172.16.20.147,50614,10,C:\\Program Files\\Microsoft Defender\\MsMpEng.exe,0x0,0x0,Logoff for LOCAL\crojas from workstation SRV-MON-001,0,none,Internal,LAN,,
2026-04-26 05:21:14,WIN-SRV-FILE01,Microsoft-Windows-Security-Auditing,Security,4624,An account was successfully logged on,EMPRESA,mgarcia,PC-OPS-014,172.16.20.87,63996,7,C:\\Windows\\System32\\winlogon.exe,0x0,0x0,Successful logon for EMPRESA\mgarcia from 172.16.20.87 using logon type 7,0,none,Internal,LAN,,
2026-04-26 05:22:01,WIN-SRV-DC01,Microsoft-Windows-Security-Auditing,Security,4624,An account was successfully logged on,CORP,svc_monitor,LAP-GER-003,172.16.20.90,60563,7,C:\\Windows\\System32\\cmd.exe,0x0,0x0,Successful logon for CORP\svc_monitor from 172.16.20.90 using logon type 7,0,none,Internal,LAN,,
2026-04-26 05:22:04,WIN-SRV-FILE01,Microsoft-Windows-Security-Auditing,Security,4624,An account was successfully logged on,EMPRESA,crojas,PC-RRHH-002,10.10.125.22,61166,3,C:\\Windows\\System32\\WindowsPowerShell\\v1.0\\powershell.exe,0x0,0x0,Successful logon for EMPRESA\crojas from 10.10.125.22 using logon type 3,0,none,Internal,LAN,,
2026-04-26 05:22:42,WIN-SRV-DC01,Microsoft-Windows-Security-Auditing,Security,4634,An account was logged off,CORP,analista01,LAP-GER-003,172.16.20.233,54170,10,C:\\Windows\\System32\\cmd.exe,0x0,0x0,Logoff for CORP\analista01 from workstation LAP-GER-003,0,none,Internal,LAN,,
2026-04-26 05:23:51,WIN11-SEC-022,Microsoft-Windows-Security-Auditing,Security,4634,An account was logged off,LOCAL,svc_monitor,PC-OPS-014,172.16.20.129,50539,2,C:\\Windows\\System32\\lsass.exe,0x0,0x0,Logoff for LOCAL\svc_monitor from workstation PC-OPS-014,0,none,Internal,LAN,,
2026-04-26 05:30:57,WIN10-FIN-014,Microsoft-Windows-Security-Auditing,Security,4624,An account was successfully logged on,LOCAL,admin.ops,PC-FIN-001,172.16.20.57,54586,7,C:\\Program Files\\Microsoft Defender\\MsMpEng.exe,0x0,0x0,Successful logon for LOCAL\admin.ops from 172.16.20.57 using logon type 7,0,none,Internal,LAN,,
2026-04-26 05:30:59,WIN-SRV-FILE01,Microsoft-Windows-Security-Auditing,Security,4624,An account was successfully logged on,CORP,finanzas02,SRV-MON-001,172.16.20.107,50674,7,C:\\Windows\\System32\\svchost.exe,0x0,0x0,Successful logon for CORP\finanzas02 from 172.16.20.107 using logon type 7,0,none,Internal,LAN,,
2026-04-26 05:31:47,WIN-SRV-APP01,Microsoft-Windows-Security-Auditing,Security,4688,A new process has been created,LOCAL,svc_backup,SRV-MON-001,10.10.142.134,55667,10,C:\\Windows\\System32\\WindowsPowerShell\\v1.0\\powershell.exe,0x0,0x0,Process created by LOCAL\svc_backup: C:\\Windows\\System32\\WindowsPowerShell\\v1.0\\powershell.exe,0,none,Internal,LAN,,
2026-04-26 05:33:44,WIN11-SEC-022,Microsoft-Windows-Security-Auditing,Security,4624,An account was successfully logged on,LOCAL,jperez,PC-RRHH-002,172.16.20.44,61898,7,C:\\Windows\\System32\\cmd.exe,0x0,0x0,Successful logon for LOCAL\jperez from 172.16.20.44 using logon type 7,0,none,Internal,LAN,,
2026-04-26 05:37:27,WIN-SRV-FILE01,Microsoft-Windows-Security-Auditing,Security,4624,An account was successfully logged on,CORP,alopez,PC-RRHH-002,172.16.20.239,58397,2,C:\\Windows\\System32\\winlogon.exe,0x0,0x0,Successful logon for CORP\alopez from 172.16.20.239 using logon type 2,0,none,Internal,LAN,,
2026-04-26 05:38:35,WIN-SRV-DC01,Microsoft-Windows-Security-Auditing,Security,4688,A new process has been created,CORP,crojas,PC-FIN-001,192.168.1.42,58264,2,C:\\Program Files\\Microsoft Defender\\MsMpEng.exe,0x0,0x0,Process created by CORP\crojas: C:\\Program Files\\Microsoft Defender\\MsMpEng.exe,0,none,Internal,LAN,,
2026-04-26 05:38:58,WIN-SRV-DC01,Microsoft-Windows-Security-Auditing,Security,4688,A new process has been created,CORP,mgarcia,PC-FIN-001,172.16.20.61,58495,3,C:\\Windows\\System32\\svchost.exe,0x0,0x0,Process created by CORP\mgarcia: C:\\Windows\\System32\\svchost.exe,0,none,Internal,LAN,,
2026-04-26 05:39:19,WIN11-SEC-022,Microsoft-Windows-Security-Auditing,Security,4688,A new process has been created,CORP,admin.ops,LAP-GER-003,10.10.249.184,63966,10,C:\\Windows\\System32\\lsass.exe,0x0,0x0,Process created by CORP\admin.ops: C:\\Windows\\System32\\lsass.exe,0,none,Internal,LAN,,
2026-04-26 05:40:25,WIN-SRV-APP01,Microsoft-Windows-Security-Auditing,Security,4624,An account was successfully logged on,EMPRESA,jperez,LAP-GER-003,10.10.217.174,63561,2,C:\\Windows\\System32\\winlogon.exe,0x0,0x0,Successful logon for EMPRESA\jperez from 10.10.217.174 using logon type 2,0,none,Internal,LAN,,
2026-04-26 05:41:00,WIN10-FIN-014,Microsoft-Windows-Security-Auditing,Security,4672,Special privileges assigned to new logon,CORP,crojas,PC-FIN-001,172.16.20.128,61831,2,C:\\Windows\\System32\\WindowsPowerShell\\v1.0\\powershell.exe,0x0,0x0,Special privileges assigned to CORP\crojas,0,none,Internal,LAN,,
2026-04-26 05:43:24,WIN-SRV-APP01,Microsoft-Windows-Security-Auditing,Security,4624,An account was successfully logged on,LOCAL,admin.ops,PC-RRHH-002,10.10.160.34,61655,3,C:\\Windows\\System32\\lsass.exe,0x0,0x0,Successful logon for LOCAL\admin.ops from 10.10.160.34 using logon type 3,0,none,Internal,LAN,,
2026-04-26 05:43:33,WIN10-FIN-014,Microsoft-Windows-Security-Auditing,Security,4634,An account was logged off,LOCAL,jperez,PC-RRHH-002,192.168.1.188,56642,10,C:\\Windows\\System32\\lsass.exe,0x0,0x0,Logoff for LOCAL\jperez from workstation PC-RRHH-002,0,none,Internal,LAN,,
2026-04-26 05:43:44,WIN10-FIN-014,Microsoft-Windows-Security-Auditing,Security,4688,A new process has been created,CORP,admin.ops,PC-RRHH-002,172.16.20.108,54138,10,C:\\Windows\\System32\\svchost.exe,0x0,0x0,Process created by CORP\admin.ops: C:\\Windows\\System32\\svchost.exe,0,none,Internal,LAN,,
2026-04-26 05:46:14,WIN10-FIN-014,Microsoft-Windows-Security-Auditing,Security,4634,An account was logged off,CORP,admin.ops,PC-FIN-001,10.10.248.185,59074,7,C:\\Windows\\System32\\lsass.exe,0x0,0x0,Logoff for CORP\admin.ops from workstation PC-FIN-001,0,none,Internal,LAN,,
2026-04-26 05:46:38,WIN-SRV-APP01,Microsoft-Windows-Security-Auditing,Security,4624,An account was successfully logged on,EMPRESA,analista01,SRV-MON-001,192.168.1.52,58959,7,C:\\Windows\\System32\\WindowsPowerShell\\v1.0\\powershell.exe,0x0,0x0,Successful logon for EMPRESA\analista01 from 192.168.1.52 using logon type 7,0,none,Internal,LAN,,
2026-04-26 05:46:40,WIN-SRV-DC01,Microsoft-Windows-Security-Auditing,Security,4624,An account was successfully logged on,EMPRESA,lcastro,PC-RRHH-002,172.16.20.44,56437,3,C:\\Windows\\System32\\WindowsPowerShell\\v1.0\\powershell.exe,0x0,0x0,Successful logon for EMPRESA\lcastro from 172.16.20.44 using logon type 3,0,none,Internal,LAN,,
2026-04-26 05:46:51,WIN-SRV-FILE01,Microsoft-Windows-Security-Auditing,Security,4624,An account was successfully logged on,LOCAL,dtorres,PC-OPS-014,172.16.20.26,59210,10,C:\\Windows\\System32\\svchost.exe,0x0,0x0,Successful logon for LOCAL\dtorres from 172.16.20.26 using logon type 10,0,none,Internal,LAN,,
2026-04-26 05:47:58,WIN-SRV-APP01,Microsoft-Windows-Security-Auditing,Security,4688,A new process has been created,CORP,finanzas02,PC-RRHH-002,192.168.1.184,61767,3,C:\\Windows\\System32\\svchost.exe,0x0,0x0,Process created by CORP\finanzas02: C:\\Windows\\System32\\svchost.exe,0,none,Internal,LAN,,
2026-04-26 05:47:59,WIN-SRV-APP01,Microsoft-Windows-Security-Auditing,Security,4634,An account was logged off,LOCAL,alopez,PC-OPS-014,192.168.1.72,61333,10,C:\\Windows\\System32\\lsass.exe,0x0,0x0,Logoff for LOCAL\alopez from workstation PC-OPS-014,0,none,Internal,LAN,,
2026-04-26 05:50:54,WIN-SRV-APP01,Microsoft-Windows-Security-Auditing,Security,4634,An account was logged off,EMPRESA,alopez,PC-FIN-001,192.168.1.53,55730,2,C:\\Program Files\\Google\\Chrome\\Application\\chrome.exe,0x0,0x0,Logoff for EMPRESA\alopez from workstation PC-FIN-001,0,none,Internal,LAN,,
2026-04-26 05:52:39,WIN11-SEC-022,Microsoft-Windows-Security-Auditing,Security,4634,An account was logged off,CORP,svc_backup,PC-RRHH-002,172.16.20.227,56653,2,C:\\Windows\\System32\\cmd.exe,0x0,0x0,Logoff for CORP\svc_backup from workstation PC-RRHH-002,0,none,Internal,LAN,,
2026-04-26 05:53:48,WIN10-FIN-014,Microsoft-Windows-Security-Auditing,Security,4688,A new process has been created,LOCAL,alopez,LAP-GER-003,172.16.20.154,59929,2,C:\\Windows\\System32\\svchost.exe,0x0,0x0,Process created by LOCAL\alopez: C:\\Windows\\System32\\svchost.exe,0,none,Internal,LAN,,
2026-04-26 05:53:51,WIN10-FIN-014,Microsoft-Windows-Security-Auditing,Security,4624,An account was successfully logged on,LOCAL,alopez,PC-FIN-001,192.168.1.29,53838,2,C:\\Program Files\\Microsoft Defender\\MsMpEng.exe,0x0,0x0,Successful logon for LOCAL\alopez from 192.168.1.29 using logon type 2,0,none,Internal,LAN,,
2026-04-26 05:57:33,WIN-SRV-APP01,Microsoft-Windows-Security-Auditing,Security,4688,A new process has been created,CORP,crojas,PC-FIN-001,10.10.39.65,65354,10,C:\\Program Files\\Microsoft Defender\\MsMpEng.exe,0x0,0x0,Process created by CORP\crojas: C:\\Program Files\\Microsoft Defender\\MsMpEng.exe,0,none,Internal,LAN,,
2026-04-26 05:58:55,WIN-SRV-APP01,Microsoft-Windows-Security-Auditing,Security,4634,An account was logged off,EMPRESA,svc_backup,LAP-GER-003,172.16.20.221,58859,3,C:\\Program Files\\Google\\Chrome\\Application\\chrome.exe,0x0,0x0,Logoff for EMPRESA\svc_backup from workstation LAP-GER-003,0,none,Internal,LAN,,
2026-04-26 06:00:26,WIN11-SEC-022,Microsoft-Windows-Security-Auditing,Security,4624,An account was successfully logged on,LOCAL,admin.ops,PC-RRHH-002,10.10.19.74,63748,3,C:\\Windows\\System32\\lsass.exe,0x0,0x0,Successful logon for LOCAL\admin.ops from 10.10.19.74 using logon type 3,0,none,Internal,LAN,,
2026-04-26 06:02:14,WIN-SRV-FILE01,Microsoft-Windows-Security-Auditing,Security,4624,An account was successfully logged on,LOCAL,dtorres,PC-OPS-014,10.10.91.239,54893,3,C:\\Windows\\System32\\winlogon.exe,0x0,0x0,Successful logon for LOCAL\dtorres from 10.10.91.239 using logon type 3,0,none,Internal,LAN,,
2026-04-26 06:02:49,WIN10-FIN-014,Microsoft-Windows-Security-Auditing,Security,4624,An account was successfully logged on,CORP,admin.ops,PC-OPS-014,172.16.20.218,56212,2,C:\\Windows\\System32\\lsass.exe,0x0,0x0,Successful logon for CORP\admin.ops from 172.16.20.218 using logon type 2,0,none,Internal,LAN,,
2026-04-26 06:04:11,WIN10-FIN-014,Microsoft-Windows-Security-Auditing,Security,4672,Special privileges assigned to new logon,LOCAL,svc_monitor,PC-OPS-014,10.10.119.145,58568,7,C:\\Windows\\System32\\cmd.exe,0x0,0x0,Special privileges assigned to LOCAL\svc_monitor,0,none,Internal,LAN,,
2026-04-26 06:04:59,WIN11-SEC-022,Microsoft-Windows-Security-Auditing,Security,4624,An account was successfully logged on,EMPRESA,crojas,LAP-GER-003,192.168.1.102,59943,3,C:\\Windows\\System32\\winlogon.exe,0x0,0x0,Successful logon for EMPRESA\crojas from 192.168.1.102 using logon type 3,0,none,Internal,LAN,,
2026-04-26 06:06:24,WIN-SRV-FILE01,Microsoft-Windows-Security-Auditing,Security,4634,An account was logged off,CORP,svc_monitor,PC-OPS-014,192.168.1.206,57738,7,C:\\Windows\\System32\\lsass.exe,0x0,0x0,Logoff for CORP\svc_monitor from workstation PC-OPS-014,0,none,Internal,LAN,,
2026-04-26 06:07:06,WIN-SRV-DC01,Microsoft-Windows-Security-Auditing,Security,4624,An account was successfully logged on,LOCAL,analista01,PC-OPS-014,10.10.214.143,62334,3,C:\\Windows\\System32\\lsass.exe,0x0,0x0,Successful logon for LOCAL\analista01 from 10.10.214.143 using logon type 3,0,none,Internal,LAN,,
2026-04-26 06:08:38,WIN-SRV-FILE01,Microsoft-Windows-Security-Auditing,Security,4624,An account was successfully logged on,CORP,crojas,PC-FIN-001,192.168.1.156,56296,7,C:\\Program Files\\Microsoft Defender\\MsMpEng.exe,0x0,0x0,Successful logon for CORP\crojas from 192.168.1.156 using logon type 7,0,none,Internal,LAN,,
2026-04-26 06:08:54,WIN11-SEC-022,Microsoft-Windows-Security-Auditing,Security,4624,An account was successfully logged on,LOCAL,alopez,LAP-GER-003,172.16.20.41,50597,10,C:\\Program Files\\Google\\Chrome\\Application\\chrome.exe,0x0,0x0,Successful logon for LOCAL\alopez from 172.16.20.41 using logon type 10,0,none,Internal,LAN,,
