2026-04-28 06:38:00,WIN-SRV-APP01,Microsoft-Windows-Security-Auditing,Security,4624,An account was successfully logged on,LOCAL,analista01,PC-OPS-014,192.168.1.129,63197,7,C:\\Windows\\System32\\WindowsPowerShell\\v1.0\\powershell.exe,0x0,0x0,Successful logon for LOCAL\analista01 from 192.168.1.129 using logon type 7,0,none,Internal,LAN,,
2026-04-28 06:38:48,WIN-SRV-DC01,Microsoft-Windows-Security-Auditing,Security,4634,An account was logged off,EMPRESA,helpdesk01,PC-FIN-001,10.10.125.180,63328,2,C:\\Windows\\System32\\svchost.exe,0x0,0x0,Logoff for EMPRESA\helpdesk01 from workstation PC-FIN-001,0,none,Internal,LAN,,
2026-04-28 06:39:22,WIN-SRV-FILE01,Microsoft-Windows-Security-Auditing,Security,4624,An account was successfully logged on,EMPRESA,alopez,SRV-MON-001,10.10.187.161,55290,10,C:\\Windows\\System32\\winlogon.exe,0x0,0x0,Successful logon for EMPRESA\alopez from 10.10.187.161 using logon type 10,0,none,Internal,LAN,,
2026-04-28 06:39:30,WIN-SRV-APP01,Microsoft-Windows-Security-Auditing,Security,4672,Special privileges assigned to new logon,CORP,jperez,PC-FIN-001,10.10.239.112,61847,7,C:\\Program Files\\Google\\Chrome\\Application\\chrome.exe,0x0,0x0,Special privileges assigned to CORP\jperez,0,none,Internal,LAN,,
2026-04-28 06:39:33,WIN11-SEC-022,Microsoft-Windows-Security-Auditing,Security,4688,A new process has been created,CORP,helpdesk01,PC-FIN-001,172.16.20.93,53067,7,C:\\Program Files\\Microsoft Defender\\MsMpEng.exe,0x0,0x0,Process created by CORP\helpdesk01: C:\\Program Files\\Microsoft Defender\\MsMpEng.exe,0,none,Internal,LAN,,
2026-04-28 06:39:52,WIN-SRV-APP01,Microsoft-Windows-Security-Auditing,Security,4634,An account was logged off,EMPRESA,analista01,LAP-GER-003,10.10.106.241,60252,7,C:\\Windows\\System32\\svchost.exe,0x0,0x0,Logoff for EMPRESA\analista01 from workstation LAP-GER-003,0,none,Internal,LAN,,
2026-04-28 06:42:00,WIN-SRV-DC01,Microsoft-Windows-Security-Auditing,Security,4624,An account was successfully logged on,LOCAL,lcastro,PC-RRHH-002,192.168.1.239,58123,10,C:\\Windows\\System32\\winlogon.exe,0x0,0x0,Successful logon for LOCAL\lcastro from 192.168.1.239 using logon type 10,0,none,Internal,LAN,,
2026-04-28 06:42:28,WIN10-FIN-014,Microsoft-Windows-Security-Auditing,Security,4634,An account was logged off,CORP,svc_monitor,SRV-MON-001,10.10.201.74,52475,2,C:\\Windows\\System32\\winlogon.exe,0x0,0x0,Logoff for CORP\svc_monitor from workstation SRV-MON-001,0,none,Internal,LAN,,
2026-04-28 06:43:07,WIN-SRV-APP01,Microsoft-Windows-Security-Auditing,Security,4688,A new process has been created,LOCAL,alopez,PC-FIN-001,192.168.1.33,59548,10,C:\\Windows\\System32\\svchost.exe,0x0,0x0,Process created by LOCAL\alopez: C:\\Windows\\System32\\svchost.exe,0,none,Internal,LAN,,
2026-04-28 06:44:25,WIN10-FIN-014,Microsoft-Windows-Security-Auditing,Security,4624,An account was successfully logged on,CORP,lcastro,PC-FIN-001,172.16.20.242,65526,7,C:\\Windows\\System32\\winlogon.exe,0x0,0x0,Successful logon for CORP\lcastro from 172.16.20.242 using logon type 7,0,none,Internal,LAN,,
2026-04-28 06:44:40,WIN-SRV-FILE01,Microsoft-Windows-Security-Auditing,Security,4648,A logon was attempted using explicit credentials,LOCAL,svc_monitor,PC-RRHH-002,172.16.20.254,54412,3,C:\\Program Files\\Google\\Chrome\\Application\\chrome.exe,0x0,0x0,Explicit credentials used by LOCAL\svc_monitor from PC-RRHH-002,0,none,Internal,LAN,,
2026-04-28 06:46:19,WIN11-SEC-022,Microsoft-Windows-Security-Auditing,Security,4634,An account was logged off,EMPRESA,mgarcia,PC-OPS-014,192.168.1.193,59521,10,C:\\Windows\\System32\\cmd.exe,0x0,0x0,Logoff for EMPRESA\mgarcia from workstation PC-OPS-014,0,none,Internal,LAN,,
2026-04-28 06:46:37,WIN-SRV-APP01,Microsoft-Windows-Security-Auditing,Security,4624,An account was successfully logged on,EMPRESA,helpdesk01,PC-OPS-014,172.16.20.67,56902,3,C:\\Windows\\System32\\WindowsPowerShell\\v1.0\\powershell.exe,0x0,0x0,Successful logon for EMPRESA\helpdesk01 from 172.16.20.67 using logon type 3,0,none,Internal,LAN,,
2026-04-28 06:48:14,WIN-SRV-APP01,Microsoft-Windows-Security-Auditing,Security,4624,An account was successfully logged on,EMPRESA,alopez,PC-OPS-014,192.168.1.20,60851,3,C:\\Windows\\System32\\winlogon.exe,0x0,0x0,Successful logon for EMPRESA\alopez from 192.168.1.20 using logon type 3,0,none,Internal,LAN,,
2026-04-28 06:48:32,WIN-SRV-DC01,Microsoft-Windows-Security-Auditing,Security,4624,An account was successfully logged on,LOCAL,svc_monitor,SRV-MON-001,10.10.94.232,60903,10,C:\\Program Files\\Microsoft Defender\\MsMpEng.exe,0x0,0x0,Successful logon for LOCAL\svc_monitor from 10.10.94.232 using logon type 10,0,none,Internal,LAN,,
2026-04-28 06:48:42,WIN-SRV-DC01,Microsoft-Windows-Security-Auditing,Security,4634,An account was logged off,CORP,crojas,SRV-MON-001,10.10.136.48,59481,10,C:\\Program Files\\Microsoft Defender\\MsMpEng.exe,0x0,0x0,Logoff for CORP\crojas from workstation SRV-MON-001,0,none,Internal,LAN,,
2026-04-28 06:49:08,WIN11-SEC-022,Microsoft-Windows-Security-Auditing,Security,4624,An account was successfully logged on,CORP,svc_backup,PC-OPS-014,10.10.46.241,50625,3,C:\\Windows\\System32\\lsass.exe,0x0,0x0,Successful logon for CORP\svc_backup from 10.10.46.241 using logon type 3,0,none,Internal,LAN,,
2026-04-28 06:49:52,WIN-SRV-APP01,Microsoft-Windows-Security-Auditing,Security,4648,A logon was attempted using explicit credentials,CORP,finanzas02,PC-FIN-001,10.10.5.96,53236,10,C:\\Windows\\System32\\WindowsPowerShell\\v1.0\\powershell.exe,0x0,0x0,Explicit credentials used by CORP\finanzas02 from PC-FIN-001,0,none,Internal,LAN,,
2026-04-28 06:55:01,WIN11-SEC-022,Microsoft-Windows-Security-Auditing,Security,4624,An account was successfully logged on,EMPRESA,helpdesk01,SRV-MON-001,192.168.1.29,56708,3,C:\\Windows\\System32\\svchost.exe,0x0,0x0,Successful logon for EMPRESA\helpdesk01 from 192.168.1.29 using logon type 3,0,none,Internal,LAN,,
2026-04-28 06:57:24,WIN-SRV-APP01,Microsoft-Windows-Security-Auditing,Security,4624,An account was successfully logged on,CORP,lcastro,SRV-MON-001,10.10.31.8,64455,7,C:\\Program Files\\Microsoft Defender\\MsMpEng.exe,0x0,0x0,Successful logon for CORP\lcastro from 10.10.31.8 using logon type 7,0,none,Internal,LAN,,
2026-04-28 06:59:53,WIN-SRV-FILE01,Microsoft-Windows-Security-Auditing,Security,4624,An account was successfully logged on,EMPRESA,dtorres,LAP-GER-003,10.10.68.233,51489,10,C:\\Program Files\\Microsoft Defender\\MsMpEng.exe,0x0,0x0,Successful logon for EMPRESA\dtorres from 10.10.68.233 using logon type 10,0,none,Internal,LAN,,
2026-04-28 06:59:54,WIN-SRV-FILE01,Microsoft-Windows-Security-Auditing,Security,4624,An account was successfully logged on,LOCAL,svc_backup,PC-FIN-001,172.16.20.24,55209,2,C:\\Windows\\System32\\WindowsPowerShell\\v1.0\\powershell.exe,0x0,0x0,Successful logon for LOCAL\svc_backup from 172.16.20.24 using logon type 2,0,none,Internal,LAN,,
2026-04-28 07:01:20,WIN-SRV-FILE01,Microsoft-Windows-Security-Auditing,Security,4688,A new process has been created,EMPRESA,dtorres,PC-OPS-014,192.168.1.42,55854,10,C:\\Windows\\System32\\WindowsPowerShell\\v1.0\\powershell.exe,0x0,0x0,Process created by EMPRESA\dtorres: C:\\Windows\\System32\\WindowsPowerShell\\v1.0\\powershell.exe,0,none,Internal,LAN,,
2026-04-28 07:01:41,WIN-SRV-APP01,Microsoft-Windows-Security-Auditing,Security,4688,A new process has been created,LOCAL,crojas,PC-OPS-014,192.168.1.231,49870,10,C:\\Windows\\System32\\cmd.exe,0x0,0x0,Process created by LOCAL\crojas: C:\\Windows\\System32\\cmd.exe,0,none,Internal,LAN,,
2026-04-28 07:01:55,WIN-SRV-APP01,Microsoft-Windows-Security-Auditing,Security,4624,An account was successfully logged on,LOCAL,alopez,LAP-GER-003,10.10.203.93,55026,2,C:\\Program Files\\Google\\Chrome\\Application\\chrome.exe,0x0,0x0,Successful logon for LOCAL\alopez from 10.10.203.93 using logon type 2,0,none,Internal,LAN,,
2026-04-28 07:02:12,WIN-SRV-FILE01,Microsoft-Windows-Security-Auditing,Security,4624,An account was successfully logged on,CORP,dtorres,PC-RRHH-002,172.16.20.215,64339,2,C:\\Program Files\\Microsoft Defender\\MsMpEng.exe,0x0,0x0,Successful logon for CORP\dtorres from 172.16.20.215 using logon type 2,0,none,Internal,LAN,,
2026-04-28 07:04:18,WIN-SRV-DC01,Microsoft-Windows-Security-Auditing,Security,4672,Special privileges assigned to new logon,LOCAL,analista01,PC-OPS-014,10.10.209.41,56725,10,C:\\Windows\\System32\\cmd.exe,0x0,0x0,Special privileges assigned to LOCAL\analista01,0,none,Internal,LAN,,
2026-04-28 07:04:23,WIN10-FIN-014,Microsoft-Windows-Security-Auditing,Security,4688,A new process has been created,LOCAL,admin.ops,SRV-MON-001,10.10.229.166,63831,7,C:\\Program Files\\Google\\Chrome\\Application\\chrome.exe,0x0,0x0,Process created by LOCAL\admin.ops: C:\\Program Files\\Google\\Chrome\\Application\\chrome.exe,0,none,Internal,LAN,,
2026-04-28 07:05:07,WIN-SRV-FILE01,Microsoft-Windows-Security-Auditing,Security,4624,An account was successfully logged on,EMPRESA,lcastro,PC-OPS-014,10.10.39.13,58230,3,C:\\Windows\\System32\\winlogon.exe,0x0,0x0,Successful logon for EMPRESA\lcastro from 10.10.39.13 using logon type 3,0,none,Internal,LAN,,
2026-04-28 07:05:48,WIN-SRV-FILE01,Microsoft-Windows-Security-Auditing,Security,4688,A new process has been created,LOCAL,jperez,PC-FIN-001,10.10.204.59,52382,2,C:\\Windows\\System32\\WindowsPowerShell\\v1.0\\powershell.exe,0x0,0x0,Process created by LOCAL\jperez: C:\\Windows\\System32\\WindowsPowerShell\\v1.0\\powershell.exe,0,none,Internal,LAN,,
2026-04-28 07:07:21,WIN-SRV-DC01,Microsoft-Windows-Security-Auditing,Security,4624,An account was successfully logged on,LOCAL,admin.ops,PC-FIN-001,10.10.166.186,57437,2,C:\\Program Files\\Google\\Chrome\\Application\\chrome.exe,0x0,0x0,Successful logon for LOCAL\admin.ops from 10.10.166.186 using logon type 2,0,none,Internal,LAN,,
2026-04-28 07:08:42,WIN-SRV-APP01,Microsoft-Windows-Security-Auditing,Security,4624,An account was successfully logged on,EMPRESA,crojas,PC-RRHH-002,10.10.248.79,60972,10,C:\\Windows\\System32\\cmd.exe,0x0,0x0,Successful logon for EMPRESA\crojas from 10.10.248.79 using logon type 10,0,none,Internal,LAN,,
2026-04-28 07:09:00,WIN-SRV-DC01,Microsoft-Windows-Security-Auditing,Security,4624,An account was successfully logged on,EMPRESA,mgarcia,PC-FIN-001,192.168.1.5,52965,2,C:\\Windows\\System32\\svchost.exe,0x0,0x0,Successful logon for EMPRESA\mgarcia from 192.168.1.5 using logon type 2,0,none,Internal,LAN,,
2026-04-28 07:09:28,WIN10-FIN-014,Microsoft-Windows-Security-Auditing,Security,4634,An account was logged off,EMPRESA,jperez,PC-RRHH-002,10.10.41.131,60273,10,C:\\Program Files\\Microsoft Defender\\MsMpEng.exe,0x0,0x0,Logoff for EMPRESA\jperez from workstation PC-RRHH-002,0,none,Internal,LAN,,
2026-04-28 07:09:40,WIN-SRV-APP01,Microsoft-Windows-Security-Auditing,Security,4648,A logon was attempted using explicit credentials,EMPRESA,svc_backup,PC-FIN-001,10.10.228.82,64250,7,C:\\Program Files\\Microsoft Defender\\MsMpEng.exe,0x0,0x0,Explicit credentials used by EMPRESA\svc_backup from PC-FIN-001,0,none,Internal,LAN,,
2026-04-28 07:09:55,WIN-SRV-APP01,Microsoft-Windows-Security-Auditing,Security,4634,An account was logged off,EMPRESA,helpdesk01,LAP-GER-003,10.10.75.25,55903,7,C:\\Windows\\System32\\lsass.exe,0x0,0x0,Logoff for EMPRESA\helpdesk01 from workstation LAP-GER-003,0,none,Internal,LAN,,
2026-04-28 07:10:58,WIN10-FIN-014,Microsoft-Windows-Security-Auditing,Security,4672,Special privileges assigned to new logon,CORP,finanzas02,PC-OPS-014,10.10.10.106,56152,7,C:\\Windows\\System32\\svchost.exe,0x0,0x0,Special privileges assigned to CORP\finanzas02,0,none,Internal,LAN,,
2026-04-28 07:14:35,WIN-SRV-DC01,Microsoft-Windows-Security-Auditing,Security,4624,An account was successfully logged on,CORP,svc_backup,PC-RRHH-002,172.16.20.136,56276,7,C:\\Windows\\System32\\lsass.exe,0x0,0x0,Successful logon for CORP\svc_backup from 172.16.20.136 using logon type 7,0,none,Internal,LAN,,
2026-04-28 07:15:27,WIN-SRV-DC01,Microsoft-Windows-Security-Auditing,Security,4634,An account was logged off,EMPRESA,mgarcia,PC-OPS-014,10.10.202.25,56100,3,C:\\Windows\\System32\\WindowsPowerShell\\v1.0\\powershell.exe,0x0,0x0,Logoff for EMPRESA\mgarcia from workstation PC-OPS-014,0,none,Internal,LAN,,
2026-04-28 07:15:44,WIN10-FIN-014,Microsoft-Windows-Security-Auditing,Security,4634,An account was logged off,CORP,admin.ops,PC-FIN-001,10.10.210.17,64969,10,C:\\Program Files\\Microsoft Defender\\MsMpEng.exe,0x0,0x0,Logoff for CORP\admin.ops from workstation PC-FIN-001,0,none,Internal,LAN,,
2026-04-28 07:17:46,WIN11-SEC-022,Microsoft-Windows-Security-Auditing,Security,4624,An account was successfully logged on,EMPRESA,alopez,LAP-GER-003,172.16.20.51,50240,2,C:\\Windows\\System32\\cmd.exe,0x0,0x0,Successful logon for EMPRESA\alopez from 172.16.20.51 using logon type 2,0,none,Internal,LAN,,
2026-04-28 07:19:41,WIN10-FIN-014,Microsoft-Windows-Security-Auditing,Security,4634,An account was logged off,EMPRESA,finanzas02,SRV-MON-001,10.10.123.31,62069,2,C:\\Program Files\\Google\\Chrome\\Application\\chrome.exe,0x0,0x0,Logoff for EMPRESA\finanzas02 from workstation SRV-MON-001,0,none,Internal,LAN,,
2026-04-28 07:20:31,WIN11-SEC-022,Microsoft-Windows-Security-Auditing,Security,4624,An account was successfully logged on,CORP,jperez,PC-FIN-001,10.10.90.10,61457,3,C:\\Program Files\\Microsoft Defender\\MsMpEng.exe,0x0,0x0,Successful logon for CORP\jperez from 10.10.90.10 using logon type 3,0,none,Internal,LAN,,
2026-04-28 07:26:55,WIN10-FIN-014,Microsoft-Windows-Security-Auditing,Security,4634,An account was logged off,CORP,dtorres,LAP-GER-003,172.16.20.229,52235,7,C:\\Program Files\\Microsoft Defender\\MsMpEng.exe,0x0,0x0,Logoff for CORP\dtorres from workstation LAP-GER-003,0,none,Internal,LAN,,
2026-04-28 07:29:12,WIN-SRV-DC01,Microsoft-Windows-Security-Auditing,Security,4624,An account was successfully logged on,EMPRESA,mgarcia,PC-FIN-001,10.10.200.176,49983,2,C:\\Windows\\System32\\lsass.exe,0x0,0x0,Successful logon for EMPRESA\mgarcia from 10.10.200.176 using logon type 2,0,none,Internal,LAN,,
2026-04-28 07:30:16,WIN-SRV-APP01,Microsoft-Windows-Security-Auditing,Security,4624,An account was successfully logged on,CORP,mgarcia,PC-FIN-001,10.10.143.97,50327,2,C:\\Program Files\\Microsoft Defender\\MsMpEng.exe,0x0,0x0,Successful logon for CORP\mgarcia from 10.10.143.97 using logon type 2,0,none,Internal,LAN,,
2026-04-28 07:30:28,WIN-SRV-DC01,Microsoft-Windows-Security-Auditing,Security,4624,An account was successfully logged on,CORP,crojas,PC-OPS-014,172.16.20.36,50360,10,C:\\Windows\\System32\\svchost.exe,0x0,0x0,Successful logon for CORP\crojas from 172.16.20.36 using logon type 10,0,none,Internal,LAN,,
2026-04-28 07:32:11,WIN10-FIN-014,Microsoft-Windows-Security-Auditing,Security,4624,An account was successfully logged on,CORP,crojas,PC-RRHH-002,192.168.1.192,53103,10,C:\\Windows\\System32\\lsass.exe,0x0,0x0,Successful logon for CORP\crojas from 192.168.1.192 using logon type 10,0,none,Internal,LAN,,
2026-04-28 07:33:06,WIN10-FIN-014,Microsoft-Windows-Security-Auditing,Security,4634,An account was logged off,EMPRESA,dtorres,PC-RRHH-002,10.10.210.188,55028,7,C:\\Windows\\System32\\svchost.exe,0x0,0x0,Logoff for EMPRESA\dtorres from workstation PC-RRHH-002,0,none,Internal,LAN,,
2026-04-28 07:34:47,WIN-SRV-DC01,Microsoft-Windows-Security-Auditing,Security,4624,An account was successfully logged on,EMPRESA,crojas,LAP-GER-003,10.10.126.211,50851,7,C:\\Windows\\System32\\lsass.exe,0x0,0x0,Successful logon for EMPRESA\crojas from 10.10.126.211 using logon type 7,0,none,Internal,LAN,,
2026-04-28 07:37:07,WIN11-SEC-022,Microsoft-Windows-Security-Auditing,Security,4624,An account was successfully logged on,CORP,helpdesk01,PC-FIN-001,10.10.240.224,49910,2,C:\\Windows\\System32\\lsass.exe,0x0,0x0,Successful logon for CORP\helpdesk01 from 10.10.240.224 using logon type 2,0,none,Internal,LAN,,
2026-04-28 07:37:56,WIN11-SEC-022,Microsoft-Windows-Security-Auditing,Security,4624,An account was successfully logged on,EMPRESA,jperez,PC-FIN-001,192.168.1.91,60908,7,C:\\Windows\\System32\\lsass.exe,0x0,0x0,Successful logon for EMPRESA\jperez from 192.168.1.91 using logon type 7,0,none,Internal,LAN,,
2026-04-28 07:39:56,WIN10-FIN-014,Microsoft-Windows-Security-Auditing,Security,4634,An account was logged off,CORP,finanzas02,PC-RRHH-002,192.168.1.105,63319,3,C:\\Windows\\System32\\cmd.exe,0x0,0x0,Logoff for CORP\finanzas02 from workstation PC-RRHH-002,0,none,Internal,LAN,,
2026-04-28 07:42:16,WIN11-SEC-022,Microsoft-Windows-Security-Auditing,Security,4634,An account was logged off,EMPRESA,jperez,PC-RRHH-002,10.10.173.66,64879,2,C:\\Program Files\\Google\\Chrome\\Application\\chrome.exe,0x0,0x0,Logoff for EMPRESA\jperez from workstation PC-RRHH-002,0,none,Internal,LAN,,
2026-04-28 07:42:22,WIN-SRV-APP01,Microsoft-Windows-Security-Auditing,Security,4672,Special privileges assigned to new logon,LOCAL,svc_backup,PC-RRHH-002,10.10.95.184,60087,7,C:\\Windows\\System32\\cmd.exe,0x0,0x0,Special privileges assigned to LOCAL\svc_backup,0,none,Internal,LAN,,
2026-04-28 07:42:50,WIN-SRV-DC01,Microsoft-Windows-Security-Auditing,Security,4624,An account was successfully logged on,EMPRESA,alopez,SRV-MON-001,172.16.20.50,61534,3,C:\\Windows\\System32\\winlogon.exe,0x0,0x0,Successful logon for EMPRESA\alopez from 172.16.20.50 using logon type 3,0,none,Internal,LAN,,
2026-04-28 07:42:56,WIN10-FIN-014,Microsoft-Windows-Security-Auditing,Security,4688,A new process has been created,EMPRESA,svc_monitor,PC-FIN-001,172.16.20.33,62900,10,C:\\Windows\\System32\\winlogon.exe,0x0,0x0,Process created by EMPRESA\svc_monitor: C:\\Windows\\System32\\winlogon.exe,0,none,Internal,LAN,,
2026-04-28 07:43:22,WIN10-FIN-014,Microsoft-Windows-Security-Auditing,Security,4624,An account was successfully logged on,EMPRESA,analista01,SRV-MON-001,172.16.20.237,62049,3,C:\\Program Files\\Google\\Chrome\\Application\\chrome.exe,0x0,0x0,Successful logon for EMPRESA\analista01 from 172.16.20.237 using logon type 3,0,none,Internal,LAN,,
2026-04-28 07:45:16,WIN10-FIN-014,Microsoft-Windows-Security-Auditing,Security,4624,An account was successfully logged on,CORP,svc_backup,PC-OPS-014,10.10.172.113,62396,2,C:\\Windows\\System32\\WindowsPowerShell\\v1.0\\powershell.exe,0x0,0x0,Successful logon for CORP\svc_backup from 10.10.172.113 using logon type 2,0,none,Internal,LAN,,
2026-04-28 07:45:44,WIN-SRV-APP01,Microsoft-Windows-Security-Auditing,Security,4634,An account was logged off,LOCAL,jperez,PC-OPS-014,10.10.218.46,53336,2,C:\\Windows\\System32\\svchost.exe,0x0,0x0,Logoff for LOCAL\jperez from workstation PC-OPS-014,0,none,Internal,LAN,,
2026-04-28 07:48:56,WIN11-SEC-022,Microsoft-Windows-Security-Auditing,Security,4672,Special privileges assigned to new logon,EMPRESA,svc_backup,PC-RRHH-002,172.16.20.250,58759,7,C:\\Windows\\System32\\cmd.exe,0x0,0x0,Special privileges assigned to EMPRESA\svc_backup,0,none,Internal,LAN,,
2026-04-28 07:50:35,WIN11-SEC-022,Microsoft-Windows-Security-Auditing,Security,4624,An account was successfully logged on,EMPRESA,finanzas02,PC-RRHH-002,192.168.1.179,63626,3,C:\\Windows\\System32\\WindowsPowerShell\\v1.0\\powershell.exe,0x0,0x0,Successful logon for EMPRESA\finanzas02 from 192.168.1.179 using logon type 3,0,none,Internal,LAN,,
2026-04-28 07:50:58,WIN-SRV-FILE01,Microsoft-Windows-Security-Auditing,Security,4672,Special privileges assigned to new logon,CORP,dtorres,PC-FIN-001,192.168.1.238,55587,3,C:\\Program Files\\Google\\Chrome\\Application\\chrome.exe,0x0,0x0,Special privileges assigned to CORP\dtorres,0,none,Internal,LAN,,
2026-04-28 07:51:34,WIN-SRV-APP01,Microsoft-Windows-Security-Auditing,Security,4624,An account was successfully logged on,EMPRESA,crojas,PC-FIN-001,192.168.1.138,55093,7,C:\\Windows\\System32\\lsass.exe,0x0,0x0,Successful logon for EMPRESA\crojas from 192.168.1.138 using logon type 7,0,none,Internal,LAN,,
2026-04-28 07:51:49,WIN-SRV-FILE01,Microsoft-Windows-Security-Auditing,Security,4624,An account was successfully logged on,LOCAL,alopez,SRV-MON-001,10.10.217.172,56176,2,C:\\Windows\\System32\\WindowsPowerShell\\v1.0\\powershell.exe,0x0,0x0,Successful logon for LOCAL\alopez from 10.10.217.172 using logon type 2,0,none,Internal,LAN,,
2026-04-28 07:52:59,WIN10-FIN-014,Microsoft-Windows-Security-Auditing,Security,4634,An account was logged off,LOCAL,jperez,PC-RRHH-002,10.10.18.110,61484,2,C:\\Windows\\System32\\lsass.exe,0x0,0x0,Logoff for LOCAL\jperez from workstation PC-RRHH-002,0,none,Internal,LAN,,
2026-04-28 07:53:49,WIN10-FIN-014,Microsoft-Windows-Security-Auditing,Security,4624,An account was successfully logged on,EMPRESA,jperez,SRV-MON-001,172.16.20.62,55708,7,C:\\Program Files\\Google\\Chrome\\Application\\chrome.exe,0x0,0x0,Successful logon for EMPRESA\jperez from 172.16.20.62 using logon type 7,0,none,Internal,LAN,,
2026-04-28 07:54:38,WIN11-SEC-022,Microsoft-Windows-Security-Auditing,Security,4624,An account was successfully logged on,CORP,jperez,PC-OPS-014,10.10.138.50,63748,7,C:\\Windows\\System32\\WindowsPowerShell\\v1.0\\powershell.exe,0x0,0x0,Successful logon for CORP\jperez from 10.10.138.50 using logon type 7,0,none,Internal,LAN,,
2026-04-28 07:55:10,WIN10-FIN-014,Microsoft-Windows-Security-Auditing,Security,4634,An account was logged off,LOCAL,jperez,LAP-GER-003,172.16.20.164,63907,2,C:\\Windows\\System32\\lsass.exe,0x0,0x0,Logoff for LOCAL\jperez from workstation LAP-GER-003,0,none,Internal,LAN,,
2026-04-28 07:55:13,WIN10-FIN-014,Microsoft-Windows-Security-Auditing,Security,4634,An account was logged off,LOCAL,finanzas02,PC-OPS-014,172.16.20.8,61704,7,C:\\Program Files\\Google\\Chrome\\Application\\chrome.exe,0x0,0x0,Logoff for LOCAL\finanzas02 from workstation PC-OPS-014,0,none,Internal,LAN,,
2026-04-28 07:55:29,WIN-SRV-APP01,Microsoft-Windows-Security-Auditing,Security,4688,A new process has been created,EMPRESA,crojas,PC-RRHH-002,192.168.1.61,60630,7,C:\\Windows\\System32\\lsass.exe,0x0,0x0,Process created by EMPRESA\crojas: C:\\Windows\\System32\\lsass.exe,0,none,Internal,LAN,,
2026-04-28 08:04:40,WIN11-SEC-022,Microsoft-Windows-Security-Auditing,Security,4624,An account was successfully logged on,EMPRESA,admin.ops,PC-RRHH-002,192.168.1.121,51848,7,C:\\Windows\\System32\\lsass.exe,0x0,0x0,Successful logon for EMPRESA\admin.ops from 192.168.1.121 using logon type 7,0,none,Internal,LAN,,
2026-04-28 08:07:33,WIN11-SEC-022,Microsoft-Windows-Security-Auditing,Security,4624,An account was successfully logged on,EMPRESA,alopez,PC-OPS-014,192.168.1.220,51300,10,C:\\Windows\\System32\\cmd.exe,0x0,0x0,Successful logon for EMPRESA\alopez from 192.168.1.220 using logon type 10,0,none,Internal,LAN,,
2026-04-28 08:07:57,WIN-SRV-DC01,Microsoft-Windows-Security-Auditing,Security,4634,An account was logged off,EMPRESA,admin.ops,SRV-MON-001,10.10.167.123,61221,10,C:\\Windows\\System32\\svchost.exe,0x0,0x0,Logoff for EMPRESA\admin.ops from workstation SRV-MON-001,0,none,Internal,LAN,,
2026-04-28 08:09:01,WIN-SRV-DC01,Microsoft-Windows-Security-Auditing,Security,4648,A logon was attempted using explicit credentials,EMPRESA,alopez,LAP-GER-003,172.16.20.151,53422,7,C:\\Windows\\System32\\cmd.exe,0x0,0x0,Explicit credentials used by EMPRESA\alopez from LAP-GER-003,0,none,Internal,LAN,,
2026-04-28 08:09:20,WIN11-SEC-022,Microsoft-Windows-Security-Auditing,Security,4624,An account was successfully logged on,LOCAL,dtorres,PC-OPS-014,192.168.1.178,61813,2,C:\\Windows\\System32\\cmd.exe,0x0,0x0,Successful logon for LOCAL\dtorres from 192.168.1.178 using logon type 2,0,none,Internal,LAN,,
2026-04-28 08:10:22,WIN-SRV-DC01,Microsoft-Windows-Security-Auditing,Security,4624,An account was successfully logged on,CORP,lcastro,PC-FIN-001,192.168.1.218,63618,3,C:\\Windows\\System32\\lsass.exe,0x0,0x0,Successful logon for CORP\lcastro from 192.168.1.218 using logon type 3,0,none,Internal,LAN,,
2026-04-28 08:10:28,WIN10-FIN-014,Microsoft-Windows-Security-Auditing,Security,4624,An account was successfully logged on,EMPRESA,admin.ops,LAP-GER-003,10.10.162.29,59232,3,C:\\Windows\\System32\\lsass.exe,0x0,0x0,Successful logon for EMPRESA\admin.ops from 10.10.162.29 using logon type 3,0,none,Internal,LAN,,
2026-04-28 08:11:09,WIN11-SEC-022,Microsoft-Windows-Security-Auditing,Security,4688,A new process has been created,LOCAL,finanzas02,LAP-GER-003,192.168.1.205,58739,7,C:\\Program Files\\Microsoft Defender\\MsMpEng.exe,0x0,0x0,Process created by LOCAL\finanzas02: C:\\Program Files\\Microsoft Defender\\MsMpEng.exe,0,none,Internal,LAN,,
2026-04-28 08:11:44,WIN11-SEC-022,Microsoft-Windows-Security-Auditing,Security,4624,An account was successfully logged on,EMPRESA,jperez,SRV-MON-001,192.168.1.117,54907,7,C:\\Windows\\System32\\winlogon.exe,0x0,0x0,Successful logon for EMPRESA\jperez from 192.168.1.117 using logon type 7,0,none,Internal,LAN,,
2026-04-28 08:11:56,WIN10-FIN-014,Microsoft-Windows-Security-Auditing,Security,4672,Special privileges assigned to new logon,LOCAL,analista01,PC-OPS-014,10.10.55.163,61502,2,C:\\Windows\\System32\\svchost.exe,0x0,0x0,Special privileges assigned to LOCAL\analista01,0,none,Internal,LAN,,
2026-04-28 08:12:32,WIN10-FIN-014,Microsoft-Windows-Security-Auditing,Security,4672,Special privileges assigned to new logon,LOCAL,helpdesk01,LAP-GER-003,172.16.20.164,60891,2,C:\\Windows\\System32\\svchost.exe,0x0,0x0,Special privileges assigned to LOCAL\helpdesk01,0,none,Internal,LAN,,
2026-04-28 08:12:43,WIN-SRV-DC01,Microsoft-Windows-Security-Auditing,Security,4624,An account was successfully logged on,CORP,lcastro,PC-RRHH-002,172.16.20.96,62085,7,C:\\Windows\\System32\\lsass.exe,0x0,0x0,Successful logon for CORP\lcastro from 172.16.20.96 using logon type 7,0,none,Internal,LAN,,
2026-04-28 08:13:16,WIN11-SEC-022,Microsoft-Windows-Security-Auditing,Security,4624,An account was successfully logged on,LOCAL,dtorres,SRV-MON-001,10.10.179.219,55792,10,C:\\Program Files\\Microsoft Defender\\MsMpEng.exe,0x0,0x0,Successful logon for LOCAL\dtorres from 10.10.179.219 using logon type 10,0,none,Internal,LAN,,
2026-04-28 08:14:02,WIN-SRV-DC01,Microsoft-Windows-Security-Auditing,Security,4672,Special privileges assigned to new logon,EMPRESA,lcastro,PC-OPS-014,192.168.1.46,53962,3,C:\\Windows\\System32\\svchost.exe,0x0,0x0,Special privileges assigned to EMPRESA\lcastro,0,none,Internal,LAN,,
2026-04-28 08:14:12,WIN11-SEC-022,Microsoft-Windows-Security-Auditing,Security,4624,An account was successfully logged on,LOCAL,crojas,PC-RRHH-002,172.16.20.118,62131,7,C:\\Windows\\System32\\cmd.exe,0x0,0x0,Successful logon for LOCAL\crojas from 172.16.20.118 using logon type 7,0,none,Internal,LAN,,
2026-04-28 08:15:20,WIN-SRV-FILE01,Microsoft-Windows-Security-Auditing,Security,4624,An account was successfully logged on,EMPRESA,analista01,PC-RRHH-002,10.10.148.201,65261,7,C:\\Windows\\System32\\cmd.exe,0x0,0x0,Successful logon for EMPRESA\analista01 from 10.10.148.201 using logon type 7,0,none,Internal,LAN,,
2026-04-28 08:15:48,WIN-SRV-APP01,Microsoft-Windows-Security-Auditing,Security,4624,An account was successfully logged on,EMPRESA,dtorres,PC-FIN-001,172.16.20.39,51635,10,C:\\Windows\\System32\\cmd.exe,0x0,0x0,Successful logon for EMPRESA\dtorres from 172.16.20.39 using logon type 10,0,none,Internal,LAN,,
2026-04-28 08:17:21,WIN10-FIN-014,Microsoft-Windows-Security-Auditing,Security,4624,An account was successfully logged on,EMPRESA,dtorres,SRV-MON-001,10.10.90.244,63078,2,C:\\Windows\\System32\\svchost.exe,0x0,0x0,Successful logon for EMPRESA\dtorres from 10.10.90.244 using logon type 2,0,none,Internal,LAN,,
2026-04-28 08:17:41,WIN11-SEC-022,Microsoft-Windows-Security-Auditing,Security,4624,An account was successfully logged on,EMPRESA,finanzas02,PC-FIN-001,192.168.1.17,57342,10,C:\\Windows\\System32\\winlogon.exe,0x0,0x0,Successful logon for EMPRESA\finanzas02 from 192.168.1.17 using logon type 10,0,none,Internal,LAN,,
2026-04-28 08:19:14,WIN-SRV-DC01,Microsoft-Windows-Security-Auditing,Security,4624,An account was successfully logged on,EMPRESA,lcastro,PC-FIN-001,10.10.130.33,63740,7,C:\\Windows\\System32\\svchost.exe,0x0,0x0,Successful logon for EMPRESA\lcastro from 10.10.130.33 using logon type 7,0,none,Internal,LAN,,
2026-04-28 08:19:17,WIN-SRV-FILE01,Microsoft-Windows-Security-Auditing,Security,4634,An account was logged off,EMPRESA,dtorres,LAP-GER-003,172.16.20.164,64145,10,C:\\Program Files\\Google\\Chrome\\Application\\chrome.exe,0x0,0x0,Logoff for EMPRESA\dtorres from workstation LAP-GER-003,0,none,Internal,LAN,,
2026-04-28 08:19:22,WIN-SRV-APP01,Microsoft-Windows-Security-Auditing,Security,4624,An account was successfully logged on,LOCAL,crojas,PC-RRHH-002,10.10.253.39,56342,2,C:\\Windows\\System32\\winlogon.exe,0x0,0x0,Successful logon for LOCAL\crojas from 10.10.253.39 using logon type 2,0,none,Internal,LAN,,
2026-04-28 08:20:15,WIN-SRV-FILE01,Microsoft-Windows-Security-Auditing,Security,4634,An account was logged off,LOCAL,helpdesk01,PC-FIN-001,10.10.192.121,60496,3,C:\\Windows\\System32\\winlogon.exe,0x0,0x0,Logoff for LOCAL\helpdesk01 from workstation PC-FIN-001,0,none,Internal,LAN,,
2026-04-28 08:21:47,WIN11-SEC-022,Microsoft-Windows-Security-Auditing,Security,4634,An account was logged off,LOCAL,svc_monitor,SRV-MON-001,192.168.1.11,53064,3,C:\\Windows\\System32\\winlogon.exe,0x0,0x0,Logoff for LOCAL\svc_monitor from workstation SRV-MON-001,0,none,Internal,LAN,,
2026-04-28 08:22:28,WIN-SRV-FILE01,Microsoft-Windows-Security-Auditing,Security,4634,An account was logged off,CORP,dtorres,PC-FIN-001,10.10.179.127,55180,3,C:\\Windows\\System32\\winlogon.exe,0x0,0x0,Logoff for CORP\dtorres from workstation PC-FIN-001,0,none,Internal,LAN,,
2026-04-28 08:24:20,WIN-SRV-DC01,Microsoft-Windows-Security-Auditing,Security,4634,An account was logged off,CORP,admin.ops,LAP-GER-003,172.16.20.158,55398,10,C:\\Windows\\System32\\svchost.exe,0x0,0x0,Logoff for CORP\admin.ops from workstation LAP-GER-003,0,none,Internal,LAN,,
2026-04-28 08:25:50,WIN-SRV-DC01,Microsoft-Windows-Security-Auditing,Security,4624,An account was successfully logged on,LOCAL,jperez,SRV-MON-001,172.16.20.53,60750,2,C:\\Windows\\System32\\lsass.exe,0x0,0x0,Successful logon for LOCAL\jperez from 172.16.20.53 using logon type 2,0,none,Internal,LAN,,
2026-04-28 08:26:01,WIN-SRV-APP01,Microsoft-Windows-Security-Auditing,Security,4624,An account was successfully logged on,EMPRESA,admin.ops,PC-OPS-014,10.10.166.239,61309,2,C:\\Windows\\System32\\winlogon.exe,0x0,0x0,Successful logon for EMPRESA\admin.ops from 10.10.166.239 using logon type 2,0,none,Internal,LAN,,
2026-04-28 08:27:54,WIN-SRV-APP01,Microsoft-Windows-Security-Auditing,Security,4624,An account was successfully logged on,EMPRESA,analista01,PC-OPS-014,172.16.20.235,62948,3,C:\\Windows\\System32\\svchost.exe,0x0,0x0,Successful logon for EMPRESA\analista01 from 172.16.20.235 using logon type 3,0,none,Internal,LAN,,
2026-04-28 08:28:14,WIN11-SEC-022,Microsoft-Windows-Security-Auditing,Security,4624,An account was successfully logged on,EMPRESA,finanzas02,SRV-MON-001,192.168.1.246,56860,10,C:\\Windows\\System32\\svchost.exe,0x0,0x0,Successful logon for EMPRESA\finanzas02 from 192.168.1.246 using logon type 10,0,none,Internal,LAN,,
2026-04-28 08:28:31,WIN-SRV-FILE01,Microsoft-Windows-Security-Auditing,Security,4624,An account was successfully logged on,LOCAL,svc_monitor,PC-FIN-001,192.168.1.119,63308,10,C:\\Program Files\\Google\\Chrome\\Application\\chrome.exe,0x0,0x0,Successful logon for LOCAL\svc_monitor from 192.168.1.119 using logon type 10,0,none,Internal,LAN,,
2026-04-28 08:30:10,WIN11-SEC-022,Microsoft-Windows-Security-Auditing,Security,4624,An account was successfully logged on,EMPRESA,analista01,LAP-GER-003,10.10.40.86,60111,10,C:\\Windows\\System32\\svchost.exe,0x0,0x0,Successful logon for EMPRESA\analista01 from 10.10.40.86 using logon type 10,0,none,Internal,LAN,,
2026-04-28 08:30:43,WIN10-FIN-014,Microsoft-Windows-Security-Auditing,Security,4634,An account was logged off,LOCAL,svc_monitor,LAP-GER-003,172.16.20.35,55789,3,C:\\Windows\\System32\\svchost.exe,0x0,0x0,Logoff for LOCAL\svc_monitor from workstation LAP-GER-003,0,none,Internal,LAN,,
2026-04-28 08:31:42,WIN11-SEC-022,Microsoft-Windows-Security-Auditing,Security,4624,An account was successfully logged on,CORP,finanzas02,PC-RRHH-002,10.10.234.32,57967,10,C:\\Windows\\System32\\svchost.exe,0x0,0x0,Successful logon for CORP\finanzas02 from 10.10.234.32 using logon type 10,0,none,Internal,LAN,,
2026-04-28 08:33:02,WIN-SRV-APP01,Microsoft-Windows-Security-Auditing,Security,4624,An account was successfully logged on,CORP,admin.ops,LAP-GER-003,192.168.1.138,60684,2,C:\\Program Files\\Microsoft Defender\\MsMpEng.exe,0x0,0x0,Successful logon for CORP\admin.ops from 192.168.1.138 using logon type 2,0,none,Internal,LAN,,
2026-04-28 08:33:24,WIN11-SEC-022,Microsoft-Windows-Security-Auditing,Security,4688,A new process has been created,LOCAL,lcastro,LAP-GER-003,10.10.194.207,60197,7,C:\\Windows\\System32\\svchost.exe,0x0,0x0,Process created by LOCAL\lcastro: C:\\Windows\\System32\\svchost.exe,0,none,Internal,LAN,,
2026-04-28 08:34:37,WIN-SRV-APP01,Microsoft-Windows-Security-Auditing,Security,4634,An account was logged off,EMPRESA,mgarcia,LAP-GER-003,10.10.62.25,64488,2,C:\\Program Files\\Microsoft Defender\\MsMpEng.exe,0x0,0x0,Logoff for EMPRESA\mgarcia from workstation LAP-GER-003,0,none,Internal,LAN,,
2026-04-28 08:34:41,WIN11-SEC-022,Microsoft-Windows-Security-Auditing,Security,4624,An account was successfully logged on,CORP,jperez,PC-FIN-001,10.10.127.144,50468,3,C:\\Windows\\System32\\lsass.exe,0x0,0x0,Successful logon for CORP\jperez from 10.10.127.144 using logon type 3,0,none,Internal,LAN,,
2026-04-28 08:35:53,WIN10-FIN-014,Microsoft-Windows-Security-Auditing,Security,4688,A new process has been created,LOCAL,alopez,PC-FIN-001,192.168.1.176,59165,7,C:\\Windows\\System32\\lsass.exe,0x0,0x0,Process created by LOCAL\alopez: C:\\Windows\\System32\\lsass.exe,0,none,Internal,LAN,,
2026-04-28 08:37:01,WIN11-SEC-022,Microsoft-Windows-Security-Auditing,Security,4634,An account was logged off,EMPRESA,crojas,PC-FIN-001,10.10.135.180,56672,3,C:\\Windows\\System32\\winlogon.exe,0x0,0x0,Logoff for EMPRESA\crojas from workstation PC-FIN-001,0,none,Internal,LAN,,
2026-04-28 08:38:06,WIN11-SEC-022,Microsoft-Windows-Security-Auditing,Security,4624,An account was successfully logged on,EMPRESA,crojas,LAP-GER-003,172.16.20.38,57953,2,C:\\Windows\\System32\\WindowsPowerShell\\v1.0\\powershell.exe,0x0,0x0,Successful logon for EMPRESA\crojas from 172.16.20.38 using logon type 2,0,none,Internal,LAN,,
2026-04-28 08:39:02,WIN-SRV-FILE01,Microsoft-Windows-Security-Auditing,Security,4624,An account was successfully logged on,LOCAL,svc_monitor,PC-OPS-014,172.16.20.141,57799,10,C:\\Program Files\\Microsoft Defender\\MsMpEng.exe,0x0,0x0,Successful logon for LOCAL\svc_monitor from 172.16.20.141 using logon type 10,0,none,Internal,LAN,,
2026-04-28 08:39:22,WIN10-FIN-014,Microsoft-Windows-Security-Auditing,Security,4688,A new process has been created,CORP,jperez,PC-OPS-014,10.10.119.233,59448,7,C:\\Windows\\System32\\cmd.exe,0x0,0x0,Process created by CORP\jperez: C:\\Windows\\System32\\cmd.exe,0,none,Internal,LAN,,
2026-04-28 08:39:40,WIN-SRV-FILE01,Microsoft-Windows-Security-Auditing,Security,4624,An account was successfully logged on,CORP,svc_monitor,SRV-MON-001,192.168.1.147,52464,10,C:\\Windows\\System32\\winlogon.exe,0x0,0x0,Successful logon for CORP\svc_monitor from 192.168.1.147 using logon type 10,0,none,Internal,LAN,,
2026-04-28 08:42:10,WIN-SRV-APP01,Microsoft-Windows-Security-Auditing,Security,4624,An account was successfully logged on,LOCAL,svc_backup,LAP-GER-003,172.16.20.142,65148,7,C:\\Windows\\System32\\svchost.exe,0x0,0x0,Successful logon for LOCAL\svc_backup from 172.16.20.142 using logon type 7,0,none,Internal,LAN,,
2026-04-28 08:42:22,WIN-SRV-DC01,Microsoft-Windows-Security-Auditing,Security,4634,An account was logged off,EMPRESA,analista01,SRV-MON-001,172.16.20.240,55032,3,C:\\Windows\\System32\\cmd.exe,0x0,0x0,Logoff for EMPRESA\analista01 from workstation SRV-MON-001,0,none,Internal,LAN,,
2026-04-28 08:43:16,WIN-SRV-DC01,Microsoft-Windows-Security-Auditing,Security,4624,An account was successfully logged on,LOCAL,lcastro,SRV-MON-001,172.16.20.229,54904,3,C:\\Program Files\\Google\\Chrome\\Application\\chrome.exe,0x0,0x0,Successful logon for LOCAL\lcastro from 172.16.20.229 using logon type 3,0,none,Internal,LAN,,
2026-04-28 08:45:01,WIN10-FIN-014,Microsoft-Windows-Security-Auditing,Security,4624,An account was successfully logged on,CORP,svc_backup,SRV-MON-001,192.168.1.104,64371,7,C:\\Windows\\System32\\WindowsPowerShell\\v1.0\\powershell.exe,0x0,0x0,Successful logon for CORP\svc_backup from 192.168.1.104 using logon type 7,0,none,Internal,LAN,,
2026-04-28 08:45:53,WIN-SRV-DC01,Microsoft-Windows-Security-Auditing,Security,4634,An account was logged off,LOCAL,lcastro,LAP-GER-003,10.10.135.65,62700,2,C:\\Windows\\System32\\WindowsPowerShell\\v1.0\\powershell.exe,0x0,0x0,Logoff for LOCAL\lcastro from workstation LAP-GER-003,0,none,Internal,LAN,,
2026-04-28 08:46:28,WIN10-FIN-014,Microsoft-Windows-Security-Auditing,Security,4688,A new process has been created,EMPRESA,mgarcia,PC-FIN-001,10.10.99.168,64521,3,C:\\Windows\\System32\\cmd.exe,0x0,0x0,Process created by EMPRESA\mgarcia: C:\\Windows\\System32\\cmd.exe,0,none,Internal,LAN,,
2026-04-28 08:47:46,WIN10-FIN-014,Microsoft-Windows-Security-Auditing,Security,4634,An account was logged off,CORP,crojas,PC-FIN-001,10.10.236.24,58336,7,C:\\Program Files\\Microsoft Defender\\MsMpEng.exe,0x0,0x0,Logoff for CORP\crojas from workstation PC-FIN-001,0,none,Internal,LAN,,
2026-04-28 08:47:47,WIN-SRV-FILE01,Microsoft-Windows-Security-Auditing,Security,4624,An account was successfully logged on,EMPRESA,svc_monitor,LAP-GER-003,10.10.22.130,65321,10,C:\\Windows\\System32\\svchost.exe,0x0,0x0,Successful logon for EMPRESA\svc_monitor from 10.10.22.130 using logon type 10,0,none,Internal,LAN,,
2026-04-28 08:49:29,WIN10-FIN-014,Microsoft-Windows-Security-Auditing,Security,4624,An account was successfully logged on,EMPRESA,alopez,PC-OPS-014,192.168.1.227,59399,2,C:\\Program Files\\Google\\Chrome\\Application\\chrome.exe,0x0,0x0,Successful logon for EMPRESA\alopez from 192.168.1.227 using logon type 2,0,none,Internal,LAN,,
2026-04-28 08:49:37,WIN-SRV-APP01,Microsoft-Windows-Security-Auditing,Security,4624,An account was successfully logged on,CORP,jperez,PC-RRHH-002,192.168.1.44,59666,2,C:\\Windows\\System32\\lsass.exe,0x0,0x0,Successful logon for CORP\jperez from 192.168.1.44 using logon type 2,0,none,Internal,LAN,,
2026-04-28 08:50:44,WIN-SRV-APP01,Microsoft-Windows-Security-Auditing,Security,4624,An account was successfully logged on,CORP,dtorres,PC-FIN-001,10.10.244.232,57271,10,C:\\Windows\\System32\\WindowsPowerShell\\v1.0\\powershell.exe,0x0,0x0,Successful logon for CORP\dtorres from 10.10.244.232 using logon type 10,0,none,Internal,LAN,,
2026-04-28 08:53:13,WIN10-FIN-014,Microsoft-Windows-Security-Auditing,Security,4624,An account was successfully logged on,EMPRESA,dtorres,PC-FIN-001,172.16.20.129,64188,7,C:\\Windows\\System32\\WindowsPowerShell\\v1.0\\powershell.exe,0x0,0x0,Successful logon for EMPRESA\dtorres from 172.16.20.129 using logon type 7,0,none,Internal,LAN,,
2026-04-28 08:54:25,WIN-SRV-FILE01,Microsoft-Windows-Security-Auditing,Security,4672,Special privileges assigned to new logon,LOCAL,alopez,PC-OPS-014,10.10.233.243,58044,10,C:\\Program Files\\Google\\Chrome\\Application\\chrome.exe,0x0,0x0,Special privileges assigned to LOCAL\alopez,0,none,Internal,LAN,,
2026-04-28 08:54:52,WIN-SRV-DC01,Microsoft-Windows-Security-Auditing,Security,4624,An account was successfully logged on,EMPRESA,svc_monitor,PC-OPS-014,192.168.1.4,54471,7,C:\\Program Files\\Microsoft Defender\\MsMpEng.exe,0x0,0x0,Successful logon for EMPRESA\svc_monitor from 192.168.1.4 using logon type 7,0,none,Internal,LAN,,
2026-04-28 08:55:53,WIN10-FIN-014,Microsoft-Windows-Security-Auditing,Security,4624,An account was successfully logged on,CORP,analista01,PC-OPS-014,192.168.1.128,63527,10,C:\\Program Files\\Google\\Chrome\\Application\\chrome.exe,0x0,0x0,Successful logon for CORP\analista01 from 192.168.1.128 using logon type 10,0,none,Internal,LAN,,
2026-04-28 08:58:11,WIN-SRV-FILE01,Microsoft-Windows-Security-Auditing,Security,4624,An account was successfully logged on,LOCAL,lcastro,PC-FIN-001,192.168.1.38,54975,2,C:\\Windows\\System32\\winlogon.exe,0x0,0x0,Successful logon for LOCAL\lcastro from 192.168.1.38 using logon type 2,0,none,Internal,LAN,,
2026-04-28 08:58:57,WIN11-SEC-022,Microsoft-Windows-Security-Auditing,Security,4634,An account was logged off,LOCAL,crojas,PC-RRHH-002,172.16.20.240,61050,10,C:\\Windows\\System32\\cmd.exe,0x0,0x0,Logoff for LOCAL\crojas from workstation PC-RRHH-002,0,none,Internal,LAN,,
2026-04-28 08:59:05,WIN-SRV-FILE01,Microsoft-Windows-Security-Auditing,Security,4648,A logon was attempted using explicit credentials,EMPRESA,jperez,LAP-GER-003,192.168.1.228,55640,3,C:\\Windows\\System32\\lsass.exe,0x0,0x0,Explicit credentials used by EMPRESA\jperez from LAP-GER-003,0,none,Internal,LAN,,
2026-04-28 09:00:31,WIN-SRV-FILE01,Microsoft-Windows-Security-Auditing,Security,4624,An account was successfully logged on,LOCAL,helpdesk01,SRV-MON-001,192.168.1.86,58731,7,C:\\Windows\\System32\\lsass.exe,0x0,0x0,Successful logon for LOCAL\helpdesk01 from 192.168.1.86 using logon type 7,0,none,Internal,LAN,,
2026-04-28 09:02:09,WIN11-SEC-022,Microsoft-Windows-Security-Auditing,Security,4634,An account was logged off,CORP,finanzas02,SRV-MON-001,10.10.131.153,49276,3,C:\\Windows\\System32\\lsass.exe,0x0,0x0,Logoff for CORP\finanzas02 from workstation SRV-MON-001,0,none,Internal,LAN,,
2026-04-28 09:04:54,WIN11-SEC-022,Microsoft-Windows-Security-Auditing,Security,4634,An account was logged off,CORP,dtorres,PC-RRHH-002,10.10.4.201,54314,3,C:\\Windows\\System32\\svchost.exe,0x0,0x0,Logoff for CORP\dtorres from workstation PC-RRHH-002,0,none,Internal,LAN,,
2026-04-28 09:05:33,WIN11-SEC-022,Microsoft-Windows-Security-Auditing,Security,4634,An account was logged off,LOCAL,dtorres,PC-RRHH-002,10.10.115.230,56366,3,C:\\Windows\\System32\\winlogon.exe,0x0,0x0,Logoff for LOCAL\dtorres from workstation PC-RRHH-002,0,none,Internal,LAN,,
2026-04-28 09:05:33,WIN-SRV-FILE01,Microsoft-Windows-Security-Auditing,Security,4634,An account was logged off,EMPRESA,svc_monitor,PC-OPS-014,10.10.52.136,63713,7,C:\\Windows\\System32\\lsass.exe,0x0,0x0,Logoff for EMPRESA\svc_monitor from workstation PC-OPS-014,0,none,Internal,LAN,,
2026-04-28 09:05:35,WIN10-FIN-014,Microsoft-Windows-Security-Auditing,Security,4672,Special privileges assigned to new logon,CORP,admin.ops,PC-FIN-001,172.16.20.154,57501,2,C:\\Windows\\System32\\lsass.exe,0x0,0x0,Special privileges assigned to CORP\admin.ops,0,none,Internal,LAN,,
2026-04-28 09:08:06,WIN-SRV-DC01,Microsoft-Windows-Security-Auditing,Security,4624,An account was successfully logged on,LOCAL,mgarcia,SRV-MON-001,10.10.254.37,52259,2,C:\\Windows\\System32\\cmd.exe,0x0,0x0,Successful logon for LOCAL\mgarcia from 10.10.254.37 using logon type 2,0,none,Internal,LAN,,
2026-04-28 09:08:59,WIN-SRV-FILE01,Microsoft-Windows-Security-Auditing,Security,4688,A new process has been created,EMPRESA,svc_backup,PC-OPS-014,192.168.1.6,60439,2,C:\\Windows\\System32\\WindowsPowerShell\\v1.0\\powershell.exe,0x0,0x0,Process created by EMPRESA\svc_backup: C:\\Windows\\System32\\WindowsPowerShell\\v1.0\\powershell.exe,0,none,Internal,LAN,,
2026-04-28 09:08:59,WIN10-FIN-014,Microsoft-Windows-Security-Auditing,Security,4624,An account was successfully logged on,LOCAL,finanzas02,PC-OPS-014,172.16.20.204,53637,7,C:\\Program Files\\Google\\Chrome\\Application\\chrome.exe,0x0,0x0,Successful logon for LOCAL\finanzas02 from 172.16.20.204 using logon type 7,0,none,Internal,LAN,,
2026-04-28 09:09:11,WIN11-SEC-022,Microsoft-Windows-Security-Auditing,Security,4624,An account was successfully logged on,LOCAL,dtorres,PC-OPS-014,172.16.20.218,50796,2,C:\\Windows\\System32\\WindowsPowerShell\\v1.0\\powershell.exe,0x0,0x0,Successful logon for LOCAL\dtorres from 172.16.20.218 using logon type 2,0,none,Internal,LAN,,
2026-04-28 09:13:31,WIN11-SEC-022,Microsoft-Windows-Security-Auditing,Security,4624,An account was successfully logged on,LOCAL,svc_backup,LAP-GER-003,172.16.20.40,62976,10,C:\\Windows\\System32\\winlogon.exe,0x0,0x0,Successful logon for LOCAL\svc_backup from 172.16.20.40 using logon type 10,0,none,Internal,LAN,,
2026-04-28 09:15:06,WIN11-SEC-022,Microsoft-Windows-Security-Auditing,Security,4634,An account was logged off,LOCAL,svc_backup,LAP-GER-003,172.16.20.110,54637,7,C:\\Windows\\System32\\lsass.exe,0x0,0x0,Logoff for LOCAL\svc_backup from workstation LAP-GER-003,0,none,Internal,LAN,,
2026-04-28 09:15:19,WIN-SRV-DC01,Microsoft-Windows-Security-Auditing,Security,4624,An account was successfully logged on,LOCAL,svc_monitor,PC-FIN-001,172.16.20.46,65152,2,C:\\Windows\\System32\\winlogon.exe,0x0,0x0,Successful logon for LOCAL\svc_monitor from 172.16.20.46 using logon type 2,0,none,Internal,LAN,,
2026-04-28 09:15:43,WIN-SRV-FILE01,Microsoft-Windows-Security-Auditing,Security,4634,An account was logged off,CORP,jperez,PC-RRHH-002,10.10.215.28,61929,7,C:\\Windows\\System32\\cmd.exe,0x0,0x0,Logoff for CORP\jperez from workstation PC-RRHH-002,0,none,Internal,LAN,,
2026-04-28 09:17:36,WIN-SRV-DC01,Microsoft-Windows-Security-Auditing,Security,4634,An account was logged off,CORP,jperez,SRV-MON-001,192.168.1.96,64394,10,C:\\Windows\\System32\\cmd.exe,0x0,0x0,Logoff for CORP\jperez from workstation SRV-MON-001,0,none,Internal,LAN,,
2026-04-28 09:18:04,WIN-SRV-DC01,Microsoft-Windows-Security-Auditing,Security,4688,A new process has been created,EMPRESA,dtorres,LAP-GER-003,192.168.1.150,64333,10,C:\\Windows\\System32\\winlogon.exe,0x0,0x0,Process created by EMPRESA\dtorres: C:\\Windows\\System32\\winlogon.exe,0,none,Internal,LAN,,
2026-04-28 09:18:05,WIN-SRV-FILE01,Microsoft-Windows-Security-Auditing,Security,4624,An account was successfully logged on,CORP,lcastro,PC-FIN-001,172.16.20.114,62299,3,C:\\Program Files\\Google\\Chrome\\Application\\chrome.exe,0x0,0x0,Successful logon for CORP\lcastro from 172.16.20.114 using logon type 3,0,none,Internal,LAN,,
2026-04-28 09:18:52,WIN-SRV-FILE01,Microsoft-Windows-Security-Auditing,Security,4672,Special privileges assigned to new logon,CORP,svc_monitor,LAP-GER-003,10.10.131.207,54841,2,C:\\Windows\\System32\\svchost.exe,0x0,0x0,Special privileges assigned to CORP\svc_monitor,0,none,Internal,LAN,,
2026-04-28 09:19:14,WIN-SRV-APP01,Microsoft-Windows-Security-Auditing,Security,4624,An account was successfully logged on,LOCAL,jperez,PC-OPS-014,192.168.1.221,51469,10,C:\\Windows\\System32\\lsass.exe,0x0,0x0,Successful logon for LOCAL\jperez from 192.168.1.221 using logon type 10,0,none,Internal,LAN,,
2026-04-28 09:21:49,WIN10-FIN-014,Microsoft-Windows-Security-Auditing,Security,4624,An account was successfully logged on,CORP,lcastro,PC-FIN-001,10.10.221.220,53956,2,C:\\Windows\\System32\\lsass.exe,0x0,0x0,Successful logon for CORP\lcastro from 10.10.221.220 using logon type 2,0,none,Internal,LAN,,
2026-04-28 09:22:49,WIN11-SEC-022,Microsoft-Windows-Security-Auditing,Security,4624,An account was successfully logged on,EMPRESA,analista01,SRV-MON-001,10.10.79.92,59222,7,C:\\Program Files\\Microsoft Defender\\MsMpEng.exe,0x0,0x0,Successful logon for EMPRESA\analista01 from 10.10.79.92 using logon type 7,0,none,Internal,LAN,,
2026-04-28 09:23:30,WIN-SRV-DC01,Microsoft-Windows-Security-Auditing,Security,4634,An account was logged off,CORP,crojas,LAP-GER-003,172.16.20.156,61749,10,C:\\Windows\\System32\\WindowsPowerShell\\v1.0\\powershell.exe,0x0,0x0,Logoff for CORP\crojas from workstation LAP-GER-003,0,none,Internal,LAN,,
2026-04-28 09:24:28,WIN-SRV-DC01,Microsoft-Windows-Security-Auditing,Security,4624,An account was successfully logged on,LOCAL,jperez,PC-RRHH-002,10.10.177.153,49840,3,C:\\Windows\\System32\\lsass.exe,0x0,0x0,Successful logon for LOCAL\jperez from 10.10.177.153 using logon type 3,0,none,Internal,LAN,,
2026-04-28 09:24:30,WIN10-FIN-014,Microsoft-Windows-Security-Auditing,Security,4624,An account was successfully logged on,LOCAL,svc_backup,PC-OPS-014,10.10.238.214,63587,2,C:\\Windows\\System32\\svchost.exe,0x0,0x0,Successful logon for LOCAL\svc_backup from 10.10.238.214 using logon type 2,0,none,Internal,LAN,,
2026-04-28 09:25:43,WIN10-FIN-014,Microsoft-Windows-Security-Auditing,Security,4688,A new process has been created,LOCAL,analista01,LAP-GER-003,10.10.159.161,61114,2,C:\\Windows\\System32\\svchost.exe,0x0,0x0,Process created by LOCAL\analista01: C:\\Windows\\System32\\svchost.exe,0,none,Internal,LAN,,
2026-04-28 09:26:24,WIN-SRV-FILE01,Microsoft-Windows-Security-Auditing,Security,4688,A new process has been created,CORP,mgarcia,PC-OPS-014,192.168.1.204,61136,7,C:\\Windows\\System32\\WindowsPowerShell\\v1.0\\powershell.exe,0x0,0x0,Process created by CORP\mgarcia: C:\\Windows\\System32\\WindowsPowerShell\\v1.0\\powershell.exe,0,none,Internal,LAN,,
2026-04-28 09:29:27,WIN-SRV-FILE01,Microsoft-Windows-Security-Auditing,Security,4634,An account was logged off,EMPRESA,helpdesk01,PC-FIN-001,172.16.20.88,63704,2,C:\\Program Files\\Google\\Chrome\\Application\\chrome.exe,0x0,0x0,Logoff for EMPRESA\helpdesk01 from workstation PC-FIN-001,0,none,Internal,LAN,,
2026-04-28 09:30:44,WIN-SRV-FILE01,Microsoft-Windows-Security-Auditing,Security,4624,An account was successfully logged on,CORP,dtorres,LAP-GER-003,172.16.20.5,65166,7,C:\\Windows\\System32\\winlogon.exe,0x0,0x0,Successful logon for CORP\dtorres from 172.16.20.5 using logon type 7,0,none,Internal,LAN,,
