2026-04-29 05:03:20,WIN11-SEC-022,Microsoft-Windows-Security-Auditing,Security,4625,An account failed to log on,CORP,usuario,-,192.0.2.90,46084,3,C:\\Windows\\System32\\winlogon.exe,0xC000006D,0xC000006A,Failed logon from 192.0.2.90 against multiple users; possible password spray,1,password_spray,Chile,Santiago,-33.38165,-70.39985
2026-04-29 05:03:32,WIN-SRV-FILE01,Microsoft-Windows-Security-Auditing,Security,4688,A new process has been created,EMPRESA,guest,KALI,198.51.100.68,62326,2,C:\\Windows\\System32\\cmd.exe /c whoami && net user,0x0,0x0,Suspicious process execution by EMPRESA\guest: C:\\Windows\\System32\\cmd.exe /c whoami && net user,1,suspicious_process_execution,India,Mumbai,18.69464,72.89326
2026-04-29 05:04:19,WIN-SRV-FILE01,Microsoft-Windows-Security-Auditing,Security,4625,An account failed to log on,LOCAL,guest,WIN-RDP,203.0.113.226,64849,10,C:\\Windows\\System32\\svchost.exe,0xC000006D,0xC000006A,Failed logon for LOCAL\guest from 203.0.113.226; possible brute force,1,brute_force_logon,Spain,Madrid,40.73858,-3.72862
2026-04-29 05:04:23,WIN10-FIN-014,Microsoft-Windows-Security-Auditing,Security,4625,An account failed to log on,EMPRESA,administrator,ATTACKBOX,192.0.2.57,45546,3,C:\\Windows\\System32\\cmd.exe,0xC000006A,0xC0000064,Failed logon for EMPRESA\administrator from 192.0.2.57; possible brute force,1,brute_force_logon,Spain,Madrid,40.11751,-3.30608
2026-04-29 05:04:52,WIN-SRV-FILE01,Microsoft-Windows-Security-Auditing,Security,4688,A new process has been created,EMPRESA,crojas,PC-FIN-001,10.10.165.181,55112,3,C:\\Windows\\System32\\WindowsPowerShell\\v1.0\\powershell.exe,0x0,0x0,Process created by EMPRESA\crojas: C:\\Windows\\System32\\WindowsPowerShell\\v1.0\\powershell.exe,0,none,Internal,LAN,,
2026-04-29 05:05:00,WIN11-SEC-022,Microsoft-Windows-Security-Auditing,Security,4634,An account was logged off,CORP,svc_backup,LAP-GER-003,172.16.20.64,51376,3,C:\\Windows\\System32\\WindowsPowerShell\\v1.0\\powershell.exe,0x0,0x0,Logoff for CORP\svc_backup from workstation LAP-GER-003,0,none,Internal,LAN,,
2026-04-29 05:05:02,WIN-SRV-APP01,Microsoft-Windows-Security-Auditing,Security,4625,An account failed to log on,CORP,sqladmin,-,192.0.2.231,22577,3,C:\\Windows\\System32\\cmd.exe,0xC000006A,0xC0000064,Failed logon for CORP\sqladmin from 192.0.2.231; possible brute force,1,brute_force_logon,Spain,Madrid,40.71799,-3.50703
2026-04-29 05:05:28,WIN-SRV-APP01,Microsoft-Windows-Security-Auditing,Security,4624,An account was successfully logged on,LOCAL,alopez,LAP-GER-003,192.168.1.135,58949,2,C:\\Windows\\System32\\WindowsPowerShell\\v1.0\\powershell.exe,0x0,0x0,Successful logon for LOCAL\alopez from 192.168.1.135 using logon type 2,0,none,Internal,LAN,,
2026-04-29 05:06:02,WIN-SRV-FILE01,Microsoft-Windows-Security-Auditing,Security,4624,An account was successfully logged on,EMPRESA,dtorres,PC-FIN-001,192.168.1.246,52748,3,C:\\Windows\\System32\\winlogon.exe,0x0,0x0,Successful logon for EMPRESA\dtorres from 192.168.1.246 using logon type 3,0,none,Internal,LAN,,
2026-04-29 05:06:05,WIN-SRV-DC01,Microsoft-Windows-Security-Auditing,Security,4625,An account failed to log on,EMPRESA,guest,KALI,203.0.113.122,16472,3,C:\\Program Files\\Google\\Chrome\\Application\\chrome.exe,0xC000006D,0xC000006A,Failed logon from 203.0.113.122 against multiple users; possible password spray,1,password_spray,Japan,Tokyo,35.61879,139.23402
2026-04-29 05:08:37,WIN-SRV-FILE01,Microsoft-Windows-Security-Auditing,Security,4634,An account was logged off,LOCAL,dtorres,SRV-MON-001,172.16.20.115,61193,3,C:\\Windows\\System32\\winlogon.exe,0x0,0x0,Logoff for LOCAL\dtorres from workstation SRV-MON-001,0,none,Internal,LAN,,
2026-04-29 05:09:01,WIN11-SEC-022,Microsoft-Windows-Security-Auditing,Security,4624,An account was successfully logged on,CORP,administrator,KALI,192.0.2.11,34665,3,C:\\Windows\\System32\\winlogon.exe,0x0,0x0,Successful remote administrative logon for CORP\administrator from external IP 192.0.2.11,1,suspicious_admin_logon,Spain,Madrid,40.5694,-3.61184
2026-04-29 05:09:14,WIN-SRV-APP01,Microsoft-Windows-Security-Auditing,Security,4625,An account failed to log on,EMPRESA,admin,-,203.0.113.35,36395,10,C:\\Program Files\\Google\\Chrome\\Application\\chrome.exe,0xC000006D,0xC000006A,Failed logon for EMPRESA\admin from 203.0.113.35; possible brute force,1,brute_force_logon,Japan,Tokyo,35.74767,139.66044
2026-04-29 05:09:24,WIN-SRV-DC01,Microsoft-Windows-Security-Auditing,Security,4625,An account failed to log on,EMPRESA,guest,KALI,203.0.113.77,4188,3,C:\\Windows\\System32\\winlogon.exe,0xC000006A,0xC000006A,Failed logon for EMPRESA\guest from 203.0.113.77; possible brute force,1,brute_force_logon,Peru,Lima,-11.7362,-77.0589
2026-04-29 05:10:09,WIN11-SEC-022,Microsoft-Windows-Security-Auditing,Security,4634,An account was logged off,EMPRESA,alopez,SRV-MON-001,10.10.214.246,54152,3,C:\\Program Files\\Google\\Chrome\\Application\\chrome.exe,0x0,0x0,Logoff for EMPRESA\alopez from workstation SRV-MON-001,0,none,Internal,LAN,,
2026-04-29 05:10:33,WIN-SRV-FILE01,Microsoft-Windows-Security-Auditing,Security,4625,An account failed to log on,LOCAL,oracle,WIN-RDP,203.0.113.144,1957,3,C:\\Windows\\System32\\lsass.exe,0xC000006D,0xC000006A,Failed logon from 203.0.113.144 against multiple users; possible password spray,1,password_spray,Australia,Sydney,-33.65613,151.11213
2026-04-29 05:11:08,WIN11-SEC-022,Microsoft-Windows-Security-Auditing,Security,4624,An account was successfully logged on,LOCAL,crojas,SRV-MON-001,10.10.209.155,54317,2,C:\\Program Files\\Microsoft Defender\\MsMpEng.exe,0x0,0x0,Successful logon for LOCAL\crojas from 10.10.209.155 using logon type 2,0,none,Internal,LAN,,
2026-04-29 05:11:14,WIN-SRV-APP01,Microsoft-Windows-Security-Auditing,Security,4688,A new process has been created,EMPRESA,mgarcia,PC-FIN-001,172.16.20.252,58659,2,C:\\Program Files\\Microsoft Defender\\MsMpEng.exe,0x0,0x0,Process created by EMPRESA\mgarcia: C:\\Program Files\\Microsoft Defender\\MsMpEng.exe,0,none,Internal,LAN,,
2026-04-29 05:11:55,WIN-SRV-DC01,Microsoft-Windows-Security-Auditing,Security,4624,An account was successfully logged on,CORP,crojas,PC-FIN-001,192.168.1.38,62529,2,C:\\Program Files\\Google\\Chrome\\Application\\chrome.exe,0x0,0x0,Successful logon for CORP\crojas from 192.168.1.38 using logon type 2,0,none,Internal,LAN,,
2026-04-29 05:12:10,WIN-SRV-DC01,Microsoft-Windows-Security-Auditing,Security,4625,An account failed to log on,CORP,usuario,KALI,203.0.113.246,54647,10,C:\\Windows\\System32\\svchost.exe,0xC000006D,0xC0000064,Failed logon for CORP\usuario from 203.0.113.246; possible brute force,1,brute_force_logon,Russia,Moscow,55.34001,37.18519
2026-04-29 05:12:36,WIN10-FIN-014,Microsoft-Windows-Security-Auditing,Security,4732,A member was added to a security-enabled local group,CORP,tempadmin,WIN-RDP,192.0.2.211,63853,2,C:\\Program Files\\Microsoft Defender\\MsMpEng.exe,0x0,0x0,Account CORP\tempadmin added to local Administrators group from 192.0.2.211,1,admin_group_membership_added,South Africa,Johannesburg,-26.22032,27.63891
2026-04-29 05:12:51,WIN-SRV-FILE01,Microsoft-Windows-Security-Auditing,Security,4625,An account failed to log on,EMPRESA,usuario,WIN-RDP,192.0.2.36,54021,10,C:\\Program Files\\Microsoft Defender\\MsMpEng.exe,0xC000006D,0xC000006A,Failed logon for EMPRESA\usuario from 192.0.2.36; possible brute force,1,brute_force_logon,South Africa,Johannesburg,-26.05658,28.30622
2026-04-29 05:12:51,WIN-SRV-DC01,Microsoft-Windows-Security-Auditing,Security,4672,Special privileges assigned to new logon,CORP,admin,KALI,198.51.100.33,41353,10,C:\\Windows\\System32\\cmd.exe,0x0,0x0,Special privileges assigned to suspicious account CORP\admin from 198.51.100.33,1,privilege_escalation,Netherlands,Amsterdam,52.12671,4.72873
2026-04-29 05:13:48,WIN-SRV-DC01,Microsoft-Windows-Security-Auditing,Security,4624,An account was successfully logged on,EMPRESA,alopez,PC-FIN-001,172.16.20.242,61205,2,C:\\Windows\\System32\\WindowsPowerShell\\v1.0\\powershell.exe,0x0,0x0,Successful logon for EMPRESA\alopez from 172.16.20.242 using logon type 2,0,none,Internal,LAN,,
2026-04-29 05:13:55,WIN11-SEC-022,Microsoft-Windows-Security-Auditing,Security,4624,An account was successfully logged on,EMPRESA,analista01,LAP-GER-003,192.168.1.63,57863,10,C:\\Program Files\\Microsoft Defender\\MsMpEng.exe,0x0,0x0,Successful logon for EMPRESA\analista01 from 192.168.1.63 using logon type 10,0,none,Internal,LAN,,
2026-04-29 05:15:41,WIN-SRV-FILE01,Microsoft-Windows-Security-Auditing,Security,4688,A new process has been created,CORP,admin,WIN-RDP,198.51.100.169,30753,2,C:\\Users\\Public\\loader.exe,0x0,0x0,Suspicious process execution by CORP\admin: C:\\Users\\Public\\loader.exe,1,suspicious_process_execution,Mexico,Mexico City,19.81201,-99.49836
2026-04-29 05:17:17,WIN11-SEC-022,Microsoft-Windows-Security-Auditing,Security,4625,An account failed to log on,CORP,guest,WIN-RDP,203.0.113.230,17444,3,C:\\Windows\\System32\\lsass.exe,0xC000006D,0xC000006A,Failed logon for CORP\guest from 203.0.113.230; possible brute force,1,brute_force_logon,India,Mumbai,18.81798,73.01749
2026-04-29 05:17:49,WIN-SRV-APP01,Microsoft-Windows-Security-Auditing,Security,4672,Special privileges assigned to new logon,CORP,administrator,WIN-RDP,198.51.100.29,42545,10,C:\\Windows\\System32\\svchost.exe,0x0,0x0,Special privileges assigned to suspicious account CORP\administrator from 198.51.100.29,1,privilege_escalation,Germany,Frankfurt,50.39258,9.11995
2026-04-29 05:18:03,WIN11-SEC-022,Microsoft-Windows-Security-Auditing,Security,4624,An account was successfully logged on,CORP,mgarcia,LAP-GER-003,10.10.85.104,50397,3,C:\\Windows\\System32\\cmd.exe,0x0,0x0,Successful logon for CORP\mgarcia from 10.10.85.104 using logon type 3,0,none,Internal,LAN,,
2026-04-29 05:18:06,WIN10-FIN-014,Microsoft-Windows-Security-Auditing,Security,4634,An account was logged off,CORP,svc_monitor,LAP-GER-003,192.168.1.17,64864,7,C:\\Program Files\\Google\\Chrome\\Application\\chrome.exe,0x0,0x0,Logoff for CORP\svc_monitor from workstation LAP-GER-003,0,none,Internal,LAN,,
2026-04-29 05:19:21,WIN-SRV-FILE01,Microsoft-Windows-Security-Auditing,Security,4624,An account was successfully logged on,LOCAL,domain.admin,WIN-RDP,198.51.100.139,47587,3,C:\\Windows\\System32\\WindowsPowerShell\\v1.0\\powershell.exe,0x0,0x0,Successful remote administrative logon for LOCAL\domain.admin from external IP 198.51.100.139,1,suspicious_admin_logon,Germany,Frankfurt,49.84799,8.48017
2026-04-29 05:19:43,WIN10-FIN-014,Microsoft-Windows-Security-Auditing,Security,4688,A new process has been created,EMPRESA,analista01,PC-RRHH-002,192.168.1.68,60689,10,C:\\Program Files\\Google\\Chrome\\Application\\chrome.exe,0x0,0x0,Process created by EMPRESA\analista01: C:\\Program Files\\Google\\Chrome\\Application\\chrome.exe,0,none,Internal,LAN,,
2026-04-29 05:21:02,WIN-SRV-FILE01,Microsoft-Windows-Security-Auditing,Security,4720,A user account was created,CORP,soporte2,WIN-RDP,192.0.2.48,19878,2,C:\\Windows\\System32\\cmd.exe,0x0,0x0,Suspicious user account created: CORP\soporte2 from 192.0.2.48,1,account_creation,China,Shanghai,31.64935,121.71309
2026-04-29 05:23:31,WIN-SRV-DC01,Microsoft-Windows-Security-Auditing,Security,4672,Special privileges assigned to new logon,EMPRESA,soporte,ATTACKBOX,192.0.2.34,62339,2,C:\\Program Files\\Google\\Chrome\\Application\\chrome.exe,0x0,0x0,Special privileges assigned to suspicious account EMPRESA\soporte from 192.0.2.34,1,privilege_escalation,Argentina,Buenos Aires,-34.51538,-58.60312
2026-04-29 05:23:39,WIN-SRV-FILE01,Microsoft-Windows-Security-Auditing,Security,4634,An account was logged off,CORP,analista01,PC-OPS-014,172.16.20.238,55005,2,C:\\Windows\\System32\\lsass.exe,0x0,0x0,Logoff for CORP\analista01 from workstation PC-OPS-014,0,none,Internal,LAN,,
2026-04-29 05:23:43,WIN11-SEC-022,Microsoft-Windows-Security-Auditing,Security,4625,An account failed to log on,LOCAL,root,WIN-RDP,198.51.100.19,38445,10,C:\\Program Files\\Microsoft Defender\\MsMpEng.exe,0xC000006D,0xC000006A,Failed logon from 198.51.100.19 against multiple users; possible password spray,1,password_spray,Mexico,Mexico City,19.40992,-99.17197
2026-04-29 05:24:09,WIN11-SEC-022,Microsoft-Windows-Security-Auditing,Security,4720,A user account was created,EMPRESA,backup2,KALI,192.0.2.13,58010,7,C:\\Windows\\System32\\cmd.exe,0x0,0x0,Suspicious user account created: EMPRESA\backup2 from 192.0.2.13,1,account_creation,Japan,Tokyo,35.64074,139.86069
2026-04-29 05:24:32,WIN10-FIN-014,Microsoft-Windows-Security-Auditing,Security,4624,An account was successfully logged on,EMPRESA,helpdesk01,SRV-MON-001,192.168.1.110,56477,7,C:\\Program Files\\Microsoft Defender\\MsMpEng.exe,0x0,0x0,Successful logon for EMPRESA\helpdesk01 from 192.168.1.110 using logon type 7,0,none,Internal,LAN,,
2026-04-29 05:24:44,WIN-SRV-DC01,Microsoft-Windows-Security-Auditing,Security,4625,An account failed to log on,EMPRESA,guest,UNKNOWN,198.51.100.48,20372,10,C:\\Program Files\\Microsoft Defender\\MsMpEng.exe,0xC000006A,0xC000006A,Failed logon for EMPRESA\guest from 198.51.100.48; possible brute force,1,brute_force_logon,South Africa,Johannesburg,-25.90477,28.14854
2026-04-29 05:25:20,WIN-SRV-DC01,Microsoft-Windows-Security-Auditing,Security,4672,Special privileges assigned to new logon,CORP,administrator,-,198.51.100.167,28402,2,C:\\Windows\\System32\\WindowsPowerShell\\v1.0\\powershell.exe,0x0,0x0,Special privileges assigned to suspicious account CORP\administrator from 198.51.100.167,1,privilege_escalation,Russia,Moscow,55.96948,37.78383
2026-04-29 05:25:52,WIN10-FIN-014,Microsoft-Windows-Security-Auditing,Security,4625,An account failed to log on,LOCAL,admin,WIN-RDP,203.0.113.200,34746,10,C:\\Program Files\\Microsoft Defender\\MsMpEng.exe,0xC000006D,0xC000006A,Failed logon from 203.0.113.200 against multiple users; possible password spray,1,password_spray,Brazil,Sao Paulo,-23.77367,-46.9949
2026-04-29 05:26:07,WIN11-SEC-022,Microsoft-Windows-Security-Auditing,Security,4672,Special privileges assigned to new logon,LOCAL,admin,UNKNOWN,198.51.100.100,9306,10,C:\\Windows\\System32\\cmd.exe,0x0,0x0,Special privileges assigned to suspicious account LOCAL\admin from 198.51.100.100,1,privilege_escalation,Chile,Santiago,-33.34836,-70.38388
2026-04-29 05:26:34,WIN-SRV-DC01,Microsoft-Windows-Security-Auditing,Security,4688,A new process has been created,EMPRESA,usuario,-,192.0.2.104,56365,7,C:\\Windows\\System32\\net.exe localgroup administrators soporte /add,0x0,0x0,Suspicious process execution by EMPRESA\usuario: C:\\Windows\\System32\\net.exe localgroup administrators soporte /add,1,suspicious_process_execution,Japan,Tokyo,35.59249,139.54962
2026-04-29 05:26:44,WIN-SRV-APP01,Microsoft-Windows-Security-Auditing,Security,4672,Special privileges assigned to new logon,CORP,soporte,WIN-RDP,192.0.2.207,41200,10,C:\\Windows\\System32\\lsass.exe,0x0,0x0,Special privileges assigned to suspicious account CORP\soporte from 192.0.2.207,1,privilege_escalation,Australia,Sydney,-34.08514,151.3848
2026-04-29 05:26:59,WIN10-FIN-014,Microsoft-Windows-Security-Auditing,Security,4688,A new process has been created,EMPRESA,admin.ops,PC-OPS-014,192.168.1.240,59587,7,C:\\Program Files\\Microsoft Defender\\MsMpEng.exe,0x0,0x0,Process created by EMPRESA\admin.ops: C:\\Program Files\\Microsoft Defender\\MsMpEng.exe,0,none,Internal,LAN,,
2026-04-29 05:27:21,WIN-SRV-DC01,Microsoft-Windows-Security-Auditing,Security,4624,An account was successfully logged on,EMPRESA,jperez,PC-RRHH-002,192.168.1.35,50596,7,C:\\Program Files\\Google\\Chrome\\Application\\chrome.exe,0x0,0x0,Successful logon for EMPRESA\jperez from 192.168.1.35 using logon type 7,0,none,Internal,LAN,,
2026-04-29 05:27:49,WIN-SRV-FILE01,Microsoft-Windows-Security-Auditing,Security,4688,A new process has been created,EMPRESA,helpdesk01,PC-RRHH-002,172.16.20.57,64217,10,C:\\Windows\\System32\\cmd.exe,0x0,0x0,Process created by EMPRESA\helpdesk01: C:\\Windows\\System32\\cmd.exe,0,none,Internal,LAN,,
2026-04-29 05:28:13,WIN-SRV-DC01,Microsoft-Windows-Security-Auditing,Security,4648,A logon was attempted using explicit credentials,LOCAL,administrator,-,198.51.100.165,62418,10,C:\\Windows\\System32\\svchost.exe,0x0,0x0,Explicit credentials used suspiciously by LOCAL\administrator from 198.51.100.165,1,explicit_credentials_abuse,Netherlands,Amsterdam,52.77624,5.03336
2026-04-29 05:28:47,WIN10-FIN-014,Microsoft-Windows-Security-Auditing,Security,4634,An account was logged off,EMPRESA,finanzas02,PC-RRHH-002,172.16.20.151,52258,3,C:\\Windows\\System32\\lsass.exe,0x0,0x0,Logoff for EMPRESA\finanzas02 from workstation PC-RRHH-002,0,none,Internal,LAN,,
2026-04-29 05:28:50,WIN11-SEC-022,Microsoft-Windows-Security-Auditing,Security,4634,An account was logged off,CORP,dtorres,PC-FIN-001,192.168.1.185,51071,3,C:\\Windows\\System32\\winlogon.exe,0x0,0x0,Logoff for CORP\dtorres from workstation PC-FIN-001,0,none,Internal,LAN,,
2026-04-29 05:29:01,WIN-SRV-APP01,Microsoft-Windows-Security-Auditing,Security,4625,An account failed to log on,CORP,oracle,-,198.51.100.192,62523,3,C:\\Program Files\\Microsoft Defender\\MsMpEng.exe,0xC000006A,0xC000006A,Failed logon for CORP\oracle from 198.51.100.192; possible brute force,1,brute_force_logon,Peru,Lima,-11.70974,-77.22947
2026-04-29 05:29:32,WIN-SRV-APP01,Microsoft-Windows-Security-Auditing,Security,4625,An account failed to log on,LOCAL,guest,ATTACKBOX,192.0.2.32,52338,10,C:\\Windows\\System32\\winlogon.exe,0xC000006D,0xC0000064,Failed logon for LOCAL\guest from 192.0.2.32; possible brute force,1,brute_force_logon,Mexico,Mexico City,19.6664,-99.06633
2026-04-29 05:29:32,WIN10-FIN-014,Microsoft-Windows-Security-Auditing,Security,4625,An account failed to log on,LOCAL,guest,WIN-RDP,198.51.100.39,52237,10,C:\\Windows\\System32\\WindowsPowerShell\\v1.0\\powershell.exe,0xC000006D,0xC000006A,Failed logon from 198.51.100.39 against multiple users; possible password spray,1,password_spray,Mexico,Mexico City,19.35552,-99.05198
2026-04-29 05:29:41,WIN-SRV-APP01,Microsoft-Windows-Security-Auditing,Security,4625,An account failed to log on,CORP,root,WIN-RDP,198.51.100.61,27492,3,C:\\Windows\\System32\\winlogon.exe,0xC000006A,0xC000006A,Failed logon for CORP\root from 198.51.100.61; possible brute force,1,brute_force_logon,Brazil,Sao Paulo,-23.1206,-46.71246
2026-04-29 05:30:04,WIN-SRV-FILE01,Microsoft-Windows-Security-Auditing,Security,4625,An account failed to log on,LOCAL,administrator,ATTACKBOX,198.51.100.68,49645,3,C:\\Windows\\System32\\lsass.exe,0xC000006D,0xC000006A,Failed logon from 198.51.100.68 against multiple users; possible password spray,1,password_spray,Chile,Santiago,-33.465,-70.44152
2026-04-29 05:30:16,WIN10-FIN-014,Microsoft-Windows-Security-Auditing,Security,4648,A logon was attempted using explicit credentials,CORP,administrator,UNKNOWN,192.0.2.46,40953,3,C:\\Windows\\System32\\WindowsPowerShell\\v1.0\\powershell.exe,0x0,0x0,Explicit credentials used suspiciously by CORP\administrator from 192.0.2.46,1,explicit_credentials_abuse,Russia,Moscow,56.19871,37.35678
2026-04-29 05:30:32,WIN-SRV-APP01,Microsoft-Windows-Security-Auditing,Security,4720,A user account was created,EMPRESA,tempadmin,ATTACKBOX,198.51.100.2,4915,10,C:\\Windows\\System32\\svchost.exe,0x0,0x0,Suspicious user account created: EMPRESA\tempadmin from 198.51.100.2,1,account_creation,Germany,Frankfurt,50.26599,8.80714
2026-04-29 05:30:55,WIN-SRV-DC01,Microsoft-Windows-Security-Auditing,Security,4720,A user account was created,LOCAL,svc_temp,ATTACKBOX,198.51.100.154,31748,3,C:\\Program Files\\Google\\Chrome\\Application\\chrome.exe,0x0,0x0,Suspicious user account created: LOCAL\svc_temp from 198.51.100.154,1,account_creation,Brazil,Sao Paulo,-23.68522,-46.5919
2026-04-29 05:30:56,WIN10-FIN-014,Microsoft-Windows-Security-Auditing,Security,4688,A new process has been created,CORP,usuario,WIN-RDP,198.51.100.181,64951,3,C:\\Windows\\System32\\cmd.exe /c whoami && net user,0x0,0x0,Suspicious process execution by CORP\usuario: C:\\Windows\\System32\\cmd.exe /c whoami && net user,1,suspicious_process_execution,Netherlands,Amsterdam,52.47764,4.48385
2026-04-29 05:31:01,WIN10-FIN-014,Microsoft-Windows-Security-Auditing,Security,4688,A new process has been created,LOCAL,sqladmin,KALI,203.0.113.127,14241,2,C:\\Windows\\System32\\net.exe localgroup administrators soporte /add,0x0,0x0,Suspicious process execution by LOCAL\sqladmin: C:\\Windows\\System32\\net.exe localgroup administrators soporte /add,1,suspicious_process_execution,Germany,Frankfurt,49.94247,8.37243
2026-04-29 05:31:12,WIN-SRV-FILE01,Microsoft-Windows-Security-Auditing,Security,4720,A user account was created,EMPRESA,backup2,KALI,192.0.2.67,43850,10,C:\\Windows\\System32\\svchost.exe,0x0,0x0,Suspicious user account created: EMPRESA\backup2 from 192.0.2.67,1,account_creation,Peru,Lima,-12.01056,-77.42347
2026-04-29 05:31:25,WIN-SRV-DC01,Microsoft-Windows-Security-Auditing,Security,4624,An account was successfully logged on,LOCAL,lcastro,LAP-GER-003,192.168.1.208,50357,10,C:\\Program Files\\Microsoft Defender\\MsMpEng.exe,0x0,0x0,Successful logon for LOCAL\lcastro from 192.168.1.208 using logon type 10,0,none,Internal,LAN,,
2026-04-29 05:31:41,WIN-SRV-FILE01,Microsoft-Windows-Security-Auditing,Security,4625,An account failed to log on,EMPRESA,admin,WIN-RDP,192.0.2.69,16985,3,C:\\Windows\\System32\\winlogon.exe,0xC000006D,0xC0000064,Failed logon for EMPRESA\admin from 192.0.2.69; possible brute force,1,brute_force_logon,Germany,Frankfurt,49.9492,8.43138
2026-04-29 05:31:56,WIN-SRV-FILE01,Microsoft-Windows-Security-Auditing,Security,4732,A member was added to a security-enabled local group,EMPRESA,tempadmin,KALI,198.51.100.105,36291,10,C:\\Windows\\System32\\winlogon.exe,0x0,0x0,Account EMPRESA\tempadmin added to local Administrators group from 198.51.100.105,1,admin_group_membership_added,India,Mumbai,19.12453,73.31577
2026-04-29 05:32:28,WIN-SRV-FILE01,Microsoft-Windows-Security-Auditing,Security,4648,A logon was attempted using explicit credentials,EMPRESA,dtorres,LAP-GER-003,192.168.1.10,49361,2,C:\\Windows\\System32\\WindowsPowerShell\\v1.0\\powershell.exe,0x0,0x0,Explicit credentials used by EMPRESA\dtorres from LAP-GER-003,0,none,Internal,LAN,,
2026-04-29 05:32:45,WIN11-SEC-022,Microsoft-Windows-Security-Auditing,Security,4625,An account failed to log on,EMPRESA,sqladmin,WIN-RDP,198.51.100.50,5148,3,C:\\Windows\\System32\\lsass.exe,0xC000006D,0xC000006A,Failed logon from 198.51.100.50 against multiple users; possible password spray,1,password_spray,Russia,Moscow,55.8449,37.29317
2026-04-29 05:33:23,WIN10-FIN-014,Microsoft-Windows-Security-Auditing,Security,4688,A new process has been created,EMPRESA,svc_backup,PC-RRHH-002,172.16.20.103,55033,7,C:\\Program Files\\Google\\Chrome\\Application\\chrome.exe,0x0,0x0,Process created by EMPRESA\svc_backup: C:\\Program Files\\Google\\Chrome\\Application\\chrome.exe,0,none,Internal,LAN,,
2026-04-29 05:33:45,WIN10-FIN-014,Microsoft-Windows-Security-Auditing,Security,4625,An account failed to log on,CORP,guest,UNKNOWN,198.51.100.80,62847,10,C:\\Windows\\System32\\lsass.exe,0xC000006D,0xC0000064,Failed logon for CORP\guest from 198.51.100.80; possible brute force,1,brute_force_logon,Spain,Madrid,40.16917,-3.9724
2026-04-29 05:33:49,WIN11-SEC-022,Microsoft-Windows-Security-Auditing,Security,4624,An account was successfully logged on,LOCAL,administrator,UNKNOWN,203.0.113.30,32513,3,C:\\Program Files\\Google\\Chrome\\Application\\chrome.exe,0x0,0x0,Successful remote administrative logon for LOCAL\administrator from external IP 203.0.113.30,1,suspicious_admin_logon,Chile,Santiago,-33.78318,-70.75855
2026-04-29 05:35:20,WIN-SRV-APP01,Microsoft-Windows-Security-Auditing,Security,4625,An account failed to log on,LOCAL,sqladmin,KALI,192.0.2.65,33382,10,C:\\Windows\\System32\\WindowsPowerShell\\v1.0\\powershell.exe,0xC000006A,0xC000006A,Failed logon for LOCAL\sqladmin from 192.0.2.65; possible brute force,1,brute_force_logon,Australia,Sydney,-33.58007,151.13587
2026-04-29 05:35:31,WIN-SRV-APP01,Microsoft-Windows-Security-Auditing,Security,4624,An account was successfully logged on,CORP,jperez,PC-RRHH-002,192.168.1.117,57575,3,C:\\Windows\\System32\\svchost.exe,0x0,0x0,Successful logon for CORP\jperez from 192.168.1.117 using logon type 3,0,none,Internal,LAN,,
2026-04-29 05:35:42,WIN-SRV-APP01,Microsoft-Windows-Security-Auditing,Security,4625,An account failed to log on,CORP,soporte,WIN-RDP,203.0.113.78,4686,10,C:\\Windows\\System32\\lsass.exe,0xC000006D,0xC0000064,Failed logon for CORP\soporte from 203.0.113.78; possible brute force,1,brute_force_logon,India,Mumbai,19.33763,72.99797
2026-04-29 05:36:42,WIN11-SEC-022,Microsoft-Windows-Security-Auditing,Security,4688,A new process has been created,EMPRESA,mgarcia,LAP-GER-003,192.168.1.65,57491,10,C:\\Windows\\System32\\svchost.exe,0x0,0x0,Process created by EMPRESA\mgarcia: C:\\Windows\\System32\\svchost.exe,0,none,Internal,LAN,,
2026-04-29 05:38:11,WIN10-FIN-014,Microsoft-Windows-Security-Auditing,Security,4672,Special privileges assigned to new logon,LOCAL,dtorres,PC-FIN-001,10.10.176.22,60841,10,C:\\Windows\\System32\\svchost.exe,0x0,0x0,Special privileges assigned to LOCAL\dtorres,0,none,Internal,LAN,,
2026-04-29 05:38:20,WIN-SRV-DC01,Microsoft-Windows-Security-Auditing,Security,4688,A new process has been created,CORP,analista01,PC-FIN-001,10.10.207.86,56399,2,C:\\Windows\\System32\\cmd.exe,0x0,0x0,Process created by CORP\analista01: C:\\Windows\\System32\\cmd.exe,0,none,Internal,LAN,,
2026-04-29 05:38:52,WIN-SRV-DC01,Microsoft-Windows-Security-Auditing,Security,4732,A member was added to a security-enabled local group,EMPRESA,soporte,ATTACKBOX,198.51.100.107,48475,2,C:\\Program Files\\Google\\Chrome\\Application\\chrome.exe,0x0,0x0,Account EMPRESA\soporte added to local Administrators group from 198.51.100.107,1,admin_group_membership_added,Mexico,Mexico City,19.66427,-99.56612
2026-04-29 05:39:35,WIN-SRV-APP01,Microsoft-Windows-Security-Auditing,Security,4625,An account failed to log on,CORP,backup,WIN-RDP,203.0.113.206,41929,10,C:\\Windows\\System32\\WindowsPowerShell\\v1.0\\powershell.exe,0xC000006D,0xC000006A,Failed logon from 203.0.113.206 against multiple users; possible password spray,1,password_spray,Japan,Tokyo,35.90679,139.425
2026-04-29 05:40:07,WIN11-SEC-022,Microsoft-Windows-Security-Auditing,Security,4624,An account was successfully logged on,EMPRESA,domain.admin,ATTACKBOX,198.51.100.137,31726,10,C:\\Windows\\System32\\lsass.exe,0x0,0x0,Successful remote administrative logon for EMPRESA\domain.admin from external IP 198.51.100.137,1,suspicious_admin_logon,Mexico,Mexico City,19.2472,-98.89602
2026-04-29 05:40:21,WIN10-FIN-014,Microsoft-Windows-Security-Auditing,Security,4732,A member was added to a security-enabled local group,EMPRESA,tempadmin,WIN-RDP,198.51.100.132,32291,10,C:\\Windows\\System32\\lsass.exe,0x0,0x0,Account EMPRESA\tempadmin added to local Administrators group from 198.51.100.132,1,admin_group_membership_added,Brazil,Sao Paulo,-23.34861,-46.75592
2026-04-29 05:40:26,WIN11-SEC-022,Microsoft-Windows-Security-Auditing,Security,4624,An account was successfully logged on,CORP,lcastro,PC-RRHH-002,10.10.110.189,64967,10,C:\\Windows\\System32\\WindowsPowerShell\\v1.0\\powershell.exe,0x0,0x0,Successful logon for CORP\lcastro from 10.10.110.189 using logon type 10,0,none,Internal,LAN,,
2026-04-29 05:41:13,WIN11-SEC-022,Microsoft-Windows-Security-Auditing,Security,4625,An account failed to log on,CORP,oracle,-,203.0.113.1,15279,10,C:\\Windows\\System32\\winlogon.exe,0xC000006A,0xC0000064,Failed logon for CORP\oracle from 203.0.113.1; possible brute force,1,brute_force_logon,India,Mumbai,19.37953,72.59138
2026-04-29 05:41:17,WIN-SRV-FILE01,Microsoft-Windows-Security-Auditing,Security,4624,An account was successfully logged on,CORP,mgarcia,PC-FIN-001,192.168.1.124,56570,7,C:\\Windows\\System32\\lsass.exe,0x0,0x0,Successful logon for CORP\mgarcia from 192.168.1.124 using logon type 7,0,none,Internal,LAN,,
2026-04-29 05:41:22,WIN-SRV-APP01,Microsoft-Windows-Security-Auditing,Security,4625,An account failed to log on,CORP,admin,UNKNOWN,192.0.2.127,30689,3,C:\\Windows\\System32\\WindowsPowerShell\\v1.0\\powershell.exe,0xC000006D,0xC0000064,Failed logon for CORP\admin from 192.0.2.127; possible brute force,1,brute_force_logon,Australia,Sydney,-33.82837,151.53647
2026-04-29 05:41:23,WIN-SRV-APP01,Microsoft-Windows-Security-Auditing,Security,4624,An account was successfully logged on,CORP,analista01,PC-FIN-001,172.16.20.131,58073,3,C:\\Windows\\System32\\cmd.exe,0x0,0x0,Successful logon for CORP\analista01 from 172.16.20.131 using logon type 3,0,none,Internal,LAN,,
2026-04-29 05:42:09,WIN-SRV-FILE01,Microsoft-Windows-Security-Auditing,Security,4720,A user account was created,EMPRESA,tempadmin,-,198.51.100.3,24570,7,C:\\Program Files\\Google\\Chrome\\Application\\chrome.exe,0x0,0x0,Suspicious user account created: EMPRESA\tempadmin from 198.51.100.3,1,account_creation,Australia,Sydney,-34.16237,151.01339
2026-04-29 05:42:14,WIN11-SEC-022,Microsoft-Windows-Security-Auditing,Security,4625,An account failed to log on,CORP,guest,-,192.0.2.172,49659,10,C:\\Windows\\System32\\svchost.exe,0xC000006D,0xC000006A,Failed logon from 192.0.2.172 against multiple users; possible password spray,1,password_spray,India,Mumbai,18.7646,72.70099
2026-04-29 05:43:06,WIN-SRV-APP01,Microsoft-Windows-Security-Auditing,Security,4624,An account was successfully logged on,EMPRESA,admin.ops,WIN-RDP,192.0.2.118,21425,3,C:\\Windows\\System32\\winlogon.exe,0x0,0x0,Successful remote administrative logon for EMPRESA\admin.ops from external IP 192.0.2.118,1,suspicious_admin_logon,Australia,Sydney,-34.21871,150.97894
2026-04-29 05:43:06,WIN-SRV-DC01,Microsoft-Windows-Security-Auditing,Security,4625,An account failed to log on,EMPRESA,root,KALI,203.0.113.181,27934,10,C:\\Program Files\\Microsoft Defender\\MsMpEng.exe,0xC000006A,0xC0000064,Failed logon for EMPRESA\root from 203.0.113.181; possible brute force,1,brute_force_logon,South Africa,Johannesburg,-25.7606,28.18605
2026-04-29 05:43:58,WIN-SRV-DC01,Microsoft-Windows-Security-Auditing,Security,4688,A new process has been created,CORP,crojas,LAP-GER-003,10.10.253.157,49503,10,C:\\Windows\\System32\\cmd.exe,0x0,0x0,Process created by CORP\crojas: C:\\Windows\\System32\\cmd.exe,0,none,Internal,LAN,,
2026-04-29 05:44:13,WIN-SRV-FILE01,Microsoft-Windows-Security-Auditing,Security,4624,An account was successfully logged on,EMPRESA,finanzas02,SRV-MON-001,10.10.55.254,53136,2,C:\\Windows\\System32\\winlogon.exe,0x0,0x0,Successful logon for EMPRESA\finanzas02 from 10.10.55.254 using logon type 2,0,none,Internal,LAN,,
2026-04-29 05:44:15,WIN-SRV-APP01,Microsoft-Windows-Security-Auditing,Security,4624,An account was successfully logged on,LOCAL,domain.admin,-,192.0.2.24,36189,10,C:\\Windows\\System32\\lsass.exe,0x0,0x0,Successful remote administrative logon for LOCAL\domain.admin from external IP 192.0.2.24,1,suspicious_admin_logon,Germany,Frankfurt,50.49877,8.53536
2026-04-29 05:44:58,WIN11-SEC-022,Microsoft-Windows-Security-Auditing,Security,4625,An account failed to log on,EMPRESA,guest,-,203.0.113.103,13392,3,C:\\Windows\\System32\\svchost.exe,0xC000006A,0xC000006A,Failed logon for EMPRESA\guest from 203.0.113.103; possible brute force,1,brute_force_logon,Germany,Frankfurt,49.93967,8.4663
2026-04-29 05:45:13,WIN-SRV-DC01,Microsoft-Windows-Security-Auditing,Security,4625,An account failed to log on,LOCAL,guest,WIN-RDP,198.51.100.111,56692,10,C:\\Windows\\System32\\winlogon.exe,0xC000006A,0xC0000064,Failed logon for LOCAL\guest from 198.51.100.111; possible brute force,1,brute_force_logon,Peru,Lima,-11.94587,-77.14515
2026-04-29 05:45:20,WIN10-FIN-014,Microsoft-Windows-Security-Auditing,Security,4625,An account failed to log on,EMPRESA,guest,-,203.0.113.193,51492,3,C:\\Windows\\System32\\svchost.exe,0xC000006D,0xC000006A,Failed logon from 203.0.113.193 against multiple users; possible password spray,1,password_spray,Chile,Santiago,-33.31868,-70.80035
2026-04-29 05:45:21,WIN-SRV-APP01,Microsoft-Windows-Security-Auditing,Security,4625,An account failed to log on,EMPRESA,administrator,UNKNOWN,203.0.113.233,6043,3,C:\\Windows\\System32\\cmd.exe,0xC000006A,0xC0000064,Failed logon for EMPRESA\administrator from 203.0.113.233; possible brute force,1,brute_force_logon,Chile,Santiago,-33.023,-70.86214
2026-04-29 05:45:48,WIN10-FIN-014,Microsoft-Windows-Security-Auditing,Security,4726,A user account was deleted,LOCAL,finanzas02,-,192.0.2.221,3278,2,C:\\Program Files\\Google\\Chrome\\Application\\chrome.exe,0x0,0x0,User account deleted unexpectedly: LOCAL\finanzas02 from 192.0.2.221,1,account_deleted,Spain,Madrid,40.18404,-4.06121
2026-04-29 05:45:59,WIN11-SEC-022,Microsoft-Windows-Security-Auditing,Security,4720,A user account was created,LOCAL,svc_temp,-,203.0.113.170,32861,2,C:\\Windows\\System32\\svchost.exe,0x0,0x0,Suspicious user account created: LOCAL\svc_temp from 203.0.113.170,1,account_creation,Brazil,Sao Paulo,-23.64748,-46.40783
2026-04-29 05:46:00,WIN-SRV-DC01,Microsoft-Windows-Security-Auditing,Security,4625,An account failed to log on,CORP,administrator,KALI,198.51.100.40,33782,3,C:\\Program Files\\Microsoft Defender\\MsMpEng.exe,0xC000006D,0xC000006A,Failed logon from 198.51.100.40 against multiple users; possible password spray,1,password_spray,South Africa,Johannesburg,-26.23552,28.01991
2026-04-29 05:46:28,WIN-SRV-APP01,Microsoft-Windows-Security-Auditing,Security,4625,An account failed to log on,EMPRESA,backup,UNKNOWN,203.0.113.233,29339,10,C:\\Windows\\System32\\WindowsPowerShell\\v1.0\\powershell.exe,0xC000006D,0xC000006A,Failed logon from 203.0.113.233 against multiple users; possible password spray,1,password_spray,Chile,Santiago,-33.22421,-70.62834
2026-04-29 05:47:25,WIN-SRV-DC01,Microsoft-Windows-Security-Auditing,Security,4625,An account failed to log on,CORP,guest,KALI,192.0.2.252,22499,3,C:\\Windows\\System32\\lsass.exe,0xC000006A,0xC0000064,Failed logon for CORP\guest from 192.0.2.252; possible brute force,1,brute_force_logon,India,Mumbai,18.80451,73.25331
2026-04-29 05:48:28,WIN-SRV-FILE01,Microsoft-Windows-Security-Auditing,Security,4625,An account failed to log on,LOCAL,guest,ATTACKBOX,192.0.2.1,22898,10,C:\\Windows\\System32\\winlogon.exe,0xC000006D,0xC000006A,Failed logon for LOCAL\guest from 192.0.2.1; possible brute force,1,brute_force_logon,Chile,Santiago,-33.82779,-70.60891
2026-04-29 05:48:50,WIN-SRV-DC01,Microsoft-Windows-Security-Auditing,Security,4625,An account failed to log on,EMPRESA,sqladmin,WIN-RDP,192.0.2.23,29788,3,C:\\Windows\\System32\\winlogon.exe,0xC000006D,0xC000006A,Failed logon for EMPRESA\sqladmin from 192.0.2.23; possible brute force,1,brute_force_logon,Chile,Santiago,-33.74898,-71.01625
2026-04-29 05:49:07,WIN-SRV-APP01,Microsoft-Windows-Security-Auditing,Security,4648,A logon was attempted using explicit credentials,LOCAL,admin,KALI,198.51.100.1,4083,7,C:\\Windows\\System32\\winlogon.exe,0x0,0x0,Explicit credentials used suspiciously by LOCAL\admin from 198.51.100.1,1,explicit_credentials_abuse,India,Mumbai,19.19357,72.63132
2026-04-29 05:50:36,WIN10-FIN-014,Microsoft-Windows-Security-Auditing,Security,4625,An account failed to log on,LOCAL,sqladmin,KALI,198.51.100.6,62995,10,C:\\Windows\\System32\\WindowsPowerShell\\v1.0\\powershell.exe,0xC000006D,0xC0000064,Failed logon for LOCAL\sqladmin from 198.51.100.6; possible brute force,1,brute_force_logon,Mexico,Mexico City,19.42836,-98.9738
2026-04-29 05:50:39,WIN11-SEC-022,Microsoft-Windows-Security-Auditing,Security,4634,An account was logged off,LOCAL,jperez,PC-FIN-001,192.168.1.103,65227,7,C:\\Windows\\System32\\lsass.exe,0x0,0x0,Logoff for LOCAL\jperez from workstation PC-FIN-001,0,none,Internal,LAN,,
2026-04-29 05:51:00,WIN11-SEC-022,Microsoft-Windows-Security-Auditing,Security,4625,An account failed to log on,CORP,backup,ATTACKBOX,192.0.2.194,22504,3,C:\\Windows\\System32\\WindowsPowerShell\\v1.0\\powershell.exe,0xC000006D,0xC000006A,Failed logon from 192.0.2.194 against multiple users; possible password spray,1,password_spray,Germany,Frankfurt,50.38684,8.74724
2026-04-29 05:51:09,WIN-SRV-APP01,Microsoft-Windows-Security-Auditing,Security,4720,A user account was created,EMPRESA,tempadmin,UNKNOWN,203.0.113.30,17500,2,C:\\Windows\\System32\\WindowsPowerShell\\v1.0\\powershell.exe,0x0,0x0,Suspicious user account created: EMPRESA\tempadmin from 203.0.113.30,1,account_creation,Netherlands,Amsterdam,52.79473,5.04262
2026-04-29 05:51:17,WIN-SRV-FILE01,Microsoft-Windows-Security-Auditing,Security,4624,An account was successfully logged on,LOCAL,administrator,-,198.51.100.224,12244,3,C:\\Windows\\System32\\winlogon.exe,0x0,0x0,Successful remote administrative logon for LOCAL\administrator from external IP 198.51.100.224,1,suspicious_admin_logon,Japan,Tokyo,35.84461,139.25868
2026-04-29 05:51:23,WIN-SRV-DC01,Microsoft-Windows-Security-Auditing,Security,4688,A new process has been created,LOCAL,guest,ATTACKBOX,192.0.2.232,31407,10,"C:\\Windows\\System32\\rundll32.exe javascript:\\..\\mshtml,RunHTMLApplication",0x0,0x0,"Suspicious process execution by LOCAL\guest: C:\\Windows\\System32\\rundll32.exe javascript:\\..\\mshtml,RunHTMLApplication",1,suspicious_process_execution,Russia,Moscow,55.53874,37.9678
2026-04-29 05:51:43,WIN-SRV-DC01,Microsoft-Windows-Security-Auditing,Security,4625,An account failed to log on,EMPRESA,oracle,-,198.51.100.139,50659,3,C:\\Windows\\System32\\winlogon.exe,0xC000006A,0xC0000064,Failed logon for EMPRESA\oracle from 198.51.100.139; possible brute force,1,brute_force_logon,Netherlands,Amsterdam,52.34884,5.13608
2026-04-29 05:52:36,WIN10-FIN-014,Microsoft-Windows-Security-Auditing,Security,4624,An account was successfully logged on,EMPRESA,dtorres,PC-RRHH-002,192.168.1.188,60739,3,C:\\Windows\\System32\\lsass.exe,0x0,0x0,Successful logon for EMPRESA\dtorres from 192.168.1.188 using logon type 3,0,none,Internal,LAN,,
2026-04-29 05:53:18,WIN-SRV-DC01,Microsoft-Windows-Security-Auditing,Security,4625,An account failed to log on,EMPRESA,administrator,WIN-RDP,192.0.2.142,36252,10,C:\\Windows\\System32\\cmd.exe,0xC000006D,0xC000006A,Failed logon from 192.0.2.142 against multiple users; possible password spray,1,password_spray,Netherlands,Amsterdam,52.43593,4.62473
2026-04-29 05:53:32,WIN11-SEC-022,Microsoft-Windows-Security-Auditing,Security,4688,A new process has been created,EMPRESA,finanzas02,PC-FIN-001,10.10.92.6,52515,10,C:\\Program Files\\Microsoft Defender\\MsMpEng.exe,0x0,0x0,Process created by EMPRESA\finanzas02: C:\\Program Files\\Microsoft Defender\\MsMpEng.exe,0,none,Internal,LAN,,
2026-04-29 05:53:50,WIN-SRV-DC01,Microsoft-Windows-Security-Auditing,Security,4625,An account failed to log on,CORP,sqladmin,WIN-RDP,203.0.113.75,9163,3,C:\\Windows\\System32\\lsass.exe,0xC000006A,0xC000006A,Failed logon for CORP\sqladmin from 203.0.113.75; possible brute force,1,brute_force_logon,Australia,Sydney,-34.07509,150.93184
2026-04-29 05:54:45,WIN11-SEC-022,Microsoft-Windows-Security-Auditing,Security,4688,A new process has been created,CORP,lcastro,SRV-MON-001,192.168.1.193,50761,10,C:\\Windows\\System32\\winlogon.exe,0x0,0x0,Process created by CORP\lcastro: C:\\Windows\\System32\\winlogon.exe,0,none,Internal,LAN,,
2026-04-29 05:55:26,WIN-SRV-DC01,Microsoft-Windows-Security-Auditing,Security,4672,Special privileges assigned to new logon,LOCAL,admin,ATTACKBOX,198.51.100.240,40858,7,C:\\Windows\\System32\\lsass.exe,0x0,0x0,Special privileges assigned to suspicious account LOCAL\admin from 198.51.100.240,1,privilege_escalation,Japan,Tokyo,35.67141,139.24253
2026-04-29 05:55:27,WIN10-FIN-014,Microsoft-Windows-Security-Auditing,Security,4625,An account failed to log on,CORP,sqladmin,ATTACKBOX,198.51.100.23,33890,10,C:\\Program Files\\Google\\Chrome\\Application\\chrome.exe,0xC000006A,0xC0000064,Failed logon for CORP\sqladmin from 198.51.100.23; possible brute force,1,brute_force_logon,Mexico,Mexico City,19.33992,-99.29666
2026-04-29 05:56:06,WIN-SRV-FILE01,Microsoft-Windows-Security-Auditing,Security,4625,An account failed to log on,LOCAL,administrator,KALI,192.0.2.242,16338,3,C:\\Windows\\System32\\svchost.exe,0xC000006A,0xC0000064,Failed logon for LOCAL\administrator from 192.0.2.242; possible brute force,1,brute_force_logon,Argentina,Buenos Aires,-34.86089,-57.99473
2026-04-29 05:56:08,WIN10-FIN-014,Microsoft-Windows-Security-Auditing,Security,4688,A new process has been created,LOCAL,oracle,-,198.51.100.236,43600,2,"C:\\Windows\\System32\\rundll32.exe javascript:\\..\\mshtml,RunHTMLApplication",0x0,0x0,"Suspicious process execution by LOCAL\oracle: C:\\Windows\\System32\\rundll32.exe javascript:\\..\\mshtml,RunHTMLApplication",1,suspicious_process_execution,India,Mumbai,18.98902,72.93016
2026-04-29 05:56:13,WIN-SRV-FILE01,Microsoft-Windows-Security-Auditing,Security,4688,A new process has been created,LOCAL,test,ATTACKBOX,192.0.2.179,1246,10,C:\\Windows\\System32\\vssadmin.exe delete shadows /all /quiet,0x0,0x0,Suspicious process execution by LOCAL\test: C:\\Windows\\System32\\vssadmin.exe delete shadows /all /quiet,1,suspicious_process_execution,Chile,Santiago,-33.49082,-71.00763
2026-04-29 05:57:50,WIN11-SEC-022,Microsoft-Windows-Security-Auditing,Security,4624,An account was successfully logged on,CORP,admin.ops,UNKNOWN,203.0.113.180,9483,10,C:\\Windows\\System32\\winlogon.exe,0x0,0x0,Successful remote administrative logon for CORP\admin.ops from external IP 203.0.113.180,1,suspicious_admin_logon,Mexico,Mexico City,19.1391,-99.22642
2026-04-29 05:58:03,WIN11-SEC-022,Microsoft-Windows-Security-Auditing,Security,4634,An account was logged off,LOCAL,helpdesk01,LAP-GER-003,192.168.1.218,53024,3,C:\\Windows\\System32\\WindowsPowerShell\\v1.0\\powershell.exe,0x0,0x0,Logoff for LOCAL\helpdesk01 from workstation LAP-GER-003,0,none,Internal,LAN,,
2026-04-29 05:58:20,WIN11-SEC-022,Microsoft-Windows-Security-Auditing,Security,1102,The audit log was cleared,LOCAL,administrator,UNKNOWN,192.0.2.2,38180,10,C:\\Program Files\\Google\\Chrome\\Application\\chrome.exe,0x0,0x0,Security audit log cleared by LOCAL\administrator from 192.0.2.2,1,audit_log_cleared,China,Shanghai,30.80605,121.9177
2026-04-29 05:59:37,WIN11-SEC-022,Microsoft-Windows-Security-Auditing,Security,4625,An account failed to log on,EMPRESA,usuario,KALI,192.0.2.101,30701,3,C:\\Windows\\System32\\lsass.exe,0xC000006D,0xC000006A,Failed logon for EMPRESA\usuario from 192.0.2.101; possible brute force,1,brute_force_logon,Russia,Moscow,55.55995,37.3966
2026-04-29 05:59:58,WIN11-SEC-022,Microsoft-Windows-Security-Auditing,Security,4625,An account failed to log on,EMPRESA,admin,UNKNOWN,192.0.2.94,11025,3,C:\\Windows\\System32\\WindowsPowerShell\\v1.0\\powershell.exe,0xC000006D,0xC0000064,Failed logon for EMPRESA\admin from 192.0.2.94; possible brute force,1,brute_force_logon,Mexico,Mexico City,19.74679,-98.76233
2026-04-29 06:00:04,WIN-SRV-FILE01,Microsoft-Windows-Security-Auditing,Security,4624,An account was successfully logged on,CORP,helpdesk01,PC-OPS-014,10.10.154.172,51200,2,C:\\Windows\\System32\\cmd.exe,0x0,0x0,Successful logon for CORP\helpdesk01 from 10.10.154.172 using logon type 2,0,none,Internal,LAN,,
2026-04-29 06:00:11,WIN-SRV-APP01,Microsoft-Windows-Security-Auditing,Security,4624,An account was successfully logged on,CORP,svc_backup,LAP-GER-003,10.10.115.39,61411,10,C:\\Program Files\\Google\\Chrome\\Application\\chrome.exe,0x0,0x0,Successful logon for CORP\svc_backup from 10.10.115.39 using logon type 10,0,none,Internal,LAN,,
2026-04-29 06:00:17,WIN10-FIN-014,Microsoft-Windows-Security-Auditing,Security,4624,An account was successfully logged on,CORP,jperez,PC-RRHH-002,10.10.168.22,58167,2,C:\\Windows\\System32\\lsass.exe,0x0,0x0,Successful logon for CORP\jperez from 10.10.168.22 using logon type 2,0,none,Internal,LAN,,
2026-04-29 06:00:46,WIN10-FIN-014,Microsoft-Windows-Security-Auditing,Security,4634,An account was logged off,LOCAL,lcastro,LAP-GER-003,172.16.20.182,60244,2,C:\\Program Files\\Microsoft Defender\\MsMpEng.exe,0x0,0x0,Logoff for LOCAL\lcastro from workstation LAP-GER-003,0,none,Internal,LAN,,
2026-04-29 06:00:52,WIN10-FIN-014,Microsoft-Windows-Security-Auditing,Security,4624,An account was successfully logged on,LOCAL,svc_monitor,LAP-GER-003,172.16.20.74,58437,7,C:\\Windows\\System32\\WindowsPowerShell\\v1.0\\powershell.exe,0x0,0x0,Successful logon for LOCAL\svc_monitor from 172.16.20.74 using logon type 7,0,none,Internal,LAN,,
2026-04-29 06:01:33,WIN-SRV-APP01,Microsoft-Windows-Security-Auditing,Security,4672,Special privileges assigned to new logon,CORP,lcastro,PC-RRHH-002,10.10.112.24,51074,2,C:\\Program Files\\Google\\Chrome\\Application\\chrome.exe,0x0,0x0,Special privileges assigned to CORP\lcastro,0,none,Internal,LAN,,
2026-04-29 06:03:46,WIN-SRV-DC01,Microsoft-Windows-Security-Auditing,Security,4672,Special privileges assigned to new logon,LOCAL,analista01,PC-RRHH-002,10.10.151.152,51330,10,C:\\Windows\\System32\\svchost.exe,0x0,0x0,Special privileges assigned to LOCAL\analista01,0,none,Internal,LAN,,
2026-04-29 06:04:10,WIN-SRV-FILE01,Microsoft-Windows-Security-Auditing,Security,4624,An account was successfully logged on,EMPRESA,helpdesk01,PC-FIN-001,172.16.20.76,56699,7,C:\\Windows\\System32\\svchost.exe,0x0,0x0,Successful logon for EMPRESA\helpdesk01 from 172.16.20.76 using logon type 7,0,none,Internal,LAN,,
2026-04-29 06:04:25,WIN-SRV-APP01,Microsoft-Windows-Security-Auditing,Security,4624,An account was successfully logged on,CORP,mgarcia,PC-FIN-001,192.168.1.240,51749,3,C:\\Windows\\System32\\svchost.exe,0x0,0x0,Successful logon for CORP\mgarcia from 192.168.1.240 using logon type 3,0,none,Internal,LAN,,
2026-04-29 06:07:04,WIN10-FIN-014,Microsoft-Windows-Security-Auditing,Security,4624,An account was successfully logged on,LOCAL,jperez,PC-OPS-014,172.16.20.100,57474,3,C:\\Program Files\\Google\\Chrome\\Application\\chrome.exe,0x0,0x0,Successful logon for LOCAL\jperez from 172.16.20.100 using logon type 3,0,none,Internal,LAN,,
2026-04-29 06:07:37,WIN11-SEC-022,Microsoft-Windows-Security-Auditing,Security,4634,An account was logged off,EMPRESA,alopez,SRV-MON-001,10.10.29.54,59666,3,C:\\Windows\\System32\\lsass.exe,0x0,0x0,Logoff for EMPRESA\alopez from workstation SRV-MON-001,0,none,Internal,LAN,,
2026-04-29 06:08:43,WIN-SRV-DC01,Microsoft-Windows-Security-Auditing,Security,4634,An account was logged off,LOCAL,jperez,PC-OPS-014,192.168.1.4,49376,10,C:\\Windows\\System32\\winlogon.exe,0x0,0x0,Logoff for LOCAL\jperez from workstation PC-OPS-014,0,none,Internal,LAN,,
2026-04-29 06:13:48,WIN-SRV-FILE01,Microsoft-Windows-Security-Auditing,Security,4688,A new process has been created,EMPRESA,jperez,PC-OPS-014,10.10.133.240,49878,3,C:\\Program Files\\Microsoft Defender\\MsMpEng.exe,0x0,0x0,Process created by EMPRESA\jperez: C:\\Program Files\\Microsoft Defender\\MsMpEng.exe,0,none,Internal,LAN,,
2026-04-29 06:15:36,WIN-SRV-DC01,Microsoft-Windows-Security-Auditing,Security,4624,An account was successfully logged on,CORP,finanzas02,SRV-MON-001,192.168.1.17,56202,3,C:\\Program Files\\Google\\Chrome\\Application\\chrome.exe,0x0,0x0,Successful logon for CORP\finanzas02 from 192.168.1.17 using logon type 3,0,none,Internal,LAN,,
2026-04-29 06:16:44,WIN-SRV-APP01,Microsoft-Windows-Security-Auditing,Security,4624,An account was successfully logged on,LOCAL,analista01,PC-RRHH-002,192.168.1.253,49375,7,C:\\Windows\\System32\\svchost.exe,0x0,0x0,Successful logon for LOCAL\analista01 from 192.168.1.253 using logon type 7,0,none,Internal,LAN,,
2026-04-29 06:17:13,WIN10-FIN-014,Microsoft-Windows-Security-Auditing,Security,4624,An account was successfully logged on,EMPRESA,analista01,SRV-MON-001,192.168.1.179,57037,2,C:\\Program Files\\Google\\Chrome\\Application\\chrome.exe,0x0,0x0,Successful logon for EMPRESA\analista01 from 192.168.1.179 using logon type 2,0,none,Internal,LAN,,
2026-04-29 06:17:47,WIN10-FIN-014,Microsoft-Windows-Security-Auditing,Security,4634,An account was logged off,EMPRESA,admin.ops,PC-RRHH-002,192.168.1.209,58719,10,C:\\Windows\\System32\\WindowsPowerShell\\v1.0\\powershell.exe,0x0,0x0,Logoff for EMPRESA\admin.ops from workstation PC-RRHH-002,0,none,Internal,LAN,,
2026-04-29 06:22:09,WIN-SRV-APP01,Microsoft-Windows-Security-Auditing,Security,4688,A new process has been created,EMPRESA,jperez,PC-OPS-014,10.10.135.122,52283,7,C:\\Program Files\\Google\\Chrome\\Application\\chrome.exe,0x0,0x0,Process created by EMPRESA\jperez: C:\\Program Files\\Google\\Chrome\\Application\\chrome.exe,0,none,Internal,LAN,,
2026-04-29 06:23:00,WIN11-SEC-022,Microsoft-Windows-Security-Auditing,Security,4688,A new process has been created,LOCAL,mgarcia,PC-OPS-014,172.16.20.174,58921,7,C:\\Windows\\System32\\cmd.exe,0x0,0x0,Process created by LOCAL\mgarcia: C:\\Windows\\System32\\cmd.exe,0,none,Internal,LAN,,
2026-04-29 06:23:00,WIN-SRV-DC01,Microsoft-Windows-Security-Auditing,Security,4688,A new process has been created,LOCAL,crojas,LAP-GER-003,10.10.147.36,57193,7,C:\\Windows\\System32\\cmd.exe,0x0,0x0,Process created by LOCAL\crojas: C:\\Windows\\System32\\cmd.exe,0,none,Internal,LAN,,
2026-04-29 06:25:35,WIN10-FIN-014,Microsoft-Windows-Security-Auditing,Security,4624,An account was successfully logged on,LOCAL,crojas,LAP-GER-003,10.10.125.249,52777,7,C:\\Windows\\System32\\svchost.exe,0x0,0x0,Successful logon for LOCAL\crojas from 10.10.125.249 using logon type 7,0,none,Internal,LAN,,
2026-04-29 06:25:41,WIN-SRV-APP01,Microsoft-Windows-Security-Auditing,Security,4624,An account was successfully logged on,EMPRESA,helpdesk01,SRV-MON-001,172.16.20.96,58562,10,C:\\Program Files\\Microsoft Defender\\MsMpEng.exe,0x0,0x0,Successful logon for EMPRESA\helpdesk01 from 172.16.20.96 using logon type 10,0,none,Internal,LAN,,
