2026-04-25 15:24:53,WIN-SRV-APP01,Microsoft-Windows-Security-Auditing,Security,4624,An account was successfully logged on,CORP,dtorres,LAP-GER-003,10.10.25.93,51831,7,C:\\Windows\\System32\\WindowsPowerShell\\v1.0\\powershell.exe,0x0,0x0,Successful logon for CORP\dtorres from 10.10.25.93 using logon type 7,0,none,Internal,LAN,,
2026-04-25 15:24:59,WIN-SRV-DC01,Microsoft-Windows-Security-Auditing,Security,4624,An account was successfully logged on,EMPRESA,mgarcia,PC-RRHH-002,10.10.80.1,62576,3,C:\\Windows\\System32\\svchost.exe,0x0,0x0,Successful logon for EMPRESA\mgarcia from 10.10.80.1 using logon type 3,0,none,Internal,LAN,,
2026-04-25 15:25:32,WIN-SRV-FILE01,Microsoft-Windows-Security-Auditing,Security,4624,An account was successfully logged on,EMPRESA,analista01,PC-FIN-001,172.16.20.118,64710,3,C:\\Windows\\System32\\svchost.exe,0x0,0x0,Successful logon for EMPRESA\analista01 from 172.16.20.118 using logon type 3,0,none,Internal,LAN,,
2026-04-25 15:30:40,WIN11-SEC-022,Microsoft-Windows-Security-Auditing,Security,4672,Special privileges assigned to new logon,CORP,svc_monitor,PC-RRHH-002,172.16.20.203,56673,7,C:\\Windows\\System32\\lsass.exe,0x0,0x0,Special privileges assigned to CORP\svc_monitor,0,none,Internal,LAN,,
2026-04-25 15:31:00,WIN-SRV-FILE01,Microsoft-Windows-Security-Auditing,Security,4624,An account was successfully logged on,CORP,mgarcia,LAP-GER-003,172.16.20.186,58412,2,C:\\Windows\\System32\\WindowsPowerShell\\v1.0\\powershell.exe,0x0,0x0,Successful logon for CORP\mgarcia from 172.16.20.186 using logon type 2,0,none,Internal,LAN,,
2026-04-25 15:32:00,WIN-SRV-DC01,Microsoft-Windows-Security-Auditing,Security,4688,A new process has been created,CORP,alopez,PC-RRHH-002,172.16.20.90,53059,7,C:\\Windows\\System32\\lsass.exe,0x0,0x0,Process created by CORP\alopez: C:\\Windows\\System32\\lsass.exe,0,none,Internal,LAN,,
2026-04-25 15:32:41,WIN-SRV-FILE01,Microsoft-Windows-Security-Auditing,Security,4624,An account was successfully logged on,LOCAL,lcastro,PC-OPS-014,10.10.61.16,56286,7,C:\\Windows\\System32\\lsass.exe,0x0,0x0,Successful logon for LOCAL\lcastro from 10.10.61.16 using logon type 7,0,none,Internal,LAN,,
2026-04-25 15:34:58,WIN10-FIN-014,Microsoft-Windows-Security-Auditing,Security,4624,An account was successfully logged on,CORP,svc_monitor,PC-FIN-001,10.10.255.97,65446,10,C:\\Windows\\System32\\lsass.exe,0x0,0x0,Successful logon for CORP\svc_monitor from 10.10.255.97 using logon type 10,0,none,Internal,LAN,,
2026-04-25 15:39:09,WIN-SRV-DC01,Microsoft-Windows-Security-Auditing,Security,4672,Special privileges assigned to new logon,EMPRESA,crojas,PC-RRHH-002,10.10.248.252,53886,2,C:\\Windows\\System32\\lsass.exe,0x0,0x0,Special privileges assigned to EMPRESA\crojas,0,none,Internal,LAN,,
2026-04-25 15:39:23,WIN10-FIN-014,Microsoft-Windows-Security-Auditing,Security,4634,An account was logged off,LOCAL,analista01,PC-RRHH-002,172.16.20.161,64221,3,C:\\Windows\\System32\\lsass.exe,0x0,0x0,Logoff for LOCAL\analista01 from workstation PC-RRHH-002,0,none,Internal,LAN,,
2026-04-25 15:39:35,WIN-SRV-DC01,Microsoft-Windows-Security-Auditing,Security,4624,An account was successfully logged on,CORP,helpdesk01,PC-FIN-001,192.168.1.105,60444,2,C:\\Windows\\System32\\winlogon.exe,0x0,0x0,Successful logon for CORP\helpdesk01 from 192.168.1.105 using logon type 2,0,none,Internal,LAN,,
2026-04-25 15:41:12,WIN-SRV-APP01,Microsoft-Windows-Security-Auditing,Security,4624,An account was successfully logged on,CORP,svc_backup,PC-FIN-001,172.16.20.156,56976,2,C:\\Program Files\\Google\\Chrome\\Application\\chrome.exe,0x0,0x0,Successful logon for CORP\svc_backup from 172.16.20.156 using logon type 2,0,none,Internal,LAN,,
2026-04-25 15:41:21,WIN-SRV-DC01,Microsoft-Windows-Security-Auditing,Security,4688,A new process has been created,EMPRESA,mgarcia,LAP-GER-003,172.16.20.49,57161,2,C:\\Windows\\System32\\winlogon.exe,0x0,0x0,Process created by EMPRESA\mgarcia: C:\\Windows\\System32\\winlogon.exe,0,none,Internal,LAN,,
2026-04-25 15:41:27,WIN11-SEC-022,Microsoft-Windows-Security-Auditing,Security,4624,An account was successfully logged on,EMPRESA,crojas,PC-RRHH-002,10.10.152.240,53244,2,C:\\Windows\\System32\\lsass.exe,0x0,0x0,Successful logon for EMPRESA\crojas from 10.10.152.240 using logon type 2,0,none,Internal,LAN,,
2026-04-25 15:41:31,WIN-SRV-DC01,Microsoft-Windows-Security-Auditing,Security,4624,An account was successfully logged on,EMPRESA,mgarcia,PC-FIN-001,192.168.1.163,58100,3,C:\\Windows\\System32\\lsass.exe,0x0,0x0,Successful logon for EMPRESA\mgarcia from 192.168.1.163 using logon type 3,0,none,Internal,LAN,,
2026-04-25 15:42:33,WIN-SRV-APP01,Microsoft-Windows-Security-Auditing,Security,4624,An account was successfully logged on,CORP,mgarcia,PC-OPS-014,172.16.20.52,63147,3,C:\\Program Files\\Microsoft Defender\\MsMpEng.exe,0x0,0x0,Successful logon for CORP\mgarcia from 172.16.20.52 using logon type 3,0,none,Internal,LAN,,
2026-04-25 15:43:53,WIN-SRV-FILE01,Microsoft-Windows-Security-Auditing,Security,4634,An account was logged off,EMPRESA,alopez,PC-RRHH-002,172.16.20.181,50275,7,C:\\Windows\\System32\\lsass.exe,0x0,0x0,Logoff for EMPRESA\alopez from workstation PC-RRHH-002,0,none,Internal,LAN,,
2026-04-25 15:46:25,WIN-SRV-APP01,Microsoft-Windows-Security-Auditing,Security,4624,An account was successfully logged on,CORP,admin.ops,PC-OPS-014,172.16.20.139,57795,10,C:\\Windows\\System32\\lsass.exe,0x0,0x0,Successful logon for CORP\admin.ops from 172.16.20.139 using logon type 10,0,none,Internal,LAN,,
2026-04-25 15:48:13,WIN-SRV-APP01,Microsoft-Windows-Security-Auditing,Security,4634,An account was logged off,EMPRESA,alopez,PC-FIN-001,192.168.1.138,51075,2,C:\\Windows\\System32\\lsass.exe,0x0,0x0,Logoff for EMPRESA\alopez from workstation PC-FIN-001,0,none,Internal,LAN,,
2026-04-25 15:48:19,WIN10-FIN-014,Microsoft-Windows-Security-Auditing,Security,4688,A new process has been created,LOCAL,analista01,PC-OPS-014,10.10.130.232,65410,7,C:\\Windows\\System32\\winlogon.exe,0x0,0x0,Process created by LOCAL\analista01: C:\\Windows\\System32\\winlogon.exe,0,none,Internal,LAN,,
2026-04-25 15:48:30,WIN-SRV-DC01,Microsoft-Windows-Security-Auditing,Security,4624,An account was successfully logged on,LOCAL,admin.ops,SRV-MON-001,192.168.1.3,52421,7,C:\\Windows\\System32\\cmd.exe,0x0,0x0,Successful logon for LOCAL\admin.ops from 192.168.1.3 using logon type 7,0,none,Internal,LAN,,
2026-04-25 15:51:02,WIN-SRV-APP01,Microsoft-Windows-Security-Auditing,Security,4624,An account was successfully logged on,EMPRESA,mgarcia,PC-RRHH-002,192.168.1.210,54281,3,C:\\Windows\\System32\\lsass.exe,0x0,0x0,Successful logon for EMPRESA\mgarcia from 192.168.1.210 using logon type 3,0,none,Internal,LAN,,
2026-04-25 15:51:12,WIN-SRV-APP01,Microsoft-Windows-Security-Auditing,Security,4688,A new process has been created,LOCAL,svc_backup,PC-RRHH-002,192.168.1.127,64184,2,C:\\Windows\\System32\\winlogon.exe,0x0,0x0,Process created by LOCAL\svc_backup: C:\\Windows\\System32\\winlogon.exe,0,none,Internal,LAN,,
2026-04-25 15:51:15,WIN-SRV-FILE01,Microsoft-Windows-Security-Auditing,Security,4624,An account was successfully logged on,LOCAL,svc_monitor,PC-OPS-014,192.168.1.83,56077,10,C:\\Program Files\\Google\\Chrome\\Application\\chrome.exe,0x0,0x0,Successful logon for LOCAL\svc_monitor from 192.168.1.83 using logon type 10,0,none,Internal,LAN,,
2026-04-25 15:51:44,WIN11-SEC-022,Microsoft-Windows-Security-Auditing,Security,4648,A logon was attempted using explicit credentials,CORP,crojas,PC-RRHH-002,192.168.1.131,60219,2,C:\\Program Files\\Microsoft Defender\\MsMpEng.exe,0x0,0x0,Explicit credentials used by CORP\crojas from PC-RRHH-002,0,none,Internal,LAN,,
2026-04-25 15:53:03,WIN-SRV-DC01,Microsoft-Windows-Security-Auditing,Security,4634,An account was logged off,EMPRESA,analista01,LAP-GER-003,192.168.1.74,58671,2,C:\\Windows\\System32\\lsass.exe,0x0,0x0,Logoff for EMPRESA\analista01 from workstation LAP-GER-003,0,none,Internal,LAN,,
2026-04-25 15:53:18,WIN11-SEC-022,Microsoft-Windows-Security-Auditing,Security,4624,An account was successfully logged on,LOCAL,lcastro,PC-OPS-014,192.168.1.55,59013,10,C:\\Windows\\System32\\svchost.exe,0x0,0x0,Successful logon for LOCAL\lcastro from 192.168.1.55 using logon type 10,0,none,Internal,LAN,,
2026-04-25 15:53:24,WIN10-FIN-014,Microsoft-Windows-Security-Auditing,Security,4688,A new process has been created,EMPRESA,admin.ops,PC-RRHH-002,192.168.1.200,62557,10,C:\\Windows\\System32\\cmd.exe,0x0,0x0,Process created by EMPRESA\admin.ops: C:\\Windows\\System32\\cmd.exe,0,none,Internal,LAN,,
2026-04-25 15:54:02,WIN-SRV-APP01,Microsoft-Windows-Security-Auditing,Security,4688,A new process has been created,LOCAL,dtorres,SRV-MON-001,172.16.20.103,64675,7,C:\\Windows\\System32\\cmd.exe,0x0,0x0,Process created by LOCAL\dtorres: C:\\Windows\\System32\\cmd.exe,0,none,Internal,LAN,,
2026-04-25 15:54:45,WIN-SRV-DC01,Microsoft-Windows-Security-Auditing,Security,4624,An account was successfully logged on,LOCAL,finanzas02,PC-OPS-014,192.168.1.77,54519,3,C:\\Program Files\\Microsoft Defender\\MsMpEng.exe,0x0,0x0,Successful logon for LOCAL\finanzas02 from 192.168.1.77 using logon type 3,0,none,Internal,LAN,,
2026-04-25 15:57:59,WIN-SRV-DC01,Microsoft-Windows-Security-Auditing,Security,4688,A new process has been created,LOCAL,jperez,SRV-MON-001,172.16.20.101,54138,2,C:\\Program Files\\Microsoft Defender\\MsMpEng.exe,0x0,0x0,Process created by LOCAL\jperez: C:\\Program Files\\Microsoft Defender\\MsMpEng.exe,0,none,Internal,LAN,,
2026-04-25 15:58:05,WIN11-SEC-022,Microsoft-Windows-Security-Auditing,Security,4624,An account was successfully logged on,EMPRESA,dtorres,PC-OPS-014,172.16.20.210,56296,10,C:\\Windows\\System32\\svchost.exe,0x0,0x0,Successful logon for EMPRESA\dtorres from 172.16.20.210 using logon type 10,0,none,Internal,LAN,,
2026-04-25 15:58:25,WIN11-SEC-022,Microsoft-Windows-Security-Auditing,Security,4634,An account was logged off,LOCAL,lcastro,PC-OPS-014,10.10.69.208,65358,3,C:\\Windows\\System32\\svchost.exe,0x0,0x0,Logoff for LOCAL\lcastro from workstation PC-OPS-014,0,none,Internal,LAN,,
2026-04-25 15:59:46,WIN-SRV-FILE01,Microsoft-Windows-Security-Auditing,Security,4624,An account was successfully logged on,LOCAL,alopez,LAP-GER-003,10.10.52.72,50251,2,C:\\Program Files\\Microsoft Defender\\MsMpEng.exe,0x0,0x0,Successful logon for LOCAL\alopez from 10.10.52.72 using logon type 2,0,none,Internal,LAN,,
2026-04-25 16:00:41,WIN-SRV-APP01,Microsoft-Windows-Security-Auditing,Security,4672,Special privileges assigned to new logon,CORP,jperez,SRV-MON-001,172.16.20.7,51827,10,C:\\Program Files\\Microsoft Defender\\MsMpEng.exe,0x0,0x0,Special privileges assigned to CORP\jperez,0,none,Internal,LAN,,
2026-04-25 16:01:26,WIN-SRV-APP01,Microsoft-Windows-Security-Auditing,Security,4624,An account was successfully logged on,LOCAL,finanzas02,PC-RRHH-002,172.16.20.31,52201,3,C:\\Program Files\\Microsoft Defender\\MsMpEng.exe,0x0,0x0,Successful logon for LOCAL\finanzas02 from 172.16.20.31 using logon type 3,0,none,Internal,LAN,,
2026-04-25 16:03:33,WIN-SRV-FILE01,Microsoft-Windows-Security-Auditing,Security,4624,An account was successfully logged on,EMPRESA,jperez,LAP-GER-003,10.10.209.177,50670,2,C:\\Windows\\System32\\cmd.exe,0x0,0x0,Successful logon for EMPRESA\jperez from 10.10.209.177 using logon type 2,0,none,Internal,LAN,,
2026-04-25 16:03:58,WIN-SRV-FILE01,Microsoft-Windows-Security-Auditing,Security,4624,An account was successfully logged on,LOCAL,crojas,PC-OPS-014,192.168.1.117,55593,3,C:\\Windows\\System32\\WindowsPowerShell\\v1.0\\powershell.exe,0x0,0x0,Successful logon for LOCAL\crojas from 192.168.1.117 using logon type 3,0,none,Internal,LAN,,
2026-04-25 16:06:52,WIN-SRV-DC01,Microsoft-Windows-Security-Auditing,Security,4624,An account was successfully logged on,LOCAL,helpdesk01,LAP-GER-003,10.10.25.19,50083,7,C:\\Windows\\System32\\cmd.exe,0x0,0x0,Successful logon for LOCAL\helpdesk01 from 10.10.25.19 using logon type 7,0,none,Internal,LAN,,
2026-04-25 16:07:41,WIN11-SEC-022,Microsoft-Windows-Security-Auditing,Security,4624,An account was successfully logged on,EMPRESA,lcastro,SRV-MON-001,192.168.1.244,57461,7,C:\\Program Files\\Microsoft Defender\\MsMpEng.exe,0x0,0x0,Successful logon for EMPRESA\lcastro from 192.168.1.244 using logon type 7,0,none,Internal,LAN,,
2026-04-25 16:07:55,WIN11-SEC-022,Microsoft-Windows-Security-Auditing,Security,4624,An account was successfully logged on,CORP,dtorres,LAP-GER-003,10.10.114.219,57994,10,C:\\Windows\\System32\\lsass.exe,0x0,0x0,Successful logon for CORP\dtorres from 10.10.114.219 using logon type 10,0,none,Internal,LAN,,
2026-04-25 16:08:14,WIN-SRV-DC01,Microsoft-Windows-Security-Auditing,Security,4634,An account was logged off,CORP,admin.ops,PC-OPS-014,172.16.20.178,53089,2,C:\\Windows\\System32\\lsass.exe,0x0,0x0,Logoff for CORP\admin.ops from workstation PC-OPS-014,0,none,Internal,LAN,,
2026-04-25 16:08:56,WIN-SRV-FILE01,Microsoft-Windows-Security-Auditing,Security,4648,A logon was attempted using explicit credentials,CORP,helpdesk01,SRV-MON-001,192.168.1.51,52029,2,C:\\Windows\\System32\\WindowsPowerShell\\v1.0\\powershell.exe,0x0,0x0,Explicit credentials used by CORP\helpdesk01 from SRV-MON-001,0,none,Internal,LAN,,
2026-04-25 16:09:15,WIN11-SEC-022,Microsoft-Windows-Security-Auditing,Security,4624,An account was successfully logged on,CORP,finanzas02,PC-RRHH-002,172.16.20.209,52695,2,C:\\Program Files\\Microsoft Defender\\MsMpEng.exe,0x0,0x0,Successful logon for CORP\finanzas02 from 172.16.20.209 using logon type 2,0,none,Internal,LAN,,
2026-04-25 16:10:00,WIN-SRV-APP01,Microsoft-Windows-Security-Auditing,Security,4688,A new process has been created,EMPRESA,svc_monitor,LAP-GER-003,10.10.133.156,60457,3,C:\\Windows\\System32\\lsass.exe,0x0,0x0,Process created by EMPRESA\svc_monitor: C:\\Windows\\System32\\lsass.exe,0,none,Internal,LAN,,
2026-04-25 16:13:09,WIN-SRV-APP01,Microsoft-Windows-Security-Auditing,Security,4634,An account was logged off,CORP,analista01,SRV-MON-001,192.168.1.213,58586,7,C:\\Windows\\System32\\cmd.exe,0x0,0x0,Logoff for CORP\analista01 from workstation SRV-MON-001,0,none,Internal,LAN,,
2026-04-25 16:15:00,WIN-SRV-FILE01,Microsoft-Windows-Security-Auditing,Security,4624,An account was successfully logged on,EMPRESA,svc_backup,PC-RRHH-002,172.16.20.59,60641,3,C:\\Windows\\System32\\winlogon.exe,0x0,0x0,Successful logon for EMPRESA\svc_backup from 172.16.20.59 using logon type 3,0,none,Internal,LAN,,
2026-04-25 16:15:42,WIN10-FIN-014,Microsoft-Windows-Security-Auditing,Security,4624,An account was successfully logged on,CORP,dtorres,LAP-GER-003,172.16.20.193,52897,3,C:\\Windows\\System32\\winlogon.exe,0x0,0x0,Successful logon for CORP\dtorres from 172.16.20.193 using logon type 3,0,none,Internal,LAN,,
2026-04-25 16:15:44,WIN-SRV-APP01,Microsoft-Windows-Security-Auditing,Security,4624,An account was successfully logged on,EMPRESA,jperez,PC-FIN-001,10.10.92.138,56408,7,C:\\Program Files\\Microsoft Defender\\MsMpEng.exe,0x0,0x0,Successful logon for EMPRESA\jperez from 10.10.92.138 using logon type 7,0,none,Internal,LAN,,
2026-04-25 16:16:56,WIN10-FIN-014,Microsoft-Windows-Security-Auditing,Security,4624,An account was successfully logged on,CORP,jperez,LAP-GER-003,10.10.91.121,53269,2,C:\\Program Files\\Google\\Chrome\\Application\\chrome.exe,0x0,0x0,Successful logon for CORP\jperez from 10.10.91.121 using logon type 2,0,none,Internal,LAN,,
2026-04-25 16:17:56,WIN10-FIN-014,Microsoft-Windows-Security-Auditing,Security,4672,Special privileges assigned to new logon,CORP,dtorres,PC-OPS-014,192.168.1.18,53207,2,C:\\Windows\\System32\\cmd.exe,0x0,0x0,Special privileges assigned to CORP\dtorres,0,none,Internal,LAN,,
2026-04-25 16:18:01,WIN-SRV-DC01,Microsoft-Windows-Security-Auditing,Security,4624,An account was successfully logged on,EMPRESA,mgarcia,PC-RRHH-002,172.16.20.88,56864,3,C:\\Windows\\System32\\WindowsPowerShell\\v1.0\\powershell.exe,0x0,0x0,Successful logon for EMPRESA\mgarcia from 172.16.20.88 using logon type 3,0,none,Internal,LAN,,
2026-04-25 16:18:09,WIN11-SEC-022,Microsoft-Windows-Security-Auditing,Security,4648,A logon was attempted using explicit credentials,EMPRESA,helpdesk01,SRV-MON-001,192.168.1.156,51756,2,C:\\Windows\\System32\\winlogon.exe,0x0,0x0,Explicit credentials used by EMPRESA\helpdesk01 from SRV-MON-001,0,none,Internal,LAN,,
2026-04-25 16:18:40,WIN-SRV-DC01,Microsoft-Windows-Security-Auditing,Security,4672,Special privileges assigned to new logon,EMPRESA,lcastro,SRV-MON-001,192.168.1.4,59408,3,C:\\Windows\\System32\\winlogon.exe,0x0,0x0,Special privileges assigned to EMPRESA\lcastro,0,none,Internal,LAN,,
2026-04-25 16:22:19,WIN11-SEC-022,Microsoft-Windows-Security-Auditing,Security,4624,An account was successfully logged on,CORP,svc_monitor,SRV-MON-001,192.168.1.184,59618,3,C:\\Program Files\\Google\\Chrome\\Application\\chrome.exe,0x0,0x0,Successful logon for CORP\svc_monitor from 192.168.1.184 using logon type 3,0,none,Internal,LAN,,
2026-04-25 16:22:28,WIN-SRV-DC01,Microsoft-Windows-Security-Auditing,Security,4624,An account was successfully logged on,LOCAL,jperez,PC-OPS-014,192.168.1.225,50963,3,C:\\Windows\\System32\\winlogon.exe,0x0,0x0,Successful logon for LOCAL\jperez from 192.168.1.225 using logon type 3,0,none,Internal,LAN,,
2026-04-25 16:22:45,WIN-SRV-FILE01,Microsoft-Windows-Security-Auditing,Security,4624,An account was successfully logged on,CORP,alopez,SRV-MON-001,192.168.1.63,52038,3,C:\\Windows\\System32\\svchost.exe,0x0,0x0,Successful logon for CORP\alopez from 192.168.1.63 using logon type 3,0,none,Internal,LAN,,
2026-04-25 16:23:30,WIN11-SEC-022,Microsoft-Windows-Security-Auditing,Security,4624,An account was successfully logged on,EMPRESA,dtorres,LAP-GER-003,10.10.200.155,61798,2,C:\\Windows\\System32\\lsass.exe,0x0,0x0,Successful logon for EMPRESA\dtorres from 10.10.200.155 using logon type 2,0,none,Internal,LAN,,
2026-04-25 16:24:29,WIN-SRV-APP01,Microsoft-Windows-Security-Auditing,Security,4624,An account was successfully logged on,EMPRESA,svc_monitor,PC-FIN-001,172.16.20.104,63236,10,C:\\Windows\\System32\\winlogon.exe,0x0,0x0,Successful logon for EMPRESA\svc_monitor from 172.16.20.104 using logon type 10,0,none,Internal,LAN,,
2026-04-25 16:26:47,WIN-SRV-FILE01,Microsoft-Windows-Security-Auditing,Security,4624,An account was successfully logged on,EMPRESA,helpdesk01,PC-RRHH-002,172.16.20.65,51728,2,C:\\Windows\\System32\\cmd.exe,0x0,0x0,Successful logon for EMPRESA\helpdesk01 from 172.16.20.65 using logon type 2,0,none,Internal,LAN,,
2026-04-25 16:27:29,WIN-SRV-FILE01,Microsoft-Windows-Security-Auditing,Security,4634,An account was logged off,EMPRESA,admin.ops,SRV-MON-001,192.168.1.17,54564,3,C:\\Program Files\\Google\\Chrome\\Application\\chrome.exe,0x0,0x0,Logoff for EMPRESA\admin.ops from workstation SRV-MON-001,0,none,Internal,LAN,,
2026-04-25 16:27:44,WIN-SRV-FILE01,Microsoft-Windows-Security-Auditing,Security,4624,An account was successfully logged on,EMPRESA,finanzas02,PC-FIN-001,192.168.1.111,49639,2,C:\\Windows\\System32\\svchost.exe,0x0,0x0,Successful logon for EMPRESA\finanzas02 from 192.168.1.111 using logon type 2,0,none,Internal,LAN,,
2026-04-25 16:27:57,WIN10-FIN-014,Microsoft-Windows-Security-Auditing,Security,4624,An account was successfully logged on,CORP,dtorres,PC-OPS-014,10.10.243.246,59733,7,C:\\Windows\\System32\\WindowsPowerShell\\v1.0\\powershell.exe,0x0,0x0,Successful logon for CORP\dtorres from 10.10.243.246 using logon type 7,0,none,Internal,LAN,,
2026-04-25 16:28:51,WIN-SRV-FILE01,Microsoft-Windows-Security-Auditing,Security,4624,An account was successfully logged on,LOCAL,admin.ops,PC-FIN-001,10.10.18.240,64952,10,C:\\Program Files\\Google\\Chrome\\Application\\chrome.exe,0x0,0x0,Successful logon for LOCAL\admin.ops from 10.10.18.240 using logon type 10,0,none,Internal,LAN,,
2026-04-25 16:29:02,WIN-SRV-DC01,Microsoft-Windows-Security-Auditing,Security,4634,An account was logged off,LOCAL,admin.ops,PC-FIN-001,10.10.160.157,55140,2,C:\\Windows\\System32\\svchost.exe,0x0,0x0,Logoff for LOCAL\admin.ops from workstation PC-FIN-001,0,none,Internal,LAN,,
2026-04-25 16:34:20,WIN10-FIN-014,Microsoft-Windows-Security-Auditing,Security,4634,An account was logged off,CORP,svc_backup,LAP-GER-003,192.168.1.40,64820,10,C:\\Windows\\System32\\WindowsPowerShell\\v1.0\\powershell.exe,0x0,0x0,Logoff for CORP\svc_backup from workstation LAP-GER-003,0,none,Internal,LAN,,
2026-04-25 16:34:52,WIN11-SEC-022,Microsoft-Windows-Security-Auditing,Security,4624,An account was successfully logged on,LOCAL,helpdesk01,SRV-MON-001,172.16.20.131,50177,2,C:\\Program Files\\Google\\Chrome\\Application\\chrome.exe,0x0,0x0,Successful logon for LOCAL\helpdesk01 from 172.16.20.131 using logon type 2,0,none,Internal,LAN,,
2026-04-25 16:36:31,WIN-SRV-DC01,Microsoft-Windows-Security-Auditing,Security,4634,An account was logged off,LOCAL,alopez,PC-OPS-014,172.16.20.131,60618,7,C:\\Windows\\System32\\svchost.exe,0x0,0x0,Logoff for LOCAL\alopez from workstation PC-OPS-014,0,none,Internal,LAN,,
2026-04-25 16:37:25,WIN11-SEC-022,Microsoft-Windows-Security-Auditing,Security,4624,An account was successfully logged on,CORP,crojas,PC-FIN-001,172.16.20.170,56793,10,C:\\Program Files\\Microsoft Defender\\MsMpEng.exe,0x0,0x0,Successful logon for CORP\crojas from 172.16.20.170 using logon type 10,0,none,Internal,LAN,,
2026-04-25 16:38:55,WIN-SRV-FILE01,Microsoft-Windows-Security-Auditing,Security,4648,A logon was attempted using explicit credentials,EMPRESA,svc_monitor,LAP-GER-003,10.10.17.151,65000,7,C:\\Program Files\\Microsoft Defender\\MsMpEng.exe,0x0,0x0,Explicit credentials used by EMPRESA\svc_monitor from LAP-GER-003,0,none,Internal,LAN,,
2026-04-25 16:40:26,WIN11-SEC-022,Microsoft-Windows-Security-Auditing,Security,4624,An account was successfully logged on,LOCAL,lcastro,LAP-GER-003,10.10.194.115,58437,3,C:\\Windows\\System32\\cmd.exe,0x0,0x0,Successful logon for LOCAL\lcastro from 10.10.194.115 using logon type 3,0,none,Internal,LAN,,
2026-04-25 16:41:52,WIN-SRV-APP01,Microsoft-Windows-Security-Auditing,Security,4688,A new process has been created,EMPRESA,admin.ops,PC-RRHH-002,192.168.1.40,62413,3,C:\\Windows\\System32\\WindowsPowerShell\\v1.0\\powershell.exe,0x0,0x0,Process created by EMPRESA\admin.ops: C:\\Windows\\System32\\WindowsPowerShell\\v1.0\\powershell.exe,0,none,Internal,LAN,,
2026-04-25 16:42:14,WIN-SRV-FILE01,Microsoft-Windows-Security-Auditing,Security,4624,An account was successfully logged on,EMPRESA,crojas,PC-FIN-001,10.10.5.180,50084,10,C:\\Windows\\System32\\svchost.exe,0x0,0x0,Successful logon for EMPRESA\crojas from 10.10.5.180 using logon type 10,0,none,Internal,LAN,,
2026-04-25 16:42:23,WIN-SRV-APP01,Microsoft-Windows-Security-Auditing,Security,4634,An account was logged off,EMPRESA,lcastro,SRV-MON-001,172.16.20.116,57515,10,C:\\Windows\\System32\\winlogon.exe,0x0,0x0,Logoff for EMPRESA\lcastro from workstation SRV-MON-001,0,none,Internal,LAN,,
2026-04-25 16:45:43,WIN10-FIN-014,Microsoft-Windows-Security-Auditing,Security,4624,An account was successfully logged on,EMPRESA,dtorres,LAP-GER-003,172.16.20.61,62021,2,C:\\Windows\\System32\\winlogon.exe,0x0,0x0,Successful logon for EMPRESA\dtorres from 172.16.20.61 using logon type 2,0,none,Internal,LAN,,
2026-04-25 16:46:35,WIN-SRV-APP01,Microsoft-Windows-Security-Auditing,Security,4624,An account was successfully logged on,CORP,jperez,PC-OPS-014,10.10.108.174,61154,7,C:\\Windows\\System32\\winlogon.exe,0x0,0x0,Successful logon for CORP\jperez from 10.10.108.174 using logon type 7,0,none,Internal,LAN,,
2026-04-25 16:47:56,WIN10-FIN-014,Microsoft-Windows-Security-Auditing,Security,4624,An account was successfully logged on,LOCAL,admin.ops,LAP-GER-003,172.16.20.253,63866,10,C:\\Program Files\\Microsoft Defender\\MsMpEng.exe,0x0,0x0,Successful logon for LOCAL\admin.ops from 172.16.20.253 using logon type 10,0,none,Internal,LAN,,
2026-04-25 16:48:11,WIN-SRV-APP01,Microsoft-Windows-Security-Auditing,Security,4672,Special privileges assigned to new logon,CORP,helpdesk01,PC-FIN-001,10.10.4.240,60460,2,C:\\Windows\\System32\\cmd.exe,0x0,0x0,Special privileges assigned to CORP\helpdesk01,0,none,Internal,LAN,,
2026-04-25 16:49:32,WIN-SRV-APP01,Microsoft-Windows-Security-Auditing,Security,4688,A new process has been created,CORP,jperez,SRV-MON-001,172.16.20.55,56636,7,C:\\Program Files\\Google\\Chrome\\Application\\chrome.exe,0x0,0x0,Process created by CORP\jperez: C:\\Program Files\\Google\\Chrome\\Application\\chrome.exe,0,none,Internal,LAN,,
2026-04-25 16:50:02,WIN10-FIN-014,Microsoft-Windows-Security-Auditing,Security,4624,An account was successfully logged on,CORP,helpdesk01,PC-RRHH-002,192.168.1.57,51940,7,C:\\Program Files\\Google\\Chrome\\Application\\chrome.exe,0x0,0x0,Successful logon for CORP\helpdesk01 from 192.168.1.57 using logon type 7,0,none,Internal,LAN,,
2026-04-25 16:51:29,WIN10-FIN-014,Microsoft-Windows-Security-Auditing,Security,4624,An account was successfully logged on,EMPRESA,svc_backup,LAP-GER-003,10.10.3.207,59131,2,C:\\Program Files\\Google\\Chrome\\Application\\chrome.exe,0x0,0x0,Successful logon for EMPRESA\svc_backup from 10.10.3.207 using logon type 2,0,none,Internal,LAN,,
2026-04-25 16:51:54,WIN11-SEC-022,Microsoft-Windows-Security-Auditing,Security,4648,A logon was attempted using explicit credentials,EMPRESA,svc_backup,SRV-MON-001,172.16.20.89,54606,3,C:\\Program Files\\Microsoft Defender\\MsMpEng.exe,0x0,0x0,Explicit credentials used by EMPRESA\svc_backup from SRV-MON-001,0,none,Internal,LAN,,
2026-04-25 16:55:49,WIN-SRV-FILE01,Microsoft-Windows-Security-Auditing,Security,4624,An account was successfully logged on,EMPRESA,svc_backup,PC-OPS-014,172.16.20.50,55825,10,C:\\Windows\\System32\\lsass.exe,0x0,0x0,Successful logon for EMPRESA\svc_backup from 172.16.20.50 using logon type 10,0,none,Internal,LAN,,
2026-04-25 16:56:01,WIN10-FIN-014,Microsoft-Windows-Security-Auditing,Security,4688,A new process has been created,EMPRESA,dtorres,PC-RRHH-002,192.168.1.223,49538,3,C:\\Program Files\\Google\\Chrome\\Application\\chrome.exe,0x0,0x0,Process created by EMPRESA\dtorres: C:\\Program Files\\Google\\Chrome\\Application\\chrome.exe,0,none,Internal,LAN,,
2026-04-25 16:56:30,WIN11-SEC-022,Microsoft-Windows-Security-Auditing,Security,4624,An account was successfully logged on,LOCAL,alopez,PC-OPS-014,10.10.15.69,49882,3,C:\\Program Files\\Google\\Chrome\\Application\\chrome.exe,0x0,0x0,Successful logon for LOCAL\alopez from 10.10.15.69 using logon type 3,0,none,Internal,LAN,,
2026-04-25 16:56:54,WIN10-FIN-014,Microsoft-Windows-Security-Auditing,Security,4672,Special privileges assigned to new logon,LOCAL,admin.ops,PC-OPS-014,10.10.40.220,54910,3,C:\\Windows\\System32\\winlogon.exe,0x0,0x0,Special privileges assigned to LOCAL\admin.ops,0,none,Internal,LAN,,
2026-04-25 16:57:33,WIN-SRV-FILE01,Microsoft-Windows-Security-Auditing,Security,4648,A logon was attempted using explicit credentials,CORP,finanzas02,SRV-MON-001,172.16.20.64,55550,10,C:\\Windows\\System32\\svchost.exe,0x0,0x0,Explicit credentials used by CORP\finanzas02 from SRV-MON-001,0,none,Internal,LAN,,
2026-04-25 16:58:42,WIN11-SEC-022,Microsoft-Windows-Security-Auditing,Security,4624,An account was successfully logged on,EMPRESA,svc_backup,PC-RRHH-002,172.16.20.45,52203,7,C:\\Program Files\\Google\\Chrome\\Application\\chrome.exe,0x0,0x0,Successful logon for EMPRESA\svc_backup from 172.16.20.45 using logon type 7,0,none,Internal,LAN,,
2026-04-25 17:01:45,WIN-SRV-DC01,Microsoft-Windows-Security-Auditing,Security,4648,A logon was attempted using explicit credentials,CORP,crojas,LAP-GER-003,10.10.16.115,56810,7,C:\\Windows\\System32\\svchost.exe,0x0,0x0,Explicit credentials used by CORP\crojas from LAP-GER-003,0,none,Internal,LAN,,
2026-04-25 17:03:38,WIN11-SEC-022,Microsoft-Windows-Security-Auditing,Security,4688,A new process has been created,EMPRESA,finanzas02,PC-OPS-014,10.10.246.88,49743,2,C:\\Program Files\\Microsoft Defender\\MsMpEng.exe,0x0,0x0,Process created by EMPRESA\finanzas02: C:\\Program Files\\Microsoft Defender\\MsMpEng.exe,0,none,Internal,LAN,,
2026-04-25 17:04:52,WIN-SRV-DC01,Microsoft-Windows-Security-Auditing,Security,4672,Special privileges assigned to new logon,LOCAL,mgarcia,PC-RRHH-002,192.168.1.14,50065,2,C:\\Program Files\\Microsoft Defender\\MsMpEng.exe,0x0,0x0,Special privileges assigned to LOCAL\mgarcia,0,none,Internal,LAN,,
2026-04-25 17:06:17,WIN-SRV-APP01,Microsoft-Windows-Security-Auditing,Security,4634,An account was logged off,CORP,helpdesk01,PC-RRHH-002,192.168.1.60,52838,7,C:\\Windows\\System32\\cmd.exe,0x0,0x0,Logoff for CORP\helpdesk01 from workstation PC-RRHH-002,0,none,Internal,LAN,,
2026-04-25 17:06:39,WIN11-SEC-022,Microsoft-Windows-Security-Auditing,Security,4648,A logon was attempted using explicit credentials,EMPRESA,jperez,PC-RRHH-002,10.10.111.99,62710,10,C:\\Windows\\System32\\lsass.exe,0x0,0x0,Explicit credentials used by EMPRESA\jperez from PC-RRHH-002,0,none,Internal,LAN,,
2026-04-25 17:08:50,WIN11-SEC-022,Microsoft-Windows-Security-Auditing,Security,4624,An account was successfully logged on,EMPRESA,admin.ops,PC-RRHH-002,10.10.119.103,64958,10,C:\\Windows\\System32\\cmd.exe,0x0,0x0,Successful logon for EMPRESA\admin.ops from 10.10.119.103 using logon type 10,0,none,Internal,LAN,,
2026-04-25 17:09:38,WIN-SRV-FILE01,Microsoft-Windows-Security-Auditing,Security,4634,An account was logged off,CORP,admin.ops,PC-OPS-014,192.168.1.22,63540,3,C:\\Windows\\System32\\svchost.exe,0x0,0x0,Logoff for CORP\admin.ops from workstation PC-OPS-014,0,none,Internal,LAN,,
2026-04-25 17:12:42,WIN-SRV-FILE01,Microsoft-Windows-Security-Auditing,Security,4634,An account was logged off,LOCAL,svc_monitor,PC-FIN-001,10.10.249.70,63398,7,C:\\Program Files\\Google\\Chrome\\Application\\chrome.exe,0x0,0x0,Logoff for LOCAL\svc_monitor from workstation PC-FIN-001,0,none,Internal,LAN,,
2026-04-25 17:12:57,WIN-SRV-FILE01,Microsoft-Windows-Security-Auditing,Security,4624,An account was successfully logged on,LOCAL,helpdesk01,LAP-GER-003,10.10.225.146,51632,7,C:\\Windows\\System32\\lsass.exe,0x0,0x0,Successful logon for LOCAL\helpdesk01 from 10.10.225.146 using logon type 7,0,none,Internal,LAN,,
2026-04-25 17:13:56,WIN11-SEC-022,Microsoft-Windows-Security-Auditing,Security,4624,An account was successfully logged on,LOCAL,dtorres,PC-OPS-014,172.16.20.137,64767,10,C:\\Windows\\System32\\WindowsPowerShell\\v1.0\\powershell.exe,0x0,0x0,Successful logon for LOCAL\dtorres from 172.16.20.137 using logon type 10,0,none,Internal,LAN,,
2026-04-25 17:14:08,WIN11-SEC-022,Microsoft-Windows-Security-Auditing,Security,4624,An account was successfully logged on,CORP,finanzas02,PC-FIN-001,192.168.1.132,60209,7,C:\\Program Files\\Google\\Chrome\\Application\\chrome.exe,0x0,0x0,Successful logon for CORP\finanzas02 from 192.168.1.132 using logon type 7,0,none,Internal,LAN,,
2026-04-25 17:14:50,WIN-SRV-DC01,Microsoft-Windows-Security-Auditing,Security,4672,Special privileges assigned to new logon,EMPRESA,mgarcia,PC-RRHH-002,10.10.135.0,58535,3,C:\\Program Files\\Google\\Chrome\\Application\\chrome.exe,0x0,0x0,Special privileges assigned to EMPRESA\mgarcia,0,none,Internal,LAN,,
2026-04-25 17:15:11,WIN-SRV-APP01,Microsoft-Windows-Security-Auditing,Security,4624,An account was successfully logged on,EMPRESA,alopez,LAP-GER-003,192.168.1.93,59252,2,C:\\Windows\\System32\\cmd.exe,0x0,0x0,Successful logon for EMPRESA\alopez from 192.168.1.93 using logon type 2,0,none,Internal,LAN,,
2026-04-25 17:15:31,WIN-SRV-FILE01,Microsoft-Windows-Security-Auditing,Security,4634,An account was logged off,EMPRESA,helpdesk01,LAP-GER-003,172.16.20.106,55931,10,C:\\Windows\\System32\\winlogon.exe,0x0,0x0,Logoff for EMPRESA\helpdesk01 from workstation LAP-GER-003,0,none,Internal,LAN,,
2026-04-25 17:15:35,WIN-SRV-DC01,Microsoft-Windows-Security-Auditing,Security,4634,An account was logged off,EMPRESA,svc_monitor,PC-RRHH-002,172.16.20.221,53276,3,C:\\Windows\\System32\\WindowsPowerShell\\v1.0\\powershell.exe,0x0,0x0,Logoff for EMPRESA\svc_monitor from workstation PC-RRHH-002,0,none,Internal,LAN,,
2026-04-25 17:16:43,WIN-SRV-FILE01,Microsoft-Windows-Security-Auditing,Security,4624,An account was successfully logged on,CORP,jperez,SRV-MON-001,192.168.1.169,53334,2,C:\\Program Files\\Google\\Chrome\\Application\\chrome.exe,0x0,0x0,Successful logon for CORP\jperez from 192.168.1.169 using logon type 2,0,none,Internal,LAN,,
2026-04-25 17:16:45,WIN-SRV-APP01,Microsoft-Windows-Security-Auditing,Security,4634,An account was logged off,CORP,jperez,PC-FIN-001,192.168.1.93,53942,10,C:\\Windows\\System32\\winlogon.exe,0x0,0x0,Logoff for CORP\jperez from workstation PC-FIN-001,0,none,Internal,LAN,,
2026-04-25 17:17:06,WIN11-SEC-022,Microsoft-Windows-Security-Auditing,Security,4634,An account was logged off,EMPRESA,jperez,PC-RRHH-002,192.168.1.120,57491,3,C:\\Windows\\System32\\WindowsPowerShell\\v1.0\\powershell.exe,0x0,0x0,Logoff for EMPRESA\jperez from workstation PC-RRHH-002,0,none,Internal,LAN,,
2026-04-25 17:17:26,WIN10-FIN-014,Microsoft-Windows-Security-Auditing,Security,4688,A new process has been created,EMPRESA,jperez,PC-RRHH-002,192.168.1.2,57767,7,C:\\Program Files\\Google\\Chrome\\Application\\chrome.exe,0x0,0x0,Process created by EMPRESA\jperez: C:\\Program Files\\Google\\Chrome\\Application\\chrome.exe,0,none,Internal,LAN,,
2026-04-25 17:18:16,WIN11-SEC-022,Microsoft-Windows-Security-Auditing,Security,4624,An account was successfully logged on,EMPRESA,analista01,PC-FIN-001,10.10.158.128,54530,7,C:\\Windows\\System32\\winlogon.exe,0x0,0x0,Successful logon for EMPRESA\analista01 from 10.10.158.128 using logon type 7,0,none,Internal,LAN,,
2026-04-25 17:19:10,WIN-SRV-DC01,Microsoft-Windows-Security-Auditing,Security,4624,An account was successfully logged on,EMPRESA,finanzas02,PC-FIN-001,172.16.20.167,50919,10,C:\\Windows\\System32\\svchost.exe,0x0,0x0,Successful logon for EMPRESA\finanzas02 from 172.16.20.167 using logon type 10,0,none,Internal,LAN,,
2026-04-25 17:20:17,WIN10-FIN-014,Microsoft-Windows-Security-Auditing,Security,4624,An account was successfully logged on,CORP,alopez,PC-OPS-014,192.168.1.236,62430,3,C:\\Windows\\System32\\cmd.exe,0x0,0x0,Successful logon for CORP\alopez from 192.168.1.236 using logon type 3,0,none,Internal,LAN,,
2026-04-25 17:21:16,WIN10-FIN-014,Microsoft-Windows-Security-Auditing,Security,4688,A new process has been created,CORP,finanzas02,LAP-GER-003,10.10.16.137,51471,3,C:\\Windows\\System32\\cmd.exe,0x0,0x0,Process created by CORP\finanzas02: C:\\Windows\\System32\\cmd.exe,0,none,Internal,LAN,,
2026-04-25 17:27:33,WIN-SRV-FILE01,Microsoft-Windows-Security-Auditing,Security,4688,A new process has been created,LOCAL,mgarcia,SRV-MON-001,10.10.89.143,54101,3,C:\\Windows\\System32\\winlogon.exe,0x0,0x0,Process created by LOCAL\mgarcia: C:\\Windows\\System32\\winlogon.exe,0,none,Internal,LAN,,
2026-04-25 17:27:55,WIN10-FIN-014,Microsoft-Windows-Security-Auditing,Security,4624,An account was successfully logged on,LOCAL,helpdesk01,SRV-MON-001,192.168.1.248,55084,3,C:\\Windows\\System32\\svchost.exe,0x0,0x0,Successful logon for LOCAL\helpdesk01 from 192.168.1.248 using logon type 3,0,none,Internal,LAN,,
2026-04-25 17:29:07,WIN10-FIN-014,Microsoft-Windows-Security-Auditing,Security,4634,An account was logged off,LOCAL,alopez,PC-FIN-001,172.16.20.144,57415,3,C:\\Windows\\System32\\winlogon.exe,0x0,0x0,Logoff for LOCAL\alopez from workstation PC-FIN-001,0,none,Internal,LAN,,
2026-04-25 17:29:24,WIN11-SEC-022,Microsoft-Windows-Security-Auditing,Security,4624,An account was successfully logged on,LOCAL,dtorres,PC-OPS-014,172.16.20.39,55462,3,C:\\Windows\\System32\\WindowsPowerShell\\v1.0\\powershell.exe,0x0,0x0,Successful logon for LOCAL\dtorres from 172.16.20.39 using logon type 3,0,none,Internal,LAN,,
2026-04-25 17:29:29,WIN-SRV-APP01,Microsoft-Windows-Security-Auditing,Security,4624,An account was successfully logged on,LOCAL,analista01,PC-FIN-001,10.10.131.201,49369,2,C:\\Windows\\System32\\cmd.exe,0x0,0x0,Successful logon for LOCAL\analista01 from 10.10.131.201 using logon type 2,0,none,Internal,LAN,,
2026-04-25 17:29:45,WIN11-SEC-022,Microsoft-Windows-Security-Auditing,Security,4624,An account was successfully logged on,EMPRESA,dtorres,PC-RRHH-002,10.10.85.156,59481,7,C:\\Windows\\System32\\cmd.exe,0x0,0x0,Successful logon for EMPRESA\dtorres from 10.10.85.156 using logon type 7,0,none,Internal,LAN,,
2026-04-25 17:30:28,WIN-SRV-DC01,Microsoft-Windows-Security-Auditing,Security,4634,An account was logged off,EMPRESA,svc_monitor,LAP-GER-003,172.16.20.204,57630,3,C:\\Program Files\\Google\\Chrome\\Application\\chrome.exe,0x0,0x0,Logoff for EMPRESA\svc_monitor from workstation LAP-GER-003,0,none,Internal,LAN,,
2026-04-25 17:31:00,WIN-SRV-FILE01,Microsoft-Windows-Security-Auditing,Security,4624,An account was successfully logged on,EMPRESA,svc_backup,LAP-GER-003,10.10.44.205,61485,3,C:\\Windows\\System32\\cmd.exe,0x0,0x0,Successful logon for EMPRESA\svc_backup from 10.10.44.205 using logon type 3,0,none,Internal,LAN,,
2026-04-25 17:31:33,WIN-SRV-APP01,Microsoft-Windows-Security-Auditing,Security,4624,An account was successfully logged on,LOCAL,mgarcia,SRV-MON-001,172.16.20.18,50128,2,C:\\Program Files\\Google\\Chrome\\Application\\chrome.exe,0x0,0x0,Successful logon for LOCAL\mgarcia from 172.16.20.18 using logon type 2,0,none,Internal,LAN,,
2026-04-25 17:33:09,WIN10-FIN-014,Microsoft-Windows-Security-Auditing,Security,4624,An account was successfully logged on,CORP,lcastro,PC-FIN-001,192.168.1.41,52390,7,C:\\Windows\\System32\\lsass.exe,0x0,0x0,Successful logon for CORP\lcastro from 192.168.1.41 using logon type 7,0,none,Internal,LAN,,
2026-04-25 17:36:22,WIN10-FIN-014,Microsoft-Windows-Security-Auditing,Security,4624,An account was successfully logged on,EMPRESA,finanzas02,PC-OPS-014,172.16.20.192,59221,7,C:\\Program Files\\Google\\Chrome\\Application\\chrome.exe,0x0,0x0,Successful logon for EMPRESA\finanzas02 from 172.16.20.192 using logon type 7,0,none,Internal,LAN,,
2026-04-25 17:36:36,WIN-SRV-FILE01,Microsoft-Windows-Security-Auditing,Security,4624,An account was successfully logged on,CORP,jperez,PC-RRHH-002,172.16.20.128,51553,3,C:\\Windows\\System32\\winlogon.exe,0x0,0x0,Successful logon for CORP\jperez from 172.16.20.128 using logon type 3,0,none,Internal,LAN,,
2026-04-25 17:37:23,WIN-SRV-APP01,Microsoft-Windows-Security-Auditing,Security,4624,An account was successfully logged on,CORP,crojas,PC-FIN-001,192.168.1.247,51772,3,C:\\Windows\\System32\\lsass.exe,0x0,0x0,Successful logon for CORP\crojas from 192.168.1.247 using logon type 3,0,none,Internal,LAN,,
2026-04-25 17:39:39,WIN10-FIN-014,Microsoft-Windows-Security-Auditing,Security,4624,An account was successfully logged on,LOCAL,svc_monitor,SRV-MON-001,192.168.1.240,60822,10,C:\\Windows\\System32\\lsass.exe,0x0,0x0,Successful logon for LOCAL\svc_monitor from 192.168.1.240 using logon type 10,0,none,Internal,LAN,,
2026-04-25 17:40:44,WIN-SRV-FILE01,Microsoft-Windows-Security-Auditing,Security,4688,A new process has been created,EMPRESA,mgarcia,SRV-MON-001,172.16.20.156,56623,3,C:\\Program Files\\Microsoft Defender\\MsMpEng.exe,0x0,0x0,Process created by EMPRESA\mgarcia: C:\\Program Files\\Microsoft Defender\\MsMpEng.exe,0,none,Internal,LAN,,
2026-04-25 17:41:54,WIN-SRV-APP01,Microsoft-Windows-Security-Auditing,Security,4634,An account was logged off,LOCAL,finanzas02,PC-RRHH-002,172.16.20.141,49966,10,C:\\Program Files\\Google\\Chrome\\Application\\chrome.exe,0x0,0x0,Logoff for LOCAL\finanzas02 from workstation PC-RRHH-002,0,none,Internal,LAN,,
2026-04-25 17:42:23,WIN11-SEC-022,Microsoft-Windows-Security-Auditing,Security,4634,An account was logged off,EMPRESA,admin.ops,PC-RRHH-002,10.10.205.45,58147,10,C:\\Windows\\System32\\svchost.exe,0x0,0x0,Logoff for EMPRESA\admin.ops from workstation PC-RRHH-002,0,none,Internal,LAN,,
2026-04-25 17:43:28,WIN-SRV-DC01,Microsoft-Windows-Security-Auditing,Security,4624,An account was successfully logged on,EMPRESA,mgarcia,PC-OPS-014,172.16.20.247,64174,10,C:\\Windows\\System32\\cmd.exe,0x0,0x0,Successful logon for EMPRESA\mgarcia from 172.16.20.247 using logon type 10,0,none,Internal,LAN,,
2026-04-25 17:45:02,WIN-SRV-APP01,Microsoft-Windows-Security-Auditing,Security,4624,An account was successfully logged on,LOCAL,crojas,PC-RRHH-002,172.16.20.223,61091,3,C:\\Windows\\System32\\winlogon.exe,0x0,0x0,Successful logon for LOCAL\crojas from 172.16.20.223 using logon type 3,0,none,Internal,LAN,,
2026-04-25 17:45:11,WIN-SRV-FILE01,Microsoft-Windows-Security-Auditing,Security,4624,An account was successfully logged on,LOCAL,helpdesk01,SRV-MON-001,10.10.224.123,58584,7,C:\\Windows\\System32\\svchost.exe,0x0,0x0,Successful logon for LOCAL\helpdesk01 from 10.10.224.123 using logon type 7,0,none,Internal,LAN,,
2026-04-25 17:45:22,WIN-SRV-FILE01,Microsoft-Windows-Security-Auditing,Security,4624,An account was successfully logged on,LOCAL,finanzas02,SRV-MON-001,192.168.1.190,62551,7,C:\\Windows\\System32\\svchost.exe,0x0,0x0,Successful logon for LOCAL\finanzas02 from 192.168.1.190 using logon type 7,0,none,Internal,LAN,,
2026-04-25 17:48:10,WIN-SRV-DC01,Microsoft-Windows-Security-Auditing,Security,4624,An account was successfully logged on,LOCAL,finanzas02,PC-OPS-014,192.168.1.126,58267,3,C:\\Windows\\System32\\lsass.exe,0x0,0x0,Successful logon for LOCAL\finanzas02 from 192.168.1.126 using logon type 3,0,none,Internal,LAN,,
2026-04-25 17:48:14,WIN11-SEC-022,Microsoft-Windows-Security-Auditing,Security,4624,An account was successfully logged on,LOCAL,mgarcia,LAP-GER-003,172.16.20.139,53777,10,C:\\Program Files\\Microsoft Defender\\MsMpEng.exe,0x0,0x0,Successful logon for LOCAL\mgarcia from 172.16.20.139 using logon type 10,0,none,Internal,LAN,,
2026-04-25 17:50:05,WIN-SRV-APP01,Microsoft-Windows-Security-Auditing,Security,4634,An account was logged off,CORP,helpdesk01,SRV-MON-001,172.16.20.79,49922,3,C:\\Windows\\System32\\cmd.exe,0x0,0x0,Logoff for CORP\helpdesk01 from workstation SRV-MON-001,0,none,Internal,LAN,,
2026-04-25 17:50:42,WIN-SRV-APP01,Microsoft-Windows-Security-Auditing,Security,4634,An account was logged off,LOCAL,analista01,PC-RRHH-002,172.16.20.153,51193,2,C:\\Program Files\\Google\\Chrome\\Application\\chrome.exe,0x0,0x0,Logoff for LOCAL\analista01 from workstation PC-RRHH-002,0,none,Internal,LAN,,
2026-04-25 17:52:01,WIN10-FIN-014,Microsoft-Windows-Security-Auditing,Security,4624,An account was successfully logged on,CORP,dtorres,PC-FIN-001,10.10.104.92,55096,10,C:\\Windows\\System32\\cmd.exe,0x0,0x0,Successful logon for CORP\dtorres from 10.10.104.92 using logon type 10,0,none,Internal,LAN,,
2026-04-25 17:53:37,WIN-SRV-APP01,Microsoft-Windows-Security-Auditing,Security,4624,An account was successfully logged on,LOCAL,alopez,PC-RRHH-002,192.168.1.22,50376,10,C:\\Windows\\System32\\WindowsPowerShell\\v1.0\\powershell.exe,0x0,0x0,Successful logon for LOCAL\alopez from 192.168.1.22 using logon type 10,0,none,Internal,LAN,,
2026-04-25 17:55:57,WIN-SRV-APP01,Microsoft-Windows-Security-Auditing,Security,4634,An account was logged off,CORP,svc_backup,PC-FIN-001,172.16.20.159,59408,10,C:\\Windows\\System32\\WindowsPowerShell\\v1.0\\powershell.exe,0x0,0x0,Logoff for CORP\svc_backup from workstation PC-FIN-001,0,none,Internal,LAN,,
2026-04-25 17:56:28,WIN-SRV-APP01,Microsoft-Windows-Security-Auditing,Security,4634,An account was logged off,CORP,jperez,PC-RRHH-002,172.16.20.96,64073,10,C:\\Windows\\System32\\winlogon.exe,0x0,0x0,Logoff for CORP\jperez from workstation PC-RRHH-002,0,none,Internal,LAN,,
2026-04-25 17:57:38,WIN-SRV-FILE01,Microsoft-Windows-Security-Auditing,Security,4688,A new process has been created,CORP,helpdesk01,PC-OPS-014,192.168.1.227,63092,10,C:\\Program Files\\Google\\Chrome\\Application\\chrome.exe,0x0,0x0,Process created by CORP\helpdesk01: C:\\Program Files\\Google\\Chrome\\Application\\chrome.exe,0,none,Internal,LAN,,
2026-04-25 17:59:51,WIN11-SEC-022,Microsoft-Windows-Security-Auditing,Security,4624,An account was successfully logged on,CORP,dtorres,PC-FIN-001,192.168.1.145,56314,7,C:\\Windows\\System32\\WindowsPowerShell\\v1.0\\powershell.exe,0x0,0x0,Successful logon for CORP\dtorres from 192.168.1.145 using logon type 7,0,none,Internal,LAN,,
2026-04-25 18:00:01,WIN-SRV-DC01,Microsoft-Windows-Security-Auditing,Security,4634,An account was logged off,CORP,jperez,PC-FIN-001,10.10.16.147,61003,3,C:\\Windows\\System32\\winlogon.exe,0x0,0x0,Logoff for CORP\jperez from workstation PC-FIN-001,0,none,Internal,LAN,,
2026-04-25 18:00:58,WIN-SRV-FILE01,Microsoft-Windows-Security-Auditing,Security,4688,A new process has been created,CORP,dtorres,PC-FIN-001,172.16.20.93,62731,10,C:\\Program Files\\Microsoft Defender\\MsMpEng.exe,0x0,0x0,Process created by CORP\dtorres: C:\\Program Files\\Microsoft Defender\\MsMpEng.exe,0,none,Internal,LAN,,
2026-04-25 18:01:20,WIN11-SEC-022,Microsoft-Windows-Security-Auditing,Security,4624,An account was successfully logged on,CORP,analista01,PC-RRHH-002,172.16.20.59,50143,3,C:\\Windows\\System32\\WindowsPowerShell\\v1.0\\powershell.exe,0x0,0x0,Successful logon for CORP\analista01 from 172.16.20.59 using logon type 3,0,none,Internal,LAN,,
2026-04-25 18:01:52,WIN-SRV-APP01,Microsoft-Windows-Security-Auditing,Security,4624,An account was successfully logged on,CORP,lcastro,PC-OPS-014,10.10.194.36,50860,10,C:\\Windows\\System32\\cmd.exe,0x0,0x0,Successful logon for CORP\lcastro from 10.10.194.36 using logon type 10,0,none,Internal,LAN,,
2026-04-25 18:02:53,WIN-SRV-FILE01,Microsoft-Windows-Security-Auditing,Security,4688,A new process has been created,LOCAL,mgarcia,PC-FIN-001,192.168.1.247,63796,3,C:\\Windows\\System32\\winlogon.exe,0x0,0x0,Process created by LOCAL\mgarcia: C:\\Windows\\System32\\winlogon.exe,0,none,Internal,LAN,,
2026-04-25 18:03:11,WIN11-SEC-022,Microsoft-Windows-Security-Auditing,Security,4624,An account was successfully logged on,LOCAL,jperez,PC-OPS-014,10.10.71.104,61037,2,C:\\Windows\\System32\\svchost.exe,0x0,0x0,Successful logon for LOCAL\jperez from 10.10.71.104 using logon type 2,0,none,Internal,LAN,,
2026-04-25 18:03:37,WIN10-FIN-014,Microsoft-Windows-Security-Auditing,Security,4634,An account was logged off,CORP,jperez,SRV-MON-001,192.168.1.85,61813,10,C:\\Windows\\System32\\winlogon.exe,0x0,0x0,Logoff for CORP\jperez from workstation SRV-MON-001,0,none,Internal,LAN,,
2026-04-25 18:04:40,WIN-SRV-APP01,Microsoft-Windows-Security-Auditing,Security,4624,An account was successfully logged on,LOCAL,jperez,PC-RRHH-002,10.10.124.12,61380,3,C:\\Program Files\\Microsoft Defender\\MsMpEng.exe,0x0,0x0,Successful logon for LOCAL\jperez from 10.10.124.12 using logon type 3,0,none,Internal,LAN,,
2026-04-25 18:04:59,WIN-SRV-APP01,Microsoft-Windows-Security-Auditing,Security,4634,An account was logged off,CORP,svc_backup,LAP-GER-003,192.168.1.207,64592,10,C:\\Windows\\System32\\lsass.exe,0x0,0x0,Logoff for CORP\svc_backup from workstation LAP-GER-003,0,none,Internal,LAN,,
2026-04-25 18:05:00,WIN-SRV-APP01,Microsoft-Windows-Security-Auditing,Security,4624,An account was successfully logged on,EMPRESA,mgarcia,SRV-MON-001,10.10.175.150,55070,10,C:\\Windows\\System32\\cmd.exe,0x0,0x0,Successful logon for EMPRESA\mgarcia from 10.10.175.150 using logon type 10,0,none,Internal,LAN,,
2026-04-25 18:07:20,WIN-SRV-DC01,Microsoft-Windows-Security-Auditing,Security,4624,An account was successfully logged on,EMPRESA,alopez,LAP-GER-003,172.16.20.127,57501,2,C:\\Program Files\\Microsoft Defender\\MsMpEng.exe,0x0,0x0,Successful logon for EMPRESA\alopez from 172.16.20.127 using logon type 2,0,none,Internal,LAN,,
2026-04-25 18:08:20,WIN10-FIN-014,Microsoft-Windows-Security-Auditing,Security,4634,An account was logged off,LOCAL,analista01,LAP-GER-003,192.168.1.216,58173,3,C:\\Windows\\System32\\winlogon.exe,0x0,0x0,Logoff for LOCAL\analista01 from workstation LAP-GER-003,0,none,Internal,LAN,,
2026-04-25 18:11:55,WIN-SRV-DC01,Microsoft-Windows-Security-Auditing,Security,4624,An account was successfully logged on,LOCAL,jperez,SRV-MON-001,172.16.20.181,52810,3,C:\\Windows\\System32\\cmd.exe,0x0,0x0,Successful logon for LOCAL\jperez from 172.16.20.181 using logon type 3,0,none,Internal,LAN,,
2026-04-25 18:14:28,WIN-SRV-APP01,Microsoft-Windows-Security-Auditing,Security,4624,An account was successfully logged on,CORP,svc_monitor,SRV-MON-001,172.16.20.145,61768,10,C:\\Program Files\\Google\\Chrome\\Application\\chrome.exe,0x0,0x0,Successful logon for CORP\svc_monitor from 172.16.20.145 using logon type 10,0,none,Internal,LAN,,
2026-04-25 18:14:38,WIN-SRV-APP01,Microsoft-Windows-Security-Auditing,Security,4634,An account was logged off,LOCAL,mgarcia,PC-RRHH-002,172.16.20.253,63115,10,C:\\Windows\\System32\\WindowsPowerShell\\v1.0\\powershell.exe,0x0,0x0,Logoff for LOCAL\mgarcia from workstation PC-RRHH-002,0,none,Internal,LAN,,
2026-04-25 18:15:09,WIN-SRV-DC01,Microsoft-Windows-Security-Auditing,Security,4624,An account was successfully logged on,EMPRESA,crojas,PC-RRHH-002,10.10.92.137,59778,7,C:\\Windows\\System32\\lsass.exe,0x0,0x0,Successful logon for EMPRESA\crojas from 10.10.92.137 using logon type 7,0,none,Internal,LAN,,
2026-04-25 18:17:20,WIN11-SEC-022,Microsoft-Windows-Security-Auditing,Security,4634,An account was logged off,EMPRESA,dtorres,PC-RRHH-002,192.168.1.232,50952,3,C:\\Windows\\System32\\svchost.exe,0x0,0x0,Logoff for EMPRESA\dtorres from workstation PC-RRHH-002,0,none,Internal,LAN,,
2026-04-25 18:19:20,WIN-SRV-FILE01,Microsoft-Windows-Security-Auditing,Security,4624,An account was successfully logged on,EMPRESA,dtorres,PC-RRHH-002,192.168.1.184,61388,7,C:\\Windows\\System32\\svchost.exe,0x0,0x0,Successful logon for EMPRESA\dtorres from 192.168.1.184 using logon type 7,0,none,Internal,LAN,,
