2026-04-27 01:02:54,WIN-SRV-APP01,Microsoft-Windows-Security-Auditing,Security,4688,A new process has been created,LOCAL,finanzas02,PC-RRHH-002,192.168.1.201,51601,2,C:\\Windows\\System32\\lsass.exe,0x0,0x0,Process created by LOCAL\finanzas02: C:\\Windows\\System32\\lsass.exe,0,none,Internal,LAN,,
2026-04-27 01:03:04,WIN10-FIN-014,Microsoft-Windows-Security-Auditing,Security,4624,An account was successfully logged on,EMPRESA,crojas,PC-RRHH-002,172.16.20.46,63381,2,C:\\Program Files\\Google\\Chrome\\Application\\chrome.exe,0x0,0x0,Successful logon for EMPRESA\crojas from 172.16.20.46 using logon type 2,0,none,Internal,LAN,,
2026-04-27 01:03:09,WIN-SRV-FILE01,Microsoft-Windows-Security-Auditing,Security,4624,An account was successfully logged on,CORP,lcastro,PC-FIN-001,192.168.1.1,57935,3,C:\\Program Files\\Google\\Chrome\\Application\\chrome.exe,0x0,0x0,Successful logon for CORP\lcastro from 192.168.1.1 using logon type 3,0,none,Internal,LAN,,
2026-04-27 01:03:32,WIN-SRV-APP01,Microsoft-Windows-Security-Auditing,Security,4624,An account was successfully logged on,EMPRESA,alopez,PC-RRHH-002,10.10.45.211,59166,10,C:\\Windows\\System32\\lsass.exe,0x0,0x0,Successful logon for EMPRESA\alopez from 10.10.45.211 using logon type 10,0,none,Internal,LAN,,
2026-04-27 01:05:12,WIN-SRV-APP01,Microsoft-Windows-Security-Auditing,Security,4624,An account was successfully logged on,LOCAL,analista01,LAP-GER-003,10.10.19.27,64240,10,C:\\Windows\\System32\\svchost.exe,0x0,0x0,Successful logon for LOCAL\analista01 from 10.10.19.27 using logon type 10,0,none,Internal,LAN,,
2026-04-27 01:08:43,WIN-SRV-APP01,Microsoft-Windows-Security-Auditing,Security,4634,An account was logged off,CORP,svc_monitor,PC-RRHH-002,192.168.1.247,58518,3,C:\\Program Files\\Google\\Chrome\\Application\\chrome.exe,0x0,0x0,Logoff for CORP\svc_monitor from workstation PC-RRHH-002,0,none,Internal,LAN,,
2026-04-27 01:08:56,WIN-SRV-APP01,Microsoft-Windows-Security-Auditing,Security,4624,An account was successfully logged on,LOCAL,alopez,PC-FIN-001,172.16.20.172,53926,10,C:\\Windows\\System32\\lsass.exe,0x0,0x0,Successful logon for LOCAL\alopez from 172.16.20.172 using logon type 10,0,none,Internal,LAN,,
2026-04-27 01:10:53,WIN-SRV-DC01,Microsoft-Windows-Security-Auditing,Security,4634,An account was logged off,EMPRESA,lcastro,LAP-GER-003,192.168.1.62,62449,3,C:\\Windows\\System32\\cmd.exe,0x0,0x0,Logoff for EMPRESA\lcastro from workstation LAP-GER-003,0,none,Internal,LAN,,
2026-04-27 01:12:22,WIN-SRV-DC01,Microsoft-Windows-Security-Auditing,Security,4688,A new process has been created,CORP,lcastro,LAP-GER-003,192.168.1.121,57203,10,C:\\Windows\\System32\\winlogon.exe,0x0,0x0,Process created by CORP\lcastro: C:\\Windows\\System32\\winlogon.exe,0,none,Internal,LAN,,
2026-04-27 01:13:15,WIN10-FIN-014,Microsoft-Windows-Security-Auditing,Security,4624,An account was successfully logged on,CORP,alopez,PC-FIN-001,192.168.1.163,55120,3,C:\\Program Files\\Google\\Chrome\\Application\\chrome.exe,0x0,0x0,Successful logon for CORP\alopez from 192.168.1.163 using logon type 3,0,none,Internal,LAN,,
2026-04-27 01:13:26,WIN11-SEC-022,Microsoft-Windows-Security-Auditing,Security,4688,A new process has been created,CORP,dtorres,PC-FIN-001,172.16.20.43,50342,3,C:\\Windows\\System32\\cmd.exe,0x0,0x0,Process created by CORP\dtorres: C:\\Windows\\System32\\cmd.exe,0,none,Internal,LAN,,
2026-04-27 01:17:07,WIN10-FIN-014,Microsoft-Windows-Security-Auditing,Security,4624,An account was successfully logged on,CORP,svc_monitor,PC-OPS-014,172.16.20.166,60545,10,C:\\Windows\\System32\\winlogon.exe,0x0,0x0,Successful logon for CORP\svc_monitor from 172.16.20.166 using logon type 10,0,none,Internal,LAN,,
2026-04-27 01:18:16,WIN-SRV-FILE01,Microsoft-Windows-Security-Auditing,Security,4624,An account was successfully logged on,LOCAL,helpdesk01,PC-FIN-001,192.168.1.247,52094,7,C:\\Windows\\System32\\lsass.exe,0x0,0x0,Successful logon for LOCAL\helpdesk01 from 192.168.1.247 using logon type 7,0,none,Internal,LAN,,
2026-04-27 01:23:05,WIN-SRV-APP01,Microsoft-Windows-Security-Auditing,Security,4624,An account was successfully logged on,CORP,svc_monitor,SRV-MON-001,192.168.1.240,56718,2,C:\\Program Files\\Google\\Chrome\\Application\\chrome.exe,0x0,0x0,Successful logon for CORP\svc_monitor from 192.168.1.240 using logon type 2,0,none,Internal,LAN,,
2026-04-27 01:24:50,WIN-SRV-DC01,Microsoft-Windows-Security-Auditing,Security,4634,An account was logged off,CORP,finanzas02,LAP-GER-003,10.10.180.41,61975,3,C:\\Windows\\System32\\svchost.exe,0x0,0x0,Logoff for CORP\finanzas02 from workstation LAP-GER-003,0,none,Internal,LAN,,
2026-04-27 01:25:40,WIN-SRV-APP01,Microsoft-Windows-Security-Auditing,Security,4624,An account was successfully logged on,EMPRESA,svc_monitor,SRV-MON-001,10.10.3.83,58412,7,C:\\Program Files\\Google\\Chrome\\Application\\chrome.exe,0x0,0x0,Successful logon for EMPRESA\svc_monitor from 10.10.3.83 using logon type 7,0,none,Internal,LAN,,
2026-04-27 01:27:46,WIN-SRV-FILE01,Microsoft-Windows-Security-Auditing,Security,4688,A new process has been created,CORP,mgarcia,LAP-GER-003,10.10.136.123,53808,3,C:\\Windows\\System32\\winlogon.exe,0x0,0x0,Process created by CORP\mgarcia: C:\\Windows\\System32\\winlogon.exe,0,none,Internal,LAN,,
2026-04-27 01:31:01,WIN-SRV-APP01,Microsoft-Windows-Security-Auditing,Security,4624,An account was successfully logged on,LOCAL,svc_backup,PC-OPS-014,10.10.207.46,51811,2,C:\\Windows\\System32\\svchost.exe,0x0,0x0,Successful logon for LOCAL\svc_backup from 10.10.207.46 using logon type 2,0,none,Internal,LAN,,
2026-04-27 01:32:03,WIN10-FIN-014,Microsoft-Windows-Security-Auditing,Security,4624,An account was successfully logged on,CORP,jperez,PC-FIN-001,172.16.20.103,49341,3,C:\\Windows\\System32\\lsass.exe,0x0,0x0,Successful logon for CORP\jperez from 172.16.20.103 using logon type 3,0,none,Internal,LAN,,
2026-04-27 01:32:28,WIN-SRV-APP01,Microsoft-Windows-Security-Auditing,Security,4624,An account was successfully logged on,LOCAL,helpdesk01,PC-RRHH-002,192.168.1.22,51038,10,C:\\Program Files\\Microsoft Defender\\MsMpEng.exe,0x0,0x0,Successful logon for LOCAL\helpdesk01 from 192.168.1.22 using logon type 10,0,none,Internal,LAN,,
2026-04-27 01:37:34,WIN-SRV-FILE01,Microsoft-Windows-Security-Auditing,Security,4688,A new process has been created,EMPRESA,mgarcia,PC-FIN-001,192.168.1.34,52511,7,C:\\Windows\\System32\\winlogon.exe,0x0,0x0,Process created by EMPRESA\mgarcia: C:\\Windows\\System32\\winlogon.exe,0,none,Internal,LAN,,
2026-04-27 01:37:35,WIN11-SEC-022,Microsoft-Windows-Security-Auditing,Security,4688,A new process has been created,LOCAL,lcastro,SRV-MON-001,172.16.20.15,54793,2,C:\\Windows\\System32\\svchost.exe,0x0,0x0,Process created by LOCAL\lcastro: C:\\Windows\\System32\\svchost.exe,0,none,Internal,LAN,,
2026-04-27 01:38:22,WIN10-FIN-014,Microsoft-Windows-Security-Auditing,Security,4688,A new process has been created,CORP,crojas,PC-RRHH-002,10.10.163.242,60433,2,C:\\Windows\\System32\\svchost.exe,0x0,0x0,Process created by CORP\crojas: C:\\Windows\\System32\\svchost.exe,0,none,Internal,LAN,,
2026-04-27 01:39:50,WIN-SRV-FILE01,Microsoft-Windows-Security-Auditing,Security,4688,A new process has been created,LOCAL,svc_backup,PC-RRHH-002,172.16.20.2,63721,3,C:\\Program Files\\Google\\Chrome\\Application\\chrome.exe,0x0,0x0,Process created by LOCAL\svc_backup: C:\\Program Files\\Google\\Chrome\\Application\\chrome.exe,0,none,Internal,LAN,,
2026-04-27 01:40:00,WIN-SRV-APP01,Microsoft-Windows-Security-Auditing,Security,4624,An account was successfully logged on,EMPRESA,svc_monitor,PC-OPS-014,10.10.216.223,63013,3,C:\\Windows\\System32\\lsass.exe,0x0,0x0,Successful logon for EMPRESA\svc_monitor from 10.10.216.223 using logon type 3,0,none,Internal,LAN,,
2026-04-27 01:40:54,WIN-SRV-APP01,Microsoft-Windows-Security-Auditing,Security,4672,Special privileges assigned to new logon,CORP,lcastro,PC-FIN-001,172.16.20.8,56081,10,C:\\Windows\\System32\\svchost.exe,0x0,0x0,Special privileges assigned to CORP\lcastro,0,none,Internal,LAN,,
2026-04-27 01:42:26,WIN-SRV-FILE01,Microsoft-Windows-Security-Auditing,Security,4624,An account was successfully logged on,EMPRESA,svc_monitor,PC-FIN-001,172.16.20.150,49341,3,C:\\Program Files\\Google\\Chrome\\Application\\chrome.exe,0x0,0x0,Successful logon for EMPRESA\svc_monitor from 172.16.20.150 using logon type 3,0,none,Internal,LAN,,
2026-04-27 01:43:54,WIN-SRV-FILE01,Microsoft-Windows-Security-Auditing,Security,4624,An account was successfully logged on,CORP,mgarcia,PC-FIN-001,172.16.20.69,50108,7,C:\\Program Files\\Google\\Chrome\\Application\\chrome.exe,0x0,0x0,Successful logon for CORP\mgarcia from 172.16.20.69 using logon type 7,0,none,Internal,LAN,,
2026-04-27 01:44:06,WIN-SRV-DC01,Microsoft-Windows-Security-Auditing,Security,4624,An account was successfully logged on,EMPRESA,lcastro,PC-RRHH-002,10.10.217.47,60163,10,C:\\Program Files\\Microsoft Defender\\MsMpEng.exe,0x0,0x0,Successful logon for EMPRESA\lcastro from 10.10.217.47 using logon type 10,0,none,Internal,LAN,,
2026-04-27 01:47:01,WIN-SRV-APP01,Microsoft-Windows-Security-Auditing,Security,4624,An account was successfully logged on,EMPRESA,analista01,PC-FIN-001,172.16.20.19,59208,7,C:\\Windows\\System32\\winlogon.exe,0x0,0x0,Successful logon for EMPRESA\analista01 from 172.16.20.19 using logon type 7,0,none,Internal,LAN,,
2026-04-27 01:47:25,WIN10-FIN-014,Microsoft-Windows-Security-Auditing,Security,4634,An account was logged off,CORP,helpdesk01,PC-OPS-014,10.10.28.87,63536,7,C:\\Program Files\\Microsoft Defender\\MsMpEng.exe,0x0,0x0,Logoff for CORP\helpdesk01 from workstation PC-OPS-014,0,none,Internal,LAN,,
2026-04-27 01:48:02,WIN-SRV-APP01,Microsoft-Windows-Security-Auditing,Security,4648,A logon was attempted using explicit credentials,CORP,svc_backup,SRV-MON-001,192.168.1.193,56507,7,C:\\Windows\\System32\\winlogon.exe,0x0,0x0,Explicit credentials used by CORP\svc_backup from SRV-MON-001,0,none,Internal,LAN,,
2026-04-27 01:48:12,WIN-SRV-DC01,Microsoft-Windows-Security-Auditing,Security,4648,A logon was attempted using explicit credentials,CORP,svc_monitor,PC-RRHH-002,172.16.20.233,55777,3,C:\\Program Files\\Microsoft Defender\\MsMpEng.exe,0x0,0x0,Explicit credentials used by CORP\svc_monitor from PC-RRHH-002,0,none,Internal,LAN,,
2026-04-27 01:48:36,WIN-SRV-APP01,Microsoft-Windows-Security-Auditing,Security,4624,An account was successfully logged on,EMPRESA,mgarcia,PC-FIN-001,10.10.221.149,59532,10,C:\\Windows\\System32\\svchost.exe,0x0,0x0,Successful logon for EMPRESA\mgarcia from 10.10.221.149 using logon type 10,0,none,Internal,LAN,,
2026-04-27 01:52:19,WIN10-FIN-014,Microsoft-Windows-Security-Auditing,Security,4624,An account was successfully logged on,CORP,helpdesk01,LAP-GER-003,192.168.1.93,55830,10,C:\\Windows\\System32\\cmd.exe,0x0,0x0,Successful logon for CORP\helpdesk01 from 192.168.1.93 using logon type 10,0,none,Internal,LAN,,
2026-04-27 01:54:47,WIN11-SEC-022,Microsoft-Windows-Security-Auditing,Security,4624,An account was successfully logged on,LOCAL,jperez,PC-RRHH-002,172.16.20.185,51142,7,C:\\Windows\\System32\\WindowsPowerShell\\v1.0\\powershell.exe,0x0,0x0,Successful logon for LOCAL\jperez from 172.16.20.185 using logon type 7,0,none,Internal,LAN,,
2026-04-27 01:57:39,WIN11-SEC-022,Microsoft-Windows-Security-Auditing,Security,4624,An account was successfully logged on,EMPRESA,finanzas02,SRV-MON-001,192.168.1.97,65030,3,C:\\Windows\\System32\\cmd.exe,0x0,0x0,Successful logon for EMPRESA\finanzas02 from 192.168.1.97 using logon type 3,0,none,Internal,LAN,,
2026-04-27 01:59:35,WIN-SRV-APP01,Microsoft-Windows-Security-Auditing,Security,4624,An account was successfully logged on,LOCAL,dtorres,PC-OPS-014,192.168.1.118,53530,2,C:\\Windows\\System32\\WindowsPowerShell\\v1.0\\powershell.exe,0x0,0x0,Successful logon for LOCAL\dtorres from 192.168.1.118 using logon type 2,0,none,Internal,LAN,,
2026-04-27 02:01:51,WIN-SRV-FILE01,Microsoft-Windows-Security-Auditing,Security,4634,An account was logged off,CORP,helpdesk01,PC-FIN-001,192.168.1.157,54534,2,C:\\Windows\\System32\\WindowsPowerShell\\v1.0\\powershell.exe,0x0,0x0,Logoff for CORP\helpdesk01 from workstation PC-FIN-001,0,none,Internal,LAN,,
2026-04-27 02:04:40,WIN-SRV-DC01,Microsoft-Windows-Security-Auditing,Security,4634,An account was logged off,LOCAL,dtorres,SRV-MON-001,192.168.1.41,49704,7,C:\\Windows\\System32\\lsass.exe,0x0,0x0,Logoff for LOCAL\dtorres from workstation SRV-MON-001,0,none,Internal,LAN,,
2026-04-27 02:04:40,WIN-SRV-FILE01,Microsoft-Windows-Security-Auditing,Security,4624,An account was successfully logged on,EMPRESA,lcastro,PC-RRHH-002,192.168.1.252,51801,3,C:\\Windows\\System32\\WindowsPowerShell\\v1.0\\powershell.exe,0x0,0x0,Successful logon for EMPRESA\lcastro from 192.168.1.252 using logon type 3,0,none,Internal,LAN,,
2026-04-27 02:07:18,WIN-SRV-DC01,Microsoft-Windows-Security-Auditing,Security,4624,An account was successfully logged on,EMPRESA,alopez,PC-RRHH-002,192.168.1.66,55247,10,C:\\Windows\\System32\\svchost.exe,0x0,0x0,Successful logon for EMPRESA\alopez from 192.168.1.66 using logon type 10,0,none,Internal,LAN,,
2026-04-27 02:08:49,WIN-SRV-DC01,Microsoft-Windows-Security-Auditing,Security,4624,An account was successfully logged on,CORP,crojas,PC-OPS-014,192.168.1.77,53611,7,C:\\Program Files\\Google\\Chrome\\Application\\chrome.exe,0x0,0x0,Successful logon for CORP\crojas from 192.168.1.77 using logon type 7,0,none,Internal,LAN,,
2026-04-27 02:09:40,WIN-SRV-DC01,Microsoft-Windows-Security-Auditing,Security,4624,An account was successfully logged on,LOCAL,svc_backup,SRV-MON-001,172.16.20.95,64817,3,C:\\Windows\\System32\\WindowsPowerShell\\v1.0\\powershell.exe,0x0,0x0,Successful logon for LOCAL\svc_backup from 172.16.20.95 using logon type 3,0,none,Internal,LAN,,
2026-04-27 02:09:51,WIN-SRV-APP01,Microsoft-Windows-Security-Auditing,Security,4624,An account was successfully logged on,EMPRESA,svc_monitor,LAP-GER-003,172.16.20.166,59619,2,C:\\Program Files\\Microsoft Defender\\MsMpEng.exe,0x0,0x0,Successful logon for EMPRESA\svc_monitor from 172.16.20.166 using logon type 2,0,none,Internal,LAN,,
2026-04-27 02:10:19,WIN-SRV-APP01,Microsoft-Windows-Security-Auditing,Security,4624,An account was successfully logged on,CORP,crojas,SRV-MON-001,10.10.189.84,62585,7,C:\\Windows\\System32\\WindowsPowerShell\\v1.0\\powershell.exe,0x0,0x0,Successful logon for CORP\crojas from 10.10.189.84 using logon type 7,0,none,Internal,LAN,,
2026-04-27 02:17:05,WIN-SRV-DC01,Microsoft-Windows-Security-Auditing,Security,4624,An account was successfully logged on,LOCAL,svc_backup,LAP-GER-003,192.168.1.31,53139,7,C:\\Windows\\System32\\cmd.exe,0x0,0x0,Successful logon for LOCAL\svc_backup from 192.168.1.31 using logon type 7,0,none,Internal,LAN,,
2026-04-27 02:17:05,WIN-SRV-FILE01,Microsoft-Windows-Security-Auditing,Security,4688,A new process has been created,CORP,lcastro,PC-RRHH-002,10.10.194.251,51450,10,C:\\Windows\\System32\\lsass.exe,0x0,0x0,Process created by CORP\lcastro: C:\\Windows\\System32\\lsass.exe,0,none,Internal,LAN,,
2026-04-27 02:18:47,WIN-SRV-DC01,Microsoft-Windows-Security-Auditing,Security,4634,An account was logged off,EMPRESA,svc_monitor,PC-RRHH-002,192.168.1.128,50094,7,C:\\Windows\\System32\\cmd.exe,0x0,0x0,Logoff for EMPRESA\svc_monitor from workstation PC-RRHH-002,0,none,Internal,LAN,,
2026-04-27 02:19:39,WIN10-FIN-014,Microsoft-Windows-Security-Auditing,Security,4624,An account was successfully logged on,LOCAL,admin.ops,SRV-MON-001,172.16.20.126,57620,7,C:\\Windows\\System32\\WindowsPowerShell\\v1.0\\powershell.exe,0x0,0x0,Successful logon for LOCAL\admin.ops from 172.16.20.126 using logon type 7,0,none,Internal,LAN,,
2026-04-27 02:21:08,WIN-SRV-APP01,Microsoft-Windows-Security-Auditing,Security,4672,Special privileges assigned to new logon,EMPRESA,finanzas02,SRV-MON-001,192.168.1.51,51592,10,C:\\Windows\\System32\\lsass.exe,0x0,0x0,Special privileges assigned to EMPRESA\finanzas02,0,none,Internal,LAN,,
2026-04-27 02:25:06,WIN-SRV-DC01,Microsoft-Windows-Security-Auditing,Security,4624,An account was successfully logged on,EMPRESA,svc_monitor,SRV-MON-001,192.168.1.231,62556,3,C:\\Windows\\System32\\cmd.exe,0x0,0x0,Successful logon for EMPRESA\svc_monitor from 192.168.1.231 using logon type 3,0,none,Internal,LAN,,
2026-04-27 02:26:11,WIN-SRV-FILE01,Microsoft-Windows-Security-Auditing,Security,4648,A logon was attempted using explicit credentials,EMPRESA,alopez,PC-RRHH-002,192.168.1.100,60692,7,C:\\Windows\\System32\\lsass.exe,0x0,0x0,Explicit credentials used by EMPRESA\alopez from PC-RRHH-002,0,none,Internal,LAN,,
2026-04-27 02:26:16,WIN-SRV-FILE01,Microsoft-Windows-Security-Auditing,Security,4624,An account was successfully logged on,EMPRESA,jperez,PC-RRHH-002,192.168.1.88,52495,3,C:\\Windows\\System32\\cmd.exe,0x0,0x0,Successful logon for EMPRESA\jperez from 192.168.1.88 using logon type 3,0,none,Internal,LAN,,
2026-04-27 02:26:28,WIN-SRV-DC01,Microsoft-Windows-Security-Auditing,Security,4624,An account was successfully logged on,EMPRESA,dtorres,PC-FIN-001,192.168.1.226,64594,10,C:\\Windows\\System32\\svchost.exe,0x0,0x0,Successful logon for EMPRESA\dtorres from 192.168.1.226 using logon type 10,0,none,Internal,LAN,,
2026-04-27 02:27:26,WIN10-FIN-014,Microsoft-Windows-Security-Auditing,Security,4688,A new process has been created,CORP,helpdesk01,LAP-GER-003,172.16.20.172,62887,2,C:\\Windows\\System32\\lsass.exe,0x0,0x0,Process created by CORP\helpdesk01: C:\\Windows\\System32\\lsass.exe,0,none,Internal,LAN,,
2026-04-27 02:29:45,WIN-SRV-DC01,Microsoft-Windows-Security-Auditing,Security,4634,An account was logged off,LOCAL,svc_monitor,PC-FIN-001,172.16.20.223,55329,10,C:\\Windows\\System32\\cmd.exe,0x0,0x0,Logoff for LOCAL\svc_monitor from workstation PC-FIN-001,0,none,Internal,LAN,,
2026-04-27 02:31:01,WIN-SRV-FILE01,Microsoft-Windows-Security-Auditing,Security,4634,An account was logged off,LOCAL,lcastro,PC-RRHH-002,172.16.20.52,62049,7,C:\\Windows\\System32\\winlogon.exe,0x0,0x0,Logoff for LOCAL\lcastro from workstation PC-RRHH-002,0,none,Internal,LAN,,
2026-04-27 02:32:51,WIN-SRV-FILE01,Microsoft-Windows-Security-Auditing,Security,4624,An account was successfully logged on,EMPRESA,alopez,PC-RRHH-002,172.16.20.111,49464,3,C:\\Windows\\System32\\winlogon.exe,0x0,0x0,Successful logon for EMPRESA\alopez from 172.16.20.111 using logon type 3,0,none,Internal,LAN,,
2026-04-27 02:34:56,WIN10-FIN-014,Microsoft-Windows-Security-Auditing,Security,4634,An account was logged off,EMPRESA,helpdesk01,PC-RRHH-002,172.16.20.42,57708,3,C:\\Program Files\\Google\\Chrome\\Application\\chrome.exe,0x0,0x0,Logoff for EMPRESA\helpdesk01 from workstation PC-RRHH-002,0,none,Internal,LAN,,
2026-04-27 02:34:57,WIN-SRV-FILE01,Microsoft-Windows-Security-Auditing,Security,4648,A logon was attempted using explicit credentials,CORP,dtorres,PC-RRHH-002,192.168.1.162,54393,3,C:\\Windows\\System32\\svchost.exe,0x0,0x0,Explicit credentials used by CORP\dtorres from PC-RRHH-002,0,none,Internal,LAN,,
2026-04-27 02:35:10,WIN10-FIN-014,Microsoft-Windows-Security-Auditing,Security,4624,An account was successfully logged on,LOCAL,mgarcia,PC-OPS-014,172.16.20.180,60055,7,C:\\Windows\\System32\\svchost.exe,0x0,0x0,Successful logon for LOCAL\mgarcia from 172.16.20.180 using logon type 7,0,none,Internal,LAN,,
2026-04-27 02:35:19,WIN-SRV-APP01,Microsoft-Windows-Security-Auditing,Security,4624,An account was successfully logged on,EMPRESA,jperez,PC-RRHH-002,172.16.20.106,50905,10,C:\\Program Files\\Google\\Chrome\\Application\\chrome.exe,0x0,0x0,Successful logon for EMPRESA\jperez from 172.16.20.106 using logon type 10,0,none,Internal,LAN,,
2026-04-27 02:35:52,WIN-SRV-APP01,Microsoft-Windows-Security-Auditing,Security,4634,An account was logged off,EMPRESA,finanzas02,PC-RRHH-002,192.168.1.244,56743,3,C:\\Program Files\\Google\\Chrome\\Application\\chrome.exe,0x0,0x0,Logoff for EMPRESA\finanzas02 from workstation PC-RRHH-002,0,none,Internal,LAN,,
2026-04-27 02:37:00,WIN11-SEC-022,Microsoft-Windows-Security-Auditing,Security,4634,An account was logged off,LOCAL,mgarcia,PC-FIN-001,10.10.176.129,64161,7,C:\\Windows\\System32\\winlogon.exe,0x0,0x0,Logoff for LOCAL\mgarcia from workstation PC-FIN-001,0,none,Internal,LAN,,
2026-04-27 02:37:36,WIN10-FIN-014,Microsoft-Windows-Security-Auditing,Security,4634,An account was logged off,LOCAL,svc_backup,LAP-GER-003,172.16.20.102,64052,2,C:\\Windows\\System32\\lsass.exe,0x0,0x0,Logoff for LOCAL\svc_backup from workstation LAP-GER-003,0,none,Internal,LAN,,
2026-04-27 02:40:15,WIN11-SEC-022,Microsoft-Windows-Security-Auditing,Security,4634,An account was logged off,CORP,alopez,PC-FIN-001,172.16.20.183,52423,10,C:\\Windows\\System32\\lsass.exe,0x0,0x0,Logoff for CORP\alopez from workstation PC-FIN-001,0,none,Internal,LAN,,
2026-04-27 02:41:18,WIN-SRV-FILE01,Microsoft-Windows-Security-Auditing,Security,4672,Special privileges assigned to new logon,EMPRESA,mgarcia,SRV-MON-001,192.168.1.163,54337,10,C:\\Program Files\\Google\\Chrome\\Application\\chrome.exe,0x0,0x0,Special privileges assigned to EMPRESA\mgarcia,0,none,Internal,LAN,,
2026-04-27 02:41:27,WIN11-SEC-022,Microsoft-Windows-Security-Auditing,Security,4624,An account was successfully logged on,LOCAL,admin.ops,SRV-MON-001,192.168.1.28,61508,10,C:\\Windows\\System32\\lsass.exe,0x0,0x0,Successful logon for LOCAL\admin.ops from 192.168.1.28 using logon type 10,0,none,Internal,LAN,,
2026-04-27 02:41:27,WIN-SRV-APP01,Microsoft-Windows-Security-Auditing,Security,4688,A new process has been created,LOCAL,finanzas02,LAP-GER-003,192.168.1.20,63142,10,C:\\Windows\\System32\\WindowsPowerShell\\v1.0\\powershell.exe,0x0,0x0,Process created by LOCAL\finanzas02: C:\\Windows\\System32\\WindowsPowerShell\\v1.0\\powershell.exe,0,none,Internal,LAN,,
2026-04-27 02:42:11,WIN-SRV-DC01,Microsoft-Windows-Security-Auditing,Security,4648,A logon was attempted using explicit credentials,CORP,svc_monitor,PC-OPS-014,172.16.20.134,64826,2,C:\\Windows\\System32\\svchost.exe,0x0,0x0,Explicit credentials used by CORP\svc_monitor from PC-OPS-014,0,none,Internal,LAN,,
2026-04-27 02:45:18,WIN-SRV-FILE01,Microsoft-Windows-Security-Auditing,Security,4624,An account was successfully logged on,EMPRESA,jperez,SRV-MON-001,192.168.1.134,61625,10,C:\\Windows\\System32\\lsass.exe,0x0,0x0,Successful logon for EMPRESA\jperez from 192.168.1.134 using logon type 10,0,none,Internal,LAN,,
2026-04-27 02:46:35,WIN11-SEC-022,Microsoft-Windows-Security-Auditing,Security,4624,An account was successfully logged on,LOCAL,finanzas02,PC-FIN-001,10.10.238.169,49646,7,C:\\Windows\\System32\\svchost.exe,0x0,0x0,Successful logon for LOCAL\finanzas02 from 10.10.238.169 using logon type 7,0,none,Internal,LAN,,
2026-04-27 02:47:44,WIN10-FIN-014,Microsoft-Windows-Security-Auditing,Security,4672,Special privileges assigned to new logon,CORP,alopez,LAP-GER-003,172.16.20.141,60097,3,C:\\Windows\\System32\\cmd.exe,0x0,0x0,Special privileges assigned to CORP\alopez,0,none,Internal,LAN,,
2026-04-27 02:49:50,WIN-SRV-APP01,Microsoft-Windows-Security-Auditing,Security,4634,An account was logged off,CORP,alopez,PC-FIN-001,192.168.1.242,58943,2,C:\\Windows\\System32\\cmd.exe,0x0,0x0,Logoff for CORP\alopez from workstation PC-FIN-001,0,none,Internal,LAN,,
2026-04-27 02:51:03,WIN10-FIN-014,Microsoft-Windows-Security-Auditing,Security,4624,An account was successfully logged on,CORP,dtorres,PC-RRHH-002,172.16.20.5,61624,10,C:\\Windows\\System32\\svchost.exe,0x0,0x0,Successful logon for CORP\dtorres from 172.16.20.5 using logon type 10,0,none,Internal,LAN,,
2026-04-27 02:51:44,WIN-SRV-FILE01,Microsoft-Windows-Security-Auditing,Security,4634,An account was logged off,CORP,lcastro,LAP-GER-003,10.10.172.19,56732,3,C:\\Windows\\System32\\winlogon.exe,0x0,0x0,Logoff for CORP\lcastro from workstation LAP-GER-003,0,none,Internal,LAN,,
2026-04-27 02:54:16,WIN-SRV-FILE01,Microsoft-Windows-Security-Auditing,Security,4688,A new process has been created,EMPRESA,finanzas02,PC-OPS-014,10.10.248.211,57053,7,C:\\Windows\\System32\\lsass.exe,0x0,0x0,Process created by EMPRESA\finanzas02: C:\\Windows\\System32\\lsass.exe,0,none,Internal,LAN,,
2026-04-27 02:55:45,WIN-SRV-DC01,Microsoft-Windows-Security-Auditing,Security,4688,A new process has been created,LOCAL,finanzas02,PC-OPS-014,172.16.20.146,53075,10,C:\\Windows\\System32\\lsass.exe,0x0,0x0,Process created by LOCAL\finanzas02: C:\\Windows\\System32\\lsass.exe,0,none,Internal,LAN,,
2026-04-27 02:55:49,WIN-SRV-FILE01,Microsoft-Windows-Security-Auditing,Security,4624,An account was successfully logged on,CORP,svc_backup,PC-FIN-001,172.16.20.71,53029,3,C:\\Windows\\System32\\svchost.exe,0x0,0x0,Successful logon for CORP\svc_backup from 172.16.20.71 using logon type 3,0,none,Internal,LAN,,
2026-04-27 02:56:21,WIN11-SEC-022,Microsoft-Windows-Security-Auditing,Security,4688,A new process has been created,CORP,jperez,PC-RRHH-002,192.168.1.158,61021,10,C:\\Windows\\System32\\lsass.exe,0x0,0x0,Process created by CORP\jperez: C:\\Windows\\System32\\lsass.exe,0,none,Internal,LAN,,
2026-04-27 02:56:46,WIN10-FIN-014,Microsoft-Windows-Security-Auditing,Security,4624,An account was successfully logged on,EMPRESA,jperez,PC-FIN-001,10.10.96.135,58714,3,C:\\Windows\\System32\\winlogon.exe,0x0,0x0,Successful logon for EMPRESA\jperez from 10.10.96.135 using logon type 3,0,none,Internal,LAN,,
2026-04-27 02:57:08,WIN-SRV-DC01,Microsoft-Windows-Security-Auditing,Security,4624,An account was successfully logged on,LOCAL,admin.ops,PC-RRHH-002,172.16.20.169,52122,3,C:\\Program Files\\Google\\Chrome\\Application\\chrome.exe,0x0,0x0,Successful logon for LOCAL\admin.ops from 172.16.20.169 using logon type 3,0,none,Internal,LAN,,
2026-04-27 02:57:31,WIN-SRV-DC01,Microsoft-Windows-Security-Auditing,Security,4624,An account was successfully logged on,EMPRESA,svc_monitor,PC-RRHH-002,192.168.1.183,62923,7,C:\\Windows\\System32\\lsass.exe,0x0,0x0,Successful logon for EMPRESA\svc_monitor from 192.168.1.183 using logon type 7,0,none,Internal,LAN,,
2026-04-27 03:00:09,WIN10-FIN-014,Microsoft-Windows-Security-Auditing,Security,4624,An account was successfully logged on,EMPRESA,svc_monitor,LAP-GER-003,10.10.89.241,52965,2,C:\\Program Files\\Google\\Chrome\\Application\\chrome.exe,0x0,0x0,Successful logon for EMPRESA\svc_monitor from 10.10.89.241 using logon type 2,0,none,Internal,LAN,,
2026-04-27 03:00:40,WIN-SRV-APP01,Microsoft-Windows-Security-Auditing,Security,4624,An account was successfully logged on,CORP,finanzas02,PC-FIN-001,192.168.1.117,61548,7,C:\\Windows\\System32\\svchost.exe,0x0,0x0,Successful logon for CORP\finanzas02 from 192.168.1.117 using logon type 7,0,none,Internal,LAN,,
2026-04-27 03:02:00,WIN-SRV-FILE01,Microsoft-Windows-Security-Auditing,Security,4624,An account was successfully logged on,LOCAL,crojas,PC-OPS-014,10.10.239.207,56929,7,C:\\Windows\\System32\\WindowsPowerShell\\v1.0\\powershell.exe,0x0,0x0,Successful logon for LOCAL\crojas from 10.10.239.207 using logon type 7,0,none,Internal,LAN,,
2026-04-27 03:04:15,WIN-SRV-FILE01,Microsoft-Windows-Security-Auditing,Security,4688,A new process has been created,EMPRESA,svc_monitor,PC-OPS-014,172.16.20.218,54390,10,C:\\Windows\\System32\\lsass.exe,0x0,0x0,Process created by EMPRESA\svc_monitor: C:\\Windows\\System32\\lsass.exe,0,none,Internal,LAN,,
2026-04-27 03:04:31,WIN10-FIN-014,Microsoft-Windows-Security-Auditing,Security,4624,An account was successfully logged on,EMPRESA,alopez,PC-RRHH-002,192.168.1.94,51558,7,C:\\Windows\\System32\\cmd.exe,0x0,0x0,Successful logon for EMPRESA\alopez from 192.168.1.94 using logon type 7,0,none,Internal,LAN,,
2026-04-27 03:04:40,WIN-SRV-DC01,Microsoft-Windows-Security-Auditing,Security,4624,An account was successfully logged on,LOCAL,lcastro,SRV-MON-001,10.10.145.58,59032,10,C:\\Program Files\\Google\\Chrome\\Application\\chrome.exe,0x0,0x0,Successful logon for LOCAL\lcastro from 10.10.145.58 using logon type 10,0,none,Internal,LAN,,
2026-04-27 03:04:47,WIN-SRV-APP01,Microsoft-Windows-Security-Auditing,Security,4624,An account was successfully logged on,LOCAL,mgarcia,PC-OPS-014,192.168.1.178,56256,3,C:\\Program Files\\Google\\Chrome\\Application\\chrome.exe,0x0,0x0,Successful logon for LOCAL\mgarcia from 192.168.1.178 using logon type 3,0,none,Internal,LAN,,
2026-04-27 03:05:32,WIN-SRV-APP01,Microsoft-Windows-Security-Auditing,Security,4634,An account was logged off,EMPRESA,finanzas02,PC-OPS-014,172.16.20.78,54967,7,C:\\Program Files\\Microsoft Defender\\MsMpEng.exe,0x0,0x0,Logoff for EMPRESA\finanzas02 from workstation PC-OPS-014,0,none,Internal,LAN,,
2026-04-27 03:06:32,WIN-SRV-FILE01,Microsoft-Windows-Security-Auditing,Security,4624,An account was successfully logged on,CORP,dtorres,LAP-GER-003,172.16.20.10,55717,10,C:\\Windows\\System32\\WindowsPowerShell\\v1.0\\powershell.exe,0x0,0x0,Successful logon for CORP\dtorres from 172.16.20.10 using logon type 10,0,none,Internal,LAN,,
2026-04-27 03:06:53,WIN-SRV-APP01,Microsoft-Windows-Security-Auditing,Security,4624,An account was successfully logged on,EMPRESA,crojas,LAP-GER-003,172.16.20.110,62719,2,C:\\Windows\\System32\\WindowsPowerShell\\v1.0\\powershell.exe,0x0,0x0,Successful logon for EMPRESA\crojas from 172.16.20.110 using logon type 2,0,none,Internal,LAN,,
2026-04-27 03:07:23,WIN-SRV-APP01,Microsoft-Windows-Security-Auditing,Security,4688,A new process has been created,LOCAL,jperez,PC-OPS-014,10.10.210.16,64901,3,C:\\Program Files\\Google\\Chrome\\Application\\chrome.exe,0x0,0x0,Process created by LOCAL\jperez: C:\\Program Files\\Google\\Chrome\\Application\\chrome.exe,0,none,Internal,LAN,,
2026-04-27 03:09:46,WIN-SRV-APP01,Microsoft-Windows-Security-Auditing,Security,4634,An account was logged off,LOCAL,finanzas02,PC-FIN-001,192.168.1.246,51560,3,C:\\Windows\\System32\\svchost.exe,0x0,0x0,Logoff for LOCAL\finanzas02 from workstation PC-FIN-001,0,none,Internal,LAN,,
2026-04-27 03:09:57,WIN10-FIN-014,Microsoft-Windows-Security-Auditing,Security,4634,An account was logged off,CORP,alopez,PC-OPS-014,192.168.1.119,55975,10,C:\\Program Files\\Microsoft Defender\\MsMpEng.exe,0x0,0x0,Logoff for CORP\alopez from workstation PC-OPS-014,0,none,Internal,LAN,,
2026-04-27 03:10:44,WIN11-SEC-022,Microsoft-Windows-Security-Auditing,Security,4624,An account was successfully logged on,LOCAL,svc_monitor,PC-OPS-014,10.10.54.206,50409,2,C:\\Windows\\System32\\lsass.exe,0x0,0x0,Successful logon for LOCAL\svc_monitor from 10.10.54.206 using logon type 2,0,none,Internal,LAN,,
2026-04-27 03:12:15,WIN-SRV-DC01,Microsoft-Windows-Security-Auditing,Security,4688,A new process has been created,EMPRESA,svc_monitor,SRV-MON-001,172.16.20.64,58940,7,C:\\Windows\\System32\\WindowsPowerShell\\v1.0\\powershell.exe,0x0,0x0,Process created by EMPRESA\svc_monitor: C:\\Windows\\System32\\WindowsPowerShell\\v1.0\\powershell.exe,0,none,Internal,LAN,,
2026-04-27 03:12:17,WIN-SRV-FILE01,Microsoft-Windows-Security-Auditing,Security,4688,A new process has been created,CORP,analista01,SRV-MON-001,192.168.1.79,49361,2,C:\\Program Files\\Microsoft Defender\\MsMpEng.exe,0x0,0x0,Process created by CORP\analista01: C:\\Program Files\\Microsoft Defender\\MsMpEng.exe,0,none,Internal,LAN,,
2026-04-27 03:12:58,WIN-SRV-APP01,Microsoft-Windows-Security-Auditing,Security,4648,A logon was attempted using explicit credentials,LOCAL,crojas,PC-RRHH-002,10.10.217.245,53414,10,C:\\Program Files\\Google\\Chrome\\Application\\chrome.exe,0x0,0x0,Explicit credentials used by LOCAL\crojas from PC-RRHH-002,0,none,Internal,LAN,,
2026-04-27 03:13:32,WIN11-SEC-022,Microsoft-Windows-Security-Auditing,Security,4672,Special privileges assigned to new logon,EMPRESA,alopez,LAP-GER-003,10.10.114.233,55268,3,C:\\Windows\\System32\\winlogon.exe,0x0,0x0,Special privileges assigned to EMPRESA\alopez,0,none,Internal,LAN,,
2026-04-27 03:13:35,WIN10-FIN-014,Microsoft-Windows-Security-Auditing,Security,4634,An account was logged off,CORP,svc_monitor,SRV-MON-001,192.168.1.184,56724,2,C:\\Windows\\System32\\winlogon.exe,0x0,0x0,Logoff for CORP\svc_monitor from workstation SRV-MON-001,0,none,Internal,LAN,,
2026-04-27 03:15:18,WIN-SRV-FILE01,Microsoft-Windows-Security-Auditing,Security,4624,An account was successfully logged on,LOCAL,svc_monitor,PC-OPS-014,192.168.1.53,53400,10,C:\\Windows\\System32\\svchost.exe,0x0,0x0,Successful logon for LOCAL\svc_monitor from 192.168.1.53 using logon type 10,0,none,Internal,LAN,,
2026-04-27 03:15:23,WIN-SRV-APP01,Microsoft-Windows-Security-Auditing,Security,4688,A new process has been created,EMPRESA,svc_monitor,PC-OPS-014,10.10.172.64,64885,3,C:\\Windows\\System32\\svchost.exe,0x0,0x0,Process created by EMPRESA\svc_monitor: C:\\Windows\\System32\\svchost.exe,0,none,Internal,LAN,,
2026-04-27 03:15:45,WIN11-SEC-022,Microsoft-Windows-Security-Auditing,Security,4634,An account was logged off,CORP,helpdesk01,PC-RRHH-002,192.168.1.72,53840,3,C:\\Windows\\System32\\lsass.exe,0x0,0x0,Logoff for CORP\helpdesk01 from workstation PC-RRHH-002,0,none,Internal,LAN,,
2026-04-27 03:16:58,WIN11-SEC-022,Microsoft-Windows-Security-Auditing,Security,4624,An account was successfully logged on,EMPRESA,alopez,PC-FIN-001,172.16.20.5,52018,10,C:\\Windows\\System32\\WindowsPowerShell\\v1.0\\powershell.exe,0x0,0x0,Successful logon for EMPRESA\alopez from 172.16.20.5 using logon type 10,0,none,Internal,LAN,,
2026-04-27 03:17:56,WIN-SRV-DC01,Microsoft-Windows-Security-Auditing,Security,4624,An account was successfully logged on,EMPRESA,crojas,PC-OPS-014,192.168.1.143,49616,10,C:\\Windows\\System32\\lsass.exe,0x0,0x0,Successful logon for EMPRESA\crojas from 192.168.1.143 using logon type 10,0,none,Internal,LAN,,
2026-04-27 03:19:01,WIN-SRV-APP01,Microsoft-Windows-Security-Auditing,Security,4688,A new process has been created,CORP,svc_backup,PC-FIN-001,10.10.231.127,59020,2,C:\\Windows\\System32\\WindowsPowerShell\\v1.0\\powershell.exe,0x0,0x0,Process created by CORP\svc_backup: C:\\Windows\\System32\\WindowsPowerShell\\v1.0\\powershell.exe,0,none,Internal,LAN,,
2026-04-27 03:20:09,WIN-SRV-APP01,Microsoft-Windows-Security-Auditing,Security,4624,An account was successfully logged on,LOCAL,crojas,SRV-MON-001,10.10.161.150,57130,2,C:\\Windows\\System32\\svchost.exe,0x0,0x0,Successful logon for LOCAL\crojas from 10.10.161.150 using logon type 2,0,none,Internal,LAN,,
2026-04-27 03:20:44,WIN10-FIN-014,Microsoft-Windows-Security-Auditing,Security,4634,An account was logged off,EMPRESA,svc_backup,PC-FIN-001,10.10.21.209,65239,10,C:\\Windows\\System32\\cmd.exe,0x0,0x0,Logoff for EMPRESA\svc_backup from workstation PC-FIN-001,0,none,Internal,LAN,,
2026-04-27 03:21:26,WIN-SRV-FILE01,Microsoft-Windows-Security-Auditing,Security,4624,An account was successfully logged on,CORP,svc_monitor,PC-RRHH-002,192.168.1.39,63833,10,C:\\Windows\\System32\\winlogon.exe,0x0,0x0,Successful logon for CORP\svc_monitor from 192.168.1.39 using logon type 10,0,none,Internal,LAN,,
2026-04-27 03:22:01,WIN-SRV-DC01,Microsoft-Windows-Security-Auditing,Security,4624,An account was successfully logged on,EMPRESA,analista01,LAP-GER-003,192.168.1.91,65152,3,C:\\Windows\\System32\\cmd.exe,0x0,0x0,Successful logon for EMPRESA\analista01 from 192.168.1.91 using logon type 3,0,none,Internal,LAN,,
2026-04-27 03:22:45,WIN-SRV-DC01,Microsoft-Windows-Security-Auditing,Security,4634,An account was logged off,LOCAL,svc_backup,PC-RRHH-002,172.16.20.115,51487,2,C:\\Windows\\System32\\lsass.exe,0x0,0x0,Logoff for LOCAL\svc_backup from workstation PC-RRHH-002,0,none,Internal,LAN,,
2026-04-27 03:22:57,WIN-SRV-FILE01,Microsoft-Windows-Security-Auditing,Security,4624,An account was successfully logged on,LOCAL,admin.ops,LAP-GER-003,172.16.20.109,62075,7,C:\\Windows\\System32\\winlogon.exe,0x0,0x0,Successful logon for LOCAL\admin.ops from 172.16.20.109 using logon type 7,0,none,Internal,LAN,,
2026-04-27 03:23:59,WIN-SRV-FILE01,Microsoft-Windows-Security-Auditing,Security,4624,An account was successfully logged on,LOCAL,alopez,PC-FIN-001,172.16.20.194,62818,2,C:\\Windows\\System32\\lsass.exe,0x0,0x0,Successful logon for LOCAL\alopez from 172.16.20.194 using logon type 2,0,none,Internal,LAN,,
2026-04-27 03:25:54,WIN-SRV-APP01,Microsoft-Windows-Security-Auditing,Security,4624,An account was successfully logged on,LOCAL,alopez,PC-RRHH-002,192.168.1.21,58878,7,C:\\Windows\\System32\\svchost.exe,0x0,0x0,Successful logon for LOCAL\alopez from 192.168.1.21 using logon type 7,0,none,Internal,LAN,,
2026-04-27 03:26:53,WIN-SRV-APP01,Microsoft-Windows-Security-Auditing,Security,4624,An account was successfully logged on,LOCAL,alopez,PC-OPS-014,192.168.1.13,55067,10,C:\\Windows\\System32\\cmd.exe,0x0,0x0,Successful logon for LOCAL\alopez from 192.168.1.13 using logon type 10,0,none,Internal,LAN,,
2026-04-27 03:26:58,WIN-SRV-DC01,Microsoft-Windows-Security-Auditing,Security,4648,A logon was attempted using explicit credentials,LOCAL,mgarcia,PC-RRHH-002,10.10.7.143,53316,7,C:\\Program Files\\Microsoft Defender\\MsMpEng.exe,0x0,0x0,Explicit credentials used by LOCAL\mgarcia from PC-RRHH-002,0,none,Internal,LAN,,
2026-04-27 03:27:24,WIN-SRV-FILE01,Microsoft-Windows-Security-Auditing,Security,4634,An account was logged off,EMPRESA,crojas,PC-RRHH-002,10.10.230.42,61440,7,C:\\Windows\\System32\\WindowsPowerShell\\v1.0\\powershell.exe,0x0,0x0,Logoff for EMPRESA\crojas from workstation PC-RRHH-002,0,none,Internal,LAN,,
2026-04-27 03:27:36,WIN-SRV-DC01,Microsoft-Windows-Security-Auditing,Security,4624,An account was successfully logged on,CORP,jperez,PC-OPS-014,10.10.96.124,54060,3,C:\\Windows\\System32\\winlogon.exe,0x0,0x0,Successful logon for CORP\jperez from 10.10.96.124 using logon type 3,0,none,Internal,LAN,,
2026-04-27 03:28:44,WIN-SRV-DC01,Microsoft-Windows-Security-Auditing,Security,4624,An account was successfully logged on,EMPRESA,svc_backup,PC-OPS-014,10.10.61.162,56007,3,C:\\Windows\\System32\\WindowsPowerShell\\v1.0\\powershell.exe,0x0,0x0,Successful logon for EMPRESA\svc_backup from 10.10.61.162 using logon type 3,0,none,Internal,LAN,,
2026-04-27 03:29:14,WIN-SRV-APP01,Microsoft-Windows-Security-Auditing,Security,4634,An account was logged off,CORP,mgarcia,LAP-GER-003,172.16.20.101,55131,2,C:\\Windows\\System32\\svchost.exe,0x0,0x0,Logoff for CORP\mgarcia from workstation LAP-GER-003,0,none,Internal,LAN,,
2026-04-27 03:29:40,WIN10-FIN-014,Microsoft-Windows-Security-Auditing,Security,4688,A new process has been created,CORP,jperez,PC-FIN-001,172.16.20.223,50996,10,C:\\Windows\\System32\\lsass.exe,0x0,0x0,Process created by CORP\jperez: C:\\Windows\\System32\\lsass.exe,0,none,Internal,LAN,,
2026-04-27 03:33:11,WIN-SRV-APP01,Microsoft-Windows-Security-Auditing,Security,4624,An account was successfully logged on,CORP,svc_backup,SRV-MON-001,10.10.201.215,57088,2,C:\\Program Files\\Google\\Chrome\\Application\\chrome.exe,0x0,0x0,Successful logon for CORP\svc_backup from 10.10.201.215 using logon type 2,0,none,Internal,LAN,,
2026-04-27 03:34:52,WIN11-SEC-022,Microsoft-Windows-Security-Auditing,Security,4634,An account was logged off,CORP,jperez,PC-FIN-001,10.10.78.233,59012,2,C:\\Program Files\\Microsoft Defender\\MsMpEng.exe,0x0,0x0,Logoff for CORP\jperez from workstation PC-FIN-001,0,none,Internal,LAN,,
2026-04-27 03:34:53,WIN-SRV-FILE01,Microsoft-Windows-Security-Auditing,Security,4624,An account was successfully logged on,LOCAL,helpdesk01,PC-OPS-014,10.10.53.7,65139,10,C:\\Program Files\\Microsoft Defender\\MsMpEng.exe,0x0,0x0,Successful logon for LOCAL\helpdesk01 from 10.10.53.7 using logon type 10,0,none,Internal,LAN,,
2026-04-27 03:36:52,WIN-SRV-FILE01,Microsoft-Windows-Security-Auditing,Security,4634,An account was logged off,LOCAL,analista01,PC-OPS-014,172.16.20.24,54413,2,C:\\Windows\\System32\\svchost.exe,0x0,0x0,Logoff for LOCAL\analista01 from workstation PC-OPS-014,0,none,Internal,LAN,,
2026-04-27 03:37:07,WIN11-SEC-022,Microsoft-Windows-Security-Auditing,Security,4624,An account was successfully logged on,CORP,admin.ops,PC-RRHH-002,10.10.205.6,51532,10,C:\\Windows\\System32\\lsass.exe,0x0,0x0,Successful logon for CORP\admin.ops from 10.10.205.6 using logon type 10,0,none,Internal,LAN,,
2026-04-27 03:39:19,WIN-SRV-FILE01,Microsoft-Windows-Security-Auditing,Security,4634,An account was logged off,EMPRESA,mgarcia,PC-RRHH-002,10.10.235.150,51840,2,C:\\Windows\\System32\\WindowsPowerShell\\v1.0\\powershell.exe,0x0,0x0,Logoff for EMPRESA\mgarcia from workstation PC-RRHH-002,0,none,Internal,LAN,,
2026-04-27 03:40:42,WIN11-SEC-022,Microsoft-Windows-Security-Auditing,Security,4672,Special privileges assigned to new logon,EMPRESA,helpdesk01,LAP-GER-003,192.168.1.138,53442,10,C:\\Windows\\System32\\svchost.exe,0x0,0x0,Special privileges assigned to EMPRESA\helpdesk01,0,none,Internal,LAN,,
2026-04-27 03:41:22,WIN11-SEC-022,Microsoft-Windows-Security-Auditing,Security,4624,An account was successfully logged on,CORP,lcastro,PC-RRHH-002,192.168.1.200,54994,2,C:\\Windows\\System32\\winlogon.exe,0x0,0x0,Successful logon for CORP\lcastro from 192.168.1.200 using logon type 2,0,none,Internal,LAN,,
2026-04-27 03:42:10,WIN-SRV-DC01,Microsoft-Windows-Security-Auditing,Security,4688,A new process has been created,LOCAL,admin.ops,PC-RRHH-002,10.10.58.133,58373,10,C:\\Windows\\System32\\svchost.exe,0x0,0x0,Process created by LOCAL\admin.ops: C:\\Windows\\System32\\svchost.exe,0,none,Internal,LAN,,
2026-04-27 03:42:26,WIN-SRV-APP01,Microsoft-Windows-Security-Auditing,Security,4672,Special privileges assigned to new logon,LOCAL,svc_backup,PC-OPS-014,192.168.1.186,50637,10,C:\\Windows\\System32\\cmd.exe,0x0,0x0,Special privileges assigned to LOCAL\svc_backup,0,none,Internal,LAN,,
2026-04-27 03:43:12,WIN-SRV-DC01,Microsoft-Windows-Security-Auditing,Security,4624,An account was successfully logged on,LOCAL,analista01,PC-FIN-001,172.16.20.59,63703,10,C:\\Windows\\System32\\winlogon.exe,0x0,0x0,Successful logon for LOCAL\analista01 from 172.16.20.59 using logon type 10,0,none,Internal,LAN,,
2026-04-27 03:45:30,WIN10-FIN-014,Microsoft-Windows-Security-Auditing,Security,4634,An account was logged off,CORP,analista01,LAP-GER-003,172.16.20.215,49419,3,C:\\Windows\\System32\\winlogon.exe,0x0,0x0,Logoff for CORP\analista01 from workstation LAP-GER-003,0,none,Internal,LAN,,
2026-04-27 03:47:09,WIN-SRV-DC01,Microsoft-Windows-Security-Auditing,Security,4688,A new process has been created,CORP,dtorres,LAP-GER-003,172.16.20.42,50546,2,C:\\Windows\\System32\\winlogon.exe,0x0,0x0,Process created by CORP\dtorres: C:\\Windows\\System32\\winlogon.exe,0,none,Internal,LAN,,
2026-04-27 03:47:41,WIN-SRV-DC01,Microsoft-Windows-Security-Auditing,Security,4688,A new process has been created,CORP,jperez,LAP-GER-003,192.168.1.138,57023,3,C:\\Windows\\System32\\winlogon.exe,0x0,0x0,Process created by CORP\jperez: C:\\Windows\\System32\\winlogon.exe,0,none,Internal,LAN,,
2026-04-27 03:48:26,WIN10-FIN-014,Microsoft-Windows-Security-Auditing,Security,4624,An account was successfully logged on,CORP,admin.ops,PC-OPS-014,192.168.1.93,55906,3,C:\\Windows\\System32\\cmd.exe,0x0,0x0,Successful logon for CORP\admin.ops from 192.168.1.93 using logon type 3,0,none,Internal,LAN,,
2026-04-27 03:48:54,WIN10-FIN-014,Microsoft-Windows-Security-Auditing,Security,4648,A logon was attempted using explicit credentials,EMPRESA,dtorres,SRV-MON-001,192.168.1.153,61469,2,C:\\Program Files\\Microsoft Defender\\MsMpEng.exe,0x0,0x0,Explicit credentials used by EMPRESA\dtorres from SRV-MON-001,0,none,Internal,LAN,,
2026-04-27 03:49:45,WIN11-SEC-022,Microsoft-Windows-Security-Auditing,Security,4672,Special privileges assigned to new logon,CORP,svc_monitor,PC-OPS-014,172.16.20.242,61184,7,C:\\Windows\\System32\\lsass.exe,0x0,0x0,Special privileges assigned to CORP\svc_monitor,0,none,Internal,LAN,,
2026-04-27 03:51:46,WIN-SRV-APP01,Microsoft-Windows-Security-Auditing,Security,4624,An account was successfully logged on,EMPRESA,lcastro,PC-OPS-014,192.168.1.243,63410,3,C:\\Windows\\System32\\winlogon.exe,0x0,0x0,Successful logon for EMPRESA\lcastro from 192.168.1.243 using logon type 3,0,none,Internal,LAN,,
2026-04-27 03:55:36,WIN-SRV-DC01,Microsoft-Windows-Security-Auditing,Security,4624,An account was successfully logged on,LOCAL,alopez,PC-RRHH-002,10.10.222.164,51940,2,C:\\Windows\\System32\\lsass.exe,0x0,0x0,Successful logon for LOCAL\alopez from 10.10.222.164 using logon type 2,0,none,Internal,LAN,,
2026-04-27 03:57:03,WIN10-FIN-014,Microsoft-Windows-Security-Auditing,Security,4634,An account was logged off,EMPRESA,admin.ops,PC-FIN-001,192.168.1.186,49433,10,C:\\Windows\\System32\\WindowsPowerShell\\v1.0\\powershell.exe,0x0,0x0,Logoff for EMPRESA\admin.ops from workstation PC-FIN-001,0,none,Internal,LAN,,
2026-04-27 03:59:39,WIN11-SEC-022,Microsoft-Windows-Security-Auditing,Security,4634,An account was logged off,EMPRESA,helpdesk01,PC-FIN-001,172.16.20.146,54539,10,C:\\Windows\\System32\\WindowsPowerShell\\v1.0\\powershell.exe,0x0,0x0,Logoff for EMPRESA\helpdesk01 from workstation PC-FIN-001,0,none,Internal,LAN,,
2026-04-27 04:02:52,WIN-SRV-APP01,Microsoft-Windows-Security-Auditing,Security,4624,An account was successfully logged on,LOCAL,crojas,LAP-GER-003,192.168.1.244,56367,10,C:\\Program Files\\Google\\Chrome\\Application\\chrome.exe,0x0,0x0,Successful logon for LOCAL\crojas from 192.168.1.244 using logon type 10,0,none,Internal,LAN,,
2026-04-27 04:04:40,WIN10-FIN-014,Microsoft-Windows-Security-Auditing,Security,4688,A new process has been created,LOCAL,analista01,LAP-GER-003,192.168.1.28,58206,3,C:\\Program Files\\Google\\Chrome\\Application\\chrome.exe,0x0,0x0,Process created by LOCAL\analista01: C:\\Program Files\\Google\\Chrome\\Application\\chrome.exe,0,none,Internal,LAN,,
2026-04-27 04:05:11,WIN-SRV-APP01,Microsoft-Windows-Security-Auditing,Security,4634,An account was logged off,LOCAL,svc_monitor,SRV-MON-001,172.16.20.211,52555,7,C:\\Windows\\System32\\cmd.exe,0x0,0x0,Logoff for LOCAL\svc_monitor from workstation SRV-MON-001,0,none,Internal,LAN,,
2026-04-27 04:06:11,WIN-SRV-FILE01,Microsoft-Windows-Security-Auditing,Security,4688,A new process has been created,CORP,lcastro,PC-OPS-014,172.16.20.55,62125,3,C:\\Program Files\\Microsoft Defender\\MsMpEng.exe,0x0,0x0,Process created by CORP\lcastro: C:\\Program Files\\Microsoft Defender\\MsMpEng.exe,0,none,Internal,LAN,,
2026-04-27 04:08:00,WIN-SRV-APP01,Microsoft-Windows-Security-Auditing,Security,4624,An account was successfully logged on,CORP,svc_monitor,LAP-GER-003,10.10.117.18,54666,3,C:\\Windows\\System32\\cmd.exe,0x0,0x0,Successful logon for CORP\svc_monitor from 10.10.117.18 using logon type 3,0,none,Internal,LAN,,
2026-04-27 04:09:02,WIN11-SEC-022,Microsoft-Windows-Security-Auditing,Security,4634,An account was logged off,EMPRESA,alopez,PC-RRHH-002,192.168.1.74,50907,10,C:\\Program Files\\Google\\Chrome\\Application\\chrome.exe,0x0,0x0,Logoff for EMPRESA\alopez from workstation PC-RRHH-002,0,none,Internal,LAN,,
2026-04-27 04:09:07,WIN10-FIN-014,Microsoft-Windows-Security-Auditing,Security,4672,Special privileges assigned to new logon,CORP,helpdesk01,PC-OPS-014,192.168.1.247,51614,2,C:\\Windows\\System32\\svchost.exe,0x0,0x0,Special privileges assigned to CORP\helpdesk01,0,none,Internal,LAN,,
2026-04-27 04:09:42,WIN-SRV-DC01,Microsoft-Windows-Security-Auditing,Security,4624,An account was successfully logged on,LOCAL,jperez,LAP-GER-003,10.10.155.156,58451,3,C:\\Program Files\\Google\\Chrome\\Application\\chrome.exe,0x0,0x0,Successful logon for LOCAL\jperez from 10.10.155.156 using logon type 3,0,none,Internal,LAN,,
2026-04-27 04:10:05,WIN11-SEC-022,Microsoft-Windows-Security-Auditing,Security,4688,A new process has been created,EMPRESA,finanzas02,SRV-MON-001,10.10.35.254,63764,2,C:\\Program Files\\Microsoft Defender\\MsMpEng.exe,0x0,0x0,Process created by EMPRESA\finanzas02: C:\\Program Files\\Microsoft Defender\\MsMpEng.exe,0,none,Internal,LAN,,
2026-04-27 04:10:16,WIN10-FIN-014,Microsoft-Windows-Security-Auditing,Security,4624,An account was successfully logged on,EMPRESA,alopez,SRV-MON-001,10.10.97.108,57595,3,C:\\Windows\\System32\\winlogon.exe,0x0,0x0,Successful logon for EMPRESA\alopez from 10.10.97.108 using logon type 3,0,none,Internal,LAN,,
2026-04-27 04:13:32,WIN11-SEC-022,Microsoft-Windows-Security-Auditing,Security,4688,A new process has been created,EMPRESA,analista01,SRV-MON-001,172.16.20.88,59555,2,C:\\Windows\\System32\\cmd.exe,0x0,0x0,Process created by EMPRESA\analista01: C:\\Windows\\System32\\cmd.exe,0,none,Internal,LAN,,
2026-04-27 04:15:29,WIN-SRV-FILE01,Microsoft-Windows-Security-Auditing,Security,4624,An account was successfully logged on,CORP,helpdesk01,PC-OPS-014,192.168.1.242,52041,7,C:\\Windows\\System32\\svchost.exe,0x0,0x0,Successful logon for CORP\helpdesk01 from 192.168.1.242 using logon type 7,0,none,Internal,LAN,,
2026-04-27 04:15:39,WIN10-FIN-014,Microsoft-Windows-Security-Auditing,Security,4688,A new process has been created,EMPRESA,alopez,SRV-MON-001,172.16.20.217,52471,10,C:\\Windows\\System32\\winlogon.exe,0x0,0x0,Process created by EMPRESA\alopez: C:\\Windows\\System32\\winlogon.exe,0,none,Internal,LAN,,
2026-04-27 04:17:22,WIN11-SEC-022,Microsoft-Windows-Security-Auditing,Security,4688,A new process has been created,CORP,crojas,LAP-GER-003,172.16.20.235,49199,10,C:\\Windows\\System32\\lsass.exe,0x0,0x0,Process created by CORP\crojas: C:\\Windows\\System32\\lsass.exe,0,none,Internal,LAN,,
2026-04-27 04:23:04,WIN10-FIN-014,Microsoft-Windows-Security-Auditing,Security,4688,A new process has been created,CORP,lcastro,PC-OPS-014,10.10.208.251,51804,2,C:\\Windows\\System32\\cmd.exe,0x0,0x0,Process created by CORP\lcastro: C:\\Windows\\System32\\cmd.exe,0,none,Internal,LAN,,
2026-04-27 04:29:21,WIN-SRV-APP01,Microsoft-Windows-Security-Auditing,Security,4634,An account was logged off,EMPRESA,jperez,PC-OPS-014,172.16.20.174,59663,2,C:\\Program Files\\Google\\Chrome\\Application\\chrome.exe,0x0,0x0,Logoff for EMPRESA\jperez from workstation PC-OPS-014,0,none,Internal,LAN,,
