2026-04-26 21:58:03,WIN11-SEC-022,Microsoft-Windows-Security-Auditing,Security,4648,A logon was attempted using explicit credentials,LOCAL,lcastro,PC-RRHH-002,192.168.1.168,54989,7,C:\\Windows\\System32\\lsass.exe,0x0,0x0,Explicit credentials used by LOCAL\lcastro from PC-RRHH-002,0,none,Internal,LAN,,
2026-04-26 21:58:10,WIN-SRV-APP01,Microsoft-Windows-Security-Auditing,Security,4688,A new process has been created,LOCAL,dtorres,PC-RRHH-002,192.168.1.128,54988,2,C:\\Program Files\\Google\\Chrome\\Application\\chrome.exe,0x0,0x0,Process created by LOCAL\dtorres: C:\\Program Files\\Google\\Chrome\\Application\\chrome.exe,0,none,Internal,LAN,,
2026-04-26 21:58:27,WIN-SRV-DC01,Microsoft-Windows-Security-Auditing,Security,4688,A new process has been created,CORP,alopez,PC-OPS-014,192.168.1.224,62938,10,C:\\Windows\\System32\\lsass.exe,0x0,0x0,Process created by CORP\alopez: C:\\Windows\\System32\\lsass.exe,0,none,Internal,LAN,,
2026-04-26 22:00:11,WIN-SRV-APP01,Microsoft-Windows-Security-Auditing,Security,4688,A new process has been created,EMPRESA,jperez,LAP-GER-003,192.168.1.20,60717,10,C:\\Windows\\System32\\winlogon.exe,0x0,0x0,Process created by EMPRESA\jperez: C:\\Windows\\System32\\winlogon.exe,0,none,Internal,LAN,,
2026-04-26 22:01:01,WIN-SRV-DC01,Microsoft-Windows-Security-Auditing,Security,4624,An account was successfully logged on,EMPRESA,finanzas02,PC-RRHH-002,10.10.94.47,61144,7,C:\\Windows\\System32\\WindowsPowerShell\\v1.0\\powershell.exe,0x0,0x0,Successful logon for EMPRESA\finanzas02 from 10.10.94.47 using logon type 7,0,none,Internal,LAN,,
2026-04-26 22:02:57,WIN-SRV-APP01,Microsoft-Windows-Security-Auditing,Security,4624,An account was successfully logged on,LOCAL,alopez,SRV-MON-001,10.10.33.179,50123,10,C:\\Windows\\System32\\svchost.exe,0x0,0x0,Successful logon for LOCAL\alopez from 10.10.33.179 using logon type 10,0,none,Internal,LAN,,
2026-04-26 22:03:40,WIN-SRV-DC01,Microsoft-Windows-Security-Auditing,Security,4634,An account was logged off,EMPRESA,jperez,LAP-GER-003,192.168.1.230,55949,3,C:\\Windows\\System32\\cmd.exe,0x0,0x0,Logoff for EMPRESA\jperez from workstation LAP-GER-003,0,none,Internal,LAN,,
2026-04-26 22:04:26,WIN11-SEC-022,Microsoft-Windows-Security-Auditing,Security,4634,An account was logged off,CORP,jperez,LAP-GER-003,172.16.20.122,53489,10,C:\\Windows\\System32\\lsass.exe,0x0,0x0,Logoff for CORP\jperez from workstation LAP-GER-003,0,none,Internal,LAN,,
2026-04-26 22:05:28,WIN-SRV-FILE01,Microsoft-Windows-Security-Auditing,Security,4624,An account was successfully logged on,LOCAL,jperez,PC-RRHH-002,192.168.1.170,52638,2,C:\\Windows\\System32\\cmd.exe,0x0,0x0,Successful logon for LOCAL\jperez from 192.168.1.170 using logon type 2,0,none,Internal,LAN,,
2026-04-26 22:06:08,WIN-SRV-APP01,Microsoft-Windows-Security-Auditing,Security,4688,A new process has been created,EMPRESA,svc_backup,PC-OPS-014,10.10.72.204,54703,10,C:\\Program Files\\Google\\Chrome\\Application\\chrome.exe,0x0,0x0,Process created by EMPRESA\svc_backup: C:\\Program Files\\Google\\Chrome\\Application\\chrome.exe,0,none,Internal,LAN,,
2026-04-26 22:07:52,WIN-SRV-DC01,Microsoft-Windows-Security-Auditing,Security,4624,An account was successfully logged on,CORP,admin.ops,PC-OPS-014,172.16.20.233,55422,2,C:\\Windows\\System32\\lsass.exe,0x0,0x0,Successful logon for CORP\admin.ops from 172.16.20.233 using logon type 2,0,none,Internal,LAN,,
2026-04-26 22:08:21,WIN-SRV-APP01,Microsoft-Windows-Security-Auditing,Security,4648,A logon was attempted using explicit credentials,LOCAL,jperez,LAP-GER-003,10.10.203.67,53328,3,C:\\Windows\\System32\\WindowsPowerShell\\v1.0\\powershell.exe,0x0,0x0,Explicit credentials used by LOCAL\jperez from LAP-GER-003,0,none,Internal,LAN,,
2026-04-26 22:08:31,WIN-SRV-FILE01,Microsoft-Windows-Security-Auditing,Security,4634,An account was logged off,LOCAL,crojas,LAP-GER-003,192.168.1.133,59673,2,C:\\Windows\\System32\\cmd.exe,0x0,0x0,Logoff for LOCAL\crojas from workstation LAP-GER-003,0,none,Internal,LAN,,
2026-04-26 22:09:38,WIN11-SEC-022,Microsoft-Windows-Security-Auditing,Security,4624,An account was successfully logged on,CORP,analista01,PC-FIN-001,192.168.1.104,62845,2,C:\\Windows\\System32\\cmd.exe,0x0,0x0,Successful logon for CORP\analista01 from 192.168.1.104 using logon type 2,0,none,Internal,LAN,,
2026-04-26 22:10:36,WIN-SRV-DC01,Microsoft-Windows-Security-Auditing,Security,4688,A new process has been created,LOCAL,svc_backup,PC-FIN-001,10.10.53.154,58019,3,C:\\Windows\\System32\\WindowsPowerShell\\v1.0\\powershell.exe,0x0,0x0,Process created by LOCAL\svc_backup: C:\\Windows\\System32\\WindowsPowerShell\\v1.0\\powershell.exe,0,none,Internal,LAN,,
2026-04-26 22:11:34,WIN-SRV-DC01,Microsoft-Windows-Security-Auditing,Security,4624,An account was successfully logged on,EMPRESA,lcastro,LAP-GER-003,10.10.154.224,63634,7,C:\\Windows\\System32\\winlogon.exe,0x0,0x0,Successful logon for EMPRESA\lcastro from 10.10.154.224 using logon type 7,0,none,Internal,LAN,,
2026-04-26 22:12:09,WIN-SRV-FILE01,Microsoft-Windows-Security-Auditing,Security,4634,An account was logged off,LOCAL,svc_backup,SRV-MON-001,192.168.1.199,62406,10,C:\\Windows\\System32\\lsass.exe,0x0,0x0,Logoff for LOCAL\svc_backup from workstation SRV-MON-001,0,none,Internal,LAN,,
2026-04-26 22:13:07,WIN-SRV-DC01,Microsoft-Windows-Security-Auditing,Security,4688,A new process has been created,LOCAL,finanzas02,PC-FIN-001,10.10.67.68,64916,2,C:\\Windows\\System32\\winlogon.exe,0x0,0x0,Process created by LOCAL\finanzas02: C:\\Windows\\System32\\winlogon.exe,0,none,Internal,LAN,,
2026-04-26 22:15:51,WIN11-SEC-022,Microsoft-Windows-Security-Auditing,Security,4672,Special privileges assigned to new logon,LOCAL,analista01,SRV-MON-001,10.10.121.235,63296,3,C:\\Windows\\System32\\lsass.exe,0x0,0x0,Special privileges assigned to LOCAL\analista01,0,none,Internal,LAN,,
2026-04-26 22:17:35,WIN-SRV-DC01,Microsoft-Windows-Security-Auditing,Security,4624,An account was successfully logged on,CORP,svc_monitor,PC-OPS-014,192.168.1.155,61433,3,C:\\Windows\\System32\\cmd.exe,0x0,0x0,Successful logon for CORP\svc_monitor from 192.168.1.155 using logon type 3,0,none,Internal,LAN,,
2026-04-26 22:18:39,WIN-SRV-FILE01,Microsoft-Windows-Security-Auditing,Security,4624,An account was successfully logged on,CORP,analista01,LAP-GER-003,192.168.1.251,63209,7,C:\\Windows\\System32\\svchost.exe,0x0,0x0,Successful logon for CORP\analista01 from 192.168.1.251 using logon type 7,0,none,Internal,LAN,,
2026-04-26 22:18:58,WIN-SRV-FILE01,Microsoft-Windows-Security-Auditing,Security,4624,An account was successfully logged on,EMPRESA,admin.ops,PC-OPS-014,192.168.1.93,59346,7,C:\\Windows\\System32\\WindowsPowerShell\\v1.0\\powershell.exe,0x0,0x0,Successful logon for EMPRESA\admin.ops from 192.168.1.93 using logon type 7,0,none,Internal,LAN,,
2026-04-26 22:19:51,WIN-SRV-DC01,Microsoft-Windows-Security-Auditing,Security,4624,An account was successfully logged on,EMPRESA,lcastro,PC-RRHH-002,192.168.1.97,61435,2,C:\\Windows\\System32\\cmd.exe,0x0,0x0,Successful logon for EMPRESA\lcastro from 192.168.1.97 using logon type 2,0,none,Internal,LAN,,
2026-04-26 22:20:42,WIN-SRV-DC01,Microsoft-Windows-Security-Auditing,Security,4634,An account was logged off,EMPRESA,helpdesk01,LAP-GER-003,172.16.20.185,57483,3,C:\\Windows\\System32\\lsass.exe,0x0,0x0,Logoff for EMPRESA\helpdesk01 from workstation LAP-GER-003,0,none,Internal,LAN,,
2026-04-26 22:21:02,WIN11-SEC-022,Microsoft-Windows-Security-Auditing,Security,4688,A new process has been created,CORP,svc_monitor,PC-FIN-001,10.10.88.166,51614,10,C:\\Windows\\System32\\lsass.exe,0x0,0x0,Process created by CORP\svc_monitor: C:\\Windows\\System32\\lsass.exe,0,none,Internal,LAN,,
2026-04-26 22:21:08,WIN11-SEC-022,Microsoft-Windows-Security-Auditing,Security,4634,An account was logged off,LOCAL,analista01,PC-OPS-014,10.10.17.73,53319,2,C:\\Windows\\System32\\WindowsPowerShell\\v1.0\\powershell.exe,0x0,0x0,Logoff for LOCAL\analista01 from workstation PC-OPS-014,0,none,Internal,LAN,,
2026-04-26 22:21:26,WIN11-SEC-022,Microsoft-Windows-Security-Auditing,Security,4624,An account was successfully logged on,LOCAL,finanzas02,PC-OPS-014,192.168.1.182,61862,7,C:\\Program Files\\Google\\Chrome\\Application\\chrome.exe,0x0,0x0,Successful logon for LOCAL\finanzas02 from 192.168.1.182 using logon type 7,0,none,Internal,LAN,,
2026-04-26 22:21:29,WIN-SRV-FILE01,Microsoft-Windows-Security-Auditing,Security,4634,An account was logged off,CORP,svc_monitor,LAP-GER-003,172.16.20.200,61541,3,C:\\Windows\\System32\\winlogon.exe,0x0,0x0,Logoff for CORP\svc_monitor from workstation LAP-GER-003,0,none,Internal,LAN,,
2026-04-26 22:24:06,WIN-SRV-FILE01,Microsoft-Windows-Security-Auditing,Security,4624,An account was successfully logged on,LOCAL,svc_backup,PC-FIN-001,10.10.88.187,49279,3,C:\\Windows\\System32\\lsass.exe,0x0,0x0,Successful logon for LOCAL\svc_backup from 10.10.88.187 using logon type 3,0,none,Internal,LAN,,
2026-04-26 22:25:27,WIN-SRV-DC01,Microsoft-Windows-Security-Auditing,Security,4624,An account was successfully logged on,CORP,admin.ops,LAP-GER-003,10.10.8.174,61940,10,C:\\Windows\\System32\\svchost.exe,0x0,0x0,Successful logon for CORP\admin.ops from 10.10.8.174 using logon type 10,0,none,Internal,LAN,,
2026-04-26 22:25:58,WIN11-SEC-022,Microsoft-Windows-Security-Auditing,Security,4624,An account was successfully logged on,CORP,analista01,PC-OPS-014,172.16.20.6,55448,10,C:\\Windows\\System32\\winlogon.exe,0x0,0x0,Successful logon for CORP\analista01 from 172.16.20.6 using logon type 10,0,none,Internal,LAN,,
2026-04-26 22:26:33,WIN-SRV-DC01,Microsoft-Windows-Security-Auditing,Security,4634,An account was logged off,LOCAL,lcastro,PC-OPS-014,192.168.1.149,59169,10,C:\\Windows\\System32\\winlogon.exe,0x0,0x0,Logoff for LOCAL\lcastro from workstation PC-OPS-014,0,none,Internal,LAN,,
2026-04-26 22:26:47,WIN11-SEC-022,Microsoft-Windows-Security-Auditing,Security,4624,An account was successfully logged on,CORP,dtorres,SRV-MON-001,10.10.249.188,59783,10,C:\\Windows\\System32\\winlogon.exe,0x0,0x0,Successful logon for CORP\dtorres from 10.10.249.188 using logon type 10,0,none,Internal,LAN,,
2026-04-26 22:27:14,WIN10-FIN-014,Microsoft-Windows-Security-Auditing,Security,4624,An account was successfully logged on,EMPRESA,dtorres,PC-RRHH-002,192.168.1.5,58998,10,C:\\Program Files\\Google\\Chrome\\Application\\chrome.exe,0x0,0x0,Successful logon for EMPRESA\dtorres from 192.168.1.5 using logon type 10,0,none,Internal,LAN,,
2026-04-26 22:28:07,WIN-SRV-FILE01,Microsoft-Windows-Security-Auditing,Security,4634,An account was logged off,EMPRESA,finanzas02,SRV-MON-001,10.10.139.99,56258,2,C:\\Windows\\System32\\lsass.exe,0x0,0x0,Logoff for EMPRESA\finanzas02 from workstation SRV-MON-001,0,none,Internal,LAN,,
2026-04-26 22:29:39,WIN-SRV-APP01,Microsoft-Windows-Security-Auditing,Security,4688,A new process has been created,CORP,jperez,LAP-GER-003,172.16.20.60,50987,10,C:\\Windows\\System32\\winlogon.exe,0x0,0x0,Process created by CORP\jperez: C:\\Windows\\System32\\winlogon.exe,0,none,Internal,LAN,,
2026-04-26 22:30:20,WIN-SRV-DC01,Microsoft-Windows-Security-Auditing,Security,4688,A new process has been created,LOCAL,jperez,PC-RRHH-002,10.10.31.105,61193,3,C:\\Program Files\\Google\\Chrome\\Application\\chrome.exe,0x0,0x0,Process created by LOCAL\jperez: C:\\Program Files\\Google\\Chrome\\Application\\chrome.exe,0,none,Internal,LAN,,
2026-04-26 22:33:56,WIN10-FIN-014,Microsoft-Windows-Security-Auditing,Security,4634,An account was logged off,CORP,crojas,PC-OPS-014,10.10.65.13,54689,3,C:\\Windows\\System32\\WindowsPowerShell\\v1.0\\powershell.exe,0x0,0x0,Logoff for CORP\crojas from workstation PC-OPS-014,0,none,Internal,LAN,,
2026-04-26 22:34:58,WIN-SRV-FILE01,Microsoft-Windows-Security-Auditing,Security,4624,An account was successfully logged on,LOCAL,alopez,PC-OPS-014,172.16.20.219,51409,10,C:\\Program Files\\Google\\Chrome\\Application\\chrome.exe,0x0,0x0,Successful logon for LOCAL\alopez from 172.16.20.219 using logon type 10,0,none,Internal,LAN,,
2026-04-26 22:36:17,WIN-SRV-DC01,Microsoft-Windows-Security-Auditing,Security,4624,An account was successfully logged on,CORP,helpdesk01,PC-FIN-001,10.10.73.205,53492,7,C:\\Windows\\System32\\svchost.exe,0x0,0x0,Successful logon for CORP\helpdesk01 from 10.10.73.205 using logon type 7,0,none,Internal,LAN,,
2026-04-26 22:37:36,WIN-SRV-FILE01,Microsoft-Windows-Security-Auditing,Security,4634,An account was logged off,EMPRESA,helpdesk01,LAP-GER-003,172.16.20.251,63988,7,C:\\Windows\\System32\\svchost.exe,0x0,0x0,Logoff for EMPRESA\helpdesk01 from workstation LAP-GER-003,0,none,Internal,LAN,,
2026-04-26 22:38:02,WIN-SRV-FILE01,Microsoft-Windows-Security-Auditing,Security,4648,A logon was attempted using explicit credentials,CORP,helpdesk01,PC-FIN-001,10.10.231.248,50518,7,C:\\Windows\\System32\\cmd.exe,0x0,0x0,Explicit credentials used by CORP\helpdesk01 from PC-FIN-001,0,none,Internal,LAN,,
2026-04-26 22:38:07,WIN-SRV-APP01,Microsoft-Windows-Security-Auditing,Security,4624,An account was successfully logged on,EMPRESA,analista01,LAP-GER-003,10.10.239.210,56600,3,C:\\Program Files\\Microsoft Defender\\MsMpEng.exe,0x0,0x0,Successful logon for EMPRESA\analista01 from 10.10.239.210 using logon type 3,0,none,Internal,LAN,,
2026-04-26 22:38:11,WIN11-SEC-022,Microsoft-Windows-Security-Auditing,Security,4624,An account was successfully logged on,LOCAL,svc_backup,LAP-GER-003,172.16.20.189,57719,3,C:\\Windows\\System32\\cmd.exe,0x0,0x0,Successful logon for LOCAL\svc_backup from 172.16.20.189 using logon type 3,0,none,Internal,LAN,,
2026-04-26 22:38:30,WIN-SRV-DC01,Microsoft-Windows-Security-Auditing,Security,4624,An account was successfully logged on,CORP,dtorres,SRV-MON-001,10.10.235.80,53985,3,C:\\Windows\\System32\\lsass.exe,0x0,0x0,Successful logon for CORP\dtorres from 10.10.235.80 using logon type 3,0,none,Internal,LAN,,
2026-04-26 22:38:54,WIN10-FIN-014,Microsoft-Windows-Security-Auditing,Security,4688,A new process has been created,EMPRESA,alopez,PC-FIN-001,172.16.20.124,62019,3,C:\\Program Files\\Google\\Chrome\\Application\\chrome.exe,0x0,0x0,Process created by EMPRESA\alopez: C:\\Program Files\\Google\\Chrome\\Application\\chrome.exe,0,none,Internal,LAN,,
2026-04-26 22:41:49,WIN-SRV-FILE01,Microsoft-Windows-Security-Auditing,Security,4624,An account was successfully logged on,LOCAL,helpdesk01,PC-FIN-001,192.168.1.177,57336,3,C:\\Windows\\System32\\cmd.exe,0x0,0x0,Successful logon for LOCAL\helpdesk01 from 192.168.1.177 using logon type 3,0,none,Internal,LAN,,
2026-04-26 22:44:19,WIN-SRV-APP01,Microsoft-Windows-Security-Auditing,Security,4634,An account was logged off,LOCAL,admin.ops,LAP-GER-003,10.10.148.50,56836,3,C:\\Windows\\System32\\lsass.exe,0x0,0x0,Logoff for LOCAL\admin.ops from workstation LAP-GER-003,0,none,Internal,LAN,,
2026-04-26 22:45:57,WIN10-FIN-014,Microsoft-Windows-Security-Auditing,Security,4634,An account was logged off,LOCAL,alopez,SRV-MON-001,172.16.20.138,53761,7,C:\\Windows\\System32\\svchost.exe,0x0,0x0,Logoff for LOCAL\alopez from workstation SRV-MON-001,0,none,Internal,LAN,,
2026-04-26 22:56:11,WIN-SRV-DC01,Microsoft-Windows-Security-Auditing,Security,4624,An account was successfully logged on,LOCAL,crojas,PC-RRHH-002,10.10.88.153,61344,7,C:\\Windows\\System32\\lsass.exe,0x0,0x0,Successful logon for LOCAL\crojas from 10.10.88.153 using logon type 7,0,none,Internal,LAN,,
2026-04-26 22:56:50,WIN-SRV-FILE01,Microsoft-Windows-Security-Auditing,Security,4624,An account was successfully logged on,CORP,analista01,PC-OPS-014,10.10.244.75,61511,2,C:\\Program Files\\Microsoft Defender\\MsMpEng.exe,0x0,0x0,Successful logon for CORP\analista01 from 10.10.244.75 using logon type 2,0,none,Internal,LAN,,
2026-04-26 22:57:16,WIN10-FIN-014,Microsoft-Windows-Security-Auditing,Security,4624,An account was successfully logged on,EMPRESA,helpdesk01,PC-FIN-001,192.168.1.254,59007,3,C:\\Windows\\System32\\svchost.exe,0x0,0x0,Successful logon for EMPRESA\helpdesk01 from 192.168.1.254 using logon type 3,0,none,Internal,LAN,,
2026-04-26 22:57:27,WIN-SRV-APP01,Microsoft-Windows-Security-Auditing,Security,4624,An account was successfully logged on,EMPRESA,analista01,PC-RRHH-002,10.10.180.192,53575,7,C:\\Program Files\\Google\\Chrome\\Application\\chrome.exe,0x0,0x0,Successful logon for EMPRESA\analista01 from 10.10.180.192 using logon type 7,0,none,Internal,LAN,,
2026-04-26 22:58:58,WIN-SRV-APP01,Microsoft-Windows-Security-Auditing,Security,4634,An account was logged off,EMPRESA,finanzas02,SRV-MON-001,192.168.1.144,49950,3,C:\\Windows\\System32\\svchost.exe,0x0,0x0,Logoff for EMPRESA\finanzas02 from workstation SRV-MON-001,0,none,Internal,LAN,,
2026-04-26 22:59:10,WIN11-SEC-022,Microsoft-Windows-Security-Auditing,Security,4624,An account was successfully logged on,EMPRESA,svc_backup,PC-OPS-014,172.16.20.203,61437,2,C:\\Program Files\\Google\\Chrome\\Application\\chrome.exe,0x0,0x0,Successful logon for EMPRESA\svc_backup from 172.16.20.203 using logon type 2,0,none,Internal,LAN,,
2026-04-26 23:00:22,WIN11-SEC-022,Microsoft-Windows-Security-Auditing,Security,4624,An account was successfully logged on,EMPRESA,admin.ops,SRV-MON-001,192.168.1.91,53833,3,C:\\Windows\\System32\\lsass.exe,0x0,0x0,Successful logon for EMPRESA\admin.ops from 192.168.1.91 using logon type 3,0,none,Internal,LAN,,
2026-04-26 23:01:57,WIN-SRV-APP01,Microsoft-Windows-Security-Auditing,Security,4624,An account was successfully logged on,CORP,svc_monitor,PC-FIN-001,10.10.85.93,65387,2,C:\\Windows\\System32\\WindowsPowerShell\\v1.0\\powershell.exe,0x0,0x0,Successful logon for CORP\svc_monitor from 10.10.85.93 using logon type 2,0,none,Internal,LAN,,
2026-04-26 23:03:28,WIN10-FIN-014,Microsoft-Windows-Security-Auditing,Security,4624,An account was successfully logged on,CORP,alopez,LAP-GER-003,10.10.125.139,64412,10,C:\\Program Files\\Google\\Chrome\\Application\\chrome.exe,0x0,0x0,Successful logon for CORP\alopez from 10.10.125.139 using logon type 10,0,none,Internal,LAN,,
2026-04-26 23:04:09,WIN-SRV-APP01,Microsoft-Windows-Security-Auditing,Security,4624,An account was successfully logged on,EMPRESA,finanzas02,LAP-GER-003,172.16.20.226,62919,7,C:\\Windows\\System32\\svchost.exe,0x0,0x0,Successful logon for EMPRESA\finanzas02 from 172.16.20.226 using logon type 7,0,none,Internal,LAN,,
2026-04-26 23:08:45,WIN10-FIN-014,Microsoft-Windows-Security-Auditing,Security,4624,An account was successfully logged on,LOCAL,crojas,PC-FIN-001,10.10.70.185,62121,7,C:\\Windows\\System32\\svchost.exe,0x0,0x0,Successful logon for LOCAL\crojas from 10.10.70.185 using logon type 7,0,none,Internal,LAN,,
2026-04-26 23:10:01,WIN-SRV-FILE01,Microsoft-Windows-Security-Auditing,Security,4624,An account was successfully logged on,CORP,alopez,LAP-GER-003,192.168.1.82,63518,3,C:\\Program Files\\Google\\Chrome\\Application\\chrome.exe,0x0,0x0,Successful logon for CORP\alopez from 192.168.1.82 using logon type 3,0,none,Internal,LAN,,
2026-04-26 23:10:04,WIN-SRV-DC01,Microsoft-Windows-Security-Auditing,Security,4634,An account was logged off,LOCAL,helpdesk01,PC-OPS-014,172.16.20.55,59371,3,C:\\Program Files\\Microsoft Defender\\MsMpEng.exe,0x0,0x0,Logoff for LOCAL\helpdesk01 from workstation PC-OPS-014,0,none,Internal,LAN,,
2026-04-26 23:11:21,WIN10-FIN-014,Microsoft-Windows-Security-Auditing,Security,4634,An account was logged off,CORP,helpdesk01,SRV-MON-001,10.10.242.42,64936,2,C:\\Windows\\System32\\winlogon.exe,0x0,0x0,Logoff for CORP\helpdesk01 from workstation SRV-MON-001,0,none,Internal,LAN,,
2026-04-26 23:11:58,WIN-SRV-APP01,Microsoft-Windows-Security-Auditing,Security,4688,A new process has been created,EMPRESA,finanzas02,PC-FIN-001,172.16.20.223,65407,7,C:\\Windows\\System32\\lsass.exe,0x0,0x0,Process created by EMPRESA\finanzas02: C:\\Windows\\System32\\lsass.exe,0,none,Internal,LAN,,
2026-04-26 23:12:21,WIN10-FIN-014,Microsoft-Windows-Security-Auditing,Security,4624,An account was successfully logged on,LOCAL,alopez,PC-OPS-014,10.10.161.71,59619,3,C:\\Windows\\System32\\cmd.exe,0x0,0x0,Successful logon for LOCAL\alopez from 10.10.161.71 using logon type 3,0,none,Internal,LAN,,
2026-04-26 23:14:17,WIN-SRV-APP01,Microsoft-Windows-Security-Auditing,Security,4624,An account was successfully logged on,LOCAL,alopez,PC-FIN-001,192.168.1.167,49302,7,C:\\Windows\\System32\\WindowsPowerShell\\v1.0\\powershell.exe,0x0,0x0,Successful logon for LOCAL\alopez from 192.168.1.167 using logon type 7,0,none,Internal,LAN,,
2026-04-26 23:14:19,WIN-SRV-FILE01,Microsoft-Windows-Security-Auditing,Security,4624,An account was successfully logged on,CORP,admin.ops,SRV-MON-001,172.16.20.47,58928,10,C:\\Windows\\System32\\cmd.exe,0x0,0x0,Successful logon for CORP\admin.ops from 172.16.20.47 using logon type 10,0,none,Internal,LAN,,
2026-04-26 23:14:41,WIN-SRV-FILE01,Microsoft-Windows-Security-Auditing,Security,4648,A logon was attempted using explicit credentials,CORP,admin.ops,PC-RRHH-002,172.16.20.135,56359,3,C:\\Windows\\System32\\winlogon.exe,0x0,0x0,Explicit credentials used by CORP\admin.ops from PC-RRHH-002,0,none,Internal,LAN,,
2026-04-26 23:19:05,WIN-SRV-DC01,Microsoft-Windows-Security-Auditing,Security,4624,An account was successfully logged on,EMPRESA,svc_monitor,SRV-MON-001,10.10.226.200,55748,7,C:\\Windows\\System32\\svchost.exe,0x0,0x0,Successful logon for EMPRESA\svc_monitor from 10.10.226.200 using logon type 7,0,none,Internal,LAN,,
2026-04-26 23:19:47,WIN-SRV-APP01,Microsoft-Windows-Security-Auditing,Security,4634,An account was logged off,EMPRESA,jperez,LAP-GER-003,172.16.20.236,62631,2,C:\\Windows\\System32\\lsass.exe,0x0,0x0,Logoff for EMPRESA\jperez from workstation LAP-GER-003,0,none,Internal,LAN,,
2026-04-26 23:19:55,WIN11-SEC-022,Microsoft-Windows-Security-Auditing,Security,4624,An account was successfully logged on,LOCAL,admin.ops,PC-RRHH-002,10.10.77.142,51640,7,C:\\Windows\\System32\\winlogon.exe,0x0,0x0,Successful logon for LOCAL\admin.ops from 10.10.77.142 using logon type 7,0,none,Internal,LAN,,
2026-04-26 23:23:31,WIN-SRV-FILE01,Microsoft-Windows-Security-Auditing,Security,4624,An account was successfully logged on,CORP,svc_monitor,PC-OPS-014,172.16.20.240,54458,3,C:\\Windows\\System32\\WindowsPowerShell\\v1.0\\powershell.exe,0x0,0x0,Successful logon for CORP\svc_monitor from 172.16.20.240 using logon type 3,0,none,Internal,LAN,,
2026-04-26 23:25:53,WIN-SRV-APP01,Microsoft-Windows-Security-Auditing,Security,4624,An account was successfully logged on,CORP,mgarcia,PC-FIN-001,10.10.161.102,54144,10,C:\\Windows\\System32\\svchost.exe,0x0,0x0,Successful logon for CORP\mgarcia from 10.10.161.102 using logon type 10,0,none,Internal,LAN,,
2026-04-26 23:29:37,WIN11-SEC-022,Microsoft-Windows-Security-Auditing,Security,4624,An account was successfully logged on,CORP,analista01,LAP-GER-003,10.10.241.124,60395,3,C:\\Windows\\System32\\winlogon.exe,0x0,0x0,Successful logon for CORP\analista01 from 10.10.241.124 using logon type 3,0,none,Internal,LAN,,
2026-04-26 23:30:31,WIN11-SEC-022,Microsoft-Windows-Security-Auditing,Security,4624,An account was successfully logged on,EMPRESA,helpdesk01,SRV-MON-001,192.168.1.141,59056,2,C:\\Windows\\System32\\svchost.exe,0x0,0x0,Successful logon for EMPRESA\helpdesk01 from 192.168.1.141 using logon type 2,0,none,Internal,LAN,,
2026-04-26 23:31:45,WIN10-FIN-014,Microsoft-Windows-Security-Auditing,Security,4624,An account was successfully logged on,CORP,helpdesk01,SRV-MON-001,172.16.20.173,64434,3,C:\\Windows\\System32\\lsass.exe,0x0,0x0,Successful logon for CORP\helpdesk01 from 172.16.20.173 using logon type 3,0,none,Internal,LAN,,
2026-04-26 23:32:08,WIN-SRV-APP01,Microsoft-Windows-Security-Auditing,Security,4624,An account was successfully logged on,LOCAL,helpdesk01,LAP-GER-003,10.10.243.207,65353,2,C:\\Windows\\System32\\svchost.exe,0x0,0x0,Successful logon for LOCAL\helpdesk01 from 10.10.243.207 using logon type 2,0,none,Internal,LAN,,
2026-04-26 23:32:42,WIN-SRV-DC01,Microsoft-Windows-Security-Auditing,Security,4624,An account was successfully logged on,CORP,jperez,PC-RRHH-002,172.16.20.150,57558,2,C:\\Windows\\System32\\svchost.exe,0x0,0x0,Successful logon for CORP\jperez from 172.16.20.150 using logon type 2,0,none,Internal,LAN,,
2026-04-26 23:32:46,WIN10-FIN-014,Microsoft-Windows-Security-Auditing,Security,4624,An account was successfully logged on,LOCAL,jperez,PC-FIN-001,172.16.20.215,60711,7,C:\\Windows\\System32\\cmd.exe,0x0,0x0,Successful logon for LOCAL\jperez from 172.16.20.215 using logon type 7,0,none,Internal,LAN,,
2026-04-26 23:34:02,WIN-SRV-DC01,Microsoft-Windows-Security-Auditing,Security,4688,A new process has been created,CORP,dtorres,LAP-GER-003,192.168.1.17,55364,10,C:\\Windows\\System32\\lsass.exe,0x0,0x0,Process created by CORP\dtorres: C:\\Windows\\System32\\lsass.exe,0,none,Internal,LAN,,
2026-04-26 23:37:10,WIN-SRV-APP01,Microsoft-Windows-Security-Auditing,Security,4624,An account was successfully logged on,LOCAL,dtorres,PC-RRHH-002,10.10.98.211,55144,2,C:\\Program Files\\Google\\Chrome\\Application\\chrome.exe,0x0,0x0,Successful logon for LOCAL\dtorres from 10.10.98.211 using logon type 2,0,none,Internal,LAN,,
2026-04-26 23:40:20,WIN-SRV-DC01,Microsoft-Windows-Security-Auditing,Security,4624,An account was successfully logged on,CORP,alopez,PC-RRHH-002,192.168.1.219,53624,7,C:\\Windows\\System32\\svchost.exe,0x0,0x0,Successful logon for CORP\alopez from 192.168.1.219 using logon type 7,0,none,Internal,LAN,,
2026-04-26 23:41:28,WIN-SRV-APP01,Microsoft-Windows-Security-Auditing,Security,4624,An account was successfully logged on,LOCAL,finanzas02,SRV-MON-001,10.10.152.168,51850,3,C:\\Windows\\System32\\WindowsPowerShell\\v1.0\\powershell.exe,0x0,0x0,Successful logon for LOCAL\finanzas02 from 10.10.152.168 using logon type 3,0,none,Internal,LAN,,
2026-04-26 23:41:42,WIN-SRV-FILE01,Microsoft-Windows-Security-Auditing,Security,4688,A new process has been created,EMPRESA,jperez,SRV-MON-001,10.10.21.131,55063,3,C:\\Windows\\System32\\winlogon.exe,0x0,0x0,Process created by EMPRESA\jperez: C:\\Windows\\System32\\winlogon.exe,0,none,Internal,LAN,,
2026-04-26 23:42:12,WIN11-SEC-022,Microsoft-Windows-Security-Auditing,Security,4634,An account was logged off,CORP,lcastro,PC-FIN-001,172.16.20.96,63776,10,C:\\Windows\\System32\\svchost.exe,0x0,0x0,Logoff for CORP\lcastro from workstation PC-FIN-001,0,none,Internal,LAN,,
2026-04-26 23:44:38,WIN-SRV-APP01,Microsoft-Windows-Security-Auditing,Security,4624,An account was successfully logged on,EMPRESA,svc_monitor,PC-RRHH-002,172.16.20.117,58191,3,C:\\Windows\\System32\\WindowsPowerShell\\v1.0\\powershell.exe,0x0,0x0,Successful logon for EMPRESA\svc_monitor from 172.16.20.117 using logon type 3,0,none,Internal,LAN,,
2026-04-26 23:45:48,WIN-SRV-FILE01,Microsoft-Windows-Security-Auditing,Security,4672,Special privileges assigned to new logon,EMPRESA,admin.ops,PC-FIN-001,172.16.20.246,60312,10,C:\\Windows\\System32\\lsass.exe,0x0,0x0,Special privileges assigned to EMPRESA\admin.ops,0,none,Internal,LAN,,
2026-04-26 23:46:37,WIN10-FIN-014,Microsoft-Windows-Security-Auditing,Security,4624,An account was successfully logged on,CORP,helpdesk01,LAP-GER-003,172.16.20.200,61853,10,C:\\Windows\\System32\\winlogon.exe,0x0,0x0,Successful logon for CORP\helpdesk01 from 172.16.20.200 using logon type 10,0,none,Internal,LAN,,
2026-04-26 23:47:13,WIN-SRV-DC01,Microsoft-Windows-Security-Auditing,Security,4648,A logon was attempted using explicit credentials,EMPRESA,lcastro,PC-RRHH-002,10.10.120.80,57564,10,C:\\Windows\\System32\\WindowsPowerShell\\v1.0\\powershell.exe,0x0,0x0,Explicit credentials used by EMPRESA\lcastro from PC-RRHH-002,0,none,Internal,LAN,,
2026-04-26 23:47:26,WIN11-SEC-022,Microsoft-Windows-Security-Auditing,Security,4688,A new process has been created,LOCAL,svc_monitor,PC-FIN-001,10.10.114.74,54139,2,C:\\Windows\\System32\\svchost.exe,0x0,0x0,Process created by LOCAL\svc_monitor: C:\\Windows\\System32\\svchost.exe,0,none,Internal,LAN,,
2026-04-26 23:48:20,WIN-SRV-FILE01,Microsoft-Windows-Security-Auditing,Security,4624,An account was successfully logged on,EMPRESA,admin.ops,PC-OPS-014,10.10.242.111,55743,10,C:\\Windows\\System32\\WindowsPowerShell\\v1.0\\powershell.exe,0x0,0x0,Successful logon for EMPRESA\admin.ops from 10.10.242.111 using logon type 10,0,none,Internal,LAN,,
2026-04-26 23:49:02,WIN-SRV-APP01,Microsoft-Windows-Security-Auditing,Security,4624,An account was successfully logged on,LOCAL,analista01,LAP-GER-003,172.16.20.1,59048,10,C:\\Windows\\System32\\WindowsPowerShell\\v1.0\\powershell.exe,0x0,0x0,Successful logon for LOCAL\analista01 from 172.16.20.1 using logon type 10,0,none,Internal,LAN,,
2026-04-26 23:50:12,WIN-SRV-APP01,Microsoft-Windows-Security-Auditing,Security,4624,An account was successfully logged on,LOCAL,crojas,LAP-GER-003,192.168.1.191,62589,10,C:\\Windows\\System32\\winlogon.exe,0x0,0x0,Successful logon for LOCAL\crojas from 192.168.1.191 using logon type 10,0,none,Internal,LAN,,
2026-04-26 23:51:43,WIN11-SEC-022,Microsoft-Windows-Security-Auditing,Security,4624,An account was successfully logged on,CORP,svc_monitor,PC-OPS-014,172.16.20.63,57106,10,C:\\Windows\\System32\\WindowsPowerShell\\v1.0\\powershell.exe,0x0,0x0,Successful logon for CORP\svc_monitor from 172.16.20.63 using logon type 10,0,none,Internal,LAN,,
2026-04-26 23:51:53,WIN10-FIN-014,Microsoft-Windows-Security-Auditing,Security,4624,An account was successfully logged on,CORP,admin.ops,SRV-MON-001,10.10.172.246,57288,3,C:\\Windows\\System32\\winlogon.exe,0x0,0x0,Successful logon for CORP\admin.ops from 10.10.172.246 using logon type 3,0,none,Internal,LAN,,
2026-04-26 23:52:20,WIN11-SEC-022,Microsoft-Windows-Security-Auditing,Security,4634,An account was logged off,EMPRESA,analista01,LAP-GER-003,10.10.51.170,50720,10,C:\\Windows\\System32\\cmd.exe,0x0,0x0,Logoff for EMPRESA\analista01 from workstation LAP-GER-003,0,none,Internal,LAN,,
2026-04-26 23:53:32,WIN-SRV-FILE01,Microsoft-Windows-Security-Auditing,Security,4634,An account was logged off,LOCAL,mgarcia,SRV-MON-001,10.10.57.233,61724,2,C:\\Windows\\System32\\lsass.exe,0x0,0x0,Logoff for LOCAL\mgarcia from workstation SRV-MON-001,0,none,Internal,LAN,,
2026-04-26 23:54:38,WIN10-FIN-014,Microsoft-Windows-Security-Auditing,Security,4624,An account was successfully logged on,LOCAL,admin.ops,PC-FIN-001,172.16.20.96,50999,2,C:\\Windows\\System32\\cmd.exe,0x0,0x0,Successful logon for LOCAL\admin.ops from 172.16.20.96 using logon type 2,0,none,Internal,LAN,,
2026-04-26 23:54:49,WIN-SRV-APP01,Microsoft-Windows-Security-Auditing,Security,4634,An account was logged off,CORP,alopez,PC-RRHH-002,192.168.1.158,62110,2,C:\\Windows\\System32\\svchost.exe,0x0,0x0,Logoff for CORP\alopez from workstation PC-RRHH-002,0,none,Internal,LAN,,
2026-04-26 23:57:29,WIN-SRV-APP01,Microsoft-Windows-Security-Auditing,Security,4624,An account was successfully logged on,EMPRESA,admin.ops,PC-OPS-014,192.168.1.9,50604,7,C:\\Windows\\System32\\lsass.exe,0x0,0x0,Successful logon for EMPRESA\admin.ops from 192.168.1.9 using logon type 7,0,none,Internal,LAN,,
2026-04-26 23:59:53,WIN10-FIN-014,Microsoft-Windows-Security-Auditing,Security,4648,A logon was attempted using explicit credentials,CORP,alopez,SRV-MON-001,192.168.1.189,54519,3,C:\\Windows\\System32\\svchost.exe,0x0,0x0,Explicit credentials used by CORP\alopez from SRV-MON-001,0,none,Internal,LAN,,
2026-04-27 00:00:52,WIN11-SEC-022,Microsoft-Windows-Security-Auditing,Security,4624,An account was successfully logged on,LOCAL,crojas,PC-RRHH-002,192.168.1.179,52675,3,C:\\Program Files\\Google\\Chrome\\Application\\chrome.exe,0x0,0x0,Successful logon for LOCAL\crojas from 192.168.1.179 using logon type 3,0,none,Internal,LAN,,
2026-04-27 00:02:13,WIN-SRV-APP01,Microsoft-Windows-Security-Auditing,Security,4624,An account was successfully logged on,EMPRESA,crojas,PC-OPS-014,172.16.20.189,62753,7,C:\\Windows\\System32\\svchost.exe,0x0,0x0,Successful logon for EMPRESA\crojas from 172.16.20.189 using logon type 7,0,none,Internal,LAN,,
2026-04-27 00:02:16,WIN-SRV-APP01,Microsoft-Windows-Security-Auditing,Security,4634,An account was logged off,CORP,mgarcia,PC-OPS-014,10.10.29.42,51324,3,C:\\Program Files\\Microsoft Defender\\MsMpEng.exe,0x0,0x0,Logoff for CORP\mgarcia from workstation PC-OPS-014,0,none,Internal,LAN,,
2026-04-27 00:03:50,WIN11-SEC-022,Microsoft-Windows-Security-Auditing,Security,4624,An account was successfully logged on,LOCAL,lcastro,PC-RRHH-002,192.168.1.231,64881,3,C:\\Program Files\\Google\\Chrome\\Application\\chrome.exe,0x0,0x0,Successful logon for LOCAL\lcastro from 192.168.1.231 using logon type 3,0,none,Internal,LAN,,
2026-04-27 00:04:13,WIN-SRV-APP01,Microsoft-Windows-Security-Auditing,Security,4624,An account was successfully logged on,EMPRESA,admin.ops,PC-FIN-001,10.10.33.98,49663,10,C:\\Program Files\\Google\\Chrome\\Application\\chrome.exe,0x0,0x0,Successful logon for EMPRESA\admin.ops from 10.10.33.98 using logon type 10,0,none,Internal,LAN,,
2026-04-27 00:05:20,WIN-SRV-DC01,Microsoft-Windows-Security-Auditing,Security,4624,An account was successfully logged on,LOCAL,alopez,PC-FIN-001,10.10.173.108,56768,2,C:\\Windows\\System32\\winlogon.exe,0x0,0x0,Successful logon for LOCAL\alopez from 10.10.173.108 using logon type 2,0,none,Internal,LAN,,
2026-04-27 00:07:54,WIN11-SEC-022,Microsoft-Windows-Security-Auditing,Security,4634,An account was logged off,EMPRESA,svc_monitor,PC-OPS-014,192.168.1.221,55054,2,C:\\Windows\\System32\\svchost.exe,0x0,0x0,Logoff for EMPRESA\svc_monitor from workstation PC-OPS-014,0,none,Internal,LAN,,
2026-04-27 00:08:16,WIN11-SEC-022,Microsoft-Windows-Security-Auditing,Security,4648,A logon was attempted using explicit credentials,LOCAL,svc_backup,SRV-MON-001,10.10.188.207,51385,3,C:\\Windows\\System32\\winlogon.exe,0x0,0x0,Explicit credentials used by LOCAL\svc_backup from SRV-MON-001,0,none,Internal,LAN,,
2026-04-27 00:08:38,WIN11-SEC-022,Microsoft-Windows-Security-Auditing,Security,4624,An account was successfully logged on,EMPRESA,analista01,PC-OPS-014,192.168.1.183,61747,10,C:\\Program Files\\Google\\Chrome\\Application\\chrome.exe,0x0,0x0,Successful logon for EMPRESA\analista01 from 192.168.1.183 using logon type 10,0,none,Internal,LAN,,
2026-04-27 00:09:02,WIN10-FIN-014,Microsoft-Windows-Security-Auditing,Security,4688,A new process has been created,CORP,dtorres,SRV-MON-001,192.168.1.182,60966,3,C:\\Windows\\System32\\WindowsPowerShell\\v1.0\\powershell.exe,0x0,0x0,Process created by CORP\dtorres: C:\\Windows\\System32\\WindowsPowerShell\\v1.0\\powershell.exe,0,none,Internal,LAN,,
2026-04-27 00:09:49,WIN10-FIN-014,Microsoft-Windows-Security-Auditing,Security,4634,An account was logged off,CORP,lcastro,LAP-GER-003,10.10.23.168,57742,2,C:\\Windows\\System32\\cmd.exe,0x0,0x0,Logoff for CORP\lcastro from workstation LAP-GER-003,0,none,Internal,LAN,,
2026-04-27 00:10:13,WIN10-FIN-014,Microsoft-Windows-Security-Auditing,Security,4624,An account was successfully logged on,CORP,analista01,SRV-MON-001,172.16.20.1,59929,3,C:\\Windows\\System32\\lsass.exe,0x0,0x0,Successful logon for CORP\analista01 from 172.16.20.1 using logon type 3,0,none,Internal,LAN,,
2026-04-27 00:11:56,WIN11-SEC-022,Microsoft-Windows-Security-Auditing,Security,4624,An account was successfully logged on,LOCAL,analista01,LAP-GER-003,172.16.20.137,59609,7,C:\\Windows\\System32\\lsass.exe,0x0,0x0,Successful logon for LOCAL\analista01 from 172.16.20.137 using logon type 7,0,none,Internal,LAN,,
2026-04-27 00:12:09,WIN-SRV-DC01,Microsoft-Windows-Security-Auditing,Security,4624,An account was successfully logged on,CORP,admin.ops,SRV-MON-001,172.16.20.217,63186,7,C:\\Windows\\System32\\winlogon.exe,0x0,0x0,Successful logon for CORP\admin.ops from 172.16.20.217 using logon type 7,0,none,Internal,LAN,,
2026-04-27 00:12:12,WIN-SRV-APP01,Microsoft-Windows-Security-Auditing,Security,4688,A new process has been created,CORP,crojas,LAP-GER-003,10.10.119.59,56968,2,C:\\Windows\\System32\\lsass.exe,0x0,0x0,Process created by CORP\crojas: C:\\Windows\\System32\\lsass.exe,0,none,Internal,LAN,,
2026-04-27 00:13:49,WIN10-FIN-014,Microsoft-Windows-Security-Auditing,Security,4688,A new process has been created,LOCAL,finanzas02,LAP-GER-003,172.16.20.28,59084,10,C:\\Windows\\System32\\winlogon.exe,0x0,0x0,Process created by LOCAL\finanzas02: C:\\Windows\\System32\\winlogon.exe,0,none,Internal,LAN,,
2026-04-27 00:15:45,WIN10-FIN-014,Microsoft-Windows-Security-Auditing,Security,4624,An account was successfully logged on,LOCAL,jperez,LAP-GER-003,172.16.20.95,53216,3,C:\\Program Files\\Google\\Chrome\\Application\\chrome.exe,0x0,0x0,Successful logon for LOCAL\jperez from 172.16.20.95 using logon type 3,0,none,Internal,LAN,,
2026-04-27 00:16:16,WIN-SRV-DC01,Microsoft-Windows-Security-Auditing,Security,4634,An account was logged off,CORP,admin.ops,LAP-GER-003,172.16.20.23,51759,10,C:\\Program Files\\Google\\Chrome\\Application\\chrome.exe,0x0,0x0,Logoff for CORP\admin.ops from workstation LAP-GER-003,0,none,Internal,LAN,,
2026-04-27 00:17:27,WIN-SRV-DC01,Microsoft-Windows-Security-Auditing,Security,4688,A new process has been created,LOCAL,alopez,PC-FIN-001,172.16.20.103,63108,3,C:\\Program Files\\Google\\Chrome\\Application\\chrome.exe,0x0,0x0,Process created by LOCAL\alopez: C:\\Program Files\\Google\\Chrome\\Application\\chrome.exe,0,none,Internal,LAN,,
2026-04-27 00:18:06,WIN11-SEC-022,Microsoft-Windows-Security-Auditing,Security,4624,An account was successfully logged on,CORP,analista01,PC-RRHH-002,10.10.92.92,51384,3,C:\\Windows\\System32\\cmd.exe,0x0,0x0,Successful logon for CORP\analista01 from 10.10.92.92 using logon type 3,0,none,Internal,LAN,,
2026-04-27 00:20:00,WIN10-FIN-014,Microsoft-Windows-Security-Auditing,Security,4688,A new process has been created,LOCAL,helpdesk01,PC-FIN-001,10.10.32.41,54133,7,C:\\Windows\\System32\\lsass.exe,0x0,0x0,Process created by LOCAL\helpdesk01: C:\\Windows\\System32\\lsass.exe,0,none,Internal,LAN,,
2026-04-27 00:20:38,WIN11-SEC-022,Microsoft-Windows-Security-Auditing,Security,4624,An account was successfully logged on,EMPRESA,alopez,SRV-MON-001,192.168.1.2,52914,2,C:\\Windows\\System32\\winlogon.exe,0x0,0x0,Successful logon for EMPRESA\alopez from 192.168.1.2 using logon type 2,0,none,Internal,LAN,,
2026-04-27 00:21:01,WIN-SRV-FILE01,Microsoft-Windows-Security-Auditing,Security,4672,Special privileges assigned to new logon,EMPRESA,dtorres,SRV-MON-001,10.10.246.28,56070,3,C:\\Windows\\System32\\WindowsPowerShell\\v1.0\\powershell.exe,0x0,0x0,Special privileges assigned to EMPRESA\dtorres,0,none,Internal,LAN,,
2026-04-27 00:22:09,WIN10-FIN-014,Microsoft-Windows-Security-Auditing,Security,4688,A new process has been created,CORP,admin.ops,SRV-MON-001,10.10.36.14,64949,3,C:\\Program Files\\Microsoft Defender\\MsMpEng.exe,0x0,0x0,Process created by CORP\admin.ops: C:\\Program Files\\Microsoft Defender\\MsMpEng.exe,0,none,Internal,LAN,,
2026-04-27 00:26:40,WIN-SRV-FILE01,Microsoft-Windows-Security-Auditing,Security,4688,A new process has been created,EMPRESA,helpdesk01,PC-FIN-001,10.10.99.209,57324,3,C:\\Program Files\\Microsoft Defender\\MsMpEng.exe,0x0,0x0,Process created by EMPRESA\helpdesk01: C:\\Program Files\\Microsoft Defender\\MsMpEng.exe,0,none,Internal,LAN,,
2026-04-27 00:27:00,WIN-SRV-DC01,Microsoft-Windows-Security-Auditing,Security,4688,A new process has been created,LOCAL,dtorres,PC-OPS-014,192.168.1.65,63952,2,C:\\Program Files\\Microsoft Defender\\MsMpEng.exe,0x0,0x0,Process created by LOCAL\dtorres: C:\\Program Files\\Microsoft Defender\\MsMpEng.exe,0,none,Internal,LAN,,
2026-04-27 00:28:30,WIN11-SEC-022,Microsoft-Windows-Security-Auditing,Security,4672,Special privileges assigned to new logon,LOCAL,jperez,LAP-GER-003,10.10.156.54,61742,2,C:\\Windows\\System32\\cmd.exe,0x0,0x0,Special privileges assigned to LOCAL\jperez,0,none,Internal,LAN,,
2026-04-27 00:29:47,WIN-SRV-DC01,Microsoft-Windows-Security-Auditing,Security,4624,An account was successfully logged on,LOCAL,alopez,LAP-GER-003,172.16.20.183,53310,7,C:\\Program Files\\Microsoft Defender\\MsMpEng.exe,0x0,0x0,Successful logon for LOCAL\alopez from 172.16.20.183 using logon type 7,0,none,Internal,LAN,,
2026-04-27 00:30:06,WIN11-SEC-022,Microsoft-Windows-Security-Auditing,Security,4634,An account was logged off,EMPRESA,jperez,PC-OPS-014,172.16.20.113,57053,2,C:\\Windows\\System32\\winlogon.exe,0x0,0x0,Logoff for EMPRESA\jperez from workstation PC-OPS-014,0,none,Internal,LAN,,
2026-04-27 00:34:36,WIN-SRV-APP01,Microsoft-Windows-Security-Auditing,Security,4634,An account was logged off,EMPRESA,helpdesk01,LAP-GER-003,172.16.20.123,64494,7,C:\\Program Files\\Microsoft Defender\\MsMpEng.exe,0x0,0x0,Logoff for EMPRESA\helpdesk01 from workstation LAP-GER-003,0,none,Internal,LAN,,
2026-04-27 00:36:05,WIN-SRV-FILE01,Microsoft-Windows-Security-Auditing,Security,4624,An account was successfully logged on,CORP,admin.ops,LAP-GER-003,192.168.1.119,52199,7,C:\\Program Files\\Microsoft Defender\\MsMpEng.exe,0x0,0x0,Successful logon for CORP\admin.ops from 192.168.1.119 using logon type 7,0,none,Internal,LAN,,
2026-04-27 00:36:06,WIN-SRV-FILE01,Microsoft-Windows-Security-Auditing,Security,4688,A new process has been created,LOCAL,finanzas02,PC-RRHH-002,172.16.20.254,62673,10,C:\\Program Files\\Microsoft Defender\\MsMpEng.exe,0x0,0x0,Process created by LOCAL\finanzas02: C:\\Program Files\\Microsoft Defender\\MsMpEng.exe,0,none,Internal,LAN,,
2026-04-27 00:37:13,WIN10-FIN-014,Microsoft-Windows-Security-Auditing,Security,4624,An account was successfully logged on,LOCAL,mgarcia,PC-FIN-001,192.168.1.1,60492,2,C:\\Windows\\System32\\winlogon.exe,0x0,0x0,Successful logon for LOCAL\mgarcia from 192.168.1.1 using logon type 2,0,none,Internal,LAN,,
2026-04-27 00:38:12,WIN-SRV-FILE01,Microsoft-Windows-Security-Auditing,Security,4688,A new process has been created,LOCAL,jperez,LAP-GER-003,192.168.1.77,62600,7,C:\\Program Files\\Microsoft Defender\\MsMpEng.exe,0x0,0x0,Process created by LOCAL\jperez: C:\\Program Files\\Microsoft Defender\\MsMpEng.exe,0,none,Internal,LAN,,
2026-04-27 00:38:55,WIN-SRV-DC01,Microsoft-Windows-Security-Auditing,Security,4624,An account was successfully logged on,EMPRESA,jperez,PC-OPS-014,172.16.20.30,60080,3,C:\\Program Files\\Google\\Chrome\\Application\\chrome.exe,0x0,0x0,Successful logon for EMPRESA\jperez from 172.16.20.30 using logon type 3,0,none,Internal,LAN,,
2026-04-27 00:39:42,WIN11-SEC-022,Microsoft-Windows-Security-Auditing,Security,4648,A logon was attempted using explicit credentials,LOCAL,dtorres,PC-FIN-001,172.16.20.175,55158,2,C:\\Windows\\System32\\lsass.exe,0x0,0x0,Explicit credentials used by LOCAL\dtorres from PC-FIN-001,0,none,Internal,LAN,,
2026-04-27 00:39:59,WIN-SRV-DC01,Microsoft-Windows-Security-Auditing,Security,4624,An account was successfully logged on,EMPRESA,alopez,PC-OPS-014,192.168.1.240,60920,2,C:\\Windows\\System32\\WindowsPowerShell\\v1.0\\powershell.exe,0x0,0x0,Successful logon for EMPRESA\alopez from 192.168.1.240 using logon type 2,0,none,Internal,LAN,,
2026-04-27 00:40:44,WIN11-SEC-022,Microsoft-Windows-Security-Auditing,Security,4624,An account was successfully logged on,EMPRESA,alopez,PC-OPS-014,192.168.1.79,52908,3,C:\\Windows\\System32\\lsass.exe,0x0,0x0,Successful logon for EMPRESA\alopez from 192.168.1.79 using logon type 3,0,none,Internal,LAN,,
2026-04-27 00:41:00,WIN-SRV-DC01,Microsoft-Windows-Security-Auditing,Security,4624,An account was successfully logged on,CORP,svc_backup,SRV-MON-001,172.16.20.233,57913,7,C:\\Program Files\\Microsoft Defender\\MsMpEng.exe,0x0,0x0,Successful logon for CORP\svc_backup from 172.16.20.233 using logon type 7,0,none,Internal,LAN,,
2026-04-27 00:42:55,WIN-SRV-FILE01,Microsoft-Windows-Security-Auditing,Security,4624,An account was successfully logged on,CORP,mgarcia,PC-OPS-014,10.10.14.33,64811,2,C:\\Program Files\\Google\\Chrome\\Application\\chrome.exe,0x0,0x0,Successful logon for CORP\mgarcia from 10.10.14.33 using logon type 2,0,none,Internal,LAN,,
2026-04-27 00:44:13,WIN-SRV-APP01,Microsoft-Windows-Security-Auditing,Security,4624,An account was successfully logged on,CORP,jperez,SRV-MON-001,192.168.1.224,53886,10,C:\\Windows\\System32\\winlogon.exe,0x0,0x0,Successful logon for CORP\jperez from 192.168.1.224 using logon type 10,0,none,Internal,LAN,,
2026-04-27 00:45:40,WIN-SRV-FILE01,Microsoft-Windows-Security-Auditing,Security,4624,An account was successfully logged on,CORP,jperez,PC-RRHH-002,192.168.1.28,60072,7,C:\\Program Files\\Google\\Chrome\\Application\\chrome.exe,0x0,0x0,Successful logon for CORP\jperez from 192.168.1.28 using logon type 7,0,none,Internal,LAN,,
2026-04-27 00:47:01,WIN-SRV-DC01,Microsoft-Windows-Security-Auditing,Security,4672,Special privileges assigned to new logon,LOCAL,svc_backup,SRV-MON-001,10.10.123.132,63227,7,C:\\Windows\\System32\\lsass.exe,0x0,0x0,Special privileges assigned to LOCAL\svc_backup,0,none,Internal,LAN,,
2026-04-27 00:50:18,WIN11-SEC-022,Microsoft-Windows-Security-Auditing,Security,4688,A new process has been created,EMPRESA,lcastro,PC-RRHH-002,10.10.182.227,57234,7,C:\\Windows\\System32\\winlogon.exe,0x0,0x0,Process created by EMPRESA\lcastro: C:\\Windows\\System32\\winlogon.exe,0,none,Internal,LAN,,
2026-04-27 00:50:32,WIN10-FIN-014,Microsoft-Windows-Security-Auditing,Security,4634,An account was logged off,LOCAL,svc_backup,PC-OPS-014,192.168.1.156,60784,3,C:\\Windows\\System32\\WindowsPowerShell\\v1.0\\powershell.exe,0x0,0x0,Logoff for LOCAL\svc_backup from workstation PC-OPS-014,0,none,Internal,LAN,,
2026-04-27 00:50:40,WIN-SRV-APP01,Microsoft-Windows-Security-Auditing,Security,4624,An account was successfully logged on,CORP,helpdesk01,LAP-GER-003,10.10.103.34,53756,2,C:\\Windows\\System32\\svchost.exe,0x0,0x0,Successful logon for CORP\helpdesk01 from 10.10.103.34 using logon type 2,0,none,Internal,LAN,,
2026-04-27 00:51:21,WIN-SRV-APP01,Microsoft-Windows-Security-Auditing,Security,4624,An account was successfully logged on,EMPRESA,helpdesk01,PC-OPS-014,192.168.1.132,55006,10,C:\\Program Files\\Microsoft Defender\\MsMpEng.exe,0x0,0x0,Successful logon for EMPRESA\helpdesk01 from 192.168.1.132 using logon type 10,0,none,Internal,LAN,,
2026-04-27 00:52:20,WIN-SRV-FILE01,Microsoft-Windows-Security-Auditing,Security,4634,An account was logged off,EMPRESA,jperez,PC-OPS-014,172.16.20.65,49696,3,C:\\Windows\\System32\\svchost.exe,0x0,0x0,Logoff for EMPRESA\jperez from workstation PC-OPS-014,0,none,Internal,LAN,,
2026-04-27 00:54:16,WIN-SRV-APP01,Microsoft-Windows-Security-Auditing,Security,4624,An account was successfully logged on,LOCAL,jperez,SRV-MON-001,10.10.181.123,52500,3,C:\\Windows\\System32\\WindowsPowerShell\\v1.0\\powershell.exe,0x0,0x0,Successful logon for LOCAL\jperez from 10.10.181.123 using logon type 3,0,none,Internal,LAN,,
2026-04-27 00:55:02,WIN10-FIN-014,Microsoft-Windows-Security-Auditing,Security,4672,Special privileges assigned to new logon,EMPRESA,crojas,LAP-GER-003,10.10.71.99,56679,7,C:\\Program Files\\Google\\Chrome\\Application\\chrome.exe,0x0,0x0,Special privileges assigned to EMPRESA\crojas,0,none,Internal,LAN,,
2026-04-27 00:55:12,WIN-SRV-APP01,Microsoft-Windows-Security-Auditing,Security,4624,An account was successfully logged on,LOCAL,helpdesk01,PC-FIN-001,192.168.1.179,51836,2,C:\\Windows\\System32\\cmd.exe,0x0,0x0,Successful logon for LOCAL\helpdesk01 from 192.168.1.179 using logon type 2,0,none,Internal,LAN,,
2026-04-27 00:55:55,WIN11-SEC-022,Microsoft-Windows-Security-Auditing,Security,4624,An account was successfully logged on,CORP,finanzas02,PC-OPS-014,172.16.20.187,58026,3,C:\\Windows\\System32\\winlogon.exe,0x0,0x0,Successful logon for CORP\finanzas02 from 172.16.20.187 using logon type 3,0,none,Internal,LAN,,
2026-04-27 00:56:45,WIN-SRV-FILE01,Microsoft-Windows-Security-Auditing,Security,4624,An account was successfully logged on,LOCAL,admin.ops,SRV-MON-001,192.168.1.142,59307,2,C:\\Windows\\System32\\WindowsPowerShell\\v1.0\\powershell.exe,0x0,0x0,Successful logon for LOCAL\admin.ops from 192.168.1.142 using logon type 2,0,none,Internal,LAN,,
2026-04-27 00:58:31,WIN-SRV-FILE01,Microsoft-Windows-Security-Auditing,Security,4634,An account was logged off,LOCAL,crojas,SRV-MON-001,10.10.14.152,61685,3,C:\\Windows\\System32\\WindowsPowerShell\\v1.0\\powershell.exe,0x0,0x0,Logoff for LOCAL\crojas from workstation SRV-MON-001,0,none,Internal,LAN,,
2026-04-27 00:58:35,WIN10-FIN-014,Microsoft-Windows-Security-Auditing,Security,4634,An account was logged off,EMPRESA,svc_monitor,PC-OPS-014,10.10.145.99,60164,2,C:\\Windows\\System32\\winlogon.exe,0x0,0x0,Logoff for EMPRESA\svc_monitor from workstation PC-OPS-014,0,none,Internal,LAN,,
2026-04-27 01:01:54,WIN11-SEC-022,Microsoft-Windows-Security-Auditing,Security,4624,An account was successfully logged on,LOCAL,jperez,LAP-GER-003,10.10.45.135,49158,3,C:\\Windows\\System32\\cmd.exe,0x0,0x0,Successful logon for LOCAL\jperez from 10.10.45.135 using logon type 3,0,none,Internal,LAN,,
2026-04-27 01:02:02,WIN-SRV-APP01,Microsoft-Windows-Security-Auditing,Security,4634,An account was logged off,CORP,finanzas02,PC-OPS-014,192.168.1.42,52673,3,C:\\Windows\\System32\\winlogon.exe,0x0,0x0,Logoff for CORP\finanzas02 from workstation PC-OPS-014,0,none,Internal,LAN,,
2026-04-27 01:02:19,WIN-SRV-DC01,Microsoft-Windows-Security-Auditing,Security,4624,An account was successfully logged on,EMPRESA,alopez,PC-OPS-014,192.168.1.84,59105,2,C:\\Program Files\\Microsoft Defender\\MsMpEng.exe,0x0,0x0,Successful logon for EMPRESA\alopez from 192.168.1.84 using logon type 2,0,none,Internal,LAN,,
2026-04-27 01:02:51,WIN-SRV-FILE01,Microsoft-Windows-Security-Auditing,Security,4624,An account was successfully logged on,LOCAL,crojas,PC-FIN-001,192.168.1.156,55785,7,C:\\Program Files\\Google\\Chrome\\Application\\chrome.exe,0x0,0x0,Successful logon for LOCAL\crojas from 192.168.1.156 using logon type 7,0,none,Internal,LAN,,
