2026-04-26 02:25:38,WIN-SRV-DC01,Microsoft-Windows-Security-Auditing,Security,4688,A new process has been created,LOCAL,usuario,UNKNOWN,198.51.100.197,40952,10,"C:\\Windows\\System32\\rundll32.exe javascript:\\..\\mshtml,RunHTMLApplication",0x0,0x0,"Suspicious process execution by LOCAL\usuario: C:\\Windows\\System32\\rundll32.exe javascript:\\..\\mshtml,RunHTMLApplication",1,suspicious_process_execution,Peru,Lima,-11.66924,-76.89936
2026-04-26 02:25:51,WIN11-SEC-022,Microsoft-Windows-Security-Auditing,Security,4688,A new process has been created,LOCAL,root,UNKNOWN,198.51.100.186,21552,2,C:\\Windows\\System32\\WindowsPowerShell\\v1.0\\powershell.exe -enc JABXAGMAbABpAGUAbgB0,0x0,0x0,Suspicious process execution by LOCAL\root: C:\\Windows\\System32\\WindowsPowerShell\\v1.0\\powershell.exe -enc JABXAGMAbABpAGUAbgB0,1,suspicious_process_execution,Chile,Santiago,-33.76701,-70.7273
2026-04-26 02:26:20,WIN-SRV-APP01,Microsoft-Windows-Security-Auditing,Security,4624,An account was successfully logged on,CORP,analista01,PC-OPS-014,172.16.20.61,58648,3,C:\\Program Files\\Microsoft Defender\\MsMpEng.exe,0x0,0x0,Successful logon for CORP\analista01 from 172.16.20.61 using logon type 3,0,none,Internal,LAN,,
2026-04-26 02:26:22,WIN-SRV-APP01,Microsoft-Windows-Security-Auditing,Security,4688,A new process has been created,CORP,administrator,KALI,192.0.2.158,49338,10,C:\\Windows\\System32\\reg.exe save HKLM\\SAM C:\\Temp\\sam.save,0x0,0x0,Suspicious process execution by CORP\administrator: C:\\Windows\\System32\\reg.exe save HKLM\\SAM C:\\Temp\\sam.save,1,suspicious_process_execution,Japan,Tokyo,35.67129,139.27252
2026-04-26 02:26:38,WIN-SRV-FILE01,Microsoft-Windows-Security-Auditing,Security,4625,An account failed to log on,CORP,usuario,-,192.0.2.140,51290,3,C:\\Program Files\\Google\\Chrome\\Application\\chrome.exe,0xC000006D,0xC0000064,Failed logon for CORP\usuario from 192.0.2.140; possible brute force,1,brute_force_logon,Spain,Madrid,40.64702,-3.35787
2026-04-26 02:26:47,WIN-SRV-DC01,Microsoft-Windows-Security-Auditing,Security,4688,A new process has been created,LOCAL,lcastro,PC-RRHH-002,10.10.3.50,55839,3,C:\\Windows\\System32\\cmd.exe,0x0,0x0,Process created by LOCAL\lcastro: C:\\Windows\\System32\\cmd.exe,0,none,Internal,LAN,,
2026-04-26 02:27:20,WIN-SRV-DC01,Microsoft-Windows-Security-Auditing,Security,4624,An account was successfully logged on,LOCAL,jperez,PC-FIN-001,192.168.1.149,57415,10,C:\\Windows\\System32\\lsass.exe,0x0,0x0,Successful logon for LOCAL\jperez from 192.168.1.149 using logon type 10,0,none,Internal,LAN,,
2026-04-26 02:27:51,WIN10-FIN-014,Microsoft-Windows-Security-Auditing,Security,4625,An account failed to log on,CORP,sqladmin,-,203.0.113.229,43551,10,C:\\Windows\\System32\\svchost.exe,0xC000006D,0xC0000064,Failed logon for CORP\sqladmin from 203.0.113.229; possible brute force,1,brute_force_logon,Chile,Santiago,-33.70251,-70.9423
2026-04-26 02:28:13,WIN-SRV-DC01,Microsoft-Windows-Security-Auditing,Security,4688,A new process has been created,EMPRESA,svc_monitor,SRV-MON-001,172.16.20.67,53704,3,C:\\Program Files\\Microsoft Defender\\MsMpEng.exe,0x0,0x0,Process created by EMPRESA\svc_monitor: C:\\Program Files\\Microsoft Defender\\MsMpEng.exe,0,none,Internal,LAN,,
2026-04-26 02:28:59,WIN-SRV-FILE01,Microsoft-Windows-Security-Auditing,Security,4625,An account failed to log on,LOCAL,backup,ATTACKBOX,198.51.100.239,63168,3,C:\\Program Files\\Microsoft Defender\\MsMpEng.exe,0xC000006D,0xC000006A,Failed logon from 198.51.100.239 against multiple users; possible password spray,1,password_spray,Argentina,Buenos Aires,-34.60249,-58.74289
2026-04-26 02:29:20,WIN11-SEC-022,Microsoft-Windows-Security-Auditing,Security,4688,A new process has been created,LOCAL,crojas,PC-FIN-001,10.10.7.222,55441,3,C:\\Program Files\\Google\\Chrome\\Application\\chrome.exe,0x0,0x0,Process created by LOCAL\crojas: C:\\Program Files\\Google\\Chrome\\Application\\chrome.exe,0,none,Internal,LAN,,
2026-04-26 02:30:55,WIN-SRV-DC01,Microsoft-Windows-Security-Auditing,Security,4625,An account failed to log on,EMPRESA,guest,ATTACKBOX,198.51.100.58,46093,3,C:\\Windows\\System32\\lsass.exe,0xC000006D,0xC000006A,Failed logon for EMPRESA\guest from 198.51.100.58; possible brute force,1,brute_force_logon,Australia,Sydney,-33.44207,150.89272
2026-04-26 02:31:20,WIN10-FIN-014,Microsoft-Windows-Security-Auditing,Security,4624,An account was successfully logged on,LOCAL,svc_monitor,PC-RRHH-002,172.16.20.56,56684,2,C:\\Program Files\\Google\\Chrome\\Application\\chrome.exe,0x0,0x0,Successful logon for LOCAL\svc_monitor from 172.16.20.56 using logon type 2,0,none,Internal,LAN,,
2026-04-26 02:31:35,WIN-SRV-FILE01,Microsoft-Windows-Security-Auditing,Security,4624,An account was successfully logged on,EMPRESA,mgarcia,PC-FIN-001,192.168.1.4,53432,2,C:\\Program Files\\Google\\Chrome\\Application\\chrome.exe,0x0,0x0,Successful logon for EMPRESA\mgarcia from 192.168.1.4 using logon type 2,0,none,Internal,LAN,,
2026-04-26 02:31:45,WIN10-FIN-014,Microsoft-Windows-Security-Auditing,Security,4625,An account failed to log on,EMPRESA,sqladmin,UNKNOWN,203.0.113.145,44437,10,C:\\Windows\\System32\\winlogon.exe,0xC000006A,0xC000006A,Failed logon for EMPRESA\sqladmin from 203.0.113.145; possible brute force,1,brute_force_logon,Netherlands,Amsterdam,52.01896,4.71598
2026-04-26 02:32:27,WIN10-FIN-014,Microsoft-Windows-Security-Auditing,Security,4688,A new process has been created,LOCAL,jperez,SRV-MON-001,10.10.38.92,53744,3,C:\\Windows\\System32\\lsass.exe,0x0,0x0,Process created by LOCAL\jperez: C:\\Windows\\System32\\lsass.exe,0,none,Internal,LAN,,
2026-04-26 02:32:33,WIN-SRV-FILE01,Microsoft-Windows-Security-Auditing,Security,4688,A new process has been created,LOCAL,jperez,SRV-MON-001,172.16.20.228,58462,7,C:\\Windows\\System32\\WindowsPowerShell\\v1.0\\powershell.exe,0x0,0x0,Process created by LOCAL\jperez: C:\\Windows\\System32\\WindowsPowerShell\\v1.0\\powershell.exe,0,none,Internal,LAN,,
2026-04-26 02:32:48,WIN10-FIN-014,Microsoft-Windows-Security-Auditing,Security,4624,An account was successfully logged on,EMPRESA,administrator,KALI,203.0.113.1,31542,3,C:\\Windows\\System32\\lsass.exe,0x0,0x0,Successful remote administrative logon for EMPRESA\administrator from external IP 203.0.113.1,1,suspicious_admin_logon,China,Shanghai,31.05888,121.71515
2026-04-26 02:33:29,WIN10-FIN-014,Microsoft-Windows-Security-Auditing,Security,4624,An account was successfully logged on,LOCAL,finanzas02,PC-RRHH-002,192.168.1.9,55257,3,C:\\Windows\\System32\\WindowsPowerShell\\v1.0\\powershell.exe,0x0,0x0,Successful logon for LOCAL\finanzas02 from 192.168.1.9 using logon type 3,0,none,Internal,LAN,,
2026-04-26 02:33:53,WIN-SRV-APP01,Microsoft-Windows-Security-Auditing,Security,4624,An account was successfully logged on,LOCAL,dtorres,PC-FIN-001,172.16.20.212,52537,3,C:\\Program Files\\Microsoft Defender\\MsMpEng.exe,0x0,0x0,Successful logon for LOCAL\dtorres from 172.16.20.212 using logon type 3,0,none,Internal,LAN,,
2026-04-26 02:34:23,WIN10-FIN-014,Microsoft-Windows-Security-Auditing,Security,4625,An account failed to log on,EMPRESA,usuario,-,192.0.2.59,33223,10,C:\\Program Files\\Google\\Chrome\\Application\\chrome.exe,0xC000006D,0xC000006A,Failed logon from 192.0.2.59 against multiple users; possible password spray,1,password_spray,Netherlands,Amsterdam,52.45672,5.06812
2026-04-26 02:35:42,WIN-SRV-DC01,Microsoft-Windows-Security-Auditing,Security,4624,An account was successfully logged on,LOCAL,lcastro,LAP-GER-003,192.168.1.9,53212,2,C:\\Windows\\System32\\lsass.exe,0x0,0x0,Successful logon for LOCAL\lcastro from 192.168.1.9 using logon type 2,0,none,Internal,LAN,,
2026-04-26 02:35:58,WIN10-FIN-014,Microsoft-Windows-Security-Auditing,Security,4625,An account failed to log on,EMPRESA,administrator,UNKNOWN,198.51.100.64,51488,3,C:\\Program Files\\Microsoft Defender\\MsMpEng.exe,0xC000006A,0xC000006A,Failed logon for EMPRESA\administrator from 198.51.100.64; possible brute force,1,brute_force_logon,Russia,Moscow,55.44715,37.31729
2026-04-26 02:36:13,WIN10-FIN-014,Microsoft-Windows-Security-Auditing,Security,4726,A user account was deleted,LOCAL,mgarcia,ATTACKBOX,203.0.113.166,16073,3,C:\\Program Files\\Google\\Chrome\\Application\\chrome.exe,0x0,0x0,User account deleted unexpectedly: LOCAL\mgarcia from 203.0.113.166,1,account_deleted,Netherlands,Amsterdam,52.2883,5.20689
2026-04-26 02:36:24,WIN-SRV-FILE01,Microsoft-Windows-Security-Auditing,Security,4624,An account was successfully logged on,EMPRESA,administrator,KALI,192.0.2.95,26013,3,C:\\Program Files\\Microsoft Defender\\MsMpEng.exe,0x0,0x0,Successful remote administrative logon for EMPRESA\administrator from external IP 192.0.2.95,1,suspicious_admin_logon,Russia,Moscow,55.48788,37.82647
2026-04-26 02:36:29,WIN11-SEC-022,Microsoft-Windows-Security-Auditing,Security,4732,A member was added to a security-enabled local group,LOCAL,soporte,-,198.51.100.169,16535,2,C:\\Program Files\\Google\\Chrome\\Application\\chrome.exe,0x0,0x0,Account LOCAL\soporte added to local Administrators group from 198.51.100.169,1,admin_group_membership_added,Russia,Moscow,55.49867,37.87608
2026-04-26 02:36:36,WIN-SRV-FILE01,Microsoft-Windows-Security-Auditing,Security,4625,An account failed to log on,EMPRESA,test,WIN-RDP,198.51.100.245,24196,10,C:\\Windows\\System32\\cmd.exe,0xC000006D,0xC000006A,Failed logon from 198.51.100.245 against multiple users; possible password spray,1,password_spray,Peru,Lima,-12.23464,-76.8424
2026-04-26 02:37:29,WIN-SRV-DC01,Microsoft-Windows-Security-Auditing,Security,4688,A new process has been created,EMPRESA,sqladmin,WIN-RDP,192.0.2.34,13625,2,C:\\Windows\\System32\\cmd.exe /c whoami && net user,0x0,0x0,Suspicious process execution by EMPRESA\sqladmin: C:\\Windows\\System32\\cmd.exe /c whoami && net user,1,suspicious_process_execution,Australia,Sydney,-33.73272,150.98609
2026-04-26 02:37:35,WIN-SRV-DC01,Microsoft-Windows-Security-Auditing,Security,4732,A member was added to a security-enabled local group,EMPRESA,guest,UNKNOWN,192.0.2.158,27787,7,C:\\Windows\\System32\\cmd.exe,0x0,0x0,Account EMPRESA\guest added to local Administrators group from 192.0.2.158,1,admin_group_membership_added,Germany,Frankfurt,50.16403,8.94703
2026-04-26 02:37:57,WIN11-SEC-022,Microsoft-Windows-Security-Auditing,Security,4625,An account failed to log on,LOCAL,backup,-,203.0.113.231,11222,10,C:\\Windows\\System32\\lsass.exe,0xC000006D,0xC0000064,Failed logon for LOCAL\backup from 203.0.113.231; possible brute force,1,brute_force_logon,Russia,Moscow,55.65134,37.74486
2026-04-26 02:38:30,WIN-SRV-DC01,Microsoft-Windows-Security-Auditing,Security,4624,An account was successfully logged on,CORP,mgarcia,SRV-MON-001,192.168.1.138,55984,2,C:\\Windows\\System32\\cmd.exe,0x0,0x0,Successful logon for CORP\mgarcia from 192.168.1.138 using logon type 2,0,none,Internal,LAN,,
2026-04-26 02:38:44,WIN-SRV-FILE01,Microsoft-Windows-Security-Auditing,Security,4624,An account was successfully logged on,LOCAL,alopez,PC-OPS-014,10.10.62.149,59664,3,C:\\Windows\\System32\\lsass.exe,0x0,0x0,Successful logon for LOCAL\alopez from 10.10.62.149 using logon type 3,0,none,Internal,LAN,,
2026-04-26 02:38:54,WIN-SRV-DC01,Microsoft-Windows-Security-Auditing,Security,4634,An account was logged off,CORP,crojas,LAP-GER-003,192.168.1.231,49448,10,C:\\Windows\\System32\\svchost.exe,0x0,0x0,Logoff for CORP\crojas from workstation LAP-GER-003,0,none,Internal,LAN,,
2026-04-26 02:39:20,WIN-SRV-DC01,Microsoft-Windows-Security-Auditing,Security,4625,An account failed to log on,EMPRESA,sqladmin,-,192.0.2.169,11021,3,C:\\Windows\\System32\\cmd.exe,0xC000006D,0xC000006A,Failed logon for EMPRESA\sqladmin from 192.0.2.169; possible brute force,1,brute_force_logon,South Africa,Johannesburg,-26.42525,28.07848
2026-04-26 02:39:26,WIN-SRV-DC01,Microsoft-Windows-Security-Auditing,Security,4625,An account failed to log on,LOCAL,guest,UNKNOWN,198.51.100.129,63940,10,C:\\Windows\\System32\\lsass.exe,0xC000006D,0xC000006A,Failed logon from 198.51.100.129 against multiple users; possible password spray,1,password_spray,China,Shanghai,31.06546,121.51497
2026-04-26 02:39:30,WIN-SRV-APP01,Microsoft-Windows-Security-Auditing,Security,4625,An account failed to log on,CORP,oracle,ATTACKBOX,192.0.2.2,40798,3,C:\\Program Files\\Google\\Chrome\\Application\\chrome.exe,0xC000006D,0xC000006A,Failed logon from 192.0.2.2 against multiple users; possible password spray,1,password_spray,Peru,Lima,-12.25813,-76.87947
2026-04-26 02:39:43,WIN-SRV-DC01,Microsoft-Windows-Security-Auditing,Security,4672,Special privileges assigned to new logon,EMPRESA,administrator,KALI,192.0.2.44,51705,2,C:\\Windows\\System32\\cmd.exe,0x0,0x0,Special privileges assigned to suspicious account EMPRESA\administrator from 192.0.2.44,1,privilege_escalation,Germany,Frankfurt,50.25304,8.36484
2026-04-26 02:39:54,WIN10-FIN-014,Microsoft-Windows-Security-Auditing,Security,4625,An account failed to log on,LOCAL,root,ATTACKBOX,203.0.113.199,47427,3,C:\\Windows\\System32\\cmd.exe,0xC000006D,0xC000006A,Failed logon from 203.0.113.199 against multiple users; possible password spray,1,password_spray,Australia,Sydney,-33.75838,151.41917
2026-04-26 02:40:01,WIN10-FIN-014,Microsoft-Windows-Security-Auditing,Security,4624,An account was successfully logged on,EMPRESA,svc_backup,PC-RRHH-002,192.168.1.154,65380,7,C:\\Program Files\\Google\\Chrome\\Application\\chrome.exe,0x0,0x0,Successful logon for EMPRESA\svc_backup from 192.168.1.154 using logon type 7,0,none,Internal,LAN,,
2026-04-26 02:41:34,WIN-SRV-APP01,Microsoft-Windows-Security-Auditing,Security,4624,An account was successfully logged on,CORP,dtorres,LAP-GER-003,10.10.216.29,63338,7,C:\\Program Files\\Google\\Chrome\\Application\\chrome.exe,0x0,0x0,Successful logon for CORP\dtorres from 10.10.216.29 using logon type 7,0,none,Internal,LAN,,
2026-04-26 02:41:50,WIN10-FIN-014,Microsoft-Windows-Security-Auditing,Security,4625,An account failed to log on,LOCAL,administrator,UNKNOWN,192.0.2.148,36826,3,C:\\Program Files\\Google\\Chrome\\Application\\chrome.exe,0xC000006D,0xC000006A,Failed logon from 192.0.2.148 against multiple users; possible password spray,1,password_spray,Japan,Tokyo,36.03401,139.60898
2026-04-26 02:42:08,WIN10-FIN-014,Microsoft-Windows-Security-Auditing,Security,4726,A user account was deleted,LOCAL,admin.ops,KALI,203.0.113.212,45438,10,C:\\Program Files\\Microsoft Defender\\MsMpEng.exe,0x0,0x0,User account deleted unexpectedly: LOCAL\admin.ops from 203.0.113.212,1,account_deleted,Spain,Madrid,40.28304,-3.90788
2026-04-26 02:42:15,WIN-SRV-DC01,Microsoft-Windows-Security-Auditing,Security,4688,A new process has been created,CORP,backup,WIN-RDP,192.0.2.233,59620,2,C:\\Windows\\Temp\\update.exe,0x0,0x0,Suspicious process execution by CORP\backup: C:\\Windows\\Temp\\update.exe,1,suspicious_process_execution,Argentina,Buenos Aires,-34.48188,-58.04782
2026-04-26 02:42:20,WIN10-FIN-014,Microsoft-Windows-Security-Auditing,Security,4726,A user account was deleted,LOCAL,analista01,-,192.0.2.100,60469,2,C:\\Windows\\System32\\cmd.exe,0x0,0x0,User account deleted unexpectedly: LOCAL\analista01 from 192.0.2.100,1,account_deleted,Peru,Lima,-12.30668,-77.2406
2026-04-26 02:42:56,WIN10-FIN-014,Microsoft-Windows-Security-Auditing,Security,4624,An account was successfully logged on,LOCAL,admin.ops,-,198.51.100.212,60351,3,C:\\Windows\\System32\\WindowsPowerShell\\v1.0\\powershell.exe,0x0,0x0,Successful remote administrative logon for LOCAL\admin.ops from external IP 198.51.100.212,1,suspicious_admin_logon,Chile,Santiago,-33.89512,-70.45139
2026-04-26 02:43:23,WIN-SRV-FILE01,Microsoft-Windows-Security-Auditing,Security,4732,A member was added to a security-enabled local group,EMPRESA,tempadmin,KALI,198.51.100.77,37763,7,C:\\Windows\\System32\\WindowsPowerShell\\v1.0\\powershell.exe,0x0,0x0,Account EMPRESA\tempadmin added to local Administrators group from 198.51.100.77,1,admin_group_membership_added,United States,New York,40.80563,-74.25536
2026-04-26 02:43:39,WIN-SRV-APP01,Microsoft-Windows-Security-Auditing,Security,4625,An account failed to log on,LOCAL,sqladmin,KALI,198.51.100.41,57437,3,C:\\Windows\\System32\\svchost.exe,0xC000006D,0xC000006A,Failed logon from 198.51.100.41 against multiple users; possible password spray,1,password_spray,United States,New York,40.65809,-73.95262
2026-04-26 02:43:54,WIN-SRV-APP01,Microsoft-Windows-Security-Auditing,Security,4634,An account was logged off,CORP,analista01,PC-FIN-001,192.168.1.56,55011,2,C:\\Windows\\System32\\WindowsPowerShell\\v1.0\\powershell.exe,0x0,0x0,Logoff for CORP\analista01 from workstation PC-FIN-001,0,none,Internal,LAN,,
2026-04-26 02:44:17,WIN-SRV-FILE01,Microsoft-Windows-Security-Auditing,Security,4625,An account failed to log on,CORP,sqladmin,UNKNOWN,192.0.2.45,16762,3,C:\\Program Files\\Microsoft Defender\\MsMpEng.exe,0xC000006D,0xC000006A,Failed logon for CORP\sqladmin from 192.0.2.45; possible brute force,1,brute_force_logon,India,Mumbai,19.19084,73.11788
2026-04-26 02:45:36,WIN11-SEC-022,Microsoft-Windows-Security-Auditing,Security,4625,An account failed to log on,CORP,guest,KALI,192.0.2.75,61758,3,C:\\Windows\\System32\\WindowsPowerShell\\v1.0\\powershell.exe,0xC000006D,0xC000006A,Failed logon from 192.0.2.75 against multiple users; possible password spray,1,password_spray,Japan,Tokyo,35.9111,139.26931
2026-04-26 02:45:38,WIN10-FIN-014,Microsoft-Windows-Security-Auditing,Security,4625,An account failed to log on,CORP,root,ATTACKBOX,192.0.2.32,45922,3,C:\\Program Files\\Google\\Chrome\\Application\\chrome.exe,0xC000006D,0xC0000064,Failed logon for CORP\root from 192.0.2.32; possible brute force,1,brute_force_logon,Brazil,Sao Paulo,-23.44824,-46.6266
2026-04-26 02:45:55,WIN-SRV-DC01,Microsoft-Windows-Security-Auditing,Security,4624,An account was successfully logged on,CORP,jperez,LAP-GER-003,172.16.20.143,65324,3,C:\\Program Files\\Microsoft Defender\\MsMpEng.exe,0x0,0x0,Successful logon for CORP\jperez from 172.16.20.143 using logon type 3,0,none,Internal,LAN,,
2026-04-26 02:46:26,WIN11-SEC-022,Microsoft-Windows-Security-Auditing,Security,4624,An account was successfully logged on,EMPRESA,jperez,SRV-MON-001,10.10.98.223,58277,7,C:\\Windows\\System32\\winlogon.exe,0x0,0x0,Successful logon for EMPRESA\jperez from 10.10.98.223 using logon type 7,0,none,Internal,LAN,,
2026-04-26 02:46:37,WIN10-FIN-014,Microsoft-Windows-Security-Auditing,Security,4625,An account failed to log on,EMPRESA,oracle,WIN-RDP,198.51.100.254,11149,10,C:\\Program Files\\Google\\Chrome\\Application\\chrome.exe,0xC000006A,0xC000006A,Failed logon for EMPRESA\oracle from 198.51.100.254; possible brute force,1,brute_force_logon,Netherlands,Amsterdam,52.60399,4.75202
2026-04-26 02:46:57,WIN11-SEC-022,Microsoft-Windows-Security-Auditing,Security,4625,An account failed to log on,EMPRESA,root,WIN-RDP,192.0.2.78,12879,3,C:\\Windows\\System32\\cmd.exe,0xC000006A,0xC0000064,Failed logon for EMPRESA\root from 192.0.2.78; possible brute force,1,brute_force_logon,Brazil,Sao Paulo,-23.42801,-46.27816
2026-04-26 02:48:48,WIN11-SEC-022,Microsoft-Windows-Security-Auditing,Security,4672,Special privileges assigned to new logon,CORP,finanzas02,PC-RRHH-002,192.168.1.253,62207,10,C:\\Windows\\System32\\lsass.exe,0x0,0x0,Special privileges assigned to CORP\finanzas02,0,none,Internal,LAN,,
2026-04-26 02:49:56,WIN-SRV-FILE01,Microsoft-Windows-Security-Auditing,Security,4648,A logon was attempted using explicit credentials,EMPRESA,svc_backup,UNKNOWN,192.0.2.205,64775,7,C:\\Windows\\System32\\winlogon.exe,0x0,0x0,Explicit credentials used suspiciously by EMPRESA\svc_backup from 192.0.2.205,1,explicit_credentials_abuse,India,Mumbai,19.34649,72.86802
2026-04-26 02:50:45,WIN-SRV-DC01,Microsoft-Windows-Security-Auditing,Security,4634,An account was logged off,CORP,helpdesk01,SRV-MON-001,10.10.156.50,55666,3,C:\\Windows\\System32\\svchost.exe,0x0,0x0,Logoff for CORP\helpdesk01 from workstation SRV-MON-001,0,none,Internal,LAN,,
2026-04-26 02:51:14,WIN11-SEC-022,Microsoft-Windows-Security-Auditing,Security,4688,A new process has been created,EMPRESA,dtorres,PC-RRHH-002,10.10.123.40,58674,3,C:\\Program Files\\Google\\Chrome\\Application\\chrome.exe,0x0,0x0,Process created by EMPRESA\dtorres: C:\\Program Files\\Google\\Chrome\\Application\\chrome.exe,0,none,Internal,LAN,,
2026-04-26 02:52:05,WIN-SRV-FILE01,Microsoft-Windows-Security-Auditing,Security,4625,An account failed to log on,LOCAL,sqladmin,-,192.0.2.71,49018,10,C:\\Program Files\\Microsoft Defender\\MsMpEng.exe,0xC000006D,0xC000006A,Failed logon for LOCAL\sqladmin from 192.0.2.71; possible brute force,1,brute_force_logon,Australia,Sydney,-33.43252,150.9274
2026-04-26 02:53:08,WIN-SRV-DC01,Microsoft-Windows-Security-Auditing,Security,4625,An account failed to log on,EMPRESA,test,-,198.51.100.26,7606,3,C:\\Windows\\System32\\WindowsPowerShell\\v1.0\\powershell.exe,0xC000006D,0xC000006A,Failed logon for EMPRESA\test from 198.51.100.26; possible brute force,1,brute_force_logon,China,Shanghai,31.67693,121.42995
2026-04-26 02:53:16,WIN-SRV-APP01,Microsoft-Windows-Security-Auditing,Security,4625,An account failed to log on,EMPRESA,admin,ATTACKBOX,203.0.113.107,28454,10,C:\\Windows\\System32\\winlogon.exe,0xC000006D,0xC0000064,Failed logon for EMPRESA\admin from 203.0.113.107; possible brute force,1,brute_force_logon,China,Shanghai,30.81896,121.18097
2026-04-26 02:53:24,WIN11-SEC-022,Microsoft-Windows-Security-Auditing,Security,4624,An account was successfully logged on,LOCAL,crojas,PC-RRHH-002,192.168.1.163,56572,2,C:\\Windows\\System32\\cmd.exe,0x0,0x0,Successful logon for LOCAL\crojas from 192.168.1.163 using logon type 2,0,none,Internal,LAN,,
2026-04-26 02:53:26,WIN-SRV-DC01,Microsoft-Windows-Security-Auditing,Security,4625,An account failed to log on,EMPRESA,guest,KALI,198.51.100.110,59834,10,C:\\Program Files\\Microsoft Defender\\MsMpEng.exe,0xC000006A,0xC000006A,Failed logon for EMPRESA\guest from 198.51.100.110; possible brute force,1,brute_force_logon,Netherlands,Amsterdam,52.42799,4.72258
2026-04-26 02:54:35,WIN-SRV-FILE01,Microsoft-Windows-Security-Auditing,Security,4625,An account failed to log on,EMPRESA,admin,WIN-RDP,203.0.113.146,50314,10,C:\\Program Files\\Google\\Chrome\\Application\\chrome.exe,0xC000006A,0xC0000064,Failed logon for EMPRESA\admin from 203.0.113.146; possible brute force,1,brute_force_logon,Netherlands,Amsterdam,52.09838,4.89523
2026-04-26 02:54:53,WIN-SRV-DC01,Microsoft-Windows-Security-Auditing,Security,4625,An account failed to log on,LOCAL,sqladmin,WIN-RDP,192.0.2.24,37339,3,C:\\Windows\\System32\\winlogon.exe,0xC000006D,0xC0000064,Failed logon for LOCAL\sqladmin from 192.0.2.24; possible brute force,1,brute_force_logon,Argentina,Buenos Aires,-34.95087,-58.25686
2026-04-26 02:55:06,WIN-SRV-DC01,Microsoft-Windows-Security-Auditing,Security,1102,The audit log was cleared,LOCAL,admin,UNKNOWN,192.0.2.235,40385,2,C:\\Windows\\System32\\winlogon.exe,0x0,0x0,Security audit log cleared by LOCAL\admin from 192.0.2.235,1,audit_log_cleared,Australia,Sydney,-33.68039,151.17162
2026-04-26 02:55:28,WIN-SRV-DC01,Microsoft-Windows-Security-Auditing,Security,1102,The audit log was cleared,LOCAL,admin,UNKNOWN,192.0.2.94,40293,2,C:\\Windows\\System32\\WindowsPowerShell\\v1.0\\powershell.exe,0x0,0x0,Security audit log cleared by LOCAL\admin from 192.0.2.94,1,audit_log_cleared,Mexico,Mexico City,19.45501,-98.68548
2026-04-26 02:55:43,WIN-SRV-DC01,Microsoft-Windows-Security-Auditing,Security,4625,An account failed to log on,CORP,backup,ATTACKBOX,192.0.2.53,39111,3,C:\\Windows\\System32\\WindowsPowerShell\\v1.0\\powershell.exe,0xC000006A,0xC0000064,Failed logon for CORP\backup from 192.0.2.53; possible brute force,1,brute_force_logon,Brazil,Sao Paulo,-23.77403,-46.66307
2026-04-26 02:55:51,WIN11-SEC-022,Microsoft-Windows-Security-Auditing,Security,4624,An account was successfully logged on,CORP,svc_backup,SRV-MON-001,10.10.172.66,60300,7,C:\\Windows\\System32\\winlogon.exe,0x0,0x0,Successful logon for CORP\svc_backup from 10.10.172.66 using logon type 7,0,none,Internal,LAN,,
2026-04-26 02:57:07,WIN11-SEC-022,Microsoft-Windows-Security-Auditing,Security,4625,An account failed to log on,CORP,backup,-,198.51.100.82,56982,10,C:\\Windows\\System32\\svchost.exe,0xC000006D,0xC000006A,Failed logon from 198.51.100.82 against multiple users; possible password spray,1,password_spray,Japan,Tokyo,35.76145,139.30052
2026-04-26 02:57:16,WIN11-SEC-022,Microsoft-Windows-Security-Auditing,Security,1102,The audit log was cleared,EMPRESA,soporte,KALI,203.0.113.36,17620,10,C:\\Windows\\System32\\winlogon.exe,0x0,0x0,Security audit log cleared by EMPRESA\soporte from 203.0.113.36,1,audit_log_cleared,Russia,Moscow,55.92874,37.19191
2026-04-26 02:58:20,WIN-SRV-FILE01,Microsoft-Windows-Security-Auditing,Security,4625,An account failed to log on,CORP,guest,ATTACKBOX,203.0.113.147,8427,10,C:\\Windows\\System32\\cmd.exe,0xC000006A,0xC0000064,Failed logon for CORP\guest from 203.0.113.147; possible brute force,1,brute_force_logon,Australia,Sydney,-33.81575,151.42434
2026-04-26 02:58:57,WIN10-FIN-014,Microsoft-Windows-Security-Auditing,Security,4648,A logon was attempted using explicit credentials,LOCAL,admin,WIN-RDP,192.0.2.209,54391,3,C:\\Windows\\System32\\lsass.exe,0x0,0x0,Explicit credentials used suspiciously by LOCAL\admin from 192.0.2.209,1,explicit_credentials_abuse,Mexico,Mexico City,19.45358,-99.50892
2026-04-26 02:59:08,WIN-SRV-APP01,Microsoft-Windows-Security-Auditing,Security,4720,A user account was created,EMPRESA,backup2,UNKNOWN,203.0.113.196,28057,3,C:\\Windows\\System32\\lsass.exe,0x0,0x0,Suspicious user account created: EMPRESA\backup2 from 203.0.113.196,1,account_creation,Peru,Lima,-11.9651,-76.66816
2026-04-26 02:59:31,WIN10-FIN-014,Microsoft-Windows-Security-Auditing,Security,4625,An account failed to log on,EMPRESA,soporte,ATTACKBOX,203.0.113.223,56579,10,C:\\Windows\\System32\\winlogon.exe,0xC000006D,0xC000006A,Failed logon from 203.0.113.223 against multiple users; possible password spray,1,password_spray,Brazil,Sao Paulo,-23.54239,-47.06467
2026-04-26 02:59:37,WIN-SRV-DC01,Microsoft-Windows-Security-Auditing,Security,4625,An account failed to log on,EMPRESA,root,UNKNOWN,198.51.100.66,52291,3,C:\\Windows\\System32\\cmd.exe,0xC000006D,0xC000006A,Failed logon from 198.51.100.66 against multiple users; possible password spray,1,password_spray,South Africa,Johannesburg,-26.10566,27.91811
2026-04-26 02:59:39,WIN-SRV-APP01,Microsoft-Windows-Security-Auditing,Security,4624,An account was successfully logged on,CORP,jperez,LAP-GER-003,172.16.20.69,55622,2,C:\\Windows\\System32\\svchost.exe,0x0,0x0,Successful logon for CORP\jperez from 172.16.20.69 using logon type 2,0,none,Internal,LAN,,
2026-04-26 02:59:39,WIN11-SEC-022,Microsoft-Windows-Security-Auditing,Security,4648,A logon was attempted using explicit credentials,CORP,administrator,WIN-RDP,192.0.2.42,13081,2,C:\\Windows\\System32\\winlogon.exe,0x0,0x0,Explicit credentials used suspiciously by CORP\administrator from 192.0.2.42,1,explicit_credentials_abuse,Brazil,Sao Paulo,-23.46614,-46.54589
2026-04-26 03:01:08,WIN-SRV-DC01,Microsoft-Windows-Security-Auditing,Security,4634,An account was logged off,LOCAL,finanzas02,PC-FIN-001,192.168.1.247,60882,2,C:\\Windows\\System32\\svchost.exe,0x0,0x0,Logoff for LOCAL\finanzas02 from workstation PC-FIN-001,0,none,Internal,LAN,,
2026-04-26 03:01:59,WIN-SRV-FILE01,Microsoft-Windows-Security-Auditing,Security,4624,An account was successfully logged on,CORP,alopez,PC-RRHH-002,192.168.1.69,50736,10,C:\\Windows\\System32\\lsass.exe,0x0,0x0,Successful logon for CORP\alopez from 192.168.1.69 using logon type 10,0,none,Internal,LAN,,
2026-04-26 03:02:18,WIN-SRV-DC01,Microsoft-Windows-Security-Auditing,Security,4648,A logon was attempted using explicit credentials,LOCAL,administrator,ATTACKBOX,203.0.113.112,2828,3,C:\\Windows\\System32\\svchost.exe,0x0,0x0,Explicit credentials used suspiciously by LOCAL\administrator from 203.0.113.112,1,explicit_credentials_abuse,Netherlands,Amsterdam,52.00537,4.74699
2026-04-26 03:02:40,WIN-SRV-DC01,Microsoft-Windows-Security-Auditing,Security,4634,An account was logged off,LOCAL,svc_backup,PC-FIN-001,172.16.20.201,49910,3,C:\\Windows\\System32\\lsass.exe,0x0,0x0,Logoff for LOCAL\svc_backup from workstation PC-FIN-001,0,none,Internal,LAN,,
2026-04-26 03:02:40,WIN-SRV-DC01,Microsoft-Windows-Security-Auditing,Security,4625,An account failed to log on,EMPRESA,backup,ATTACKBOX,198.51.100.27,1102,3,C:\\Program Files\\Google\\Chrome\\Application\\chrome.exe,0xC000006D,0xC000006A,Failed logon from 198.51.100.27 against multiple users; possible password spray,1,password_spray,India,Mumbai,19.07673,73.05148
2026-04-26 03:02:48,WIN10-FIN-014,Microsoft-Windows-Security-Auditing,Security,4672,Special privileges assigned to new logon,CORP,administrator,WIN-RDP,203.0.113.42,53643,10,C:\\Windows\\System32\\winlogon.exe,0x0,0x0,Special privileges assigned to suspicious account CORP\administrator from 203.0.113.42,1,privilege_escalation,India,Mumbai,18.85191,73.19337
2026-04-26 03:03:12,WIN-SRV-APP01,Microsoft-Windows-Security-Auditing,Security,4624,An account was successfully logged on,EMPRESA,helpdesk01,PC-FIN-001,172.16.20.81,50271,10,C:\\Program Files\\Microsoft Defender\\MsMpEng.exe,0x0,0x0,Successful logon for EMPRESA\helpdesk01 from 172.16.20.81 using logon type 10,0,none,Internal,LAN,,
2026-04-26 03:04:56,WIN-SRV-FILE01,Microsoft-Windows-Security-Auditing,Security,4634,An account was logged off,LOCAL,dtorres,PC-FIN-001,192.168.1.190,54263,3,C:\\Windows\\System32\\WindowsPowerShell\\v1.0\\powershell.exe,0x0,0x0,Logoff for LOCAL\dtorres from workstation PC-FIN-001,0,none,Internal,LAN,,
2026-04-26 03:04:59,WIN-SRV-APP01,Microsoft-Windows-Security-Auditing,Security,4624,An account was successfully logged on,LOCAL,admin.ops,ATTACKBOX,192.0.2.228,51909,10,C:\\Windows\\System32\\winlogon.exe,0x0,0x0,Successful remote administrative logon for LOCAL\admin.ops from external IP 192.0.2.228,1,suspicious_admin_logon,South Africa,Johannesburg,-25.99733,28.02593
2026-04-26 03:05:18,WIN10-FIN-014,Microsoft-Windows-Security-Auditing,Security,4625,An account failed to log on,LOCAL,usuario,UNKNOWN,192.0.2.187,33770,3,C:\\Windows\\System32\\lsass.exe,0xC000006D,0xC000006A,Failed logon for LOCAL\usuario from 192.0.2.187; possible brute force,1,brute_force_logon,Germany,Frankfurt,49.80556,8.77233
2026-04-26 03:06:30,WIN-SRV-APP01,Microsoft-Windows-Security-Auditing,Security,4634,An account was logged off,EMPRESA,jperez,PC-FIN-001,10.10.145.118,54813,2,C:\\Program Files\\Microsoft Defender\\MsMpEng.exe,0x0,0x0,Logoff for EMPRESA\jperez from workstation PC-FIN-001,0,none,Internal,LAN,,
2026-04-26 03:06:34,WIN10-FIN-014,Microsoft-Windows-Security-Auditing,Security,4634,An account was logged off,EMPRESA,helpdesk01,PC-FIN-001,10.10.6.83,56931,2,C:\\Windows\\System32\\winlogon.exe,0x0,0x0,Logoff for EMPRESA\helpdesk01 from workstation PC-FIN-001,0,none,Internal,LAN,,
2026-04-26 03:07:14,WIN-SRV-DC01,Microsoft-Windows-Security-Auditing,Security,4624,An account was successfully logged on,EMPRESA,mgarcia,PC-OPS-014,10.10.51.64,53421,7,C:\\Windows\\System32\\cmd.exe,0x0,0x0,Successful logon for EMPRESA\mgarcia from 10.10.51.64 using logon type 7,0,none,Internal,LAN,,
2026-04-26 03:07:19,WIN11-SEC-022,Microsoft-Windows-Security-Auditing,Security,4625,An account failed to log on,CORP,admin,ATTACKBOX,192.0.2.170,37309,3,C:\\Windows\\System32\\WindowsPowerShell\\v1.0\\powershell.exe,0xC000006D,0xC000006A,Failed logon for CORP\admin from 192.0.2.170; possible brute force,1,brute_force_logon,Argentina,Buenos Aires,-34.67343,-58.4507
2026-04-26 03:07:31,WIN-SRV-FILE01,Microsoft-Windows-Security-Auditing,Security,4634,An account was logged off,CORP,admin.ops,PC-OPS-014,192.168.1.181,62568,10,C:\\Windows\\System32\\cmd.exe,0x0,0x0,Logoff for CORP\admin.ops from workstation PC-OPS-014,0,none,Internal,LAN,,
2026-04-26 03:07:52,WIN11-SEC-022,Microsoft-Windows-Security-Auditing,Security,4625,An account failed to log on,EMPRESA,usuario,-,198.51.100.119,55317,10,C:\\Windows\\System32\\lsass.exe,0xC000006D,0xC000006A,Failed logon for EMPRESA\usuario from 198.51.100.119; possible brute force,1,brute_force_logon,Argentina,Buenos Aires,-34.85515,-58.17222
2026-04-26 03:08:03,WIN-SRV-FILE01,Microsoft-Windows-Security-Auditing,Security,4624,An account was successfully logged on,CORP,alopez,PC-FIN-001,192.168.1.54,65039,10,C:\\Windows\\System32\\WindowsPowerShell\\v1.0\\powershell.exe,0x0,0x0,Successful logon for CORP\alopez from 192.168.1.54 using logon type 10,0,none,Internal,LAN,,
2026-04-26 03:08:11,WIN10-FIN-014,Microsoft-Windows-Security-Auditing,Security,4726,A user account was deleted,LOCAL,analista01,UNKNOWN,192.0.2.64,16583,10,C:\\Windows\\System32\\lsass.exe,0x0,0x0,User account deleted unexpectedly: LOCAL\analista01 from 192.0.2.64,1,account_deleted,South Africa,Johannesburg,-25.83959,28.01674
2026-04-26 03:08:15,WIN-SRV-DC01,Microsoft-Windows-Security-Auditing,Security,4688,A new process has been created,LOCAL,administrator,WIN-RDP,198.51.100.189,55620,2,C:\\Windows\\System32\\reg.exe save HKLM\\SAM C:\\Temp\\sam.save,0x0,0x0,Suspicious process execution by LOCAL\administrator: C:\\Windows\\System32\\reg.exe save HKLM\\SAM C:\\Temp\\sam.save,1,suspicious_process_execution,India,Mumbai,19.08089,72.50297
2026-04-26 03:08:18,WIN11-SEC-022,Microsoft-Windows-Security-Auditing,Security,4624,An account was successfully logged on,EMPRESA,admin.ops,SRV-MON-001,192.168.1.19,55859,3,C:\\Windows\\System32\\winlogon.exe,0x0,0x0,Successful logon for EMPRESA\admin.ops from 192.168.1.19 using logon type 3,0,none,Internal,LAN,,
2026-04-26 03:08:23,WIN11-SEC-022,Microsoft-Windows-Security-Auditing,Security,4624,An account was successfully logged on,LOCAL,admin.ops,SRV-MON-001,172.16.20.250,62108,2,C:\\Windows\\System32\\lsass.exe,0x0,0x0,Successful logon for LOCAL\admin.ops from 172.16.20.250 using logon type 2,0,none,Internal,LAN,,
2026-04-26 03:08:42,WIN11-SEC-022,Microsoft-Windows-Security-Auditing,Security,4624,An account was successfully logged on,CORP,admin.ops,UNKNOWN,203.0.113.78,61419,3,C:\\Windows\\System32\\winlogon.exe,0x0,0x0,Successful remote administrative logon for CORP\admin.ops from external IP 203.0.113.78,1,suspicious_admin_logon,United States,New York,40.94528,-73.68151
2026-04-26 03:09:05,WIN-SRV-DC01,Microsoft-Windows-Security-Auditing,Security,4634,An account was logged off,LOCAL,dtorres,PC-RRHH-002,172.16.20.63,58452,3,C:\\Program Files\\Microsoft Defender\\MsMpEng.exe,0x0,0x0,Logoff for LOCAL\dtorres from workstation PC-RRHH-002,0,none,Internal,LAN,,
2026-04-26 03:09:07,WIN-SRV-FILE01,Microsoft-Windows-Security-Auditing,Security,1102,The audit log was cleared,LOCAL,admin,WIN-RDP,198.51.100.200,14903,3,C:\\Windows\\System32\\WindowsPowerShell\\v1.0\\powershell.exe,0x0,0x0,Security audit log cleared by LOCAL\admin from 198.51.100.200,1,audit_log_cleared,Netherlands,Amsterdam,52.27982,4.47763
2026-04-26 03:09:52,WIN-SRV-APP01,Microsoft-Windows-Security-Auditing,Security,4625,An account failed to log on,EMPRESA,oracle,KALI,203.0.113.224,26355,3,C:\\Windows\\System32\\svchost.exe,0xC000006A,0xC000006A,Failed logon for EMPRESA\oracle from 203.0.113.224; possible brute force,1,brute_force_logon,Japan,Tokyo,35.90714,139.20845
2026-04-26 03:10:07,WIN-SRV-FILE01,Microsoft-Windows-Security-Auditing,Security,4648,A logon was attempted using explicit credentials,EMPRESA,svc_backup,ATTACKBOX,192.0.2.157,24010,10,C:\\Windows\\System32\\winlogon.exe,0x0,0x0,Explicit credentials used suspiciously by EMPRESA\svc_backup from 192.0.2.157,1,explicit_credentials_abuse,Mexico,Mexico City,19.51737,-99.2562
2026-04-26 03:10:20,WIN10-FIN-014,Microsoft-Windows-Security-Auditing,Security,4625,An account failed to log on,CORP,administrator,KALI,192.0.2.210,26255,10,C:\\Program Files\\Microsoft Defender\\MsMpEng.exe,0xC000006A,0xC000006A,Failed logon for CORP\administrator from 192.0.2.210; possible brute force,1,brute_force_logon,United States,New York,41.05008,-74.02439
2026-04-26 03:10:37,WIN10-FIN-014,Microsoft-Windows-Security-Auditing,Security,4672,Special privileges assigned to new logon,EMPRESA,analista01,PC-OPS-014,172.16.20.233,61876,7,C:\\Program Files\\Microsoft Defender\\MsMpEng.exe,0x0,0x0,Special privileges assigned to EMPRESA\analista01,0,none,Internal,LAN,,
2026-04-26 03:11:48,WIN11-SEC-022,Microsoft-Windows-Security-Auditing,Security,4624,An account was successfully logged on,LOCAL,svc_backup,PC-RRHH-002,10.10.36.191,62332,7,C:\\Windows\\System32\\winlogon.exe,0x0,0x0,Successful logon for LOCAL\svc_backup from 10.10.36.191 using logon type 7,0,none,Internal,LAN,,
2026-04-26 03:12:39,WIN11-SEC-022,Microsoft-Windows-Security-Auditing,Security,4625,An account failed to log on,EMPRESA,usuario,UNKNOWN,203.0.113.35,3696,3,C:\\Windows\\System32\\lsass.exe,0xC000006D,0xC000006A,Failed logon from 203.0.113.35 against multiple users; possible password spray,1,password_spray,Australia,Sydney,-33.65768,151.24483
2026-04-26 03:13:29,WIN-SRV-FILE01,Microsoft-Windows-Security-Auditing,Security,4672,Special privileges assigned to new logon,LOCAL,lcastro,LAP-GER-003,172.16.20.182,60134,7,C:\\Windows\\System32\\lsass.exe,0x0,0x0,Special privileges assigned to LOCAL\lcastro,0,none,Internal,LAN,,
2026-04-26 03:14:00,WIN11-SEC-022,Microsoft-Windows-Security-Auditing,Security,4648,A logon was attempted using explicit credentials,LOCAL,admin,-,198.51.100.61,45892,3,C:\\Windows\\System32\\WindowsPowerShell\\v1.0\\powershell.exe,0x0,0x0,Explicit credentials used suspiciously by LOCAL\admin from 198.51.100.61,1,explicit_credentials_abuse,South Africa,Johannesburg,-26.50709,28.27035
2026-04-26 03:14:09,WIN11-SEC-022,Microsoft-Windows-Security-Auditing,Security,4624,An account was successfully logged on,CORP,dtorres,LAP-GER-003,172.16.20.76,62600,3,C:\\Program Files\\Google\\Chrome\\Application\\chrome.exe,0x0,0x0,Successful logon for CORP\dtorres from 172.16.20.76 using logon type 3,0,none,Internal,LAN,,
2026-04-26 03:14:29,WIN-SRV-FILE01,Microsoft-Windows-Security-Auditing,Security,4634,An account was logged off,EMPRESA,finanzas02,PC-FIN-001,10.10.209.149,55263,7,C:\\Program Files\\Microsoft Defender\\MsMpEng.exe,0x0,0x0,Logoff for EMPRESA\finanzas02 from workstation PC-FIN-001,0,none,Internal,LAN,,
2026-04-26 03:14:35,WIN10-FIN-014,Microsoft-Windows-Security-Auditing,Security,4688,A new process has been created,EMPRESA,dtorres,PC-OPS-014,172.16.20.181,54339,2,C:\\Windows\\System32\\lsass.exe,0x0,0x0,Process created by EMPRESA\dtorres: C:\\Windows\\System32\\lsass.exe,0,none,Internal,LAN,,
2026-04-26 03:14:49,WIN-SRV-DC01,Microsoft-Windows-Security-Auditing,Security,4634,An account was logged off,LOCAL,analista01,SRV-MON-001,10.10.63.93,51493,3,C:\\Windows\\System32\\cmd.exe,0x0,0x0,Logoff for LOCAL\analista01 from workstation SRV-MON-001,0,none,Internal,LAN,,
2026-04-26 03:15:41,WIN-SRV-DC01,Microsoft-Windows-Security-Auditing,Security,4720,A user account was created,CORP,tempadmin,WIN-RDP,198.51.100.231,62953,2,C:\\Windows\\System32\\winlogon.exe,0x0,0x0,Suspicious user account created: CORP\tempadmin from 198.51.100.231,1,account_creation,Australia,Sydney,-33.595,151.02232
2026-04-26 03:16:39,WIN-SRV-APP01,Microsoft-Windows-Security-Auditing,Security,4625,An account failed to log on,LOCAL,soporte,UNKNOWN,192.0.2.107,5029,3,C:\\Program Files\\Microsoft Defender\\MsMpEng.exe,0xC000006D,0xC000006A,Failed logon from 192.0.2.107 against multiple users; possible password spray,1,password_spray,China,Shanghai,31.2764,121.79787
2026-04-26 03:17:19,WIN-SRV-DC01,Microsoft-Windows-Security-Auditing,Security,4672,Special privileges assigned to new logon,LOCAL,soporte,UNKNOWN,198.51.100.22,35619,10,C:\\Windows\\System32\\WindowsPowerShell\\v1.0\\powershell.exe,0x0,0x0,Special privileges assigned to suspicious account LOCAL\soporte from 198.51.100.22,1,privilege_escalation,Brazil,Sao Paulo,-23.23777,-46.76834
2026-04-26 03:17:28,WIN10-FIN-014,Microsoft-Windows-Security-Auditing,Security,4624,An account was successfully logged on,LOCAL,admin.ops,WIN-RDP,192.0.2.198,42672,3,C:\\Program Files\\Microsoft Defender\\MsMpEng.exe,0x0,0x0,Successful remote administrative logon for LOCAL\admin.ops from external IP 192.0.2.198,1,suspicious_admin_logon,United States,New York,40.34689,-74.39091
2026-04-26 03:17:39,WIN-SRV-APP01,Microsoft-Windows-Security-Auditing,Security,4688,A new process has been created,LOCAL,test,KALI,203.0.113.51,29718,7,C:\\Windows\\Temp\\update.exe,0x0,0x0,Suspicious process execution by LOCAL\test: C:\\Windows\\Temp\\update.exe,1,suspicious_process_execution,China,Shanghai,31.23421,121.79024
2026-04-26 03:17:55,WIN-SRV-DC01,Microsoft-Windows-Security-Auditing,Security,4634,An account was logged off,LOCAL,jperez,PC-OPS-014,172.16.20.69,53223,3,C:\\Windows\\System32\\WindowsPowerShell\\v1.0\\powershell.exe,0x0,0x0,Logoff for LOCAL\jperez from workstation PC-OPS-014,0,none,Internal,LAN,,
2026-04-26 03:18:05,WIN11-SEC-022,Microsoft-Windows-Security-Auditing,Security,4720,A user account was created,CORP,svc_temp,ATTACKBOX,198.51.100.107,8896,3,C:\\Windows\\System32\\svchost.exe,0x0,0x0,Suspicious user account created: CORP\svc_temp from 198.51.100.107,1,account_creation,Japan,Tokyo,35.85395,139.47068
2026-04-26 03:18:17,WIN10-FIN-014,Microsoft-Windows-Security-Auditing,Security,4688,A new process has been created,CORP,admin,-,192.0.2.65,50772,2,C:\\Users\\Public\\loader.exe,0x0,0x0,Suspicious process execution by CORP\admin: C:\\Users\\Public\\loader.exe,1,suspicious_process_execution,United States,New York,40.85989,-74.30929
2026-04-26 03:18:18,WIN-SRV-FILE01,Microsoft-Windows-Security-Auditing,Security,4624,An account was successfully logged on,CORP,svc_monitor,PC-OPS-014,10.10.133.29,55693,7,C:\\Program Files\\Microsoft Defender\\MsMpEng.exe,0x0,0x0,Successful logon for CORP\svc_monitor from 10.10.133.29 using logon type 7,0,none,Internal,LAN,,
2026-04-26 03:18:52,WIN-SRV-APP01,Microsoft-Windows-Security-Auditing,Security,4720,A user account was created,EMPRESA,tempadmin,KALI,203.0.113.115,35692,3,C:\\Windows\\System32\\svchost.exe,0x0,0x0,Suspicious user account created: EMPRESA\tempadmin from 203.0.113.115,1,account_creation,South Africa,Johannesburg,-26.52963,28.17591
2026-04-26 03:18:55,WIN10-FIN-014,Microsoft-Windows-Security-Auditing,Security,4672,Special privileges assigned to new logon,LOCAL,administrator,ATTACKBOX,198.51.100.132,40224,3,C:\\Windows\\System32\\winlogon.exe,0x0,0x0,Special privileges assigned to suspicious account LOCAL\administrator from 198.51.100.132,1,privilege_escalation,United States,New York,40.94196,-74.21071
2026-04-26 03:19:12,WIN10-FIN-014,Microsoft-Windows-Security-Auditing,Security,4625,An account failed to log on,CORP,admin,ATTACKBOX,198.51.100.209,39518,3,C:\\Windows\\System32\\WindowsPowerShell\\v1.0\\powershell.exe,0xC000006D,0xC000006A,Failed logon from 198.51.100.209 against multiple users; possible password spray,1,password_spray,Japan,Tokyo,35.41987,139.74048
2026-04-26 03:19:29,WIN11-SEC-022,Microsoft-Windows-Security-Auditing,Security,4625,An account failed to log on,CORP,guest,KALI,203.0.113.34,27447,3,C:\\Windows\\System32\\lsass.exe,0xC000006A,0xC0000064,Failed logon for CORP\guest from 203.0.113.34; possible brute force,1,brute_force_logon,Russia,Moscow,56.12827,37.24537
2026-04-26 03:20:19,WIN-SRV-DC01,Microsoft-Windows-Security-Auditing,Security,4624,An account was successfully logged on,LOCAL,svc_monitor,PC-FIN-001,10.10.178.3,58800,10,C:\\Windows\\System32\\winlogon.exe,0x0,0x0,Successful logon for LOCAL\svc_monitor from 10.10.178.3 using logon type 10,0,none,Internal,LAN,,
2026-04-26 03:20:35,WIN-SRV-DC01,Microsoft-Windows-Security-Auditing,Security,4624,An account was successfully logged on,EMPRESA,helpdesk01,PC-FIN-001,172.16.20.177,60547,10,C:\\Program Files\\Microsoft Defender\\MsMpEng.exe,0x0,0x0,Successful logon for EMPRESA\helpdesk01 from 172.16.20.177 using logon type 10,0,none,Internal,LAN,,
2026-04-26 03:20:56,WIN-SRV-APP01,Microsoft-Windows-Security-Auditing,Security,4688,A new process has been created,CORP,test,UNKNOWN,192.0.2.64,43385,3,C:\\Windows\\System32\\WindowsPowerShell\\v1.0\\powershell.exe -enc JABXAGMAbABpAGUAbgB0,0x0,0x0,Suspicious process execution by CORP\test: C:\\Windows\\System32\\WindowsPowerShell\\v1.0\\powershell.exe -enc JABXAGMAbABpAGUAbgB0,1,suspicious_process_execution,India,Mumbai,18.93827,72.60335
2026-04-26 03:21:49,WIN-SRV-DC01,Microsoft-Windows-Security-Auditing,Security,4688,A new process has been created,LOCAL,admin.ops,SRV-MON-001,192.168.1.188,53818,7,C:\\Windows\\System32\\svchost.exe,0x0,0x0,Process created by LOCAL\admin.ops: C:\\Windows\\System32\\svchost.exe,0,none,Internal,LAN,,
2026-04-26 03:22:31,WIN11-SEC-022,Microsoft-Windows-Security-Auditing,Security,4672,Special privileges assigned to new logon,CORP,admin,KALI,203.0.113.42,38241,3,C:\\Program Files\\Microsoft Defender\\MsMpEng.exe,0x0,0x0,Special privileges assigned to suspicious account CORP\admin from 203.0.113.42,1,privilege_escalation,Netherlands,Amsterdam,52.13489,4.99122
2026-04-26 03:22:37,WIN-SRV-FILE01,Microsoft-Windows-Security-Auditing,Security,4732,A member was added to a security-enabled local group,LOCAL,soporte,KALI,192.0.2.229,62149,3,C:\\Windows\\System32\\svchost.exe,0x0,0x0,Account LOCAL\soporte added to local Administrators group from 192.0.2.229,1,admin_group_membership_added,Russia,Moscow,56.07925,37.95915
2026-04-26 03:22:38,WIN11-SEC-022,Microsoft-Windows-Security-Auditing,Security,4648,A logon was attempted using explicit credentials,CORP,lcastro,SRV-MON-001,172.16.20.208,52831,10,C:\\Windows\\System32\\cmd.exe,0x0,0x0,Explicit credentials used by CORP\lcastro from SRV-MON-001,0,none,Internal,LAN,,
2026-04-26 03:23:02,WIN-SRV-DC01,Microsoft-Windows-Security-Auditing,Security,4726,A user account was deleted,LOCAL,finanzas02,-,192.0.2.195,44609,2,C:\\Windows\\System32\\svchost.exe,0x0,0x0,User account deleted unexpectedly: LOCAL\finanzas02 from 192.0.2.195,1,account_deleted,Chile,Santiago,-33.01181,-70.87229
2026-04-26 03:23:17,WIN11-SEC-022,Microsoft-Windows-Security-Auditing,Security,4624,An account was successfully logged on,CORP,admin.ops,PC-OPS-014,10.10.158.18,59803,3,C:\\Windows\\System32\\svchost.exe,0x0,0x0,Successful logon for CORP\admin.ops from 10.10.158.18 using logon type 3,0,none,Internal,LAN,,
2026-04-26 03:23:33,WIN-SRV-DC01,Microsoft-Windows-Security-Auditing,Security,4634,An account was logged off,EMPRESA,analista01,PC-FIN-001,172.16.20.193,60881,2,C:\\Program Files\\Google\\Chrome\\Application\\chrome.exe,0x0,0x0,Logoff for EMPRESA\analista01 from workstation PC-FIN-001,0,none,Internal,LAN,,
2026-04-26 03:23:57,WIN10-FIN-014,Microsoft-Windows-Security-Auditing,Security,4672,Special privileges assigned to new logon,EMPRESA,admin,UNKNOWN,198.51.100.77,17549,7,C:\\Windows\\System32\\cmd.exe,0x0,0x0,Special privileges assigned to suspicious account EMPRESA\admin from 198.51.100.77,1,privilege_escalation,Brazil,Sao Paulo,-23.89228,-46.92405
2026-04-26 03:24:27,WIN-SRV-DC01,Microsoft-Windows-Security-Auditing,Security,4625,An account failed to log on,CORP,backup,ATTACKBOX,203.0.113.165,64687,3,C:\\Windows\\System32\\svchost.exe,0xC000006A,0xC000006A,Failed logon for CORP\backup from 203.0.113.165; possible brute force,1,brute_force_logon,Japan,Tokyo,35.40944,139.99957
2026-04-26 03:24:48,WIN-SRV-DC01,Microsoft-Windows-Security-Auditing,Security,4726,A user account was deleted,LOCAL,mgarcia,KALI,203.0.113.37,45639,3,C:\\Program Files\\Google\\Chrome\\Application\\chrome.exe,0x0,0x0,User account deleted unexpectedly: LOCAL\mgarcia from 203.0.113.37,1,account_deleted,Australia,Sydney,-34.2867,151.24274
2026-04-26 03:24:55,WIN-SRV-APP01,Microsoft-Windows-Security-Auditing,Security,4624,An account was successfully logged on,LOCAL,finanzas02,PC-FIN-001,10.10.246.117,54889,10,C:\\Windows\\System32\\cmd.exe,0x0,0x0,Successful logon for LOCAL\finanzas02 from 10.10.246.117 using logon type 10,0,none,Internal,LAN,,
2026-04-26 03:24:56,WIN11-SEC-022,Microsoft-Windows-Security-Auditing,Security,4624,An account was successfully logged on,LOCAL,administrator,ATTACKBOX,198.51.100.221,29054,3,C:\\Windows\\System32\\svchost.exe,0x0,0x0,Successful remote administrative logon for LOCAL\administrator from external IP 198.51.100.221,1,suspicious_admin_logon,China,Shanghai,30.94012,121.82343
2026-04-26 03:25:27,WIN-SRV-FILE01,Microsoft-Windows-Security-Auditing,Security,4625,An account failed to log on,EMPRESA,soporte,-,192.0.2.136,65245,10,C:\\Windows\\System32\\cmd.exe,0xC000006D,0xC0000064,Failed logon for EMPRESA\soporte from 192.0.2.136; possible brute force,1,brute_force_logon,United States,New York,40.64253,-74.21697
2026-04-26 03:25:54,WIN10-FIN-014,Microsoft-Windows-Security-Auditing,Security,4732,A member was added to a security-enabled local group,EMPRESA,soporte,KALI,198.51.100.197,32945,7,C:\\Windows\\System32\\cmd.exe,0x0,0x0,Account EMPRESA\soporte added to local Administrators group from 198.51.100.197,1,admin_group_membership_added,Peru,Lima,-12.01611,-77.19947
2026-04-26 03:25:56,WIN-SRV-APP01,Microsoft-Windows-Security-Auditing,Security,4624,An account was successfully logged on,CORP,admin.ops,-,192.0.2.175,6577,3,C:\\Windows\\System32\\cmd.exe,0x0,0x0,Successful remote administrative logon for CORP\admin.ops from external IP 192.0.2.175,1,suspicious_admin_logon,Netherlands,Amsterdam,52.29418,4.65899
2026-04-26 03:26:11,WIN11-SEC-022,Microsoft-Windows-Security-Auditing,Security,4726,A user account was deleted,LOCAL,helpdesk01,-,198.51.100.226,13215,10,C:\\Program Files\\Microsoft Defender\\MsMpEng.exe,0x0,0x0,User account deleted unexpectedly: LOCAL\helpdesk01 from 198.51.100.226,1,account_deleted,Japan,Tokyo,35.98583,139.72776
