2026-04-26 06:09:14,WIN-SRV-DC01,Microsoft-Windows-Security-Auditing,Security,4634,An account was logged off,CORP,crojas,PC-OPS-014,172.16.20.60,60556,3,C:\\Windows\\System32\\WindowsPowerShell\\v1.0\\powershell.exe,0x0,0x0,Logoff for CORP\crojas from workstation PC-OPS-014,0,none,Internal,LAN,,
2026-04-26 06:09:20,WIN-SRV-FILE01,Microsoft-Windows-Security-Auditing,Security,4688,A new process has been created,EMPRESA,alopez,PC-OPS-014,172.16.20.17,60074,3,C:\\Windows\\System32\\WindowsPowerShell\\v1.0\\powershell.exe,0x0,0x0,Process created by EMPRESA\alopez: C:\\Windows\\System32\\WindowsPowerShell\\v1.0\\powershell.exe,0,none,Internal,LAN,,
2026-04-26 06:10:38,WIN11-SEC-022,Microsoft-Windows-Security-Auditing,Security,4624,An account was successfully logged on,EMPRESA,analista01,SRV-MON-001,10.10.121.228,52744,10,C:\\Program Files\\Google\\Chrome\\Application\\chrome.exe,0x0,0x0,Successful logon for EMPRESA\analista01 from 10.10.121.228 using logon type 10,0,none,Internal,LAN,,
2026-04-26 06:12:31,WIN-SRV-FILE01,Microsoft-Windows-Security-Auditing,Security,4648,A logon was attempted using explicit credentials,EMPRESA,finanzas02,PC-FIN-001,10.10.66.17,49328,3,C:\\Program Files\\Microsoft Defender\\MsMpEng.exe,0x0,0x0,Explicit credentials used by EMPRESA\finanzas02 from PC-FIN-001,0,none,Internal,LAN,,
2026-04-26 06:13:01,WIN10-FIN-014,Microsoft-Windows-Security-Auditing,Security,4688,A new process has been created,CORP,finanzas02,PC-OPS-014,192.168.1.186,51275,2,C:\\Program Files\\Google\\Chrome\\Application\\chrome.exe,0x0,0x0,Process created by CORP\finanzas02: C:\\Program Files\\Google\\Chrome\\Application\\chrome.exe,0,none,Internal,LAN,,
2026-04-26 06:14:05,WIN-SRV-DC01,Microsoft-Windows-Security-Auditing,Security,4624,An account was successfully logged on,CORP,jperez,PC-FIN-001,172.16.20.48,52722,2,C:\\Windows\\System32\\lsass.exe,0x0,0x0,Successful logon for CORP\jperez from 172.16.20.48 using logon type 2,0,none,Internal,LAN,,
2026-04-26 06:15:51,WIN10-FIN-014,Microsoft-Windows-Security-Auditing,Security,4648,A logon was attempted using explicit credentials,EMPRESA,mgarcia,SRV-MON-001,192.168.1.152,55777,7,C:\\Windows\\System32\\cmd.exe,0x0,0x0,Explicit credentials used by EMPRESA\mgarcia from SRV-MON-001,0,none,Internal,LAN,,
2026-04-26 06:16:26,WIN11-SEC-022,Microsoft-Windows-Security-Auditing,Security,4634,An account was logged off,EMPRESA,lcastro,SRV-MON-001,192.168.1.82,51763,10,C:\\Windows\\System32\\cmd.exe,0x0,0x0,Logoff for EMPRESA\lcastro from workstation SRV-MON-001,0,none,Internal,LAN,,
2026-04-26 06:18:38,WIN-SRV-APP01,Microsoft-Windows-Security-Auditing,Security,4624,An account was successfully logged on,EMPRESA,crojas,PC-RRHH-002,192.168.1.44,53944,7,C:\\Program Files\\Microsoft Defender\\MsMpEng.exe,0x0,0x0,Successful logon for EMPRESA\crojas from 192.168.1.44 using logon type 7,0,none,Internal,LAN,,
2026-04-26 06:19:24,WIN-SRV-APP01,Microsoft-Windows-Security-Auditing,Security,4624,An account was successfully logged on,LOCAL,analista01,SRV-MON-001,10.10.193.111,59081,2,C:\\Windows\\System32\\svchost.exe,0x0,0x0,Successful logon for LOCAL\analista01 from 10.10.193.111 using logon type 2,0,none,Internal,LAN,,
2026-04-26 06:19:30,WIN11-SEC-022,Microsoft-Windows-Security-Auditing,Security,4688,A new process has been created,LOCAL,mgarcia,SRV-MON-001,172.16.20.162,61007,2,C:\\Windows\\System32\\svchost.exe,0x0,0x0,Process created by LOCAL\mgarcia: C:\\Windows\\System32\\svchost.exe,0,none,Internal,LAN,,
2026-04-26 06:21:12,WIN-SRV-FILE01,Microsoft-Windows-Security-Auditing,Security,4648,A logon was attempted using explicit credentials,EMPRESA,crojas,PC-RRHH-002,10.10.233.222,55000,7,C:\\Windows\\System32\\winlogon.exe,0x0,0x0,Explicit credentials used by EMPRESA\crojas from PC-RRHH-002,0,none,Internal,LAN,,
2026-04-26 06:21:25,WIN-SRV-FILE01,Microsoft-Windows-Security-Auditing,Security,4624,An account was successfully logged on,EMPRESA,jperez,SRV-MON-001,172.16.20.122,60093,2,C:\\Program Files\\Google\\Chrome\\Application\\chrome.exe,0x0,0x0,Successful logon for EMPRESA\jperez from 172.16.20.122 using logon type 2,0,none,Internal,LAN,,
2026-04-26 06:22:38,WIN11-SEC-022,Microsoft-Windows-Security-Auditing,Security,4688,A new process has been created,EMPRESA,analista01,LAP-GER-003,10.10.69.6,52890,2,C:\\Windows\\System32\\lsass.exe,0x0,0x0,Process created by EMPRESA\analista01: C:\\Windows\\System32\\lsass.exe,0,none,Internal,LAN,,
2026-04-26 06:22:40,WIN-SRV-DC01,Microsoft-Windows-Security-Auditing,Security,4688,A new process has been created,EMPRESA,finanzas02,SRV-MON-001,192.168.1.152,63113,2,C:\\Windows\\System32\\cmd.exe,0x0,0x0,Process created by EMPRESA\finanzas02: C:\\Windows\\System32\\cmd.exe,0,none,Internal,LAN,,
2026-04-26 06:23:57,WIN11-SEC-022,Microsoft-Windows-Security-Auditing,Security,4634,An account was logged off,CORP,dtorres,LAP-GER-003,10.10.162.16,62174,2,C:\\Program Files\\Microsoft Defender\\MsMpEng.exe,0x0,0x0,Logoff for CORP\dtorres from workstation LAP-GER-003,0,none,Internal,LAN,,
2026-04-26 06:26:22,WIN11-SEC-022,Microsoft-Windows-Security-Auditing,Security,4624,An account was successfully logged on,CORP,svc_monitor,PC-FIN-001,192.168.1.166,50137,7,C:\\Program Files\\Microsoft Defender\\MsMpEng.exe,0x0,0x0,Successful logon for CORP\svc_monitor from 192.168.1.166 using logon type 7,0,none,Internal,LAN,,
2026-04-26 06:26:31,WIN-SRV-DC01,Microsoft-Windows-Security-Auditing,Security,4624,An account was successfully logged on,LOCAL,crojas,PC-FIN-001,172.16.20.27,49323,2,C:\\Windows\\System32\\winlogon.exe,0x0,0x0,Successful logon for LOCAL\crojas from 172.16.20.27 using logon type 2,0,none,Internal,LAN,,
2026-04-26 06:27:31,WIN-SRV-DC01,Microsoft-Windows-Security-Auditing,Security,4624,An account was successfully logged on,EMPRESA,analista01,SRV-MON-001,172.16.20.133,55887,2,C:\\Windows\\System32\\lsass.exe,0x0,0x0,Successful logon for EMPRESA\analista01 from 172.16.20.133 using logon type 2,0,none,Internal,LAN,,
2026-04-26 06:27:50,WIN-SRV-APP01,Microsoft-Windows-Security-Auditing,Security,4624,An account was successfully logged on,CORP,helpdesk01,PC-OPS-014,172.16.20.218,51065,2,C:\\Program Files\\Microsoft Defender\\MsMpEng.exe,0x0,0x0,Successful logon for CORP\helpdesk01 from 172.16.20.218 using logon type 2,0,none,Internal,LAN,,
2026-04-26 06:28:05,WIN-SRV-DC01,Microsoft-Windows-Security-Auditing,Security,4634,An account was logged off,CORP,alopez,LAP-GER-003,10.10.77.51,63047,2,C:\\Program Files\\Google\\Chrome\\Application\\chrome.exe,0x0,0x0,Logoff for CORP\alopez from workstation LAP-GER-003,0,none,Internal,LAN,,
2026-04-26 06:36:06,WIN11-SEC-022,Microsoft-Windows-Security-Auditing,Security,4624,An account was successfully logged on,LOCAL,jperez,LAP-GER-003,10.10.186.249,63178,10,C:\\Windows\\System32\\svchost.exe,0x0,0x0,Successful logon for LOCAL\jperez from 10.10.186.249 using logon type 10,0,none,Internal,LAN,,
2026-04-26 06:36:57,WIN-SRV-DC01,Microsoft-Windows-Security-Auditing,Security,4634,An account was logged off,LOCAL,alopez,PC-OPS-014,172.16.20.253,51754,7,C:\\Windows\\System32\\svchost.exe,0x0,0x0,Logoff for LOCAL\alopez from workstation PC-OPS-014,0,none,Internal,LAN,,
2026-04-26 06:39:22,WIN11-SEC-022,Microsoft-Windows-Security-Auditing,Security,4624,An account was successfully logged on,LOCAL,mgarcia,LAP-GER-003,10.10.196.174,59354,10,C:\\Program Files\\Google\\Chrome\\Application\\chrome.exe,0x0,0x0,Successful logon for LOCAL\mgarcia from 10.10.196.174 using logon type 10,0,none,Internal,LAN,,
2026-04-26 06:42:53,WIN-SRV-APP01,Microsoft-Windows-Security-Auditing,Security,4624,An account was successfully logged on,LOCAL,analista01,SRV-MON-001,10.10.255.106,53219,7,C:\\Program Files\\Microsoft Defender\\MsMpEng.exe,0x0,0x0,Successful logon for LOCAL\analista01 from 10.10.255.106 using logon type 7,0,none,Internal,LAN,,
2026-04-26 06:43:05,WIN11-SEC-022,Microsoft-Windows-Security-Auditing,Security,4624,An account was successfully logged on,CORP,jperez,PC-RRHH-002,192.168.1.82,55441,10,C:\\Windows\\System32\\lsass.exe,0x0,0x0,Successful logon for CORP\jperez from 192.168.1.82 using logon type 10,0,none,Internal,LAN,,
2026-04-26 06:43:25,WIN-SRV-DC01,Microsoft-Windows-Security-Auditing,Security,4624,An account was successfully logged on,EMPRESA,helpdesk01,PC-OPS-014,192.168.1.62,51132,7,C:\\Program Files\\Google\\Chrome\\Application\\chrome.exe,0x0,0x0,Successful logon for EMPRESA\helpdesk01 from 192.168.1.62 using logon type 7,0,none,Internal,LAN,,
2026-04-26 06:44:14,WIN-SRV-APP01,Microsoft-Windows-Security-Auditing,Security,4624,An account was successfully logged on,LOCAL,analista01,PC-RRHH-002,10.10.178.230,51541,10,C:\\Windows\\System32\\cmd.exe,0x0,0x0,Successful logon for LOCAL\analista01 from 10.10.178.230 using logon type 10,0,none,Internal,LAN,,
2026-04-26 06:45:18,WIN11-SEC-022,Microsoft-Windows-Security-Auditing,Security,4688,A new process has been created,CORP,finanzas02,LAP-GER-003,10.10.71.245,58413,3,C:\\Windows\\System32\\WindowsPowerShell\\v1.0\\powershell.exe,0x0,0x0,Process created by CORP\finanzas02: C:\\Windows\\System32\\WindowsPowerShell\\v1.0\\powershell.exe,0,none,Internal,LAN,,
2026-04-26 06:46:40,WIN10-FIN-014,Microsoft-Windows-Security-Auditing,Security,4624,An account was successfully logged on,CORP,admin.ops,PC-RRHH-002,192.168.1.42,64719,3,C:\\Windows\\System32\\WindowsPowerShell\\v1.0\\powershell.exe,0x0,0x0,Successful logon for CORP\admin.ops from 192.168.1.42 using logon type 3,0,none,Internal,LAN,,
2026-04-26 06:46:41,WIN-SRV-APP01,Microsoft-Windows-Security-Auditing,Security,4648,A logon was attempted using explicit credentials,CORP,analista01,PC-OPS-014,10.10.188.76,49676,7,C:\\Program Files\\Google\\Chrome\\Application\\chrome.exe,0x0,0x0,Explicit credentials used by CORP\analista01 from PC-OPS-014,0,none,Internal,LAN,,
2026-04-26 06:47:15,WIN-SRV-APP01,Microsoft-Windows-Security-Auditing,Security,4624,An account was successfully logged on,EMPRESA,finanzas02,PC-OPS-014,172.16.20.58,53170,7,C:\\Windows\\System32\\WindowsPowerShell\\v1.0\\powershell.exe,0x0,0x0,Successful logon for EMPRESA\finanzas02 from 172.16.20.58 using logon type 7,0,none,Internal,LAN,,
2026-04-26 06:50:06,WIN10-FIN-014,Microsoft-Windows-Security-Auditing,Security,4634,An account was logged off,LOCAL,svc_monitor,SRV-MON-001,172.16.20.21,54671,7,C:\\Windows\\System32\\svchost.exe,0x0,0x0,Logoff for LOCAL\svc_monitor from workstation SRV-MON-001,0,none,Internal,LAN,,
2026-04-26 06:50:11,WIN-SRV-APP01,Microsoft-Windows-Security-Auditing,Security,4624,An account was successfully logged on,CORP,crojas,PC-FIN-001,192.168.1.39,52431,10,C:\\Windows\\System32\\winlogon.exe,0x0,0x0,Successful logon for CORP\crojas from 192.168.1.39 using logon type 10,0,none,Internal,LAN,,
2026-04-26 06:51:49,WIN-SRV-APP01,Microsoft-Windows-Security-Auditing,Security,4672,Special privileges assigned to new logon,EMPRESA,helpdesk01,PC-OPS-014,10.10.104.68,54293,10,C:\\Windows\\System32\\cmd.exe,0x0,0x0,Special privileges assigned to EMPRESA\helpdesk01,0,none,Internal,LAN,,
2026-04-26 06:51:49,WIN11-SEC-022,Microsoft-Windows-Security-Auditing,Security,4624,An account was successfully logged on,EMPRESA,dtorres,PC-FIN-001,10.10.180.75,64796,10,C:\\Windows\\System32\\svchost.exe,0x0,0x0,Successful logon for EMPRESA\dtorres from 10.10.180.75 using logon type 10,0,none,Internal,LAN,,
2026-04-26 06:54:49,WIN10-FIN-014,Microsoft-Windows-Security-Auditing,Security,4624,An account was successfully logged on,EMPRESA,mgarcia,LAP-GER-003,192.168.1.91,49997,2,C:\\Windows\\System32\\WindowsPowerShell\\v1.0\\powershell.exe,0x0,0x0,Successful logon for EMPRESA\mgarcia from 192.168.1.91 using logon type 2,0,none,Internal,LAN,,
2026-04-26 06:55:03,WIN11-SEC-022,Microsoft-Windows-Security-Auditing,Security,4688,A new process has been created,CORP,svc_monitor,PC-OPS-014,172.16.20.127,63010,2,C:\\Windows\\System32\\WindowsPowerShell\\v1.0\\powershell.exe,0x0,0x0,Process created by CORP\svc_monitor: C:\\Windows\\System32\\WindowsPowerShell\\v1.0\\powershell.exe,0,none,Internal,LAN,,
2026-04-26 06:57:51,WIN-SRV-FILE01,Microsoft-Windows-Security-Auditing,Security,4624,An account was successfully logged on,LOCAL,svc_backup,LAP-GER-003,10.10.26.233,49708,3,C:\\Windows\\System32\\lsass.exe,0x0,0x0,Successful logon for LOCAL\svc_backup from 10.10.26.233 using logon type 3,0,none,Internal,LAN,,
2026-04-26 07:00:00,WIN-SRV-FILE01,Microsoft-Windows-Security-Auditing,Security,4624,An account was successfully logged on,LOCAL,svc_monitor,PC-RRHH-002,192.168.1.57,60570,10,C:\\Windows\\System32\\svchost.exe,0x0,0x0,Successful logon for LOCAL\svc_monitor from 192.168.1.57 using logon type 10,0,none,Internal,LAN,,
2026-04-26 07:03:34,WIN11-SEC-022,Microsoft-Windows-Security-Auditing,Security,4688,A new process has been created,LOCAL,analista01,PC-FIN-001,10.10.15.70,59973,3,C:\\Program Files\\Microsoft Defender\\MsMpEng.exe,0x0,0x0,Process created by LOCAL\analista01: C:\\Program Files\\Microsoft Defender\\MsMpEng.exe,0,none,Internal,LAN,,
2026-04-26 07:04:20,WIN-SRV-APP01,Microsoft-Windows-Security-Auditing,Security,4624,An account was successfully logged on,CORP,mgarcia,PC-FIN-001,172.16.20.176,64545,7,C:\\Windows\\System32\\cmd.exe,0x0,0x0,Successful logon for CORP\mgarcia from 172.16.20.176 using logon type 7,0,none,Internal,LAN,,
2026-04-26 07:05:14,WIN-SRV-APP01,Microsoft-Windows-Security-Auditing,Security,4624,An account was successfully logged on,LOCAL,finanzas02,PC-RRHH-002,10.10.63.232,51583,3,C:\\Windows\\System32\\lsass.exe,0x0,0x0,Successful logon for LOCAL\finanzas02 from 10.10.63.232 using logon type 3,0,none,Internal,LAN,,
2026-04-26 07:05:37,WIN-SRV-DC01,Microsoft-Windows-Security-Auditing,Security,4624,An account was successfully logged on,CORP,lcastro,LAP-GER-003,172.16.20.211,50490,10,C:\\Windows\\System32\\lsass.exe,0x0,0x0,Successful logon for CORP\lcastro from 172.16.20.211 using logon type 10,0,none,Internal,LAN,,
2026-04-26 07:06:10,WIN10-FIN-014,Microsoft-Windows-Security-Auditing,Security,4672,Special privileges assigned to new logon,CORP,jperez,SRV-MON-001,10.10.177.74,55710,2,C:\\Program Files\\Google\\Chrome\\Application\\chrome.exe,0x0,0x0,Special privileges assigned to CORP\jperez,0,none,Internal,LAN,,
2026-04-26 07:06:33,WIN10-FIN-014,Microsoft-Windows-Security-Auditing,Security,4688,A new process has been created,LOCAL,analista01,LAP-GER-003,172.16.20.229,65408,2,C:\\Program Files\\Google\\Chrome\\Application\\chrome.exe,0x0,0x0,Process created by LOCAL\analista01: C:\\Program Files\\Google\\Chrome\\Application\\chrome.exe,0,none,Internal,LAN,,
2026-04-26 07:07:20,WIN11-SEC-022,Microsoft-Windows-Security-Auditing,Security,4634,An account was logged off,LOCAL,mgarcia,SRV-MON-001,172.16.20.22,52564,2,C:\\Windows\\System32\\svchost.exe,0x0,0x0,Logoff for LOCAL\mgarcia from workstation SRV-MON-001,0,none,Internal,LAN,,
2026-04-26 07:08:21,WIN11-SEC-022,Microsoft-Windows-Security-Auditing,Security,4672,Special privileges assigned to new logon,EMPRESA,svc_monitor,PC-OPS-014,192.168.1.183,50592,7,C:\\Windows\\System32\\cmd.exe,0x0,0x0,Special privileges assigned to EMPRESA\svc_monitor,0,none,Internal,LAN,,
2026-04-26 07:09:18,WIN10-FIN-014,Microsoft-Windows-Security-Auditing,Security,4672,Special privileges assigned to new logon,LOCAL,svc_backup,PC-FIN-001,10.10.43.61,61508,7,C:\\Windows\\System32\\WindowsPowerShell\\v1.0\\powershell.exe,0x0,0x0,Special privileges assigned to LOCAL\svc_backup,0,none,Internal,LAN,,
2026-04-26 07:09:40,WIN-SRV-DC01,Microsoft-Windows-Security-Auditing,Security,4634,An account was logged off,LOCAL,mgarcia,PC-OPS-014,172.16.20.210,53940,2,C:\\Windows\\System32\\svchost.exe,0x0,0x0,Logoff for LOCAL\mgarcia from workstation PC-OPS-014,0,none,Internal,LAN,,
2026-04-26 07:10:34,WIN-SRV-FILE01,Microsoft-Windows-Security-Auditing,Security,4688,A new process has been created,LOCAL,helpdesk01,PC-OPS-014,192.168.1.70,55441,10,C:\\Program Files\\Microsoft Defender\\MsMpEng.exe,0x0,0x0,Process created by LOCAL\helpdesk01: C:\\Program Files\\Microsoft Defender\\MsMpEng.exe,0,none,Internal,LAN,,
2026-04-26 07:11:46,WIN10-FIN-014,Microsoft-Windows-Security-Auditing,Security,4634,An account was logged off,CORP,admin.ops,LAP-GER-003,172.16.20.20,49314,10,C:\\Windows\\System32\\winlogon.exe,0x0,0x0,Logoff for CORP\admin.ops from workstation LAP-GER-003,0,none,Internal,LAN,,
2026-04-26 07:12:47,WIN-SRV-APP01,Microsoft-Windows-Security-Auditing,Security,4624,An account was successfully logged on,CORP,admin.ops,LAP-GER-003,192.168.1.244,51131,7,C:\\Windows\\System32\\winlogon.exe,0x0,0x0,Successful logon for CORP\admin.ops from 192.168.1.244 using logon type 7,0,none,Internal,LAN,,
2026-04-26 07:13:27,WIN10-FIN-014,Microsoft-Windows-Security-Auditing,Security,4624,An account was successfully logged on,CORP,crojas,LAP-GER-003,172.16.20.187,60172,3,C:\\Program Files\\Microsoft Defender\\MsMpEng.exe,0x0,0x0,Successful logon for CORP\crojas from 172.16.20.187 using logon type 3,0,none,Internal,LAN,,
2026-04-26 07:13:29,WIN-SRV-APP01,Microsoft-Windows-Security-Auditing,Security,4634,An account was logged off,CORP,alopez,SRV-MON-001,192.168.1.46,61840,2,C:\\Program Files\\Google\\Chrome\\Application\\chrome.exe,0x0,0x0,Logoff for CORP\alopez from workstation SRV-MON-001,0,none,Internal,LAN,,
2026-04-26 07:14:04,WIN10-FIN-014,Microsoft-Windows-Security-Auditing,Security,4624,An account was successfully logged on,LOCAL,finanzas02,PC-RRHH-002,10.10.110.217,59274,3,C:\\Program Files\\Google\\Chrome\\Application\\chrome.exe,0x0,0x0,Successful logon for LOCAL\finanzas02 from 10.10.110.217 using logon type 3,0,none,Internal,LAN,,
2026-04-26 07:14:33,WIN-SRV-FILE01,Microsoft-Windows-Security-Auditing,Security,4624,An account was successfully logged on,CORP,admin.ops,SRV-MON-001,192.168.1.206,52342,2,C:\\Windows\\System32\\svchost.exe,0x0,0x0,Successful logon for CORP\admin.ops from 192.168.1.206 using logon type 2,0,none,Internal,LAN,,
2026-04-26 07:14:47,WIN11-SEC-022,Microsoft-Windows-Security-Auditing,Security,4624,An account was successfully logged on,LOCAL,alopez,PC-FIN-001,10.10.56.132,61016,7,C:\\Program Files\\Microsoft Defender\\MsMpEng.exe,0x0,0x0,Successful logon for LOCAL\alopez from 10.10.56.132 using logon type 7,0,none,Internal,LAN,,
2026-04-26 07:15:08,WIN10-FIN-014,Microsoft-Windows-Security-Auditing,Security,4624,An account was successfully logged on,LOCAL,finanzas02,LAP-GER-003,192.168.1.91,59682,2,C:\\Windows\\System32\\svchost.exe,0x0,0x0,Successful logon for LOCAL\finanzas02 from 192.168.1.91 using logon type 2,0,none,Internal,LAN,,
2026-04-26 07:15:39,WIN-SRV-DC01,Microsoft-Windows-Security-Auditing,Security,4688,A new process has been created,EMPRESA,analista01,SRV-MON-001,10.10.233.83,56802,10,C:\\Windows\\System32\\lsass.exe,0x0,0x0,Process created by EMPRESA\analista01: C:\\Windows\\System32\\lsass.exe,0,none,Internal,LAN,,
2026-04-26 07:15:50,WIN10-FIN-014,Microsoft-Windows-Security-Auditing,Security,4624,An account was successfully logged on,EMPRESA,svc_monitor,PC-OPS-014,10.10.65.201,52471,2,C:\\Windows\\System32\\winlogon.exe,0x0,0x0,Successful logon for EMPRESA\svc_monitor from 10.10.65.201 using logon type 2,0,none,Internal,LAN,,
2026-04-26 07:16:44,WIN-SRV-APP01,Microsoft-Windows-Security-Auditing,Security,4634,An account was logged off,LOCAL,svc_monitor,PC-RRHH-002,10.10.241.125,60361,10,C:\\Windows\\System32\\cmd.exe,0x0,0x0,Logoff for LOCAL\svc_monitor from workstation PC-RRHH-002,0,none,Internal,LAN,,
2026-04-26 07:16:55,WIN-SRV-FILE01,Microsoft-Windows-Security-Auditing,Security,4624,An account was successfully logged on,CORP,svc_monitor,PC-RRHH-002,10.10.72.8,50373,2,C:\\Program Files\\Google\\Chrome\\Application\\chrome.exe,0x0,0x0,Successful logon for CORP\svc_monitor from 10.10.72.8 using logon type 2,0,none,Internal,LAN,,
2026-04-26 07:18:48,WIN10-FIN-014,Microsoft-Windows-Security-Auditing,Security,4624,An account was successfully logged on,EMPRESA,alopez,PC-RRHH-002,10.10.87.209,55503,10,C:\\Windows\\System32\\winlogon.exe,0x0,0x0,Successful logon for EMPRESA\alopez from 10.10.87.209 using logon type 10,0,none,Internal,LAN,,
2026-04-26 07:20:11,WIN-SRV-FILE01,Microsoft-Windows-Security-Auditing,Security,4624,An account was successfully logged on,CORP,helpdesk01,PC-FIN-001,192.168.1.157,51712,7,C:\\Windows\\System32\\cmd.exe,0x0,0x0,Successful logon for CORP\helpdesk01 from 192.168.1.157 using logon type 7,0,none,Internal,LAN,,
2026-04-26 07:21:23,WIN11-SEC-022,Microsoft-Windows-Security-Auditing,Security,4624,An account was successfully logged on,CORP,mgarcia,LAP-GER-003,10.10.131.255,58317,2,C:\\Windows\\System32\\winlogon.exe,0x0,0x0,Successful logon for CORP\mgarcia from 10.10.131.255 using logon type 2,0,none,Internal,LAN,,
2026-04-26 07:24:33,WIN-SRV-DC01,Microsoft-Windows-Security-Auditing,Security,4688,A new process has been created,LOCAL,mgarcia,SRV-MON-001,172.16.20.89,60934,3,C:\\Program Files\\Microsoft Defender\\MsMpEng.exe,0x0,0x0,Process created by LOCAL\mgarcia: C:\\Program Files\\Microsoft Defender\\MsMpEng.exe,0,none,Internal,LAN,,
2026-04-26 07:25:59,WIN11-SEC-022,Microsoft-Windows-Security-Auditing,Security,4634,An account was logged off,EMPRESA,svc_monitor,PC-FIN-001,192.168.1.119,54021,2,C:\\Program Files\\Google\\Chrome\\Application\\chrome.exe,0x0,0x0,Logoff for EMPRESA\svc_monitor from workstation PC-FIN-001,0,none,Internal,LAN,,
2026-04-26 07:26:08,WIN10-FIN-014,Microsoft-Windows-Security-Auditing,Security,4624,An account was successfully logged on,LOCAL,helpdesk01,PC-FIN-001,10.10.112.226,50967,3,C:\\Windows\\System32\\WindowsPowerShell\\v1.0\\powershell.exe,0x0,0x0,Successful logon for LOCAL\helpdesk01 from 10.10.112.226 using logon type 3,0,none,Internal,LAN,,
2026-04-26 07:26:22,WIN-SRV-APP01,Microsoft-Windows-Security-Auditing,Security,4624,An account was successfully logged on,CORP,crojas,PC-OPS-014,172.16.20.5,63167,10,C:\\Windows\\System32\\cmd.exe,0x0,0x0,Successful logon for CORP\crojas from 172.16.20.5 using logon type 10,0,none,Internal,LAN,,
2026-04-26 07:29:51,WIN-SRV-FILE01,Microsoft-Windows-Security-Auditing,Security,4624,An account was successfully logged on,LOCAL,mgarcia,LAP-GER-003,10.10.23.36,59758,7,C:\\Windows\\System32\\winlogon.exe,0x0,0x0,Successful logon for LOCAL\mgarcia from 10.10.23.36 using logon type 7,0,none,Internal,LAN,,
2026-04-26 07:30:01,WIN-SRV-APP01,Microsoft-Windows-Security-Auditing,Security,4624,An account was successfully logged on,CORP,helpdesk01,LAP-GER-003,172.16.20.191,56242,7,C:\\Windows\\System32\\WindowsPowerShell\\v1.0\\powershell.exe,0x0,0x0,Successful logon for CORP\helpdesk01 from 172.16.20.191 using logon type 7,0,none,Internal,LAN,,
2026-04-26 07:31:32,WIN-SRV-DC01,Microsoft-Windows-Security-Auditing,Security,4634,An account was logged off,EMPRESA,alopez,PC-OPS-014,172.16.20.213,49799,3,C:\\Windows\\System32\\WindowsPowerShell\\v1.0\\powershell.exe,0x0,0x0,Logoff for EMPRESA\alopez from workstation PC-OPS-014,0,none,Internal,LAN,,
2026-04-26 07:33:26,WIN11-SEC-022,Microsoft-Windows-Security-Auditing,Security,4634,An account was logged off,EMPRESA,helpdesk01,SRV-MON-001,172.16.20.205,62771,3,C:\\Program Files\\Microsoft Defender\\MsMpEng.exe,0x0,0x0,Logoff for EMPRESA\helpdesk01 from workstation SRV-MON-001,0,none,Internal,LAN,,
2026-04-26 07:35:18,WIN-SRV-APP01,Microsoft-Windows-Security-Auditing,Security,4624,An account was successfully logged on,CORP,mgarcia,SRV-MON-001,192.168.1.137,52286,2,C:\\Windows\\System32\\cmd.exe,0x0,0x0,Successful logon for CORP\mgarcia from 192.168.1.137 using logon type 2,0,none,Internal,LAN,,
2026-04-26 07:36:10,WIN-SRV-FILE01,Microsoft-Windows-Security-Auditing,Security,4624,An account was successfully logged on,LOCAL,jperez,LAP-GER-003,172.16.20.195,56447,3,C:\\Windows\\System32\\svchost.exe,0x0,0x0,Successful logon for LOCAL\jperez from 172.16.20.195 using logon type 3,0,none,Internal,LAN,,
2026-04-26 07:37:47,WIN-SRV-FILE01,Microsoft-Windows-Security-Auditing,Security,4624,An account was successfully logged on,CORP,admin.ops,PC-OPS-014,10.10.90.100,50706,7,C:\\Program Files\\Google\\Chrome\\Application\\chrome.exe,0x0,0x0,Successful logon for CORP\admin.ops from 10.10.90.100 using logon type 7,0,none,Internal,LAN,,
2026-04-26 07:41:42,WIN10-FIN-014,Microsoft-Windows-Security-Auditing,Security,4624,An account was successfully logged on,LOCAL,analista01,PC-OPS-014,192.168.1.6,51333,2,C:\\Windows\\System32\\cmd.exe,0x0,0x0,Successful logon for LOCAL\analista01 from 192.168.1.6 using logon type 2,0,none,Internal,LAN,,
2026-04-26 07:46:40,WIN-SRV-DC01,Microsoft-Windows-Security-Auditing,Security,4624,An account was successfully logged on,LOCAL,lcastro,PC-OPS-014,192.168.1.221,52715,2,C:\\Windows\\System32\\svchost.exe,0x0,0x0,Successful logon for LOCAL\lcastro from 192.168.1.221 using logon type 2,0,none,Internal,LAN,,
2026-04-26 07:49:12,WIN-SRV-FILE01,Microsoft-Windows-Security-Auditing,Security,4624,An account was successfully logged on,LOCAL,alopez,LAP-GER-003,172.16.20.213,49700,7,C:\\Windows\\System32\\winlogon.exe,0x0,0x0,Successful logon for LOCAL\alopez from 172.16.20.213 using logon type 7,0,none,Internal,LAN,,
2026-04-26 07:49:51,WIN11-SEC-022,Microsoft-Windows-Security-Auditing,Security,4624,An account was successfully logged on,EMPRESA,mgarcia,LAP-GER-003,10.10.215.171,61999,7,C:\\Program Files\\Microsoft Defender\\MsMpEng.exe,0x0,0x0,Successful logon for EMPRESA\mgarcia from 10.10.215.171 using logon type 7,0,none,Internal,LAN,,
2026-04-26 07:51:22,WIN10-FIN-014,Microsoft-Windows-Security-Auditing,Security,4634,An account was logged off,EMPRESA,crojas,PC-FIN-001,10.10.31.53,52548,10,C:\\Windows\\System32\\cmd.exe,0x0,0x0,Logoff for EMPRESA\crojas from workstation PC-FIN-001,0,none,Internal,LAN,,
2026-04-26 07:53:10,WIN-SRV-FILE01,Microsoft-Windows-Security-Auditing,Security,4624,An account was successfully logged on,EMPRESA,svc_monitor,SRV-MON-001,192.168.1.156,62484,2,C:\\Windows\\System32\\winlogon.exe,0x0,0x0,Successful logon for EMPRESA\svc_monitor from 192.168.1.156 using logon type 2,0,none,Internal,LAN,,
2026-04-26 07:53:40,WIN11-SEC-022,Microsoft-Windows-Security-Auditing,Security,4634,An account was logged off,EMPRESA,lcastro,PC-RRHH-002,192.168.1.90,50830,2,C:\\Program Files\\Microsoft Defender\\MsMpEng.exe,0x0,0x0,Logoff for EMPRESA\lcastro from workstation PC-RRHH-002,0,none,Internal,LAN,,
2026-04-26 07:54:14,WIN-SRV-FILE01,Microsoft-Windows-Security-Auditing,Security,4634,An account was logged off,CORP,lcastro,SRV-MON-001,172.16.20.253,49400,10,C:\\Program Files\\Microsoft Defender\\MsMpEng.exe,0x0,0x0,Logoff for CORP\lcastro from workstation SRV-MON-001,0,none,Internal,LAN,,
2026-04-26 07:57:17,WIN-SRV-APP01,Microsoft-Windows-Security-Auditing,Security,4634,An account was logged off,CORP,crojas,SRV-MON-001,172.16.20.180,65258,2,C:\\Windows\\System32\\svchost.exe,0x0,0x0,Logoff for CORP\crojas from workstation SRV-MON-001,0,none,Internal,LAN,,
2026-04-26 07:57:24,WIN-SRV-FILE01,Microsoft-Windows-Security-Auditing,Security,4634,An account was logged off,LOCAL,finanzas02,LAP-GER-003,172.16.20.82,61780,7,C:\\Program Files\\Google\\Chrome\\Application\\chrome.exe,0x0,0x0,Logoff for LOCAL\finanzas02 from workstation LAP-GER-003,0,none,Internal,LAN,,
2026-04-26 07:57:56,WIN-SRV-DC01,Microsoft-Windows-Security-Auditing,Security,4624,An account was successfully logged on,LOCAL,svc_backup,PC-RRHH-002,172.16.20.146,60758,7,C:\\Windows\\System32\\winlogon.exe,0x0,0x0,Successful logon for LOCAL\svc_backup from 172.16.20.146 using logon type 7,0,none,Internal,LAN,,
2026-04-26 07:58:09,WIN-SRV-APP01,Microsoft-Windows-Security-Auditing,Security,4624,An account was successfully logged on,EMPRESA,jperez,LAP-GER-003,192.168.1.37,59303,3,C:\\Windows\\System32\\svchost.exe,0x0,0x0,Successful logon for EMPRESA\jperez from 192.168.1.37 using logon type 3,0,none,Internal,LAN,,
2026-04-26 07:58:13,WIN-SRV-DC01,Microsoft-Windows-Security-Auditing,Security,4688,A new process has been created,LOCAL,crojas,SRV-MON-001,192.168.1.118,50124,2,C:\\Program Files\\Microsoft Defender\\MsMpEng.exe,0x0,0x0,Process created by LOCAL\crojas: C:\\Program Files\\Microsoft Defender\\MsMpEng.exe,0,none,Internal,LAN,,
2026-04-26 07:59:15,WIN11-SEC-022,Microsoft-Windows-Security-Auditing,Security,4672,Special privileges assigned to new logon,LOCAL,svc_monitor,SRV-MON-001,192.168.1.213,60414,3,C:\\Windows\\System32\\WindowsPowerShell\\v1.0\\powershell.exe,0x0,0x0,Special privileges assigned to LOCAL\svc_monitor,0,none,Internal,LAN,,
2026-04-26 08:00:00,WIN-SRV-FILE01,Microsoft-Windows-Security-Auditing,Security,4624,An account was successfully logged on,CORP,dtorres,PC-RRHH-002,192.168.1.174,49222,7,C:\\Windows\\System32\\cmd.exe,0x0,0x0,Successful logon for CORP\dtorres from 192.168.1.174 using logon type 7,0,none,Internal,LAN,,
2026-04-26 08:01:21,WIN11-SEC-022,Microsoft-Windows-Security-Auditing,Security,4688,A new process has been created,EMPRESA,alopez,PC-OPS-014,192.168.1.191,55156,2,C:\\Windows\\System32\\svchost.exe,0x0,0x0,Process created by EMPRESA\alopez: C:\\Windows\\System32\\svchost.exe,0,none,Internal,LAN,,
2026-04-26 08:01:33,WIN-SRV-FILE01,Microsoft-Windows-Security-Auditing,Security,4624,An account was successfully logged on,CORP,admin.ops,SRV-MON-001,172.16.20.30,64808,2,C:\\Windows\\System32\\cmd.exe,0x0,0x0,Successful logon for CORP\admin.ops from 172.16.20.30 using logon type 2,0,none,Internal,LAN,,
2026-04-26 08:06:18,WIN-SRV-DC01,Microsoft-Windows-Security-Auditing,Security,4634,An account was logged off,CORP,svc_backup,PC-FIN-001,172.16.20.151,54312,10,C:\\Program Files\\Microsoft Defender\\MsMpEng.exe,0x0,0x0,Logoff for CORP\svc_backup from workstation PC-FIN-001,0,none,Internal,LAN,,
2026-04-26 08:06:45,WIN-SRV-FILE01,Microsoft-Windows-Security-Auditing,Security,4688,A new process has been created,LOCAL,lcastro,PC-RRHH-002,172.16.20.124,54689,2,C:\\Windows\\System32\\cmd.exe,0x0,0x0,Process created by LOCAL\lcastro: C:\\Windows\\System32\\cmd.exe,0,none,Internal,LAN,,
2026-04-26 08:08:56,WIN-SRV-APP01,Microsoft-Windows-Security-Auditing,Security,4634,An account was logged off,LOCAL,crojas,PC-RRHH-002,10.10.173.160,64621,10,C:\\Windows\\System32\\svchost.exe,0x0,0x0,Logoff for LOCAL\crojas from workstation PC-RRHH-002,0,none,Internal,LAN,,
2026-04-26 08:09:53,WIN-SRV-APP01,Microsoft-Windows-Security-Auditing,Security,4634,An account was logged off,CORP,jperez,PC-RRHH-002,172.16.20.229,49189,2,C:\\Windows\\System32\\winlogon.exe,0x0,0x0,Logoff for CORP\jperez from workstation PC-RRHH-002,0,none,Internal,LAN,,
2026-04-26 08:10:02,WIN11-SEC-022,Microsoft-Windows-Security-Auditing,Security,4688,A new process has been created,CORP,finanzas02,SRV-MON-001,192.168.1.67,49439,10,C:\\Program Files\\Microsoft Defender\\MsMpEng.exe,0x0,0x0,Process created by CORP\finanzas02: C:\\Program Files\\Microsoft Defender\\MsMpEng.exe,0,none,Internal,LAN,,
2026-04-26 08:10:03,WIN11-SEC-022,Microsoft-Windows-Security-Auditing,Security,4624,An account was successfully logged on,CORP,crojas,PC-FIN-001,10.10.117.208,50315,10,C:\\Windows\\System32\\lsass.exe,0x0,0x0,Successful logon for CORP\crojas from 10.10.117.208 using logon type 10,0,none,Internal,LAN,,
2026-04-26 08:12:54,WIN-SRV-FILE01,Microsoft-Windows-Security-Auditing,Security,4624,An account was successfully logged on,EMPRESA,svc_backup,PC-FIN-001,172.16.20.108,64913,3,C:\\Program Files\\Microsoft Defender\\MsMpEng.exe,0x0,0x0,Successful logon for EMPRESA\svc_backup from 172.16.20.108 using logon type 3,0,none,Internal,LAN,,
2026-04-26 08:13:45,WIN-SRV-FILE01,Microsoft-Windows-Security-Auditing,Security,4624,An account was successfully logged on,LOCAL,jperez,PC-OPS-014,10.10.242.108,59332,2,C:\\Windows\\System32\\cmd.exe,0x0,0x0,Successful logon for LOCAL\jperez from 10.10.242.108 using logon type 2,0,none,Internal,LAN,,
2026-04-26 08:14:31,WIN11-SEC-022,Microsoft-Windows-Security-Auditing,Security,4624,An account was successfully logged on,EMPRESA,finanzas02,PC-OPS-014,172.16.20.98,63513,2,C:\\Program Files\\Microsoft Defender\\MsMpEng.exe,0x0,0x0,Successful logon for EMPRESA\finanzas02 from 172.16.20.98 using logon type 2,0,none,Internal,LAN,,
2026-04-26 08:15:29,WIN-SRV-FILE01,Microsoft-Windows-Security-Auditing,Security,4688,A new process has been created,EMPRESA,jperez,PC-FIN-001,172.16.20.91,50920,3,C:\\Program Files\\Google\\Chrome\\Application\\chrome.exe,0x0,0x0,Process created by EMPRESA\jperez: C:\\Program Files\\Google\\Chrome\\Application\\chrome.exe,0,none,Internal,LAN,,
2026-04-26 08:15:51,WIN-SRV-APP01,Microsoft-Windows-Security-Auditing,Security,4688,A new process has been created,CORP,jperez,PC-FIN-001,192.168.1.23,53097,7,C:\\Windows\\System32\\lsass.exe,0x0,0x0,Process created by CORP\jperez: C:\\Windows\\System32\\lsass.exe,0,none,Internal,LAN,,
2026-04-26 08:20:03,WIN10-FIN-014,Microsoft-Windows-Security-Auditing,Security,4624,An account was successfully logged on,CORP,mgarcia,PC-OPS-014,192.168.1.136,61073,2,C:\\Program Files\\Microsoft Defender\\MsMpEng.exe,0x0,0x0,Successful logon for CORP\mgarcia from 192.168.1.136 using logon type 2,0,none,Internal,LAN,,
2026-04-26 08:20:40,WIN-SRV-DC01,Microsoft-Windows-Security-Auditing,Security,4634,An account was logged off,CORP,svc_monitor,PC-FIN-001,10.10.131.122,49422,3,C:\\Windows\\System32\\svchost.exe,0x0,0x0,Logoff for CORP\svc_monitor from workstation PC-FIN-001,0,none,Internal,LAN,,
2026-04-26 08:24:33,WIN-SRV-APP01,Microsoft-Windows-Security-Auditing,Security,4634,An account was logged off,LOCAL,svc_monitor,LAP-GER-003,172.16.20.25,63946,3,C:\\Windows\\System32\\svchost.exe,0x0,0x0,Logoff for LOCAL\svc_monitor from workstation LAP-GER-003,0,none,Internal,LAN,,
2026-04-26 08:26:13,WIN-SRV-DC01,Microsoft-Windows-Security-Auditing,Security,4624,An account was successfully logged on,LOCAL,admin.ops,SRV-MON-001,172.16.20.8,50436,7,C:\\Program Files\\Microsoft Defender\\MsMpEng.exe,0x0,0x0,Successful logon for LOCAL\admin.ops from 172.16.20.8 using logon type 7,0,none,Internal,LAN,,
2026-04-26 08:28:09,WIN-SRV-APP01,Microsoft-Windows-Security-Auditing,Security,4624,An account was successfully logged on,EMPRESA,alopez,PC-OPS-014,172.16.20.129,63075,3,C:\\Windows\\System32\\cmd.exe,0x0,0x0,Successful logon for EMPRESA\alopez from 172.16.20.129 using logon type 3,0,none,Internal,LAN,,
2026-04-26 08:29:50,WIN-SRV-APP01,Microsoft-Windows-Security-Auditing,Security,4634,An account was logged off,EMPRESA,dtorres,SRV-MON-001,10.10.239.255,53092,7,C:\\Windows\\System32\\winlogon.exe,0x0,0x0,Logoff for EMPRESA\dtorres from workstation SRV-MON-001,0,none,Internal,LAN,,
2026-04-26 08:30:41,WIN10-FIN-014,Microsoft-Windows-Security-Auditing,Security,4648,A logon was attempted using explicit credentials,CORP,dtorres,LAP-GER-003,192.168.1.129,63450,7,C:\\Windows\\System32\\cmd.exe,0x0,0x0,Explicit credentials used by CORP\dtorres from LAP-GER-003,0,none,Internal,LAN,,
2026-04-26 08:33:46,WIN-SRV-FILE01,Microsoft-Windows-Security-Auditing,Security,4624,An account was successfully logged on,LOCAL,mgarcia,PC-FIN-001,10.10.108.52,51483,10,C:\\Program Files\\Microsoft Defender\\MsMpEng.exe,0x0,0x0,Successful logon for LOCAL\mgarcia from 10.10.108.52 using logon type 10,0,none,Internal,LAN,,
2026-04-26 08:37:16,WIN-SRV-DC01,Microsoft-Windows-Security-Auditing,Security,4688,A new process has been created,LOCAL,lcastro,LAP-GER-003,172.16.20.40,61099,10,C:\\Program Files\\Google\\Chrome\\Application\\chrome.exe,0x0,0x0,Process created by LOCAL\lcastro: C:\\Program Files\\Google\\Chrome\\Application\\chrome.exe,0,none,Internal,LAN,,
2026-04-26 08:40:23,WIN-SRV-APP01,Microsoft-Windows-Security-Auditing,Security,4688,A new process has been created,LOCAL,lcastro,PC-OPS-014,10.10.242.230,63665,2,C:\\Windows\\System32\\svchost.exe,0x0,0x0,Process created by LOCAL\lcastro: C:\\Windows\\System32\\svchost.exe,0,none,Internal,LAN,,
2026-04-26 08:40:38,WIN-SRV-DC01,Microsoft-Windows-Security-Auditing,Security,4634,An account was logged off,EMPRESA,crojas,PC-OPS-014,192.168.1.71,53026,10,C:\\Windows\\System32\\cmd.exe,0x0,0x0,Logoff for EMPRESA\crojas from workstation PC-OPS-014,0,none,Internal,LAN,,
2026-04-26 08:40:54,WIN-SRV-FILE01,Microsoft-Windows-Security-Auditing,Security,4624,An account was successfully logged on,EMPRESA,admin.ops,LAP-GER-003,172.16.20.27,59658,7,C:\\Windows\\System32\\lsass.exe,0x0,0x0,Successful logon for EMPRESA\admin.ops from 172.16.20.27 using logon type 7,0,none,Internal,LAN,,
2026-04-26 08:40:55,WIN-SRV-FILE01,Microsoft-Windows-Security-Auditing,Security,4634,An account was logged off,CORP,crojas,PC-FIN-001,192.168.1.226,49387,3,C:\\Windows\\System32\\lsass.exe,0x0,0x0,Logoff for CORP\crojas from workstation PC-FIN-001,0,none,Internal,LAN,,
2026-04-26 08:41:28,WIN-SRV-DC01,Microsoft-Windows-Security-Auditing,Security,4624,An account was successfully logged on,CORP,jperez,SRV-MON-001,192.168.1.236,60195,2,C:\\Windows\\System32\\svchost.exe,0x0,0x0,Successful logon for CORP\jperez from 192.168.1.236 using logon type 2,0,none,Internal,LAN,,
2026-04-26 08:43:50,WIN-SRV-DC01,Microsoft-Windows-Security-Auditing,Security,4624,An account was successfully logged on,CORP,svc_backup,LAP-GER-003,10.10.199.116,57317,3,C:\\Windows\\System32\\WindowsPowerShell\\v1.0\\powershell.exe,0x0,0x0,Successful logon for CORP\svc_backup from 10.10.199.116 using logon type 3,0,none,Internal,LAN,,
2026-04-26 08:45:55,WIN11-SEC-022,Microsoft-Windows-Security-Auditing,Security,4634,An account was logged off,CORP,mgarcia,LAP-GER-003,172.16.20.169,57952,10,C:\\Windows\\System32\\winlogon.exe,0x0,0x0,Logoff for CORP\mgarcia from workstation LAP-GER-003,0,none,Internal,LAN,,
2026-04-26 08:47:47,WIN-SRV-APP01,Microsoft-Windows-Security-Auditing,Security,4624,An account was successfully logged on,LOCAL,jperez,PC-FIN-001,10.10.32.45,60753,7,C:\\Windows\\System32\\svchost.exe,0x0,0x0,Successful logon for LOCAL\jperez from 10.10.32.45 using logon type 7,0,none,Internal,LAN,,
2026-04-26 08:47:55,WIN11-SEC-022,Microsoft-Windows-Security-Auditing,Security,4624,An account was successfully logged on,EMPRESA,mgarcia,LAP-GER-003,172.16.20.26,59990,2,C:\\Windows\\System32\\lsass.exe,0x0,0x0,Successful logon for EMPRESA\mgarcia from 172.16.20.26 using logon type 2,0,none,Internal,LAN,,
2026-04-26 08:50:01,WIN11-SEC-022,Microsoft-Windows-Security-Auditing,Security,4624,An account was successfully logged on,EMPRESA,mgarcia,SRV-MON-001,172.16.20.223,55467,3,C:\\Windows\\System32\\winlogon.exe,0x0,0x0,Successful logon for EMPRESA\mgarcia from 172.16.20.223 using logon type 3,0,none,Internal,LAN,,
2026-04-26 08:50:06,WIN10-FIN-014,Microsoft-Windows-Security-Auditing,Security,4624,An account was successfully logged on,LOCAL,svc_backup,PC-RRHH-002,192.168.1.163,59871,7,C:\\Windows\\System32\\svchost.exe,0x0,0x0,Successful logon for LOCAL\svc_backup from 192.168.1.163 using logon type 7,0,none,Internal,LAN,,
2026-04-26 08:50:49,WIN-SRV-FILE01,Microsoft-Windows-Security-Auditing,Security,4624,An account was successfully logged on,CORP,dtorres,PC-RRHH-002,10.10.117.129,64070,3,C:\\Windows\\System32\\svchost.exe,0x0,0x0,Successful logon for CORP\dtorres from 10.10.117.129 using logon type 3,0,none,Internal,LAN,,
2026-04-26 08:53:08,WIN10-FIN-014,Microsoft-Windows-Security-Auditing,Security,4688,A new process has been created,CORP,admin.ops,SRV-MON-001,192.168.1.119,56070,7,C:\\Windows\\System32\\lsass.exe,0x0,0x0,Process created by CORP\admin.ops: C:\\Windows\\System32\\lsass.exe,0,none,Internal,LAN,,
2026-04-26 08:54:51,WIN11-SEC-022,Microsoft-Windows-Security-Auditing,Security,4634,An account was logged off,CORP,svc_backup,PC-OPS-014,192.168.1.92,64976,2,C:\\Windows\\System32\\lsass.exe,0x0,0x0,Logoff for CORP\svc_backup from workstation PC-OPS-014,0,none,Internal,LAN,,
2026-04-26 08:55:52,WIN-SRV-DC01,Microsoft-Windows-Security-Auditing,Security,4688,A new process has been created,EMPRESA,analista01,LAP-GER-003,10.10.69.76,51592,7,C:\\Windows\\System32\\lsass.exe,0x0,0x0,Process created by EMPRESA\analista01: C:\\Windows\\System32\\lsass.exe,0,none,Internal,LAN,,
2026-04-26 08:56:47,WIN-SRV-APP01,Microsoft-Windows-Security-Auditing,Security,4688,A new process has been created,EMPRESA,alopez,LAP-GER-003,10.10.191.171,52896,2,C:\\Program Files\\Microsoft Defender\\MsMpEng.exe,0x0,0x0,Process created by EMPRESA\alopez: C:\\Program Files\\Microsoft Defender\\MsMpEng.exe,0,none,Internal,LAN,,
2026-04-26 08:57:20,WIN-SRV-DC01,Microsoft-Windows-Security-Auditing,Security,4624,An account was successfully logged on,EMPRESA,mgarcia,SRV-MON-001,192.168.1.153,53365,7,C:\\Windows\\System32\\lsass.exe,0x0,0x0,Successful logon for EMPRESA\mgarcia from 192.168.1.153 using logon type 7,0,none,Internal,LAN,,
2026-04-26 08:58:00,WIN-SRV-FILE01,Microsoft-Windows-Security-Auditing,Security,4634,An account was logged off,LOCAL,helpdesk01,PC-OPS-014,192.168.1.189,54873,2,C:\\Program Files\\Microsoft Defender\\MsMpEng.exe,0x0,0x0,Logoff for LOCAL\helpdesk01 from workstation PC-OPS-014,0,none,Internal,LAN,,
2026-04-26 08:58:38,WIN-SRV-APP01,Microsoft-Windows-Security-Auditing,Security,4624,An account was successfully logged on,CORP,analista01,PC-RRHH-002,10.10.254.14,53138,3,C:\\Windows\\System32\\WindowsPowerShell\\v1.0\\powershell.exe,0x0,0x0,Successful logon for CORP\analista01 from 10.10.254.14 using logon type 3,0,none,Internal,LAN,,
2026-04-26 08:59:24,WIN10-FIN-014,Microsoft-Windows-Security-Auditing,Security,4688,A new process has been created,LOCAL,lcastro,PC-RRHH-002,192.168.1.67,63981,2,C:\\Windows\\System32\\cmd.exe,0x0,0x0,Process created by LOCAL\lcastro: C:\\Windows\\System32\\cmd.exe,0,none,Internal,LAN,,
2026-04-26 09:00:16,WIN11-SEC-022,Microsoft-Windows-Security-Auditing,Security,4624,An account was successfully logged on,EMPRESA,dtorres,SRV-MON-001,192.168.1.65,56158,3,C:\\Windows\\System32\\svchost.exe,0x0,0x0,Successful logon for EMPRESA\dtorres from 192.168.1.65 using logon type 3,0,none,Internal,LAN,,
2026-04-26 09:00:41,WIN-SRV-FILE01,Microsoft-Windows-Security-Auditing,Security,4634,An account was logged off,EMPRESA,dtorres,PC-RRHH-002,172.16.20.166,64934,7,C:\\Windows\\System32\\cmd.exe,0x0,0x0,Logoff for EMPRESA\dtorres from workstation PC-RRHH-002,0,none,Internal,LAN,,
2026-04-26 09:01:42,WIN-SRV-FILE01,Microsoft-Windows-Security-Auditing,Security,4624,An account was successfully logged on,LOCAL,dtorres,LAP-GER-003,10.10.98.3,50649,10,C:\\Windows\\System32\\WindowsPowerShell\\v1.0\\powershell.exe,0x0,0x0,Successful logon for LOCAL\dtorres from 10.10.98.3 using logon type 10,0,none,Internal,LAN,,
2026-04-26 09:04:31,WIN11-SEC-022,Microsoft-Windows-Security-Auditing,Security,4634,An account was logged off,EMPRESA,finanzas02,PC-OPS-014,172.16.20.30,53915,7,C:\\Windows\\System32\\lsass.exe,0x0,0x0,Logoff for EMPRESA\finanzas02 from workstation PC-OPS-014,0,none,Internal,LAN,,
2026-04-26 09:04:55,WIN-SRV-FILE01,Microsoft-Windows-Security-Auditing,Security,4624,An account was successfully logged on,LOCAL,crojas,PC-OPS-014,192.168.1.222,52355,2,C:\\Windows\\System32\\svchost.exe,0x0,0x0,Successful logon for LOCAL\crojas from 192.168.1.222 using logon type 2,0,none,Internal,LAN,,
2026-04-26 09:05:09,WIN10-FIN-014,Microsoft-Windows-Security-Auditing,Security,4634,An account was logged off,EMPRESA,dtorres,LAP-GER-003,10.10.190.75,61869,7,C:\\Windows\\System32\\lsass.exe,0x0,0x0,Logoff for EMPRESA\dtorres from workstation LAP-GER-003,0,none,Internal,LAN,,
2026-04-26 09:06:10,WIN10-FIN-014,Microsoft-Windows-Security-Auditing,Security,4634,An account was logged off,EMPRESA,dtorres,LAP-GER-003,10.10.45.250,62300,7,C:\\Windows\\System32\\winlogon.exe,0x0,0x0,Logoff for EMPRESA\dtorres from workstation LAP-GER-003,0,none,Internal,LAN,,
2026-04-26 09:08:07,WIN-SRV-DC01,Microsoft-Windows-Security-Auditing,Security,4634,An account was logged off,EMPRESA,analista01,PC-OPS-014,172.16.20.242,49161,2,C:\\Windows\\System32\\cmd.exe,0x0,0x0,Logoff for EMPRESA\analista01 from workstation PC-OPS-014,0,none,Internal,LAN,,
2026-04-26 09:08:09,WIN11-SEC-022,Microsoft-Windows-Security-Auditing,Security,4624,An account was successfully logged on,CORP,mgarcia,LAP-GER-003,10.10.109.34,63659,2,C:\\Windows\\System32\\WindowsPowerShell\\v1.0\\powershell.exe,0x0,0x0,Successful logon for CORP\mgarcia from 10.10.109.34 using logon type 2,0,none,Internal,LAN,,
2026-04-26 09:08:41,WIN-SRV-FILE01,Microsoft-Windows-Security-Auditing,Security,4624,An account was successfully logged on,CORP,svc_monitor,LAP-GER-003,10.10.223.36,65025,7,C:\\Windows\\System32\\WindowsPowerShell\\v1.0\\powershell.exe,0x0,0x0,Successful logon for CORP\svc_monitor from 10.10.223.36 using logon type 7,0,none,Internal,LAN,,
2026-04-26 09:08:52,WIN-SRV-APP01,Microsoft-Windows-Security-Auditing,Security,4624,An account was successfully logged on,LOCAL,dtorres,PC-RRHH-002,192.168.1.144,61234,7,C:\\Program Files\\Google\\Chrome\\Application\\chrome.exe,0x0,0x0,Successful logon for LOCAL\dtorres from 192.168.1.144 using logon type 7,0,none,Internal,LAN,,
2026-04-26 09:09:02,WIN-SRV-APP01,Microsoft-Windows-Security-Auditing,Security,4634,An account was logged off,EMPRESA,svc_monitor,PC-FIN-001,192.168.1.127,64188,3,C:\\Windows\\System32\\svchost.exe,0x0,0x0,Logoff for EMPRESA\svc_monitor from workstation PC-FIN-001,0,none,Internal,LAN,,
2026-04-26 09:09:21,WIN-SRV-APP01,Microsoft-Windows-Security-Auditing,Security,4624,An account was successfully logged on,LOCAL,helpdesk01,PC-OPS-014,192.168.1.206,62221,2,C:\\Windows\\System32\\svchost.exe,0x0,0x0,Successful logon for LOCAL\helpdesk01 from 192.168.1.206 using logon type 2,0,none,Internal,LAN,,
2026-04-26 09:10:27,WIN10-FIN-014,Microsoft-Windows-Security-Auditing,Security,4624,An account was successfully logged on,CORP,jperez,LAP-GER-003,192.168.1.116,61108,7,C:\\Windows\\System32\\svchost.exe,0x0,0x0,Successful logon for CORP\jperez from 192.168.1.116 using logon type 7,0,none,Internal,LAN,,
2026-04-26 09:14:01,WIN-SRV-APP01,Microsoft-Windows-Security-Auditing,Security,4624,An account was successfully logged on,LOCAL,dtorres,SRV-MON-001,10.10.166.61,56812,2,C:\\Windows\\System32\\cmd.exe,0x0,0x0,Successful logon for LOCAL\dtorres from 10.10.166.61 using logon type 2,0,none,Internal,LAN,,
2026-04-26 09:16:22,WIN-SRV-DC01,Microsoft-Windows-Security-Auditing,Security,4624,An account was successfully logged on,LOCAL,mgarcia,PC-OPS-014,192.168.1.225,63945,7,C:\\Program Files\\Google\\Chrome\\Application\\chrome.exe,0x0,0x0,Successful logon for LOCAL\mgarcia from 192.168.1.225 using logon type 7,0,none,Internal,LAN,,
2026-04-26 09:19:02,WIN10-FIN-014,Microsoft-Windows-Security-Auditing,Security,4624,An account was successfully logged on,EMPRESA,analista01,PC-FIN-001,172.16.20.45,50856,10,C:\\Windows\\System32\\svchost.exe,0x0,0x0,Successful logon for EMPRESA\analista01 from 172.16.20.45 using logon type 10,0,none,Internal,LAN,,
2026-04-26 09:19:58,WIN-SRV-APP01,Microsoft-Windows-Security-Auditing,Security,4624,An account was successfully logged on,CORP,svc_backup,LAP-GER-003,172.16.20.230,59152,2,C:\\Windows\\System32\\cmd.exe,0x0,0x0,Successful logon for CORP\svc_backup from 172.16.20.230 using logon type 2,0,none,Internal,LAN,,
2026-04-26 09:21:43,WIN-SRV-APP01,Microsoft-Windows-Security-Auditing,Security,4688,A new process has been created,EMPRESA,lcastro,PC-FIN-001,172.16.20.144,64047,7,C:\\Windows\\System32\\cmd.exe,0x0,0x0,Process created by EMPRESA\lcastro: C:\\Windows\\System32\\cmd.exe,0,none,Internal,LAN,,
2026-04-26 09:24:04,WIN-SRV-FILE01,Microsoft-Windows-Security-Auditing,Security,4634,An account was logged off,LOCAL,admin.ops,PC-OPS-014,172.16.20.144,53740,3,C:\\Windows\\System32\\cmd.exe,0x0,0x0,Logoff for LOCAL\admin.ops from workstation PC-OPS-014,0,none,Internal,LAN,,
2026-04-26 09:24:17,WIN-SRV-FILE01,Microsoft-Windows-Security-Auditing,Security,4634,An account was logged off,EMPRESA,mgarcia,LAP-GER-003,192.168.1.218,56728,10,C:\\Windows\\System32\\WindowsPowerShell\\v1.0\\powershell.exe,0x0,0x0,Logoff for EMPRESA\mgarcia from workstation LAP-GER-003,0,none,Internal,LAN,,
2026-04-26 09:24:43,WIN-SRV-DC01,Microsoft-Windows-Security-Auditing,Security,4624,An account was successfully logged on,CORP,analista01,PC-RRHH-002,192.168.1.219,57237,7,C:\\Windows\\System32\\svchost.exe,0x0,0x0,Successful logon for CORP\analista01 from 192.168.1.219 using logon type 7,0,none,Internal,LAN,,
2026-04-26 09:25:47,WIN-SRV-FILE01,Microsoft-Windows-Security-Auditing,Security,4624,An account was successfully logged on,EMPRESA,svc_backup,SRV-MON-001,192.168.1.139,49845,10,C:\\Program Files\\Microsoft Defender\\MsMpEng.exe,0x0,0x0,Successful logon for EMPRESA\svc_backup from 192.168.1.139 using logon type 10,0,none,Internal,LAN,,
2026-04-26 09:26:17,WIN-SRV-DC01,Microsoft-Windows-Security-Auditing,Security,4672,Special privileges assigned to new logon,EMPRESA,svc_monitor,LAP-GER-003,192.168.1.211,60557,7,C:\\Windows\\System32\\lsass.exe,0x0,0x0,Special privileges assigned to EMPRESA\svc_monitor,0,none,Internal,LAN,,
2026-04-26 09:27:37,WIN-SRV-DC01,Microsoft-Windows-Security-Auditing,Security,4624,An account was successfully logged on,CORP,analista01,LAP-GER-003,192.168.1.3,56680,2,C:\\Windows\\System32\\lsass.exe,0x0,0x0,Successful logon for CORP\analista01 from 192.168.1.3 using logon type 2,0,none,Internal,LAN,,
2026-04-26 09:31:03,WIN11-SEC-022,Microsoft-Windows-Security-Auditing,Security,4688,A new process has been created,LOCAL,mgarcia,LAP-GER-003,192.168.1.154,64218,2,C:\\Windows\\System32\\WindowsPowerShell\\v1.0\\powershell.exe,0x0,0x0,Process created by LOCAL\mgarcia: C:\\Windows\\System32\\WindowsPowerShell\\v1.0\\powershell.exe,0,none,Internal,LAN,,
2026-04-26 09:31:57,WIN-SRV-FILE01,Microsoft-Windows-Security-Auditing,Security,4624,An account was successfully logged on,CORP,finanzas02,PC-RRHH-002,10.10.13.79,53116,7,C:\\Windows\\System32\\lsass.exe,0x0,0x0,Successful logon for CORP\finanzas02 from 10.10.13.79 using logon type 7,0,none,Internal,LAN,,
