2026-04-25 21:12:59,WIN-SRV-FILE01,Microsoft-Windows-Security-Auditing,Security,4688,A new process has been created,CORP,svc_backup,PC-FIN-001,192.168.1.68,54366,3,C:\\Windows\\System32\\cmd.exe,0x0,0x0,Process created by CORP\svc_backup: C:\\Windows\\System32\\cmd.exe,0,none,Internal,LAN,,
2026-04-25 21:13:05,WIN-SRV-FILE01,Microsoft-Windows-Security-Auditing,Security,4624,An account was successfully logged on,LOCAL,svc_monitor,LAP-GER-003,172.16.20.196,64727,3,C:\\Windows\\System32\\svchost.exe,0x0,0x0,Successful logon for LOCAL\svc_monitor from 172.16.20.196 using logon type 3,0,none,Internal,LAN,,
2026-04-25 21:14:40,WIN-SRV-FILE01,Microsoft-Windows-Security-Auditing,Security,4624,An account was successfully logged on,LOCAL,dtorres,SRV-MON-001,10.10.31.151,54749,10,C:\\Windows\\System32\\WindowsPowerShell\\v1.0\\powershell.exe,0x0,0x0,Successful logon for LOCAL\dtorres from 10.10.31.151 using logon type 10,0,none,Internal,LAN,,
2026-04-25 21:14:55,WIN10-FIN-014,Microsoft-Windows-Security-Auditing,Security,4688,A new process has been created,LOCAL,svc_monitor,PC-OPS-014,192.168.1.181,55585,3,C:\\Program Files\\Google\\Chrome\\Application\\chrome.exe,0x0,0x0,Process created by LOCAL\svc_monitor: C:\\Program Files\\Google\\Chrome\\Application\\chrome.exe,0,none,Internal,LAN,,
2026-04-25 21:16:22,WIN-SRV-APP01,Microsoft-Windows-Security-Auditing,Security,4634,An account was logged off,LOCAL,svc_monitor,PC-RRHH-002,10.10.157.62,62321,10,C:\\Windows\\System32\\winlogon.exe,0x0,0x0,Logoff for LOCAL\svc_monitor from workstation PC-RRHH-002,0,none,Internal,LAN,,
2026-04-25 21:16:26,WIN-SRV-DC01,Microsoft-Windows-Security-Auditing,Security,4624,An account was successfully logged on,CORP,analista01,PC-RRHH-002,10.10.11.52,57868,7,C:\\Windows\\System32\\cmd.exe,0x0,0x0,Successful logon for CORP\analista01 from 10.10.11.52 using logon type 7,0,none,Internal,LAN,,
2026-04-25 21:16:27,WIN-SRV-APP01,Microsoft-Windows-Security-Auditing,Security,4624,An account was successfully logged on,LOCAL,svc_backup,LAP-GER-003,10.10.40.114,63854,10,C:\\Windows\\System32\\svchost.exe,0x0,0x0,Successful logon for LOCAL\svc_backup from 10.10.40.114 using logon type 10,0,none,Internal,LAN,,
2026-04-25 21:17:03,WIN11-SEC-022,Microsoft-Windows-Security-Auditing,Security,4634,An account was logged off,CORP,analista01,PC-FIN-001,192.168.1.113,49877,2,C:\\Windows\\System32\\winlogon.exe,0x0,0x0,Logoff for CORP\analista01 from workstation PC-FIN-001,0,none,Internal,LAN,,
2026-04-25 21:17:16,WIN10-FIN-014,Microsoft-Windows-Security-Auditing,Security,4688,A new process has been created,EMPRESA,finanzas02,PC-RRHH-002,172.16.20.46,53419,3,C:\\Windows\\System32\\winlogon.exe,0x0,0x0,Process created by EMPRESA\finanzas02: C:\\Windows\\System32\\winlogon.exe,0,none,Internal,LAN,,
2026-04-25 21:18:03,WIN10-FIN-014,Microsoft-Windows-Security-Auditing,Security,4624,An account was successfully logged on,CORP,helpdesk01,LAP-GER-003,192.168.1.31,60548,10,C:\\Program Files\\Microsoft Defender\\MsMpEng.exe,0x0,0x0,Successful logon for CORP\helpdesk01 from 192.168.1.31 using logon type 10,0,none,Internal,LAN,,
2026-04-25 21:22:08,WIN-SRV-APP01,Microsoft-Windows-Security-Auditing,Security,4688,A new process has been created,CORP,finanzas02,PC-OPS-014,10.10.38.103,52640,10,C:\\Windows\\System32\\lsass.exe,0x0,0x0,Process created by CORP\finanzas02: C:\\Windows\\System32\\lsass.exe,0,none,Internal,LAN,,
2026-04-25 21:22:23,WIN-SRV-APP01,Microsoft-Windows-Security-Auditing,Security,4624,An account was successfully logged on,CORP,lcastro,PC-RRHH-002,192.168.1.250,58330,10,C:\\Windows\\System32\\winlogon.exe,0x0,0x0,Successful logon for CORP\lcastro from 192.168.1.250 using logon type 10,0,none,Internal,LAN,,
2026-04-25 21:23:28,WIN-SRV-APP01,Microsoft-Windows-Security-Auditing,Security,4688,A new process has been created,CORP,helpdesk01,PC-OPS-014,192.168.1.218,64853,10,C:\\Windows\\System32\\WindowsPowerShell\\v1.0\\powershell.exe,0x0,0x0,Process created by CORP\helpdesk01: C:\\Windows\\System32\\WindowsPowerShell\\v1.0\\powershell.exe,0,none,Internal,LAN,,
2026-04-25 21:24:33,WIN-SRV-APP01,Microsoft-Windows-Security-Auditing,Security,4624,An account was successfully logged on,LOCAL,svc_backup,PC-FIN-001,192.168.1.211,60925,3,C:\\Windows\\System32\\WindowsPowerShell\\v1.0\\powershell.exe,0x0,0x0,Successful logon for LOCAL\svc_backup from 192.168.1.211 using logon type 3,0,none,Internal,LAN,,
2026-04-25 21:30:40,WIN-SRV-FILE01,Microsoft-Windows-Security-Auditing,Security,4624,An account was successfully logged on,CORP,lcastro,PC-RRHH-002,10.10.82.12,59705,2,C:\\Windows\\System32\\WindowsPowerShell\\v1.0\\powershell.exe,0x0,0x0,Successful logon for CORP\lcastro from 10.10.82.12 using logon type 2,0,none,Internal,LAN,,
2026-04-25 21:32:24,WIN11-SEC-022,Microsoft-Windows-Security-Auditing,Security,4634,An account was logged off,LOCAL,admin.ops,PC-FIN-001,10.10.238.144,62816,3,C:\\Windows\\System32\\svchost.exe,0x0,0x0,Logoff for LOCAL\admin.ops from workstation PC-FIN-001,0,none,Internal,LAN,,
2026-04-25 21:32:30,WIN-SRV-APP01,Microsoft-Windows-Security-Auditing,Security,4634,An account was logged off,LOCAL,dtorres,SRV-MON-001,172.16.20.22,60548,3,C:\\Program Files\\Google\\Chrome\\Application\\chrome.exe,0x0,0x0,Logoff for LOCAL\dtorres from workstation SRV-MON-001,0,none,Internal,LAN,,
2026-04-25 21:33:09,WIN11-SEC-022,Microsoft-Windows-Security-Auditing,Security,4624,An account was successfully logged on,LOCAL,svc_monitor,SRV-MON-001,10.10.70.167,59342,2,C:\\Windows\\System32\\cmd.exe,0x0,0x0,Successful logon for LOCAL\svc_monitor from 10.10.70.167 using logon type 2,0,none,Internal,LAN,,
2026-04-25 21:33:27,WIN-SRV-DC01,Microsoft-Windows-Security-Auditing,Security,4634,An account was logged off,CORP,lcastro,PC-OPS-014,172.16.20.170,63648,3,C:\\Windows\\System32\\svchost.exe,0x0,0x0,Logoff for CORP\lcastro from workstation PC-OPS-014,0,none,Internal,LAN,,
2026-04-25 21:33:53,WIN10-FIN-014,Microsoft-Windows-Security-Auditing,Security,4634,An account was logged off,CORP,crojas,PC-OPS-014,10.10.49.131,63523,7,C:\\Windows\\System32\\winlogon.exe,0x0,0x0,Logoff for CORP\crojas from workstation PC-OPS-014,0,none,Internal,LAN,,
2026-04-25 21:33:56,WIN-SRV-APP01,Microsoft-Windows-Security-Auditing,Security,4624,An account was successfully logged on,CORP,alopez,PC-OPS-014,172.16.20.100,61485,7,C:\\Windows\\System32\\WindowsPowerShell\\v1.0\\powershell.exe,0x0,0x0,Successful logon for CORP\alopez from 172.16.20.100 using logon type 7,0,none,Internal,LAN,,
2026-04-25 21:35:05,WIN10-FIN-014,Microsoft-Windows-Security-Auditing,Security,4634,An account was logged off,EMPRESA,jperez,LAP-GER-003,192.168.1.222,60215,3,C:\\Windows\\System32\\cmd.exe,0x0,0x0,Logoff for EMPRESA\jperez from workstation LAP-GER-003,0,none,Internal,LAN,,
2026-04-25 21:35:58,WIN11-SEC-022,Microsoft-Windows-Security-Auditing,Security,4624,An account was successfully logged on,LOCAL,alopez,PC-OPS-014,172.16.20.249,50611,3,C:\\Windows\\System32\\cmd.exe,0x0,0x0,Successful logon for LOCAL\alopez from 172.16.20.249 using logon type 3,0,none,Internal,LAN,,
2026-04-25 21:36:22,WIN10-FIN-014,Microsoft-Windows-Security-Auditing,Security,4688,A new process has been created,LOCAL,crojas,LAP-GER-003,192.168.1.103,55131,3,C:\\Windows\\System32\\svchost.exe,0x0,0x0,Process created by LOCAL\crojas: C:\\Windows\\System32\\svchost.exe,0,none,Internal,LAN,,
2026-04-25 21:36:40,WIN11-SEC-022,Microsoft-Windows-Security-Auditing,Security,4634,An account was logged off,CORP,lcastro,PC-RRHH-002,172.16.20.183,62095,3,C:\\Windows\\System32\\cmd.exe,0x0,0x0,Logoff for CORP\lcastro from workstation PC-RRHH-002,0,none,Internal,LAN,,
2026-04-25 21:37:08,WIN-SRV-APP01,Microsoft-Windows-Security-Auditing,Security,4688,A new process has been created,LOCAL,crojas,PC-OPS-014,172.16.20.78,51266,7,C:\\Windows\\System32\\svchost.exe,0x0,0x0,Process created by LOCAL\crojas: C:\\Windows\\System32\\svchost.exe,0,none,Internal,LAN,,
2026-04-25 21:38:13,WIN-SRV-DC01,Microsoft-Windows-Security-Auditing,Security,4624,An account was successfully logged on,LOCAL,mgarcia,PC-RRHH-002,10.10.31.37,65278,10,C:\\Windows\\System32\\svchost.exe,0x0,0x0,Successful logon for LOCAL\mgarcia from 10.10.31.37 using logon type 10,0,none,Internal,LAN,,
2026-04-25 21:39:00,WIN10-FIN-014,Microsoft-Windows-Security-Auditing,Security,4634,An account was logged off,LOCAL,svc_monitor,PC-OPS-014,172.16.20.167,49223,2,C:\\Windows\\System32\\winlogon.exe,0x0,0x0,Logoff for LOCAL\svc_monitor from workstation PC-OPS-014,0,none,Internal,LAN,,
2026-04-25 21:41:59,WIN-SRV-APP01,Microsoft-Windows-Security-Auditing,Security,4624,An account was successfully logged on,EMPRESA,crojas,PC-OPS-014,192.168.1.117,63633,7,C:\\Windows\\System32\\cmd.exe,0x0,0x0,Successful logon for EMPRESA\crojas from 192.168.1.117 using logon type 7,0,none,Internal,LAN,,
2026-04-25 21:43:52,WIN-SRV-FILE01,Microsoft-Windows-Security-Auditing,Security,4624,An account was successfully logged on,EMPRESA,admin.ops,SRV-MON-001,172.16.20.64,60181,2,C:\\Windows\\System32\\svchost.exe,0x0,0x0,Successful logon for EMPRESA\admin.ops from 172.16.20.64 using logon type 2,0,none,Internal,LAN,,
2026-04-25 21:44:10,WIN-SRV-FILE01,Microsoft-Windows-Security-Auditing,Security,4624,An account was successfully logged on,EMPRESA,helpdesk01,PC-RRHH-002,172.16.20.73,63175,7,C:\\Program Files\\Google\\Chrome\\Application\\chrome.exe,0x0,0x0,Successful logon for EMPRESA\helpdesk01 from 172.16.20.73 using logon type 7,0,none,Internal,LAN,,
2026-04-25 21:47:57,WIN10-FIN-014,Microsoft-Windows-Security-Auditing,Security,4634,An account was logged off,LOCAL,dtorres,PC-OPS-014,172.16.20.252,58465,2,C:\\Windows\\System32\\WindowsPowerShell\\v1.0\\powershell.exe,0x0,0x0,Logoff for LOCAL\dtorres from workstation PC-OPS-014,0,none,Internal,LAN,,
2026-04-25 21:50:01,WIN-SRV-FILE01,Microsoft-Windows-Security-Auditing,Security,4624,An account was successfully logged on,CORP,crojas,LAP-GER-003,10.10.128.228,51735,3,C:\\Windows\\System32\\winlogon.exe,0x0,0x0,Successful logon for CORP\crojas from 10.10.128.228 using logon type 3,0,none,Internal,LAN,,
2026-04-25 21:50:04,WIN-SRV-FILE01,Microsoft-Windows-Security-Auditing,Security,4624,An account was successfully logged on,EMPRESA,dtorres,PC-OPS-014,172.16.20.139,59396,2,C:\\Windows\\System32\\WindowsPowerShell\\v1.0\\powershell.exe,0x0,0x0,Successful logon for EMPRESA\dtorres from 172.16.20.139 using logon type 2,0,none,Internal,LAN,,
2026-04-25 21:54:23,WIN11-SEC-022,Microsoft-Windows-Security-Auditing,Security,4634,An account was logged off,LOCAL,svc_monitor,SRV-MON-001,172.16.20.174,55440,3,C:\\Windows\\System32\\lsass.exe,0x0,0x0,Logoff for LOCAL\svc_monitor from workstation SRV-MON-001,0,none,Internal,LAN,,
2026-04-25 21:54:38,WIN-SRV-DC01,Microsoft-Windows-Security-Auditing,Security,4688,A new process has been created,CORP,mgarcia,PC-OPS-014,192.168.1.113,55067,3,C:\\Windows\\System32\\cmd.exe,0x0,0x0,Process created by CORP\mgarcia: C:\\Windows\\System32\\cmd.exe,0,none,Internal,LAN,,
2026-04-25 21:56:17,WIN11-SEC-022,Microsoft-Windows-Security-Auditing,Security,4624,An account was successfully logged on,LOCAL,admin.ops,PC-RRHH-002,172.16.20.227,59101,7,C:\\Program Files\\Microsoft Defender\\MsMpEng.exe,0x0,0x0,Successful logon for LOCAL\admin.ops from 172.16.20.227 using logon type 7,0,none,Internal,LAN,,
2026-04-25 21:57:45,WIN-SRV-APP01,Microsoft-Windows-Security-Auditing,Security,4624,An account was successfully logged on,CORP,finanzas02,PC-OPS-014,192.168.1.17,56108,10,C:\\Windows\\System32\\svchost.exe,0x0,0x0,Successful logon for CORP\finanzas02 from 192.168.1.17 using logon type 10,0,none,Internal,LAN,,
2026-04-25 21:59:31,WIN-SRV-FILE01,Microsoft-Windows-Security-Auditing,Security,4634,An account was logged off,CORP,finanzas02,SRV-MON-001,10.10.1.104,62381,2,C:\\Windows\\System32\\winlogon.exe,0x0,0x0,Logoff for CORP\finanzas02 from workstation SRV-MON-001,0,none,Internal,LAN,,
2026-04-25 22:00:02,WIN-SRV-DC01,Microsoft-Windows-Security-Auditing,Security,4624,An account was successfully logged on,EMPRESA,helpdesk01,SRV-MON-001,172.16.20.1,59943,10,C:\\Windows\\System32\\winlogon.exe,0x0,0x0,Successful logon for EMPRESA\helpdesk01 from 172.16.20.1 using logon type 10,0,none,Internal,LAN,,
2026-04-25 22:00:16,WIN-SRV-APP01,Microsoft-Windows-Security-Auditing,Security,4624,An account was successfully logged on,EMPRESA,svc_monitor,PC-FIN-001,10.10.116.180,64435,3,C:\\Windows\\System32\\WindowsPowerShell\\v1.0\\powershell.exe,0x0,0x0,Successful logon for EMPRESA\svc_monitor from 10.10.116.180 using logon type 3,0,none,Internal,LAN,,
2026-04-25 22:01:11,WIN11-SEC-022,Microsoft-Windows-Security-Auditing,Security,4624,An account was successfully logged on,LOCAL,jperez,SRV-MON-001,172.16.20.35,64518,7,C:\\Program Files\\Google\\Chrome\\Application\\chrome.exe,0x0,0x0,Successful logon for LOCAL\jperez from 172.16.20.35 using logon type 7,0,none,Internal,LAN,,
2026-04-25 22:02:40,WIN-SRV-APP01,Microsoft-Windows-Security-Auditing,Security,4688,A new process has been created,CORP,svc_monitor,SRV-MON-001,172.16.20.164,59506,2,C:\\Windows\\System32\\svchost.exe,0x0,0x0,Process created by CORP\svc_monitor: C:\\Windows\\System32\\svchost.exe,0,none,Internal,LAN,,
2026-04-25 22:02:42,WIN10-FIN-014,Microsoft-Windows-Security-Auditing,Security,4634,An account was logged off,EMPRESA,alopez,SRV-MON-001,172.16.20.7,52022,3,C:\\Windows\\System32\\winlogon.exe,0x0,0x0,Logoff for EMPRESA\alopez from workstation SRV-MON-001,0,none,Internal,LAN,,
2026-04-25 22:04:38,WIN-SRV-DC01,Microsoft-Windows-Security-Auditing,Security,4672,Special privileges assigned to new logon,LOCAL,admin.ops,SRV-MON-001,192.168.1.42,55873,7,C:\\Windows\\System32\\WindowsPowerShell\\v1.0\\powershell.exe,0x0,0x0,Special privileges assigned to LOCAL\admin.ops,0,none,Internal,LAN,,
2026-04-25 22:05:53,WIN11-SEC-022,Microsoft-Windows-Security-Auditing,Security,4624,An account was successfully logged on,EMPRESA,admin.ops,SRV-MON-001,192.168.1.122,58614,7,C:\\Windows\\System32\\WindowsPowerShell\\v1.0\\powershell.exe,0x0,0x0,Successful logon for EMPRESA\admin.ops from 192.168.1.122 using logon type 7,0,none,Internal,LAN,,
2026-04-25 22:06:00,WIN10-FIN-014,Microsoft-Windows-Security-Auditing,Security,4624,An account was successfully logged on,EMPRESA,crojas,SRV-MON-001,172.16.20.220,61289,10,C:\\Windows\\System32\\winlogon.exe,0x0,0x0,Successful logon for EMPRESA\crojas from 172.16.20.220 using logon type 10,0,none,Internal,LAN,,
2026-04-25 22:07:42,WIN-SRV-APP01,Microsoft-Windows-Security-Auditing,Security,4688,A new process has been created,CORP,jperez,PC-OPS-014,172.16.20.79,51363,7,C:\\Windows\\System32\\winlogon.exe,0x0,0x0,Process created by CORP\jperez: C:\\Windows\\System32\\winlogon.exe,0,none,Internal,LAN,,
2026-04-25 22:09:14,WIN-SRV-FILE01,Microsoft-Windows-Security-Auditing,Security,4634,An account was logged off,LOCAL,svc_monitor,PC-RRHH-002,172.16.20.99,60819,3,C:\\Windows\\System32\\lsass.exe,0x0,0x0,Logoff for LOCAL\svc_monitor from workstation PC-RRHH-002,0,none,Internal,LAN,,
2026-04-25 22:09:21,WIN-SRV-APP01,Microsoft-Windows-Security-Auditing,Security,4624,An account was successfully logged on,CORP,admin.ops,LAP-GER-003,192.168.1.60,56817,3,C:\\Program Files\\Google\\Chrome\\Application\\chrome.exe,0x0,0x0,Successful logon for CORP\admin.ops from 192.168.1.60 using logon type 3,0,none,Internal,LAN,,
2026-04-25 22:09:36,WIN10-FIN-014,Microsoft-Windows-Security-Auditing,Security,4634,An account was logged off,EMPRESA,analista01,PC-RRHH-002,10.10.68.197,51249,7,C:\\Windows\\System32\\svchost.exe,0x0,0x0,Logoff for EMPRESA\analista01 from workstation PC-RRHH-002,0,none,Internal,LAN,,
2026-04-25 22:10:21,WIN-SRV-DC01,Microsoft-Windows-Security-Auditing,Security,4634,An account was logged off,CORP,alopez,PC-FIN-001,172.16.20.43,55297,10,C:\\Windows\\System32\\lsass.exe,0x0,0x0,Logoff for CORP\alopez from workstation PC-FIN-001,0,none,Internal,LAN,,
2026-04-25 22:11:05,WIN-SRV-DC01,Microsoft-Windows-Security-Auditing,Security,4672,Special privileges assigned to new logon,CORP,lcastro,PC-RRHH-002,192.168.1.131,58992,3,C:\\Windows\\System32\\cmd.exe,0x0,0x0,Special privileges assigned to CORP\lcastro,0,none,Internal,LAN,,
2026-04-25 22:12:00,WIN-SRV-DC01,Microsoft-Windows-Security-Auditing,Security,4624,An account was successfully logged on,LOCAL,crojas,LAP-GER-003,172.16.20.157,65350,3,C:\\Windows\\System32\\winlogon.exe,0x0,0x0,Successful logon for LOCAL\crojas from 172.16.20.157 using logon type 3,0,none,Internal,LAN,,
2026-04-25 22:13:47,WIN-SRV-FILE01,Microsoft-Windows-Security-Auditing,Security,4634,An account was logged off,EMPRESA,svc_monitor,SRV-MON-001,172.16.20.74,64141,3,C:\\Windows\\System32\\cmd.exe,0x0,0x0,Logoff for EMPRESA\svc_monitor from workstation SRV-MON-001,0,none,Internal,LAN,,
2026-04-25 22:14:18,WIN11-SEC-022,Microsoft-Windows-Security-Auditing,Security,4634,An account was logged off,LOCAL,svc_monitor,SRV-MON-001,172.16.20.146,51916,3,C:\\Windows\\System32\\WindowsPowerShell\\v1.0\\powershell.exe,0x0,0x0,Logoff for LOCAL\svc_monitor from workstation SRV-MON-001,0,none,Internal,LAN,,
2026-04-25 22:14:24,WIN11-SEC-022,Microsoft-Windows-Security-Auditing,Security,4624,An account was successfully logged on,CORP,crojas,SRV-MON-001,10.10.28.169,53804,7,C:\\Program Files\\Google\\Chrome\\Application\\chrome.exe,0x0,0x0,Successful logon for CORP\crojas from 10.10.28.169 using logon type 7,0,none,Internal,LAN,,
2026-04-25 22:16:25,WIN-SRV-APP01,Microsoft-Windows-Security-Auditing,Security,4688,A new process has been created,LOCAL,analista01,PC-RRHH-002,10.10.230.147,51181,10,C:\\Windows\\System32\\svchost.exe,0x0,0x0,Process created by LOCAL\analista01: C:\\Windows\\System32\\svchost.exe,0,none,Internal,LAN,,
2026-04-25 22:16:42,WIN10-FIN-014,Microsoft-Windows-Security-Auditing,Security,4624,An account was successfully logged on,EMPRESA,helpdesk01,LAP-GER-003,172.16.20.166,65041,7,C:\\Windows\\System32\\svchost.exe,0x0,0x0,Successful logon for EMPRESA\helpdesk01 from 172.16.20.166 using logon type 7,0,none,Internal,LAN,,
2026-04-25 22:17:51,WIN-SRV-APP01,Microsoft-Windows-Security-Auditing,Security,4624,An account was successfully logged on,EMPRESA,svc_backup,PC-OPS-014,192.168.1.132,64549,3,C:\\Windows\\System32\\WindowsPowerShell\\v1.0\\powershell.exe,0x0,0x0,Successful logon for EMPRESA\svc_backup from 192.168.1.132 using logon type 3,0,none,Internal,LAN,,
2026-04-25 22:20:02,WIN10-FIN-014,Microsoft-Windows-Security-Auditing,Security,4634,An account was logged off,LOCAL,jperez,SRV-MON-001,10.10.240.151,49293,2,C:\\Windows\\System32\\lsass.exe,0x0,0x0,Logoff for LOCAL\jperez from workstation SRV-MON-001,0,none,Internal,LAN,,
2026-04-25 22:20:24,WIN-SRV-APP01,Microsoft-Windows-Security-Auditing,Security,4624,An account was successfully logged on,CORP,helpdesk01,PC-RRHH-002,172.16.20.229,49683,7,C:\\Program Files\\Microsoft Defender\\MsMpEng.exe,0x0,0x0,Successful logon for CORP\helpdesk01 from 172.16.20.229 using logon type 7,0,none,Internal,LAN,,
2026-04-25 22:22:14,WIN10-FIN-014,Microsoft-Windows-Security-Auditing,Security,4672,Special privileges assigned to new logon,CORP,helpdesk01,PC-RRHH-002,172.16.20.115,54405,10,C:\\Windows\\System32\\WindowsPowerShell\\v1.0\\powershell.exe,0x0,0x0,Special privileges assigned to CORP\helpdesk01,0,none,Internal,LAN,,
2026-04-25 22:23:30,WIN10-FIN-014,Microsoft-Windows-Security-Auditing,Security,4634,An account was logged off,EMPRESA,alopez,PC-OPS-014,10.10.26.103,52245,2,C:\\Program Files\\Google\\Chrome\\Application\\chrome.exe,0x0,0x0,Logoff for EMPRESA\alopez from workstation PC-OPS-014,0,none,Internal,LAN,,
2026-04-25 22:24:00,WIN10-FIN-014,Microsoft-Windows-Security-Auditing,Security,4624,An account was successfully logged on,EMPRESA,alopez,PC-FIN-001,172.16.20.162,63242,3,C:\\Program Files\\Google\\Chrome\\Application\\chrome.exe,0x0,0x0,Successful logon for EMPRESA\alopez from 172.16.20.162 using logon type 3,0,none,Internal,LAN,,
2026-04-25 22:26:08,WIN10-FIN-014,Microsoft-Windows-Security-Auditing,Security,4624,An account was successfully logged on,EMPRESA,crojas,LAP-GER-003,10.10.56.231,59091,10,C:\\Program Files\\Google\\Chrome\\Application\\chrome.exe,0x0,0x0,Successful logon for EMPRESA\crojas from 10.10.56.231 using logon type 10,0,none,Internal,LAN,,
2026-04-25 22:26:23,WIN-SRV-APP01,Microsoft-Windows-Security-Auditing,Security,4634,An account was logged off,EMPRESA,svc_monitor,PC-RRHH-002,172.16.20.161,50188,2,C:\\Windows\\System32\\cmd.exe,0x0,0x0,Logoff for EMPRESA\svc_monitor from workstation PC-RRHH-002,0,none,Internal,LAN,,
2026-04-25 22:27:14,WIN10-FIN-014,Microsoft-Windows-Security-Auditing,Security,4634,An account was logged off,CORP,analista01,LAP-GER-003,10.10.241.42,59551,3,C:\\Program Files\\Google\\Chrome\\Application\\chrome.exe,0x0,0x0,Logoff for CORP\analista01 from workstation LAP-GER-003,0,none,Internal,LAN,,
2026-04-25 22:29:27,WIN-SRV-DC01,Microsoft-Windows-Security-Auditing,Security,4634,An account was logged off,EMPRESA,dtorres,LAP-GER-003,10.10.208.148,60113,2,C:\\Program Files\\Google\\Chrome\\Application\\chrome.exe,0x0,0x0,Logoff for EMPRESA\dtorres from workstation LAP-GER-003,0,none,Internal,LAN,,
2026-04-25 22:29:55,WIN10-FIN-014,Microsoft-Windows-Security-Auditing,Security,4624,An account was successfully logged on,CORP,mgarcia,LAP-GER-003,10.10.134.3,57181,7,C:\\Windows\\System32\\winlogon.exe,0x0,0x0,Successful logon for CORP\mgarcia from 10.10.134.3 using logon type 7,0,none,Internal,LAN,,
2026-04-25 22:32:41,WIN10-FIN-014,Microsoft-Windows-Security-Auditing,Security,4624,An account was successfully logged on,EMPRESA,jperez,PC-FIN-001,172.16.20.12,49525,7,C:\\Windows\\System32\\winlogon.exe,0x0,0x0,Successful logon for EMPRESA\jperez from 172.16.20.12 using logon type 7,0,none,Internal,LAN,,
2026-04-25 22:33:41,WIN11-SEC-022,Microsoft-Windows-Security-Auditing,Security,4634,An account was logged off,EMPRESA,analista01,PC-FIN-001,172.16.20.131,59702,7,C:\\Windows\\System32\\WindowsPowerShell\\v1.0\\powershell.exe,0x0,0x0,Logoff for EMPRESA\analista01 from workstation PC-FIN-001,0,none,Internal,LAN,,
2026-04-25 22:34:28,WIN-SRV-APP01,Microsoft-Windows-Security-Auditing,Security,4624,An account was successfully logged on,EMPRESA,mgarcia,SRV-MON-001,10.10.197.123,60384,10,C:\\Program Files\\Google\\Chrome\\Application\\chrome.exe,0x0,0x0,Successful logon for EMPRESA\mgarcia from 10.10.197.123 using logon type 10,0,none,Internal,LAN,,
2026-04-25 22:35:09,WIN-SRV-APP01,Microsoft-Windows-Security-Auditing,Security,4634,An account was logged off,CORP,jperez,PC-OPS-014,10.10.29.84,61682,10,C:\\Program Files\\Microsoft Defender\\MsMpEng.exe,0x0,0x0,Logoff for CORP\jperez from workstation PC-OPS-014,0,none,Internal,LAN,,
2026-04-25 22:36:25,WIN-SRV-DC01,Microsoft-Windows-Security-Auditing,Security,4624,An account was successfully logged on,CORP,admin.ops,PC-RRHH-002,172.16.20.22,51779,2,C:\\Windows\\System32\\lsass.exe,0x0,0x0,Successful logon for CORP\admin.ops from 172.16.20.22 using logon type 2,0,none,Internal,LAN,,
2026-04-25 22:37:27,WIN-SRV-FILE01,Microsoft-Windows-Security-Auditing,Security,4688,A new process has been created,CORP,mgarcia,PC-FIN-001,192.168.1.129,62318,2,C:\\Windows\\System32\\winlogon.exe,0x0,0x0,Process created by CORP\mgarcia: C:\\Windows\\System32\\winlogon.exe,0,none,Internal,LAN,,
2026-04-25 22:37:29,WIN10-FIN-014,Microsoft-Windows-Security-Auditing,Security,4688,A new process has been created,CORP,alopez,PC-FIN-001,10.10.41.219,65256,3,C:\\Windows\\System32\\winlogon.exe,0x0,0x0,Process created by CORP\alopez: C:\\Windows\\System32\\winlogon.exe,0,none,Internal,LAN,,
2026-04-25 22:37:54,WIN10-FIN-014,Microsoft-Windows-Security-Auditing,Security,4624,An account was successfully logged on,CORP,admin.ops,SRV-MON-001,10.10.97.243,60172,3,C:\\Windows\\System32\\winlogon.exe,0x0,0x0,Successful logon for CORP\admin.ops from 10.10.97.243 using logon type 3,0,none,Internal,LAN,,
2026-04-25 22:38:51,WIN10-FIN-014,Microsoft-Windows-Security-Auditing,Security,4688,A new process has been created,LOCAL,crojas,PC-FIN-001,10.10.160.92,56580,10,C:\\Windows\\System32\\WindowsPowerShell\\v1.0\\powershell.exe,0x0,0x0,Process created by LOCAL\crojas: C:\\Windows\\System32\\WindowsPowerShell\\v1.0\\powershell.exe,0,none,Internal,LAN,,
2026-04-25 22:39:29,WIN10-FIN-014,Microsoft-Windows-Security-Auditing,Security,4624,An account was successfully logged on,CORP,mgarcia,PC-OPS-014,10.10.156.139,65338,7,C:\\Windows\\System32\\winlogon.exe,0x0,0x0,Successful logon for CORP\mgarcia from 10.10.156.139 using logon type 7,0,none,Internal,LAN,,
2026-04-25 22:40:56,WIN-SRV-FILE01,Microsoft-Windows-Security-Auditing,Security,4624,An account was successfully logged on,EMPRESA,admin.ops,PC-OPS-014,192.168.1.239,58154,2,C:\\Windows\\System32\\svchost.exe,0x0,0x0,Successful logon for EMPRESA\admin.ops from 192.168.1.239 using logon type 2,0,none,Internal,LAN,,
2026-04-25 22:42:33,WIN-SRV-FILE01,Microsoft-Windows-Security-Auditing,Security,4624,An account was successfully logged on,LOCAL,finanzas02,SRV-MON-001,10.10.123.225,50557,7,C:\\Windows\\System32\\WindowsPowerShell\\v1.0\\powershell.exe,0x0,0x0,Successful logon for LOCAL\finanzas02 from 10.10.123.225 using logon type 7,0,none,Internal,LAN,,
2026-04-25 22:47:13,WIN-SRV-APP01,Microsoft-Windows-Security-Auditing,Security,4624,An account was successfully logged on,EMPRESA,analista01,PC-RRHH-002,192.168.1.196,51480,7,C:\\Windows\\System32\\WindowsPowerShell\\v1.0\\powershell.exe,0x0,0x0,Successful logon for EMPRESA\analista01 from 192.168.1.196 using logon type 7,0,none,Internal,LAN,,
2026-04-25 22:48:25,WIN-SRV-FILE01,Microsoft-Windows-Security-Auditing,Security,4688,A new process has been created,LOCAL,dtorres,SRV-MON-001,10.10.214.149,65376,10,C:\\Windows\\System32\\cmd.exe,0x0,0x0,Process created by LOCAL\dtorres: C:\\Windows\\System32\\cmd.exe,0,none,Internal,LAN,,
2026-04-25 22:48:53,WIN-SRV-DC01,Microsoft-Windows-Security-Auditing,Security,4624,An account was successfully logged on,CORP,finanzas02,PC-FIN-001,192.168.1.34,63832,3,C:\\Windows\\System32\\winlogon.exe,0x0,0x0,Successful logon for CORP\finanzas02 from 192.168.1.34 using logon type 3,0,none,Internal,LAN,,
2026-04-25 22:49:12,WIN-SRV-FILE01,Microsoft-Windows-Security-Auditing,Security,4634,An account was logged off,EMPRESA,svc_monitor,LAP-GER-003,10.10.42.231,54126,10,C:\\Windows\\System32\\cmd.exe,0x0,0x0,Logoff for EMPRESA\svc_monitor from workstation LAP-GER-003,0,none,Internal,LAN,,
2026-04-25 22:49:15,WIN-SRV-DC01,Microsoft-Windows-Security-Auditing,Security,4624,An account was successfully logged on,EMPRESA,alopez,PC-FIN-001,172.16.20.78,62378,3,C:\\Windows\\System32\\winlogon.exe,0x0,0x0,Successful logon for EMPRESA\alopez from 172.16.20.78 using logon type 3,0,none,Internal,LAN,,
2026-04-25 22:49:16,WIN-SRV-APP01,Microsoft-Windows-Security-Auditing,Security,4688,A new process has been created,CORP,alopez,SRV-MON-001,172.16.20.54,57740,2,C:\\Windows\\System32\\winlogon.exe,0x0,0x0,Process created by CORP\alopez: C:\\Windows\\System32\\winlogon.exe,0,none,Internal,LAN,,
2026-04-25 22:49:47,WIN10-FIN-014,Microsoft-Windows-Security-Auditing,Security,4624,An account was successfully logged on,EMPRESA,analista01,PC-RRHH-002,10.10.189.155,49997,2,C:\\Program Files\\Microsoft Defender\\MsMpEng.exe,0x0,0x0,Successful logon for EMPRESA\analista01 from 10.10.189.155 using logon type 2,0,none,Internal,LAN,,
2026-04-25 22:50:18,WIN10-FIN-014,Microsoft-Windows-Security-Auditing,Security,4688,A new process has been created,LOCAL,mgarcia,PC-FIN-001,10.10.249.131,55314,10,C:\\Windows\\System32\\svchost.exe,0x0,0x0,Process created by LOCAL\mgarcia: C:\\Windows\\System32\\svchost.exe,0,none,Internal,LAN,,
2026-04-25 22:50:41,WIN11-SEC-022,Microsoft-Windows-Security-Auditing,Security,4624,An account was successfully logged on,EMPRESA,alopez,LAP-GER-003,10.10.23.178,57069,2,C:\\Windows\\System32\\lsass.exe,0x0,0x0,Successful logon for EMPRESA\alopez from 10.10.23.178 using logon type 2,0,none,Internal,LAN,,
2026-04-25 22:51:54,WIN10-FIN-014,Microsoft-Windows-Security-Auditing,Security,4634,An account was logged off,LOCAL,crojas,SRV-MON-001,10.10.199.232,58247,2,C:\\Windows\\System32\\WindowsPowerShell\\v1.0\\powershell.exe,0x0,0x0,Logoff for LOCAL\crojas from workstation SRV-MON-001,0,none,Internal,LAN,,
2026-04-25 22:53:29,WIN10-FIN-014,Microsoft-Windows-Security-Auditing,Security,4672,Special privileges assigned to new logon,EMPRESA,dtorres,PC-RRHH-002,10.10.31.133,61346,10,C:\\Windows\\System32\\winlogon.exe,0x0,0x0,Special privileges assigned to EMPRESA\dtorres,0,none,Internal,LAN,,
2026-04-25 22:55:03,WIN-SRV-FILE01,Microsoft-Windows-Security-Auditing,Security,4688,A new process has been created,LOCAL,admin.ops,LAP-GER-003,192.168.1.232,57418,7,C:\\Windows\\System32\\winlogon.exe,0x0,0x0,Process created by LOCAL\admin.ops: C:\\Windows\\System32\\winlogon.exe,0,none,Internal,LAN,,
2026-04-25 22:55:39,WIN11-SEC-022,Microsoft-Windows-Security-Auditing,Security,4688,A new process has been created,LOCAL,helpdesk01,LAP-GER-003,10.10.215.81,61496,3,C:\\Windows\\System32\\lsass.exe,0x0,0x0,Process created by LOCAL\helpdesk01: C:\\Windows\\System32\\lsass.exe,0,none,Internal,LAN,,
2026-04-25 22:56:04,WIN-SRV-FILE01,Microsoft-Windows-Security-Auditing,Security,4624,An account was successfully logged on,EMPRESA,finanzas02,PC-RRHH-002,172.16.20.193,54611,7,C:\\Windows\\System32\\lsass.exe,0x0,0x0,Successful logon for EMPRESA\finanzas02 from 172.16.20.193 using logon type 7,0,none,Internal,LAN,,
2026-04-25 22:56:35,WIN10-FIN-014,Microsoft-Windows-Security-Auditing,Security,4688,A new process has been created,CORP,analista01,PC-OPS-014,10.10.126.0,53436,10,C:\\Program Files\\Microsoft Defender\\MsMpEng.exe,0x0,0x0,Process created by CORP\analista01: C:\\Program Files\\Microsoft Defender\\MsMpEng.exe,0,none,Internal,LAN,,
2026-04-25 22:57:36,WIN10-FIN-014,Microsoft-Windows-Security-Auditing,Security,4624,An account was successfully logged on,CORP,dtorres,SRV-MON-001,192.168.1.211,52373,7,C:\\Windows\\System32\\winlogon.exe,0x0,0x0,Successful logon for CORP\dtorres from 192.168.1.211 using logon type 7,0,none,Internal,LAN,,
2026-04-25 22:58:26,WIN-SRV-APP01,Microsoft-Windows-Security-Auditing,Security,4624,An account was successfully logged on,EMPRESA,admin.ops,SRV-MON-001,172.16.20.11,62143,7,C:\\Windows\\System32\\winlogon.exe,0x0,0x0,Successful logon for EMPRESA\admin.ops from 172.16.20.11 using logon type 7,0,none,Internal,LAN,,
2026-04-25 23:02:01,WIN10-FIN-014,Microsoft-Windows-Security-Auditing,Security,4688,A new process has been created,EMPRESA,svc_monitor,PC-RRHH-002,192.168.1.194,61276,7,C:\\Windows\\System32\\cmd.exe,0x0,0x0,Process created by EMPRESA\svc_monitor: C:\\Windows\\System32\\cmd.exe,0,none,Internal,LAN,,
2026-04-25 23:03:02,WIN11-SEC-022,Microsoft-Windows-Security-Auditing,Security,4624,An account was successfully logged on,CORP,finanzas02,LAP-GER-003,10.10.81.134,51310,7,C:\\Program Files\\Microsoft Defender\\MsMpEng.exe,0x0,0x0,Successful logon for CORP\finanzas02 from 10.10.81.134 using logon type 7,0,none,Internal,LAN,,
2026-04-25 23:04:41,WIN11-SEC-022,Microsoft-Windows-Security-Auditing,Security,4648,A logon was attempted using explicit credentials,LOCAL,admin.ops,LAP-GER-003,172.16.20.226,60957,7,C:\\Windows\\System32\\cmd.exe,0x0,0x0,Explicit credentials used by LOCAL\admin.ops from LAP-GER-003,0,none,Internal,LAN,,
2026-04-25 23:05:40,WIN-SRV-FILE01,Microsoft-Windows-Security-Auditing,Security,4634,An account was logged off,EMPRESA,jperez,LAP-GER-003,192.168.1.246,62026,3,C:\\Program Files\\Microsoft Defender\\MsMpEng.exe,0x0,0x0,Logoff for EMPRESA\jperez from workstation LAP-GER-003,0,none,Internal,LAN,,
2026-04-25 23:06:05,WIN10-FIN-014,Microsoft-Windows-Security-Auditing,Security,4634,An account was logged off,CORP,svc_monitor,PC-FIN-001,192.168.1.142,64478,3,C:\\Program Files\\Google\\Chrome\\Application\\chrome.exe,0x0,0x0,Logoff for CORP\svc_monitor from workstation PC-FIN-001,0,none,Internal,LAN,,
2026-04-25 23:06:37,WIN-SRV-DC01,Microsoft-Windows-Security-Auditing,Security,4634,An account was logged off,EMPRESA,alopez,SRV-MON-001,10.10.47.215,52350,2,C:\\Windows\\System32\\winlogon.exe,0x0,0x0,Logoff for EMPRESA\alopez from workstation SRV-MON-001,0,none,Internal,LAN,,
2026-04-25 23:07:46,WIN-SRV-DC01,Microsoft-Windows-Security-Auditing,Security,4688,A new process has been created,CORP,alopez,PC-RRHH-002,192.168.1.62,61283,2,C:\\Windows\\System32\\lsass.exe,0x0,0x0,Process created by CORP\alopez: C:\\Windows\\System32\\lsass.exe,0,none,Internal,LAN,,
2026-04-25 23:09:47,WIN10-FIN-014,Microsoft-Windows-Security-Auditing,Security,4634,An account was logged off,EMPRESA,mgarcia,PC-RRHH-002,172.16.20.39,53438,7,C:\\Windows\\System32\\svchost.exe,0x0,0x0,Logoff for EMPRESA\mgarcia from workstation PC-RRHH-002,0,none,Internal,LAN,,
2026-04-25 23:10:06,WIN-SRV-APP01,Microsoft-Windows-Security-Auditing,Security,4688,A new process has been created,CORP,analista01,PC-FIN-001,10.10.35.95,62214,2,C:\\Windows\\System32\\lsass.exe,0x0,0x0,Process created by CORP\analista01: C:\\Windows\\System32\\lsass.exe,0,none,Internal,LAN,,
2026-04-25 23:12:07,WIN-SRV-DC01,Microsoft-Windows-Security-Auditing,Security,4624,An account was successfully logged on,EMPRESA,admin.ops,LAP-GER-003,10.10.194.233,60902,10,C:\\Program Files\\Microsoft Defender\\MsMpEng.exe,0x0,0x0,Successful logon for EMPRESA\admin.ops from 10.10.194.233 using logon type 10,0,none,Internal,LAN,,
2026-04-25 23:13:18,WIN11-SEC-022,Microsoft-Windows-Security-Auditing,Security,4634,An account was logged off,EMPRESA,svc_backup,PC-OPS-014,172.16.20.83,61465,3,C:\\Program Files\\Google\\Chrome\\Application\\chrome.exe,0x0,0x0,Logoff for EMPRESA\svc_backup from workstation PC-OPS-014,0,none,Internal,LAN,,
2026-04-25 23:13:28,WIN10-FIN-014,Microsoft-Windows-Security-Auditing,Security,4624,An account was successfully logged on,EMPRESA,mgarcia,PC-OPS-014,10.10.12.253,51716,2,C:\\Windows\\System32\\svchost.exe,0x0,0x0,Successful logon for EMPRESA\mgarcia from 10.10.12.253 using logon type 2,0,none,Internal,LAN,,
2026-04-25 23:15:26,WIN-SRV-DC01,Microsoft-Windows-Security-Auditing,Security,4688,A new process has been created,CORP,admin.ops,PC-FIN-001,172.16.20.132,65034,3,C:\\Program Files\\Google\\Chrome\\Application\\chrome.exe,0x0,0x0,Process created by CORP\admin.ops: C:\\Program Files\\Google\\Chrome\\Application\\chrome.exe,0,none,Internal,LAN,,
2026-04-25 23:17:06,WIN11-SEC-022,Microsoft-Windows-Security-Auditing,Security,4624,An account was successfully logged on,CORP,analista01,PC-FIN-001,10.10.13.115,58968,3,C:\\Program Files\\Google\\Chrome\\Application\\chrome.exe,0x0,0x0,Successful logon for CORP\analista01 from 10.10.13.115 using logon type 3,0,none,Internal,LAN,,
2026-04-25 23:17:21,WIN10-FIN-014,Microsoft-Windows-Security-Auditing,Security,4624,An account was successfully logged on,EMPRESA,admin.ops,SRV-MON-001,192.168.1.100,59772,7,C:\\Windows\\System32\\WindowsPowerShell\\v1.0\\powershell.exe,0x0,0x0,Successful logon for EMPRESA\admin.ops from 192.168.1.100 using logon type 7,0,none,Internal,LAN,,
2026-04-25 23:17:30,WIN11-SEC-022,Microsoft-Windows-Security-Auditing,Security,4624,An account was successfully logged on,LOCAL,finanzas02,SRV-MON-001,172.16.20.69,50647,3,C:\\Windows\\System32\\svchost.exe,0x0,0x0,Successful logon for LOCAL\finanzas02 from 172.16.20.69 using logon type 3,0,none,Internal,LAN,,
2026-04-25 23:21:03,WIN-SRV-APP01,Microsoft-Windows-Security-Auditing,Security,4688,A new process has been created,EMPRESA,jperez,SRV-MON-001,10.10.123.202,56747,10,C:\\Windows\\System32\\cmd.exe,0x0,0x0,Process created by EMPRESA\jperez: C:\\Windows\\System32\\cmd.exe,0,none,Internal,LAN,,
2026-04-25 23:21:38,WIN-SRV-APP01,Microsoft-Windows-Security-Auditing,Security,4634,An account was logged off,CORP,dtorres,SRV-MON-001,10.10.150.81,57256,7,C:\\Windows\\System32\\lsass.exe,0x0,0x0,Logoff for CORP\dtorres from workstation SRV-MON-001,0,none,Internal,LAN,,
2026-04-25 23:23:26,WIN11-SEC-022,Microsoft-Windows-Security-Auditing,Security,4624,An account was successfully logged on,LOCAL,finanzas02,LAP-GER-003,192.168.1.43,65374,2,C:\\Program Files\\Google\\Chrome\\Application\\chrome.exe,0x0,0x0,Successful logon for LOCAL\finanzas02 from 192.168.1.43 using logon type 2,0,none,Internal,LAN,,
2026-04-25 23:24:00,WIN-SRV-FILE01,Microsoft-Windows-Security-Auditing,Security,4624,An account was successfully logged on,CORP,alopez,PC-OPS-014,172.16.20.209,63683,2,C:\\Windows\\System32\\svchost.exe,0x0,0x0,Successful logon for CORP\alopez from 172.16.20.209 using logon type 2,0,none,Internal,LAN,,
2026-04-25 23:24:34,WIN-SRV-FILE01,Microsoft-Windows-Security-Auditing,Security,4634,An account was logged off,LOCAL,lcastro,SRV-MON-001,10.10.74.145,52570,2,C:\\Windows\\System32\\winlogon.exe,0x0,0x0,Logoff for LOCAL\lcastro from workstation SRV-MON-001,0,none,Internal,LAN,,
2026-04-25 23:26:28,WIN11-SEC-022,Microsoft-Windows-Security-Auditing,Security,4624,An account was successfully logged on,EMPRESA,admin.ops,PC-RRHH-002,192.168.1.32,59069,2,C:\\Windows\\System32\\winlogon.exe,0x0,0x0,Successful logon for EMPRESA\admin.ops from 192.168.1.32 using logon type 2,0,none,Internal,LAN,,
2026-04-25 23:28:59,WIN-SRV-APP01,Microsoft-Windows-Security-Auditing,Security,4624,An account was successfully logged on,EMPRESA,alopez,LAP-GER-003,10.10.167.11,49611,3,C:\\Windows\\System32\\lsass.exe,0x0,0x0,Successful logon for EMPRESA\alopez from 10.10.167.11 using logon type 3,0,none,Internal,LAN,,
2026-04-25 23:30:52,WIN-SRV-APP01,Microsoft-Windows-Security-Auditing,Security,4672,Special privileges assigned to new logon,EMPRESA,analista01,PC-OPS-014,172.16.20.106,51925,2,C:\\Windows\\System32\\lsass.exe,0x0,0x0,Special privileges assigned to EMPRESA\analista01,0,none,Internal,LAN,,
2026-04-25 23:31:13,WIN-SRV-DC01,Microsoft-Windows-Security-Auditing,Security,4634,An account was logged off,CORP,svc_monitor,LAP-GER-003,172.16.20.205,50062,3,C:\\Program Files\\Microsoft Defender\\MsMpEng.exe,0x0,0x0,Logoff for CORP\svc_monitor from workstation LAP-GER-003,0,none,Internal,LAN,,
2026-04-25 23:35:34,WIN11-SEC-022,Microsoft-Windows-Security-Auditing,Security,4634,An account was logged off,LOCAL,mgarcia,PC-FIN-001,192.168.1.208,49548,7,C:\\Windows\\System32\\svchost.exe,0x0,0x0,Logoff for LOCAL\mgarcia from workstation PC-FIN-001,0,none,Internal,LAN,,
2026-04-25 23:36:14,WIN10-FIN-014,Microsoft-Windows-Security-Auditing,Security,4634,An account was logged off,CORP,helpdesk01,SRV-MON-001,192.168.1.130,58863,3,C:\\Windows\\System32\\cmd.exe,0x0,0x0,Logoff for CORP\helpdesk01 from workstation SRV-MON-001,0,none,Internal,LAN,,
2026-04-25 23:37:18,WIN-SRV-DC01,Microsoft-Windows-Security-Auditing,Security,4634,An account was logged off,CORP,analista01,SRV-MON-001,10.10.193.115,49983,7,C:\\Windows\\System32\\WindowsPowerShell\\v1.0\\powershell.exe,0x0,0x0,Logoff for CORP\analista01 from workstation SRV-MON-001,0,none,Internal,LAN,,
2026-04-25 23:39:32,WIN-SRV-FILE01,Microsoft-Windows-Security-Auditing,Security,4648,A logon was attempted using explicit credentials,CORP,crojas,SRV-MON-001,10.10.195.185,61260,10,C:\\Windows\\System32\\cmd.exe,0x0,0x0,Explicit credentials used by CORP\crojas from SRV-MON-001,0,none,Internal,LAN,,
2026-04-25 23:39:40,WIN-SRV-APP01,Microsoft-Windows-Security-Auditing,Security,4634,An account was logged off,EMPRESA,jperez,LAP-GER-003,10.10.220.197,54614,10,C:\\Windows\\System32\\lsass.exe,0x0,0x0,Logoff for EMPRESA\jperez from workstation LAP-GER-003,0,none,Internal,LAN,,
2026-04-25 23:40:07,WIN10-FIN-014,Microsoft-Windows-Security-Auditing,Security,4634,An account was logged off,EMPRESA,helpdesk01,PC-OPS-014,192.168.1.62,57393,2,C:\\Windows\\System32\\winlogon.exe,0x0,0x0,Logoff for EMPRESA\helpdesk01 from workstation PC-OPS-014,0,none,Internal,LAN,,
2026-04-25 23:41:34,WIN10-FIN-014,Microsoft-Windows-Security-Auditing,Security,4624,An account was successfully logged on,CORP,dtorres,SRV-MON-001,192.168.1.60,52106,3,C:\\Program Files\\Microsoft Defender\\MsMpEng.exe,0x0,0x0,Successful logon for CORP\dtorres from 192.168.1.60 using logon type 3,0,none,Internal,LAN,,
2026-04-25 23:41:40,WIN-SRV-APP01,Microsoft-Windows-Security-Auditing,Security,4624,An account was successfully logged on,EMPRESA,mgarcia,PC-OPS-014,192.168.1.231,55594,7,C:\\Windows\\System32\\cmd.exe,0x0,0x0,Successful logon for EMPRESA\mgarcia from 192.168.1.231 using logon type 7,0,none,Internal,LAN,,
2026-04-25 23:45:23,WIN10-FIN-014,Microsoft-Windows-Security-Auditing,Security,4648,A logon was attempted using explicit credentials,LOCAL,admin.ops,PC-FIN-001,172.16.20.146,51879,7,C:\\Program Files\\Microsoft Defender\\MsMpEng.exe,0x0,0x0,Explicit credentials used by LOCAL\admin.ops from PC-FIN-001,0,none,Internal,LAN,,
2026-04-25 23:46:36,WIN11-SEC-022,Microsoft-Windows-Security-Auditing,Security,4672,Special privileges assigned to new logon,EMPRESA,jperez,PC-FIN-001,10.10.250.194,57170,3,C:\\Windows\\System32\\winlogon.exe,0x0,0x0,Special privileges assigned to EMPRESA\jperez,0,none,Internal,LAN,,
2026-04-25 23:46:46,WIN11-SEC-022,Microsoft-Windows-Security-Auditing,Security,4634,An account was logged off,EMPRESA,svc_monitor,LAP-GER-003,192.168.1.120,62615,3,C:\\Windows\\System32\\lsass.exe,0x0,0x0,Logoff for EMPRESA\svc_monitor from workstation LAP-GER-003,0,none,Internal,LAN,,
2026-04-25 23:47:22,WIN-SRV-FILE01,Microsoft-Windows-Security-Auditing,Security,4624,An account was successfully logged on,LOCAL,lcastro,SRV-MON-001,172.16.20.71,61370,2,C:\\Windows\\System32\\lsass.exe,0x0,0x0,Successful logon for LOCAL\lcastro from 172.16.20.71 using logon type 2,0,none,Internal,LAN,,
2026-04-25 23:47:25,WIN10-FIN-014,Microsoft-Windows-Security-Auditing,Security,4624,An account was successfully logged on,CORP,crojas,LAP-GER-003,172.16.20.5,61607,7,C:\\Windows\\System32\\WindowsPowerShell\\v1.0\\powershell.exe,0x0,0x0,Successful logon for CORP\crojas from 172.16.20.5 using logon type 7,0,none,Internal,LAN,,
2026-04-25 23:48:42,WIN-SRV-APP01,Microsoft-Windows-Security-Auditing,Security,4688,A new process has been created,LOCAL,analista01,PC-OPS-014,10.10.160.243,49544,2,C:\\Windows\\System32\\svchost.exe,0x0,0x0,Process created by LOCAL\analista01: C:\\Windows\\System32\\svchost.exe,0,none,Internal,LAN,,
2026-04-25 23:48:51,WIN10-FIN-014,Microsoft-Windows-Security-Auditing,Security,4672,Special privileges assigned to new logon,CORP,admin.ops,PC-OPS-014,10.10.126.146,60061,10,C:\\Windows\\System32\\WindowsPowerShell\\v1.0\\powershell.exe,0x0,0x0,Special privileges assigned to CORP\admin.ops,0,none,Internal,LAN,,
2026-04-25 23:50:16,WIN-SRV-FILE01,Microsoft-Windows-Security-Auditing,Security,4624,An account was successfully logged on,LOCAL,finanzas02,PC-FIN-001,172.16.20.212,56316,3,C:\\Windows\\System32\\lsass.exe,0x0,0x0,Successful logon for LOCAL\finanzas02 from 172.16.20.212 using logon type 3,0,none,Internal,LAN,,
2026-04-25 23:50:17,WIN-SRV-APP01,Microsoft-Windows-Security-Auditing,Security,4624,An account was successfully logged on,LOCAL,svc_monitor,PC-RRHH-002,192.168.1.151,55597,2,C:\\Windows\\System32\\cmd.exe,0x0,0x0,Successful logon for LOCAL\svc_monitor from 192.168.1.151 using logon type 2,0,none,Internal,LAN,,
2026-04-25 23:51:40,WIN-SRV-FILE01,Microsoft-Windows-Security-Auditing,Security,4624,An account was successfully logged on,LOCAL,jperez,LAP-GER-003,192.168.1.191,64926,10,C:\\Windows\\System32\\cmd.exe,0x0,0x0,Successful logon for LOCAL\jperez from 192.168.1.191 using logon type 10,0,none,Internal,LAN,,
2026-04-25 23:53:13,WIN-SRV-FILE01,Microsoft-Windows-Security-Auditing,Security,4634,An account was logged off,EMPRESA,mgarcia,SRV-MON-001,192.168.1.134,61989,7,C:\\Program Files\\Microsoft Defender\\MsMpEng.exe,0x0,0x0,Logoff for EMPRESA\mgarcia from workstation SRV-MON-001,0,none,Internal,LAN,,
2026-04-25 23:53:29,WIN10-FIN-014,Microsoft-Windows-Security-Auditing,Security,4624,An account was successfully logged on,LOCAL,jperez,PC-OPS-014,192.168.1.26,53968,3,C:\\Windows\\System32\\cmd.exe,0x0,0x0,Successful logon for LOCAL\jperez from 192.168.1.26 using logon type 3,0,none,Internal,LAN,,
2026-04-25 23:55:00,WIN11-SEC-022,Microsoft-Windows-Security-Auditing,Security,4624,An account was successfully logged on,LOCAL,crojas,PC-FIN-001,192.168.1.243,60695,3,C:\\Windows\\System32\\lsass.exe,0x0,0x0,Successful logon for LOCAL\crojas from 192.168.1.243 using logon type 3,0,none,Internal,LAN,,
2026-04-25 23:55:04,WIN-SRV-DC01,Microsoft-Windows-Security-Auditing,Security,4688,A new process has been created,EMPRESA,lcastro,PC-FIN-001,10.10.17.75,51389,7,C:\\Windows\\System32\\cmd.exe,0x0,0x0,Process created by EMPRESA\lcastro: C:\\Windows\\System32\\cmd.exe,0,none,Internal,LAN,,
2026-04-25 23:55:56,WIN-SRV-FILE01,Microsoft-Windows-Security-Auditing,Security,4624,An account was successfully logged on,LOCAL,alopez,PC-FIN-001,192.168.1.7,54722,10,C:\\Windows\\System32\\WindowsPowerShell\\v1.0\\powershell.exe,0x0,0x0,Successful logon for LOCAL\alopez from 192.168.1.7 using logon type 10,0,none,Internal,LAN,,
2026-04-25 23:56:12,WIN-SRV-APP01,Microsoft-Windows-Security-Auditing,Security,4688,A new process has been created,EMPRESA,lcastro,PC-OPS-014,10.10.4.93,62760,10,C:\\Program Files\\Microsoft Defender\\MsMpEng.exe,0x0,0x0,Process created by EMPRESA\lcastro: C:\\Program Files\\Microsoft Defender\\MsMpEng.exe,0,none,Internal,LAN,,
2026-04-25 23:56:17,WIN-SRV-FILE01,Microsoft-Windows-Security-Auditing,Security,4624,An account was successfully logged on,EMPRESA,admin.ops,SRV-MON-001,172.16.20.51,55023,3,C:\\Windows\\System32\\cmd.exe,0x0,0x0,Successful logon for EMPRESA\admin.ops from 172.16.20.51 using logon type 3,0,none,Internal,LAN,,
2026-04-25 23:58:58,WIN-SRV-DC01,Microsoft-Windows-Security-Auditing,Security,4634,An account was logged off,LOCAL,admin.ops,PC-RRHH-002,10.10.250.138,56160,3,C:\\Windows\\System32\\lsass.exe,0x0,0x0,Logoff for LOCAL\admin.ops from workstation PC-RRHH-002,0,none,Internal,LAN,,
2026-04-25 23:59:11,WIN11-SEC-022,Microsoft-Windows-Security-Auditing,Security,4624,An account was successfully logged on,LOCAL,alopez,PC-OPS-014,192.168.1.209,51877,3,C:\\Windows\\System32\\winlogon.exe,0x0,0x0,Successful logon for LOCAL\alopez from 192.168.1.209 using logon type 3,0,none,Internal,LAN,,
2026-04-25 23:59:41,WIN10-FIN-014,Microsoft-Windows-Security-Auditing,Security,4624,An account was successfully logged on,CORP,jperez,PC-RRHH-002,10.10.185.236,63376,7,C:\\Windows\\System32\\cmd.exe,0x0,0x0,Successful logon for CORP\jperez from 10.10.185.236 using logon type 7,0,none,Internal,LAN,,
2026-04-26 00:01:43,WIN-SRV-DC01,Microsoft-Windows-Security-Auditing,Security,4634,An account was logged off,CORP,helpdesk01,LAP-GER-003,172.16.20.54,65148,7,C:\\Windows\\System32\\winlogon.exe,0x0,0x0,Logoff for CORP\helpdesk01 from workstation LAP-GER-003,0,none,Internal,LAN,,
2026-04-26 00:01:52,WIN10-FIN-014,Microsoft-Windows-Security-Auditing,Security,4624,An account was successfully logged on,EMPRESA,svc_monitor,PC-RRHH-002,192.168.1.221,61164,7,C:\\Program Files\\Google\\Chrome\\Application\\chrome.exe,0x0,0x0,Successful logon for EMPRESA\svc_monitor from 192.168.1.221 using logon type 7,0,none,Internal,LAN,,
2026-04-26 00:04:15,WIN-SRV-FILE01,Microsoft-Windows-Security-Auditing,Security,4688,A new process has been created,EMPRESA,admin.ops,SRV-MON-001,10.10.185.178,64522,7,C:\\Windows\\System32\\winlogon.exe,0x0,0x0,Process created by EMPRESA\admin.ops: C:\\Windows\\System32\\winlogon.exe,0,none,Internal,LAN,,
2026-04-26 00:04:26,WIN-SRV-APP01,Microsoft-Windows-Security-Auditing,Security,4634,An account was logged off,LOCAL,mgarcia,PC-FIN-001,10.10.192.71,51464,10,C:\\Windows\\System32\\cmd.exe,0x0,0x0,Logoff for LOCAL\mgarcia from workstation PC-FIN-001,0,none,Internal,LAN,,
2026-04-26 00:05:18,WIN-SRV-APP01,Microsoft-Windows-Security-Auditing,Security,4624,An account was successfully logged on,LOCAL,helpdesk01,LAP-GER-003,10.10.121.116,53171,7,C:\\Program Files\\Microsoft Defender\\MsMpEng.exe,0x0,0x0,Successful logon for LOCAL\helpdesk01 from 10.10.121.116 using logon type 7,0,none,Internal,LAN,,
2026-04-26 00:05:37,WIN10-FIN-014,Microsoft-Windows-Security-Auditing,Security,4624,An account was successfully logged on,CORP,analista01,SRV-MON-001,192.168.1.153,54729,10,C:\\Program Files\\Microsoft Defender\\MsMpEng.exe,0x0,0x0,Successful logon for CORP\analista01 from 192.168.1.153 using logon type 10,0,none,Internal,LAN,,
2026-04-26 00:05:44,WIN-SRV-FILE01,Microsoft-Windows-Security-Auditing,Security,4624,An account was successfully logged on,EMPRESA,dtorres,PC-OPS-014,10.10.93.99,54758,10,C:\\Windows\\System32\\cmd.exe,0x0,0x0,Successful logon for EMPRESA\dtorres from 10.10.93.99 using logon type 10,0,none,Internal,LAN,,
2026-04-26 00:09:12,WIN-SRV-FILE01,Microsoft-Windows-Security-Auditing,Security,4688,A new process has been created,EMPRESA,jperez,PC-RRHH-002,192.168.1.120,65108,2,C:\\Windows\\System32\\cmd.exe,0x0,0x0,Process created by EMPRESA\jperez: C:\\Windows\\System32\\cmd.exe,0,none,Internal,LAN,,
2026-04-26 00:09:28,WIN-SRV-FILE01,Microsoft-Windows-Security-Auditing,Security,4624,An account was successfully logged on,EMPRESA,crojas,PC-OPS-014,172.16.20.74,50709,7,C:\\Windows\\System32\\lsass.exe,0x0,0x0,Successful logon for EMPRESA\crojas from 172.16.20.74 using logon type 7,0,none,Internal,LAN,,
2026-04-26 00:11:52,WIN-SRV-APP01,Microsoft-Windows-Security-Auditing,Security,4624,An account was successfully logged on,LOCAL,dtorres,SRV-MON-001,10.10.242.18,57323,7,C:\\Windows\\System32\\winlogon.exe,0x0,0x0,Successful logon for LOCAL\dtorres from 10.10.242.18 using logon type 7,0,none,Internal,LAN,,
