2026-04-27 07:40:32,WIN-SRV-DC01,Microsoft-Windows-Security-Auditing,Security,4624,An account was successfully logged on,EMPRESA,crojas,PC-OPS-014,192.168.1.83,62697,10,C:\\Program Files\\Google\\Chrome\\Application\\chrome.exe,0x0,0x0,Successful logon for EMPRESA\crojas from 192.168.1.83 using logon type 10,0,none,Internal,LAN,,
2026-04-27 07:42:04,WIN-SRV-APP01,Microsoft-Windows-Security-Auditing,Security,4624,An account was successfully logged on,CORP,lcastro,PC-FIN-001,172.16.20.114,53742,7,C:\\Windows\\System32\\winlogon.exe,0x0,0x0,Successful logon for CORP\lcastro from 172.16.20.114 using logon type 7,0,none,Internal,LAN,,
2026-04-27 07:43:19,WIN-SRV-APP01,Microsoft-Windows-Security-Auditing,Security,4648,A logon was attempted using explicit credentials,CORP,dtorres,LAP-GER-003,172.16.20.46,50632,10,C:\\Program Files\\Microsoft Defender\\MsMpEng.exe,0x0,0x0,Explicit credentials used by CORP\dtorres from LAP-GER-003,0,none,Internal,LAN,,
2026-04-27 07:43:22,WIN-SRV-DC01,Microsoft-Windows-Security-Auditing,Security,4624,An account was successfully logged on,LOCAL,analista01,PC-RRHH-002,192.168.1.47,62918,7,C:\\Windows\\System32\\lsass.exe,0x0,0x0,Successful logon for LOCAL\analista01 from 192.168.1.47 using logon type 7,0,none,Internal,LAN,,
2026-04-27 07:45:47,WIN11-SEC-022,Microsoft-Windows-Security-Auditing,Security,4672,Special privileges assigned to new logon,EMPRESA,finanzas02,PC-FIN-001,192.168.1.26,58595,2,C:\\Windows\\System32\\WindowsPowerShell\\v1.0\\powershell.exe,0x0,0x0,Special privileges assigned to EMPRESA\finanzas02,0,none,Internal,LAN,,
2026-04-27 07:45:55,WIN10-FIN-014,Microsoft-Windows-Security-Auditing,Security,4624,An account was successfully logged on,LOCAL,analista01,PC-OPS-014,172.16.20.58,62830,2,C:\\Windows\\System32\\cmd.exe,0x0,0x0,Successful logon for LOCAL\analista01 from 172.16.20.58 using logon type 2,0,none,Internal,LAN,,
2026-04-27 07:46:42,WIN10-FIN-014,Microsoft-Windows-Security-Auditing,Security,4624,An account was successfully logged on,CORP,admin.ops,LAP-GER-003,172.16.20.90,60084,3,C:\\Windows\\System32\\lsass.exe,0x0,0x0,Successful logon for CORP\admin.ops from 172.16.20.90 using logon type 3,0,none,Internal,LAN,,
2026-04-27 07:46:50,WIN-SRV-FILE01,Microsoft-Windows-Security-Auditing,Security,4634,An account was logged off,EMPRESA,admin.ops,LAP-GER-003,172.16.20.119,51522,2,C:\\Program Files\\Google\\Chrome\\Application\\chrome.exe,0x0,0x0,Logoff for EMPRESA\admin.ops from workstation LAP-GER-003,0,none,Internal,LAN,,
2026-04-27 07:47:54,WIN-SRV-FILE01,Microsoft-Windows-Security-Auditing,Security,4634,An account was logged off,LOCAL,dtorres,PC-OPS-014,172.16.20.15,49718,3,C:\\Windows\\System32\\svchost.exe,0x0,0x0,Logoff for LOCAL\dtorres from workstation PC-OPS-014,0,none,Internal,LAN,,
2026-04-27 07:47:55,WIN-SRV-APP01,Microsoft-Windows-Security-Auditing,Security,4624,An account was successfully logged on,CORP,dtorres,PC-OPS-014,10.10.213.98,54991,2,C:\\Program Files\\Google\\Chrome\\Application\\chrome.exe,0x0,0x0,Successful logon for CORP\dtorres from 10.10.213.98 using logon type 2,0,none,Internal,LAN,,
2026-04-27 07:49:20,WIN-SRV-DC01,Microsoft-Windows-Security-Auditing,Security,4624,An account was successfully logged on,CORP,admin.ops,PC-FIN-001,10.10.32.158,54067,10,C:\\Windows\\System32\\svchost.exe,0x0,0x0,Successful logon for CORP\admin.ops from 10.10.32.158 using logon type 10,0,none,Internal,LAN,,
2026-04-27 07:52:05,WIN-SRV-DC01,Microsoft-Windows-Security-Auditing,Security,4688,A new process has been created,EMPRESA,mgarcia,PC-OPS-014,172.16.20.109,64452,2,C:\\Program Files\\Google\\Chrome\\Application\\chrome.exe,0x0,0x0,Process created by EMPRESA\mgarcia: C:\\Program Files\\Google\\Chrome\\Application\\chrome.exe,0,none,Internal,LAN,,
2026-04-27 07:52:30,WIN11-SEC-022,Microsoft-Windows-Security-Auditing,Security,4624,An account was successfully logged on,LOCAL,alopez,PC-RRHH-002,172.16.20.61,64491,10,C:\\Windows\\System32\\lsass.exe,0x0,0x0,Successful logon for LOCAL\alopez from 172.16.20.61 using logon type 10,0,none,Internal,LAN,,
2026-04-27 07:52:49,WIN-SRV-DC01,Microsoft-Windows-Security-Auditing,Security,4624,An account was successfully logged on,LOCAL,mgarcia,PC-OPS-014,192.168.1.138,61919,3,C:\\Windows\\System32\\svchost.exe,0x0,0x0,Successful logon for LOCAL\mgarcia from 192.168.1.138 using logon type 3,0,none,Internal,LAN,,
2026-04-27 07:54:01,WIN10-FIN-014,Microsoft-Windows-Security-Auditing,Security,4634,An account was logged off,CORP,analista01,PC-RRHH-002,10.10.11.59,61425,10,C:\\Windows\\System32\\winlogon.exe,0x0,0x0,Logoff for CORP\analista01 from workstation PC-RRHH-002,0,none,Internal,LAN,,
2026-04-27 07:55:09,WIN-SRV-FILE01,Microsoft-Windows-Security-Auditing,Security,4634,An account was logged off,EMPRESA,helpdesk01,LAP-GER-003,192.168.1.218,59551,10,C:\\Program Files\\Microsoft Defender\\MsMpEng.exe,0x0,0x0,Logoff for EMPRESA\helpdesk01 from workstation LAP-GER-003,0,none,Internal,LAN,,
2026-04-27 07:56:02,WIN-SRV-DC01,Microsoft-Windows-Security-Auditing,Security,4624,An account was successfully logged on,CORP,svc_backup,SRV-MON-001,192.168.1.248,61403,7,C:\\Windows\\System32\\svchost.exe,0x0,0x0,Successful logon for CORP\svc_backup from 192.168.1.248 using logon type 7,0,none,Internal,LAN,,
2026-04-27 07:56:49,WIN-SRV-FILE01,Microsoft-Windows-Security-Auditing,Security,4624,An account was successfully logged on,CORP,dtorres,PC-RRHH-002,10.10.15.138,61515,3,C:\\Windows\\System32\\winlogon.exe,0x0,0x0,Successful logon for CORP\dtorres from 10.10.15.138 using logon type 3,0,none,Internal,LAN,,
2026-04-27 07:58:29,WIN11-SEC-022,Microsoft-Windows-Security-Auditing,Security,4672,Special privileges assigned to new logon,LOCAL,lcastro,PC-FIN-001,10.10.199.11,53386,2,C:\\Windows\\System32\\lsass.exe,0x0,0x0,Special privileges assigned to LOCAL\lcastro,0,none,Internal,LAN,,
2026-04-27 07:58:49,WIN-SRV-DC01,Microsoft-Windows-Security-Auditing,Security,4624,An account was successfully logged on,LOCAL,mgarcia,SRV-MON-001,10.10.137.171,61737,3,C:\\Program Files\\Microsoft Defender\\MsMpEng.exe,0x0,0x0,Successful logon for LOCAL\mgarcia from 10.10.137.171 using logon type 3,0,none,Internal,LAN,,
2026-04-27 07:59:33,WIN-SRV-APP01,Microsoft-Windows-Security-Auditing,Security,4634,An account was logged off,LOCAL,alopez,PC-FIN-001,172.16.20.247,63878,2,C:\\Program Files\\Google\\Chrome\\Application\\chrome.exe,0x0,0x0,Logoff for LOCAL\alopez from workstation PC-FIN-001,0,none,Internal,LAN,,
2026-04-27 08:01:34,WIN-SRV-DC01,Microsoft-Windows-Security-Auditing,Security,4624,An account was successfully logged on,LOCAL,mgarcia,PC-OPS-014,10.10.160.232,62231,7,C:\\Windows\\System32\\WindowsPowerShell\\v1.0\\powershell.exe,0x0,0x0,Successful logon for LOCAL\mgarcia from 10.10.160.232 using logon type 7,0,none,Internal,LAN,,
2026-04-27 08:08:00,WIN10-FIN-014,Microsoft-Windows-Security-Auditing,Security,4624,An account was successfully logged on,EMPRESA,admin.ops,PC-RRHH-002,172.16.20.113,59189,2,C:\\Windows\\System32\\WindowsPowerShell\\v1.0\\powershell.exe,0x0,0x0,Successful logon for EMPRESA\admin.ops from 172.16.20.113 using logon type 2,0,none,Internal,LAN,,
2026-04-27 08:08:25,WIN-SRV-DC01,Microsoft-Windows-Security-Auditing,Security,4634,An account was logged off,CORP,helpdesk01,SRV-MON-001,10.10.143.200,57048,10,C:\\Program Files\\Microsoft Defender\\MsMpEng.exe,0x0,0x0,Logoff for CORP\helpdesk01 from workstation SRV-MON-001,0,none,Internal,LAN,,
2026-04-27 08:08:32,WIN-SRV-FILE01,Microsoft-Windows-Security-Auditing,Security,4624,An account was successfully logged on,EMPRESA,admin.ops,SRV-MON-001,172.16.20.38,60706,10,C:\\Windows\\System32\\lsass.exe,0x0,0x0,Successful logon for EMPRESA\admin.ops from 172.16.20.38 using logon type 10,0,none,Internal,LAN,,
2026-04-27 08:08:48,WIN11-SEC-022,Microsoft-Windows-Security-Auditing,Security,4624,An account was successfully logged on,EMPRESA,lcastro,PC-FIN-001,192.168.1.162,52836,2,C:\\Windows\\System32\\lsass.exe,0x0,0x0,Successful logon for EMPRESA\lcastro from 192.168.1.162 using logon type 2,0,none,Internal,LAN,,
2026-04-27 08:09:06,WIN11-SEC-022,Microsoft-Windows-Security-Auditing,Security,4624,An account was successfully logged on,LOCAL,alopez,PC-FIN-001,192.168.1.162,51433,10,C:\\Windows\\System32\\lsass.exe,0x0,0x0,Successful logon for LOCAL\alopez from 192.168.1.162 using logon type 10,0,none,Internal,LAN,,
2026-04-27 08:13:15,WIN10-FIN-014,Microsoft-Windows-Security-Auditing,Security,4672,Special privileges assigned to new logon,EMPRESA,analista01,SRV-MON-001,172.16.20.244,65274,10,C:\\Windows\\System32\\WindowsPowerShell\\v1.0\\powershell.exe,0x0,0x0,Special privileges assigned to EMPRESA\analista01,0,none,Internal,LAN,,
2026-04-27 08:13:36,WIN-SRV-APP01,Microsoft-Windows-Security-Auditing,Security,4624,An account was successfully logged on,LOCAL,admin.ops,LAP-GER-003,10.10.53.185,64585,2,C:\\Windows\\System32\\cmd.exe,0x0,0x0,Successful logon for LOCAL\admin.ops from 10.10.53.185 using logon type 2,0,none,Internal,LAN,,
2026-04-27 08:16:47,WIN-SRV-DC01,Microsoft-Windows-Security-Auditing,Security,4688,A new process has been created,LOCAL,finanzas02,PC-RRHH-002,172.16.20.192,53298,3,C:\\Windows\\System32\\svchost.exe,0x0,0x0,Process created by LOCAL\finanzas02: C:\\Windows\\System32\\svchost.exe,0,none,Internal,LAN,,
2026-04-27 08:17:11,WIN-SRV-APP01,Microsoft-Windows-Security-Auditing,Security,4672,Special privileges assigned to new logon,EMPRESA,svc_backup,SRV-MON-001,10.10.105.62,61715,10,C:\\Program Files\\Google\\Chrome\\Application\\chrome.exe,0x0,0x0,Special privileges assigned to EMPRESA\svc_backup,0,none,Internal,LAN,,
2026-04-27 08:18:58,WIN-SRV-FILE01,Microsoft-Windows-Security-Auditing,Security,4672,Special privileges assigned to new logon,CORP,helpdesk01,LAP-GER-003,10.10.105.98,57640,3,C:\\Program Files\\Microsoft Defender\\MsMpEng.exe,0x0,0x0,Special privileges assigned to CORP\helpdesk01,0,none,Internal,LAN,,
2026-04-27 08:19:32,WIN10-FIN-014,Microsoft-Windows-Security-Auditing,Security,4688,A new process has been created,EMPRESA,admin.ops,PC-FIN-001,172.16.20.32,54638,10,C:\\Windows\\System32\\svchost.exe,0x0,0x0,Process created by EMPRESA\admin.ops: C:\\Windows\\System32\\svchost.exe,0,none,Internal,LAN,,
2026-04-27 08:19:38,WIN-SRV-FILE01,Microsoft-Windows-Security-Auditing,Security,4624,An account was successfully logged on,LOCAL,dtorres,SRV-MON-001,10.10.79.218,64110,3,C:\\Program Files\\Microsoft Defender\\MsMpEng.exe,0x0,0x0,Successful logon for LOCAL\dtorres from 10.10.79.218 using logon type 3,0,none,Internal,LAN,,
2026-04-27 08:20:34,WIN10-FIN-014,Microsoft-Windows-Security-Auditing,Security,4624,An account was successfully logged on,LOCAL,svc_backup,LAP-GER-003,10.10.128.69,50953,3,C:\\Windows\\System32\\cmd.exe,0x0,0x0,Successful logon for LOCAL\svc_backup from 10.10.128.69 using logon type 3,0,none,Internal,LAN,,
2026-04-27 08:20:41,WIN10-FIN-014,Microsoft-Windows-Security-Auditing,Security,4672,Special privileges assigned to new logon,CORP,mgarcia,PC-OPS-014,172.16.20.129,61809,10,C:\\Windows\\System32\\winlogon.exe,0x0,0x0,Special privileges assigned to CORP\mgarcia,0,none,Internal,LAN,,
2026-04-27 08:22:49,WIN11-SEC-022,Microsoft-Windows-Security-Auditing,Security,4634,An account was logged off,LOCAL,finanzas02,LAP-GER-003,10.10.193.17,65094,2,C:\\Windows\\System32\\WindowsPowerShell\\v1.0\\powershell.exe,0x0,0x0,Logoff for LOCAL\finanzas02 from workstation LAP-GER-003,0,none,Internal,LAN,,
2026-04-27 08:23:03,WIN-SRV-FILE01,Microsoft-Windows-Security-Auditing,Security,4634,An account was logged off,LOCAL,crojas,PC-OPS-014,192.168.1.107,52045,2,C:\\Windows\\System32\\lsass.exe,0x0,0x0,Logoff for LOCAL\crojas from workstation PC-OPS-014,0,none,Internal,LAN,,
2026-04-27 08:23:28,WIN-SRV-DC01,Microsoft-Windows-Security-Auditing,Security,4634,An account was logged off,CORP,svc_monitor,LAP-GER-003,172.16.20.201,49731,10,C:\\Windows\\System32\\cmd.exe,0x0,0x0,Logoff for CORP\svc_monitor from workstation LAP-GER-003,0,none,Internal,LAN,,
2026-04-27 08:24:36,WIN-SRV-APP01,Microsoft-Windows-Security-Auditing,Security,4634,An account was logged off,LOCAL,finanzas02,LAP-GER-003,192.168.1.216,62536,10,C:\\Windows\\System32\\svchost.exe,0x0,0x0,Logoff for LOCAL\finanzas02 from workstation LAP-GER-003,0,none,Internal,LAN,,
2026-04-27 08:24:42,WIN10-FIN-014,Microsoft-Windows-Security-Auditing,Security,4624,An account was successfully logged on,CORP,helpdesk01,LAP-GER-003,10.10.187.33,50134,7,C:\\Windows\\System32\\winlogon.exe,0x0,0x0,Successful logon for CORP\helpdesk01 from 10.10.187.33 using logon type 7,0,none,Internal,LAN,,
2026-04-27 08:25:31,WIN-SRV-FILE01,Microsoft-Windows-Security-Auditing,Security,4624,An account was successfully logged on,LOCAL,helpdesk01,PC-RRHH-002,192.168.1.132,62248,3,C:\\Windows\\System32\\WindowsPowerShell\\v1.0\\powershell.exe,0x0,0x0,Successful logon for LOCAL\helpdesk01 from 192.168.1.132 using logon type 3,0,none,Internal,LAN,,
2026-04-27 08:26:03,WIN10-FIN-014,Microsoft-Windows-Security-Auditing,Security,4634,An account was logged off,EMPRESA,analista01,PC-RRHH-002,192.168.1.143,63673,3,C:\\Windows\\System32\\svchost.exe,0x0,0x0,Logoff for EMPRESA\analista01 from workstation PC-RRHH-002,0,none,Internal,LAN,,
2026-04-27 08:27:53,WIN10-FIN-014,Microsoft-Windows-Security-Auditing,Security,4624,An account was successfully logged on,CORP,admin.ops,LAP-GER-003,192.168.1.220,61972,7,C:\\Program Files\\Microsoft Defender\\MsMpEng.exe,0x0,0x0,Successful logon for CORP\admin.ops from 192.168.1.220 using logon type 7,0,none,Internal,LAN,,
2026-04-27 08:27:54,WIN-SRV-DC01,Microsoft-Windows-Security-Auditing,Security,4624,An account was successfully logged on,LOCAL,admin.ops,PC-RRHH-002,192.168.1.112,63605,2,C:\\Windows\\System32\\winlogon.exe,0x0,0x0,Successful logon for LOCAL\admin.ops from 192.168.1.112 using logon type 2,0,none,Internal,LAN,,
2026-04-27 08:31:08,WIN10-FIN-014,Microsoft-Windows-Security-Auditing,Security,4624,An account was successfully logged on,EMPRESA,svc_monitor,PC-FIN-001,10.10.16.14,55132,7,C:\\Windows\\System32\\WindowsPowerShell\\v1.0\\powershell.exe,0x0,0x0,Successful logon for EMPRESA\svc_monitor from 10.10.16.14 using logon type 7,0,none,Internal,LAN,,
2026-04-27 08:33:13,WIN10-FIN-014,Microsoft-Windows-Security-Auditing,Security,4624,An account was successfully logged on,LOCAL,dtorres,PC-OPS-014,10.10.6.22,55445,3,C:\\Windows\\System32\\WindowsPowerShell\\v1.0\\powershell.exe,0x0,0x0,Successful logon for LOCAL\dtorres from 10.10.6.22 using logon type 3,0,none,Internal,LAN,,
2026-04-27 08:34:02,WIN-SRV-FILE01,Microsoft-Windows-Security-Auditing,Security,4624,An account was successfully logged on,CORP,finanzas02,PC-RRHH-002,172.16.20.196,55336,2,C:\\Windows\\System32\\WindowsPowerShell\\v1.0\\powershell.exe,0x0,0x0,Successful logon for CORP\finanzas02 from 172.16.20.196 using logon type 2,0,none,Internal,LAN,,
2026-04-27 08:34:36,WIN-SRV-APP01,Microsoft-Windows-Security-Auditing,Security,4624,An account was successfully logged on,LOCAL,svc_monitor,PC-RRHH-002,172.16.20.240,61930,2,C:\\Windows\\System32\\cmd.exe,0x0,0x0,Successful logon for LOCAL\svc_monitor from 172.16.20.240 using logon type 2,0,none,Internal,LAN,,
2026-04-27 08:35:13,WIN-SRV-FILE01,Microsoft-Windows-Security-Auditing,Security,4624,An account was successfully logged on,CORP,svc_backup,LAP-GER-003,10.10.150.36,53102,7,C:\\Windows\\System32\\WindowsPowerShell\\v1.0\\powershell.exe,0x0,0x0,Successful logon for CORP\svc_backup from 10.10.150.36 using logon type 7,0,none,Internal,LAN,,
2026-04-27 08:36:55,WIN-SRV-APP01,Microsoft-Windows-Security-Auditing,Security,4634,An account was logged off,CORP,admin.ops,SRV-MON-001,10.10.3.158,56594,7,C:\\Program Files\\Google\\Chrome\\Application\\chrome.exe,0x0,0x0,Logoff for CORP\admin.ops from workstation SRV-MON-001,0,none,Internal,LAN,,
2026-04-27 08:37:11,WIN11-SEC-022,Microsoft-Windows-Security-Auditing,Security,4624,An account was successfully logged on,LOCAL,jperez,PC-RRHH-002,192.168.1.92,61975,7,C:\\Windows\\System32\\cmd.exe,0x0,0x0,Successful logon for LOCAL\jperez from 192.168.1.92 using logon type 7,0,none,Internal,LAN,,
2026-04-27 08:38:12,WIN10-FIN-014,Microsoft-Windows-Security-Auditing,Security,4624,An account was successfully logged on,CORP,admin.ops,PC-RRHH-002,192.168.1.236,60364,3,C:\\Windows\\System32\\cmd.exe,0x0,0x0,Successful logon for CORP\admin.ops from 192.168.1.236 using logon type 3,0,none,Internal,LAN,,
2026-04-27 08:38:15,WIN-SRV-DC01,Microsoft-Windows-Security-Auditing,Security,4624,An account was successfully logged on,EMPRESA,alopez,LAP-GER-003,10.10.40.16,52715,7,C:\\Program Files\\Google\\Chrome\\Application\\chrome.exe,0x0,0x0,Successful logon for EMPRESA\alopez from 10.10.40.16 using logon type 7,0,none,Internal,LAN,,
2026-04-27 08:38:44,WIN-SRV-DC01,Microsoft-Windows-Security-Auditing,Security,4624,An account was successfully logged on,EMPRESA,finanzas02,PC-FIN-001,192.168.1.137,56653,7,C:\\Program Files\\Google\\Chrome\\Application\\chrome.exe,0x0,0x0,Successful logon for EMPRESA\finanzas02 from 192.168.1.137 using logon type 7,0,none,Internal,LAN,,
2026-04-27 08:41:43,WIN10-FIN-014,Microsoft-Windows-Security-Auditing,Security,4688,A new process has been created,CORP,lcastro,SRV-MON-001,192.168.1.150,63311,2,C:\\Windows\\System32\\cmd.exe,0x0,0x0,Process created by CORP\lcastro: C:\\Windows\\System32\\cmd.exe,0,none,Internal,LAN,,
2026-04-27 08:43:39,WIN11-SEC-022,Microsoft-Windows-Security-Auditing,Security,4624,An account was successfully logged on,EMPRESA,alopez,PC-FIN-001,172.16.20.213,52209,10,C:\\Windows\\System32\\lsass.exe,0x0,0x0,Successful logon for EMPRESA\alopez from 172.16.20.213 using logon type 10,0,none,Internal,LAN,,
2026-04-27 08:46:03,WIN10-FIN-014,Microsoft-Windows-Security-Auditing,Security,4672,Special privileges assigned to new logon,EMPRESA,helpdesk01,PC-RRHH-002,192.168.1.73,57635,3,C:\\Windows\\System32\\winlogon.exe,0x0,0x0,Special privileges assigned to EMPRESA\helpdesk01,0,none,Internal,LAN,,
2026-04-27 08:47:18,WIN-SRV-APP01,Microsoft-Windows-Security-Auditing,Security,4634,An account was logged off,CORP,admin.ops,PC-OPS-014,172.16.20.32,57303,2,C:\\Windows\\System32\\WindowsPowerShell\\v1.0\\powershell.exe,0x0,0x0,Logoff for CORP\admin.ops from workstation PC-OPS-014,0,none,Internal,LAN,,
2026-04-27 08:48:22,WIN10-FIN-014,Microsoft-Windows-Security-Auditing,Security,4624,An account was successfully logged on,CORP,helpdesk01,PC-RRHH-002,192.168.1.165,60061,7,C:\\Windows\\System32\\svchost.exe,0x0,0x0,Successful logon for CORP\helpdesk01 from 192.168.1.165 using logon type 7,0,none,Internal,LAN,,
2026-04-27 08:48:30,WIN-SRV-DC01,Microsoft-Windows-Security-Auditing,Security,4688,A new process has been created,CORP,lcastro,SRV-MON-001,192.168.1.173,55873,10,C:\\Windows\\System32\\svchost.exe,0x0,0x0,Process created by CORP\lcastro: C:\\Windows\\System32\\svchost.exe,0,none,Internal,LAN,,
2026-04-27 08:48:35,WIN11-SEC-022,Microsoft-Windows-Security-Auditing,Security,4648,A logon was attempted using explicit credentials,CORP,crojas,PC-RRHH-002,192.168.1.207,60834,10,C:\\Windows\\System32\\cmd.exe,0x0,0x0,Explicit credentials used by CORP\crojas from PC-RRHH-002,0,none,Internal,LAN,,
2026-04-27 08:51:45,WIN11-SEC-022,Microsoft-Windows-Security-Auditing,Security,4624,An account was successfully logged on,CORP,analista01,LAP-GER-003,192.168.1.24,63850,2,C:\\Windows\\System32\\cmd.exe,0x0,0x0,Successful logon for CORP\analista01 from 192.168.1.24 using logon type 2,0,none,Internal,LAN,,
2026-04-27 08:51:51,WIN-SRV-DC01,Microsoft-Windows-Security-Auditing,Security,4624,An account was successfully logged on,LOCAL,jperez,SRV-MON-001,172.16.20.64,58911,7,C:\\Windows\\System32\\winlogon.exe,0x0,0x0,Successful logon for LOCAL\jperez from 172.16.20.64 using logon type 7,0,none,Internal,LAN,,
2026-04-27 08:52:29,WIN-SRV-DC01,Microsoft-Windows-Security-Auditing,Security,4634,An account was logged off,EMPRESA,alopez,PC-OPS-014,192.168.1.160,61000,7,C:\\Windows\\System32\\WindowsPowerShell\\v1.0\\powershell.exe,0x0,0x0,Logoff for EMPRESA\alopez from workstation PC-OPS-014,0,none,Internal,LAN,,
2026-04-27 08:52:44,WIN-SRV-FILE01,Microsoft-Windows-Security-Auditing,Security,4634,An account was logged off,LOCAL,svc_monitor,PC-OPS-014,192.168.1.179,60944,7,C:\\Windows\\System32\\WindowsPowerShell\\v1.0\\powershell.exe,0x0,0x0,Logoff for LOCAL\svc_monitor from workstation PC-OPS-014,0,none,Internal,LAN,,
2026-04-27 08:53:20,WIN-SRV-DC01,Microsoft-Windows-Security-Auditing,Security,4624,An account was successfully logged on,LOCAL,jperez,PC-RRHH-002,10.10.91.152,60928,2,C:\\Program Files\\Google\\Chrome\\Application\\chrome.exe,0x0,0x0,Successful logon for LOCAL\jperez from 10.10.91.152 using logon type 2,0,none,Internal,LAN,,
2026-04-27 08:55:29,WIN-SRV-FILE01,Microsoft-Windows-Security-Auditing,Security,4624,An account was successfully logged on,LOCAL,mgarcia,LAP-GER-003,10.10.6.165,49330,2,C:\\Windows\\System32\\WindowsPowerShell\\v1.0\\powershell.exe,0x0,0x0,Successful logon for LOCAL\mgarcia from 10.10.6.165 using logon type 2,0,none,Internal,LAN,,
2026-04-27 08:55:36,WIN-SRV-DC01,Microsoft-Windows-Security-Auditing,Security,4672,Special privileges assigned to new logon,LOCAL,admin.ops,SRV-MON-001,172.16.20.5,59757,10,C:\\Windows\\System32\\svchost.exe,0x0,0x0,Special privileges assigned to LOCAL\admin.ops,0,none,Internal,LAN,,
2026-04-27 08:55:48,WIN-SRV-DC01,Microsoft-Windows-Security-Auditing,Security,4634,An account was logged off,CORP,analista01,PC-FIN-001,192.168.1.12,53019,3,C:\\Program Files\\Google\\Chrome\\Application\\chrome.exe,0x0,0x0,Logoff for CORP\analista01 from workstation PC-FIN-001,0,none,Internal,LAN,,
2026-04-27 08:55:55,WIN-SRV-FILE01,Microsoft-Windows-Security-Auditing,Security,4688,A new process has been created,LOCAL,admin.ops,PC-FIN-001,10.10.197.77,64692,7,C:\\Windows\\System32\\cmd.exe,0x0,0x0,Process created by LOCAL\admin.ops: C:\\Windows\\System32\\cmd.exe,0,none,Internal,LAN,,
2026-04-27 08:55:55,WIN-SRV-APP01,Microsoft-Windows-Security-Auditing,Security,4634,An account was logged off,EMPRESA,jperez,SRV-MON-001,192.168.1.82,56061,2,C:\\Windows\\System32\\winlogon.exe,0x0,0x0,Logoff for EMPRESA\jperez from workstation SRV-MON-001,0,none,Internal,LAN,,
2026-04-27 09:00:25,WIN11-SEC-022,Microsoft-Windows-Security-Auditing,Security,4624,An account was successfully logged on,EMPRESA,helpdesk01,SRV-MON-001,10.10.82.17,63640,3,C:\\Windows\\System32\\lsass.exe,0x0,0x0,Successful logon for EMPRESA\helpdesk01 from 10.10.82.17 using logon type 3,0,none,Internal,LAN,,
2026-04-27 09:00:29,WIN-SRV-APP01,Microsoft-Windows-Security-Auditing,Security,4634,An account was logged off,EMPRESA,svc_monitor,LAP-GER-003,192.168.1.120,60421,3,C:\\Windows\\System32\\svchost.exe,0x0,0x0,Logoff for EMPRESA\svc_monitor from workstation LAP-GER-003,0,none,Internal,LAN,,
2026-04-27 09:01:59,WIN10-FIN-014,Microsoft-Windows-Security-Auditing,Security,4688,A new process has been created,CORP,crojas,PC-RRHH-002,10.10.2.14,53630,7,C:\\Windows\\System32\\cmd.exe,0x0,0x0,Process created by CORP\crojas: C:\\Windows\\System32\\cmd.exe,0,none,Internal,LAN,,
2026-04-27 09:02:24,WIN-SRV-APP01,Microsoft-Windows-Security-Auditing,Security,4672,Special privileges assigned to new logon,LOCAL,svc_backup,PC-OPS-014,10.10.25.113,65462,2,C:\\Program Files\\Google\\Chrome\\Application\\chrome.exe,0x0,0x0,Special privileges assigned to LOCAL\svc_backup,0,none,Internal,LAN,,
2026-04-27 09:02:58,WIN-SRV-DC01,Microsoft-Windows-Security-Auditing,Security,4624,An account was successfully logged on,CORP,mgarcia,PC-RRHH-002,192.168.1.250,62351,2,C:\\Windows\\System32\\svchost.exe,0x0,0x0,Successful logon for CORP\mgarcia from 192.168.1.250 using logon type 2,0,none,Internal,LAN,,
2026-04-27 09:03:14,WIN11-SEC-022,Microsoft-Windows-Security-Auditing,Security,4624,An account was successfully logged on,CORP,jperez,PC-RRHH-002,10.10.165.220,52740,3,C:\\Windows\\System32\\lsass.exe,0x0,0x0,Successful logon for CORP\jperez from 10.10.165.220 using logon type 3,0,none,Internal,LAN,,
2026-04-27 09:03:39,WIN-SRV-APP01,Microsoft-Windows-Security-Auditing,Security,4624,An account was successfully logged on,CORP,finanzas02,LAP-GER-003,10.10.139.53,62666,2,C:\\Windows\\System32\\WindowsPowerShell\\v1.0\\powershell.exe,0x0,0x0,Successful logon for CORP\finanzas02 from 10.10.139.53 using logon type 2,0,none,Internal,LAN,,
2026-04-27 09:04:13,WIN-SRV-APP01,Microsoft-Windows-Security-Auditing,Security,4624,An account was successfully logged on,EMPRESA,helpdesk01,LAP-GER-003,192.168.1.57,50053,3,C:\\Windows\\System32\\svchost.exe,0x0,0x0,Successful logon for EMPRESA\helpdesk01 from 192.168.1.57 using logon type 3,0,none,Internal,LAN,,
2026-04-27 09:04:44,WIN-SRV-FILE01,Microsoft-Windows-Security-Auditing,Security,4688,A new process has been created,EMPRESA,dtorres,LAP-GER-003,10.10.118.165,49390,2,C:\\Windows\\System32\\cmd.exe,0x0,0x0,Process created by EMPRESA\dtorres: C:\\Windows\\System32\\cmd.exe,0,none,Internal,LAN,,
2026-04-27 09:08:04,WIN-SRV-DC01,Microsoft-Windows-Security-Auditing,Security,4624,An account was successfully logged on,EMPRESA,alopez,PC-FIN-001,10.10.240.46,62412,3,C:\\Program Files\\Microsoft Defender\\MsMpEng.exe,0x0,0x0,Successful logon for EMPRESA\alopez from 10.10.240.46 using logon type 3,0,none,Internal,LAN,,
2026-04-27 09:10:29,WIN-SRV-APP01,Microsoft-Windows-Security-Auditing,Security,4688,A new process has been created,LOCAL,admin.ops,PC-FIN-001,172.16.20.83,51695,2,C:\\Windows\\System32\\lsass.exe,0x0,0x0,Process created by LOCAL\admin.ops: C:\\Windows\\System32\\lsass.exe,0,none,Internal,LAN,,
2026-04-27 09:11:04,WIN-SRV-DC01,Microsoft-Windows-Security-Auditing,Security,4624,An account was successfully logged on,LOCAL,svc_backup,SRV-MON-001,192.168.1.57,51906,7,C:\\Program Files\\Google\\Chrome\\Application\\chrome.exe,0x0,0x0,Successful logon for LOCAL\svc_backup from 192.168.1.57 using logon type 7,0,none,Internal,LAN,,
2026-04-27 09:11:16,WIN-SRV-FILE01,Microsoft-Windows-Security-Auditing,Security,4688,A new process has been created,LOCAL,crojas,PC-RRHH-002,10.10.0.100,54922,2,C:\\Program Files\\Microsoft Defender\\MsMpEng.exe,0x0,0x0,Process created by LOCAL\crojas: C:\\Program Files\\Microsoft Defender\\MsMpEng.exe,0,none,Internal,LAN,,
2026-04-27 09:11:21,WIN-SRV-FILE01,Microsoft-Windows-Security-Auditing,Security,4624,An account was successfully logged on,EMPRESA,svc_monitor,PC-FIN-001,172.16.20.40,51898,10,C:\\Windows\\System32\\WindowsPowerShell\\v1.0\\powershell.exe,0x0,0x0,Successful logon for EMPRESA\svc_monitor from 172.16.20.40 using logon type 10,0,none,Internal,LAN,,
2026-04-27 09:11:26,WIN-SRV-FILE01,Microsoft-Windows-Security-Auditing,Security,4624,An account was successfully logged on,EMPRESA,analista01,LAP-GER-003,172.16.20.18,56519,7,C:\\Program Files\\Google\\Chrome\\Application\\chrome.exe,0x0,0x0,Successful logon for EMPRESA\analista01 from 172.16.20.18 using logon type 7,0,none,Internal,LAN,,
2026-04-27 09:12:17,WIN-SRV-APP01,Microsoft-Windows-Security-Auditing,Security,4624,An account was successfully logged on,EMPRESA,finanzas02,SRV-MON-001,192.168.1.67,50722,2,C:\\Windows\\System32\\winlogon.exe,0x0,0x0,Successful logon for EMPRESA\finanzas02 from 192.168.1.67 using logon type 2,0,none,Internal,LAN,,
2026-04-27 09:13:52,WIN-SRV-APP01,Microsoft-Windows-Security-Auditing,Security,4624,An account was successfully logged on,CORP,alopez,PC-FIN-001,10.10.2.77,54363,10,C:\\Windows\\System32\\svchost.exe,0x0,0x0,Successful logon for CORP\alopez from 10.10.2.77 using logon type 10,0,none,Internal,LAN,,
2026-04-27 09:14:01,WIN11-SEC-022,Microsoft-Windows-Security-Auditing,Security,4634,An account was logged off,LOCAL,mgarcia,PC-FIN-001,192.168.1.171,51122,10,C:\\Windows\\System32\\svchost.exe,0x0,0x0,Logoff for LOCAL\mgarcia from workstation PC-FIN-001,0,none,Internal,LAN,,
2026-04-27 09:15:55,WIN11-SEC-022,Microsoft-Windows-Security-Auditing,Security,4624,An account was successfully logged on,CORP,svc_monitor,LAP-GER-003,172.16.20.58,61586,10,C:\\Windows\\System32\\winlogon.exe,0x0,0x0,Successful logon for CORP\svc_monitor from 172.16.20.58 using logon type 10,0,none,Internal,LAN,,
2026-04-27 09:16:21,WIN-SRV-FILE01,Microsoft-Windows-Security-Auditing,Security,4624,An account was successfully logged on,LOCAL,admin.ops,PC-FIN-001,172.16.20.205,63634,2,C:\\Windows\\System32\\winlogon.exe,0x0,0x0,Successful logon for LOCAL\admin.ops from 172.16.20.205 using logon type 2,0,none,Internal,LAN,,
2026-04-27 09:16:38,WIN-SRV-APP01,Microsoft-Windows-Security-Auditing,Security,4688,A new process has been created,CORP,jperez,LAP-GER-003,172.16.20.101,64180,3,C:\\Windows\\System32\\lsass.exe,0x0,0x0,Process created by CORP\jperez: C:\\Windows\\System32\\lsass.exe,0,none,Internal,LAN,,
2026-04-27 09:17:00,WIN11-SEC-022,Microsoft-Windows-Security-Auditing,Security,4624,An account was successfully logged on,CORP,alopez,SRV-MON-001,10.10.137.99,57486,7,C:\\Program Files\\Microsoft Defender\\MsMpEng.exe,0x0,0x0,Successful logon for CORP\alopez from 10.10.137.99 using logon type 7,0,none,Internal,LAN,,
2026-04-27 09:17:10,WIN11-SEC-022,Microsoft-Windows-Security-Auditing,Security,4624,An account was successfully logged on,CORP,alopez,SRV-MON-001,192.168.1.242,58845,2,C:\\Windows\\System32\\svchost.exe,0x0,0x0,Successful logon for CORP\alopez from 192.168.1.242 using logon type 2,0,none,Internal,LAN,,
2026-04-27 09:17:38,WIN11-SEC-022,Microsoft-Windows-Security-Auditing,Security,4624,An account was successfully logged on,EMPRESA,admin.ops,PC-RRHH-002,172.16.20.211,63145,10,C:\\Windows\\System32\\cmd.exe,0x0,0x0,Successful logon for EMPRESA\admin.ops from 172.16.20.211 using logon type 10,0,none,Internal,LAN,,
2026-04-27 09:18:02,WIN11-SEC-022,Microsoft-Windows-Security-Auditing,Security,4624,An account was successfully logged on,EMPRESA,helpdesk01,PC-OPS-014,10.10.105.248,62855,2,C:\\Program Files\\Microsoft Defender\\MsMpEng.exe,0x0,0x0,Successful logon for EMPRESA\helpdesk01 from 10.10.105.248 using logon type 2,0,none,Internal,LAN,,
2026-04-27 09:18:21,WIN-SRV-DC01,Microsoft-Windows-Security-Auditing,Security,4688,A new process has been created,LOCAL,svc_backup,PC-OPS-014,10.10.247.107,49408,7,C:\\Windows\\System32\\cmd.exe,0x0,0x0,Process created by LOCAL\svc_backup: C:\\Windows\\System32\\cmd.exe,0,none,Internal,LAN,,
2026-04-27 09:18:23,WIN-SRV-APP01,Microsoft-Windows-Security-Auditing,Security,4624,An account was successfully logged on,CORP,mgarcia,LAP-GER-003,192.168.1.140,58083,3,C:\\Program Files\\Google\\Chrome\\Application\\chrome.exe,0x0,0x0,Successful logon for CORP\mgarcia from 192.168.1.140 using logon type 3,0,none,Internal,LAN,,
2026-04-27 09:18:51,WIN10-FIN-014,Microsoft-Windows-Security-Auditing,Security,4688,A new process has been created,CORP,admin.ops,PC-RRHH-002,10.10.204.53,51487,2,C:\\Windows\\System32\\cmd.exe,0x0,0x0,Process created by CORP\admin.ops: C:\\Windows\\System32\\cmd.exe,0,none,Internal,LAN,,
2026-04-27 09:19:14,WIN-SRV-FILE01,Microsoft-Windows-Security-Auditing,Security,4624,An account was successfully logged on,EMPRESA,mgarcia,PC-FIN-001,10.10.56.219,55038,10,C:\\Windows\\System32\\cmd.exe,0x0,0x0,Successful logon for EMPRESA\mgarcia from 10.10.56.219 using logon type 10,0,none,Internal,LAN,,
2026-04-27 09:19:30,WIN-SRV-APP01,Microsoft-Windows-Security-Auditing,Security,4688,A new process has been created,CORP,helpdesk01,LAP-GER-003,172.16.20.146,52801,10,C:\\Program Files\\Microsoft Defender\\MsMpEng.exe,0x0,0x0,Process created by CORP\helpdesk01: C:\\Program Files\\Microsoft Defender\\MsMpEng.exe,0,none,Internal,LAN,,
2026-04-27 09:21:33,WIN10-FIN-014,Microsoft-Windows-Security-Auditing,Security,4624,An account was successfully logged on,CORP,svc_monitor,PC-OPS-014,10.10.73.112,51408,10,C:\\Program Files\\Google\\Chrome\\Application\\chrome.exe,0x0,0x0,Successful logon for CORP\svc_monitor from 10.10.73.112 using logon type 10,0,none,Internal,LAN,,
2026-04-27 09:21:37,WIN11-SEC-022,Microsoft-Windows-Security-Auditing,Security,4624,An account was successfully logged on,EMPRESA,alopez,SRV-MON-001,10.10.53.155,51589,2,C:\\Program Files\\Google\\Chrome\\Application\\chrome.exe,0x0,0x0,Successful logon for EMPRESA\alopez from 10.10.53.155 using logon type 2,0,none,Internal,LAN,,
2026-04-27 09:21:50,WIN-SRV-APP01,Microsoft-Windows-Security-Auditing,Security,4634,An account was logged off,CORP,mgarcia,SRV-MON-001,192.168.1.170,63255,3,C:\\Program Files\\Google\\Chrome\\Application\\chrome.exe,0x0,0x0,Logoff for CORP\mgarcia from workstation SRV-MON-001,0,none,Internal,LAN,,
2026-04-27 09:23:03,WIN10-FIN-014,Microsoft-Windows-Security-Auditing,Security,4688,A new process has been created,EMPRESA,finanzas02,PC-FIN-001,192.168.1.116,51175,3,C:\\Program Files\\Microsoft Defender\\MsMpEng.exe,0x0,0x0,Process created by EMPRESA\finanzas02: C:\\Program Files\\Microsoft Defender\\MsMpEng.exe,0,none,Internal,LAN,,
2026-04-27 09:24:50,WIN-SRV-APP01,Microsoft-Windows-Security-Auditing,Security,4688,A new process has been created,EMPRESA,analista01,LAP-GER-003,192.168.1.224,59026,2,C:\\Windows\\System32\\svchost.exe,0x0,0x0,Process created by EMPRESA\analista01: C:\\Windows\\System32\\svchost.exe,0,none,Internal,LAN,,
2026-04-27 09:25:27,WIN10-FIN-014,Microsoft-Windows-Security-Auditing,Security,4624,An account was successfully logged on,EMPRESA,svc_monitor,LAP-GER-003,10.10.97.100,57709,7,C:\\Windows\\System32\\cmd.exe,0x0,0x0,Successful logon for EMPRESA\svc_monitor from 10.10.97.100 using logon type 7,0,none,Internal,LAN,,
2026-04-27 09:27:07,WIN-SRV-FILE01,Microsoft-Windows-Security-Auditing,Security,4624,An account was successfully logged on,CORP,svc_monitor,PC-RRHH-002,192.168.1.175,53763,3,C:\\Windows\\System32\\svchost.exe,0x0,0x0,Successful logon for CORP\svc_monitor from 192.168.1.175 using logon type 3,0,none,Internal,LAN,,
2026-04-27 09:31:18,WIN10-FIN-014,Microsoft-Windows-Security-Auditing,Security,4672,Special privileges assigned to new logon,LOCAL,finanzas02,SRV-MON-001,10.10.113.188,62099,2,C:\\Windows\\System32\\lsass.exe,0x0,0x0,Special privileges assigned to LOCAL\finanzas02,0,none,Internal,LAN,,
2026-04-27 09:31:37,WIN-SRV-FILE01,Microsoft-Windows-Security-Auditing,Security,4624,An account was successfully logged on,CORP,helpdesk01,PC-OPS-014,172.16.20.191,59361,2,C:\\Program Files\\Google\\Chrome\\Application\\chrome.exe,0x0,0x0,Successful logon for CORP\helpdesk01 from 172.16.20.191 using logon type 2,0,none,Internal,LAN,,
2026-04-27 09:32:57,WIN10-FIN-014,Microsoft-Windows-Security-Auditing,Security,4624,An account was successfully logged on,CORP,analista01,PC-OPS-014,192.168.1.124,61726,3,C:\\Windows\\System32\\WindowsPowerShell\\v1.0\\powershell.exe,0x0,0x0,Successful logon for CORP\analista01 from 192.168.1.124 using logon type 3,0,none,Internal,LAN,,
2026-04-27 09:33:25,WIN-SRV-DC01,Microsoft-Windows-Security-Auditing,Security,4624,An account was successfully logged on,CORP,crojas,PC-RRHH-002,192.168.1.109,55867,10,C:\\Windows\\System32\\lsass.exe,0x0,0x0,Successful logon for CORP\crojas from 192.168.1.109 using logon type 10,0,none,Internal,LAN,,
2026-04-27 09:34:13,WIN10-FIN-014,Microsoft-Windows-Security-Auditing,Security,4624,An account was successfully logged on,EMPRESA,analista01,PC-FIN-001,192.168.1.134,50079,3,C:\\Program Files\\Google\\Chrome\\Application\\chrome.exe,0x0,0x0,Successful logon for EMPRESA\analista01 from 192.168.1.134 using logon type 3,0,none,Internal,LAN,,
2026-04-27 09:34:31,WIN10-FIN-014,Microsoft-Windows-Security-Auditing,Security,4624,An account was successfully logged on,CORP,jperez,SRV-MON-001,10.10.225.70,61330,7,C:\\Windows\\System32\\cmd.exe,0x0,0x0,Successful logon for CORP\jperez from 10.10.225.70 using logon type 7,0,none,Internal,LAN,,
2026-04-27 09:34:42,WIN10-FIN-014,Microsoft-Windows-Security-Auditing,Security,4624,An account was successfully logged on,CORP,helpdesk01,LAP-GER-003,172.16.20.41,53780,3,C:\\Program Files\\Microsoft Defender\\MsMpEng.exe,0x0,0x0,Successful logon for CORP\helpdesk01 from 172.16.20.41 using logon type 3,0,none,Internal,LAN,,
2026-04-27 09:35:33,WIN10-FIN-014,Microsoft-Windows-Security-Auditing,Security,4624,An account was successfully logged on,CORP,mgarcia,PC-FIN-001,192.168.1.117,56891,3,C:\\Windows\\System32\\lsass.exe,0x0,0x0,Successful logon for CORP\mgarcia from 192.168.1.117 using logon type 3,0,none,Internal,LAN,,
2026-04-27 09:35:54,WIN11-SEC-022,Microsoft-Windows-Security-Auditing,Security,4672,Special privileges assigned to new logon,EMPRESA,dtorres,LAP-GER-003,192.168.1.196,51983,2,C:\\Windows\\System32\\lsass.exe,0x0,0x0,Special privileges assigned to EMPRESA\dtorres,0,none,Internal,LAN,,
2026-04-27 09:35:58,WIN-SRV-APP01,Microsoft-Windows-Security-Auditing,Security,4624,An account was successfully logged on,LOCAL,lcastro,PC-OPS-014,192.168.1.233,58693,10,C:\\Windows\\System32\\lsass.exe,0x0,0x0,Successful logon for LOCAL\lcastro from 192.168.1.233 using logon type 10,0,none,Internal,LAN,,
2026-04-27 09:36:40,WIN-SRV-FILE01,Microsoft-Windows-Security-Auditing,Security,4648,A logon was attempted using explicit credentials,EMPRESA,dtorres,LAP-GER-003,10.10.82.219,52271,2,C:\\Windows\\System32\\svchost.exe,0x0,0x0,Explicit credentials used by EMPRESA\dtorres from LAP-GER-003,0,none,Internal,LAN,,
2026-04-27 09:39:10,WIN10-FIN-014,Microsoft-Windows-Security-Auditing,Security,4624,An account was successfully logged on,LOCAL,crojas,LAP-GER-003,172.16.20.151,55199,10,C:\\Windows\\System32\\winlogon.exe,0x0,0x0,Successful logon for LOCAL\crojas from 172.16.20.151 using logon type 10,0,none,Internal,LAN,,
2026-04-27 09:42:21,WIN10-FIN-014,Microsoft-Windows-Security-Auditing,Security,4624,An account was successfully logged on,EMPRESA,analista01,PC-OPS-014,192.168.1.231,52401,3,C:\\Windows\\System32\\lsass.exe,0x0,0x0,Successful logon for EMPRESA\analista01 from 192.168.1.231 using logon type 3,0,none,Internal,LAN,,
2026-04-27 09:44:30,WIN10-FIN-014,Microsoft-Windows-Security-Auditing,Security,4688,A new process has been created,EMPRESA,analista01,PC-FIN-001,172.16.20.130,55996,3,C:\\Program Files\\Microsoft Defender\\MsMpEng.exe,0x0,0x0,Process created by EMPRESA\analista01: C:\\Program Files\\Microsoft Defender\\MsMpEng.exe,0,none,Internal,LAN,,
2026-04-27 09:44:56,WIN-SRV-APP01,Microsoft-Windows-Security-Auditing,Security,4624,An account was successfully logged on,CORP,admin.ops,PC-FIN-001,10.10.252.23,52135,3,C:\\Windows\\System32\\svchost.exe,0x0,0x0,Successful logon for CORP\admin.ops from 10.10.252.23 using logon type 3,0,none,Internal,LAN,,
2026-04-27 09:45:42,WIN-SRV-APP01,Microsoft-Windows-Security-Auditing,Security,4624,An account was successfully logged on,EMPRESA,alopez,PC-FIN-001,10.10.225.35,60490,7,C:\\Program Files\\Google\\Chrome\\Application\\chrome.exe,0x0,0x0,Successful logon for EMPRESA\alopez from 10.10.225.35 using logon type 7,0,none,Internal,LAN,,
2026-04-27 09:50:16,WIN-SRV-DC01,Microsoft-Windows-Security-Auditing,Security,4688,A new process has been created,EMPRESA,analista01,PC-OPS-014,172.16.20.112,61580,3,C:\\Windows\\System32\\cmd.exe,0x0,0x0,Process created by EMPRESA\analista01: C:\\Windows\\System32\\cmd.exe,0,none,Internal,LAN,,
2026-04-27 09:52:27,WIN11-SEC-022,Microsoft-Windows-Security-Auditing,Security,4624,An account was successfully logged on,LOCAL,analista01,LAP-GER-003,172.16.20.53,50665,3,C:\\Windows\\System32\\winlogon.exe,0x0,0x0,Successful logon for LOCAL\analista01 from 172.16.20.53 using logon type 3,0,none,Internal,LAN,,
2026-04-27 09:52:32,WIN11-SEC-022,Microsoft-Windows-Security-Auditing,Security,4624,An account was successfully logged on,CORP,analista01,PC-RRHH-002,10.10.195.132,56378,2,C:\\Windows\\System32\\WindowsPowerShell\\v1.0\\powershell.exe,0x0,0x0,Successful logon for CORP\analista01 from 10.10.195.132 using logon type 2,0,none,Internal,LAN,,
2026-04-27 09:52:36,WIN-SRV-DC01,Microsoft-Windows-Security-Auditing,Security,4624,An account was successfully logged on,CORP,jperez,PC-FIN-001,172.16.20.162,58285,2,C:\\Windows\\System32\\winlogon.exe,0x0,0x0,Successful logon for CORP\jperez from 172.16.20.162 using logon type 2,0,none,Internal,LAN,,
2026-04-27 09:54:17,WIN-SRV-FILE01,Microsoft-Windows-Security-Auditing,Security,4634,An account was logged off,CORP,svc_monitor,SRV-MON-001,172.16.20.177,61328,7,C:\\Program Files\\Google\\Chrome\\Application\\chrome.exe,0x0,0x0,Logoff for CORP\svc_monitor from workstation SRV-MON-001,0,none,Internal,LAN,,
2026-04-27 09:54:46,WIN10-FIN-014,Microsoft-Windows-Security-Auditing,Security,4624,An account was successfully logged on,CORP,alopez,LAP-GER-003,192.168.1.60,61014,10,C:\\Windows\\System32\\lsass.exe,0x0,0x0,Successful logon for CORP\alopez from 192.168.1.60 using logon type 10,0,none,Internal,LAN,,
2026-04-27 09:55:31,WIN-SRV-APP01,Microsoft-Windows-Security-Auditing,Security,4688,A new process has been created,LOCAL,dtorres,PC-OPS-014,10.10.69.12,53367,7,C:\\Windows\\System32\\winlogon.exe,0x0,0x0,Process created by LOCAL\dtorres: C:\\Windows\\System32\\winlogon.exe,0,none,Internal,LAN,,
2026-04-27 09:59:27,WIN-SRV-APP01,Microsoft-Windows-Security-Auditing,Security,4634,An account was logged off,EMPRESA,mgarcia,PC-FIN-001,192.168.1.162,54423,10,C:\\Windows\\System32\\winlogon.exe,0x0,0x0,Logoff for EMPRESA\mgarcia from workstation PC-FIN-001,0,none,Internal,LAN,,
2026-04-27 09:59:36,WIN-SRV-FILE01,Microsoft-Windows-Security-Auditing,Security,4634,An account was logged off,EMPRESA,svc_backup,PC-OPS-014,172.16.20.138,63775,7,C:\\Windows\\System32\\winlogon.exe,0x0,0x0,Logoff for EMPRESA\svc_backup from workstation PC-OPS-014,0,none,Internal,LAN,,
2026-04-27 09:59:42,WIN-SRV-FILE01,Microsoft-Windows-Security-Auditing,Security,4688,A new process has been created,EMPRESA,lcastro,SRV-MON-001,192.168.1.22,55376,2,C:\\Windows\\System32\\svchost.exe,0x0,0x0,Process created by EMPRESA\lcastro: C:\\Windows\\System32\\svchost.exe,0,none,Internal,LAN,,
2026-04-27 09:59:47,WIN-SRV-APP01,Microsoft-Windows-Security-Auditing,Security,4634,An account was logged off,LOCAL,svc_backup,PC-RRHH-002,10.10.132.126,55701,2,C:\\Windows\\System32\\cmd.exe,0x0,0x0,Logoff for LOCAL\svc_backup from workstation PC-RRHH-002,0,none,Internal,LAN,,
2026-04-27 10:00:11,WIN-SRV-FILE01,Microsoft-Windows-Security-Auditing,Security,4634,An account was logged off,EMPRESA,admin.ops,SRV-MON-001,192.168.1.78,60648,3,C:\\Windows\\System32\\cmd.exe,0x0,0x0,Logoff for EMPRESA\admin.ops from workstation SRV-MON-001,0,none,Internal,LAN,,
2026-04-27 10:00:24,WIN-SRV-DC01,Microsoft-Windows-Security-Auditing,Security,4624,An account was successfully logged on,CORP,svc_monitor,PC-OPS-014,10.10.34.58,61248,7,C:\\Windows\\System32\\winlogon.exe,0x0,0x0,Successful logon for CORP\svc_monitor from 10.10.34.58 using logon type 7,0,none,Internal,LAN,,
2026-04-27 10:02:17,WIN10-FIN-014,Microsoft-Windows-Security-Auditing,Security,4624,An account was successfully logged on,EMPRESA,analista01,PC-RRHH-002,10.10.226.187,58325,3,C:\\Program Files\\Google\\Chrome\\Application\\chrome.exe,0x0,0x0,Successful logon for EMPRESA\analista01 from 10.10.226.187 using logon type 3,0,none,Internal,LAN,,
2026-04-27 10:03:11,WIN11-SEC-022,Microsoft-Windows-Security-Auditing,Security,4624,An account was successfully logged on,EMPRESA,admin.ops,PC-OPS-014,192.168.1.76,62341,2,C:\\Windows\\System32\\cmd.exe,0x0,0x0,Successful logon for EMPRESA\admin.ops from 192.168.1.76 using logon type 2,0,none,Internal,LAN,,
2026-04-27 10:03:43,WIN-SRV-FILE01,Microsoft-Windows-Security-Auditing,Security,4634,An account was logged off,LOCAL,svc_monitor,PC-OPS-014,10.10.123.253,64751,2,C:\\Windows\\System32\\svchost.exe,0x0,0x0,Logoff for LOCAL\svc_monitor from workstation PC-OPS-014,0,none,Internal,LAN,,
2026-04-27 10:04:00,WIN-SRV-FILE01,Microsoft-Windows-Security-Auditing,Security,4624,An account was successfully logged on,CORP,jperez,PC-RRHH-002,172.16.20.104,59791,2,C:\\Program Files\\Google\\Chrome\\Application\\chrome.exe,0x0,0x0,Successful logon for CORP\jperez from 172.16.20.104 using logon type 2,0,none,Internal,LAN,,
2026-04-27 10:04:35,WIN10-FIN-014,Microsoft-Windows-Security-Auditing,Security,4634,An account was logged off,CORP,finanzas02,SRV-MON-001,10.10.249.198,55385,2,C:\\Program Files\\Google\\Chrome\\Application\\chrome.exe,0x0,0x0,Logoff for CORP\finanzas02 from workstation SRV-MON-001,0,none,Internal,LAN,,
2026-04-27 10:05:12,WIN-SRV-DC01,Microsoft-Windows-Security-Auditing,Security,4624,An account was successfully logged on,CORP,svc_monitor,SRV-MON-001,172.16.20.115,52310,10,C:\\Windows\\System32\\cmd.exe,0x0,0x0,Successful logon for CORP\svc_monitor from 172.16.20.115 using logon type 10,0,none,Internal,LAN,,
2026-04-27 10:06:20,WIN11-SEC-022,Microsoft-Windows-Security-Auditing,Security,4624,An account was successfully logged on,CORP,svc_monitor,LAP-GER-003,192.168.1.39,56022,2,C:\\Windows\\System32\\winlogon.exe,0x0,0x0,Successful logon for CORP\svc_monitor from 192.168.1.39 using logon type 2,0,none,Internal,LAN,,
2026-04-27 10:07:38,WIN-SRV-FILE01,Microsoft-Windows-Security-Auditing,Security,4634,An account was logged off,LOCAL,lcastro,PC-OPS-014,10.10.143.208,59660,2,C:\\Windows\\System32\\lsass.exe,0x0,0x0,Logoff for LOCAL\lcastro from workstation PC-OPS-014,0,none,Internal,LAN,,
2026-04-27 10:07:59,WIN-SRV-APP01,Microsoft-Windows-Security-Auditing,Security,4688,A new process has been created,EMPRESA,helpdesk01,PC-RRHH-002,10.10.110.50,61430,7,C:\\Program Files\\Microsoft Defender\\MsMpEng.exe,0x0,0x0,Process created by EMPRESA\helpdesk01: C:\\Program Files\\Microsoft Defender\\MsMpEng.exe,0,none,Internal,LAN,,
2026-04-27 10:08:32,WIN11-SEC-022,Microsoft-Windows-Security-Auditing,Security,4624,An account was successfully logged on,EMPRESA,mgarcia,PC-RRHH-002,172.16.20.163,58321,3,C:\\Windows\\System32\\lsass.exe,0x0,0x0,Successful logon for EMPRESA\mgarcia from 172.16.20.163 using logon type 3,0,none,Internal,LAN,,
2026-04-27 10:09:08,WIN-SRV-DC01,Microsoft-Windows-Security-Auditing,Security,4634,An account was logged off,EMPRESA,svc_backup,PC-RRHH-002,10.10.84.23,60919,10,C:\\Program Files\\Google\\Chrome\\Application\\chrome.exe,0x0,0x0,Logoff for EMPRESA\svc_backup from workstation PC-RRHH-002,0,none,Internal,LAN,,
2026-04-27 10:12:36,WIN-SRV-APP01,Microsoft-Windows-Security-Auditing,Security,4624,An account was successfully logged on,EMPRESA,jperez,SRV-MON-001,10.10.113.103,54750,3,C:\\Windows\\System32\\WindowsPowerShell\\v1.0\\powershell.exe,0x0,0x0,Successful logon for EMPRESA\jperez from 10.10.113.103 using logon type 3,0,none,Internal,LAN,,
2026-04-27 10:13:02,WIN-SRV-APP01,Microsoft-Windows-Security-Auditing,Security,4634,An account was logged off,CORP,svc_monitor,PC-RRHH-002,172.16.20.90,53135,2,C:\\Windows\\System32\\WindowsPowerShell\\v1.0\\powershell.exe,0x0,0x0,Logoff for CORP\svc_monitor from workstation PC-RRHH-002,0,none,Internal,LAN,,
2026-04-27 10:13:53,WIN11-SEC-022,Microsoft-Windows-Security-Auditing,Security,4688,A new process has been created,EMPRESA,jperez,SRV-MON-001,10.10.6.120,54609,7,C:\\Windows\\System32\\WindowsPowerShell\\v1.0\\powershell.exe,0x0,0x0,Process created by EMPRESA\jperez: C:\\Windows\\System32\\WindowsPowerShell\\v1.0\\powershell.exe,0,none,Internal,LAN,,
2026-04-27 10:15:11,WIN10-FIN-014,Microsoft-Windows-Security-Auditing,Security,4624,An account was successfully logged on,CORP,lcastro,PC-RRHH-002,10.10.122.171,58495,7,C:\\Windows\\System32\\cmd.exe,0x0,0x0,Successful logon for CORP\lcastro from 10.10.122.171 using logon type 7,0,none,Internal,LAN,,
2026-04-27 10:16:44,WIN10-FIN-014,Microsoft-Windows-Security-Auditing,Security,4624,An account was successfully logged on,CORP,crojas,PC-OPS-014,172.16.20.31,49725,3,C:\\Windows\\System32\\winlogon.exe,0x0,0x0,Successful logon for CORP\crojas from 172.16.20.31 using logon type 3,0,none,Internal,LAN,,
2026-04-27 10:17:22,WIN11-SEC-022,Microsoft-Windows-Security-Auditing,Security,4624,An account was successfully logged on,LOCAL,dtorres,PC-FIN-001,192.168.1.200,60219,10,C:\\Program Files\\Microsoft Defender\\MsMpEng.exe,0x0,0x0,Successful logon for LOCAL\dtorres from 192.168.1.200 using logon type 10,0,none,Internal,LAN,,
2026-04-27 10:17:53,WIN-SRV-DC01,Microsoft-Windows-Security-Auditing,Security,4634,An account was logged off,LOCAL,crojas,LAP-GER-003,10.10.138.252,57595,2,C:\\Windows\\System32\\lsass.exe,0x0,0x0,Logoff for LOCAL\crojas from workstation LAP-GER-003,0,none,Internal,LAN,,
2026-04-27 10:18:16,WIN11-SEC-022,Microsoft-Windows-Security-Auditing,Security,4624,An account was successfully logged on,EMPRESA,alopez,LAP-GER-003,192.168.1.181,64836,10,C:\\Windows\\System32\\WindowsPowerShell\\v1.0\\powershell.exe,0x0,0x0,Successful logon for EMPRESA\alopez from 192.168.1.181 using logon type 10,0,none,Internal,LAN,,
2026-04-27 10:18:48,WIN10-FIN-014,Microsoft-Windows-Security-Auditing,Security,4624,An account was successfully logged on,EMPRESA,alopez,PC-OPS-014,10.10.33.175,50827,3,C:\\Program Files\\Google\\Chrome\\Application\\chrome.exe,0x0,0x0,Successful logon for EMPRESA\alopez from 10.10.33.175 using logon type 3,0,none,Internal,LAN,,
2026-04-27 10:19:03,WIN11-SEC-022,Microsoft-Windows-Security-Auditing,Security,4624,An account was successfully logged on,EMPRESA,dtorres,PC-RRHH-002,192.168.1.30,53298,3,C:\\Windows\\System32\\cmd.exe,0x0,0x0,Successful logon for EMPRESA\dtorres from 192.168.1.30 using logon type 3,0,none,Internal,LAN,,
2026-04-27 10:19:25,WIN11-SEC-022,Microsoft-Windows-Security-Auditing,Security,4624,An account was successfully logged on,CORP,dtorres,SRV-MON-001,172.16.20.49,57938,2,C:\\Windows\\System32\\svchost.exe,0x0,0x0,Successful logon for CORP\dtorres from 172.16.20.49 using logon type 2,0,none,Internal,LAN,,
