2026-04-25 03:04:13,WIN-SRV-DC01,Microsoft-Windows-Security-Auditing,Security,4634,An account was logged off,EMPRESA,alopez,SRV-MON-001,10.10.117.111,62139,2,C:\\Program Files\\Microsoft Defender\\MsMpEng.exe,0x0,0x0,Logoff for EMPRESA\alopez from workstation SRV-MON-001,0,none,Internal,LAN,,
2026-04-25 03:05:11,WIN-SRV-APP01,Microsoft-Windows-Security-Auditing,Security,4634,An account was logged off,EMPRESA,analista01,PC-FIN-001,192.168.1.20,54194,2,C:\\Windows\\System32\\WindowsPowerShell\\v1.0\\powershell.exe,0x0,0x0,Logoff for EMPRESA\analista01 from workstation PC-FIN-001,0,none,Internal,LAN,,
2026-04-25 03:05:35,WIN-SRV-FILE01,Microsoft-Windows-Security-Auditing,Security,4624,An account was successfully logged on,EMPRESA,svc_monitor,SRV-MON-001,10.10.89.112,63477,2,C:\\Windows\\System32\\cmd.exe,0x0,0x0,Successful logon for EMPRESA\svc_monitor from 10.10.89.112 using logon type 2,0,none,Internal,LAN,,
2026-04-25 03:07:27,WIN-SRV-DC01,Microsoft-Windows-Security-Auditing,Security,4688,A new process has been created,CORP,finanzas02,PC-OPS-014,192.168.1.240,61058,10,C:\\Windows\\System32\\lsass.exe,0x0,0x0,Process created by CORP\finanzas02: C:\\Windows\\System32\\lsass.exe,0,none,Internal,LAN,,
2026-04-25 03:10:14,WIN-SRV-APP01,Microsoft-Windows-Security-Auditing,Security,4634,An account was logged off,CORP,crojas,PC-FIN-001,172.16.20.31,63827,10,C:\\Program Files\\Google\\Chrome\\Application\\chrome.exe,0x0,0x0,Logoff for CORP\crojas from workstation PC-FIN-001,0,none,Internal,LAN,,
2026-04-25 03:11:03,WIN-SRV-APP01,Microsoft-Windows-Security-Auditing,Security,4634,An account was logged off,EMPRESA,mgarcia,PC-RRHH-002,172.16.20.20,52507,10,C:\\Windows\\System32\\svchost.exe,0x0,0x0,Logoff for EMPRESA\mgarcia from workstation PC-RRHH-002,0,none,Internal,LAN,,
2026-04-25 03:12:12,WIN11-SEC-022,Microsoft-Windows-Security-Auditing,Security,4624,An account was successfully logged on,LOCAL,finanzas02,LAP-GER-003,10.10.79.153,55176,3,C:\\Windows\\System32\\lsass.exe,0x0,0x0,Successful logon for LOCAL\finanzas02 from 10.10.79.153 using logon type 3,0,none,Internal,LAN,,
2026-04-25 03:12:17,WIN11-SEC-022,Microsoft-Windows-Security-Auditing,Security,4688,A new process has been created,LOCAL,admin.ops,PC-RRHH-002,10.10.203.199,61888,7,C:\\Windows\\System32\\winlogon.exe,0x0,0x0,Process created by LOCAL\admin.ops: C:\\Windows\\System32\\winlogon.exe,0,none,Internal,LAN,,
2026-04-25 03:13:21,WIN-SRV-FILE01,Microsoft-Windows-Security-Auditing,Security,4624,An account was successfully logged on,CORP,lcastro,PC-RRHH-002,172.16.20.211,51075,2,C:\\Windows\\System32\\lsass.exe,0x0,0x0,Successful logon for CORP\lcastro from 172.16.20.211 using logon type 2,0,none,Internal,LAN,,
2026-04-25 03:16:09,WIN-SRV-FILE01,Microsoft-Windows-Security-Auditing,Security,4624,An account was successfully logged on,EMPRESA,jperez,PC-FIN-001,172.16.20.178,52511,10,C:\\Windows\\System32\\lsass.exe,0x0,0x0,Successful logon for EMPRESA\jperez from 172.16.20.178 using logon type 10,0,none,Internal,LAN,,
2026-04-25 03:17:15,WIN-SRV-DC01,Microsoft-Windows-Security-Auditing,Security,4634,An account was logged off,CORP,dtorres,SRV-MON-001,10.10.222.127,63918,7,C:\\Windows\\System32\\lsass.exe,0x0,0x0,Logoff for CORP\dtorres from workstation SRV-MON-001,0,none,Internal,LAN,,
2026-04-25 03:17:52,WIN-SRV-APP01,Microsoft-Windows-Security-Auditing,Security,4624,An account was successfully logged on,CORP,svc_backup,LAP-GER-003,10.10.21.68,62627,3,C:\\Windows\\System32\\svchost.exe,0x0,0x0,Successful logon for CORP\svc_backup from 10.10.21.68 using logon type 3,0,none,Internal,LAN,,
2026-04-25 03:18:46,WIN11-SEC-022,Microsoft-Windows-Security-Auditing,Security,4634,An account was logged off,LOCAL,dtorres,LAP-GER-003,172.16.20.66,59644,3,C:\\Windows\\System32\\winlogon.exe,0x0,0x0,Logoff for LOCAL\dtorres from workstation LAP-GER-003,0,none,Internal,LAN,,
2026-04-25 03:19:22,WIN11-SEC-022,Microsoft-Windows-Security-Auditing,Security,4634,An account was logged off,LOCAL,alopez,PC-OPS-014,192.168.1.3,55313,10,C:\\Program Files\\Microsoft Defender\\MsMpEng.exe,0x0,0x0,Logoff for LOCAL\alopez from workstation PC-OPS-014,0,none,Internal,LAN,,
2026-04-25 03:19:57,WIN-SRV-FILE01,Microsoft-Windows-Security-Auditing,Security,4624,An account was successfully logged on,CORP,dtorres,PC-RRHH-002,10.10.168.3,65465,10,C:\\Windows\\System32\\WindowsPowerShell\\v1.0\\powershell.exe,0x0,0x0,Successful logon for CORP\dtorres from 10.10.168.3 using logon type 10,0,none,Internal,LAN,,
2026-04-25 03:21:18,WIN-SRV-DC01,Microsoft-Windows-Security-Auditing,Security,4624,An account was successfully logged on,CORP,alopez,PC-OPS-014,172.16.20.76,52209,3,C:\\Windows\\System32\\svchost.exe,0x0,0x0,Successful logon for CORP\alopez from 172.16.20.76 using logon type 3,0,none,Internal,LAN,,
2026-04-25 03:22:37,WIN10-FIN-014,Microsoft-Windows-Security-Auditing,Security,4624,An account was successfully logged on,EMPRESA,svc_monitor,LAP-GER-003,192.168.1.4,51835,7,C:\\Windows\\System32\\lsass.exe,0x0,0x0,Successful logon for EMPRESA\svc_monitor from 192.168.1.4 using logon type 7,0,none,Internal,LAN,,
2026-04-25 03:24:16,WIN11-SEC-022,Microsoft-Windows-Security-Auditing,Security,4624,An account was successfully logged on,LOCAL,finanzas02,PC-OPS-014,192.168.1.251,57820,3,C:\\Windows\\System32\\WindowsPowerShell\\v1.0\\powershell.exe,0x0,0x0,Successful logon for LOCAL\finanzas02 from 192.168.1.251 using logon type 3,0,none,Internal,LAN,,
2026-04-25 03:24:44,WIN-SRV-DC01,Microsoft-Windows-Security-Auditing,Security,4624,An account was successfully logged on,EMPRESA,analista01,PC-RRHH-002,192.168.1.217,57645,3,C:\\Program Files\\Google\\Chrome\\Application\\chrome.exe,0x0,0x0,Successful logon for EMPRESA\analista01 from 192.168.1.217 using logon type 3,0,none,Internal,LAN,,
2026-04-25 03:26:57,WIN10-FIN-014,Microsoft-Windows-Security-Auditing,Security,4624,An account was successfully logged on,CORP,svc_backup,PC-OPS-014,10.10.142.117,57570,3,C:\\Windows\\System32\\svchost.exe,0x0,0x0,Successful logon for CORP\svc_backup from 10.10.142.117 using logon type 3,0,none,Internal,LAN,,
2026-04-25 03:29:49,WIN11-SEC-022,Microsoft-Windows-Security-Auditing,Security,4634,An account was logged off,EMPRESA,svc_monitor,PC-FIN-001,192.168.1.8,52135,2,C:\\Program Files\\Microsoft Defender\\MsMpEng.exe,0x0,0x0,Logoff for EMPRESA\svc_monitor from workstation PC-FIN-001,0,none,Internal,LAN,,
2026-04-25 03:33:47,WIN-SRV-DC01,Microsoft-Windows-Security-Auditing,Security,4624,An account was successfully logged on,EMPRESA,jperez,PC-OPS-014,172.16.20.203,51189,7,C:\\Windows\\System32\\cmd.exe,0x0,0x0,Successful logon for EMPRESA\jperez from 172.16.20.203 using logon type 7,0,none,Internal,LAN,,
2026-04-25 03:33:56,WIN-SRV-FILE01,Microsoft-Windows-Security-Auditing,Security,4624,An account was successfully logged on,LOCAL,admin.ops,SRV-MON-001,172.16.20.188,50491,3,C:\\Program Files\\Google\\Chrome\\Application\\chrome.exe,0x0,0x0,Successful logon for LOCAL\admin.ops from 172.16.20.188 using logon type 3,0,none,Internal,LAN,,
2026-04-25 03:34:12,WIN10-FIN-014,Microsoft-Windows-Security-Auditing,Security,4624,An account was successfully logged on,CORP,alopez,PC-OPS-014,172.16.20.75,51520,3,C:\\Program Files\\Google\\Chrome\\Application\\chrome.exe,0x0,0x0,Successful logon for CORP\alopez from 172.16.20.75 using logon type 3,0,none,Internal,LAN,,
2026-04-25 03:36:34,WIN11-SEC-022,Microsoft-Windows-Security-Auditing,Security,4688,A new process has been created,LOCAL,lcastro,PC-RRHH-002,192.168.1.229,62804,7,C:\\Windows\\System32\\lsass.exe,0x0,0x0,Process created by LOCAL\lcastro: C:\\Windows\\System32\\lsass.exe,0,none,Internal,LAN,,
2026-04-25 03:38:42,WIN-SRV-FILE01,Microsoft-Windows-Security-Auditing,Security,4624,An account was successfully logged on,LOCAL,svc_monitor,PC-FIN-001,10.10.73.105,51695,10,C:\\Windows\\System32\\svchost.exe,0x0,0x0,Successful logon for LOCAL\svc_monitor from 10.10.73.105 using logon type 10,0,none,Internal,LAN,,
2026-04-25 03:39:36,WIN10-FIN-014,Microsoft-Windows-Security-Auditing,Security,4688,A new process has been created,LOCAL,crojas,SRV-MON-001,10.10.63.26,51397,7,C:\\Windows\\System32\\cmd.exe,0x0,0x0,Process created by LOCAL\crojas: C:\\Windows\\System32\\cmd.exe,0,none,Internal,LAN,,
2026-04-25 03:39:45,WIN10-FIN-014,Microsoft-Windows-Security-Auditing,Security,4688,A new process has been created,CORP,crojas,PC-OPS-014,10.10.91.191,62963,3,C:\\Windows\\System32\\WindowsPowerShell\\v1.0\\powershell.exe,0x0,0x0,Process created by CORP\crojas: C:\\Windows\\System32\\WindowsPowerShell\\v1.0\\powershell.exe,0,none,Internal,LAN,,
2026-04-25 03:41:02,WIN-SRV-DC01,Microsoft-Windows-Security-Auditing,Security,4634,An account was logged off,CORP,helpdesk01,PC-OPS-014,172.16.20.202,52249,2,C:\\Program Files\\Microsoft Defender\\MsMpEng.exe,0x0,0x0,Logoff for CORP\helpdesk01 from workstation PC-OPS-014,0,none,Internal,LAN,,
2026-04-25 03:41:08,WIN-SRV-APP01,Microsoft-Windows-Security-Auditing,Security,4634,An account was logged off,LOCAL,svc_monitor,SRV-MON-001,172.16.20.46,49628,7,C:\\Windows\\System32\\svchost.exe,0x0,0x0,Logoff for LOCAL\svc_monitor from workstation SRV-MON-001,0,none,Internal,LAN,,
2026-04-25 03:43:06,WIN11-SEC-022,Microsoft-Windows-Security-Auditing,Security,4672,Special privileges assigned to new logon,EMPRESA,helpdesk01,PC-OPS-014,172.16.20.111,60844,7,C:\\Windows\\System32\\WindowsPowerShell\\v1.0\\powershell.exe,0x0,0x0,Special privileges assigned to EMPRESA\helpdesk01,0,none,Internal,LAN,,
2026-04-25 03:44:35,WIN10-FIN-014,Microsoft-Windows-Security-Auditing,Security,4624,An account was successfully logged on,LOCAL,jperez,PC-RRHH-002,10.10.83.165,56795,3,C:\\Windows\\System32\\svchost.exe,0x0,0x0,Successful logon for LOCAL\jperez from 10.10.83.165 using logon type 3,0,none,Internal,LAN,,
2026-04-25 03:46:00,WIN11-SEC-022,Microsoft-Windows-Security-Auditing,Security,4634,An account was logged off,LOCAL,alopez,SRV-MON-001,10.10.247.112,62365,7,C:\\Windows\\System32\\WindowsPowerShell\\v1.0\\powershell.exe,0x0,0x0,Logoff for LOCAL\alopez from workstation SRV-MON-001,0,none,Internal,LAN,,
2026-04-25 03:46:49,WIN10-FIN-014,Microsoft-Windows-Security-Auditing,Security,4624,An account was successfully logged on,LOCAL,helpdesk01,SRV-MON-001,10.10.184.244,52383,3,C:\\Windows\\System32\\lsass.exe,0x0,0x0,Successful logon for LOCAL\helpdesk01 from 10.10.184.244 using logon type 3,0,none,Internal,LAN,,
2026-04-25 03:48:56,WIN-SRV-APP01,Microsoft-Windows-Security-Auditing,Security,4624,An account was successfully logged on,EMPRESA,alopez,PC-FIN-001,192.168.1.17,59756,10,C:\\Windows\\System32\\lsass.exe,0x0,0x0,Successful logon for EMPRESA\alopez from 192.168.1.17 using logon type 10,0,none,Internal,LAN,,
2026-04-25 03:50:50,WIN-SRV-FILE01,Microsoft-Windows-Security-Auditing,Security,4624,An account was successfully logged on,CORP,svc_monitor,PC-FIN-001,192.168.1.79,49622,3,C:\\Windows\\System32\\winlogon.exe,0x0,0x0,Successful logon for CORP\svc_monitor from 192.168.1.79 using logon type 3,0,none,Internal,LAN,,
2026-04-25 03:51:16,WIN10-FIN-014,Microsoft-Windows-Security-Auditing,Security,4634,An account was logged off,LOCAL,dtorres,PC-OPS-014,10.10.131.124,62517,2,C:\\Windows\\System32\\lsass.exe,0x0,0x0,Logoff for LOCAL\dtorres from workstation PC-OPS-014,0,none,Internal,LAN,,
2026-04-25 03:52:29,WIN10-FIN-014,Microsoft-Windows-Security-Auditing,Security,4624,An account was successfully logged on,EMPRESA,finanzas02,PC-RRHH-002,192.168.1.182,59198,3,C:\\Program Files\\Google\\Chrome\\Application\\chrome.exe,0x0,0x0,Successful logon for EMPRESA\finanzas02 from 192.168.1.182 using logon type 3,0,none,Internal,LAN,,
2026-04-25 03:56:29,WIN-SRV-DC01,Microsoft-Windows-Security-Auditing,Security,4672,Special privileges assigned to new logon,LOCAL,alopez,LAP-GER-003,172.16.20.245,64265,10,C:\\Program Files\\Microsoft Defender\\MsMpEng.exe,0x0,0x0,Special privileges assigned to LOCAL\alopez,0,none,Internal,LAN,,
2026-04-25 03:58:37,WIN-SRV-FILE01,Microsoft-Windows-Security-Auditing,Security,4672,Special privileges assigned to new logon,EMPRESA,mgarcia,SRV-MON-001,172.16.20.72,54819,3,C:\\Windows\\System32\\winlogon.exe,0x0,0x0,Special privileges assigned to EMPRESA\mgarcia,0,none,Internal,LAN,,
2026-04-25 04:00:14,WIN-SRV-APP01,Microsoft-Windows-Security-Auditing,Security,4624,An account was successfully logged on,EMPRESA,alopez,PC-FIN-001,10.10.136.213,55770,10,C:\\Windows\\System32\\cmd.exe,0x0,0x0,Successful logon for EMPRESA\alopez from 10.10.136.213 using logon type 10,0,none,Internal,LAN,,
2026-04-25 04:00:38,WIN-SRV-FILE01,Microsoft-Windows-Security-Auditing,Security,4624,An account was successfully logged on,EMPRESA,mgarcia,SRV-MON-001,172.16.20.204,60785,7,C:\\Program Files\\Microsoft Defender\\MsMpEng.exe,0x0,0x0,Successful logon for EMPRESA\mgarcia from 172.16.20.204 using logon type 7,0,none,Internal,LAN,,
2026-04-25 04:00:44,WIN-SRV-FILE01,Microsoft-Windows-Security-Auditing,Security,4672,Special privileges assigned to new logon,CORP,crojas,SRV-MON-001,172.16.20.15,64924,7,C:\\Windows\\System32\\WindowsPowerShell\\v1.0\\powershell.exe,0x0,0x0,Special privileges assigned to CORP\crojas,0,none,Internal,LAN,,
2026-04-25 04:00:46,WIN-SRV-FILE01,Microsoft-Windows-Security-Auditing,Security,4624,An account was successfully logged on,LOCAL,admin.ops,SRV-MON-001,10.10.220.159,60195,2,C:\\Program Files\\Google\\Chrome\\Application\\chrome.exe,0x0,0x0,Successful logon for LOCAL\admin.ops from 10.10.220.159 using logon type 2,0,none,Internal,LAN,,
2026-04-25 04:02:39,WIN-SRV-FILE01,Microsoft-Windows-Security-Auditing,Security,4624,An account was successfully logged on,CORP,crojas,SRV-MON-001,10.10.187.147,59552,2,C:\\Windows\\System32\\svchost.exe,0x0,0x0,Successful logon for CORP\crojas from 10.10.187.147 using logon type 2,0,none,Internal,LAN,,
2026-04-25 04:04:34,WIN-SRV-DC01,Microsoft-Windows-Security-Auditing,Security,4624,An account was successfully logged on,CORP,finanzas02,PC-RRHH-002,10.10.16.173,49461,3,C:\\Windows\\System32\\WindowsPowerShell\\v1.0\\powershell.exe,0x0,0x0,Successful logon for CORP\finanzas02 from 10.10.16.173 using logon type 3,0,none,Internal,LAN,,
2026-04-25 04:06:28,WIN-SRV-APP01,Microsoft-Windows-Security-Auditing,Security,4624,An account was successfully logged on,EMPRESA,finanzas02,PC-FIN-001,10.10.80.93,59195,7,C:\\Windows\\System32\\winlogon.exe,0x0,0x0,Successful logon for EMPRESA\finanzas02 from 10.10.80.93 using logon type 7,0,none,Internal,LAN,,
2026-04-25 04:07:25,WIN-SRV-DC01,Microsoft-Windows-Security-Auditing,Security,4672,Special privileges assigned to new logon,CORP,svc_monitor,LAP-GER-003,192.168.1.213,64345,2,C:\\Program Files\\Microsoft Defender\\MsMpEng.exe,0x0,0x0,Special privileges assigned to CORP\svc_monitor,0,none,Internal,LAN,,
2026-04-25 04:07:41,WIN11-SEC-022,Microsoft-Windows-Security-Auditing,Security,4634,An account was logged off,EMPRESA,finanzas02,PC-FIN-001,172.16.20.206,55872,10,C:\\Windows\\System32\\winlogon.exe,0x0,0x0,Logoff for EMPRESA\finanzas02 from workstation PC-FIN-001,0,none,Internal,LAN,,
2026-04-25 04:08:23,WIN-SRV-APP01,Microsoft-Windows-Security-Auditing,Security,4634,An account was logged off,EMPRESA,svc_backup,PC-RRHH-002,10.10.181.51,50323,7,C:\\Windows\\System32\\svchost.exe,0x0,0x0,Logoff for EMPRESA\svc_backup from workstation PC-RRHH-002,0,none,Internal,LAN,,
2026-04-25 04:09:50,WIN-SRV-APP01,Microsoft-Windows-Security-Auditing,Security,4624,An account was successfully logged on,CORP,lcastro,PC-FIN-001,10.10.176.13,59198,2,C:\\Windows\\System32\\lsass.exe,0x0,0x0,Successful logon for CORP\lcastro from 10.10.176.13 using logon type 2,0,none,Internal,LAN,,
2026-04-25 04:09:59,WIN-SRV-APP01,Microsoft-Windows-Security-Auditing,Security,4624,An account was successfully logged on,EMPRESA,crojas,LAP-GER-003,172.16.20.46,64662,7,C:\\Windows\\System32\\winlogon.exe,0x0,0x0,Successful logon for EMPRESA\crojas from 172.16.20.46 using logon type 7,0,none,Internal,LAN,,
2026-04-25 04:10:38,WIN-SRV-APP01,Microsoft-Windows-Security-Auditing,Security,4634,An account was logged off,EMPRESA,svc_backup,PC-OPS-014,10.10.212.155,54412,10,C:\\Program Files\\Google\\Chrome\\Application\\chrome.exe,0x0,0x0,Logoff for EMPRESA\svc_backup from workstation PC-OPS-014,0,none,Internal,LAN,,
2026-04-25 04:11:33,WIN-SRV-FILE01,Microsoft-Windows-Security-Auditing,Security,4624,An account was successfully logged on,LOCAL,svc_backup,PC-FIN-001,172.16.20.159,57367,3,C:\\Program Files\\Google\\Chrome\\Application\\chrome.exe,0x0,0x0,Successful logon for LOCAL\svc_backup from 172.16.20.159 using logon type 3,0,none,Internal,LAN,,
2026-04-25 04:11:38,WIN-SRV-FILE01,Microsoft-Windows-Security-Auditing,Security,4688,A new process has been created,LOCAL,helpdesk01,PC-FIN-001,192.168.1.236,61537,7,C:\\Program Files\\Google\\Chrome\\Application\\chrome.exe,0x0,0x0,Process created by LOCAL\helpdesk01: C:\\Program Files\\Google\\Chrome\\Application\\chrome.exe,0,none,Internal,LAN,,
2026-04-25 04:13:00,WIN-SRV-FILE01,Microsoft-Windows-Security-Auditing,Security,4672,Special privileges assigned to new logon,CORP,analista01,PC-OPS-014,192.168.1.219,60805,7,C:\\Windows\\System32\\cmd.exe,0x0,0x0,Special privileges assigned to CORP\analista01,0,none,Internal,LAN,,
2026-04-25 04:15:45,WIN-SRV-APP01,Microsoft-Windows-Security-Auditing,Security,4634,An account was logged off,EMPRESA,finanzas02,PC-OPS-014,172.16.20.64,49965,7,C:\\Windows\\System32\\WindowsPowerShell\\v1.0\\powershell.exe,0x0,0x0,Logoff for EMPRESA\finanzas02 from workstation PC-OPS-014,0,none,Internal,LAN,,
2026-04-25 04:18:44,WIN-SRV-DC01,Microsoft-Windows-Security-Auditing,Security,4648,A logon was attempted using explicit credentials,LOCAL,svc_backup,SRV-MON-001,10.10.30.8,54729,2,C:\\Windows\\System32\\svchost.exe,0x0,0x0,Explicit credentials used by LOCAL\svc_backup from SRV-MON-001,0,none,Internal,LAN,,
2026-04-25 04:19:55,WIN-SRV-APP01,Microsoft-Windows-Security-Auditing,Security,4624,An account was successfully logged on,CORP,svc_backup,LAP-GER-003,10.10.76.213,56873,7,C:\\Windows\\System32\\lsass.exe,0x0,0x0,Successful logon for CORP\svc_backup from 10.10.76.213 using logon type 7,0,none,Internal,LAN,,
2026-04-25 04:20:29,WIN11-SEC-022,Microsoft-Windows-Security-Auditing,Security,4624,An account was successfully logged on,EMPRESA,analista01,PC-RRHH-002,10.10.184.54,56197,10,C:\\Program Files\\Microsoft Defender\\MsMpEng.exe,0x0,0x0,Successful logon for EMPRESA\analista01 from 10.10.184.54 using logon type 10,0,none,Internal,LAN,,
2026-04-25 04:21:30,WIN11-SEC-022,Microsoft-Windows-Security-Auditing,Security,4624,An account was successfully logged on,LOCAL,jperez,PC-RRHH-002,10.10.153.233,51770,10,C:\\Windows\\System32\\svchost.exe,0x0,0x0,Successful logon for LOCAL\jperez from 10.10.153.233 using logon type 10,0,none,Internal,LAN,,
2026-04-25 04:21:46,WIN-SRV-FILE01,Microsoft-Windows-Security-Auditing,Security,4634,An account was logged off,EMPRESA,analista01,SRV-MON-001,192.168.1.165,54207,2,C:\\Windows\\System32\\cmd.exe,0x0,0x0,Logoff for EMPRESA\analista01 from workstation SRV-MON-001,0,none,Internal,LAN,,
2026-04-25 04:22:04,WIN11-SEC-022,Microsoft-Windows-Security-Auditing,Security,4624,An account was successfully logged on,LOCAL,crojas,PC-RRHH-002,10.10.223.235,52892,7,C:\\Windows\\System32\\winlogon.exe,0x0,0x0,Successful logon for LOCAL\crojas from 10.10.223.235 using logon type 7,0,none,Internal,LAN,,
2026-04-25 04:22:12,WIN-SRV-DC01,Microsoft-Windows-Security-Auditing,Security,4688,A new process has been created,EMPRESA,finanzas02,LAP-GER-003,192.168.1.171,62554,10,C:\\Program Files\\Microsoft Defender\\MsMpEng.exe,0x0,0x0,Process created by EMPRESA\finanzas02: C:\\Program Files\\Microsoft Defender\\MsMpEng.exe,0,none,Internal,LAN,,
2026-04-25 04:24:27,WIN11-SEC-022,Microsoft-Windows-Security-Auditing,Security,4624,An account was successfully logged on,LOCAL,admin.ops,PC-OPS-014,192.168.1.190,51947,7,C:\\Windows\\System32\\winlogon.exe,0x0,0x0,Successful logon for LOCAL\admin.ops from 192.168.1.190 using logon type 7,0,none,Internal,LAN,,
2026-04-25 04:24:29,WIN-SRV-APP01,Microsoft-Windows-Security-Auditing,Security,4672,Special privileges assigned to new logon,CORP,helpdesk01,PC-FIN-001,192.168.1.81,58781,3,C:\\Windows\\System32\\svchost.exe,0x0,0x0,Special privileges assigned to CORP\helpdesk01,0,none,Internal,LAN,,
2026-04-25 04:27:53,WIN10-FIN-014,Microsoft-Windows-Security-Auditing,Security,4624,An account was successfully logged on,CORP,lcastro,SRV-MON-001,10.10.206.146,54150,10,C:\\Windows\\System32\\svchost.exe,0x0,0x0,Successful logon for CORP\lcastro from 10.10.206.146 using logon type 10,0,none,Internal,LAN,,
2026-04-25 04:28:48,WIN11-SEC-022,Microsoft-Windows-Security-Auditing,Security,4624,An account was successfully logged on,EMPRESA,helpdesk01,PC-RRHH-002,172.16.20.59,64324,7,C:\\Windows\\System32\\cmd.exe,0x0,0x0,Successful logon for EMPRESA\helpdesk01 from 172.16.20.59 using logon type 7,0,none,Internal,LAN,,
2026-04-25 04:28:49,WIN-SRV-APP01,Microsoft-Windows-Security-Auditing,Security,4688,A new process has been created,LOCAL,crojas,PC-FIN-001,10.10.177.7,64975,2,C:\\Program Files\\Microsoft Defender\\MsMpEng.exe,0x0,0x0,Process created by LOCAL\crojas: C:\\Program Files\\Microsoft Defender\\MsMpEng.exe,0,none,Internal,LAN,,
2026-04-25 04:29:15,WIN-SRV-DC01,Microsoft-Windows-Security-Auditing,Security,4634,An account was logged off,LOCAL,dtorres,PC-FIN-001,192.168.1.61,64061,3,C:\\Windows\\System32\\svchost.exe,0x0,0x0,Logoff for LOCAL\dtorres from workstation PC-FIN-001,0,none,Internal,LAN,,
2026-04-25 04:30:01,WIN-SRV-FILE01,Microsoft-Windows-Security-Auditing,Security,4624,An account was successfully logged on,CORP,jperez,PC-OPS-014,192.168.1.36,52548,10,C:\\Windows\\System32\\winlogon.exe,0x0,0x0,Successful logon for CORP\jperez from 192.168.1.36 using logon type 10,0,none,Internal,LAN,,
2026-04-25 04:30:10,WIN-SRV-DC01,Microsoft-Windows-Security-Auditing,Security,4648,A logon was attempted using explicit credentials,LOCAL,helpdesk01,PC-FIN-001,172.16.20.47,62045,2,C:\\Program Files\\Microsoft Defender\\MsMpEng.exe,0x0,0x0,Explicit credentials used by LOCAL\helpdesk01 from PC-FIN-001,0,none,Internal,LAN,,
2026-04-25 04:31:34,WIN11-SEC-022,Microsoft-Windows-Security-Auditing,Security,4624,An account was successfully logged on,EMPRESA,svc_monitor,LAP-GER-003,10.10.114.123,65312,2,C:\\Windows\\System32\\cmd.exe,0x0,0x0,Successful logon for EMPRESA\svc_monitor from 10.10.114.123 using logon type 2,0,none,Internal,LAN,,
2026-04-25 04:31:48,WIN10-FIN-014,Microsoft-Windows-Security-Auditing,Security,4688,A new process has been created,LOCAL,jperez,PC-FIN-001,10.10.46.161,61234,3,C:\\Windows\\System32\\WindowsPowerShell\\v1.0\\powershell.exe,0x0,0x0,Process created by LOCAL\jperez: C:\\Windows\\System32\\WindowsPowerShell\\v1.0\\powershell.exe,0,none,Internal,LAN,,
2026-04-25 04:32:05,WIN-SRV-FILE01,Microsoft-Windows-Security-Auditing,Security,4688,A new process has been created,LOCAL,alopez,PC-OPS-014,192.168.1.38,54173,7,C:\\Program Files\\Google\\Chrome\\Application\\chrome.exe,0x0,0x0,Process created by LOCAL\alopez: C:\\Program Files\\Google\\Chrome\\Application\\chrome.exe,0,none,Internal,LAN,,
2026-04-25 04:34:16,WIN11-SEC-022,Microsoft-Windows-Security-Auditing,Security,4688,A new process has been created,LOCAL,svc_monitor,LAP-GER-003,192.168.1.125,50699,2,C:\\Windows\\System32\\winlogon.exe,0x0,0x0,Process created by LOCAL\svc_monitor: C:\\Windows\\System32\\winlogon.exe,0,none,Internal,LAN,,
2026-04-25 04:35:44,WIN-SRV-FILE01,Microsoft-Windows-Security-Auditing,Security,4624,An account was successfully logged on,CORP,analista01,LAP-GER-003,192.168.1.124,65079,10,C:\\Windows\\System32\\WindowsPowerShell\\v1.0\\powershell.exe,0x0,0x0,Successful logon for CORP\analista01 from 192.168.1.124 using logon type 10,0,none,Internal,LAN,,
2026-04-25 04:39:50,WIN-SRV-APP01,Microsoft-Windows-Security-Auditing,Security,4624,An account was successfully logged on,EMPRESA,dtorres,PC-RRHH-002,172.16.20.224,57258,10,C:\\Program Files\\Microsoft Defender\\MsMpEng.exe,0x0,0x0,Successful logon for EMPRESA\dtorres from 172.16.20.224 using logon type 10,0,none,Internal,LAN,,
2026-04-25 04:41:38,WIN-SRV-DC01,Microsoft-Windows-Security-Auditing,Security,4634,An account was logged off,CORP,lcastro,SRV-MON-001,172.16.20.80,60872,2,C:\\Windows\\System32\\winlogon.exe,0x0,0x0,Logoff for CORP\lcastro from workstation SRV-MON-001,0,none,Internal,LAN,,
2026-04-25 04:43:41,WIN-SRV-FILE01,Microsoft-Windows-Security-Auditing,Security,4624,An account was successfully logged on,EMPRESA,dtorres,PC-OPS-014,192.168.1.83,53479,3,C:\\Windows\\System32\\WindowsPowerShell\\v1.0\\powershell.exe,0x0,0x0,Successful logon for EMPRESA\dtorres from 192.168.1.83 using logon type 3,0,none,Internal,LAN,,
2026-04-25 04:44:06,WIN11-SEC-022,Microsoft-Windows-Security-Auditing,Security,4634,An account was logged off,LOCAL,crojas,SRV-MON-001,10.10.8.99,62029,3,C:\\Windows\\System32\\WindowsPowerShell\\v1.0\\powershell.exe,0x0,0x0,Logoff for LOCAL\crojas from workstation SRV-MON-001,0,none,Internal,LAN,,
2026-04-25 04:45:12,WIN-SRV-APP01,Microsoft-Windows-Security-Auditing,Security,4688,A new process has been created,EMPRESA,svc_monitor,LAP-GER-003,172.16.20.181,61175,7,C:\\Windows\\System32\\svchost.exe,0x0,0x0,Process created by EMPRESA\svc_monitor: C:\\Windows\\System32\\svchost.exe,0,none,Internal,LAN,,
2026-04-25 04:45:40,WIN-SRV-DC01,Microsoft-Windows-Security-Auditing,Security,4624,An account was successfully logged on,LOCAL,svc_backup,LAP-GER-003,192.168.1.36,56096,7,C:\\Windows\\System32\\svchost.exe,0x0,0x0,Successful logon for LOCAL\svc_backup from 192.168.1.36 using logon type 7,0,none,Internal,LAN,,
2026-04-25 04:45:55,WIN11-SEC-022,Microsoft-Windows-Security-Auditing,Security,4672,Special privileges assigned to new logon,EMPRESA,admin.ops,PC-FIN-001,172.16.20.133,57660,7,C:\\Program Files\\Google\\Chrome\\Application\\chrome.exe,0x0,0x0,Special privileges assigned to EMPRESA\admin.ops,0,none,Internal,LAN,,
2026-04-25 04:46:49,WIN-SRV-APP01,Microsoft-Windows-Security-Auditing,Security,4624,An account was successfully logged on,LOCAL,lcastro,PC-FIN-001,192.168.1.57,62572,10,C:\\Windows\\System32\\winlogon.exe,0x0,0x0,Successful logon for LOCAL\lcastro from 192.168.1.57 using logon type 10,0,none,Internal,LAN,,
2026-04-25 04:47:06,WIN10-FIN-014,Microsoft-Windows-Security-Auditing,Security,4688,A new process has been created,LOCAL,svc_backup,PC-OPS-014,192.168.1.165,52106,10,C:\\Windows\\System32\\winlogon.exe,0x0,0x0,Process created by LOCAL\svc_backup: C:\\Windows\\System32\\winlogon.exe,0,none,Internal,LAN,,
2026-04-25 04:47:08,WIN-SRV-APP01,Microsoft-Windows-Security-Auditing,Security,4672,Special privileges assigned to new logon,LOCAL,dtorres,SRV-MON-001,192.168.1.94,58407,2,C:\\Program Files\\Google\\Chrome\\Application\\chrome.exe,0x0,0x0,Special privileges assigned to LOCAL\dtorres,0,none,Internal,LAN,,
2026-04-25 04:50:12,WIN-SRV-DC01,Microsoft-Windows-Security-Auditing,Security,4688,A new process has been created,EMPRESA,mgarcia,PC-OPS-014,172.16.20.85,62476,3,C:\\Windows\\System32\\svchost.exe,0x0,0x0,Process created by EMPRESA\mgarcia: C:\\Windows\\System32\\svchost.exe,0,none,Internal,LAN,,
2026-04-25 04:51:38,WIN10-FIN-014,Microsoft-Windows-Security-Auditing,Security,4634,An account was logged off,CORP,crojas,PC-RRHH-002,172.16.20.13,64017,7,C:\\Windows\\System32\\svchost.exe,0x0,0x0,Logoff for CORP\crojas from workstation PC-RRHH-002,0,none,Internal,LAN,,
2026-04-25 04:53:24,WIN11-SEC-022,Microsoft-Windows-Security-Auditing,Security,4634,An account was logged off,EMPRESA,alopez,PC-OPS-014,10.10.226.119,49161,7,C:\\Windows\\System32\\WindowsPowerShell\\v1.0\\powershell.exe,0x0,0x0,Logoff for EMPRESA\alopez from workstation PC-OPS-014,0,none,Internal,LAN,,
2026-04-25 04:53:34,WIN11-SEC-022,Microsoft-Windows-Security-Auditing,Security,4634,An account was logged off,EMPRESA,mgarcia,LAP-GER-003,172.16.20.59,63170,10,C:\\Windows\\System32\\svchost.exe,0x0,0x0,Logoff for EMPRESA\mgarcia from workstation LAP-GER-003,0,none,Internal,LAN,,
2026-04-25 04:55:26,WIN-SRV-APP01,Microsoft-Windows-Security-Auditing,Security,4624,An account was successfully logged on,EMPRESA,jperez,PC-RRHH-002,172.16.20.231,59582,10,C:\\Program Files\\Google\\Chrome\\Application\\chrome.exe,0x0,0x0,Successful logon for EMPRESA\jperez from 172.16.20.231 using logon type 10,0,none,Internal,LAN,,
2026-04-25 04:55:54,WIN-SRV-FILE01,Microsoft-Windows-Security-Auditing,Security,4634,An account was logged off,CORP,svc_backup,PC-OPS-014,10.10.29.40,65161,3,C:\\Program Files\\Microsoft Defender\\MsMpEng.exe,0x0,0x0,Logoff for CORP\svc_backup from workstation PC-OPS-014,0,none,Internal,LAN,,
2026-04-25 04:55:58,WIN10-FIN-014,Microsoft-Windows-Security-Auditing,Security,4688,A new process has been created,CORP,jperez,PC-FIN-001,10.10.68.61,54374,10,C:\\Windows\\System32\\cmd.exe,0x0,0x0,Process created by CORP\jperez: C:\\Windows\\System32\\cmd.exe,0,none,Internal,LAN,,
2026-04-25 04:58:47,WIN11-SEC-022,Microsoft-Windows-Security-Auditing,Security,4634,An account was logged off,EMPRESA,finanzas02,PC-FIN-001,172.16.20.17,56231,10,C:\\Windows\\System32\\lsass.exe,0x0,0x0,Logoff for EMPRESA\finanzas02 from workstation PC-FIN-001,0,none,Internal,LAN,,
2026-04-25 04:59:51,WIN-SRV-APP01,Microsoft-Windows-Security-Auditing,Security,4624,An account was successfully logged on,CORP,helpdesk01,SRV-MON-001,10.10.180.173,54216,10,C:\\Program Files\\Microsoft Defender\\MsMpEng.exe,0x0,0x0,Successful logon for CORP\helpdesk01 from 10.10.180.173 using logon type 10,0,none,Internal,LAN,,
2026-04-25 05:01:38,WIN-SRV-FILE01,Microsoft-Windows-Security-Auditing,Security,4688,A new process has been created,EMPRESA,jperez,PC-RRHH-002,10.10.34.74,65373,10,C:\\Windows\\System32\\WindowsPowerShell\\v1.0\\powershell.exe,0x0,0x0,Process created by EMPRESA\jperez: C:\\Windows\\System32\\WindowsPowerShell\\v1.0\\powershell.exe,0,none,Internal,LAN,,
2026-04-25 05:02:34,WIN-SRV-APP01,Microsoft-Windows-Security-Auditing,Security,4648,A logon was attempted using explicit credentials,EMPRESA,svc_backup,PC-OPS-014,192.168.1.41,64445,2,C:\\Windows\\System32\\cmd.exe,0x0,0x0,Explicit credentials used by EMPRESA\svc_backup from PC-OPS-014,0,none,Internal,LAN,,
2026-04-25 05:03:08,WIN11-SEC-022,Microsoft-Windows-Security-Auditing,Security,4624,An account was successfully logged on,EMPRESA,analista01,LAP-GER-003,192.168.1.67,53826,2,C:\\Windows\\System32\\lsass.exe,0x0,0x0,Successful logon for EMPRESA\analista01 from 192.168.1.67 using logon type 2,0,none,Internal,LAN,,
2026-04-25 05:04:28,WIN-SRV-APP01,Microsoft-Windows-Security-Auditing,Security,4634,An account was logged off,LOCAL,finanzas02,PC-FIN-001,192.168.1.20,62629,10,C:\\Program Files\\Microsoft Defender\\MsMpEng.exe,0x0,0x0,Logoff for LOCAL\finanzas02 from workstation PC-FIN-001,0,none,Internal,LAN,,
2026-04-25 05:05:48,WIN-SRV-DC01,Microsoft-Windows-Security-Auditing,Security,4688,A new process has been created,EMPRESA,dtorres,LAP-GER-003,10.10.52.150,51900,3,C:\\Windows\\System32\\winlogon.exe,0x0,0x0,Process created by EMPRESA\dtorres: C:\\Windows\\System32\\winlogon.exe,0,none,Internal,LAN,,
2026-04-25 05:06:12,WIN10-FIN-014,Microsoft-Windows-Security-Auditing,Security,4634,An account was logged off,CORP,admin.ops,PC-FIN-001,172.16.20.34,60823,10,C:\\Program Files\\Microsoft Defender\\MsMpEng.exe,0x0,0x0,Logoff for CORP\admin.ops from workstation PC-FIN-001,0,none,Internal,LAN,,
2026-04-25 05:08:18,WIN-SRV-APP01,Microsoft-Windows-Security-Auditing,Security,4624,An account was successfully logged on,LOCAL,finanzas02,PC-FIN-001,192.168.1.252,49395,2,C:\\Windows\\System32\\cmd.exe,0x0,0x0,Successful logon for LOCAL\finanzas02 from 192.168.1.252 using logon type 2,0,none,Internal,LAN,,
2026-04-25 05:09:18,WIN-SRV-APP01,Microsoft-Windows-Security-Auditing,Security,4688,A new process has been created,LOCAL,dtorres,SRV-MON-001,10.10.33.56,61979,2,C:\\Windows\\System32\\winlogon.exe,0x0,0x0,Process created by LOCAL\dtorres: C:\\Windows\\System32\\winlogon.exe,0,none,Internal,LAN,,
2026-04-25 05:09:25,WIN10-FIN-014,Microsoft-Windows-Security-Auditing,Security,4634,An account was logged off,LOCAL,admin.ops,SRV-MON-001,192.168.1.99,63715,7,C:\\Program Files\\Google\\Chrome\\Application\\chrome.exe,0x0,0x0,Logoff for LOCAL\admin.ops from workstation SRV-MON-001,0,none,Internal,LAN,,
2026-04-25 05:09:41,WIN-SRV-FILE01,Microsoft-Windows-Security-Auditing,Security,4624,An account was successfully logged on,CORP,mgarcia,LAP-GER-003,172.16.20.242,61747,2,C:\\Windows\\System32\\winlogon.exe,0x0,0x0,Successful logon for CORP\mgarcia from 172.16.20.242 using logon type 2,0,none,Internal,LAN,,
2026-04-25 05:11:06,WIN11-SEC-022,Microsoft-Windows-Security-Auditing,Security,4634,An account was logged off,CORP,alopez,PC-RRHH-002,10.10.215.196,58651,7,C:\\Program Files\\Microsoft Defender\\MsMpEng.exe,0x0,0x0,Logoff for CORP\alopez from workstation PC-RRHH-002,0,none,Internal,LAN,,
2026-04-25 05:11:22,WIN10-FIN-014,Microsoft-Windows-Security-Auditing,Security,4624,An account was successfully logged on,LOCAL,finanzas02,PC-RRHH-002,172.16.20.164,55961,2,C:\\Windows\\System32\\WindowsPowerShell\\v1.0\\powershell.exe,0x0,0x0,Successful logon for LOCAL\finanzas02 from 172.16.20.164 using logon type 2,0,none,Internal,LAN,,
2026-04-25 05:11:43,WIN10-FIN-014,Microsoft-Windows-Security-Auditing,Security,4624,An account was successfully logged on,EMPRESA,admin.ops,SRV-MON-001,10.10.101.195,64648,3,C:\\Windows\\System32\\winlogon.exe,0x0,0x0,Successful logon for EMPRESA\admin.ops from 10.10.101.195 using logon type 3,0,none,Internal,LAN,,
2026-04-25 05:12:05,WIN10-FIN-014,Microsoft-Windows-Security-Auditing,Security,4634,An account was logged off,EMPRESA,finanzas02,PC-RRHH-002,172.16.20.64,52752,10,C:\\Windows\\System32\\winlogon.exe,0x0,0x0,Logoff for EMPRESA\finanzas02 from workstation PC-RRHH-002,0,none,Internal,LAN,,
2026-04-25 05:12:55,WIN-SRV-APP01,Microsoft-Windows-Security-Auditing,Security,4624,An account was successfully logged on,CORP,crojas,PC-RRHH-002,172.16.20.67,53727,3,C:\\Windows\\System32\\winlogon.exe,0x0,0x0,Successful logon for CORP\crojas from 172.16.20.67 using logon type 3,0,none,Internal,LAN,,
2026-04-25 05:13:08,WIN10-FIN-014,Microsoft-Windows-Security-Auditing,Security,4624,An account was successfully logged on,CORP,alopez,PC-FIN-001,10.10.207.193,53089,7,C:\\Program Files\\Microsoft Defender\\MsMpEng.exe,0x0,0x0,Successful logon for CORP\alopez from 10.10.207.193 using logon type 7,0,none,Internal,LAN,,
2026-04-25 05:15:17,WIN11-SEC-022,Microsoft-Windows-Security-Auditing,Security,4688,A new process has been created,EMPRESA,alopez,PC-FIN-001,192.168.1.10,52508,3,C:\\Program Files\\Microsoft Defender\\MsMpEng.exe,0x0,0x0,Process created by EMPRESA\alopez: C:\\Program Files\\Microsoft Defender\\MsMpEng.exe,0,none,Internal,LAN,,
2026-04-25 05:15:37,WIN-SRV-APP01,Microsoft-Windows-Security-Auditing,Security,4624,An account was successfully logged on,LOCAL,alopez,SRV-MON-001,192.168.1.175,61502,10,C:\\Windows\\System32\\winlogon.exe,0x0,0x0,Successful logon for LOCAL\alopez from 192.168.1.175 using logon type 10,0,none,Internal,LAN,,
2026-04-25 05:16:31,WIN11-SEC-022,Microsoft-Windows-Security-Auditing,Security,4624,An account was successfully logged on,EMPRESA,dtorres,PC-RRHH-002,172.16.20.22,60338,2,C:\\Windows\\System32\\WindowsPowerShell\\v1.0\\powershell.exe,0x0,0x0,Successful logon for EMPRESA\dtorres from 172.16.20.22 using logon type 2,0,none,Internal,LAN,,
2026-04-25 05:17:15,WIN10-FIN-014,Microsoft-Windows-Security-Auditing,Security,4688,A new process has been created,LOCAL,finanzas02,SRV-MON-001,192.168.1.115,60909,7,C:\\Program Files\\Microsoft Defender\\MsMpEng.exe,0x0,0x0,Process created by LOCAL\finanzas02: C:\\Program Files\\Microsoft Defender\\MsMpEng.exe,0,none,Internal,LAN,,
2026-04-25 05:17:53,WIN11-SEC-022,Microsoft-Windows-Security-Auditing,Security,4624,An account was successfully logged on,LOCAL,lcastro,LAP-GER-003,172.16.20.182,56727,7,C:\\Windows\\System32\\cmd.exe,0x0,0x0,Successful logon for LOCAL\lcastro from 172.16.20.182 using logon type 7,0,none,Internal,LAN,,
2026-04-25 05:19:27,WIN11-SEC-022,Microsoft-Windows-Security-Auditing,Security,4672,Special privileges assigned to new logon,CORP,jperez,PC-OPS-014,192.168.1.54,55670,3,C:\\Windows\\System32\\svchost.exe,0x0,0x0,Special privileges assigned to CORP\jperez,0,none,Internal,LAN,,
2026-04-25 05:20:23,WIN-SRV-FILE01,Microsoft-Windows-Security-Auditing,Security,4634,An account was logged off,CORP,analista01,LAP-GER-003,10.10.58.33,50446,3,C:\\Windows\\System32\\winlogon.exe,0x0,0x0,Logoff for CORP\analista01 from workstation LAP-GER-003,0,none,Internal,LAN,,
2026-04-25 05:22:14,WIN-SRV-DC01,Microsoft-Windows-Security-Auditing,Security,4624,An account was successfully logged on,EMPRESA,svc_monitor,LAP-GER-003,172.16.20.50,63430,3,C:\\Program Files\\Microsoft Defender\\MsMpEng.exe,0x0,0x0,Successful logon for EMPRESA\svc_monitor from 172.16.20.50 using logon type 3,0,none,Internal,LAN,,
2026-04-25 05:23:47,WIN-SRV-DC01,Microsoft-Windows-Security-Auditing,Security,4634,An account was logged off,LOCAL,svc_backup,LAP-GER-003,192.168.1.5,58120,3,C:\\Windows\\System32\\lsass.exe,0x0,0x0,Logoff for LOCAL\svc_backup from workstation LAP-GER-003,0,none,Internal,LAN,,
2026-04-25 05:26:08,WIN10-FIN-014,Microsoft-Windows-Security-Auditing,Security,4688,A new process has been created,CORP,analista01,PC-RRHH-002,10.10.230.63,57097,3,C:\\Program Files\\Google\\Chrome\\Application\\chrome.exe,0x0,0x0,Process created by CORP\analista01: C:\\Program Files\\Google\\Chrome\\Application\\chrome.exe,0,none,Internal,LAN,,
2026-04-25 05:27:13,WIN-SRV-FILE01,Microsoft-Windows-Security-Auditing,Security,4688,A new process has been created,LOCAL,jperez,LAP-GER-003,192.168.1.153,55727,3,C:\\Windows\\System32\\lsass.exe,0x0,0x0,Process created by LOCAL\jperez: C:\\Windows\\System32\\lsass.exe,0,none,Internal,LAN,,
2026-04-25 05:27:31,WIN-SRV-DC01,Microsoft-Windows-Security-Auditing,Security,4634,An account was logged off,CORP,dtorres,SRV-MON-001,172.16.20.230,51674,7,C:\\Windows\\System32\\lsass.exe,0x0,0x0,Logoff for CORP\dtorres from workstation SRV-MON-001,0,none,Internal,LAN,,
2026-04-25 05:28:20,WIN-SRV-DC01,Microsoft-Windows-Security-Auditing,Security,4624,An account was successfully logged on,CORP,jperez,SRV-MON-001,192.168.1.9,52168,10,C:\\Windows\\System32\\winlogon.exe,0x0,0x0,Successful logon for CORP\jperez from 192.168.1.9 using logon type 10,0,none,Internal,LAN,,
2026-04-25 05:28:37,WIN-SRV-APP01,Microsoft-Windows-Security-Auditing,Security,4624,An account was successfully logged on,EMPRESA,lcastro,PC-RRHH-002,172.16.20.214,59817,10,C:\\Windows\\System32\\svchost.exe,0x0,0x0,Successful logon for EMPRESA\lcastro from 172.16.20.214 using logon type 10,0,none,Internal,LAN,,
2026-04-25 05:28:56,WIN-SRV-APP01,Microsoft-Windows-Security-Auditing,Security,4688,A new process has been created,CORP,helpdesk01,PC-OPS-014,10.10.149.10,58534,3,C:\\Windows\\System32\\cmd.exe,0x0,0x0,Process created by CORP\helpdesk01: C:\\Windows\\System32\\cmd.exe,0,none,Internal,LAN,,
2026-04-25 05:29:54,WIN11-SEC-022,Microsoft-Windows-Security-Auditing,Security,4624,An account was successfully logged on,EMPRESA,mgarcia,SRV-MON-001,192.168.1.208,62727,2,C:\\Windows\\System32\\lsass.exe,0x0,0x0,Successful logon for EMPRESA\mgarcia from 192.168.1.208 using logon type 2,0,none,Internal,LAN,,
2026-04-25 05:29:56,WIN-SRV-DC01,Microsoft-Windows-Security-Auditing,Security,4648,A logon was attempted using explicit credentials,EMPRESA,jperez,PC-OPS-014,10.10.6.162,54564,3,C:\\Program Files\\Microsoft Defender\\MsMpEng.exe,0x0,0x0,Explicit credentials used by EMPRESA\jperez from PC-OPS-014,0,none,Internal,LAN,,
2026-04-25 05:32:37,WIN-SRV-DC01,Microsoft-Windows-Security-Auditing,Security,4688,A new process has been created,CORP,crojas,SRV-MON-001,192.168.1.239,63486,3,C:\\Windows\\System32\\lsass.exe,0x0,0x0,Process created by CORP\crojas: C:\\Windows\\System32\\lsass.exe,0,none,Internal,LAN,,
2026-04-25 05:35:17,WIN11-SEC-022,Microsoft-Windows-Security-Auditing,Security,4624,An account was successfully logged on,LOCAL,svc_backup,PC-RRHH-002,192.168.1.76,55255,7,C:\\Windows\\System32\\winlogon.exe,0x0,0x0,Successful logon for LOCAL\svc_backup from 192.168.1.76 using logon type 7,0,none,Internal,LAN,,
2026-04-25 05:35:17,WIN-SRV-DC01,Microsoft-Windows-Security-Auditing,Security,4624,An account was successfully logged on,CORP,finanzas02,LAP-GER-003,192.168.1.163,50028,10,C:\\Windows\\System32\\WindowsPowerShell\\v1.0\\powershell.exe,0x0,0x0,Successful logon for CORP\finanzas02 from 192.168.1.163 using logon type 10,0,none,Internal,LAN,,
2026-04-25 05:35:32,WIN11-SEC-022,Microsoft-Windows-Security-Auditing,Security,4634,An account was logged off,CORP,admin.ops,LAP-GER-003,192.168.1.158,62460,3,C:\\Program Files\\Google\\Chrome\\Application\\chrome.exe,0x0,0x0,Logoff for CORP\admin.ops from workstation LAP-GER-003,0,none,Internal,LAN,,
2026-04-25 05:42:37,WIN-SRV-FILE01,Microsoft-Windows-Security-Auditing,Security,4688,A new process has been created,CORP,alopez,PC-OPS-014,10.10.204.58,54854,7,C:\\Windows\\System32\\winlogon.exe,0x0,0x0,Process created by CORP\alopez: C:\\Windows\\System32\\winlogon.exe,0,none,Internal,LAN,,
2026-04-25 05:42:39,WIN11-SEC-022,Microsoft-Windows-Security-Auditing,Security,4648,A logon was attempted using explicit credentials,CORP,dtorres,PC-RRHH-002,10.10.127.169,49543,2,C:\\Windows\\System32\\cmd.exe,0x0,0x0,Explicit credentials used by CORP\dtorres from PC-RRHH-002,0,none,Internal,LAN,,
2026-04-25 05:48:31,WIN-SRV-DC01,Microsoft-Windows-Security-Auditing,Security,4624,An account was successfully logged on,CORP,svc_monitor,LAP-GER-003,10.10.193.18,63745,2,C:\\Windows\\System32\\WindowsPowerShell\\v1.0\\powershell.exe,0x0,0x0,Successful logon for CORP\svc_monitor from 10.10.193.18 using logon type 2,0,none,Internal,LAN,,
2026-04-25 05:49:15,WIN10-FIN-014,Microsoft-Windows-Security-Auditing,Security,4672,Special privileges assigned to new logon,EMPRESA,finanzas02,PC-RRHH-002,10.10.220.237,64586,3,C:\\Windows\\System32\\winlogon.exe,0x0,0x0,Special privileges assigned to EMPRESA\finanzas02,0,none,Internal,LAN,,
2026-04-25 05:50:16,WIN11-SEC-022,Microsoft-Windows-Security-Auditing,Security,4634,An account was logged off,LOCAL,finanzas02,PC-FIN-001,192.168.1.155,58815,3,C:\\Program Files\\Google\\Chrome\\Application\\chrome.exe,0x0,0x0,Logoff for LOCAL\finanzas02 from workstation PC-FIN-001,0,none,Internal,LAN,,
2026-04-25 05:50:51,WIN-SRV-APP01,Microsoft-Windows-Security-Auditing,Security,4624,An account was successfully logged on,EMPRESA,admin.ops,SRV-MON-001,192.168.1.215,63232,2,C:\\Program Files\\Microsoft Defender\\MsMpEng.exe,0x0,0x0,Successful logon for EMPRESA\admin.ops from 192.168.1.215 using logon type 2,0,none,Internal,LAN,,
2026-04-25 05:52:20,WIN-SRV-FILE01,Microsoft-Windows-Security-Auditing,Security,4624,An account was successfully logged on,CORP,admin.ops,LAP-GER-003,10.10.71.155,50450,7,C:\\Program Files\\Microsoft Defender\\MsMpEng.exe,0x0,0x0,Successful logon for CORP\admin.ops from 10.10.71.155 using logon type 7,0,none,Internal,LAN,,
2026-04-25 05:52:41,WIN-SRV-FILE01,Microsoft-Windows-Security-Auditing,Security,4624,An account was successfully logged on,EMPRESA,crojas,PC-FIN-001,10.10.219.43,57758,10,C:\\Windows\\System32\\svchost.exe,0x0,0x0,Successful logon for EMPRESA\crojas from 10.10.219.43 using logon type 10,0,none,Internal,LAN,,
2026-04-25 05:53:06,WIN10-FIN-014,Microsoft-Windows-Security-Auditing,Security,4688,A new process has been created,LOCAL,svc_monitor,PC-RRHH-002,192.168.1.206,65456,7,C:\\Program Files\\Google\\Chrome\\Application\\chrome.exe,0x0,0x0,Process created by LOCAL\svc_monitor: C:\\Program Files\\Google\\Chrome\\Application\\chrome.exe,0,none,Internal,LAN,,
2026-04-25 05:53:29,WIN-SRV-DC01,Microsoft-Windows-Security-Auditing,Security,4688,A new process has been created,LOCAL,svc_backup,PC-RRHH-002,10.10.54.228,51546,7,C:\\Windows\\System32\\cmd.exe,0x0,0x0,Process created by LOCAL\svc_backup: C:\\Windows\\System32\\cmd.exe,0,none,Internal,LAN,,
2026-04-25 05:56:44,WIN-SRV-DC01,Microsoft-Windows-Security-Auditing,Security,4688,A new process has been created,EMPRESA,svc_backup,SRV-MON-001,192.168.1.226,53107,2,C:\\Windows\\System32\\WindowsPowerShell\\v1.0\\powershell.exe,0x0,0x0,Process created by EMPRESA\svc_backup: C:\\Windows\\System32\\WindowsPowerShell\\v1.0\\powershell.exe,0,none,Internal,LAN,,
2026-04-25 05:56:50,WIN11-SEC-022,Microsoft-Windows-Security-Auditing,Security,4624,An account was successfully logged on,EMPRESA,svc_backup,SRV-MON-001,192.168.1.57,51053,2,C:\\Windows\\System32\\cmd.exe,0x0,0x0,Successful logon for EMPRESA\svc_backup from 192.168.1.57 using logon type 2,0,none,Internal,LAN,,
2026-04-25 05:57:44,WIN-SRV-APP01,Microsoft-Windows-Security-Auditing,Security,4688,A new process has been created,LOCAL,svc_monitor,PC-RRHH-002,192.168.1.230,53664,3,C:\\Windows\\System32\\cmd.exe,0x0,0x0,Process created by LOCAL\svc_monitor: C:\\Windows\\System32\\cmd.exe,0,none,Internal,LAN,,
2026-04-25 06:00:10,WIN-SRV-DC01,Microsoft-Windows-Security-Auditing,Security,4634,An account was logged off,CORP,svc_backup,SRV-MON-001,10.10.255.4,49166,3,C:\\Windows\\System32\\svchost.exe,0x0,0x0,Logoff for CORP\svc_backup from workstation SRV-MON-001,0,none,Internal,LAN,,
2026-04-25 06:00:36,WIN-SRV-FILE01,Microsoft-Windows-Security-Auditing,Security,4624,An account was successfully logged on,EMPRESA,mgarcia,PC-OPS-014,192.168.1.202,64670,7,C:\\Program Files\\Microsoft Defender\\MsMpEng.exe,0x0,0x0,Successful logon for EMPRESA\mgarcia from 192.168.1.202 using logon type 7,0,none,Internal,LAN,,
2026-04-25 06:03:21,WIN-SRV-APP01,Microsoft-Windows-Security-Auditing,Security,4634,An account was logged off,EMPRESA,jperez,PC-FIN-001,10.10.142.231,51643,10,C:\\Windows\\System32\\WindowsPowerShell\\v1.0\\powershell.exe,0x0,0x0,Logoff for EMPRESA\jperez from workstation PC-FIN-001,0,none,Internal,LAN,,
2026-04-25 06:04:32,WIN-SRV-DC01,Microsoft-Windows-Security-Auditing,Security,4648,A logon was attempted using explicit credentials,LOCAL,jperez,PC-RRHH-002,192.168.1.73,53889,3,C:\\Windows\\System32\\WindowsPowerShell\\v1.0\\powershell.exe,0x0,0x0,Explicit credentials used by LOCAL\jperez from PC-RRHH-002,0,none,Internal,LAN,,
2026-04-25 06:05:02,WIN11-SEC-022,Microsoft-Windows-Security-Auditing,Security,4624,An account was successfully logged on,CORP,finanzas02,SRV-MON-001,192.168.1.161,56002,2,C:\\Windows\\System32\\svchost.exe,0x0,0x0,Successful logon for CORP\finanzas02 from 192.168.1.161 using logon type 2,0,none,Internal,LAN,,
2026-04-25 06:06:08,WIN10-FIN-014,Microsoft-Windows-Security-Auditing,Security,4624,An account was successfully logged on,LOCAL,analista01,PC-FIN-001,192.168.1.231,58935,2,C:\\Program Files\\Microsoft Defender\\MsMpEng.exe,0x0,0x0,Successful logon for LOCAL\analista01 from 192.168.1.231 using logon type 2,0,none,Internal,LAN,,
2026-04-25 06:06:44,WIN10-FIN-014,Microsoft-Windows-Security-Auditing,Security,4634,An account was logged off,EMPRESA,alopez,SRV-MON-001,192.168.1.200,58785,2,C:\\Windows\\System32\\cmd.exe,0x0,0x0,Logoff for EMPRESA\alopez from workstation SRV-MON-001,0,none,Internal,LAN,,
2026-04-25 06:07:04,WIN11-SEC-022,Microsoft-Windows-Security-Auditing,Security,4624,An account was successfully logged on,CORP,svc_backup,PC-OPS-014,172.16.20.235,51969,7,C:\\Program Files\\Google\\Chrome\\Application\\chrome.exe,0x0,0x0,Successful logon for CORP\svc_backup from 172.16.20.235 using logon type 7,0,none,Internal,LAN,,
2026-04-25 06:07:13,WIN-SRV-FILE01,Microsoft-Windows-Security-Auditing,Security,4634,An account was logged off,EMPRESA,jperez,PC-OPS-014,10.10.241.130,59104,3,C:\\Windows\\System32\\winlogon.exe,0x0,0x0,Logoff for EMPRESA\jperez from workstation PC-OPS-014,0,none,Internal,LAN,,
2026-04-25 06:07:56,WIN-SRV-APP01,Microsoft-Windows-Security-Auditing,Security,4688,A new process has been created,CORP,lcastro,SRV-MON-001,192.168.1.200,59673,7,C:\\Windows\\System32\\lsass.exe,0x0,0x0,Process created by CORP\lcastro: C:\\Windows\\System32\\lsass.exe,0,none,Internal,LAN,,
2026-04-25 06:09:01,WIN10-FIN-014,Microsoft-Windows-Security-Auditing,Security,4624,An account was successfully logged on,EMPRESA,alopez,PC-OPS-014,10.10.8.116,62886,10,C:\\Windows\\System32\\lsass.exe,0x0,0x0,Successful logon for EMPRESA\alopez from 10.10.8.116 using logon type 10,0,none,Internal,LAN,,
2026-04-25 06:09:45,WIN-SRV-APP01,Microsoft-Windows-Security-Auditing,Security,4624,An account was successfully logged on,EMPRESA,lcastro,PC-RRHH-002,172.16.20.114,54702,3,C:\\Windows\\System32\\lsass.exe,0x0,0x0,Successful logon for EMPRESA\lcastro from 172.16.20.114 using logon type 3,0,none,Internal,LAN,,
2026-04-25 06:09:47,WIN-SRV-APP01,Microsoft-Windows-Security-Auditing,Security,4648,A logon was attempted using explicit credentials,EMPRESA,svc_backup,SRV-MON-001,10.10.9.121,56850,7,C:\\Windows\\System32\\winlogon.exe,0x0,0x0,Explicit credentials used by EMPRESA\svc_backup from SRV-MON-001,0,none,Internal,LAN,,
2026-04-25 06:10:20,WIN11-SEC-022,Microsoft-Windows-Security-Auditing,Security,4634,An account was logged off,EMPRESA,dtorres,PC-RRHH-002,172.16.20.4,63368,7,C:\\Windows\\System32\\winlogon.exe,0x0,0x0,Logoff for EMPRESA\dtorres from workstation PC-RRHH-002,0,none,Internal,LAN,,
2026-04-25 06:12:16,WIN10-FIN-014,Microsoft-Windows-Security-Auditing,Security,4634,An account was logged off,LOCAL,admin.ops,PC-OPS-014,192.168.1.121,50854,3,C:\\Windows\\System32\\WindowsPowerShell\\v1.0\\powershell.exe,0x0,0x0,Logoff for LOCAL\admin.ops from workstation PC-OPS-014,0,none,Internal,LAN,,
