2026-04-28 01:37:46,WIN-SRV-FILE01,Microsoft-Windows-Security-Auditing,Security,4625,An account failed to log on,EMPRESA,test,-,203.0.113.30,45321,3,C:\\Program Files\\Google\\Chrome\\Application\\chrome.exe,0xC000006A,0xC000006A,Failed logon for EMPRESA\test from 203.0.113.30; possible brute force,1,brute_force_logon,Japan,Tokyo,35.99634,139.44898
2026-04-28 01:38:05,WIN-SRV-DC01,Microsoft-Windows-Security-Auditing,Security,4648,A logon was attempted using explicit credentials,EMPRESA,svc_backup,-,198.51.100.119,53697,10,C:\\Program Files\\Google\\Chrome\\Application\\chrome.exe,0x0,0x0,Explicit credentials used suspiciously by EMPRESA\svc_backup from 198.51.100.119,1,explicit_credentials_abuse,China,Shanghai,31.14616,121.39949
2026-04-28 01:38:25,WIN10-FIN-014,Microsoft-Windows-Security-Auditing,Security,4625,An account failed to log on,LOCAL,backup,WIN-RDP,192.0.2.4,19197,10,C:\\Windows\\System32\\cmd.exe,0xC000006D,0xC0000064,Failed logon for LOCAL\backup from 192.0.2.4; possible brute force,1,brute_force_logon,Chile,Santiago,-33.15216,-71.05197
2026-04-28 01:38:45,WIN11-SEC-022,Microsoft-Windows-Security-Auditing,Security,4625,An account failed to log on,CORP,sqladmin,UNKNOWN,192.0.2.98,50217,3,C:\\Windows\\System32\\svchost.exe,0xC000006A,0xC0000064,Failed logon for CORP\sqladmin from 192.0.2.98; possible brute force,1,brute_force_logon,Australia,Sydney,-34.09384,151.42546
2026-04-28 01:39:59,WIN11-SEC-022,Microsoft-Windows-Security-Auditing,Security,4672,Special privileges assigned to new logon,EMPRESA,finanzas02,PC-FIN-001,10.10.189.223,50726,2,C:\\Program Files\\Microsoft Defender\\MsMpEng.exe,0x0,0x0,Special privileges assigned to EMPRESA\finanzas02,0,none,Internal,LAN,,
2026-04-28 01:40:06,WIN-SRV-FILE01,Microsoft-Windows-Security-Auditing,Security,4625,An account failed to log on,EMPRESA,sqladmin,ATTACKBOX,198.51.100.34,32568,3,C:\\Windows\\System32\\svchost.exe,0xC000006A,0xC000006A,Failed logon for EMPRESA\sqladmin from 198.51.100.34; possible brute force,1,brute_force_logon,Chile,Santiago,-33.3172,-70.87802
2026-04-28 01:40:22,WIN10-FIN-014,Microsoft-Windows-Security-Auditing,Security,4625,An account failed to log on,CORP,test,-,192.0.2.19,20850,3,C:\\Program Files\\Google\\Chrome\\Application\\chrome.exe,0xC000006A,0xC000006A,Failed logon for CORP\test from 192.0.2.19; possible brute force,1,brute_force_logon,Mexico,Mexico City,19.60351,-99.31836
2026-04-28 01:40:22,WIN-SRV-DC01,Microsoft-Windows-Security-Auditing,Security,4625,An account failed to log on,CORP,usuario,WIN-RDP,203.0.113.104,17885,10,C:\\Windows\\System32\\svchost.exe,0xC000006A,0xC000006A,Failed logon for CORP\usuario from 203.0.113.104; possible brute force,1,brute_force_logon,Mexico,Mexico City,19.10931,-98.79562
2026-04-28 01:40:33,WIN10-FIN-014,Microsoft-Windows-Security-Auditing,Security,4625,An account failed to log on,CORP,oracle,-,192.0.2.124,39955,3,C:\\Windows\\System32\\winlogon.exe,0xC000006D,0xC0000064,Failed logon for CORP\oracle from 192.0.2.124; possible brute force,1,brute_force_logon,Netherlands,Amsterdam,52.28143,4.69072
2026-04-28 01:41:08,WIN-SRV-APP01,Microsoft-Windows-Security-Auditing,Security,4634,An account was logged off,EMPRESA,helpdesk01,PC-RRHH-002,172.16.20.132,53823,10,C:\\Windows\\System32\\WindowsPowerShell\\v1.0\\powershell.exe,0x0,0x0,Logoff for EMPRESA\helpdesk01 from workstation PC-RRHH-002,0,none,Internal,LAN,,
2026-04-28 01:42:27,WIN11-SEC-022,Microsoft-Windows-Security-Auditing,Security,4634,An account was logged off,LOCAL,analista01,PC-FIN-001,10.10.100.174,53757,10,C:\\Windows\\System32\\winlogon.exe,0x0,0x0,Logoff for LOCAL\analista01 from workstation PC-FIN-001,0,none,Internal,LAN,,
2026-04-28 01:42:40,WIN10-FIN-014,Microsoft-Windows-Security-Auditing,Security,4648,A logon was attempted using explicit credentials,CORP,svc_backup,KALI,203.0.113.150,23294,2,C:\\Program Files\\Microsoft Defender\\MsMpEng.exe,0x0,0x0,Explicit credentials used suspiciously by CORP\svc_backup from 203.0.113.150,1,explicit_credentials_abuse,Mexico,Mexico City,19.82887,-98.86235
2026-04-28 01:43:19,WIN11-SEC-022,Microsoft-Windows-Security-Auditing,Security,4688,A new process has been created,CORP,oracle,WIN-RDP,203.0.113.13,8826,10,C:\\Windows\\Temp\\update.exe,0x0,0x0,Suspicious process execution by CORP\oracle: C:\\Windows\\Temp\\update.exe,1,suspicious_process_execution,Germany,Frankfurt,49.75925,8.48328
2026-04-28 01:43:47,WIN-SRV-DC01,Microsoft-Windows-Security-Auditing,Security,4726,A user account was deleted,LOCAL,analista01,KALI,192.0.2.246,42565,3,C:\\Windows\\System32\\svchost.exe,0x0,0x0,User account deleted unexpectedly: LOCAL\analista01 from 192.0.2.246,1,account_deleted,Japan,Tokyo,35.27935,139.4518
2026-04-28 01:43:47,WIN-SRV-FILE01,Microsoft-Windows-Security-Auditing,Security,4624,An account was successfully logged on,LOCAL,domain.admin,UNKNOWN,198.51.100.56,53166,3,C:\\Windows\\System32\\svchost.exe,0x0,0x0,Successful remote administrative logon for LOCAL\domain.admin from external IP 198.51.100.56,1,suspicious_admin_logon,India,Mumbai,18.70117,72.97558
2026-04-28 01:43:52,WIN-SRV-FILE01,Microsoft-Windows-Security-Auditing,Security,4625,An account failed to log on,EMPRESA,oracle,WIN-RDP,198.51.100.6,26957,3,C:\\Windows\\System32\\svchost.exe,0xC000006D,0xC000006A,Failed logon from 198.51.100.6 against multiple users; possible password spray,1,password_spray,China,Shanghai,31.16738,121.54174
2026-04-28 01:43:54,WIN10-FIN-014,Microsoft-Windows-Security-Auditing,Security,4726,A user account was deleted,EMPRESA,mgarcia,WIN-RDP,192.0.2.42,7068,3,C:\\Windows\\System32\\cmd.exe,0x0,0x0,User account deleted unexpectedly: EMPRESA\mgarcia from 192.0.2.42,1,account_deleted,Germany,Frankfurt,50.17943,8.76428
2026-04-28 01:43:57,WIN-SRV-DC01,Microsoft-Windows-Security-Auditing,Security,4625,An account failed to log on,CORP,backup,ATTACKBOX,203.0.113.141,51228,10,C:\\Windows\\System32\\WindowsPowerShell\\v1.0\\powershell.exe,0xC000006A,0xC0000064,Failed logon for CORP\backup from 203.0.113.141; possible brute force,1,brute_force_logon,South Africa,Johannesburg,-26.29654,28.38504
2026-04-28 01:44:11,WIN-SRV-DC01,Microsoft-Windows-Security-Auditing,Security,4634,An account was logged off,LOCAL,crojas,PC-FIN-001,172.16.20.44,64645,2,C:\\Windows\\System32\\svchost.exe,0x0,0x0,Logoff for LOCAL\crojas from workstation PC-FIN-001,0,none,Internal,LAN,,
2026-04-28 01:44:30,WIN-SRV-FILE01,Microsoft-Windows-Security-Auditing,Security,4624,An account was successfully logged on,LOCAL,lcastro,PC-OPS-014,172.16.20.156,55590,7,C:\\Program Files\\Google\\Chrome\\Application\\chrome.exe,0x0,0x0,Successful logon for LOCAL\lcastro from 172.16.20.156 using logon type 7,0,none,Internal,LAN,,
2026-04-28 01:44:40,WIN-SRV-DC01,Microsoft-Windows-Security-Auditing,Security,4625,An account failed to log on,LOCAL,guest,-,192.0.2.76,28456,3,C:\\Windows\\System32\\WindowsPowerShell\\v1.0\\powershell.exe,0xC000006A,0xC0000064,Failed logon for LOCAL\guest from 192.0.2.76; possible brute force,1,brute_force_logon,Australia,Sydney,-34.11785,151.56976
2026-04-28 01:45:20,WIN11-SEC-022,Microsoft-Windows-Security-Auditing,Security,4624,An account was successfully logged on,LOCAL,crojas,PC-OPS-014,10.10.231.191,61034,7,C:\\Windows\\System32\\winlogon.exe,0x0,0x0,Successful logon for LOCAL\crojas from 10.10.231.191 using logon type 7,0,none,Internal,LAN,,
2026-04-28 01:45:35,WIN-SRV-DC01,Microsoft-Windows-Security-Auditing,Security,4625,An account failed to log on,CORP,admin,-,198.51.100.121,19540,10,C:\\Windows\\System32\\lsass.exe,0xC000006D,0xC000006A,Failed logon for CORP\admin from 198.51.100.121; possible brute force,1,brute_force_logon,Argentina,Buenos Aires,-34.46517,-58.70797
2026-04-28 01:46:11,WIN10-FIN-014,Microsoft-Windows-Security-Auditing,Security,4625,An account failed to log on,EMPRESA,root,KALI,192.0.2.139,27790,10,C:\\Program Files\\Google\\Chrome\\Application\\chrome.exe,0xC000006D,0xC000006A,Failed logon for EMPRESA\root from 192.0.2.139; possible brute force,1,brute_force_logon,Australia,Sydney,-34.03368,151.41919
2026-04-28 01:46:17,WIN11-SEC-022,Microsoft-Windows-Security-Auditing,Security,4648,A logon was attempted using explicit credentials,CORP,admin,KALI,203.0.113.168,31034,10,C:\\Windows\\System32\\lsass.exe,0x0,0x0,Explicit credentials used suspiciously by CORP\admin from 203.0.113.168,1,explicit_credentials_abuse,Mexico,Mexico City,19.0755,-99.17236
2026-04-28 01:46:27,WIN-SRV-FILE01,Microsoft-Windows-Security-Auditing,Security,4688,A new process has been created,LOCAL,admin,KALI,192.0.2.57,56437,10,C:\\Windows\\System32\\net.exe localgroup administrators soporte /add,0x0,0x0,Suspicious process execution by LOCAL\admin: C:\\Windows\\System32\\net.exe localgroup administrators soporte /add,1,suspicious_process_execution,Brazil,Sao Paulo,-23.62764,-46.44591
2026-04-28 01:46:29,WIN10-FIN-014,Microsoft-Windows-Security-Auditing,Security,4672,Special privileges assigned to new logon,CORP,administrator,UNKNOWN,198.51.100.61,39603,7,C:\\Program Files\\Microsoft Defender\\MsMpEng.exe,0x0,0x0,Special privileges assigned to suspicious account CORP\administrator from 198.51.100.61,1,privilege_escalation,Mexico,Mexico City,19.11953,-99.16139
2026-04-28 01:46:44,WIN10-FIN-014,Microsoft-Windows-Security-Auditing,Security,4625,An account failed to log on,LOCAL,admin,-,198.51.100.134,13285,10,C:\\Windows\\System32\\WindowsPowerShell\\v1.0\\powershell.exe,0xC000006D,0xC000006A,Failed logon for LOCAL\admin from 198.51.100.134; possible brute force,1,brute_force_logon,Netherlands,Amsterdam,52.16885,4.67603
2026-04-28 01:46:50,WIN10-FIN-014,Microsoft-Windows-Security-Auditing,Security,4720,A user account was created,CORP,svc_temp,KALI,203.0.113.248,18748,3,C:\\Program Files\\Google\\Chrome\\Application\\chrome.exe,0x0,0x0,Suspicious user account created: CORP\svc_temp from 203.0.113.248,1,account_creation,Chile,Santiago,-33.84115,-70.7571
2026-04-28 01:47:23,WIN-SRV-APP01,Microsoft-Windows-Security-Auditing,Security,4634,An account was logged off,EMPRESA,helpdesk01,PC-OPS-014,172.16.20.45,52491,10,C:\\Windows\\System32\\lsass.exe,0x0,0x0,Logoff for EMPRESA\helpdesk01 from workstation PC-OPS-014,0,none,Internal,LAN,,
2026-04-28 01:47:33,WIN10-FIN-014,Microsoft-Windows-Security-Auditing,Security,4625,An account failed to log on,EMPRESA,administrator,UNKNOWN,198.51.100.209,48541,3,C:\\Windows\\System32\\svchost.exe,0xC000006A,0xC000006A,Failed logon for EMPRESA\administrator from 198.51.100.209; possible brute force,1,brute_force_logon,Peru,Lima,-11.68247,-77.06279
2026-04-28 01:48:14,WIN10-FIN-014,Microsoft-Windows-Security-Auditing,Security,4624,An account was successfully logged on,EMPRESA,dtorres,LAP-GER-003,192.168.1.193,51087,10,C:\\Windows\\System32\\winlogon.exe,0x0,0x0,Successful logon for EMPRESA\dtorres from 192.168.1.193 using logon type 10,0,none,Internal,LAN,,
2026-04-28 01:48:42,WIN10-FIN-014,Microsoft-Windows-Security-Auditing,Security,4732,A member was added to a security-enabled local group,CORP,guest,KALI,192.0.2.172,49680,2,C:\\Windows\\System32\\svchost.exe,0x0,0x0,Account CORP\guest added to local Administrators group from 192.0.2.172,1,admin_group_membership_added,Germany,Frankfurt,49.68023,8.56729
2026-04-28 01:48:42,WIN-SRV-DC01,Microsoft-Windows-Security-Auditing,Security,4625,An account failed to log on,EMPRESA,guest,UNKNOWN,198.51.100.137,62392,3,C:\\Windows\\System32\\winlogon.exe,0xC000006D,0xC000006A,Failed logon from 198.51.100.137 against multiple users; possible password spray,1,password_spray,Mexico,Mexico City,19.19142,-99.54373
2026-04-28 01:48:51,WIN11-SEC-022,Microsoft-Windows-Security-Auditing,Security,4648,A logon was attempted using explicit credentials,LOCAL,svc_backup,-,203.0.113.85,19753,10,C:\\Windows\\System32\\lsass.exe,0x0,0x0,Explicit credentials used suspiciously by LOCAL\svc_backup from 203.0.113.85,1,explicit_credentials_abuse,India,Mumbai,18.66635,72.68815
2026-04-28 01:49:41,WIN-SRV-APP01,Microsoft-Windows-Security-Auditing,Security,4625,An account failed to log on,LOCAL,admin,WIN-RDP,198.51.100.166,19097,10,C:\\Program Files\\Microsoft Defender\\MsMpEng.exe,0xC000006A,0xC000006A,Failed logon for LOCAL\admin from 198.51.100.166; possible brute force,1,brute_force_logon,Chile,Santiago,-33.23309,-70.35584
2026-04-28 01:49:51,WIN-SRV-FILE01,Microsoft-Windows-Security-Auditing,Security,4625,An account failed to log on,EMPRESA,usuario,ATTACKBOX,203.0.113.18,14968,10,C:\\Windows\\System32\\svchost.exe,0xC000006A,0xC000006A,Failed logon for EMPRESA\usuario from 203.0.113.18; possible brute force,1,brute_force_logon,Australia,Sydney,-34.13034,151.63056
2026-04-28 01:50:08,WIN-SRV-APP01,Microsoft-Windows-Security-Auditing,Security,4624,An account was successfully logged on,EMPRESA,admin.ops,-,198.51.100.236,56855,3,C:\\Windows\\System32\\cmd.exe,0x0,0x0,Successful remote administrative logon for EMPRESA\admin.ops from external IP 198.51.100.236,1,suspicious_admin_logon,Brazil,Sao Paulo,-23.82863,-46.55251
2026-04-28 01:50:14,WIN10-FIN-014,Microsoft-Windows-Security-Auditing,Security,4688,A new process has been created,EMPRESA,sqladmin,UNKNOWN,192.0.2.57,2982,7,C:\\Windows\\Temp\\update.exe,0x0,0x0,Suspicious process execution by EMPRESA\sqladmin: C:\\Windows\\Temp\\update.exe,1,suspicious_process_execution,Spain,Madrid,40.76073,-4.07603
2026-04-28 01:50:32,WIN-SRV-APP01,Microsoft-Windows-Security-Auditing,Security,4624,An account was successfully logged on,CORP,admin.ops,KALI,198.51.100.50,22550,3,C:\\Windows\\System32\\cmd.exe,0x0,0x0,Successful remote administrative logon for CORP\admin.ops from external IP 198.51.100.50,1,suspicious_admin_logon,South Africa,Johannesburg,-25.95668,28.47942
2026-04-28 01:51:12,WIN-SRV-DC01,Microsoft-Windows-Security-Auditing,Security,4726,A user account was deleted,LOCAL,finanzas02,WIN-RDP,198.51.100.122,53267,7,C:\\Program Files\\Google\\Chrome\\Application\\chrome.exe,0x0,0x0,User account deleted unexpectedly: LOCAL\finanzas02 from 198.51.100.122,1,account_deleted,Mexico,Mexico City,19.16568,-99.06681
2026-04-28 01:51:34,WIN-SRV-DC01,Microsoft-Windows-Security-Auditing,Security,4625,An account failed to log on,CORP,test,ATTACKBOX,198.51.100.55,1783,3,C:\\Windows\\System32\\winlogon.exe,0xC000006D,0xC000006A,Failed logon for CORP\test from 198.51.100.55; possible brute force,1,brute_force_logon,Russia,Moscow,56.12304,37.18402
2026-04-28 01:51:39,WIN-SRV-FILE01,Microsoft-Windows-Security-Auditing,Security,4625,An account failed to log on,LOCAL,oracle,-,203.0.113.32,54562,3,C:\\Program Files\\Google\\Chrome\\Application\\chrome.exe,0xC000006D,0xC000006A,Failed logon from 203.0.113.32 against multiple users; possible password spray,1,password_spray,South Africa,Johannesburg,-25.80105,27.83353
2026-04-28 01:51:51,WIN10-FIN-014,Microsoft-Windows-Security-Auditing,Security,4624,An account was successfully logged on,LOCAL,finanzas02,PC-RRHH-002,172.16.20.160,57953,10,C:\\Program Files\\Google\\Chrome\\Application\\chrome.exe,0x0,0x0,Successful logon for LOCAL\finanzas02 from 172.16.20.160 using logon type 10,0,none,Internal,LAN,,
2026-04-28 01:51:51,WIN10-FIN-014,Microsoft-Windows-Security-Auditing,Security,4688,A new process has been created,LOCAL,sqladmin,WIN-RDP,203.0.113.31,41535,2,C:\\Users\\Public\\loader.exe,0x0,0x0,Suspicious process execution by LOCAL\sqladmin: C:\\Users\\Public\\loader.exe,1,suspicious_process_execution,Germany,Frankfurt,49.86265,8.42985
2026-04-28 01:52:02,WIN-SRV-APP01,Microsoft-Windows-Security-Auditing,Security,4732,A member was added to a security-enabled local group,CORP,guest,KALI,192.0.2.242,41950,3,C:\\Windows\\System32\\svchost.exe,0x0,0x0,Account CORP\guest added to local Administrators group from 192.0.2.242,1,admin_group_membership_added,Netherlands,Amsterdam,52.41649,4.66477
2026-04-28 01:53:41,WIN11-SEC-022,Microsoft-Windows-Security-Auditing,Security,4624,An account was successfully logged on,CORP,admin.ops,LAP-GER-003,172.16.20.180,52817,2,C:\\Program Files\\Microsoft Defender\\MsMpEng.exe,0x0,0x0,Successful logon for CORP\admin.ops from 172.16.20.180 using logon type 2,0,none,Internal,LAN,,
2026-04-28 01:54:13,WIN10-FIN-014,Microsoft-Windows-Security-Auditing,Security,4624,An account was successfully logged on,CORP,domain.admin,UNKNOWN,203.0.113.52,57598,10,C:\\Windows\\System32\\winlogon.exe,0x0,0x0,Successful remote administrative logon for CORP\domain.admin from external IP 203.0.113.52,1,suspicious_admin_logon,Chile,Santiago,-33.23058,-70.68396
2026-04-28 01:54:16,WIN10-FIN-014,Microsoft-Windows-Security-Auditing,Security,4634,An account was logged off,LOCAL,finanzas02,PC-RRHH-002,192.168.1.51,55107,3,C:\\Program Files\\Google\\Chrome\\Application\\chrome.exe,0x0,0x0,Logoff for LOCAL\finanzas02 from workstation PC-RRHH-002,0,none,Internal,LAN,,
2026-04-28 01:54:29,WIN-SRV-DC01,Microsoft-Windows-Security-Auditing,Security,4625,An account failed to log on,EMPRESA,backup,-,203.0.113.147,24902,3,C:\\Windows\\System32\\WindowsPowerShell\\v1.0\\powershell.exe,0xC000006D,0xC000006A,Failed logon for EMPRESA\backup from 203.0.113.147; possible brute force,1,brute_force_logon,Peru,Lima,-12.34812,-77.15767
2026-04-28 01:54:45,WIN-SRV-APP01,Microsoft-Windows-Security-Auditing,Security,4624,An account was successfully logged on,LOCAL,administrator,ATTACKBOX,192.0.2.109,5058,10,C:\\Windows\\System32\\WindowsPowerShell\\v1.0\\powershell.exe,0x0,0x0,Successful remote administrative logon for LOCAL\administrator from external IP 192.0.2.109,1,suspicious_admin_logon,India,Mumbai,19.37397,72.78773
2026-04-28 01:55:01,WIN10-FIN-014,Microsoft-Windows-Security-Auditing,Security,4625,An account failed to log on,LOCAL,admin,KALI,192.0.2.13,27937,3,C:\\Windows\\System32\\WindowsPowerShell\\v1.0\\powershell.exe,0xC000006A,0xC0000064,Failed logon for LOCAL\admin from 192.0.2.13; possible brute force,1,brute_force_logon,Peru,Lima,-12.41335,-76.8467
2026-04-28 01:55:04,WIN10-FIN-014,Microsoft-Windows-Security-Auditing,Security,4625,An account failed to log on,LOCAL,oracle,UNKNOWN,203.0.113.78,1560,10,C:\\Windows\\System32\\WindowsPowerShell\\v1.0\\powershell.exe,0xC000006A,0xC000006A,Failed logon for LOCAL\oracle from 203.0.113.78; possible brute force,1,brute_force_logon,Peru,Lima,-11.69782,-76.80561
2026-04-28 01:55:17,WIN-SRV-APP01,Microsoft-Windows-Security-Auditing,Security,4688,A new process has been created,CORP,sqladmin,KALI,198.51.100.138,51336,2,"C:\\Windows\\System32\\rundll32.exe javascript:\\..\\mshtml,RunHTMLApplication",0x0,0x0,"Suspicious process execution by CORP\sqladmin: C:\\Windows\\System32\\rundll32.exe javascript:\\..\\mshtml,RunHTMLApplication",1,suspicious_process_execution,Chile,Santiago,-33.88908,-71.06553
2026-04-28 01:55:22,WIN-SRV-FILE01,Microsoft-Windows-Security-Auditing,Security,4625,An account failed to log on,EMPRESA,administrator,KALI,203.0.113.54,46631,3,C:\\Windows\\System32\\lsass.exe,0xC000006D,0xC000006A,Failed logon from 203.0.113.54 against multiple users; possible password spray,1,password_spray,Spain,Madrid,40.39676,-3.77004
2026-04-28 01:55:41,WIN-SRV-APP01,Microsoft-Windows-Security-Auditing,Security,4688,A new process has been created,CORP,administrator,UNKNOWN,198.51.100.125,22272,10,C:\\Windows\\System32\\reg.exe save HKLM\\SAM C:\\Temp\\sam.save,0x0,0x0,Suspicious process execution by CORP\administrator: C:\\Windows\\System32\\reg.exe save HKLM\\SAM C:\\Temp\\sam.save,1,suspicious_process_execution,United States,New York,40.91007,-73.62303
2026-04-28 01:56:02,WIN-SRV-FILE01,Microsoft-Windows-Security-Auditing,Security,4672,Special privileges assigned to new logon,LOCAL,jperez,PC-OPS-014,192.168.1.23,61754,3,C:\\Windows\\System32\\svchost.exe,0x0,0x0,Special privileges assigned to LOCAL\jperez,0,none,Internal,LAN,,
2026-04-28 01:56:30,WIN-SRV-DC01,Microsoft-Windows-Security-Auditing,Security,4625,An account failed to log on,EMPRESA,test,ATTACKBOX,203.0.113.85,10430,3,C:\\Windows\\System32\\WindowsPowerShell\\v1.0\\powershell.exe,0xC000006D,0xC0000064,Failed logon for EMPRESA\test from 203.0.113.85; possible brute force,1,brute_force_logon,South Africa,Johannesburg,-25.88492,27.75424
2026-04-28 01:56:35,WIN-SRV-APP01,Microsoft-Windows-Security-Auditing,Security,4624,An account was successfully logged on,CORP,domain.admin,-,198.51.100.234,42687,3,C:\\Windows\\System32\\winlogon.exe,0x0,0x0,Successful remote administrative logon for CORP\domain.admin from external IP 198.51.100.234,1,suspicious_admin_logon,South Africa,Johannesburg,-26.01022,28.49344
2026-04-28 01:56:59,WIN11-SEC-022,Microsoft-Windows-Security-Auditing,Security,4625,An account failed to log on,LOCAL,sqladmin,UNKNOWN,192.0.2.158,18993,10,C:\\Program Files\\Google\\Chrome\\Application\\chrome.exe,0xC000006A,0xC0000064,Failed logon for LOCAL\sqladmin from 192.0.2.158; possible brute force,1,brute_force_logon,Japan,Tokyo,35.66964,139.23993
2026-04-28 01:57:12,WIN-SRV-FILE01,Microsoft-Windows-Security-Auditing,Security,4625,An account failed to log on,EMPRESA,usuario,KALI,192.0.2.227,41254,10,C:\\Windows\\System32\\cmd.exe,0xC000006D,0xC000006A,Failed logon from 192.0.2.227 against multiple users; possible password spray,1,password_spray,Germany,Frankfurt,50.55777,8.25139
2026-04-28 01:57:30,WIN-SRV-APP01,Microsoft-Windows-Security-Auditing,Security,4624,An account was successfully logged on,LOCAL,helpdesk01,PC-RRHH-002,10.10.247.87,56034,2,C:\\Program Files\\Microsoft Defender\\MsMpEng.exe,0x0,0x0,Successful logon for LOCAL\helpdesk01 from 10.10.247.87 using logon type 2,0,none,Internal,LAN,,
2026-04-28 01:57:34,WIN-SRV-APP01,Microsoft-Windows-Security-Auditing,Security,4688,A new process has been created,CORP,soporte,KALI,203.0.113.52,13105,7,C:\\Windows\\System32\\cmd.exe /c whoami && net user,0x0,0x0,Suspicious process execution by CORP\soporte: C:\\Windows\\System32\\cmd.exe /c whoami && net user,1,suspicious_process_execution,Japan,Tokyo,35.36089,139.84549
2026-04-28 01:57:43,WIN11-SEC-022,Microsoft-Windows-Security-Auditing,Security,4634,An account was logged off,CORP,finanzas02,LAP-GER-003,192.168.1.249,58078,2,C:\\Windows\\System32\\svchost.exe,0x0,0x0,Logoff for CORP\finanzas02 from workstation LAP-GER-003,0,none,Internal,LAN,,
2026-04-28 01:58:22,WIN10-FIN-014,Microsoft-Windows-Security-Auditing,Security,4634,An account was logged off,LOCAL,finanzas02,PC-FIN-001,10.10.83.133,51075,2,C:\\Windows\\System32\\cmd.exe,0x0,0x0,Logoff for LOCAL\finanzas02 from workstation PC-FIN-001,0,none,Internal,LAN,,
2026-04-28 01:58:48,WIN-SRV-APP01,Microsoft-Windows-Security-Auditing,Security,4624,An account was successfully logged on,LOCAL,helpdesk01,LAP-GER-003,192.168.1.174,59501,10,C:\\Windows\\System32\\WindowsPowerShell\\v1.0\\powershell.exe,0x0,0x0,Successful logon for LOCAL\helpdesk01 from 192.168.1.174 using logon type 10,0,none,Internal,LAN,,
2026-04-28 01:59:03,WIN11-SEC-022,Microsoft-Windows-Security-Auditing,Security,4625,An account failed to log on,EMPRESA,oracle,UNKNOWN,198.51.100.111,36054,10,C:\\Windows\\System32\\lsass.exe,0xC000006A,0xC0000064,Failed logon for EMPRESA\oracle from 198.51.100.111; possible brute force,1,brute_force_logon,Germany,Frankfurt,50.03825,8.38448
2026-04-28 01:59:06,WIN11-SEC-022,Microsoft-Windows-Security-Auditing,Security,4624,An account was successfully logged on,LOCAL,svc_monitor,LAP-GER-003,172.16.20.138,51802,2,C:\\Program Files\\Microsoft Defender\\MsMpEng.exe,0x0,0x0,Successful logon for LOCAL\svc_monitor from 172.16.20.138 using logon type 2,0,none,Internal,LAN,,
2026-04-28 01:59:45,WIN-SRV-APP01,Microsoft-Windows-Security-Auditing,Security,4732,A member was added to a security-enabled local group,EMPRESA,guest,WIN-RDP,203.0.113.253,43599,2,C:\\Windows\\System32\\WindowsPowerShell\\v1.0\\powershell.exe,0x0,0x0,Account EMPRESA\guest added to local Administrators group from 203.0.113.253,1,admin_group_membership_added,China,Shanghai,30.81429,121.52933
2026-04-28 02:01:31,WIN-SRV-APP01,Microsoft-Windows-Security-Auditing,Security,4688,A new process has been created,LOCAL,svc_backup,PC-OPS-014,172.16.20.74,60864,2,C:\\Windows\\System32\\winlogon.exe,0x0,0x0,Process created by LOCAL\svc_backup: C:\\Windows\\System32\\winlogon.exe,0,none,Internal,LAN,,
2026-04-28 02:02:34,WIN-SRV-DC01,Microsoft-Windows-Security-Auditing,Security,4688,A new process has been created,EMPRESA,lcastro,SRV-MON-001,10.10.60.37,52783,3,C:\\Windows\\System32\\cmd.exe,0x0,0x0,Process created by EMPRESA\lcastro: C:\\Windows\\System32\\cmd.exe,0,none,Internal,LAN,,
2026-04-28 02:02:34,WIN10-FIN-014,Microsoft-Windows-Security-Auditing,Security,4624,An account was successfully logged on,EMPRESA,jperez,SRV-MON-001,172.16.20.183,56629,2,C:\\Windows\\System32\\lsass.exe,0x0,0x0,Successful logon for EMPRESA\jperez from 172.16.20.183 using logon type 2,0,none,Internal,LAN,,
2026-04-28 02:06:14,WIN-SRV-FILE01,Microsoft-Windows-Security-Auditing,Security,4624,An account was successfully logged on,EMPRESA,jperez,LAP-GER-003,10.10.102.113,60075,7,C:\\Program Files\\Microsoft Defender\\MsMpEng.exe,0x0,0x0,Successful logon for EMPRESA\jperez from 10.10.102.113 using logon type 7,0,none,Internal,LAN,,
2026-04-28 02:07:14,WIN-SRV-APP01,Microsoft-Windows-Security-Auditing,Security,4624,An account was successfully logged on,LOCAL,svc_backup,SRV-MON-001,172.16.20.140,59325,3,C:\\Windows\\System32\\WindowsPowerShell\\v1.0\\powershell.exe,0x0,0x0,Successful logon for LOCAL\svc_backup from 172.16.20.140 using logon type 3,0,none,Internal,LAN,,
2026-04-28 02:09:01,WIN11-SEC-022,Microsoft-Windows-Security-Auditing,Security,4624,An account was successfully logged on,EMPRESA,jperez,SRV-MON-001,192.168.1.59,60702,7,C:\\Windows\\System32\\svchost.exe,0x0,0x0,Successful logon for EMPRESA\jperez from 192.168.1.59 using logon type 7,0,none,Internal,LAN,,
2026-04-28 02:09:09,WIN10-FIN-014,Microsoft-Windows-Security-Auditing,Security,4634,An account was logged off,EMPRESA,helpdesk01,PC-RRHH-002,192.168.1.227,60181,3,C:\\Windows\\System32\\cmd.exe,0x0,0x0,Logoff for EMPRESA\helpdesk01 from workstation PC-RRHH-002,0,none,Internal,LAN,,
2026-04-28 02:10:21,WIN-SRV-APP01,Microsoft-Windows-Security-Auditing,Security,4688,A new process has been created,EMPRESA,analista01,PC-FIN-001,10.10.52.118,55262,2,C:\\Windows\\System32\\svchost.exe,0x0,0x0,Process created by EMPRESA\analista01: C:\\Windows\\System32\\svchost.exe,0,none,Internal,LAN,,
2026-04-28 02:10:24,WIN-SRV-DC01,Microsoft-Windows-Security-Auditing,Security,4672,Special privileges assigned to new logon,EMPRESA,jperez,LAP-GER-003,192.168.1.173,63389,7,C:\\Windows\\System32\\cmd.exe,0x0,0x0,Special privileges assigned to EMPRESA\jperez,0,none,Internal,LAN,,
2026-04-28 02:11:50,WIN-SRV-DC01,Microsoft-Windows-Security-Auditing,Security,4624,An account was successfully logged on,CORP,crojas,PC-OPS-014,192.168.1.28,50002,10,C:\\Program Files\\Google\\Chrome\\Application\\chrome.exe,0x0,0x0,Successful logon for CORP\crojas from 192.168.1.28 using logon type 10,0,none,Internal,LAN,,
2026-04-28 02:12:58,WIN11-SEC-022,Microsoft-Windows-Security-Auditing,Security,4624,An account was successfully logged on,LOCAL,jperez,PC-RRHH-002,172.16.20.31,64067,3,C:\\Program Files\\Microsoft Defender\\MsMpEng.exe,0x0,0x0,Successful logon for LOCAL\jperez from 172.16.20.31 using logon type 3,0,none,Internal,LAN,,
2026-04-28 02:14:02,WIN-SRV-DC01,Microsoft-Windows-Security-Auditing,Security,4688,A new process has been created,CORP,dtorres,PC-OPS-014,10.10.133.143,65252,3,C:\\Windows\\System32\\WindowsPowerShell\\v1.0\\powershell.exe,0x0,0x0,Process created by CORP\dtorres: C:\\Windows\\System32\\WindowsPowerShell\\v1.0\\powershell.exe,0,none,Internal,LAN,,
2026-04-28 02:14:34,WIN10-FIN-014,Microsoft-Windows-Security-Auditing,Security,4624,An account was successfully logged on,CORP,lcastro,PC-RRHH-002,172.16.20.225,56998,2,C:\\Program Files\\Google\\Chrome\\Application\\chrome.exe,0x0,0x0,Successful logon for CORP\lcastro from 172.16.20.225 using logon type 2,0,none,Internal,LAN,,
2026-04-28 02:14:42,WIN-SRV-DC01,Microsoft-Windows-Security-Auditing,Security,4624,An account was successfully logged on,LOCAL,svc_monitor,SRV-MON-001,172.16.20.30,58858,7,C:\\Windows\\System32\\WindowsPowerShell\\v1.0\\powershell.exe,0x0,0x0,Successful logon for LOCAL\svc_monitor from 172.16.20.30 using logon type 7,0,none,Internal,LAN,,
2026-04-28 02:14:58,WIN-SRV-DC01,Microsoft-Windows-Security-Auditing,Security,4688,A new process has been created,CORP,analista01,PC-FIN-001,10.10.137.72,59357,7,C:\\Program Files\\Google\\Chrome\\Application\\chrome.exe,0x0,0x0,Process created by CORP\analista01: C:\\Program Files\\Google\\Chrome\\Application\\chrome.exe,0,none,Internal,LAN,,
2026-04-28 02:15:57,WIN-SRV-FILE01,Microsoft-Windows-Security-Auditing,Security,4624,An account was successfully logged on,CORP,mgarcia,SRV-MON-001,10.10.129.213,58994,10,C:\\Windows\\System32\\WindowsPowerShell\\v1.0\\powershell.exe,0x0,0x0,Successful logon for CORP\mgarcia from 10.10.129.213 using logon type 10,0,none,Internal,LAN,,
2026-04-28 02:17:25,WIN-SRV-DC01,Microsoft-Windows-Security-Auditing,Security,4688,A new process has been created,LOCAL,jperez,LAP-GER-003,172.16.20.245,61333,10,C:\\Windows\\System32\\lsass.exe,0x0,0x0,Process created by LOCAL\jperez: C:\\Windows\\System32\\lsass.exe,0,none,Internal,LAN,,
2026-04-28 02:17:50,WIN10-FIN-014,Microsoft-Windows-Security-Auditing,Security,4634,An account was logged off,CORP,jperez,SRV-MON-001,172.16.20.220,64810,10,C:\\Windows\\System32\\winlogon.exe,0x0,0x0,Logoff for CORP\jperez from workstation SRV-MON-001,0,none,Internal,LAN,,
2026-04-28 02:20:08,WIN-SRV-DC01,Microsoft-Windows-Security-Auditing,Security,4672,Special privileges assigned to new logon,EMPRESA,svc_monitor,LAP-GER-003,172.16.20.79,60829,10,C:\\Windows\\System32\\lsass.exe,0x0,0x0,Special privileges assigned to EMPRESA\svc_monitor,0,none,Internal,LAN,,
2026-04-28 02:20:46,WIN10-FIN-014,Microsoft-Windows-Security-Auditing,Security,4624,An account was successfully logged on,EMPRESA,mgarcia,LAP-GER-003,10.10.89.174,62842,2,C:\\Windows\\System32\\WindowsPowerShell\\v1.0\\powershell.exe,0x0,0x0,Successful logon for EMPRESA\mgarcia from 10.10.89.174 using logon type 2,0,none,Internal,LAN,,
2026-04-28 02:22:15,WIN-SRV-DC01,Microsoft-Windows-Security-Auditing,Security,4634,An account was logged off,CORP,jperez,SRV-MON-001,172.16.20.118,63317,3,C:\\Windows\\System32\\cmd.exe,0x0,0x0,Logoff for CORP\jperez from workstation SRV-MON-001,0,none,Internal,LAN,,
2026-04-28 02:22:42,WIN-SRV-APP01,Microsoft-Windows-Security-Auditing,Security,4634,An account was logged off,EMPRESA,admin.ops,LAP-GER-003,172.16.20.145,53118,10,C:\\Windows\\System32\\lsass.exe,0x0,0x0,Logoff for EMPRESA\admin.ops from workstation LAP-GER-003,0,none,Internal,LAN,,
2026-04-28 02:23:01,WIN-SRV-APP01,Microsoft-Windows-Security-Auditing,Security,4624,An account was successfully logged on,LOCAL,finanzas02,PC-RRHH-002,10.10.247.188,60590,3,C:\\Windows\\System32\\WindowsPowerShell\\v1.0\\powershell.exe,0x0,0x0,Successful logon for LOCAL\finanzas02 from 10.10.247.188 using logon type 3,0,none,Internal,LAN,,
2026-04-28 02:25:14,WIN11-SEC-022,Microsoft-Windows-Security-Auditing,Security,4624,An account was successfully logged on,LOCAL,admin.ops,PC-FIN-001,172.16.20.27,62788,10,C:\\Windows\\System32\\svchost.exe,0x0,0x0,Successful logon for LOCAL\admin.ops from 172.16.20.27 using logon type 10,0,none,Internal,LAN,,
2026-04-28 02:25:18,WIN10-FIN-014,Microsoft-Windows-Security-Auditing,Security,4634,An account was logged off,EMPRESA,lcastro,PC-OPS-014,192.168.1.244,52809,7,C:\\Windows\\System32\\cmd.exe,0x0,0x0,Logoff for EMPRESA\lcastro from workstation PC-OPS-014,0,none,Internal,LAN,,
2026-04-28 02:25:27,WIN-SRV-APP01,Microsoft-Windows-Security-Auditing,Security,4672,Special privileges assigned to new logon,LOCAL,dtorres,PC-OPS-014,10.10.205.15,64686,3,C:\\Windows\\System32\\lsass.exe,0x0,0x0,Special privileges assigned to LOCAL\dtorres,0,none,Internal,LAN,,
2026-04-28 02:25:34,WIN10-FIN-014,Microsoft-Windows-Security-Auditing,Security,4624,An account was successfully logged on,EMPRESA,alopez,PC-FIN-001,192.168.1.62,57202,10,C:\\Program Files\\Microsoft Defender\\MsMpEng.exe,0x0,0x0,Successful logon for EMPRESA\alopez from 192.168.1.62 using logon type 10,0,none,Internal,LAN,,
2026-04-28 02:27:33,WIN-SRV-DC01,Microsoft-Windows-Security-Auditing,Security,4624,An account was successfully logged on,LOCAL,jperez,PC-OPS-014,192.168.1.108,64678,10,C:\\Windows\\System32\\svchost.exe,0x0,0x0,Successful logon for LOCAL\jperez from 192.168.1.108 using logon type 10,0,none,Internal,LAN,,
2026-04-28 02:27:53,WIN10-FIN-014,Microsoft-Windows-Security-Auditing,Security,4624,An account was successfully logged on,CORP,lcastro,PC-FIN-001,192.168.1.146,57981,2,C:\\Windows\\System32\\svchost.exe,0x0,0x0,Successful logon for CORP\lcastro from 192.168.1.146 using logon type 2,0,none,Internal,LAN,,
2026-04-28 02:27:54,WIN10-FIN-014,Microsoft-Windows-Security-Auditing,Security,4624,An account was successfully logged on,CORP,dtorres,PC-OPS-014,192.168.1.25,59394,10,C:\\Windows\\System32\\WindowsPowerShell\\v1.0\\powershell.exe,0x0,0x0,Successful logon for CORP\dtorres from 192.168.1.25 using logon type 10,0,none,Internal,LAN,,
2026-04-28 02:28:18,WIN10-FIN-014,Microsoft-Windows-Security-Auditing,Security,4688,A new process has been created,EMPRESA,analista01,PC-OPS-014,10.10.156.28,64565,3,C:\\Windows\\System32\\svchost.exe,0x0,0x0,Process created by EMPRESA\analista01: C:\\Windows\\System32\\svchost.exe,0,none,Internal,LAN,,
2026-04-28 02:30:25,WIN-SRV-FILE01,Microsoft-Windows-Security-Auditing,Security,4624,An account was successfully logged on,CORP,lcastro,PC-OPS-014,192.168.1.101,50376,2,C:\\Windows\\System32\\svchost.exe,0x0,0x0,Successful logon for CORP\lcastro from 192.168.1.101 using logon type 2,0,none,Internal,LAN,,
2026-04-28 02:30:36,WIN-SRV-DC01,Microsoft-Windows-Security-Auditing,Security,4688,A new process has been created,LOCAL,svc_backup,PC-OPS-014,172.16.20.178,65298,7,C:\\Windows\\System32\\WindowsPowerShell\\v1.0\\powershell.exe,0x0,0x0,Process created by LOCAL\svc_backup: C:\\Windows\\System32\\WindowsPowerShell\\v1.0\\powershell.exe,0,none,Internal,LAN,,
2026-04-28 02:32:26,WIN11-SEC-022,Microsoft-Windows-Security-Auditing,Security,4634,An account was logged off,EMPRESA,finanzas02,PC-FIN-001,172.16.20.63,55691,10,C:\\Program Files\\Google\\Chrome\\Application\\chrome.exe,0x0,0x0,Logoff for EMPRESA\finanzas02 from workstation PC-FIN-001,0,none,Internal,LAN,,
2026-04-28 02:32:48,WIN-SRV-FILE01,Microsoft-Windows-Security-Auditing,Security,4624,An account was successfully logged on,LOCAL,dtorres,LAP-GER-003,172.16.20.13,53993,7,C:\\Program Files\\Microsoft Defender\\MsMpEng.exe,0x0,0x0,Successful logon for LOCAL\dtorres from 172.16.20.13 using logon type 7,0,none,Internal,LAN,,
2026-04-28 02:35:28,WIN-SRV-FILE01,Microsoft-Windows-Security-Auditing,Security,4624,An account was successfully logged on,LOCAL,helpdesk01,LAP-GER-003,172.16.20.90,56661,10,C:\\Program Files\\Google\\Chrome\\Application\\chrome.exe,0x0,0x0,Successful logon for LOCAL\helpdesk01 from 172.16.20.90 using logon type 10,0,none,Internal,LAN,,
2026-04-28 02:35:52,WIN-SRV-FILE01,Microsoft-Windows-Security-Auditing,Security,4672,Special privileges assigned to new logon,LOCAL,svc_backup,LAP-GER-003,172.16.20.253,52051,3,C:\\Windows\\System32\\winlogon.exe,0x0,0x0,Special privileges assigned to LOCAL\svc_backup,0,none,Internal,LAN,,
2026-04-28 02:36:14,WIN-SRV-FILE01,Microsoft-Windows-Security-Auditing,Security,4624,An account was successfully logged on,EMPRESA,dtorres,PC-RRHH-002,192.168.1.8,53378,2,C:\\Windows\\System32\\svchost.exe,0x0,0x0,Successful logon for EMPRESA\dtorres from 192.168.1.8 using logon type 2,0,none,Internal,LAN,,
2026-04-28 02:37:42,WIN-SRV-FILE01,Microsoft-Windows-Security-Auditing,Security,4634,An account was logged off,EMPRESA,admin.ops,PC-OPS-014,192.168.1.221,57169,7,C:\\Windows\\System32\\lsass.exe,0x0,0x0,Logoff for EMPRESA\admin.ops from workstation PC-OPS-014,0,none,Internal,LAN,,
2026-04-28 02:39:35,WIN-SRV-DC01,Microsoft-Windows-Security-Auditing,Security,4634,An account was logged off,EMPRESA,lcastro,PC-RRHH-002,192.168.1.227,63146,2,C:\\Windows\\System32\\winlogon.exe,0x0,0x0,Logoff for EMPRESA\lcastro from workstation PC-RRHH-002,0,none,Internal,LAN,,
2026-04-28 02:45:48,WIN-SRV-APP01,Microsoft-Windows-Security-Auditing,Security,4624,An account was successfully logged on,EMPRESA,alopez,SRV-MON-001,10.10.221.148,53849,10,C:\\Program Files\\Google\\Chrome\\Application\\chrome.exe,0x0,0x0,Successful logon for EMPRESA\alopez from 10.10.221.148 using logon type 10,0,none,Internal,LAN,,
2026-04-28 02:46:22,WIN-SRV-DC01,Microsoft-Windows-Security-Auditing,Security,4624,An account was successfully logged on,CORP,jperez,PC-OPS-014,172.16.20.60,64855,7,C:\\Windows\\System32\\cmd.exe,0x0,0x0,Successful logon for CORP\jperez from 172.16.20.60 using logon type 7,0,none,Internal,LAN,,
2026-04-28 02:46:36,WIN-SRV-APP01,Microsoft-Windows-Security-Auditing,Security,4672,Special privileges assigned to new logon,LOCAL,admin.ops,PC-OPS-014,192.168.1.169,60540,10,C:\\Windows\\System32\\winlogon.exe,0x0,0x0,Special privileges assigned to LOCAL\admin.ops,0,none,Internal,LAN,,
2026-04-28 02:48:52,WIN11-SEC-022,Microsoft-Windows-Security-Auditing,Security,4648,A logon was attempted using explicit credentials,EMPRESA,mgarcia,PC-RRHH-002,10.10.199.221,49207,3,C:\\Windows\\System32\\cmd.exe,0x0,0x0,Explicit credentials used by EMPRESA\mgarcia from PC-RRHH-002,0,none,Internal,LAN,,
2026-04-28 02:49:51,WIN-SRV-DC01,Microsoft-Windows-Security-Auditing,Security,4688,A new process has been created,LOCAL,svc_backup,PC-OPS-014,10.10.153.85,49939,2,C:\\Windows\\System32\\lsass.exe,0x0,0x0,Process created by LOCAL\svc_backup: C:\\Windows\\System32\\lsass.exe,0,none,Internal,LAN,,
2026-04-28 02:50:25,WIN-SRV-FILE01,Microsoft-Windows-Security-Auditing,Security,4634,An account was logged off,LOCAL,mgarcia,SRV-MON-001,192.168.1.25,49503,2,C:\\Windows\\System32\\winlogon.exe,0x0,0x0,Logoff for LOCAL\mgarcia from workstation SRV-MON-001,0,none,Internal,LAN,,
2026-04-28 02:50:29,WIN10-FIN-014,Microsoft-Windows-Security-Auditing,Security,4624,An account was successfully logged on,EMPRESA,svc_monitor,PC-FIN-001,10.10.212.86,56851,3,C:\\Windows\\System32\\svchost.exe,0x0,0x0,Successful logon for EMPRESA\svc_monitor from 10.10.212.86 using logon type 3,0,none,Internal,LAN,,
2026-04-28 02:50:44,WIN11-SEC-022,Microsoft-Windows-Security-Auditing,Security,4624,An account was successfully logged on,CORP,finanzas02,SRV-MON-001,10.10.186.231,56587,2,C:\\Windows\\System32\\winlogon.exe,0x0,0x0,Successful logon for CORP\finanzas02 from 10.10.186.231 using logon type 2,0,none,Internal,LAN,,
2026-04-28 02:52:08,WIN10-FIN-014,Microsoft-Windows-Security-Auditing,Security,4634,An account was logged off,EMPRESA,mgarcia,PC-FIN-001,10.10.5.226,59307,2,C:\\Windows\\System32\\svchost.exe,0x0,0x0,Logoff for EMPRESA\mgarcia from workstation PC-FIN-001,0,none,Internal,LAN,,
2026-04-28 02:52:08,WIN11-SEC-022,Microsoft-Windows-Security-Auditing,Security,4624,An account was successfully logged on,LOCAL,jperez,PC-RRHH-002,172.16.20.61,51908,2,C:\\Windows\\System32\\svchost.exe,0x0,0x0,Successful logon for LOCAL\jperez from 172.16.20.61 using logon type 2,0,none,Internal,LAN,,
2026-04-28 02:53:06,WIN-SRV-FILE01,Microsoft-Windows-Security-Auditing,Security,4688,A new process has been created,EMPRESA,svc_monitor,PC-RRHH-002,10.10.4.156,62143,3,C:\\Program Files\\Google\\Chrome\\Application\\chrome.exe,0x0,0x0,Process created by EMPRESA\svc_monitor: C:\\Program Files\\Google\\Chrome\\Application\\chrome.exe,0,none,Internal,LAN,,
2026-04-28 02:54:58,WIN11-SEC-022,Microsoft-Windows-Security-Auditing,Security,4634,An account was logged off,EMPRESA,svc_monitor,PC-OPS-014,172.16.20.139,51133,10,C:\\Program Files\\Microsoft Defender\\MsMpEng.exe,0x0,0x0,Logoff for EMPRESA\svc_monitor from workstation PC-OPS-014,0,none,Internal,LAN,,
2026-04-28 02:57:46,WIN-SRV-DC01,Microsoft-Windows-Security-Auditing,Security,4624,An account was successfully logged on,EMPRESA,crojas,PC-FIN-001,10.10.58.152,54937,2,C:\\Windows\\System32\\cmd.exe,0x0,0x0,Successful logon for EMPRESA\crojas from 10.10.58.152 using logon type 2,0,none,Internal,LAN,,
2026-04-28 02:58:11,WIN-SRV-FILE01,Microsoft-Windows-Security-Auditing,Security,4624,An account was successfully logged on,EMPRESA,lcastro,PC-OPS-014,10.10.87.156,64360,7,C:\\Windows\\System32\\winlogon.exe,0x0,0x0,Successful logon for EMPRESA\lcastro from 10.10.87.156 using logon type 7,0,none,Internal,LAN,,
2026-04-28 02:58:32,WIN-SRV-FILE01,Microsoft-Windows-Security-Auditing,Security,4634,An account was logged off,EMPRESA,helpdesk01,SRV-MON-001,10.10.80.178,53744,10,C:\\Program Files\\Google\\Chrome\\Application\\chrome.exe,0x0,0x0,Logoff for EMPRESA\helpdesk01 from workstation SRV-MON-001,0,none,Internal,LAN,,
2026-04-28 02:58:35,WIN-SRV-DC01,Microsoft-Windows-Security-Auditing,Security,4634,An account was logged off,LOCAL,svc_monitor,PC-OPS-014,192.168.1.158,65513,7,C:\\Program Files\\Google\\Chrome\\Application\\chrome.exe,0x0,0x0,Logoff for LOCAL\svc_monitor from workstation PC-OPS-014,0,none,Internal,LAN,,
2026-04-28 02:59:09,WIN11-SEC-022,Microsoft-Windows-Security-Auditing,Security,4624,An account was successfully logged on,LOCAL,dtorres,LAP-GER-003,10.10.10.14,50069,2,C:\\Windows\\System32\\WindowsPowerShell\\v1.0\\powershell.exe,0x0,0x0,Successful logon for LOCAL\dtorres from 10.10.10.14 using logon type 2,0,none,Internal,LAN,,
2026-04-28 02:59:27,WIN-SRV-APP01,Microsoft-Windows-Security-Auditing,Security,4624,An account was successfully logged on,LOCAL,lcastro,LAP-GER-003,172.16.20.80,58278,10,C:\\Program Files\\Google\\Chrome\\Application\\chrome.exe,0x0,0x0,Successful logon for LOCAL\lcastro from 172.16.20.80 using logon type 10,0,none,Internal,LAN,,
2026-04-28 03:00:57,WIN-SRV-APP01,Microsoft-Windows-Security-Auditing,Security,4624,An account was successfully logged on,LOCAL,alopez,PC-FIN-001,172.16.20.219,52988,3,C:\\Windows\\System32\\WindowsPowerShell\\v1.0\\powershell.exe,0x0,0x0,Successful logon for LOCAL\alopez from 172.16.20.219 using logon type 3,0,none,Internal,LAN,,
2026-04-28 03:03:19,WIN10-FIN-014,Microsoft-Windows-Security-Auditing,Security,4688,A new process has been created,LOCAL,crojas,SRV-MON-001,10.10.189.89,63823,3,C:\\Windows\\System32\\cmd.exe,0x0,0x0,Process created by LOCAL\crojas: C:\\Windows\\System32\\cmd.exe,0,none,Internal,LAN,,
2026-04-28 03:04:00,WIN-SRV-FILE01,Microsoft-Windows-Security-Auditing,Security,4672,Special privileges assigned to new logon,LOCAL,svc_monitor,SRV-MON-001,192.168.1.235,62490,7,C:\\Program Files\\Microsoft Defender\\MsMpEng.exe,0x0,0x0,Special privileges assigned to LOCAL\svc_monitor,0,none,Internal,LAN,,
2026-04-28 03:06:47,WIN-SRV-DC01,Microsoft-Windows-Security-Auditing,Security,4624,An account was successfully logged on,LOCAL,crojas,SRV-MON-001,192.168.1.55,63352,7,C:\\Windows\\System32\\winlogon.exe,0x0,0x0,Successful logon for LOCAL\crojas from 192.168.1.55 using logon type 7,0,none,Internal,LAN,,
2026-04-28 03:08:31,WIN-SRV-FILE01,Microsoft-Windows-Security-Auditing,Security,4624,An account was successfully logged on,CORP,lcastro,PC-OPS-014,10.10.14.30,56738,10,C:\\Windows\\System32\\cmd.exe,0x0,0x0,Successful logon for CORP\lcastro from 10.10.14.30 using logon type 10,0,none,Internal,LAN,,
2026-04-28 03:09:34,WIN-SRV-FILE01,Microsoft-Windows-Security-Auditing,Security,4688,A new process has been created,EMPRESA,crojas,PC-RRHH-002,10.10.243.224,49205,2,C:\\Windows\\System32\\svchost.exe,0x0,0x0,Process created by EMPRESA\crojas: C:\\Windows\\System32\\svchost.exe,0,none,Internal,LAN,,
2026-04-28 03:10:59,WIN-SRV-APP01,Microsoft-Windows-Security-Auditing,Security,4624,An account was successfully logged on,LOCAL,jperez,PC-FIN-001,172.16.20.101,62346,2,C:\\Windows\\System32\\cmd.exe,0x0,0x0,Successful logon for LOCAL\jperez from 172.16.20.101 using logon type 2,0,none,Internal,LAN,,
2026-04-28 03:11:24,WIN-SRV-FILE01,Microsoft-Windows-Security-Auditing,Security,4624,An account was successfully logged on,CORP,crojas,PC-RRHH-002,192.168.1.20,58235,2,C:\\Windows\\System32\\lsass.exe,0x0,0x0,Successful logon for CORP\crojas from 192.168.1.20 using logon type 2,0,none,Internal,LAN,,
2026-04-28 03:11:48,WIN10-FIN-014,Microsoft-Windows-Security-Auditing,Security,4624,An account was successfully logged on,CORP,mgarcia,PC-FIN-001,10.10.84.241,65081,2,C:\\Windows\\System32\\lsass.exe,0x0,0x0,Successful logon for CORP\mgarcia from 10.10.84.241 using logon type 2,0,none,Internal,LAN,,
2026-04-28 03:13:22,WIN-SRV-FILE01,Microsoft-Windows-Security-Auditing,Security,4648,A logon was attempted using explicit credentials,EMPRESA,svc_monitor,LAP-GER-003,10.10.183.233,54851,3,C:\\Windows\\System32\\winlogon.exe,0x0,0x0,Explicit credentials used by EMPRESA\svc_monitor from LAP-GER-003,0,none,Internal,LAN,,
2026-04-28 03:14:23,WIN11-SEC-022,Microsoft-Windows-Security-Auditing,Security,4634,An account was logged off,CORP,jperez,PC-OPS-014,172.16.20.65,56718,10,C:\\Windows\\System32\\WindowsPowerShell\\v1.0\\powershell.exe,0x0,0x0,Logoff for CORP\jperez from workstation PC-OPS-014,0,none,Internal,LAN,,
2026-04-28 03:18:03,WIN-SRV-DC01,Microsoft-Windows-Security-Auditing,Security,4624,An account was successfully logged on,EMPRESA,alopez,PC-FIN-001,172.16.20.107,54972,7,C:\\Windows\\System32\\lsass.exe,0x0,0x0,Successful logon for EMPRESA\alopez from 172.16.20.107 using logon type 7,0,none,Internal,LAN,,
2026-04-28 03:18:25,WIN-SRV-APP01,Microsoft-Windows-Security-Auditing,Security,4634,An account was logged off,CORP,mgarcia,LAP-GER-003,192.168.1.247,63295,7,C:\\Windows\\System32\\lsass.exe,0x0,0x0,Logoff for CORP\mgarcia from workstation LAP-GER-003,0,none,Internal,LAN,,
2026-04-28 03:19:13,WIN-SRV-APP01,Microsoft-Windows-Security-Auditing,Security,4624,An account was successfully logged on,LOCAL,svc_monitor,PC-FIN-001,10.10.211.18,52648,7,C:\\Windows\\System32\\svchost.exe,0x0,0x0,Successful logon for LOCAL\svc_monitor from 10.10.211.18 using logon type 7,0,none,Internal,LAN,,
2026-04-28 03:19:43,WIN-SRV-FILE01,Microsoft-Windows-Security-Auditing,Security,4688,A new process has been created,EMPRESA,alopez,PC-OPS-014,172.16.20.246,54408,7,C:\\Windows\\System32\\svchost.exe,0x0,0x0,Process created by EMPRESA\alopez: C:\\Windows\\System32\\svchost.exe,0,none,Internal,LAN,,
2026-04-28 03:20:45,WIN-SRV-DC01,Microsoft-Windows-Security-Auditing,Security,4688,A new process has been created,CORP,finanzas02,SRV-MON-001,192.168.1.93,64389,7,C:\\Program Files\\Google\\Chrome\\Application\\chrome.exe,0x0,0x0,Process created by CORP\finanzas02: C:\\Program Files\\Google\\Chrome\\Application\\chrome.exe,0,none,Internal,LAN,,
2026-04-28 03:21:09,WIN-SRV-FILE01,Microsoft-Windows-Security-Auditing,Security,4624,An account was successfully logged on,LOCAL,svc_monitor,SRV-MON-001,192.168.1.26,55933,2,C:\\Program Files\\Microsoft Defender\\MsMpEng.exe,0x0,0x0,Successful logon for LOCAL\svc_monitor from 192.168.1.26 using logon type 2,0,none,Internal,LAN,,
2026-04-28 03:23:14,WIN-SRV-FILE01,Microsoft-Windows-Security-Auditing,Security,4688,A new process has been created,CORP,dtorres,SRV-MON-001,10.10.166.3,50058,10,C:\\Windows\\System32\\svchost.exe,0x0,0x0,Process created by CORP\dtorres: C:\\Windows\\System32\\svchost.exe,0,none,Internal,LAN,,
2026-04-28 03:26:13,WIN-SRV-DC01,Microsoft-Windows-Security-Auditing,Security,4624,An account was successfully logged on,LOCAL,analista01,PC-RRHH-002,192.168.1.50,52514,10,C:\\Windows\\System32\\WindowsPowerShell\\v1.0\\powershell.exe,0x0,0x0,Successful logon for LOCAL\analista01 from 192.168.1.50 using logon type 10,0,none,Internal,LAN,,
2026-04-28 03:28:33,WIN10-FIN-014,Microsoft-Windows-Security-Auditing,Security,4624,An account was successfully logged on,CORP,mgarcia,PC-RRHH-002,172.16.20.5,61271,2,C:\\Program Files\\Google\\Chrome\\Application\\chrome.exe,0x0,0x0,Successful logon for CORP\mgarcia from 172.16.20.5 using logon type 2,0,none,Internal,LAN,,
2026-04-28 03:31:16,WIN-SRV-DC01,Microsoft-Windows-Security-Auditing,Security,4648,A logon was attempted using explicit credentials,EMPRESA,jperez,PC-OPS-014,192.168.1.244,51802,10,C:\\Windows\\System32\\winlogon.exe,0x0,0x0,Explicit credentials used by EMPRESA\jperez from PC-OPS-014,0,none,Internal,LAN,,
2026-04-28 03:31:19,WIN11-SEC-022,Microsoft-Windows-Security-Auditing,Security,4634,An account was logged off,LOCAL,jperez,PC-RRHH-002,192.168.1.232,53202,2,C:\\Windows\\System32\\lsass.exe,0x0,0x0,Logoff for LOCAL\jperez from workstation PC-RRHH-002,0,none,Internal,LAN,,
2026-04-28 03:33:35,WIN10-FIN-014,Microsoft-Windows-Security-Auditing,Security,4624,An account was successfully logged on,LOCAL,mgarcia,PC-OPS-014,192.168.1.107,54306,10,C:\\Program Files\\Microsoft Defender\\MsMpEng.exe,0x0,0x0,Successful logon for LOCAL\mgarcia from 192.168.1.107 using logon type 10,0,none,Internal,LAN,,
2026-04-28 03:35:26,WIN-SRV-APP01,Microsoft-Windows-Security-Auditing,Security,4624,An account was successfully logged on,LOCAL,dtorres,LAP-GER-003,10.10.111.148,51811,10,C:\\Windows\\System32\\WindowsPowerShell\\v1.0\\powershell.exe,0x0,0x0,Successful logon for LOCAL\dtorres from 10.10.111.148 using logon type 10,0,none,Internal,LAN,,
2026-04-28 03:36:29,WIN10-FIN-014,Microsoft-Windows-Security-Auditing,Security,4688,A new process has been created,LOCAL,admin.ops,PC-RRHH-002,10.10.84.26,54962,7,C:\\Windows\\System32\\winlogon.exe,0x0,0x0,Process created by LOCAL\admin.ops: C:\\Windows\\System32\\winlogon.exe,0,none,Internal,LAN,,
