2026-04-28 18:38:12,WIN10-FIN-014,Microsoft-Windows-Security-Auditing,Security,4688,A new process has been created,EMPRESA,dtorres,PC-RRHH-002,172.16.20.145,59263,3,C:\\Windows\\System32\\winlogon.exe,0x0,0x0,Process created by EMPRESA\dtorres: C:\\Windows\\System32\\winlogon.exe,0,none,Internal,LAN,,
2026-04-28 18:39:39,WIN-SRV-FILE01,Microsoft-Windows-Security-Auditing,Security,4648,A logon was attempted using explicit credentials,EMPRESA,admin.ops,LAP-GER-003,192.168.1.174,59392,7,C:\\Windows\\System32\\cmd.exe,0x0,0x0,Explicit credentials used by EMPRESA\admin.ops from LAP-GER-003,0,none,Internal,LAN,,
2026-04-28 18:40:39,WIN10-FIN-014,Microsoft-Windows-Security-Auditing,Security,4624,An account was successfully logged on,EMPRESA,helpdesk01,LAP-GER-003,10.10.103.147,57465,3,C:\\Windows\\System32\\WindowsPowerShell\\v1.0\\powershell.exe,0x0,0x0,Successful logon for EMPRESA\helpdesk01 from 10.10.103.147 using logon type 3,0,none,Internal,LAN,,
2026-04-28 18:41:55,WIN-SRV-FILE01,Microsoft-Windows-Security-Auditing,Security,4624,An account was successfully logged on,CORP,mgarcia,PC-OPS-014,10.10.117.80,57077,7,C:\\Program Files\\Google\\Chrome\\Application\\chrome.exe,0x0,0x0,Successful logon for CORP\mgarcia from 10.10.117.80 using logon type 7,0,none,Internal,LAN,,
2026-04-28 18:42:53,WIN11-SEC-022,Microsoft-Windows-Security-Auditing,Security,4634,An account was logged off,CORP,lcastro,SRV-MON-001,10.10.99.110,53218,3,C:\\Windows\\System32\\WindowsPowerShell\\v1.0\\powershell.exe,0x0,0x0,Logoff for CORP\lcastro from workstation SRV-MON-001,0,none,Internal,LAN,,
2026-04-28 18:43:41,WIN-SRV-FILE01,Microsoft-Windows-Security-Auditing,Security,4624,An account was successfully logged on,EMPRESA,alopez,SRV-MON-001,10.10.18.138,59111,7,C:\\Program Files\\Google\\Chrome\\Application\\chrome.exe,0x0,0x0,Successful logon for EMPRESA\alopez from 10.10.18.138 using logon type 7,0,none,Internal,LAN,,
2026-04-28 18:44:10,WIN-SRV-DC01,Microsoft-Windows-Security-Auditing,Security,4688,A new process has been created,EMPRESA,dtorres,PC-OPS-014,10.10.9.81,59627,2,C:\\Program Files\\Microsoft Defender\\MsMpEng.exe,0x0,0x0,Process created by EMPRESA\dtorres: C:\\Program Files\\Microsoft Defender\\MsMpEng.exe,0,none,Internal,LAN,,
2026-04-28 18:45:01,WIN-SRV-DC01,Microsoft-Windows-Security-Auditing,Security,4624,An account was successfully logged on,LOCAL,dtorres,PC-RRHH-002,10.10.241.80,60088,10,C:\\Windows\\System32\\lsass.exe,0x0,0x0,Successful logon for LOCAL\dtorres from 10.10.241.80 using logon type 10,0,none,Internal,LAN,,
2026-04-28 18:46:22,WIN11-SEC-022,Microsoft-Windows-Security-Auditing,Security,4624,An account was successfully logged on,LOCAL,svc_monitor,SRV-MON-001,192.168.1.89,53073,3,C:\\Windows\\System32\\WindowsPowerShell\\v1.0\\powershell.exe,0x0,0x0,Successful logon for LOCAL\svc_monitor from 192.168.1.89 using logon type 3,0,none,Internal,LAN,,
2026-04-28 18:46:47,WIN-SRV-FILE01,Microsoft-Windows-Security-Auditing,Security,4634,An account was logged off,LOCAL,mgarcia,LAP-GER-003,10.10.201.57,54194,3,C:\\Windows\\System32\\WindowsPowerShell\\v1.0\\powershell.exe,0x0,0x0,Logoff for LOCAL\mgarcia from workstation LAP-GER-003,0,none,Internal,LAN,,
2026-04-28 18:46:58,WIN-SRV-DC01,Microsoft-Windows-Security-Auditing,Security,4624,An account was successfully logged on,CORP,crojas,PC-OPS-014,172.16.20.231,53934,10,C:\\Windows\\System32\\svchost.exe,0x0,0x0,Successful logon for CORP\crojas from 172.16.20.231 using logon type 10,0,none,Internal,LAN,,
2026-04-28 18:48:21,WIN-SRV-APP01,Microsoft-Windows-Security-Auditing,Security,4624,An account was successfully logged on,LOCAL,analista01,SRV-MON-001,192.168.1.225,61874,10,C:\\Windows\\System32\\cmd.exe,0x0,0x0,Successful logon for LOCAL\analista01 from 192.168.1.225 using logon type 10,0,none,Internal,LAN,,
2026-04-28 18:48:32,WIN-SRV-APP01,Microsoft-Windows-Security-Auditing,Security,4624,An account was successfully logged on,LOCAL,finanzas02,SRV-MON-001,192.168.1.242,49211,10,C:\\Windows\\System32\\lsass.exe,0x0,0x0,Successful logon for LOCAL\finanzas02 from 192.168.1.242 using logon type 10,0,none,Internal,LAN,,
2026-04-28 18:48:54,WIN-SRV-DC01,Microsoft-Windows-Security-Auditing,Security,4634,An account was logged off,EMPRESA,dtorres,PC-RRHH-002,10.10.61.228,50863,2,C:\\Windows\\System32\\svchost.exe,0x0,0x0,Logoff for EMPRESA\dtorres from workstation PC-RRHH-002,0,none,Internal,LAN,,
2026-04-28 18:50:16,WIN11-SEC-022,Microsoft-Windows-Security-Auditing,Security,4624,An account was successfully logged on,EMPRESA,analista01,PC-OPS-014,172.16.20.205,63906,7,C:\\Program Files\\Google\\Chrome\\Application\\chrome.exe,0x0,0x0,Successful logon for EMPRESA\analista01 from 172.16.20.205 using logon type 7,0,none,Internal,LAN,,
2026-04-28 18:50:32,WIN11-SEC-022,Microsoft-Windows-Security-Auditing,Security,4634,An account was logged off,CORP,svc_monitor,LAP-GER-003,172.16.20.242,64151,2,C:\\Windows\\System32\\cmd.exe,0x0,0x0,Logoff for CORP\svc_monitor from workstation LAP-GER-003,0,none,Internal,LAN,,
2026-04-28 18:50:41,WIN11-SEC-022,Microsoft-Windows-Security-Auditing,Security,4634,An account was logged off,CORP,dtorres,PC-OPS-014,10.10.136.96,55555,3,C:\\Windows\\System32\\svchost.exe,0x0,0x0,Logoff for CORP\dtorres from workstation PC-OPS-014,0,none,Internal,LAN,,
2026-04-28 18:50:56,WIN-SRV-FILE01,Microsoft-Windows-Security-Auditing,Security,4688,A new process has been created,LOCAL,svc_monitor,SRV-MON-001,172.16.20.7,52481,7,C:\\Program Files\\Google\\Chrome\\Application\\chrome.exe,0x0,0x0,Process created by LOCAL\svc_monitor: C:\\Program Files\\Google\\Chrome\\Application\\chrome.exe,0,none,Internal,LAN,,
2026-04-28 18:51:47,WIN-SRV-DC01,Microsoft-Windows-Security-Auditing,Security,4634,An account was logged off,CORP,lcastro,SRV-MON-001,10.10.119.38,63309,3,C:\\Program Files\\Microsoft Defender\\MsMpEng.exe,0x0,0x0,Logoff for CORP\lcastro from workstation SRV-MON-001,0,none,Internal,LAN,,
2026-04-28 18:51:51,WIN-SRV-FILE01,Microsoft-Windows-Security-Auditing,Security,4624,An account was successfully logged on,EMPRESA,finanzas02,SRV-MON-001,192.168.1.88,50430,7,C:\\Windows\\System32\\WindowsPowerShell\\v1.0\\powershell.exe,0x0,0x0,Successful logon for EMPRESA\finanzas02 from 192.168.1.88 using logon type 7,0,none,Internal,LAN,,
2026-04-28 18:53:37,WIN-SRV-DC01,Microsoft-Windows-Security-Auditing,Security,4648,A logon was attempted using explicit credentials,LOCAL,jperez,PC-RRHH-002,10.10.103.211,65419,10,C:\\Program Files\\Microsoft Defender\\MsMpEng.exe,0x0,0x0,Explicit credentials used by LOCAL\jperez from PC-RRHH-002,0,none,Internal,LAN,,
2026-04-28 18:54:15,WIN10-FIN-014,Microsoft-Windows-Security-Auditing,Security,4688,A new process has been created,EMPRESA,helpdesk01,LAP-GER-003,10.10.231.83,50452,7,C:\\Windows\\System32\\cmd.exe,0x0,0x0,Process created by EMPRESA\helpdesk01: C:\\Windows\\System32\\cmd.exe,0,none,Internal,LAN,,
2026-04-28 18:54:16,WIN10-FIN-014,Microsoft-Windows-Security-Auditing,Security,4688,A new process has been created,EMPRESA,admin.ops,PC-FIN-001,10.10.148.148,58940,7,C:\\Windows\\System32\\svchost.exe,0x0,0x0,Process created by EMPRESA\admin.ops: C:\\Windows\\System32\\svchost.exe,0,none,Internal,LAN,,
2026-04-28 18:54:37,WIN-SRV-DC01,Microsoft-Windows-Security-Auditing,Security,4634,An account was logged off,EMPRESA,finanzas02,LAP-GER-003,10.10.25.177,61978,10,C:\\Windows\\System32\\svchost.exe,0x0,0x0,Logoff for EMPRESA\finanzas02 from workstation LAP-GER-003,0,none,Internal,LAN,,
2026-04-28 18:54:56,WIN11-SEC-022,Microsoft-Windows-Security-Auditing,Security,4624,An account was successfully logged on,CORP,svc_backup,SRV-MON-001,192.168.1.244,58640,7,C:\\Windows\\System32\\WindowsPowerShell\\v1.0\\powershell.exe,0x0,0x0,Successful logon for CORP\svc_backup from 192.168.1.244 using logon type 7,0,none,Internal,LAN,,
2026-04-28 18:55:58,WIN-SRV-APP01,Microsoft-Windows-Security-Auditing,Security,4672,Special privileges assigned to new logon,EMPRESA,analista01,PC-OPS-014,10.10.124.32,49326,7,C:\\Program Files\\Google\\Chrome\\Application\\chrome.exe,0x0,0x0,Special privileges assigned to EMPRESA\analista01,0,none,Internal,LAN,,
2026-04-28 18:56:03,WIN-SRV-APP01,Microsoft-Windows-Security-Auditing,Security,4624,An account was successfully logged on,EMPRESA,svc_monitor,LAP-GER-003,172.16.20.99,64450,10,C:\\Program Files\\Microsoft Defender\\MsMpEng.exe,0x0,0x0,Successful logon for EMPRESA\svc_monitor from 172.16.20.99 using logon type 10,0,none,Internal,LAN,,
2026-04-28 18:56:18,WIN10-FIN-014,Microsoft-Windows-Security-Auditing,Security,4624,An account was successfully logged on,CORP,alopez,PC-FIN-001,172.16.20.7,54343,2,C:\\Program Files\\Microsoft Defender\\MsMpEng.exe,0x0,0x0,Successful logon for CORP\alopez from 172.16.20.7 using logon type 2,0,none,Internal,LAN,,
2026-04-28 18:57:30,WIN-SRV-APP01,Microsoft-Windows-Security-Auditing,Security,4634,An account was logged off,CORP,alopez,PC-OPS-014,192.168.1.115,57042,10,C:\\Windows\\System32\\svchost.exe,0x0,0x0,Logoff for CORP\alopez from workstation PC-OPS-014,0,none,Internal,LAN,,
2026-04-28 19:01:12,WIN-SRV-FILE01,Microsoft-Windows-Security-Auditing,Security,4634,An account was logged off,EMPRESA,finanzas02,PC-RRHH-002,10.10.3.61,63715,10,C:\\Windows\\System32\\winlogon.exe,0x0,0x0,Logoff for EMPRESA\finanzas02 from workstation PC-RRHH-002,0,none,Internal,LAN,,
2026-04-28 19:01:22,WIN-SRV-APP01,Microsoft-Windows-Security-Auditing,Security,4634,An account was logged off,LOCAL,dtorres,SRV-MON-001,10.10.33.179,60528,2,C:\\Windows\\System32\\cmd.exe,0x0,0x0,Logoff for LOCAL\dtorres from workstation SRV-MON-001,0,none,Internal,LAN,,
2026-04-28 19:01:59,WIN-SRV-APP01,Microsoft-Windows-Security-Auditing,Security,4624,An account was successfully logged on,EMPRESA,analista01,LAP-GER-003,172.16.20.46,51886,2,C:\\Windows\\System32\\cmd.exe,0x0,0x0,Successful logon for EMPRESA\analista01 from 172.16.20.46 using logon type 2,0,none,Internal,LAN,,
2026-04-28 19:02:21,WIN10-FIN-014,Microsoft-Windows-Security-Auditing,Security,4624,An account was successfully logged on,LOCAL,analista01,PC-RRHH-002,172.16.20.63,57975,3,C:\\Program Files\\Google\\Chrome\\Application\\chrome.exe,0x0,0x0,Successful logon for LOCAL\analista01 from 172.16.20.63 using logon type 3,0,none,Internal,LAN,,
2026-04-28 19:03:41,WIN11-SEC-022,Microsoft-Windows-Security-Auditing,Security,4634,An account was logged off,LOCAL,crojas,LAP-GER-003,192.168.1.175,58726,7,C:\\Windows\\System32\\svchost.exe,0x0,0x0,Logoff for LOCAL\crojas from workstation LAP-GER-003,0,none,Internal,LAN,,
2026-04-28 19:05:22,WIN-SRV-DC01,Microsoft-Windows-Security-Auditing,Security,4624,An account was successfully logged on,EMPRESA,finanzas02,LAP-GER-003,172.16.20.53,61507,3,C:\\Windows\\System32\\lsass.exe,0x0,0x0,Successful logon for EMPRESA\finanzas02 from 172.16.20.53 using logon type 3,0,none,Internal,LAN,,
2026-04-28 19:06:09,WIN11-SEC-022,Microsoft-Windows-Security-Auditing,Security,4634,An account was logged off,EMPRESA,svc_monitor,LAP-GER-003,172.16.20.223,49360,7,C:\\Windows\\System32\\WindowsPowerShell\\v1.0\\powershell.exe,0x0,0x0,Logoff for EMPRESA\svc_monitor from workstation LAP-GER-003,0,none,Internal,LAN,,
2026-04-28 19:07:09,WIN10-FIN-014,Microsoft-Windows-Security-Auditing,Security,4624,An account was successfully logged on,LOCAL,svc_backup,PC-FIN-001,192.168.1.75,52409,10,C:\\Windows\\System32\\lsass.exe,0x0,0x0,Successful logon for LOCAL\svc_backup from 192.168.1.75 using logon type 10,0,none,Internal,LAN,,
2026-04-28 19:09:02,WIN-SRV-APP01,Microsoft-Windows-Security-Auditing,Security,4634,An account was logged off,LOCAL,mgarcia,PC-OPS-014,172.16.20.240,50220,3,C:\\Windows\\System32\\WindowsPowerShell\\v1.0\\powershell.exe,0x0,0x0,Logoff for LOCAL\mgarcia from workstation PC-OPS-014,0,none,Internal,LAN,,
2026-04-28 19:09:20,WIN-SRV-DC01,Microsoft-Windows-Security-Auditing,Security,4624,An account was successfully logged on,CORP,jperez,SRV-MON-001,10.10.106.4,54404,3,C:\\Windows\\System32\\WindowsPowerShell\\v1.0\\powershell.exe,0x0,0x0,Successful logon for CORP\jperez from 10.10.106.4 using logon type 3,0,none,Internal,LAN,,
2026-04-28 19:10:46,WIN11-SEC-022,Microsoft-Windows-Security-Auditing,Security,4624,An account was successfully logged on,EMPRESA,svc_backup,PC-FIN-001,10.10.107.194,53680,10,C:\\Windows\\System32\\cmd.exe,0x0,0x0,Successful logon for EMPRESA\svc_backup from 10.10.107.194 using logon type 10,0,none,Internal,LAN,,
2026-04-28 19:10:55,WIN11-SEC-022,Microsoft-Windows-Security-Auditing,Security,4624,An account was successfully logged on,LOCAL,lcastro,PC-FIN-001,10.10.92.92,63221,3,C:\\Program Files\\Google\\Chrome\\Application\\chrome.exe,0x0,0x0,Successful logon for LOCAL\lcastro from 10.10.92.92 using logon type 3,0,none,Internal,LAN,,
2026-04-28 19:12:01,WIN11-SEC-022,Microsoft-Windows-Security-Auditing,Security,4634,An account was logged off,EMPRESA,dtorres,LAP-GER-003,172.16.20.197,64471,10,C:\\Windows\\System32\\cmd.exe,0x0,0x0,Logoff for EMPRESA\dtorres from workstation LAP-GER-003,0,none,Internal,LAN,,
2026-04-28 19:14:22,WIN10-FIN-014,Microsoft-Windows-Security-Auditing,Security,4688,A new process has been created,CORP,lcastro,PC-OPS-014,192.168.1.95,51175,10,C:\\Windows\\System32\\cmd.exe,0x0,0x0,Process created by CORP\lcastro: C:\\Windows\\System32\\cmd.exe,0,none,Internal,LAN,,
2026-04-28 19:14:36,WIN-SRV-APP01,Microsoft-Windows-Security-Auditing,Security,4624,An account was successfully logged on,LOCAL,lcastro,PC-FIN-001,10.10.207.76,53671,3,C:\\Windows\\System32\\winlogon.exe,0x0,0x0,Successful logon for LOCAL\lcastro from 10.10.207.76 using logon type 3,0,none,Internal,LAN,,
2026-04-28 19:18:33,WIN-SRV-DC01,Microsoft-Windows-Security-Auditing,Security,4634,An account was logged off,LOCAL,alopez,LAP-GER-003,172.16.20.84,57077,7,C:\\Program Files\\Google\\Chrome\\Application\\chrome.exe,0x0,0x0,Logoff for LOCAL\alopez from workstation LAP-GER-003,0,none,Internal,LAN,,
2026-04-28 19:19:13,WIN-SRV-FILE01,Microsoft-Windows-Security-Auditing,Security,4624,An account was successfully logged on,CORP,helpdesk01,SRV-MON-001,192.168.1.159,50312,7,C:\\Windows\\System32\\lsass.exe,0x0,0x0,Successful logon for CORP\helpdesk01 from 192.168.1.159 using logon type 7,0,none,Internal,LAN,,
2026-04-28 19:19:22,WIN-SRV-FILE01,Microsoft-Windows-Security-Auditing,Security,4624,An account was successfully logged on,LOCAL,lcastro,SRV-MON-001,172.16.20.31,55306,10,C:\\Program Files\\Microsoft Defender\\MsMpEng.exe,0x0,0x0,Successful logon for LOCAL\lcastro from 172.16.20.31 using logon type 10,0,none,Internal,LAN,,
2026-04-28 19:19:55,WIN-SRV-APP01,Microsoft-Windows-Security-Auditing,Security,4688,A new process has been created,LOCAL,helpdesk01,PC-RRHH-002,192.168.1.21,65240,10,C:\\Windows\\System32\\winlogon.exe,0x0,0x0,Process created by LOCAL\helpdesk01: C:\\Windows\\System32\\winlogon.exe,0,none,Internal,LAN,,
2026-04-28 19:20:10,WIN-SRV-FILE01,Microsoft-Windows-Security-Auditing,Security,4672,Special privileges assigned to new logon,LOCAL,jperez,LAP-GER-003,172.16.20.171,61391,3,C:\\Windows\\System32\\winlogon.exe,0x0,0x0,Special privileges assigned to LOCAL\jperez,0,none,Internal,LAN,,
2026-04-28 19:23:33,WIN-SRV-APP01,Microsoft-Windows-Security-Auditing,Security,4624,An account was successfully logged on,LOCAL,jperez,PC-OPS-014,10.10.36.167,60596,10,C:\\Windows\\System32\\winlogon.exe,0x0,0x0,Successful logon for LOCAL\jperez from 10.10.36.167 using logon type 10,0,none,Internal,LAN,,
2026-04-28 19:26:15,WIN11-SEC-022,Microsoft-Windows-Security-Auditing,Security,4624,An account was successfully logged on,CORP,finanzas02,PC-OPS-014,10.10.46.61,63433,3,C:\\Program Files\\Microsoft Defender\\MsMpEng.exe,0x0,0x0,Successful logon for CORP\finanzas02 from 10.10.46.61 using logon type 3,0,none,Internal,LAN,,
2026-04-28 19:27:16,WIN-SRV-APP01,Microsoft-Windows-Security-Auditing,Security,4624,An account was successfully logged on,CORP,dtorres,PC-RRHH-002,10.10.140.153,64547,3,C:\\Windows\\System32\\svchost.exe,0x0,0x0,Successful logon for CORP\dtorres from 10.10.140.153 using logon type 3,0,none,Internal,LAN,,
2026-04-28 19:27:22,WIN-SRV-APP01,Microsoft-Windows-Security-Auditing,Security,4624,An account was successfully logged on,LOCAL,alopez,PC-OPS-014,10.10.26.219,49699,2,C:\\Windows\\System32\\lsass.exe,0x0,0x0,Successful logon for LOCAL\alopez from 10.10.26.219 using logon type 2,0,none,Internal,LAN,,
2026-04-28 19:27:55,WIN10-FIN-014,Microsoft-Windows-Security-Auditing,Security,4624,An account was successfully logged on,EMPRESA,jperez,LAP-GER-003,10.10.210.4,60988,7,C:\\Windows\\System32\\cmd.exe,0x0,0x0,Successful logon for EMPRESA\jperez from 10.10.210.4 using logon type 7,0,none,Internal,LAN,,
2026-04-28 19:28:19,WIN10-FIN-014,Microsoft-Windows-Security-Auditing,Security,4672,Special privileges assigned to new logon,EMPRESA,admin.ops,SRV-MON-001,10.10.201.80,65224,7,C:\\Windows\\System32\\svchost.exe,0x0,0x0,Special privileges assigned to EMPRESA\admin.ops,0,none,Internal,LAN,,
2026-04-28 19:29:08,WIN-SRV-FILE01,Microsoft-Windows-Security-Auditing,Security,4634,An account was logged off,EMPRESA,svc_backup,PC-OPS-014,172.16.20.132,50673,3,C:\\Windows\\System32\\WindowsPowerShell\\v1.0\\powershell.exe,0x0,0x0,Logoff for EMPRESA\svc_backup from workstation PC-OPS-014,0,none,Internal,LAN,,
2026-04-28 19:29:14,WIN-SRV-FILE01,Microsoft-Windows-Security-Auditing,Security,4688,A new process has been created,LOCAL,dtorres,LAP-GER-003,172.16.20.184,58506,3,C:\\Program Files\\Microsoft Defender\\MsMpEng.exe,0x0,0x0,Process created by LOCAL\dtorres: C:\\Program Files\\Microsoft Defender\\MsMpEng.exe,0,none,Internal,LAN,,
2026-04-28 19:29:25,WIN-SRV-DC01,Microsoft-Windows-Security-Auditing,Security,4624,An account was successfully logged on,CORP,lcastro,PC-FIN-001,172.16.20.51,49457,2,C:\\Windows\\System32\\WindowsPowerShell\\v1.0\\powershell.exe,0x0,0x0,Successful logon for CORP\lcastro from 172.16.20.51 using logon type 2,0,none,Internal,LAN,,
2026-04-28 19:31:10,WIN10-FIN-014,Microsoft-Windows-Security-Auditing,Security,4624,An account was successfully logged on,EMPRESA,helpdesk01,SRV-MON-001,172.16.20.18,59747,7,C:\\Program Files\\Microsoft Defender\\MsMpEng.exe,0x0,0x0,Successful logon for EMPRESA\helpdesk01 from 172.16.20.18 using logon type 7,0,none,Internal,LAN,,
2026-04-28 19:35:49,WIN-SRV-APP01,Microsoft-Windows-Security-Auditing,Security,4624,An account was successfully logged on,LOCAL,analista01,PC-FIN-001,192.168.1.225,64109,7,C:\\Windows\\System32\\WindowsPowerShell\\v1.0\\powershell.exe,0x0,0x0,Successful logon for LOCAL\analista01 from 192.168.1.225 using logon type 7,0,none,Internal,LAN,,
2026-04-28 19:36:20,WIN-SRV-DC01,Microsoft-Windows-Security-Auditing,Security,4634,An account was logged off,LOCAL,dtorres,PC-RRHH-002,192.168.1.120,50274,2,C:\\Program Files\\Microsoft Defender\\MsMpEng.exe,0x0,0x0,Logoff for LOCAL\dtorres from workstation PC-RRHH-002,0,none,Internal,LAN,,
2026-04-28 19:38:19,WIN11-SEC-022,Microsoft-Windows-Security-Auditing,Security,4624,An account was successfully logged on,EMPRESA,lcastro,PC-FIN-001,10.10.193.170,51314,10,C:\\Windows\\System32\\cmd.exe,0x0,0x0,Successful logon for EMPRESA\lcastro from 10.10.193.170 using logon type 10,0,none,Internal,LAN,,
2026-04-28 19:38:28,WIN-SRV-APP01,Microsoft-Windows-Security-Auditing,Security,4688,A new process has been created,LOCAL,finanzas02,SRV-MON-001,172.16.20.22,50877,7,C:\\Windows\\System32\\WindowsPowerShell\\v1.0\\powershell.exe,0x0,0x0,Process created by LOCAL\finanzas02: C:\\Windows\\System32\\WindowsPowerShell\\v1.0\\powershell.exe,0,none,Internal,LAN,,
2026-04-28 19:40:00,WIN11-SEC-022,Microsoft-Windows-Security-Auditing,Security,4624,An account was successfully logged on,CORP,crojas,SRV-MON-001,172.16.20.29,56769,3,C:\\Windows\\System32\\WindowsPowerShell\\v1.0\\powershell.exe,0x0,0x0,Successful logon for CORP\crojas from 172.16.20.29 using logon type 3,0,none,Internal,LAN,,
2026-04-28 19:43:13,WIN10-FIN-014,Microsoft-Windows-Security-Auditing,Security,4624,An account was successfully logged on,EMPRESA,alopez,LAP-GER-003,10.10.40.141,54179,2,C:\\Windows\\System32\\lsass.exe,0x0,0x0,Successful logon for EMPRESA\alopez from 10.10.40.141 using logon type 2,0,none,Internal,LAN,,
2026-04-28 19:45:28,WIN11-SEC-022,Microsoft-Windows-Security-Auditing,Security,4634,An account was logged off,EMPRESA,alopez,PC-RRHH-002,172.16.20.78,52868,2,C:\\Program Files\\Google\\Chrome\\Application\\chrome.exe,0x0,0x0,Logoff for EMPRESA\alopez from workstation PC-RRHH-002,0,none,Internal,LAN,,
2026-04-28 19:45:30,WIN10-FIN-014,Microsoft-Windows-Security-Auditing,Security,4634,An account was logged off,EMPRESA,helpdesk01,PC-FIN-001,192.168.1.171,53883,3,C:\\Program Files\\Microsoft Defender\\MsMpEng.exe,0x0,0x0,Logoff for EMPRESA\helpdesk01 from workstation PC-FIN-001,0,none,Internal,LAN,,
2026-04-28 19:45:50,WIN11-SEC-022,Microsoft-Windows-Security-Auditing,Security,4634,An account was logged off,EMPRESA,admin.ops,PC-OPS-014,10.10.65.116,52915,3,C:\\Windows\\System32\\cmd.exe,0x0,0x0,Logoff for EMPRESA\admin.ops from workstation PC-OPS-014,0,none,Internal,LAN,,
2026-04-28 19:46:38,WIN-SRV-FILE01,Microsoft-Windows-Security-Auditing,Security,4634,An account was logged off,LOCAL,dtorres,PC-OPS-014,10.10.83.238,64298,7,C:\\Windows\\System32\\winlogon.exe,0x0,0x0,Logoff for LOCAL\dtorres from workstation PC-OPS-014,0,none,Internal,LAN,,
2026-04-28 19:46:38,WIN-SRV-FILE01,Microsoft-Windows-Security-Auditing,Security,4634,An account was logged off,LOCAL,svc_backup,PC-OPS-014,192.168.1.180,56952,7,C:\\Windows\\System32\\svchost.exe,0x0,0x0,Logoff for LOCAL\svc_backup from workstation PC-OPS-014,0,none,Internal,LAN,,
2026-04-28 19:46:45,WIN10-FIN-014,Microsoft-Windows-Security-Auditing,Security,4688,A new process has been created,LOCAL,mgarcia,PC-FIN-001,172.16.20.72,61295,2,C:\\Program Files\\Google\\Chrome\\Application\\chrome.exe,0x0,0x0,Process created by LOCAL\mgarcia: C:\\Program Files\\Google\\Chrome\\Application\\chrome.exe,0,none,Internal,LAN,,
2026-04-28 19:47:25,WIN-SRV-APP01,Microsoft-Windows-Security-Auditing,Security,4624,An account was successfully logged on,LOCAL,alopez,LAP-GER-003,10.10.22.54,65279,10,C:\\Windows\\System32\\cmd.exe,0x0,0x0,Successful logon for LOCAL\alopez from 10.10.22.54 using logon type 10,0,none,Internal,LAN,,
2026-04-28 19:47:43,WIN11-SEC-022,Microsoft-Windows-Security-Auditing,Security,4688,A new process has been created,LOCAL,alopez,LAP-GER-003,192.168.1.72,60637,10,C:\\Windows\\System32\\WindowsPowerShell\\v1.0\\powershell.exe,0x0,0x0,Process created by LOCAL\alopez: C:\\Windows\\System32\\WindowsPowerShell\\v1.0\\powershell.exe,0,none,Internal,LAN,,
2026-04-28 19:47:58,WIN10-FIN-014,Microsoft-Windows-Security-Auditing,Security,4624,An account was successfully logged on,EMPRESA,svc_backup,PC-OPS-014,192.168.1.70,50179,10,C:\\Windows\\System32\\svchost.exe,0x0,0x0,Successful logon for EMPRESA\svc_backup from 192.168.1.70 using logon type 10,0,none,Internal,LAN,,
2026-04-28 19:48:05,WIN-SRV-FILE01,Microsoft-Windows-Security-Auditing,Security,4624,An account was successfully logged on,CORP,dtorres,PC-FIN-001,172.16.20.107,61705,10,C:\\Windows\\System32\\cmd.exe,0x0,0x0,Successful logon for CORP\dtorres from 172.16.20.107 using logon type 10,0,none,Internal,LAN,,
2026-04-28 19:49:05,WIN10-FIN-014,Microsoft-Windows-Security-Auditing,Security,4688,A new process has been created,LOCAL,mgarcia,SRV-MON-001,10.10.150.152,52817,2,C:\\Windows\\System32\\winlogon.exe,0x0,0x0,Process created by LOCAL\mgarcia: C:\\Windows\\System32\\winlogon.exe,0,none,Internal,LAN,,
2026-04-28 19:52:01,WIN-SRV-DC01,Microsoft-Windows-Security-Auditing,Security,4624,An account was successfully logged on,EMPRESA,admin.ops,PC-OPS-014,172.16.20.143,57026,3,C:\\Windows\\System32\\cmd.exe,0x0,0x0,Successful logon for EMPRESA\admin.ops from 172.16.20.143 using logon type 3,0,none,Internal,LAN,,
2026-04-28 19:53:07,WIN11-SEC-022,Microsoft-Windows-Security-Auditing,Security,4624,An account was successfully logged on,LOCAL,analista01,PC-RRHH-002,10.10.202.61,61936,3,C:\\Windows\\System32\\cmd.exe,0x0,0x0,Successful logon for LOCAL\analista01 from 10.10.202.61 using logon type 3,0,none,Internal,LAN,,
2026-04-28 19:53:14,WIN-SRV-FILE01,Microsoft-Windows-Security-Auditing,Security,4624,An account was successfully logged on,LOCAL,svc_backup,SRV-MON-001,172.16.20.221,50831,7,C:\\Windows\\System32\\WindowsPowerShell\\v1.0\\powershell.exe,0x0,0x0,Successful logon for LOCAL\svc_backup from 172.16.20.221 using logon type 7,0,none,Internal,LAN,,
2026-04-28 19:53:48,WIN10-FIN-014,Microsoft-Windows-Security-Auditing,Security,4624,An account was successfully logged on,CORP,lcastro,SRV-MON-001,172.16.20.110,52682,7,C:\\Program Files\\Google\\Chrome\\Application\\chrome.exe,0x0,0x0,Successful logon for CORP\lcastro from 172.16.20.110 using logon type 7,0,none,Internal,LAN,,
2026-04-28 19:54:39,WIN-SRV-DC01,Microsoft-Windows-Security-Auditing,Security,4634,An account was logged off,CORP,crojas,PC-FIN-001,10.10.7.193,61348,10,C:\\Windows\\System32\\winlogon.exe,0x0,0x0,Logoff for CORP\crojas from workstation PC-FIN-001,0,none,Internal,LAN,,
2026-04-28 19:55:39,WIN-SRV-DC01,Microsoft-Windows-Security-Auditing,Security,4634,An account was logged off,EMPRESA,svc_backup,PC-FIN-001,192.168.1.52,49928,10,C:\\Program Files\\Microsoft Defender\\MsMpEng.exe,0x0,0x0,Logoff for EMPRESA\svc_backup from workstation PC-FIN-001,0,none,Internal,LAN,,
2026-04-28 19:55:59,WIN-SRV-FILE01,Microsoft-Windows-Security-Auditing,Security,4634,An account was logged off,LOCAL,svc_backup,PC-OPS-014,172.16.20.8,56741,7,C:\\Windows\\System32\\WindowsPowerShell\\v1.0\\powershell.exe,0x0,0x0,Logoff for LOCAL\svc_backup from workstation PC-OPS-014,0,none,Internal,LAN,,
2026-04-28 19:56:14,WIN10-FIN-014,Microsoft-Windows-Security-Auditing,Security,4624,An account was successfully logged on,CORP,lcastro,PC-OPS-014,192.168.1.63,50748,2,C:\\Windows\\System32\\svchost.exe,0x0,0x0,Successful logon for CORP\lcastro from 192.168.1.63 using logon type 2,0,none,Internal,LAN,,
2026-04-28 19:56:51,WIN-SRV-APP01,Microsoft-Windows-Security-Auditing,Security,4672,Special privileges assigned to new logon,EMPRESA,analista01,SRV-MON-001,172.16.20.24,64389,7,C:\\Windows\\System32\\winlogon.exe,0x0,0x0,Special privileges assigned to EMPRESA\analista01,0,none,Internal,LAN,,
2026-04-28 19:58:35,WIN-SRV-DC01,Microsoft-Windows-Security-Auditing,Security,4648,A logon was attempted using explicit credentials,EMPRESA,svc_backup,PC-FIN-001,172.16.20.26,64057,10,C:\\Windows\\System32\\winlogon.exe,0x0,0x0,Explicit credentials used by EMPRESA\svc_backup from PC-FIN-001,0,none,Internal,LAN,,
2026-04-28 20:02:54,WIN10-FIN-014,Microsoft-Windows-Security-Auditing,Security,4634,An account was logged off,CORP,admin.ops,SRV-MON-001,172.16.20.93,63710,7,C:\\Windows\\System32\\svchost.exe,0x0,0x0,Logoff for CORP\admin.ops from workstation SRV-MON-001,0,none,Internal,LAN,,
2026-04-28 20:03:06,WIN-SRV-DC01,Microsoft-Windows-Security-Auditing,Security,4688,A new process has been created,EMPRESA,alopez,PC-FIN-001,192.168.1.15,59722,3,C:\\Program Files\\Google\\Chrome\\Application\\chrome.exe,0x0,0x0,Process created by EMPRESA\alopez: C:\\Program Files\\Google\\Chrome\\Application\\chrome.exe,0,none,Internal,LAN,,
2026-04-28 20:03:50,WIN10-FIN-014,Microsoft-Windows-Security-Auditing,Security,4648,A logon was attempted using explicit credentials,CORP,jperez,PC-RRHH-002,172.16.20.189,62820,7,C:\\Windows\\System32\\WindowsPowerShell\\v1.0\\powershell.exe,0x0,0x0,Explicit credentials used by CORP\jperez from PC-RRHH-002,0,none,Internal,LAN,,
2026-04-28 20:04:15,WIN10-FIN-014,Microsoft-Windows-Security-Auditing,Security,4624,An account was successfully logged on,EMPRESA,alopez,PC-FIN-001,10.10.230.0,50804,2,C:\\Program Files\\Microsoft Defender\\MsMpEng.exe,0x0,0x0,Successful logon for EMPRESA\alopez from 10.10.230.0 using logon type 2,0,none,Internal,LAN,,
2026-04-28 20:04:37,WIN-SRV-DC01,Microsoft-Windows-Security-Auditing,Security,4634,An account was logged off,EMPRESA,jperez,PC-RRHH-002,172.16.20.104,54697,7,C:\\Program Files\\Google\\Chrome\\Application\\chrome.exe,0x0,0x0,Logoff for EMPRESA\jperez from workstation PC-RRHH-002,0,none,Internal,LAN,,
2026-04-28 20:06:35,WIN-SRV-APP01,Microsoft-Windows-Security-Auditing,Security,4624,An account was successfully logged on,CORP,dtorres,PC-RRHH-002,192.168.1.160,60573,2,C:\\Program Files\\Google\\Chrome\\Application\\chrome.exe,0x0,0x0,Successful logon for CORP\dtorres from 192.168.1.160 using logon type 2,0,none,Internal,LAN,,
2026-04-28 20:06:52,WIN11-SEC-022,Microsoft-Windows-Security-Auditing,Security,4634,An account was logged off,LOCAL,crojas,PC-FIN-001,10.10.138.142,57360,10,C:\\Windows\\System32\\cmd.exe,0x0,0x0,Logoff for LOCAL\crojas from workstation PC-FIN-001,0,none,Internal,LAN,,
2026-04-28 20:09:08,WIN-SRV-DC01,Microsoft-Windows-Security-Auditing,Security,4624,An account was successfully logged on,LOCAL,lcastro,PC-OPS-014,10.10.195.84,58457,2,C:\\Windows\\System32\\svchost.exe,0x0,0x0,Successful logon for LOCAL\lcastro from 10.10.195.84 using logon type 2,0,none,Internal,LAN,,
2026-04-28 20:09:34,WIN11-SEC-022,Microsoft-Windows-Security-Auditing,Security,4624,An account was successfully logged on,CORP,finanzas02,LAP-GER-003,172.16.20.132,54688,3,C:\\Windows\\System32\\cmd.exe,0x0,0x0,Successful logon for CORP\finanzas02 from 172.16.20.132 using logon type 3,0,none,Internal,LAN,,
2026-04-28 20:12:13,WIN10-FIN-014,Microsoft-Windows-Security-Auditing,Security,4624,An account was successfully logged on,EMPRESA,svc_monitor,PC-FIN-001,10.10.74.238,59632,10,C:\\Windows\\System32\\lsass.exe,0x0,0x0,Successful logon for EMPRESA\svc_monitor from 10.10.74.238 using logon type 10,0,none,Internal,LAN,,
2026-04-28 20:12:58,WIN-SRV-DC01,Microsoft-Windows-Security-Auditing,Security,4634,An account was logged off,CORP,finanzas02,PC-FIN-001,192.168.1.182,63468,7,C:\\Windows\\System32\\lsass.exe,0x0,0x0,Logoff for CORP\finanzas02 from workstation PC-FIN-001,0,none,Internal,LAN,,
2026-04-28 20:13:19,WIN-SRV-DC01,Microsoft-Windows-Security-Auditing,Security,4624,An account was successfully logged on,EMPRESA,svc_monitor,PC-FIN-001,172.16.20.138,53142,2,C:\\Program Files\\Google\\Chrome\\Application\\chrome.exe,0x0,0x0,Successful logon for EMPRESA\svc_monitor from 172.16.20.138 using logon type 2,0,none,Internal,LAN,,
2026-04-28 20:15:22,WIN-SRV-DC01,Microsoft-Windows-Security-Auditing,Security,4624,An account was successfully logged on,CORP,analista01,SRV-MON-001,192.168.1.33,49458,3,C:\\Windows\\System32\\lsass.exe,0x0,0x0,Successful logon for CORP\analista01 from 192.168.1.33 using logon type 3,0,none,Internal,LAN,,
2026-04-28 20:16:25,WIN10-FIN-014,Microsoft-Windows-Security-Auditing,Security,4624,An account was successfully logged on,LOCAL,mgarcia,SRV-MON-001,172.16.20.24,56546,10,C:\\Windows\\System32\\lsass.exe,0x0,0x0,Successful logon for LOCAL\mgarcia from 172.16.20.24 using logon type 10,0,none,Internal,LAN,,
2026-04-28 20:16:51,WIN-SRV-DC01,Microsoft-Windows-Security-Auditing,Security,4688,A new process has been created,CORP,svc_backup,PC-OPS-014,192.168.1.243,53881,10,C:\\Windows\\System32\\WindowsPowerShell\\v1.0\\powershell.exe,0x0,0x0,Process created by CORP\svc_backup: C:\\Windows\\System32\\WindowsPowerShell\\v1.0\\powershell.exe,0,none,Internal,LAN,,
2026-04-28 20:19:23,WIN-SRV-DC01,Microsoft-Windows-Security-Auditing,Security,4624,An account was successfully logged on,CORP,crojas,PC-OPS-014,172.16.20.136,64267,3,C:\\Windows\\System32\\cmd.exe,0x0,0x0,Successful logon for CORP\crojas from 172.16.20.136 using logon type 3,0,none,Internal,LAN,,
2026-04-28 20:19:33,WIN11-SEC-022,Microsoft-Windows-Security-Auditing,Security,4624,An account was successfully logged on,LOCAL,mgarcia,SRV-MON-001,10.10.146.221,50650,2,C:\\Windows\\System32\\winlogon.exe,0x0,0x0,Successful logon for LOCAL\mgarcia from 10.10.146.221 using logon type 2,0,none,Internal,LAN,,
2026-04-28 20:20:16,WIN-SRV-FILE01,Microsoft-Windows-Security-Auditing,Security,4688,A new process has been created,EMPRESA,analista01,LAP-GER-003,172.16.20.67,64422,10,C:\\Program Files\\Google\\Chrome\\Application\\chrome.exe,0x0,0x0,Process created by EMPRESA\analista01: C:\\Program Files\\Google\\Chrome\\Application\\chrome.exe,0,none,Internal,LAN,,
2026-04-28 20:20:33,WIN-SRV-APP01,Microsoft-Windows-Security-Auditing,Security,4648,A logon was attempted using explicit credentials,EMPRESA,svc_monitor,PC-RRHH-002,192.168.1.219,55112,3,C:\\Program Files\\Microsoft Defender\\MsMpEng.exe,0x0,0x0,Explicit credentials used by EMPRESA\svc_monitor from PC-RRHH-002,0,none,Internal,LAN,,
2026-04-28 20:20:55,WIN-SRV-APP01,Microsoft-Windows-Security-Auditing,Security,4624,An account was successfully logged on,LOCAL,dtorres,PC-FIN-001,10.10.23.62,58552,3,C:\\Windows\\System32\\cmd.exe,0x0,0x0,Successful logon for LOCAL\dtorres from 10.10.23.62 using logon type 3,0,none,Internal,LAN,,
2026-04-28 20:23:58,WIN11-SEC-022,Microsoft-Windows-Security-Auditing,Security,4634,An account was logged off,LOCAL,svc_backup,PC-OPS-014,10.10.81.201,50750,3,C:\\Windows\\System32\\svchost.exe,0x0,0x0,Logoff for LOCAL\svc_backup from workstation PC-OPS-014,0,none,Internal,LAN,,
2026-04-28 20:24:35,WIN11-SEC-022,Microsoft-Windows-Security-Auditing,Security,4688,A new process has been created,CORP,helpdesk01,PC-FIN-001,10.10.139.227,65493,7,C:\\Windows\\System32\\cmd.exe,0x0,0x0,Process created by CORP\helpdesk01: C:\\Windows\\System32\\cmd.exe,0,none,Internal,LAN,,
2026-04-28 20:24:37,WIN11-SEC-022,Microsoft-Windows-Security-Auditing,Security,4624,An account was successfully logged on,EMPRESA,helpdesk01,PC-RRHH-002,172.16.20.144,55008,10,C:\\Windows\\System32\\svchost.exe,0x0,0x0,Successful logon for EMPRESA\helpdesk01 from 172.16.20.144 using logon type 10,0,none,Internal,LAN,,
2026-04-28 20:26:19,WIN11-SEC-022,Microsoft-Windows-Security-Auditing,Security,4624,An account was successfully logged on,LOCAL,finanzas02,SRV-MON-001,192.168.1.89,62707,10,C:\\Windows\\System32\\WindowsPowerShell\\v1.0\\powershell.exe,0x0,0x0,Successful logon for LOCAL\finanzas02 from 192.168.1.89 using logon type 10,0,none,Internal,LAN,,
2026-04-28 20:27:02,WIN11-SEC-022,Microsoft-Windows-Security-Auditing,Security,4672,Special privileges assigned to new logon,EMPRESA,alopez,PC-FIN-001,192.168.1.248,51454,2,C:\\Windows\\System32\\winlogon.exe,0x0,0x0,Special privileges assigned to EMPRESA\alopez,0,none,Internal,LAN,,
2026-04-28 20:28:56,WIN10-FIN-014,Microsoft-Windows-Security-Auditing,Security,4688,A new process has been created,CORP,alopez,SRV-MON-001,172.16.20.98,51545,2,C:\\Windows\\System32\\cmd.exe,0x0,0x0,Process created by CORP\alopez: C:\\Windows\\System32\\cmd.exe,0,none,Internal,LAN,,
2026-04-28 20:29:06,WIN-SRV-FILE01,Microsoft-Windows-Security-Auditing,Security,4624,An account was successfully logged on,LOCAL,lcastro,SRV-MON-001,10.10.112.117,63347,3,C:\\Windows\\System32\\lsass.exe,0x0,0x0,Successful logon for LOCAL\lcastro from 10.10.112.117 using logon type 3,0,none,Internal,LAN,,
2026-04-28 20:30:05,WIN-SRV-DC01,Microsoft-Windows-Security-Auditing,Security,4624,An account was successfully logged on,EMPRESA,admin.ops,PC-FIN-001,10.10.10.105,64940,3,C:\\Windows\\System32\\WindowsPowerShell\\v1.0\\powershell.exe,0x0,0x0,Successful logon for EMPRESA\admin.ops from 10.10.10.105 using logon type 3,0,none,Internal,LAN,,
2026-04-28 20:32:11,WIN-SRV-FILE01,Microsoft-Windows-Security-Auditing,Security,4624,An account was successfully logged on,CORP,helpdesk01,LAP-GER-003,192.168.1.128,50425,10,C:\\Windows\\System32\\svchost.exe,0x0,0x0,Successful logon for CORP\helpdesk01 from 192.168.1.128 using logon type 10,0,none,Internal,LAN,,
2026-04-28 20:36:07,WIN11-SEC-022,Microsoft-Windows-Security-Auditing,Security,4624,An account was successfully logged on,LOCAL,lcastro,SRV-MON-001,192.168.1.213,50233,10,C:\\Windows\\System32\\lsass.exe,0x0,0x0,Successful logon for LOCAL\lcastro from 192.168.1.213 using logon type 10,0,none,Internal,LAN,,
2026-04-28 20:38:10,WIN-SRV-DC01,Microsoft-Windows-Security-Auditing,Security,4624,An account was successfully logged on,LOCAL,lcastro,PC-RRHH-002,10.10.196.146,62789,7,C:\\Program Files\\Microsoft Defender\\MsMpEng.exe,0x0,0x0,Successful logon for LOCAL\lcastro from 10.10.196.146 using logon type 7,0,none,Internal,LAN,,
2026-04-28 20:38:15,WIN10-FIN-014,Microsoft-Windows-Security-Auditing,Security,4624,An account was successfully logged on,EMPRESA,analista01,PC-RRHH-002,10.10.139.81,58776,2,C:\\Program Files\\Google\\Chrome\\Application\\chrome.exe,0x0,0x0,Successful logon for EMPRESA\analista01 from 10.10.139.81 using logon type 2,0,none,Internal,LAN,,
2026-04-28 20:40:30,WIN-SRV-DC01,Microsoft-Windows-Security-Auditing,Security,4624,An account was successfully logged on,EMPRESA,finanzas02,PC-RRHH-002,192.168.1.21,63410,10,C:\\Windows\\System32\\lsass.exe,0x0,0x0,Successful logon for EMPRESA\finanzas02 from 192.168.1.21 using logon type 10,0,none,Internal,LAN,,
2026-04-28 20:40:32,WIN11-SEC-022,Microsoft-Windows-Security-Auditing,Security,4634,An account was logged off,LOCAL,jperez,PC-FIN-001,192.168.1.48,59603,3,C:\\Program Files\\Google\\Chrome\\Application\\chrome.exe,0x0,0x0,Logoff for LOCAL\jperez from workstation PC-FIN-001,0,none,Internal,LAN,,
2026-04-28 20:41:00,WIN-SRV-APP01,Microsoft-Windows-Security-Auditing,Security,4624,An account was successfully logged on,CORP,crojas,SRV-MON-001,10.10.16.183,49550,2,C:\\Windows\\System32\\svchost.exe,0x0,0x0,Successful logon for CORP\crojas from 10.10.16.183 using logon type 2,0,none,Internal,LAN,,
2026-04-28 20:42:06,WIN-SRV-APP01,Microsoft-Windows-Security-Auditing,Security,4688,A new process has been created,CORP,svc_backup,PC-FIN-001,10.10.212.234,63873,3,C:\\Windows\\System32\\WindowsPowerShell\\v1.0\\powershell.exe,0x0,0x0,Process created by CORP\svc_backup: C:\\Windows\\System32\\WindowsPowerShell\\v1.0\\powershell.exe,0,none,Internal,LAN,,
2026-04-28 20:42:40,WIN10-FIN-014,Microsoft-Windows-Security-Auditing,Security,4624,An account was successfully logged on,EMPRESA,crojas,PC-RRHH-002,172.16.20.43,63570,3,C:\\Windows\\System32\\cmd.exe,0x0,0x0,Successful logon for EMPRESA\crojas from 172.16.20.43 using logon type 3,0,none,Internal,LAN,,
2026-04-28 20:43:28,WIN-SRV-FILE01,Microsoft-Windows-Security-Auditing,Security,4634,An account was logged off,LOCAL,crojas,PC-FIN-001,10.10.34.99,56150,2,C:\\Windows\\System32\\winlogon.exe,0x0,0x0,Logoff for LOCAL\crojas from workstation PC-FIN-001,0,none,Internal,LAN,,
2026-04-28 20:43:30,WIN-SRV-DC01,Microsoft-Windows-Security-Auditing,Security,4688,A new process has been created,EMPRESA,finanzas02,PC-RRHH-002,10.10.173.53,52599,2,C:\\Windows\\System32\\winlogon.exe,0x0,0x0,Process created by EMPRESA\finanzas02: C:\\Windows\\System32\\winlogon.exe,0,none,Internal,LAN,,
2026-04-28 20:44:04,WIN11-SEC-022,Microsoft-Windows-Security-Auditing,Security,4688,A new process has been created,EMPRESA,svc_monitor,PC-RRHH-002,192.168.1.8,64764,7,C:\\Windows\\System32\\cmd.exe,0x0,0x0,Process created by EMPRESA\svc_monitor: C:\\Windows\\System32\\cmd.exe,0,none,Internal,LAN,,
2026-04-28 20:44:40,WIN-SRV-APP01,Microsoft-Windows-Security-Auditing,Security,4634,An account was logged off,EMPRESA,jperez,PC-OPS-014,10.10.43.14,57506,2,C:\\Windows\\System32\\svchost.exe,0x0,0x0,Logoff for EMPRESA\jperez from workstation PC-OPS-014,0,none,Internal,LAN,,
2026-04-28 20:46:17,WIN-SRV-FILE01,Microsoft-Windows-Security-Auditing,Security,4634,An account was logged off,EMPRESA,jperez,PC-RRHH-002,192.168.1.93,53057,2,C:\\Windows\\System32\\cmd.exe,0x0,0x0,Logoff for EMPRESA\jperez from workstation PC-RRHH-002,0,none,Internal,LAN,,
2026-04-28 20:47:20,WIN11-SEC-022,Microsoft-Windows-Security-Auditing,Security,4624,An account was successfully logged on,EMPRESA,helpdesk01,SRV-MON-001,172.16.20.171,63500,10,C:\\Windows\\System32\\cmd.exe,0x0,0x0,Successful logon for EMPRESA\helpdesk01 from 172.16.20.171 using logon type 10,0,none,Internal,LAN,,
2026-04-28 20:47:28,WIN10-FIN-014,Microsoft-Windows-Security-Auditing,Security,4648,A logon was attempted using explicit credentials,CORP,svc_backup,PC-OPS-014,172.16.20.93,54802,3,C:\\Program Files\\Google\\Chrome\\Application\\chrome.exe,0x0,0x0,Explicit credentials used by CORP\svc_backup from PC-OPS-014,0,none,Internal,LAN,,
2026-04-28 20:47:55,WIN11-SEC-022,Microsoft-Windows-Security-Auditing,Security,4672,Special privileges assigned to new logon,LOCAL,helpdesk01,PC-OPS-014,10.10.241.189,63895,2,C:\\Windows\\System32\\lsass.exe,0x0,0x0,Special privileges assigned to LOCAL\helpdesk01,0,none,Internal,LAN,,
2026-04-28 20:48:43,WIN-SRV-FILE01,Microsoft-Windows-Security-Auditing,Security,4634,An account was logged off,EMPRESA,helpdesk01,PC-OPS-014,192.168.1.153,61165,7,C:\\Program Files\\Microsoft Defender\\MsMpEng.exe,0x0,0x0,Logoff for EMPRESA\helpdesk01 from workstation PC-OPS-014,0,none,Internal,LAN,,
2026-04-28 20:49:07,WIN10-FIN-014,Microsoft-Windows-Security-Auditing,Security,4624,An account was successfully logged on,LOCAL,admin.ops,PC-OPS-014,192.168.1.123,56212,7,C:\\Windows\\System32\\lsass.exe,0x0,0x0,Successful logon for LOCAL\admin.ops from 192.168.1.123 using logon type 7,0,none,Internal,LAN,,
2026-04-28 20:51:36,WIN-SRV-APP01,Microsoft-Windows-Security-Auditing,Security,4624,An account was successfully logged on,LOCAL,admin.ops,LAP-GER-003,192.168.1.155,49964,2,C:\\Windows\\System32\\cmd.exe,0x0,0x0,Successful logon for LOCAL\admin.ops from 192.168.1.155 using logon type 2,0,none,Internal,LAN,,
2026-04-28 20:53:27,WIN-SRV-APP01,Microsoft-Windows-Security-Auditing,Security,4634,An account was logged off,CORP,lcastro,PC-FIN-001,192.168.1.17,65400,2,C:\\Windows\\System32\\WindowsPowerShell\\v1.0\\powershell.exe,0x0,0x0,Logoff for CORP\lcastro from workstation PC-FIN-001,0,none,Internal,LAN,,
2026-04-28 20:53:36,WIN10-FIN-014,Microsoft-Windows-Security-Auditing,Security,4634,An account was logged off,LOCAL,svc_backup,PC-OPS-014,10.10.174.239,49567,3,C:\\Windows\\System32\\cmd.exe,0x0,0x0,Logoff for LOCAL\svc_backup from workstation PC-OPS-014,0,none,Internal,LAN,,
2026-04-28 20:54:09,WIN-SRV-FILE01,Microsoft-Windows-Security-Auditing,Security,4624,An account was successfully logged on,CORP,svc_monitor,PC-RRHH-002,10.10.49.129,63884,3,C:\\Windows\\System32\\svchost.exe,0x0,0x0,Successful logon for CORP\svc_monitor from 10.10.49.129 using logon type 3,0,none,Internal,LAN,,
2026-04-28 20:54:40,WIN-SRV-DC01,Microsoft-Windows-Security-Auditing,Security,4634,An account was logged off,LOCAL,svc_backup,PC-OPS-014,192.168.1.157,58656,10,C:\\Windows\\System32\\lsass.exe,0x0,0x0,Logoff for LOCAL\svc_backup from workstation PC-OPS-014,0,none,Internal,LAN,,
2026-04-28 20:54:42,WIN10-FIN-014,Microsoft-Windows-Security-Auditing,Security,4634,An account was logged off,EMPRESA,mgarcia,PC-FIN-001,172.16.20.146,50677,2,C:\\Windows\\System32\\svchost.exe,0x0,0x0,Logoff for EMPRESA\mgarcia from workstation PC-FIN-001,0,none,Internal,LAN,,
2026-04-28 20:55:16,WIN-SRV-DC01,Microsoft-Windows-Security-Auditing,Security,4624,An account was successfully logged on,EMPRESA,analista01,LAP-GER-003,172.16.20.175,62809,3,C:\\Windows\\System32\\WindowsPowerShell\\v1.0\\powershell.exe,0x0,0x0,Successful logon for EMPRESA\analista01 from 172.16.20.175 using logon type 3,0,none,Internal,LAN,,
2026-04-28 20:59:45,WIN10-FIN-014,Microsoft-Windows-Security-Auditing,Security,4624,An account was successfully logged on,CORP,crojas,SRV-MON-001,10.10.247.190,63693,7,C:\\Program Files\\Google\\Chrome\\Application\\chrome.exe,0x0,0x0,Successful logon for CORP\crojas from 10.10.247.190 using logon type 7,0,none,Internal,LAN,,
2026-04-28 20:59:46,WIN11-SEC-022,Microsoft-Windows-Security-Auditing,Security,4634,An account was logged off,EMPRESA,crojas,LAP-GER-003,172.16.20.224,58029,2,C:\\Program Files\\Google\\Chrome\\Application\\chrome.exe,0x0,0x0,Logoff for EMPRESA\crojas from workstation LAP-GER-003,0,none,Internal,LAN,,
2026-04-28 21:01:26,WIN11-SEC-022,Microsoft-Windows-Security-Auditing,Security,4634,An account was logged off,LOCAL,alopez,PC-RRHH-002,192.168.1.117,49866,7,C:\\Windows\\System32\\lsass.exe,0x0,0x0,Logoff for LOCAL\alopez from workstation PC-RRHH-002,0,none,Internal,LAN,,
2026-04-28 21:01:34,WIN-SRV-APP01,Microsoft-Windows-Security-Auditing,Security,4624,An account was successfully logged on,CORP,lcastro,PC-FIN-001,10.10.2.203,54466,7,C:\\Windows\\System32\\svchost.exe,0x0,0x0,Successful logon for CORP\lcastro from 10.10.2.203 using logon type 7,0,none,Internal,LAN,,
2026-04-28 21:02:14,WIN-SRV-FILE01,Microsoft-Windows-Security-Auditing,Security,4624,An account was successfully logged on,CORP,lcastro,PC-FIN-001,192.168.1.226,63315,3,C:\\Program Files\\Microsoft Defender\\MsMpEng.exe,0x0,0x0,Successful logon for CORP\lcastro from 192.168.1.226 using logon type 3,0,none,Internal,LAN,,
2026-04-28 21:02:52,WIN-SRV-DC01,Microsoft-Windows-Security-Auditing,Security,4634,An account was logged off,EMPRESA,dtorres,PC-RRHH-002,172.16.20.1,63816,10,C:\\Program Files\\Microsoft Defender\\MsMpEng.exe,0x0,0x0,Logoff for EMPRESA\dtorres from workstation PC-RRHH-002,0,none,Internal,LAN,,
2026-04-28 21:04:25,WIN10-FIN-014,Microsoft-Windows-Security-Auditing,Security,4624,An account was successfully logged on,CORP,alopez,PC-FIN-001,192.168.1.186,65068,2,C:\\Program Files\\Microsoft Defender\\MsMpEng.exe,0x0,0x0,Successful logon for CORP\alopez from 192.168.1.186 using logon type 2,0,none,Internal,LAN,,
2026-04-28 21:07:06,WIN10-FIN-014,Microsoft-Windows-Security-Auditing,Security,4672,Special privileges assigned to new logon,LOCAL,crojas,PC-FIN-001,172.16.20.75,49712,7,C:\\Windows\\System32\\winlogon.exe,0x0,0x0,Special privileges assigned to LOCAL\crojas,0,none,Internal,LAN,,
2026-04-28 21:07:54,WIN-SRV-FILE01,Microsoft-Windows-Security-Auditing,Security,4634,An account was logged off,LOCAL,crojas,PC-FIN-001,172.16.20.114,49570,3,C:\\Windows\\System32\\WindowsPowerShell\\v1.0\\powershell.exe,0x0,0x0,Logoff for LOCAL\crojas from workstation PC-FIN-001,0,none,Internal,LAN,,
2026-04-28 21:08:27,WIN-SRV-FILE01,Microsoft-Windows-Security-Auditing,Security,4634,An account was logged off,CORP,crojas,PC-FIN-001,192.168.1.97,63399,2,C:\\Windows\\System32\\cmd.exe,0x0,0x0,Logoff for CORP\crojas from workstation PC-FIN-001,0,none,Internal,LAN,,
2026-04-28 21:08:36,WIN-SRV-FILE01,Microsoft-Windows-Security-Auditing,Security,4624,An account was successfully logged on,EMPRESA,lcastro,PC-OPS-014,10.10.32.16,50770,3,C:\\Program Files\\Microsoft Defender\\MsMpEng.exe,0x0,0x0,Successful logon for EMPRESA\lcastro from 10.10.32.16 using logon type 3,0,none,Internal,LAN,,
2026-04-28 21:13:10,WIN11-SEC-022,Microsoft-Windows-Security-Auditing,Security,4688,A new process has been created,LOCAL,svc_backup,PC-OPS-014,172.16.20.72,59231,7,C:\\Program Files\\Google\\Chrome\\Application\\chrome.exe,0x0,0x0,Process created by LOCAL\svc_backup: C:\\Program Files\\Google\\Chrome\\Application\\chrome.exe,0,none,Internal,LAN,,
2026-04-28 21:13:16,WIN10-FIN-014,Microsoft-Windows-Security-Auditing,Security,4634,An account was logged off,LOCAL,helpdesk01,SRV-MON-001,192.168.1.91,54905,10,C:\\Program Files\\Google\\Chrome\\Application\\chrome.exe,0x0,0x0,Logoff for LOCAL\helpdesk01 from workstation SRV-MON-001,0,none,Internal,LAN,,
2026-04-28 21:13:17,WIN-SRV-DC01,Microsoft-Windows-Security-Auditing,Security,4624,An account was successfully logged on,EMPRESA,finanzas02,PC-RRHH-002,172.16.20.244,60795,3,C:\\Windows\\System32\\cmd.exe,0x0,0x0,Successful logon for EMPRESA\finanzas02 from 172.16.20.244 using logon type 3,0,none,Internal,LAN,,
2026-04-28 21:15:28,WIN-SRV-DC01,Microsoft-Windows-Security-Auditing,Security,4624,An account was successfully logged on,CORP,admin.ops,PC-FIN-001,172.16.20.121,62861,10,C:\\Windows\\System32\\lsass.exe,0x0,0x0,Successful logon for CORP\admin.ops from 172.16.20.121 using logon type 10,0,none,Internal,LAN,,
2026-04-28 21:18:56,WIN-SRV-APP01,Microsoft-Windows-Security-Auditing,Security,4624,An account was successfully logged on,LOCAL,helpdesk01,LAP-GER-003,192.168.1.74,54030,2,C:\\Windows\\System32\\winlogon.exe,0x0,0x0,Successful logon for LOCAL\helpdesk01 from 192.168.1.74 using logon type 2,0,none,Internal,LAN,,
2026-04-28 21:20:36,WIN10-FIN-014,Microsoft-Windows-Security-Auditing,Security,4624,An account was successfully logged on,EMPRESA,svc_backup,PC-FIN-001,10.10.33.237,53111,10,C:\\Windows\\System32\\svchost.exe,0x0,0x0,Successful logon for EMPRESA\svc_backup from 10.10.33.237 using logon type 10,0,none,Internal,LAN,,
2026-04-28 21:23:14,WIN10-FIN-014,Microsoft-Windows-Security-Auditing,Security,4624,An account was successfully logged on,CORP,alopez,PC-FIN-001,172.16.20.220,52771,2,C:\\Program Files\\Google\\Chrome\\Application\\chrome.exe,0x0,0x0,Successful logon for CORP\alopez from 172.16.20.220 using logon type 2,0,none,Internal,LAN,,
2026-04-28 21:23:17,WIN-SRV-DC01,Microsoft-Windows-Security-Auditing,Security,4624,An account was successfully logged on,EMPRESA,lcastro,PC-OPS-014,10.10.245.59,49791,2,C:\\Windows\\System32\\winlogon.exe,0x0,0x0,Successful logon for EMPRESA\lcastro from 10.10.245.59 using logon type 2,0,none,Internal,LAN,,
2026-04-28 21:23:20,WIN10-FIN-014,Microsoft-Windows-Security-Auditing,Security,4624,An account was successfully logged on,CORP,svc_backup,SRV-MON-001,192.168.1.241,59436,2,C:\\Program Files\\Microsoft Defender\\MsMpEng.exe,0x0,0x0,Successful logon for CORP\svc_backup from 192.168.1.241 using logon type 2,0,none,Internal,LAN,,
2026-04-28 21:23:41,WIN10-FIN-014,Microsoft-Windows-Security-Auditing,Security,4634,An account was logged off,CORP,svc_backup,LAP-GER-003,172.16.20.214,60431,2,C:\\Windows\\System32\\winlogon.exe,0x0,0x0,Logoff for CORP\svc_backup from workstation LAP-GER-003,0,none,Internal,LAN,,
