2026-04-25 18:20:29,WIN-SRV-FILE01,Microsoft-Windows-Security-Auditing,Security,4624,An account was successfully logged on,EMPRESA,crojas,PC-OPS-014,192.168.1.32,54162,10,C:\\Windows\\System32\\lsass.exe,0x0,0x0,Successful logon for EMPRESA\crojas from 192.168.1.32 using logon type 10,0,none,Internal,LAN,,
2026-04-25 18:20:51,WIN10-FIN-014,Microsoft-Windows-Security-Auditing,Security,4624,An account was successfully logged on,CORP,alopez,PC-OPS-014,192.168.1.85,62863,7,C:\\Windows\\System32\\winlogon.exe,0x0,0x0,Successful logon for CORP\alopez from 192.168.1.85 using logon type 7,0,none,Internal,LAN,,
2026-04-25 18:21:25,WIN-SRV-FILE01,Microsoft-Windows-Security-Auditing,Security,4624,An account was successfully logged on,CORP,dtorres,PC-FIN-001,172.16.20.188,50532,2,C:\\Program Files\\Microsoft Defender\\MsMpEng.exe,0x0,0x0,Successful logon for CORP\dtorres from 172.16.20.188 using logon type 2,0,none,Internal,LAN,,
2026-04-25 18:21:45,WIN-SRV-FILE01,Microsoft-Windows-Security-Auditing,Security,4624,An account was successfully logged on,CORP,lcastro,PC-OPS-014,192.168.1.221,63482,7,C:\\Program Files\\Microsoft Defender\\MsMpEng.exe,0x0,0x0,Successful logon for CORP\lcastro from 192.168.1.221 using logon type 7,0,none,Internal,LAN,,
2026-04-25 18:22:23,WIN-SRV-DC01,Microsoft-Windows-Security-Auditing,Security,4624,An account was successfully logged on,EMPRESA,analista01,LAP-GER-003,10.10.199.51,51787,3,C:\\Windows\\System32\\svchost.exe,0x0,0x0,Successful logon for EMPRESA\analista01 from 10.10.199.51 using logon type 3,0,none,Internal,LAN,,
2026-04-25 18:23:21,WIN11-SEC-022,Microsoft-Windows-Security-Auditing,Security,4624,An account was successfully logged on,EMPRESA,crojas,SRV-MON-001,172.16.20.16,51034,10,C:\\Windows\\System32\\svchost.exe,0x0,0x0,Successful logon for EMPRESA\crojas from 172.16.20.16 using logon type 10,0,none,Internal,LAN,,
2026-04-25 18:23:33,WIN-SRV-APP01,Microsoft-Windows-Security-Auditing,Security,4688,A new process has been created,EMPRESA,admin.ops,PC-OPS-014,192.168.1.51,57663,7,C:\\Program Files\\Google\\Chrome\\Application\\chrome.exe,0x0,0x0,Process created by EMPRESA\admin.ops: C:\\Program Files\\Google\\Chrome\\Application\\chrome.exe,0,none,Internal,LAN,,
2026-04-25 18:23:35,WIN10-FIN-014,Microsoft-Windows-Security-Auditing,Security,4624,An account was successfully logged on,EMPRESA,finanzas02,LAP-GER-003,172.16.20.81,59781,7,C:\\Program Files\\Google\\Chrome\\Application\\chrome.exe,0x0,0x0,Successful logon for EMPRESA\finanzas02 from 172.16.20.81 using logon type 7,0,none,Internal,LAN,,
2026-04-25 18:24:13,WIN-SRV-FILE01,Microsoft-Windows-Security-Auditing,Security,4634,An account was logged off,EMPRESA,svc_monitor,PC-RRHH-002,10.10.223.54,63391,2,C:\\Windows\\System32\\winlogon.exe,0x0,0x0,Logoff for EMPRESA\svc_monitor from workstation PC-RRHH-002,0,none,Internal,LAN,,
2026-04-25 18:24:40,WIN10-FIN-014,Microsoft-Windows-Security-Auditing,Security,4648,A logon was attempted using explicit credentials,CORP,jperez,PC-FIN-001,192.168.1.133,58722,10,C:\\Windows\\System32\\svchost.exe,0x0,0x0,Explicit credentials used by CORP\jperez from PC-FIN-001,0,none,Internal,LAN,,
2026-04-25 18:26:56,WIN-SRV-DC01,Microsoft-Windows-Security-Auditing,Security,4634,An account was logged off,CORP,svc_monitor,LAP-GER-003,172.16.20.222,50031,2,C:\\Windows\\System32\\WindowsPowerShell\\v1.0\\powershell.exe,0x0,0x0,Logoff for CORP\svc_monitor from workstation LAP-GER-003,0,none,Internal,LAN,,
2026-04-25 18:28:21,WIN10-FIN-014,Microsoft-Windows-Security-Auditing,Security,4634,An account was logged off,LOCAL,lcastro,PC-FIN-001,10.10.119.218,55498,7,C:\\Program Files\\Microsoft Defender\\MsMpEng.exe,0x0,0x0,Logoff for LOCAL\lcastro from workstation PC-FIN-001,0,none,Internal,LAN,,
2026-04-25 18:28:26,WIN11-SEC-022,Microsoft-Windows-Security-Auditing,Security,4688,A new process has been created,LOCAL,analista01,PC-OPS-014,192.168.1.3,53484,7,C:\\Windows\\System32\\winlogon.exe,0x0,0x0,Process created by LOCAL\analista01: C:\\Windows\\System32\\winlogon.exe,0,none,Internal,LAN,,
2026-04-25 18:28:30,WIN-SRV-APP01,Microsoft-Windows-Security-Auditing,Security,4634,An account was logged off,CORP,helpdesk01,PC-OPS-014,172.16.20.143,50235,2,C:\\Windows\\System32\\svchost.exe,0x0,0x0,Logoff for CORP\helpdesk01 from workstation PC-OPS-014,0,none,Internal,LAN,,
2026-04-25 18:28:30,WIN-SRV-APP01,Microsoft-Windows-Security-Auditing,Security,4634,An account was logged off,LOCAL,admin.ops,PC-FIN-001,192.168.1.45,58917,3,C:\\Program Files\\Microsoft Defender\\MsMpEng.exe,0x0,0x0,Logoff for LOCAL\admin.ops from workstation PC-FIN-001,0,none,Internal,LAN,,
2026-04-25 18:30:56,WIN-SRV-APP01,Microsoft-Windows-Security-Auditing,Security,4624,An account was successfully logged on,EMPRESA,svc_backup,SRV-MON-001,192.168.1.101,53174,3,C:\\Windows\\System32\\lsass.exe,0x0,0x0,Successful logon for EMPRESA\svc_backup from 192.168.1.101 using logon type 3,0,none,Internal,LAN,,
2026-04-25 18:31:13,WIN-SRV-APP01,Microsoft-Windows-Security-Auditing,Security,4672,Special privileges assigned to new logon,CORP,alopez,PC-OPS-014,10.10.220.17,55736,2,C:\\Windows\\System32\\cmd.exe,0x0,0x0,Special privileges assigned to CORP\alopez,0,none,Internal,LAN,,
2026-04-25 18:31:41,WIN-SRV-APP01,Microsoft-Windows-Security-Auditing,Security,4672,Special privileges assigned to new logon,LOCAL,analista01,PC-OPS-014,172.16.20.127,62229,10,C:\\Program Files\\Microsoft Defender\\MsMpEng.exe,0x0,0x0,Special privileges assigned to LOCAL\analista01,0,none,Internal,LAN,,
2026-04-25 18:34:00,WIN-SRV-FILE01,Microsoft-Windows-Security-Auditing,Security,4688,A new process has been created,EMPRESA,finanzas02,LAP-GER-003,192.168.1.241,62305,10,C:\\Program Files\\Google\\Chrome\\Application\\chrome.exe,0x0,0x0,Process created by EMPRESA\finanzas02: C:\\Program Files\\Google\\Chrome\\Application\\chrome.exe,0,none,Internal,LAN,,
2026-04-25 18:34:23,WIN10-FIN-014,Microsoft-Windows-Security-Auditing,Security,4634,An account was logged off,CORP,admin.ops,PC-FIN-001,10.10.147.247,65268,3,C:\\Windows\\System32\\winlogon.exe,0x0,0x0,Logoff for CORP\admin.ops from workstation PC-FIN-001,0,none,Internal,LAN,,
2026-04-25 18:34:27,WIN-SRV-APP01,Microsoft-Windows-Security-Auditing,Security,4624,An account was successfully logged on,LOCAL,crojas,LAP-GER-003,172.16.20.222,62375,3,C:\\Windows\\System32\\cmd.exe,0x0,0x0,Successful logon for LOCAL\crojas from 172.16.20.222 using logon type 3,0,none,Internal,LAN,,
2026-04-25 18:34:40,WIN-SRV-FILE01,Microsoft-Windows-Security-Auditing,Security,4634,An account was logged off,CORP,analista01,PC-OPS-014,172.16.20.237,56418,7,C:\\Windows\\System32\\lsass.exe,0x0,0x0,Logoff for CORP\analista01 from workstation PC-OPS-014,0,none,Internal,LAN,,
2026-04-25 18:35:52,WIN11-SEC-022,Microsoft-Windows-Security-Auditing,Security,4688,A new process has been created,EMPRESA,svc_monitor,PC-FIN-001,10.10.121.154,61423,7,C:\\Program Files\\Microsoft Defender\\MsMpEng.exe,0x0,0x0,Process created by EMPRESA\svc_monitor: C:\\Program Files\\Microsoft Defender\\MsMpEng.exe,0,none,Internal,LAN,,
2026-04-25 18:36:05,WIN10-FIN-014,Microsoft-Windows-Security-Auditing,Security,4634,An account was logged off,LOCAL,svc_backup,PC-RRHH-002,10.10.174.237,58300,10,C:\\Program Files\\Microsoft Defender\\MsMpEng.exe,0x0,0x0,Logoff for LOCAL\svc_backup from workstation PC-RRHH-002,0,none,Internal,LAN,,
2026-04-25 18:36:59,WIN-SRV-FILE01,Microsoft-Windows-Security-Auditing,Security,4688,A new process has been created,CORP,alopez,LAP-GER-003,172.16.20.17,49606,10,C:\\Program Files\\Google\\Chrome\\Application\\chrome.exe,0x0,0x0,Process created by CORP\alopez: C:\\Program Files\\Google\\Chrome\\Application\\chrome.exe,0,none,Internal,LAN,,
2026-04-25 18:40:23,WIN-SRV-DC01,Microsoft-Windows-Security-Auditing,Security,4624,An account was successfully logged on,LOCAL,lcastro,PC-FIN-001,172.16.20.174,55116,10,C:\\Windows\\System32\\WindowsPowerShell\\v1.0\\powershell.exe,0x0,0x0,Successful logon for LOCAL\lcastro from 172.16.20.174 using logon type 10,0,none,Internal,LAN,,
2026-04-25 18:41:27,WIN-SRV-FILE01,Microsoft-Windows-Security-Auditing,Security,4634,An account was logged off,EMPRESA,dtorres,PC-RRHH-002,172.16.20.122,60856,7,C:\\Program Files\\Microsoft Defender\\MsMpEng.exe,0x0,0x0,Logoff for EMPRESA\dtorres from workstation PC-RRHH-002,0,none,Internal,LAN,,
2026-04-25 18:42:55,WIN10-FIN-014,Microsoft-Windows-Security-Auditing,Security,4648,A logon was attempted using explicit credentials,EMPRESA,lcastro,PC-RRHH-002,10.10.179.67,53403,10,C:\\Windows\\System32\\cmd.exe,0x0,0x0,Explicit credentials used by EMPRESA\lcastro from PC-RRHH-002,0,none,Internal,LAN,,
2026-04-25 18:43:38,WIN-SRV-FILE01,Microsoft-Windows-Security-Auditing,Security,4688,A new process has been created,CORP,dtorres,PC-FIN-001,10.10.191.96,62629,3,C:\\Program Files\\Microsoft Defender\\MsMpEng.exe,0x0,0x0,Process created by CORP\dtorres: C:\\Program Files\\Microsoft Defender\\MsMpEng.exe,0,none,Internal,LAN,,
2026-04-25 18:45:46,WIN-SRV-FILE01,Microsoft-Windows-Security-Auditing,Security,4624,An account was successfully logged on,LOCAL,svc_monitor,PC-OPS-014,10.10.210.4,61260,10,C:\\Windows\\System32\\cmd.exe,0x0,0x0,Successful logon for LOCAL\svc_monitor from 10.10.210.4 using logon type 10,0,none,Internal,LAN,,
2026-04-25 18:48:43,WIN-SRV-FILE01,Microsoft-Windows-Security-Auditing,Security,4624,An account was successfully logged on,EMPRESA,dtorres,PC-OPS-014,172.16.20.191,57256,3,C:\\Program Files\\Google\\Chrome\\Application\\chrome.exe,0x0,0x0,Successful logon for EMPRESA\dtorres from 172.16.20.191 using logon type 3,0,none,Internal,LAN,,
2026-04-25 18:50:46,WIN-SRV-APP01,Microsoft-Windows-Security-Auditing,Security,4634,An account was logged off,CORP,alopez,LAP-GER-003,192.168.1.217,56576,3,C:\\Program Files\\Microsoft Defender\\MsMpEng.exe,0x0,0x0,Logoff for CORP\alopez from workstation LAP-GER-003,0,none,Internal,LAN,,
2026-04-25 18:51:00,WIN10-FIN-014,Microsoft-Windows-Security-Auditing,Security,4688,A new process has been created,LOCAL,dtorres,SRV-MON-001,192.168.1.62,60026,7,C:\\Windows\\System32\\svchost.exe,0x0,0x0,Process created by LOCAL\dtorres: C:\\Windows\\System32\\svchost.exe,0,none,Internal,LAN,,
2026-04-25 18:51:01,WIN10-FIN-014,Microsoft-Windows-Security-Auditing,Security,4624,An account was successfully logged on,CORP,jperez,LAP-GER-003,192.168.1.48,50660,3,C:\\Windows\\System32\\lsass.exe,0x0,0x0,Successful logon for CORP\jperez from 192.168.1.48 using logon type 3,0,none,Internal,LAN,,
2026-04-25 18:57:22,WIN-SRV-FILE01,Microsoft-Windows-Security-Auditing,Security,4624,An account was successfully logged on,LOCAL,jperez,PC-OPS-014,172.16.20.76,49432,10,C:\\Windows\\System32\\cmd.exe,0x0,0x0,Successful logon for LOCAL\jperez from 172.16.20.76 using logon type 10,0,none,Internal,LAN,,
2026-04-25 18:59:57,WIN-SRV-DC01,Microsoft-Windows-Security-Auditing,Security,4624,An account was successfully logged on,LOCAL,jperez,LAP-GER-003,172.16.20.31,54318,7,C:\\Program Files\\Microsoft Defender\\MsMpEng.exe,0x0,0x0,Successful logon for LOCAL\jperez from 172.16.20.31 using logon type 7,0,none,Internal,LAN,,
2026-04-25 19:00:36,WIN-SRV-DC01,Microsoft-Windows-Security-Auditing,Security,4634,An account was logged off,LOCAL,helpdesk01,PC-FIN-001,172.16.20.16,50150,7,C:\\Windows\\System32\\lsass.exe,0x0,0x0,Logoff for LOCAL\helpdesk01 from workstation PC-FIN-001,0,none,Internal,LAN,,
2026-04-25 19:01:00,WIN-SRV-DC01,Microsoft-Windows-Security-Auditing,Security,4648,A logon was attempted using explicit credentials,LOCAL,admin.ops,PC-RRHH-002,192.168.1.165,60149,7,C:\\Windows\\System32\\cmd.exe,0x0,0x0,Explicit credentials used by LOCAL\admin.ops from PC-RRHH-002,0,none,Internal,LAN,,
2026-04-25 19:01:18,WIN10-FIN-014,Microsoft-Windows-Security-Auditing,Security,4688,A new process has been created,CORP,helpdesk01,PC-OPS-014,10.10.56.81,56688,7,C:\\Windows\\System32\\WindowsPowerShell\\v1.0\\powershell.exe,0x0,0x0,Process created by CORP\helpdesk01: C:\\Windows\\System32\\WindowsPowerShell\\v1.0\\powershell.exe,0,none,Internal,LAN,,
2026-04-25 19:02:11,WIN10-FIN-014,Microsoft-Windows-Security-Auditing,Security,4624,An account was successfully logged on,LOCAL,finanzas02,LAP-GER-003,192.168.1.22,55282,3,C:\\Windows\\System32\\lsass.exe,0x0,0x0,Successful logon for LOCAL\finanzas02 from 192.168.1.22 using logon type 3,0,none,Internal,LAN,,
2026-04-25 19:02:15,WIN-SRV-APP01,Microsoft-Windows-Security-Auditing,Security,4634,An account was logged off,CORP,crojas,PC-RRHH-002,172.16.20.155,54281,10,C:\\Windows\\System32\\winlogon.exe,0x0,0x0,Logoff for CORP\crojas from workstation PC-RRHH-002,0,none,Internal,LAN,,
2026-04-25 19:02:21,WIN10-FIN-014,Microsoft-Windows-Security-Auditing,Security,4688,A new process has been created,EMPRESA,helpdesk01,SRV-MON-001,192.168.1.243,49591,7,C:\\Windows\\System32\\svchost.exe,0x0,0x0,Process created by EMPRESA\helpdesk01: C:\\Windows\\System32\\svchost.exe,0,none,Internal,LAN,,
2026-04-25 19:03:25,WIN-SRV-DC01,Microsoft-Windows-Security-Auditing,Security,4634,An account was logged off,LOCAL,svc_backup,SRV-MON-001,10.10.145.77,49535,7,C:\\Windows\\System32\\lsass.exe,0x0,0x0,Logoff for LOCAL\svc_backup from workstation SRV-MON-001,0,none,Internal,LAN,,
2026-04-25 19:04:24,WIN11-SEC-022,Microsoft-Windows-Security-Auditing,Security,4648,A logon was attempted using explicit credentials,EMPRESA,helpdesk01,PC-FIN-001,172.16.20.116,57075,2,C:\\Windows\\System32\\WindowsPowerShell\\v1.0\\powershell.exe,0x0,0x0,Explicit credentials used by EMPRESA\helpdesk01 from PC-FIN-001,0,none,Internal,LAN,,
2026-04-25 19:06:42,WIN-SRV-APP01,Microsoft-Windows-Security-Auditing,Security,4624,An account was successfully logged on,LOCAL,analista01,PC-RRHH-002,192.168.1.179,54330,10,C:\\Windows\\System32\\svchost.exe,0x0,0x0,Successful logon for LOCAL\analista01 from 192.168.1.179 using logon type 10,0,none,Internal,LAN,,
2026-04-25 19:09:34,WIN-SRV-DC01,Microsoft-Windows-Security-Auditing,Security,4634,An account was logged off,LOCAL,jperez,PC-OPS-014,192.168.1.50,56928,7,C:\\Windows\\System32\\WindowsPowerShell\\v1.0\\powershell.exe,0x0,0x0,Logoff for LOCAL\jperez from workstation PC-OPS-014,0,none,Internal,LAN,,
2026-04-25 19:09:34,WIN-SRV-APP01,Microsoft-Windows-Security-Auditing,Security,4688,A new process has been created,CORP,helpdesk01,LAP-GER-003,172.16.20.193,50460,7,C:\\Program Files\\Microsoft Defender\\MsMpEng.exe,0x0,0x0,Process created by CORP\helpdesk01: C:\\Program Files\\Microsoft Defender\\MsMpEng.exe,0,none,Internal,LAN,,
2026-04-25 19:10:25,WIN-SRV-APP01,Microsoft-Windows-Security-Auditing,Security,4688,A new process has been created,CORP,helpdesk01,LAP-GER-003,172.16.20.76,61194,3,C:\\Program Files\\Microsoft Defender\\MsMpEng.exe,0x0,0x0,Process created by CORP\helpdesk01: C:\\Program Files\\Microsoft Defender\\MsMpEng.exe,0,none,Internal,LAN,,
2026-04-25 19:10:35,WIN10-FIN-014,Microsoft-Windows-Security-Auditing,Security,4634,An account was logged off,LOCAL,analista01,PC-RRHH-002,192.168.1.176,62924,10,C:\\Windows\\System32\\svchost.exe,0x0,0x0,Logoff for LOCAL\analista01 from workstation PC-RRHH-002,0,none,Internal,LAN,,
2026-04-25 19:13:56,WIN10-FIN-014,Microsoft-Windows-Security-Auditing,Security,4624,An account was successfully logged on,LOCAL,helpdesk01,SRV-MON-001,10.10.116.202,62526,10,C:\\Windows\\System32\\winlogon.exe,0x0,0x0,Successful logon for LOCAL\helpdesk01 from 10.10.116.202 using logon type 10,0,none,Internal,LAN,,
2026-04-25 19:15:12,WIN-SRV-DC01,Microsoft-Windows-Security-Auditing,Security,4624,An account was successfully logged on,EMPRESA,jperez,PC-RRHH-002,192.168.1.211,52372,3,C:\\Windows\\System32\\winlogon.exe,0x0,0x0,Successful logon for EMPRESA\jperez from 192.168.1.211 using logon type 3,0,none,Internal,LAN,,
2026-04-25 19:15:36,WIN-SRV-FILE01,Microsoft-Windows-Security-Auditing,Security,4624,An account was successfully logged on,CORP,finanzas02,LAP-GER-003,10.10.86.94,54636,3,C:\\Windows\\System32\\cmd.exe,0x0,0x0,Successful logon for CORP\finanzas02 from 10.10.86.94 using logon type 3,0,none,Internal,LAN,,
2026-04-25 19:15:41,WIN10-FIN-014,Microsoft-Windows-Security-Auditing,Security,4634,An account was logged off,CORP,svc_monitor,PC-FIN-001,192.168.1.95,60009,7,C:\\Windows\\System32\\WindowsPowerShell\\v1.0\\powershell.exe,0x0,0x0,Logoff for CORP\svc_monitor from workstation PC-FIN-001,0,none,Internal,LAN,,
2026-04-25 19:15:45,WIN10-FIN-014,Microsoft-Windows-Security-Auditing,Security,4672,Special privileges assigned to new logon,EMPRESA,admin.ops,SRV-MON-001,10.10.225.0,49892,7,C:\\Windows\\System32\\svchost.exe,0x0,0x0,Special privileges assigned to EMPRESA\admin.ops,0,none,Internal,LAN,,
2026-04-25 19:16:02,WIN-SRV-DC01,Microsoft-Windows-Security-Auditing,Security,4624,An account was successfully logged on,LOCAL,jperez,PC-OPS-014,10.10.157.168,52027,7,C:\\Windows\\System32\\WindowsPowerShell\\v1.0\\powershell.exe,0x0,0x0,Successful logon for LOCAL\jperez from 10.10.157.168 using logon type 7,0,none,Internal,LAN,,
2026-04-25 19:16:05,WIN-SRV-FILE01,Microsoft-Windows-Security-Auditing,Security,4624,An account was successfully logged on,CORP,svc_backup,PC-FIN-001,10.10.91.158,53559,10,C:\\Windows\\System32\\lsass.exe,0x0,0x0,Successful logon for CORP\svc_backup from 10.10.91.158 using logon type 10,0,none,Internal,LAN,,
2026-04-25 19:17:26,WIN-SRV-APP01,Microsoft-Windows-Security-Auditing,Security,4634,An account was logged off,EMPRESA,svc_monitor,PC-OPS-014,10.10.15.138,64052,7,C:\\Windows\\System32\\lsass.exe,0x0,0x0,Logoff for EMPRESA\svc_monitor from workstation PC-OPS-014,0,none,Internal,LAN,,
2026-04-25 19:17:28,WIN-SRV-FILE01,Microsoft-Windows-Security-Auditing,Security,4624,An account was successfully logged on,LOCAL,helpdesk01,SRV-MON-001,172.16.20.240,58034,7,C:\\Windows\\System32\\WindowsPowerShell\\v1.0\\powershell.exe,0x0,0x0,Successful logon for LOCAL\helpdesk01 from 172.16.20.240 using logon type 7,0,none,Internal,LAN,,
2026-04-25 19:18:21,WIN-SRV-DC01,Microsoft-Windows-Security-Auditing,Security,4634,An account was logged off,CORP,crojas,SRV-MON-001,172.16.20.171,62241,10,C:\\Windows\\System32\\svchost.exe,0x0,0x0,Logoff for CORP\crojas from workstation SRV-MON-001,0,none,Internal,LAN,,
2026-04-25 19:18:49,WIN-SRV-APP01,Microsoft-Windows-Security-Auditing,Security,4688,A new process has been created,EMPRESA,mgarcia,LAP-GER-003,192.168.1.24,59844,2,C:\\Windows\\System32\\svchost.exe,0x0,0x0,Process created by EMPRESA\mgarcia: C:\\Windows\\System32\\svchost.exe,0,none,Internal,LAN,,
2026-04-25 19:23:12,WIN-SRV-FILE01,Microsoft-Windows-Security-Auditing,Security,4624,An account was successfully logged on,EMPRESA,svc_backup,PC-FIN-001,10.10.134.171,54288,10,C:\\Program Files\\Microsoft Defender\\MsMpEng.exe,0x0,0x0,Successful logon for EMPRESA\svc_backup from 10.10.134.171 using logon type 10,0,none,Internal,LAN,,
2026-04-25 19:23:26,WIN-SRV-APP01,Microsoft-Windows-Security-Auditing,Security,4634,An account was logged off,LOCAL,dtorres,PC-FIN-001,192.168.1.225,52730,10,C:\\Windows\\System32\\lsass.exe,0x0,0x0,Logoff for LOCAL\dtorres from workstation PC-FIN-001,0,none,Internal,LAN,,
2026-04-25 19:23:41,WIN-SRV-DC01,Microsoft-Windows-Security-Auditing,Security,4624,An account was successfully logged on,LOCAL,dtorres,PC-RRHH-002,172.16.20.64,53630,2,C:\\Program Files\\Microsoft Defender\\MsMpEng.exe,0x0,0x0,Successful logon for LOCAL\dtorres from 172.16.20.64 using logon type 2,0,none,Internal,LAN,,
2026-04-25 19:24:06,WIN-SRV-FILE01,Microsoft-Windows-Security-Auditing,Security,4634,An account was logged off,CORP,svc_backup,PC-RRHH-002,10.10.50.137,56593,3,C:\\Windows\\System32\\lsass.exe,0x0,0x0,Logoff for CORP\svc_backup from workstation PC-RRHH-002,0,none,Internal,LAN,,
2026-04-25 19:24:08,WIN-SRV-APP01,Microsoft-Windows-Security-Auditing,Security,4688,A new process has been created,LOCAL,finanzas02,SRV-MON-001,10.10.160.28,57244,3,C:\\Windows\\System32\\WindowsPowerShell\\v1.0\\powershell.exe,0x0,0x0,Process created by LOCAL\finanzas02: C:\\Windows\\System32\\WindowsPowerShell\\v1.0\\powershell.exe,0,none,Internal,LAN,,
2026-04-25 19:24:54,WIN10-FIN-014,Microsoft-Windows-Security-Auditing,Security,4624,An account was successfully logged on,LOCAL,admin.ops,PC-RRHH-002,10.10.251.107,51025,7,C:\\Windows\\System32\\WindowsPowerShell\\v1.0\\powershell.exe,0x0,0x0,Successful logon for LOCAL\admin.ops from 10.10.251.107 using logon type 7,0,none,Internal,LAN,,
2026-04-25 19:25:20,WIN-SRV-APP01,Microsoft-Windows-Security-Auditing,Security,4624,An account was successfully logged on,LOCAL,analista01,PC-RRHH-002,10.10.91.21,61627,7,C:\\Windows\\System32\\svchost.exe,0x0,0x0,Successful logon for LOCAL\analista01 from 10.10.91.21 using logon type 7,0,none,Internal,LAN,,
2026-04-25 19:26:35,WIN-SRV-APP01,Microsoft-Windows-Security-Auditing,Security,4624,An account was successfully logged on,EMPRESA,helpdesk01,SRV-MON-001,10.10.165.132,55514,7,C:\\Windows\\System32\\winlogon.exe,0x0,0x0,Successful logon for EMPRESA\helpdesk01 from 10.10.165.132 using logon type 7,0,none,Internal,LAN,,
2026-04-25 19:27:48,WIN-SRV-APP01,Microsoft-Windows-Security-Auditing,Security,4624,An account was successfully logged on,EMPRESA,admin.ops,PC-OPS-014,172.16.20.152,51035,3,C:\\Windows\\System32\\lsass.exe,0x0,0x0,Successful logon for EMPRESA\admin.ops from 172.16.20.152 using logon type 3,0,none,Internal,LAN,,
2026-04-25 19:29:23,WIN11-SEC-022,Microsoft-Windows-Security-Auditing,Security,4672,Special privileges assigned to new logon,CORP,crojas,PC-FIN-001,10.10.108.253,61481,7,C:\\Windows\\System32\\winlogon.exe,0x0,0x0,Special privileges assigned to CORP\crojas,0,none,Internal,LAN,,
2026-04-25 19:29:58,WIN11-SEC-022,Microsoft-Windows-Security-Auditing,Security,4634,An account was logged off,CORP,lcastro,PC-FIN-001,192.168.1.69,51589,3,C:\\Program Files\\Microsoft Defender\\MsMpEng.exe,0x0,0x0,Logoff for CORP\lcastro from workstation PC-FIN-001,0,none,Internal,LAN,,
2026-04-25 19:30:17,WIN10-FIN-014,Microsoft-Windows-Security-Auditing,Security,4624,An account was successfully logged on,CORP,svc_backup,LAP-GER-003,192.168.1.184,52482,3,C:\\Windows\\System32\\svchost.exe,0x0,0x0,Successful logon for CORP\svc_backup from 192.168.1.184 using logon type 3,0,none,Internal,LAN,,
2026-04-25 19:30:36,WIN-SRV-APP01,Microsoft-Windows-Security-Auditing,Security,4624,An account was successfully logged on,EMPRESA,crojas,SRV-MON-001,172.16.20.29,54185,3,C:\\Program Files\\Microsoft Defender\\MsMpEng.exe,0x0,0x0,Successful logon for EMPRESA\crojas from 172.16.20.29 using logon type 3,0,none,Internal,LAN,,
2026-04-25 19:30:43,WIN-SRV-APP01,Microsoft-Windows-Security-Auditing,Security,4624,An account was successfully logged on,LOCAL,admin.ops,SRV-MON-001,192.168.1.103,52135,7,C:\\Program Files\\Microsoft Defender\\MsMpEng.exe,0x0,0x0,Successful logon for LOCAL\admin.ops from 192.168.1.103 using logon type 7,0,none,Internal,LAN,,
2026-04-25 19:31:22,WIN10-FIN-014,Microsoft-Windows-Security-Auditing,Security,4624,An account was successfully logged on,EMPRESA,admin.ops,LAP-GER-003,192.168.1.68,57841,3,C:\\Windows\\System32\\cmd.exe,0x0,0x0,Successful logon for EMPRESA\admin.ops from 192.168.1.68 using logon type 3,0,none,Internal,LAN,,
2026-04-25 19:31:41,WIN-SRV-DC01,Microsoft-Windows-Security-Auditing,Security,4624,An account was successfully logged on,EMPRESA,alopez,LAP-GER-003,172.16.20.9,55366,7,C:\\Windows\\System32\\cmd.exe,0x0,0x0,Successful logon for EMPRESA\alopez from 172.16.20.9 using logon type 7,0,none,Internal,LAN,,
2026-04-25 19:34:04,WIN-SRV-DC01,Microsoft-Windows-Security-Auditing,Security,4624,An account was successfully logged on,CORP,lcastro,LAP-GER-003,172.16.20.250,58134,3,C:\\Program Files\\Google\\Chrome\\Application\\chrome.exe,0x0,0x0,Successful logon for CORP\lcastro from 172.16.20.250 using logon type 3,0,none,Internal,LAN,,
2026-04-25 19:34:43,WIN-SRV-FILE01,Microsoft-Windows-Security-Auditing,Security,4634,An account was logged off,LOCAL,admin.ops,PC-OPS-014,172.16.20.105,64763,7,C:\\Windows\\System32\\svchost.exe,0x0,0x0,Logoff for LOCAL\admin.ops from workstation PC-OPS-014,0,none,Internal,LAN,,
2026-04-25 19:35:44,WIN10-FIN-014,Microsoft-Windows-Security-Auditing,Security,4624,An account was successfully logged on,LOCAL,alopez,PC-RRHH-002,172.16.20.144,59407,3,C:\\Windows\\System32\\winlogon.exe,0x0,0x0,Successful logon for LOCAL\alopez from 172.16.20.144 using logon type 3,0,none,Internal,LAN,,
2026-04-25 19:38:03,WIN10-FIN-014,Microsoft-Windows-Security-Auditing,Security,4624,An account was successfully logged on,LOCAL,lcastro,PC-OPS-014,10.10.243.35,49404,2,C:\\Program Files\\Google\\Chrome\\Application\\chrome.exe,0x0,0x0,Successful logon for LOCAL\lcastro from 10.10.243.35 using logon type 2,0,none,Internal,LAN,,
2026-04-25 19:39:22,WIN-SRV-APP01,Microsoft-Windows-Security-Auditing,Security,4634,An account was logged off,EMPRESA,helpdesk01,SRV-MON-001,172.16.20.103,62446,7,C:\\Program Files\\Google\\Chrome\\Application\\chrome.exe,0x0,0x0,Logoff for EMPRESA\helpdesk01 from workstation SRV-MON-001,0,none,Internal,LAN,,
2026-04-25 19:39:34,WIN-SRV-APP01,Microsoft-Windows-Security-Auditing,Security,4624,An account was successfully logged on,CORP,svc_monitor,LAP-GER-003,172.16.20.175,59444,10,C:\\Windows\\System32\\lsass.exe,0x0,0x0,Successful logon for CORP\svc_monitor from 172.16.20.175 using logon type 10,0,none,Internal,LAN,,
2026-04-25 19:41:44,WIN-SRV-FILE01,Microsoft-Windows-Security-Auditing,Security,4624,An account was successfully logged on,EMPRESA,analista01,SRV-MON-001,192.168.1.77,64842,2,C:\\Program Files\\Google\\Chrome\\Application\\chrome.exe,0x0,0x0,Successful logon for EMPRESA\analista01 from 192.168.1.77 using logon type 2,0,none,Internal,LAN,,
2026-04-25 19:42:43,WIN-SRV-APP01,Microsoft-Windows-Security-Auditing,Security,4634,An account was logged off,EMPRESA,alopez,PC-RRHH-002,172.16.20.241,49832,7,C:\\Windows\\System32\\lsass.exe,0x0,0x0,Logoff for EMPRESA\alopez from workstation PC-RRHH-002,0,none,Internal,LAN,,
2026-04-25 19:43:37,WIN10-FIN-014,Microsoft-Windows-Security-Auditing,Security,4672,Special privileges assigned to new logon,EMPRESA,jperez,PC-OPS-014,192.168.1.230,64387,7,C:\\Windows\\System32\\lsass.exe,0x0,0x0,Special privileges assigned to EMPRESA\jperez,0,none,Internal,LAN,,
2026-04-25 19:44:08,WIN-SRV-FILE01,Microsoft-Windows-Security-Auditing,Security,4624,An account was successfully logged on,EMPRESA,jperez,SRV-MON-001,172.16.20.145,53462,3,C:\\Program Files\\Google\\Chrome\\Application\\chrome.exe,0x0,0x0,Successful logon for EMPRESA\jperez from 172.16.20.145 using logon type 3,0,none,Internal,LAN,,
2026-04-25 19:45:33,WIN-SRV-FILE01,Microsoft-Windows-Security-Auditing,Security,4634,An account was logged off,EMPRESA,helpdesk01,SRV-MON-001,172.16.20.210,52454,3,C:\\Windows\\System32\\winlogon.exe,0x0,0x0,Logoff for EMPRESA\helpdesk01 from workstation SRV-MON-001,0,none,Internal,LAN,,
2026-04-25 19:46:28,WIN-SRV-FILE01,Microsoft-Windows-Security-Auditing,Security,4688,A new process has been created,EMPRESA,svc_monitor,LAP-GER-003,172.16.20.121,58213,2,C:\\Program Files\\Google\\Chrome\\Application\\chrome.exe,0x0,0x0,Process created by EMPRESA\svc_monitor: C:\\Program Files\\Google\\Chrome\\Application\\chrome.exe,0,none,Internal,LAN,,
2026-04-25 19:47:21,WIN10-FIN-014,Microsoft-Windows-Security-Auditing,Security,4688,A new process has been created,CORP,mgarcia,LAP-GER-003,172.16.20.126,63640,2,C:\\Windows\\System32\\svchost.exe,0x0,0x0,Process created by CORP\mgarcia: C:\\Windows\\System32\\svchost.exe,0,none,Internal,LAN,,
2026-04-25 19:47:29,WIN-SRV-APP01,Microsoft-Windows-Security-Auditing,Security,4672,Special privileges assigned to new logon,CORP,analista01,LAP-GER-003,192.168.1.154,63966,2,C:\\Windows\\System32\\winlogon.exe,0x0,0x0,Special privileges assigned to CORP\analista01,0,none,Internal,LAN,,
2026-04-25 19:47:57,WIN-SRV-DC01,Microsoft-Windows-Security-Auditing,Security,4634,An account was logged off,LOCAL,crojas,PC-RRHH-002,10.10.154.215,54657,7,C:\\Windows\\System32\\WindowsPowerShell\\v1.0\\powershell.exe,0x0,0x0,Logoff for LOCAL\crojas from workstation PC-RRHH-002,0,none,Internal,LAN,,
2026-04-25 19:48:33,WIN11-SEC-022,Microsoft-Windows-Security-Auditing,Security,4634,An account was logged off,CORP,alopez,LAP-GER-003,10.10.66.62,50140,10,C:\\Windows\\System32\\cmd.exe,0x0,0x0,Logoff for CORP\alopez from workstation LAP-GER-003,0,none,Internal,LAN,,
2026-04-25 19:52:06,WIN10-FIN-014,Microsoft-Windows-Security-Auditing,Security,4624,An account was successfully logged on,EMPRESA,lcastro,PC-RRHH-002,10.10.132.104,63564,3,C:\\Program Files\\Google\\Chrome\\Application\\chrome.exe,0x0,0x0,Successful logon for EMPRESA\lcastro from 10.10.132.104 using logon type 3,0,none,Internal,LAN,,
2026-04-25 19:52:15,WIN10-FIN-014,Microsoft-Windows-Security-Auditing,Security,4688,A new process has been created,EMPRESA,svc_monitor,LAP-GER-003,192.168.1.103,61814,2,C:\\Windows\\System32\\winlogon.exe,0x0,0x0,Process created by EMPRESA\svc_monitor: C:\\Windows\\System32\\winlogon.exe,0,none,Internal,LAN,,
2026-04-25 19:54:12,WIN10-FIN-014,Microsoft-Windows-Security-Auditing,Security,4624,An account was successfully logged on,CORP,svc_monitor,PC-RRHH-002,192.168.1.221,53412,10,C:\\Program Files\\Microsoft Defender\\MsMpEng.exe,0x0,0x0,Successful logon for CORP\svc_monitor from 192.168.1.221 using logon type 10,0,none,Internal,LAN,,
2026-04-25 19:54:37,WIN-SRV-FILE01,Microsoft-Windows-Security-Auditing,Security,4624,An account was successfully logged on,CORP,finanzas02,PC-RRHH-002,10.10.206.254,65351,7,C:\\Windows\\System32\\winlogon.exe,0x0,0x0,Successful logon for CORP\finanzas02 from 10.10.206.254 using logon type 7,0,none,Internal,LAN,,
2026-04-25 19:54:42,WIN-SRV-DC01,Microsoft-Windows-Security-Auditing,Security,4634,An account was logged off,CORP,helpdesk01,PC-RRHH-002,172.16.20.14,57364,7,C:\\Windows\\System32\\winlogon.exe,0x0,0x0,Logoff for CORP\helpdesk01 from workstation PC-RRHH-002,0,none,Internal,LAN,,
2026-04-25 19:55:27,WIN-SRV-APP01,Microsoft-Windows-Security-Auditing,Security,4634,An account was logged off,LOCAL,analista01,LAP-GER-003,10.10.115.187,62877,2,C:\\Windows\\System32\\lsass.exe,0x0,0x0,Logoff for LOCAL\analista01 from workstation LAP-GER-003,0,none,Internal,LAN,,
2026-04-25 19:57:56,WIN11-SEC-022,Microsoft-Windows-Security-Auditing,Security,4624,An account was successfully logged on,EMPRESA,helpdesk01,PC-RRHH-002,10.10.27.61,50881,7,C:\\Windows\\System32\\cmd.exe,0x0,0x0,Successful logon for EMPRESA\helpdesk01 from 10.10.27.61 using logon type 7,0,none,Internal,LAN,,
2026-04-25 19:57:57,WIN11-SEC-022,Microsoft-Windows-Security-Auditing,Security,4634,An account was logged off,LOCAL,analista01,PC-OPS-014,10.10.173.190,52080,10,C:\\Windows\\System32\\svchost.exe,0x0,0x0,Logoff for LOCAL\analista01 from workstation PC-OPS-014,0,none,Internal,LAN,,
2026-04-25 19:58:34,WIN-SRV-DC01,Microsoft-Windows-Security-Auditing,Security,4624,An account was successfully logged on,CORP,alopez,LAP-GER-003,192.168.1.21,58456,3,C:\\Windows\\System32\\winlogon.exe,0x0,0x0,Successful logon for CORP\alopez from 192.168.1.21 using logon type 3,0,none,Internal,LAN,,
2026-04-25 19:58:56,WIN-SRV-DC01,Microsoft-Windows-Security-Auditing,Security,4624,An account was successfully logged on,EMPRESA,jperez,PC-RRHH-002,172.16.20.90,61285,7,C:\\Windows\\System32\\svchost.exe,0x0,0x0,Successful logon for EMPRESA\jperez from 172.16.20.90 using logon type 7,0,none,Internal,LAN,,
2026-04-25 20:02:28,WIN10-FIN-014,Microsoft-Windows-Security-Auditing,Security,4672,Special privileges assigned to new logon,EMPRESA,jperez,LAP-GER-003,172.16.20.86,59074,3,C:\\Windows\\System32\\lsass.exe,0x0,0x0,Special privileges assigned to EMPRESA\jperez,0,none,Internal,LAN,,
2026-04-25 20:02:55,WIN-SRV-APP01,Microsoft-Windows-Security-Auditing,Security,4634,An account was logged off,CORP,admin.ops,LAP-GER-003,172.16.20.21,49795,2,C:\\Windows\\System32\\lsass.exe,0x0,0x0,Logoff for CORP\admin.ops from workstation LAP-GER-003,0,none,Internal,LAN,,
2026-04-25 20:03:03,WIN-SRV-DC01,Microsoft-Windows-Security-Auditing,Security,4624,An account was successfully logged on,CORP,mgarcia,LAP-GER-003,10.10.163.236,60827,7,C:\\Windows\\System32\\lsass.exe,0x0,0x0,Successful logon for CORP\mgarcia from 10.10.163.236 using logon type 7,0,none,Internal,LAN,,
2026-04-25 20:03:51,WIN10-FIN-014,Microsoft-Windows-Security-Auditing,Security,4624,An account was successfully logged on,CORP,svc_monitor,PC-OPS-014,192.168.1.201,53254,10,C:\\Windows\\System32\\WindowsPowerShell\\v1.0\\powershell.exe,0x0,0x0,Successful logon for CORP\svc_monitor from 192.168.1.201 using logon type 10,0,none,Internal,LAN,,
2026-04-25 20:03:52,WIN10-FIN-014,Microsoft-Windows-Security-Auditing,Security,4624,An account was successfully logged on,CORP,jperez,PC-FIN-001,10.10.215.141,63532,3,C:\\Windows\\System32\\winlogon.exe,0x0,0x0,Successful logon for CORP\jperez from 10.10.215.141 using logon type 3,0,none,Internal,LAN,,
2026-04-25 20:06:46,WIN-SRV-APP01,Microsoft-Windows-Security-Auditing,Security,4634,An account was logged off,EMPRESA,alopez,LAP-GER-003,10.10.95.246,61064,3,C:\\Windows\\System32\\WindowsPowerShell\\v1.0\\powershell.exe,0x0,0x0,Logoff for EMPRESA\alopez from workstation LAP-GER-003,0,none,Internal,LAN,,
2026-04-25 20:07:17,WIN-SRV-DC01,Microsoft-Windows-Security-Auditing,Security,4624,An account was successfully logged on,CORP,finanzas02,LAP-GER-003,192.168.1.107,65086,10,C:\\Program Files\\Google\\Chrome\\Application\\chrome.exe,0x0,0x0,Successful logon for CORP\finanzas02 from 192.168.1.107 using logon type 10,0,none,Internal,LAN,,
2026-04-25 20:07:44,WIN-SRV-DC01,Microsoft-Windows-Security-Auditing,Security,4634,An account was logged off,LOCAL,admin.ops,PC-OPS-014,172.16.20.175,58074,10,C:\\Windows\\System32\\winlogon.exe,0x0,0x0,Logoff for LOCAL\admin.ops from workstation PC-OPS-014,0,none,Internal,LAN,,
2026-04-25 20:10:20,WIN10-FIN-014,Microsoft-Windows-Security-Auditing,Security,4624,An account was successfully logged on,CORP,dtorres,PC-OPS-014,192.168.1.173,59922,3,C:\\Program Files\\Microsoft Defender\\MsMpEng.exe,0x0,0x0,Successful logon for CORP\dtorres from 192.168.1.173 using logon type 3,0,none,Internal,LAN,,
2026-04-25 20:10:53,WIN11-SEC-022,Microsoft-Windows-Security-Auditing,Security,4672,Special privileges assigned to new logon,EMPRESA,jperez,PC-FIN-001,172.16.20.181,54634,7,C:\\Windows\\System32\\WindowsPowerShell\\v1.0\\powershell.exe,0x0,0x0,Special privileges assigned to EMPRESA\jperez,0,none,Internal,LAN,,
2026-04-25 20:10:55,WIN-SRV-APP01,Microsoft-Windows-Security-Auditing,Security,4634,An account was logged off,EMPRESA,dtorres,SRV-MON-001,10.10.188.52,54129,2,C:\\Program Files\\Microsoft Defender\\MsMpEng.exe,0x0,0x0,Logoff for EMPRESA\dtorres from workstation SRV-MON-001,0,none,Internal,LAN,,
2026-04-25 20:12:11,WIN-SRV-DC01,Microsoft-Windows-Security-Auditing,Security,4688,A new process has been created,LOCAL,analista01,PC-OPS-014,10.10.100.194,60271,3,C:\\Windows\\System32\\winlogon.exe,0x0,0x0,Process created by LOCAL\analista01: C:\\Windows\\System32\\winlogon.exe,0,none,Internal,LAN,,
2026-04-25 20:12:41,WIN-SRV-FILE01,Microsoft-Windows-Security-Auditing,Security,4624,An account was successfully logged on,LOCAL,admin.ops,PC-RRHH-002,192.168.1.249,56515,10,C:\\Program Files\\Google\\Chrome\\Application\\chrome.exe,0x0,0x0,Successful logon for LOCAL\admin.ops from 192.168.1.249 using logon type 10,0,none,Internal,LAN,,
2026-04-25 20:15:46,WIN-SRV-APP01,Microsoft-Windows-Security-Auditing,Security,4624,An account was successfully logged on,EMPRESA,admin.ops,SRV-MON-001,10.10.77.132,58583,3,C:\\Windows\\System32\\WindowsPowerShell\\v1.0\\powershell.exe,0x0,0x0,Successful logon for EMPRESA\admin.ops from 10.10.77.132 using logon type 3,0,none,Internal,LAN,,
2026-04-25 20:16:08,WIN-SRV-APP01,Microsoft-Windows-Security-Auditing,Security,4624,An account was successfully logged on,CORP,crojas,LAP-GER-003,172.16.20.167,58509,10,C:\\Windows\\System32\\lsass.exe,0x0,0x0,Successful logon for CORP\crojas from 172.16.20.167 using logon type 10,0,none,Internal,LAN,,
2026-04-25 20:16:29,WIN-SRV-FILE01,Microsoft-Windows-Security-Auditing,Security,4624,An account was successfully logged on,CORP,admin.ops,PC-RRHH-002,172.16.20.185,50966,3,C:\\Windows\\System32\\cmd.exe,0x0,0x0,Successful logon for CORP\admin.ops from 172.16.20.185 using logon type 3,0,none,Internal,LAN,,
2026-04-25 20:16:53,WIN-SRV-APP01,Microsoft-Windows-Security-Auditing,Security,4624,An account was successfully logged on,LOCAL,lcastro,PC-OPS-014,192.168.1.136,53046,2,C:\\Windows\\System32\\lsass.exe,0x0,0x0,Successful logon for LOCAL\lcastro from 192.168.1.136 using logon type 2,0,none,Internal,LAN,,
2026-04-25 20:18:50,WIN-SRV-FILE01,Microsoft-Windows-Security-Auditing,Security,4624,An account was successfully logged on,CORP,jperez,PC-RRHH-002,10.10.70.136,49644,2,C:\\Windows\\System32\\lsass.exe,0x0,0x0,Successful logon for CORP\jperez from 10.10.70.136 using logon type 2,0,none,Internal,LAN,,
2026-04-25 20:21:01,WIN-SRV-DC01,Microsoft-Windows-Security-Auditing,Security,4624,An account was successfully logged on,CORP,svc_monitor,PC-FIN-001,10.10.130.118,50668,2,C:\\Windows\\System32\\winlogon.exe,0x0,0x0,Successful logon for CORP\svc_monitor from 10.10.130.118 using logon type 2,0,none,Internal,LAN,,
2026-04-25 20:21:51,WIN-SRV-DC01,Microsoft-Windows-Security-Auditing,Security,4624,An account was successfully logged on,CORP,dtorres,LAP-GER-003,172.16.20.124,54320,10,C:\\Windows\\System32\\cmd.exe,0x0,0x0,Successful logon for CORP\dtorres from 172.16.20.124 using logon type 10,0,none,Internal,LAN,,
2026-04-25 20:23:34,WIN11-SEC-022,Microsoft-Windows-Security-Auditing,Security,4688,A new process has been created,EMPRESA,jperez,PC-OPS-014,172.16.20.205,52793,7,C:\\Windows\\System32\\svchost.exe,0x0,0x0,Process created by EMPRESA\jperez: C:\\Windows\\System32\\svchost.exe,0,none,Internal,LAN,,
2026-04-25 20:23:42,WIN-SRV-FILE01,Microsoft-Windows-Security-Auditing,Security,4634,An account was logged off,EMPRESA,crojas,PC-FIN-001,172.16.20.124,61888,10,C:\\Windows\\System32\\lsass.exe,0x0,0x0,Logoff for EMPRESA\crojas from workstation PC-FIN-001,0,none,Internal,LAN,,
2026-04-25 20:23:50,WIN-SRV-FILE01,Microsoft-Windows-Security-Auditing,Security,4624,An account was successfully logged on,LOCAL,svc_backup,PC-RRHH-002,172.16.20.181,63388,3,C:\\Windows\\System32\\winlogon.exe,0x0,0x0,Successful logon for LOCAL\svc_backup from 172.16.20.181 using logon type 3,0,none,Internal,LAN,,
2026-04-25 20:25:49,WIN11-SEC-022,Microsoft-Windows-Security-Auditing,Security,4634,An account was logged off,EMPRESA,crojas,PC-FIN-001,10.10.124.211,55364,10,C:\\Windows\\System32\\winlogon.exe,0x0,0x0,Logoff for EMPRESA\crojas from workstation PC-FIN-001,0,none,Internal,LAN,,
2026-04-25 20:26:03,WIN10-FIN-014,Microsoft-Windows-Security-Auditing,Security,4624,An account was successfully logged on,LOCAL,analista01,SRV-MON-001,192.168.1.91,58084,3,C:\\Windows\\System32\\svchost.exe,0x0,0x0,Successful logon for LOCAL\analista01 from 192.168.1.91 using logon type 3,0,none,Internal,LAN,,
2026-04-25 20:27:48,WIN10-FIN-014,Microsoft-Windows-Security-Auditing,Security,4672,Special privileges assigned to new logon,CORP,mgarcia,SRV-MON-001,10.10.96.97,49488,7,C:\\Windows\\System32\\lsass.exe,0x0,0x0,Special privileges assigned to CORP\mgarcia,0,none,Internal,LAN,,
2026-04-25 20:28:27,WIN-SRV-APP01,Microsoft-Windows-Security-Auditing,Security,4624,An account was successfully logged on,EMPRESA,svc_monitor,PC-FIN-001,172.16.20.171,50037,10,C:\\Windows\\System32\\winlogon.exe,0x0,0x0,Successful logon for EMPRESA\svc_monitor from 172.16.20.171 using logon type 10,0,none,Internal,LAN,,
2026-04-25 20:30:12,WIN11-SEC-022,Microsoft-Windows-Security-Auditing,Security,4624,An account was successfully logged on,CORP,svc_monitor,SRV-MON-001,172.16.20.100,60459,10,C:\\Program Files\\Google\\Chrome\\Application\\chrome.exe,0x0,0x0,Successful logon for CORP\svc_monitor from 172.16.20.100 using logon type 10,0,none,Internal,LAN,,
2026-04-25 20:30:21,WIN-SRV-APP01,Microsoft-Windows-Security-Auditing,Security,4688,A new process has been created,LOCAL,svc_monitor,LAP-GER-003,192.168.1.129,59916,2,C:\\Windows\\System32\\lsass.exe,0x0,0x0,Process created by LOCAL\svc_monitor: C:\\Windows\\System32\\lsass.exe,0,none,Internal,LAN,,
2026-04-25 20:30:36,WIN-SRV-DC01,Microsoft-Windows-Security-Auditing,Security,4648,A logon was attempted using explicit credentials,CORP,dtorres,PC-FIN-001,172.16.20.221,60360,3,C:\\Windows\\System32\\lsass.exe,0x0,0x0,Explicit credentials used by CORP\dtorres from PC-FIN-001,0,none,Internal,LAN,,
2026-04-25 20:33:02,WIN11-SEC-022,Microsoft-Windows-Security-Auditing,Security,4624,An account was successfully logged on,EMPRESA,svc_backup,LAP-GER-003,172.16.20.91,60980,2,C:\\Program Files\\Google\\Chrome\\Application\\chrome.exe,0x0,0x0,Successful logon for EMPRESA\svc_backup from 172.16.20.91 using logon type 2,0,none,Internal,LAN,,
2026-04-25 20:33:25,WIN-SRV-DC01,Microsoft-Windows-Security-Auditing,Security,4624,An account was successfully logged on,LOCAL,analista01,PC-OPS-014,192.168.1.69,54540,7,C:\\Windows\\System32\\lsass.exe,0x0,0x0,Successful logon for LOCAL\analista01 from 192.168.1.69 using logon type 7,0,none,Internal,LAN,,
2026-04-25 20:33:59,WIN-SRV-DC01,Microsoft-Windows-Security-Auditing,Security,4624,An account was successfully logged on,LOCAL,helpdesk01,PC-OPS-014,10.10.153.57,60916,2,C:\\Windows\\System32\\winlogon.exe,0x0,0x0,Successful logon for LOCAL\helpdesk01 from 10.10.153.57 using logon type 2,0,none,Internal,LAN,,
2026-04-25 20:36:04,WIN-SRV-FILE01,Microsoft-Windows-Security-Auditing,Security,4634,An account was logged off,EMPRESA,dtorres,PC-OPS-014,192.168.1.195,64851,7,C:\\Windows\\System32\\cmd.exe,0x0,0x0,Logoff for EMPRESA\dtorres from workstation PC-OPS-014,0,none,Internal,LAN,,
2026-04-25 20:36:08,WIN10-FIN-014,Microsoft-Windows-Security-Auditing,Security,4624,An account was successfully logged on,EMPRESA,analista01,PC-RRHH-002,10.10.208.240,54350,7,C:\\Program Files\\Microsoft Defender\\MsMpEng.exe,0x0,0x0,Successful logon for EMPRESA\analista01 from 10.10.208.240 using logon type 7,0,none,Internal,LAN,,
2026-04-25 20:37:38,WIN11-SEC-022,Microsoft-Windows-Security-Auditing,Security,4624,An account was successfully logged on,LOCAL,finanzas02,LAP-GER-003,172.16.20.47,64504,3,C:\\Windows\\System32\\WindowsPowerShell\\v1.0\\powershell.exe,0x0,0x0,Successful logon for LOCAL\finanzas02 from 172.16.20.47 using logon type 3,0,none,Internal,LAN,,
2026-04-25 20:38:00,WIN11-SEC-022,Microsoft-Windows-Security-Auditing,Security,4688,A new process has been created,EMPRESA,crojas,LAP-GER-003,192.168.1.137,61768,2,C:\\Windows\\System32\\WindowsPowerShell\\v1.0\\powershell.exe,0x0,0x0,Process created by EMPRESA\crojas: C:\\Windows\\System32\\WindowsPowerShell\\v1.0\\powershell.exe,0,none,Internal,LAN,,
2026-04-25 20:42:58,WIN-SRV-APP01,Microsoft-Windows-Security-Auditing,Security,4624,An account was successfully logged on,LOCAL,mgarcia,PC-OPS-014,172.16.20.28,62081,7,C:\\Program Files\\Microsoft Defender\\MsMpEng.exe,0x0,0x0,Successful logon for LOCAL\mgarcia from 172.16.20.28 using logon type 7,0,none,Internal,LAN,,
2026-04-25 20:43:00,WIN11-SEC-022,Microsoft-Windows-Security-Auditing,Security,4624,An account was successfully logged on,LOCAL,jperez,LAP-GER-003,192.168.1.40,59212,10,C:\\Windows\\System32\\lsass.exe,0x0,0x0,Successful logon for LOCAL\jperez from 192.168.1.40 using logon type 10,0,none,Internal,LAN,,
2026-04-25 20:43:10,WIN-SRV-APP01,Microsoft-Windows-Security-Auditing,Security,4688,A new process has been created,LOCAL,admin.ops,PC-RRHH-002,192.168.1.27,56057,3,C:\\Program Files\\Microsoft Defender\\MsMpEng.exe,0x0,0x0,Process created by LOCAL\admin.ops: C:\\Program Files\\Microsoft Defender\\MsMpEng.exe,0,none,Internal,LAN,,
2026-04-25 20:43:39,WIN10-FIN-014,Microsoft-Windows-Security-Auditing,Security,4624,An account was successfully logged on,EMPRESA,mgarcia,LAP-GER-003,172.16.20.63,57594,10,C:\\Program Files\\Google\\Chrome\\Application\\chrome.exe,0x0,0x0,Successful logon for EMPRESA\mgarcia from 172.16.20.63 using logon type 10,0,none,Internal,LAN,,
2026-04-25 20:45:03,WIN-SRV-APP01,Microsoft-Windows-Security-Auditing,Security,4624,An account was successfully logged on,CORP,admin.ops,PC-RRHH-002,172.16.20.93,62065,3,C:\\Windows\\System32\\WindowsPowerShell\\v1.0\\powershell.exe,0x0,0x0,Successful logon for CORP\admin.ops from 172.16.20.93 using logon type 3,0,none,Internal,LAN,,
2026-04-25 20:49:38,WIN11-SEC-022,Microsoft-Windows-Security-Auditing,Security,4624,An account was successfully logged on,EMPRESA,jperez,PC-RRHH-002,172.16.20.134,57860,2,C:\\Windows\\System32\\svchost.exe,0x0,0x0,Successful logon for EMPRESA\jperez from 172.16.20.134 using logon type 2,0,none,Internal,LAN,,
2026-04-25 20:50:12,WIN-SRV-APP01,Microsoft-Windows-Security-Auditing,Security,4688,A new process has been created,LOCAL,lcastro,LAP-GER-003,10.10.229.24,53875,10,C:\\Windows\\System32\\lsass.exe,0x0,0x0,Process created by LOCAL\lcastro: C:\\Windows\\System32\\lsass.exe,0,none,Internal,LAN,,
2026-04-25 20:50:51,WIN-SRV-APP01,Microsoft-Windows-Security-Auditing,Security,4624,An account was successfully logged on,LOCAL,alopez,LAP-GER-003,10.10.185.195,60524,10,C:\\Windows\\System32\\lsass.exe,0x0,0x0,Successful logon for LOCAL\alopez from 10.10.185.195 using logon type 10,0,none,Internal,LAN,,
2026-04-25 20:51:53,WIN-SRV-FILE01,Microsoft-Windows-Security-Auditing,Security,4688,A new process has been created,EMPRESA,mgarcia,PC-FIN-001,192.168.1.185,65523,3,C:\\Windows\\System32\\WindowsPowerShell\\v1.0\\powershell.exe,0x0,0x0,Process created by EMPRESA\mgarcia: C:\\Windows\\System32\\WindowsPowerShell\\v1.0\\powershell.exe,0,none,Internal,LAN,,
2026-04-25 20:52:05,WIN10-FIN-014,Microsoft-Windows-Security-Auditing,Security,4624,An account was successfully logged on,CORP,alopez,LAP-GER-003,172.16.20.135,61003,10,C:\\Windows\\System32\\cmd.exe,0x0,0x0,Successful logon for CORP\alopez from 172.16.20.135 using logon type 10,0,none,Internal,LAN,,
2026-04-25 20:53:54,WIN11-SEC-022,Microsoft-Windows-Security-Auditing,Security,4634,An account was logged off,EMPRESA,mgarcia,LAP-GER-003,172.16.20.55,64851,3,C:\\Windows\\System32\\winlogon.exe,0x0,0x0,Logoff for EMPRESA\mgarcia from workstation LAP-GER-003,0,none,Internal,LAN,,
2026-04-25 20:54:05,WIN11-SEC-022,Microsoft-Windows-Security-Auditing,Security,4624,An account was successfully logged on,CORP,admin.ops,PC-OPS-014,172.16.20.213,51603,3,C:\\Windows\\System32\\cmd.exe,0x0,0x0,Successful logon for CORP\admin.ops from 172.16.20.213 using logon type 3,0,none,Internal,LAN,,
2026-04-25 20:56:42,WIN-SRV-APP01,Microsoft-Windows-Security-Auditing,Security,4634,An account was logged off,LOCAL,admin.ops,PC-FIN-001,10.10.196.126,58070,7,C:\\Windows\\System32\\cmd.exe,0x0,0x0,Logoff for LOCAL\admin.ops from workstation PC-FIN-001,0,none,Internal,LAN,,
2026-04-25 21:03:14,WIN-SRV-FILE01,Microsoft-Windows-Security-Auditing,Security,4624,An account was successfully logged on,EMPRESA,helpdesk01,PC-OPS-014,10.10.42.250,61146,10,C:\\Windows\\System32\\WindowsPowerShell\\v1.0\\powershell.exe,0x0,0x0,Successful logon for EMPRESA\helpdesk01 from 10.10.42.250 using logon type 10,0,none,Internal,LAN,,
2026-04-25 21:04:10,WIN11-SEC-022,Microsoft-Windows-Security-Auditing,Security,4624,An account was successfully logged on,CORP,lcastro,SRV-MON-001,172.16.20.246,58876,10,C:\\Windows\\System32\\winlogon.exe,0x0,0x0,Successful logon for CORP\lcastro from 172.16.20.246 using logon type 10,0,none,Internal,LAN,,
2026-04-25 21:04:48,WIN11-SEC-022,Microsoft-Windows-Security-Auditing,Security,4688,A new process has been created,CORP,svc_monitor,PC-RRHH-002,172.16.20.246,59573,3,C:\\Program Files\\Google\\Chrome\\Application\\chrome.exe,0x0,0x0,Process created by CORP\svc_monitor: C:\\Program Files\\Google\\Chrome\\Application\\chrome.exe,0,none,Internal,LAN,,
2026-04-25 21:06:33,WIN-SRV-APP01,Microsoft-Windows-Security-Auditing,Security,4688,A new process has been created,LOCAL,lcastro,PC-FIN-001,172.16.20.195,63568,2,C:\\Program Files\\Google\\Chrome\\Application\\chrome.exe,0x0,0x0,Process created by LOCAL\lcastro: C:\\Program Files\\Google\\Chrome\\Application\\chrome.exe,0,none,Internal,LAN,,
2026-04-25 21:09:49,WIN10-FIN-014,Microsoft-Windows-Security-Auditing,Security,4688,A new process has been created,CORP,jperez,LAP-GER-003,10.10.36.215,59250,7,C:\\Windows\\System32\\winlogon.exe,0x0,0x0,Process created by CORP\jperez: C:\\Windows\\System32\\winlogon.exe,0,none,Internal,LAN,,
2026-04-25 21:10:02,WIN-SRV-FILE01,Microsoft-Windows-Security-Auditing,Security,4624,An account was successfully logged on,CORP,svc_backup,PC-FIN-001,172.16.20.197,51592,7,C:\\Program Files\\Google\\Chrome\\Application\\chrome.exe,0x0,0x0,Successful logon for CORP\svc_backup from 172.16.20.197 using logon type 7,0,none,Internal,LAN,,
2026-04-25 21:10:13,WIN10-FIN-014,Microsoft-Windows-Security-Auditing,Security,4634,An account was logged off,LOCAL,admin.ops,PC-FIN-001,192.168.1.111,58170,10,C:\\Program Files\\Google\\Chrome\\Application\\chrome.exe,0x0,0x0,Logoff for LOCAL\admin.ops from workstation PC-FIN-001,0,none,Internal,LAN,,
2026-04-25 21:10:59,WIN10-FIN-014,Microsoft-Windows-Security-Auditing,Security,4624,An account was successfully logged on,CORP,alopez,PC-FIN-001,192.168.1.242,62524,2,C:\\Windows\\System32\\WindowsPowerShell\\v1.0\\powershell.exe,0x0,0x0,Successful logon for CORP\alopez from 192.168.1.242 using logon type 2,0,none,Internal,LAN,,
