2026-04-27 22:43:39,WIN11-SEC-022,Microsoft-Windows-Security-Auditing,Security,4624,An account was successfully logged on,EMPRESA,helpdesk01,SRV-MON-001,192.168.1.15,63922,10,C:\\Windows\\System32\\WindowsPowerShell\\v1.0\\powershell.exe,0x0,0x0,Successful logon for EMPRESA\helpdesk01 from 192.168.1.15 using logon type 10,0,none,Internal,LAN,,
2026-04-27 22:44:11,WIN10-FIN-014,Microsoft-Windows-Security-Auditing,Security,4624,An account was successfully logged on,EMPRESA,lcastro,PC-RRHH-002,172.16.20.143,62948,2,C:\\Windows\\System32\\cmd.exe,0x0,0x0,Successful logon for EMPRESA\lcastro from 172.16.20.143 using logon type 2,0,none,Internal,LAN,,
2026-04-27 22:45:26,WIN10-FIN-014,Microsoft-Windows-Security-Auditing,Security,4672,Special privileges assigned to new logon,EMPRESA,admin.ops,PC-FIN-001,172.16.20.141,63261,2,C:\\Windows\\System32\\lsass.exe,0x0,0x0,Special privileges assigned to EMPRESA\admin.ops,0,none,Internal,LAN,,
2026-04-27 22:47:17,WIN-SRV-DC01,Microsoft-Windows-Security-Auditing,Security,4634,An account was logged off,EMPRESA,mgarcia,PC-FIN-001,10.10.44.15,53551,7,C:\\Windows\\System32\\WindowsPowerShell\\v1.0\\powershell.exe,0x0,0x0,Logoff for EMPRESA\mgarcia from workstation PC-FIN-001,0,none,Internal,LAN,,
2026-04-27 22:48:00,WIN10-FIN-014,Microsoft-Windows-Security-Auditing,Security,4634,An account was logged off,LOCAL,dtorres,PC-RRHH-002,192.168.1.1,51769,3,C:\\Windows\\System32\\cmd.exe,0x0,0x0,Logoff for LOCAL\dtorres from workstation PC-RRHH-002,0,none,Internal,LAN,,
2026-04-27 22:48:12,WIN-SRV-APP01,Microsoft-Windows-Security-Auditing,Security,4624,An account was successfully logged on,EMPRESA,svc_backup,PC-FIN-001,172.16.20.110,54456,10,C:\\Windows\\System32\\svchost.exe,0x0,0x0,Successful logon for EMPRESA\svc_backup from 172.16.20.110 using logon type 10,0,none,Internal,LAN,,
2026-04-27 22:48:49,WIN11-SEC-022,Microsoft-Windows-Security-Auditing,Security,4624,An account was successfully logged on,EMPRESA,crojas,SRV-MON-001,10.10.24.83,54277,7,C:\\Windows\\System32\\cmd.exe,0x0,0x0,Successful logon for EMPRESA\crojas from 10.10.24.83 using logon type 7,0,none,Internal,LAN,,
2026-04-27 22:48:56,WIN11-SEC-022,Microsoft-Windows-Security-Auditing,Security,4688,A new process has been created,CORP,finanzas02,LAP-GER-003,192.168.1.219,49841,2,C:\\Windows\\System32\\svchost.exe,0x0,0x0,Process created by CORP\finanzas02: C:\\Windows\\System32\\svchost.exe,0,none,Internal,LAN,,
2026-04-27 22:48:59,WIN10-FIN-014,Microsoft-Windows-Security-Auditing,Security,4648,A logon was attempted using explicit credentials,LOCAL,alopez,LAP-GER-003,10.10.150.250,52689,7,C:\\Windows\\System32\\lsass.exe,0x0,0x0,Explicit credentials used by LOCAL\alopez from LAP-GER-003,0,none,Internal,LAN,,
2026-04-27 22:50:23,WIN11-SEC-022,Microsoft-Windows-Security-Auditing,Security,4624,An account was successfully logged on,EMPRESA,alopez,PC-OPS-014,192.168.1.220,57619,7,C:\\Windows\\System32\\winlogon.exe,0x0,0x0,Successful logon for EMPRESA\alopez from 192.168.1.220 using logon type 7,0,none,Internal,LAN,,
2026-04-27 22:51:07,WIN10-FIN-014,Microsoft-Windows-Security-Auditing,Security,4634,An account was logged off,LOCAL,helpdesk01,PC-FIN-001,172.16.20.206,61177,7,C:\\Windows\\System32\\WindowsPowerShell\\v1.0\\powershell.exe,0x0,0x0,Logoff for LOCAL\helpdesk01 from workstation PC-FIN-001,0,none,Internal,LAN,,
2026-04-27 22:51:20,WIN-SRV-APP01,Microsoft-Windows-Security-Auditing,Security,4624,An account was successfully logged on,EMPRESA,jperez,LAP-GER-003,172.16.20.36,61875,3,C:\\Windows\\System32\\cmd.exe,0x0,0x0,Successful logon for EMPRESA\jperez from 172.16.20.36 using logon type 3,0,none,Internal,LAN,,
2026-04-27 22:52:40,WIN-SRV-FILE01,Microsoft-Windows-Security-Auditing,Security,4688,A new process has been created,LOCAL,finanzas02,PC-OPS-014,172.16.20.216,53058,3,C:\\Windows\\System32\\winlogon.exe,0x0,0x0,Process created by LOCAL\finanzas02: C:\\Windows\\System32\\winlogon.exe,0,none,Internal,LAN,,
2026-04-27 22:53:28,WIN10-FIN-014,Microsoft-Windows-Security-Auditing,Security,4688,A new process has been created,EMPRESA,mgarcia,PC-RRHH-002,10.10.190.190,56878,3,C:\\Windows\\System32\\svchost.exe,0x0,0x0,Process created by EMPRESA\mgarcia: C:\\Windows\\System32\\svchost.exe,0,none,Internal,LAN,,
2026-04-27 22:53:35,WIN-SRV-FILE01,Microsoft-Windows-Security-Auditing,Security,4624,An account was successfully logged on,CORP,crojas,PC-FIN-001,172.16.20.31,49611,2,C:\\Program Files\\Microsoft Defender\\MsMpEng.exe,0x0,0x0,Successful logon for CORP\crojas from 172.16.20.31 using logon type 2,0,none,Internal,LAN,,
2026-04-27 22:54:37,WIN10-FIN-014,Microsoft-Windows-Security-Auditing,Security,4624,An account was successfully logged on,EMPRESA,admin.ops,PC-OPS-014,192.168.1.57,62381,2,C:\\Windows\\System32\\lsass.exe,0x0,0x0,Successful logon for EMPRESA\admin.ops from 192.168.1.57 using logon type 2,0,none,Internal,LAN,,
2026-04-27 22:57:12,WIN-SRV-DC01,Microsoft-Windows-Security-Auditing,Security,4624,An account was successfully logged on,LOCAL,helpdesk01,PC-RRHH-002,172.16.20.23,49530,2,C:\\Windows\\System32\\winlogon.exe,0x0,0x0,Successful logon for LOCAL\helpdesk01 from 172.16.20.23 using logon type 2,0,none,Internal,LAN,,
2026-04-27 22:57:58,WIN-SRV-APP01,Microsoft-Windows-Security-Auditing,Security,4634,An account was logged off,LOCAL,svc_monitor,PC-FIN-001,192.168.1.106,52341,3,C:\\Windows\\System32\\WindowsPowerShell\\v1.0\\powershell.exe,0x0,0x0,Logoff for LOCAL\svc_monitor from workstation PC-FIN-001,0,none,Internal,LAN,,
2026-04-27 22:59:26,WIN-SRV-DC01,Microsoft-Windows-Security-Auditing,Security,4634,An account was logged off,EMPRESA,crojas,PC-FIN-001,10.10.199.140,63992,3,C:\\Windows\\System32\\WindowsPowerShell\\v1.0\\powershell.exe,0x0,0x0,Logoff for EMPRESA\crojas from workstation PC-FIN-001,0,none,Internal,LAN,,
2026-04-27 22:59:56,WIN10-FIN-014,Microsoft-Windows-Security-Auditing,Security,4688,A new process has been created,EMPRESA,analista01,PC-OPS-014,10.10.19.59,58835,3,C:\\Windows\\System32\\svchost.exe,0x0,0x0,Process created by EMPRESA\analista01: C:\\Windows\\System32\\svchost.exe,0,none,Internal,LAN,,
2026-04-27 23:00:06,WIN-SRV-APP01,Microsoft-Windows-Security-Auditing,Security,4688,A new process has been created,EMPRESA,oracle,WIN-RDP,192.0.2.83,25578,10,C:\\Windows\\System32\\reg.exe save HKLM\\SAM C:\\Temp\\sam.save,0x0,0x0,Suspicious process execution by EMPRESA\oracle: C:\\Windows\\System32\\reg.exe save HKLM\\SAM C:\\Temp\\sam.save,1,suspicious_process_execution,China,Shanghai,30.86912,121.84577
2026-04-27 23:00:10,WIN-SRV-FILE01,Microsoft-Windows-Security-Auditing,Security,4726,A user account was deleted,CORP,mgarcia,UNKNOWN,198.51.100.23,36317,2,C:\\Program Files\\Microsoft Defender\\MsMpEng.exe,0x0,0x0,User account deleted unexpectedly: CORP\mgarcia from 198.51.100.23,1,account_deleted,Japan,Tokyo,35.68033,139.34326
2026-04-27 23:00:31,WIN11-SEC-022,Microsoft-Windows-Security-Auditing,Security,4672,Special privileges assigned to new logon,LOCAL,dtorres,PC-FIN-001,192.168.1.173,64684,2,C:\\Windows\\System32\\cmd.exe,0x0,0x0,Special privileges assigned to LOCAL\dtorres,0,none,Internal,LAN,,
2026-04-27 23:00:34,WIN10-FIN-014,Microsoft-Windows-Security-Auditing,Security,4648,A logon was attempted using explicit credentials,LOCAL,svc_backup,KALI,203.0.113.152,44502,7,C:\\Windows\\System32\\svchost.exe,0x0,0x0,Explicit credentials used suspiciously by LOCAL\svc_backup from 203.0.113.152,1,explicit_credentials_abuse,Mexico,Mexico City,19.44466,-98.97594
2026-04-27 23:00:39,WIN-SRV-APP01,Microsoft-Windows-Security-Auditing,Security,4625,An account failed to log on,LOCAL,test,-,198.51.100.45,2286,3,C:\\Windows\\System32\\lsass.exe,0xC000006A,0xC000006A,Failed logon for LOCAL\test from 198.51.100.45; possible brute force,1,brute_force_logon,Argentina,Buenos Aires,-34.66813,-57.93266
2026-04-27 23:00:47,WIN-SRV-FILE01,Microsoft-Windows-Security-Auditing,Security,4625,An account failed to log on,LOCAL,usuario,-,192.0.2.6,43679,10,C:\\Windows\\System32\\WindowsPowerShell\\v1.0\\powershell.exe,0xC000006D,0xC000006A,Failed logon from 192.0.2.6 against multiple users; possible password spray,1,password_spray,Australia,Sydney,-33.42221,151.56117
2026-04-27 23:00:49,WIN11-SEC-022,Microsoft-Windows-Security-Auditing,Security,4625,An account failed to log on,LOCAL,backup,WIN-RDP,198.51.100.100,4512,10,C:\\Program Files\\Google\\Chrome\\Application\\chrome.exe,0xC000006A,0xC0000064,Failed logon for LOCAL\backup from 198.51.100.100; possible brute force,1,brute_force_logon,China,Shanghai,31.09052,121.12655
2026-04-27 23:02:20,WIN-SRV-APP01,Microsoft-Windows-Security-Auditing,Security,4625,An account failed to log on,LOCAL,soporte,UNKNOWN,198.51.100.173,64857,3,C:\\Program Files\\Google\\Chrome\\Application\\chrome.exe,0xC000006A,0xC0000064,Failed logon for LOCAL\soporte from 198.51.100.173; possible brute force,1,brute_force_logon,Japan,Tokyo,35.47388,139.70674
2026-04-27 23:02:42,WIN-SRV-FILE01,Microsoft-Windows-Security-Auditing,Security,4688,A new process has been created,CORP,crojas,LAP-GER-003,192.168.1.146,64730,10,C:\\Program Files\\Microsoft Defender\\MsMpEng.exe,0x0,0x0,Process created by CORP\crojas: C:\\Program Files\\Microsoft Defender\\MsMpEng.exe,0,none,Internal,LAN,,
2026-04-27 23:03:00,WIN-SRV-APP01,Microsoft-Windows-Security-Auditing,Security,4625,An account failed to log on,EMPRESA,guest,UNKNOWN,203.0.113.159,45718,10,C:\\Windows\\System32\\svchost.exe,0xC000006D,0xC0000064,Failed logon for EMPRESA\guest from 203.0.113.159; possible brute force,1,brute_force_logon,Spain,Madrid,40.71877,-3.93859
2026-04-27 23:03:17,WIN-SRV-DC01,Microsoft-Windows-Security-Auditing,Security,1102,The audit log was cleared,CORP,soporte,KALI,192.0.2.130,44604,10,C:\\Windows\\System32\\cmd.exe,0x0,0x0,Security audit log cleared by CORP\soporte from 192.0.2.130,1,audit_log_cleared,Russia,Moscow,55.4472,38.04024
2026-04-27 23:03:27,WIN11-SEC-022,Microsoft-Windows-Security-Auditing,Security,4672,Special privileges assigned to new logon,LOCAL,administrator,UNKNOWN,198.51.100.104,12974,3,C:\\Windows\\System32\\svchost.exe,0x0,0x0,Special privileges assigned to suspicious account LOCAL\administrator from 198.51.100.104,1,privilege_escalation,Brazil,Sao Paulo,-23.94055,-47.08
2026-04-27 23:03:29,WIN-SRV-APP01,Microsoft-Windows-Security-Auditing,Security,4625,An account failed to log on,EMPRESA,administrator,KALI,198.51.100.234,31449,3,C:\\Program Files\\Google\\Chrome\\Application\\chrome.exe,0xC000006A,0xC0000064,Failed logon for EMPRESA\administrator from 198.51.100.234; possible brute force,1,brute_force_logon,Netherlands,Amsterdam,52.11629,5.12026
2026-04-27 23:03:55,WIN-SRV-FILE01,Microsoft-Windows-Security-Auditing,Security,4625,An account failed to log on,LOCAL,guest,-,198.51.100.140,48465,10,C:\\Windows\\System32\\lsass.exe,0xC000006A,0xC0000064,Failed logon for LOCAL\guest from 198.51.100.140; possible brute force,1,brute_force_logon,Spain,Madrid,40.07481,-3.47914
2026-04-27 23:03:58,WIN-SRV-APP01,Microsoft-Windows-Security-Auditing,Security,4648,A logon was attempted using explicit credentials,CORP,administrator,WIN-RDP,198.51.100.6,21280,7,C:\\Windows\\System32\\WindowsPowerShell\\v1.0\\powershell.exe,0x0,0x0,Explicit credentials used suspiciously by CORP\administrator from 198.51.100.6,1,explicit_credentials_abuse,Argentina,Buenos Aires,-34.98012,-58.58233
2026-04-27 23:04:12,WIN-SRV-APP01,Microsoft-Windows-Security-Auditing,Security,4720,A user account was created,EMPRESA,svc_temp,KALI,198.51.100.104,1836,3,C:\\Windows\\System32\\svchost.exe,0x0,0x0,Suspicious user account created: EMPRESA\svc_temp from 198.51.100.104,1,account_creation,Argentina,Buenos Aires,-34.54158,-58.43462
2026-04-27 23:04:18,WIN-SRV-APP01,Microsoft-Windows-Security-Auditing,Security,4625,An account failed to log on,EMPRESA,test,-,192.0.2.207,21426,10,C:\\Program Files\\Google\\Chrome\\Application\\chrome.exe,0xC000006D,0xC000006A,Failed logon for EMPRESA\test from 192.0.2.207; possible brute force,1,brute_force_logon,China,Shanghai,31.07117,121.40686
2026-04-27 23:04:42,WIN-SRV-FILE01,Microsoft-Windows-Security-Auditing,Security,4672,Special privileges assigned to new logon,CORP,administrator,WIN-RDP,198.51.100.112,61347,2,C:\\Windows\\System32\\winlogon.exe,0x0,0x0,Special privileges assigned to suspicious account CORP\administrator from 198.51.100.112,1,privilege_escalation,Brazil,Sao Paulo,-23.63942,-46.99267
2026-04-27 23:04:54,WIN-SRV-DC01,Microsoft-Windows-Security-Auditing,Security,4672,Special privileges assigned to new logon,EMPRESA,mgarcia,PC-FIN-001,172.16.20.180,53321,3,C:\\Windows\\System32\\svchost.exe,0x0,0x0,Special privileges assigned to EMPRESA\mgarcia,0,none,Internal,LAN,,
2026-04-27 23:05:05,WIN-SRV-DC01,Microsoft-Windows-Security-Auditing,Security,4625,An account failed to log on,LOCAL,administrator,UNKNOWN,198.51.100.32,37008,10,C:\\Windows\\System32\\WindowsPowerShell\\v1.0\\powershell.exe,0xC000006D,0xC0000064,Failed logon for LOCAL\administrator from 198.51.100.32; possible brute force,1,brute_force_logon,Germany,Frankfurt,50.18204,8.46228
2026-04-27 23:05:22,WIN-SRV-DC01,Microsoft-Windows-Security-Auditing,Security,4625,An account failed to log on,LOCAL,sqladmin,-,198.51.100.203,39680,10,C:\\Program Files\\Google\\Chrome\\Application\\chrome.exe,0xC000006D,0xC0000064,Failed logon for LOCAL\sqladmin from 198.51.100.203; possible brute force,1,brute_force_logon,China,Shanghai,30.78928,121.60775
2026-04-27 23:05:28,WIN-SRV-DC01,Microsoft-Windows-Security-Auditing,Security,4672,Special privileges assigned to new logon,EMPRESA,lcastro,PC-RRHH-002,10.10.11.98,54597,2,C:\\Windows\\System32\\winlogon.exe,0x0,0x0,Special privileges assigned to EMPRESA\lcastro,0,none,Internal,LAN,,
2026-04-27 23:05:32,WIN-SRV-APP01,Microsoft-Windows-Security-Auditing,Security,4625,An account failed to log on,EMPRESA,backup,UNKNOWN,203.0.113.127,6878,10,C:\\Windows\\System32\\cmd.exe,0xC000006D,0xC0000064,Failed logon for EMPRESA\backup from 203.0.113.127; possible brute force,1,brute_force_logon,Netherlands,Amsterdam,52.2168,4.7034
2026-04-27 23:05:35,WIN-SRV-APP01,Microsoft-Windows-Security-Auditing,Security,4624,An account was successfully logged on,LOCAL,dtorres,PC-OPS-014,172.16.20.31,63741,2,C:\\Program Files\\Google\\Chrome\\Application\\chrome.exe,0x0,0x0,Successful logon for LOCAL\dtorres from 172.16.20.31 using logon type 2,0,none,Internal,LAN,,
2026-04-27 23:05:39,WIN10-FIN-014,Microsoft-Windows-Security-Auditing,Security,4688,A new process has been created,CORP,mgarcia,PC-FIN-001,172.16.20.120,62501,3,C:\\Windows\\System32\\svchost.exe,0x0,0x0,Process created by CORP\mgarcia: C:\\Windows\\System32\\svchost.exe,0,none,Internal,LAN,,
2026-04-27 23:05:49,WIN-SRV-APP01,Microsoft-Windows-Security-Auditing,Security,4624,An account was successfully logged on,CORP,dtorres,PC-RRHH-002,192.168.1.99,62372,7,C:\\Windows\\System32\\WindowsPowerShell\\v1.0\\powershell.exe,0x0,0x0,Successful logon for CORP\dtorres from 192.168.1.99 using logon type 7,0,none,Internal,LAN,,
2026-04-27 23:05:50,WIN-SRV-APP01,Microsoft-Windows-Security-Auditing,Security,4720,A user account was created,CORP,svc_temp,WIN-RDP,192.0.2.135,51796,2,C:\\Windows\\System32\\cmd.exe,0x0,0x0,Suspicious user account created: CORP\svc_temp from 192.0.2.135,1,account_creation,Mexico,Mexico City,19.19875,-99.01647
2026-04-27 23:05:52,WIN-SRV-FILE01,Microsoft-Windows-Security-Auditing,Security,4624,An account was successfully logged on,EMPRESA,svc_monitor,PC-FIN-001,172.16.20.9,55224,3,C:\\Windows\\System32\\svchost.exe,0x0,0x0,Successful logon for EMPRESA\svc_monitor from 172.16.20.9 using logon type 3,0,none,Internal,LAN,,
2026-04-27 23:05:59,WIN10-FIN-014,Microsoft-Windows-Security-Auditing,Security,4625,An account failed to log on,LOCAL,admin,UNKNOWN,203.0.113.249,9692,10,C:\\Windows\\System32\\svchost.exe,0xC000006A,0xC000006A,Failed logon for LOCAL\admin from 203.0.113.249; possible brute force,1,brute_force_logon,Mexico,Mexico City,19.34261,-98.75397
2026-04-27 23:07:02,WIN-SRV-DC01,Microsoft-Windows-Security-Auditing,Security,4634,An account was logged off,CORP,svc_backup,PC-OPS-014,192.168.1.31,63115,2,C:\\Windows\\System32\\WindowsPowerShell\\v1.0\\powershell.exe,0x0,0x0,Logoff for CORP\svc_backup from workstation PC-OPS-014,0,none,Internal,LAN,,
2026-04-27 23:07:11,WIN-SRV-FILE01,Microsoft-Windows-Security-Auditing,Security,4625,An account failed to log on,CORP,admin,ATTACKBOX,198.51.100.219,22308,10,C:\\Windows\\System32\\svchost.exe,0xC000006D,0xC000006A,Failed logon for CORP\admin from 198.51.100.219; possible brute force,1,brute_force_logon,Peru,Lima,-12.32305,-76.62632
2026-04-27 23:07:17,WIN11-SEC-022,Microsoft-Windows-Security-Auditing,Security,4732,A member was added to a security-enabled local group,EMPRESA,tempadmin,ATTACKBOX,192.0.2.54,8632,7,C:\\Program Files\\Google\\Chrome\\Application\\chrome.exe,0x0,0x0,Account EMPRESA\tempadmin added to local Administrators group from 192.0.2.54,1,admin_group_membership_added,Russia,Moscow,55.7451,37.8781
2026-04-27 23:07:52,WIN11-SEC-022,Microsoft-Windows-Security-Auditing,Security,4625,An account failed to log on,CORP,guest,KALI,203.0.113.51,46130,10,C:\\Program Files\\Microsoft Defender\\MsMpEng.exe,0xC000006A,0xC000006A,Failed logon for CORP\guest from 203.0.113.51; possible brute force,1,brute_force_logon,Peru,Lima,-11.98026,-77.41595
2026-04-27 23:08:09,WIN11-SEC-022,Microsoft-Windows-Security-Auditing,Security,4732,A member was added to a security-enabled local group,EMPRESA,soporte,ATTACKBOX,198.51.100.181,29262,7,C:\\Windows\\System32\\cmd.exe,0x0,0x0,Account EMPRESA\soporte added to local Administrators group from 198.51.100.181,1,admin_group_membership_added,South Africa,Johannesburg,-26.38375,28.39755
2026-04-27 23:08:17,WIN11-SEC-022,Microsoft-Windows-Security-Auditing,Security,4720,A user account was created,EMPRESA,svc_temp,ATTACKBOX,203.0.113.148,61831,2,C:\\Windows\\System32\\winlogon.exe,0x0,0x0,Suspicious user account created: EMPRESA\svc_temp from 203.0.113.148,1,account_creation,Russia,Moscow,56.03442,37.47961
2026-04-27 23:08:20,WIN-SRV-APP01,Microsoft-Windows-Security-Auditing,Security,4624,An account was successfully logged on,LOCAL,admin.ops,LAP-GER-003,172.16.20.226,51345,3,C:\\Program Files\\Google\\Chrome\\Application\\chrome.exe,0x0,0x0,Successful logon for LOCAL\admin.ops from 172.16.20.226 using logon type 3,0,none,Internal,LAN,,
2026-04-27 23:08:33,WIN-SRV-DC01,Microsoft-Windows-Security-Auditing,Security,4672,Special privileges assigned to new logon,EMPRESA,admin,UNKNOWN,192.0.2.54,55779,10,C:\\Windows\\System32\\WindowsPowerShell\\v1.0\\powershell.exe,0x0,0x0,Special privileges assigned to suspicious account EMPRESA\admin from 192.0.2.54,1,privilege_escalation,United States,New York,41.15632,-74.30498
2026-04-27 23:08:40,WIN-SRV-DC01,Microsoft-Windows-Security-Auditing,Security,4625,An account failed to log on,EMPRESA,admin,WIN-RDP,192.0.2.121,56224,10,C:\\Windows\\System32\\svchost.exe,0xC000006D,0xC000006A,Failed logon from 192.0.2.121 against multiple users; possible password spray,1,password_spray,Argentina,Buenos Aires,-34.9522,-58.77812
2026-04-27 23:09:14,WIN-SRV-APP01,Microsoft-Windows-Security-Auditing,Security,4625,An account failed to log on,EMPRESA,backup,WIN-RDP,192.0.2.247,30781,3,C:\\Program Files\\Microsoft Defender\\MsMpEng.exe,0xC000006A,0xC000006A,Failed logon for EMPRESA\backup from 192.0.2.247; possible brute force,1,brute_force_logon,India,Mumbai,19.48474,72.45253
2026-04-27 23:10:09,WIN-SRV-APP01,Microsoft-Windows-Security-Auditing,Security,4625,An account failed to log on,EMPRESA,backup,-,203.0.113.81,64705,10,C:\\Windows\\System32\\lsass.exe,0xC000006D,0xC000006A,Failed logon from 203.0.113.81 against multiple users; possible password spray,1,password_spray,Mexico,Mexico City,19.48574,-99.23455
2026-04-27 23:10:29,WIN-SRV-FILE01,Microsoft-Windows-Security-Auditing,Security,4625,An account failed to log on,LOCAL,guest,KALI,198.51.100.250,55489,10,C:\\Program Files\\Google\\Chrome\\Application\\chrome.exe,0xC000006D,0xC000006A,Failed logon for LOCAL\guest from 198.51.100.250; possible brute force,1,brute_force_logon,Mexico,Mexico City,19.72337,-98.9751
2026-04-27 23:10:32,WIN-SRV-APP01,Microsoft-Windows-Security-Auditing,Security,4625,An account failed to log on,CORP,administrator,-,198.51.100.155,44551,3,C:\\Program Files\\Google\\Chrome\\Application\\chrome.exe,0xC000006D,0xC000006A,Failed logon from 198.51.100.155 against multiple users; possible password spray,1,password_spray,Germany,Frankfurt,49.89497,8.47877
2026-04-27 23:10:37,WIN10-FIN-014,Microsoft-Windows-Security-Auditing,Security,4634,An account was logged off,CORP,mgarcia,LAP-GER-003,172.16.20.65,57540,7,C:\\Windows\\System32\\cmd.exe,0x0,0x0,Logoff for CORP\mgarcia from workstation LAP-GER-003,0,none,Internal,LAN,,
2026-04-27 23:10:39,WIN11-SEC-022,Microsoft-Windows-Security-Auditing,Security,4732,A member was added to a security-enabled local group,EMPRESA,soporte,-,192.0.2.159,26069,10,C:\\Program Files\\Microsoft Defender\\MsMpEng.exe,0x0,0x0,Account EMPRESA\soporte added to local Administrators group from 192.0.2.159,1,admin_group_membership_added,Spain,Madrid,40.59517,-3.58441
2026-04-27 23:11:06,WIN-SRV-FILE01,Microsoft-Windows-Security-Auditing,Security,4624,An account was successfully logged on,EMPRESA,admin.ops,PC-RRHH-002,10.10.178.36,60832,3,C:\\Windows\\System32\\cmd.exe,0x0,0x0,Successful logon for EMPRESA\admin.ops from 10.10.178.36 using logon type 3,0,none,Internal,LAN,,
2026-04-27 23:11:31,WIN-SRV-APP01,Microsoft-Windows-Security-Auditing,Security,4625,An account failed to log on,CORP,backup,-,198.51.100.39,36687,3,C:\\Windows\\System32\\lsass.exe,0xC000006D,0xC0000064,Failed logon for CORP\backup from 198.51.100.39; possible brute force,1,brute_force_logon,United States,New York,40.41363,-73.56346
2026-04-27 23:12:02,WIN-SRV-DC01,Microsoft-Windows-Security-Auditing,Security,4625,An account failed to log on,CORP,admin,KALI,198.51.100.124,49467,10,C:\\Windows\\System32\\WindowsPowerShell\\v1.0\\powershell.exe,0xC000006D,0xC0000064,Failed logon for CORP\admin from 198.51.100.124; possible brute force,1,brute_force_logon,United States,New York,40.83677,-73.60736
2026-04-27 23:12:08,WIN-SRV-FILE01,Microsoft-Windows-Security-Auditing,Security,4720,A user account was created,EMPRESA,soporte2,KALI,192.0.2.181,16711,7,C:\\Windows\\System32\\svchost.exe,0x0,0x0,Suspicious user account created: EMPRESA\soporte2 from 192.0.2.181,1,account_creation,Chile,Santiago,-33.45128,-70.32379
2026-04-27 23:12:17,WIN10-FIN-014,Microsoft-Windows-Security-Auditing,Security,4625,An account failed to log on,LOCAL,admin,UNKNOWN,192.0.2.11,2004,10,C:\\Program Files\\Google\\Chrome\\Application\\chrome.exe,0xC000006D,0xC000006A,Failed logon from 192.0.2.11 against multiple users; possible password spray,1,password_spray,Brazil,Sao Paulo,-23.18676,-47.00339
2026-04-27 23:12:21,WIN-SRV-APP01,Microsoft-Windows-Security-Auditing,Security,4634,An account was logged off,EMPRESA,analista01,SRV-MON-001,172.16.20.22,63123,7,C:\\Windows\\System32\\lsass.exe,0x0,0x0,Logoff for EMPRESA\analista01 from workstation SRV-MON-001,0,none,Internal,LAN,,
2026-04-27 23:12:28,WIN-SRV-FILE01,Microsoft-Windows-Security-Auditing,Security,4634,An account was logged off,EMPRESA,analista01,SRV-MON-001,192.168.1.191,53594,10,C:\\Windows\\System32\\winlogon.exe,0x0,0x0,Logoff for EMPRESA\analista01 from workstation SRV-MON-001,0,none,Internal,LAN,,
2026-04-27 23:12:50,WIN10-FIN-014,Microsoft-Windows-Security-Auditing,Security,4672,Special privileges assigned to new logon,CORP,admin.ops,PC-OPS-014,192.168.1.97,59044,2,C:\\Windows\\System32\\lsass.exe,0x0,0x0,Special privileges assigned to CORP\admin.ops,0,none,Internal,LAN,,
2026-04-27 23:12:54,WIN10-FIN-014,Microsoft-Windows-Security-Auditing,Security,4672,Special privileges assigned to new logon,LOCAL,soporte,KALI,192.0.2.70,2186,3,C:\\Windows\\System32\\WindowsPowerShell\\v1.0\\powershell.exe,0x0,0x0,Special privileges assigned to suspicious account LOCAL\soporte from 192.0.2.70,1,privilege_escalation,Russia,Moscow,55.91919,37.48074
2026-04-27 23:13:13,WIN11-SEC-022,Microsoft-Windows-Security-Auditing,Security,4720,A user account was created,EMPRESA,soporte2,ATTACKBOX,192.0.2.25,54226,2,C:\\Program Files\\Microsoft Defender\\MsMpEng.exe,0x0,0x0,Suspicious user account created: EMPRESA\soporte2 from 192.0.2.25,1,account_creation,South Africa,Johannesburg,-26.59453,28.48884
2026-04-27 23:14:09,WIN11-SEC-022,Microsoft-Windows-Security-Auditing,Security,4625,An account failed to log on,CORP,oracle,KALI,198.51.100.200,27829,10,C:\\Program Files\\Google\\Chrome\\Application\\chrome.exe,0xC000006A,0xC0000064,Failed logon for CORP\oracle from 198.51.100.200; possible brute force,1,brute_force_logon,Spain,Madrid,40.83432,-3.80166
2026-04-27 23:14:20,WIN-SRV-FILE01,Microsoft-Windows-Security-Auditing,Security,4688,A new process has been created,LOCAL,oracle,ATTACKBOX,203.0.113.222,33151,10,C:\\Windows\\System32\\net.exe localgroup administrators soporte /add,0x0,0x0,Suspicious process execution by LOCAL\oracle: C:\\Windows\\System32\\net.exe localgroup administrators soporte /add,1,suspicious_process_execution,Spain,Madrid,40.31761,-3.52438
2026-04-27 23:15:11,WIN-SRV-DC01,Microsoft-Windows-Security-Auditing,Security,4624,An account was successfully logged on,LOCAL,administrator,ATTACKBOX,198.51.100.2,15582,3,C:\\Windows\\System32\\WindowsPowerShell\\v1.0\\powershell.exe,0x0,0x0,Successful remote administrative logon for LOCAL\administrator from external IP 198.51.100.2,1,suspicious_admin_logon,India,Mumbai,18.76551,72.85048
2026-04-27 23:15:34,WIN-SRV-APP01,Microsoft-Windows-Security-Auditing,Security,4625,An account failed to log on,CORP,root,KALI,192.0.2.254,31885,3,C:\\Windows\\System32\\cmd.exe,0xC000006D,0xC000006A,Failed logon from 192.0.2.254 against multiple users; possible password spray,1,password_spray,Argentina,Buenos Aires,-34.75266,-57.93266
2026-04-27 23:16:10,WIN-SRV-FILE01,Microsoft-Windows-Security-Auditing,Security,4688,A new process has been created,CORP,dtorres,PC-RRHH-002,172.16.20.153,52726,10,C:\\Windows\\System32\\lsass.exe,0x0,0x0,Process created by CORP\dtorres: C:\\Windows\\System32\\lsass.exe,0,none,Internal,LAN,,
2026-04-27 23:17:32,WIN-SRV-APP01,Microsoft-Windows-Security-Auditing,Security,4625,An account failed to log on,EMPRESA,test,-,198.51.100.184,60860,3,C:\\Program Files\\Microsoft Defender\\MsMpEng.exe,0xC000006A,0xC000006A,Failed logon for EMPRESA\test from 198.51.100.184; possible brute force,1,brute_force_logon,United States,New York,41.05167,-73.87514
2026-04-27 23:18:20,WIN10-FIN-014,Microsoft-Windows-Security-Auditing,Security,4625,An account failed to log on,CORP,sqladmin,UNKNOWN,198.51.100.37,8103,3,C:\\Windows\\System32\\WindowsPowerShell\\v1.0\\powershell.exe,0xC000006D,0xC0000064,Failed logon for CORP\sqladmin from 198.51.100.37; possible brute force,1,brute_force_logon,South Africa,Johannesburg,-26.20262,28.2618
2026-04-27 23:18:24,WIN-SRV-DC01,Microsoft-Windows-Security-Auditing,Security,4634,An account was logged off,EMPRESA,alopez,PC-OPS-014,172.16.20.11,52218,3,C:\\Program Files\\Google\\Chrome\\Application\\chrome.exe,0x0,0x0,Logoff for EMPRESA\alopez from workstation PC-OPS-014,0,none,Internal,LAN,,
2026-04-27 23:18:28,WIN11-SEC-022,Microsoft-Windows-Security-Auditing,Security,4625,An account failed to log on,CORP,administrator,-,203.0.113.94,2305,10,C:\\Program Files\\Google\\Chrome\\Application\\chrome.exe,0xC000006D,0xC000006A,Failed logon from 203.0.113.94 against multiple users; possible password spray,1,password_spray,Brazil,Sao Paulo,-23.2952,-46.84293
2026-04-27 23:18:28,WIN11-SEC-022,Microsoft-Windows-Security-Auditing,Security,4624,An account was successfully logged on,EMPRESA,domain.admin,KALI,198.51.100.162,33523,3,C:\\Windows\\System32\\svchost.exe,0x0,0x0,Successful remote administrative logon for EMPRESA\domain.admin from external IP 198.51.100.162,1,suspicious_admin_logon,South Africa,Johannesburg,-26.56067,27.8457
2026-04-27 23:18:39,WIN-SRV-FILE01,Microsoft-Windows-Security-Auditing,Security,4625,An account failed to log on,LOCAL,oracle,ATTACKBOX,203.0.113.170,64708,3,C:\\Program Files\\Google\\Chrome\\Application\\chrome.exe,0xC000006A,0xC0000064,Failed logon for LOCAL\oracle from 203.0.113.170; possible brute force,1,brute_force_logon,Australia,Sydney,-34.12552,151.01181
2026-04-27 23:19:50,WIN11-SEC-022,Microsoft-Windows-Security-Auditing,Security,4726,A user account was deleted,CORP,dtorres,WIN-RDP,192.0.2.70,58012,2,C:\\Program Files\\Microsoft Defender\\MsMpEng.exe,0x0,0x0,User account deleted unexpectedly: CORP\dtorres from 192.0.2.70,1,account_deleted,South Africa,Johannesburg,-26.39403,27.96979
2026-04-27 23:20:02,WIN-SRV-FILE01,Microsoft-Windows-Security-Auditing,Security,4624,An account was successfully logged on,EMPRESA,svc_backup,PC-OPS-014,192.168.1.205,57176,2,C:\\Windows\\System32\\cmd.exe,0x0,0x0,Successful logon for EMPRESA\svc_backup from 192.168.1.205 using logon type 2,0,none,Internal,LAN,,
2026-04-27 23:20:10,WIN-SRV-DC01,Microsoft-Windows-Security-Auditing,Security,4624,An account was successfully logged on,LOCAL,administrator,KALI,198.51.100.224,52403,3,C:\\Windows\\System32\\cmd.exe,0x0,0x0,Successful remote administrative logon for LOCAL\administrator from external IP 198.51.100.224,1,suspicious_admin_logon,Japan,Tokyo,35.89278,139.85257
2026-04-27 23:20:17,WIN10-FIN-014,Microsoft-Windows-Security-Auditing,Security,4672,Special privileges assigned to new logon,LOCAL,soporte,UNKNOWN,192.0.2.217,22382,10,C:\\Program Files\\Google\\Chrome\\Application\\chrome.exe,0x0,0x0,Special privileges assigned to suspicious account LOCAL\soporte from 192.0.2.217,1,privilege_escalation,Chile,Santiago,-33.7459,-71.09841
2026-04-27 23:20:40,WIN-SRV-APP01,Microsoft-Windows-Security-Auditing,Security,4624,An account was successfully logged on,CORP,domain.admin,KALI,198.51.100.167,50447,3,C:\\Windows\\System32\\lsass.exe,0x0,0x0,Successful remote administrative logon for CORP\domain.admin from external IP 198.51.100.167,1,suspicious_admin_logon,Mexico,Mexico City,19.40496,-99.57548
2026-04-27 23:21:15,WIN10-FIN-014,Microsoft-Windows-Security-Auditing,Security,4672,Special privileges assigned to new logon,LOCAL,mgarcia,PC-OPS-014,192.168.1.86,62201,3,C:\\Windows\\System32\\lsass.exe,0x0,0x0,Special privileges assigned to LOCAL\mgarcia,0,none,Internal,LAN,,
2026-04-27 23:21:21,WIN10-FIN-014,Microsoft-Windows-Security-Auditing,Security,4625,An account failed to log on,LOCAL,admin,WIN-RDP,203.0.113.55,13938,3,C:\\Windows\\System32\\cmd.exe,0xC000006D,0xC000006A,Failed logon for LOCAL\admin from 203.0.113.55; possible brute force,1,brute_force_logon,South Africa,Johannesburg,-26.26201,27.70671
2026-04-27 23:21:26,WIN10-FIN-014,Microsoft-Windows-Security-Auditing,Security,4625,An account failed to log on,LOCAL,oracle,UNKNOWN,203.0.113.211,28648,3,C:\\Windows\\System32\\svchost.exe,0xC000006D,0xC000006A,Failed logon from 203.0.113.211 against multiple users; possible password spray,1,password_spray,India,Mumbai,18.65422,72.57893
2026-04-27 23:21:32,WIN10-FIN-014,Microsoft-Windows-Security-Auditing,Security,4688,A new process has been created,LOCAL,analista01,PC-FIN-001,192.168.1.59,56824,3,C:\\Windows\\System32\\cmd.exe,0x0,0x0,Process created by LOCAL\analista01: C:\\Windows\\System32\\cmd.exe,0,none,Internal,LAN,,
2026-04-27 23:22:00,WIN10-FIN-014,Microsoft-Windows-Security-Auditing,Security,4624,An account was successfully logged on,CORP,admin.ops,SRV-MON-001,192.168.1.100,54778,2,C:\\Windows\\System32\\WindowsPowerShell\\v1.0\\powershell.exe,0x0,0x0,Successful logon for CORP\admin.ops from 192.168.1.100 using logon type 2,0,none,Internal,LAN,,
2026-04-27 23:22:00,WIN-SRV-APP01,Microsoft-Windows-Security-Auditing,Security,4672,Special privileges assigned to new logon,LOCAL,admin,ATTACKBOX,203.0.113.242,9542,3,C:\\Windows\\System32\\winlogon.exe,0x0,0x0,Special privileges assigned to suspicious account LOCAL\admin from 203.0.113.242,1,privilege_escalation,Russia,Moscow,55.357,37.35603
2026-04-27 23:23:05,WIN11-SEC-022,Microsoft-Windows-Security-Auditing,Security,4625,An account failed to log on,EMPRESA,admin,ATTACKBOX,198.51.100.122,23688,3,C:\\Program Files\\Microsoft Defender\\MsMpEng.exe,0xC000006A,0xC0000064,Failed logon for EMPRESA\admin from 198.51.100.122; possible brute force,1,brute_force_logon,India,Mumbai,19.23857,72.68092
2026-04-27 23:23:18,WIN-SRV-APP01,Microsoft-Windows-Security-Auditing,Security,4625,An account failed to log on,LOCAL,sqladmin,WIN-RDP,192.0.2.89,16344,10,C:\\Program Files\\Microsoft Defender\\MsMpEng.exe,0xC000006D,0xC000006A,Failed logon from 192.0.2.89 against multiple users; possible password spray,1,password_spray,Mexico,Mexico City,19.09003,-99.56003
2026-04-27 23:23:41,WIN-SRV-APP01,Microsoft-Windows-Security-Auditing,Security,4688,A new process has been created,LOCAL,soporte,-,203.0.113.120,41085,10,C:\\Users\\Public\\loader.exe,0x0,0x0,Suspicious process execution by LOCAL\soporte: C:\\Users\\Public\\loader.exe,1,suspicious_process_execution,Chile,Santiago,-33.72439,-70.77396
2026-04-27 23:24:09,WIN-SRV-DC01,Microsoft-Windows-Security-Auditing,Security,4625,An account failed to log on,CORP,backup,ATTACKBOX,192.0.2.110,20675,10,C:\\Program Files\\Microsoft Defender\\MsMpEng.exe,0xC000006D,0xC000006A,Failed logon from 192.0.2.110 against multiple users; possible password spray,1,password_spray,Germany,Frankfurt,49.71413,9.07582
2026-04-27 23:25:08,WIN11-SEC-022,Microsoft-Windows-Security-Auditing,Security,4634,An account was logged off,LOCAL,finanzas02,LAP-GER-003,172.16.20.195,55853,7,C:\\Windows\\System32\\svchost.exe,0x0,0x0,Logoff for LOCAL\finanzas02 from workstation LAP-GER-003,0,none,Internal,LAN,,
2026-04-27 23:25:17,WIN11-SEC-022,Microsoft-Windows-Security-Auditing,Security,4625,An account failed to log on,CORP,soporte,UNKNOWN,203.0.113.183,61824,3,C:\\Windows\\System32\\winlogon.exe,0xC000006D,0xC000006A,Failed logon from 203.0.113.183 against multiple users; possible password spray,1,password_spray,Netherlands,Amsterdam,52.69307,5.28584
2026-04-27 23:25:27,WIN-SRV-APP01,Microsoft-Windows-Security-Auditing,Security,4625,An account failed to log on,CORP,test,WIN-RDP,198.51.100.14,4771,3,C:\\Program Files\\Google\\Chrome\\Application\\chrome.exe,0xC000006D,0xC000006A,Failed logon from 198.51.100.14 against multiple users; possible password spray,1,password_spray,China,Shanghai,30.95835,121.88345
2026-04-27 23:26:14,WIN-SRV-FILE01,Microsoft-Windows-Security-Auditing,Security,1102,The audit log was cleared,EMPRESA,soporte,ATTACKBOX,203.0.113.76,64165,10,C:\\Windows\\System32\\cmd.exe,0x0,0x0,Security audit log cleared by EMPRESA\soporte from 203.0.113.76,1,audit_log_cleared,Russia,Moscow,55.44779,37.23478
2026-04-27 23:26:47,WIN-SRV-FILE01,Microsoft-Windows-Security-Auditing,Security,4624,An account was successfully logged on,LOCAL,alopez,LAP-GER-003,10.10.42.196,54237,7,C:\\Windows\\System32\\svchost.exe,0x0,0x0,Successful logon for LOCAL\alopez from 10.10.42.196 using logon type 7,0,none,Internal,LAN,,
2026-04-27 23:26:50,WIN-SRV-APP01,Microsoft-Windows-Security-Auditing,Security,4634,An account was logged off,EMPRESA,finanzas02,SRV-MON-001,10.10.134.189,56621,10,C:\\Windows\\System32\\svchost.exe,0x0,0x0,Logoff for EMPRESA\finanzas02 from workstation SRV-MON-001,0,none,Internal,LAN,,
2026-04-27 23:27:33,WIN10-FIN-014,Microsoft-Windows-Security-Auditing,Security,4688,A new process has been created,CORP,svc_backup,PC-RRHH-002,10.10.57.101,55425,10,C:\\Program Files\\Microsoft Defender\\MsMpEng.exe,0x0,0x0,Process created by CORP\svc_backup: C:\\Program Files\\Microsoft Defender\\MsMpEng.exe,0,none,Internal,LAN,,
2026-04-27 23:27:59,WIN10-FIN-014,Microsoft-Windows-Security-Auditing,Security,4672,Special privileges assigned to new logon,LOCAL,administrator,WIN-RDP,198.51.100.104,57922,10,C:\\Windows\\System32\\cmd.exe,0x0,0x0,Special privileges assigned to suspicious account LOCAL\administrator from 198.51.100.104,1,privilege_escalation,United States,New York,40.85568,-74.16994
2026-04-27 23:28:37,WIN11-SEC-022,Microsoft-Windows-Security-Auditing,Security,4672,Special privileges assigned to new logon,CORP,soporte,UNKNOWN,192.0.2.158,26268,2,C:\\Program Files\\Microsoft Defender\\MsMpEng.exe,0x0,0x0,Special privileges assigned to suspicious account CORP\soporte from 192.0.2.158,1,privilege_escalation,Chile,Santiago,-33.50664,-70.47251
2026-04-27 23:30:00,WIN-SRV-APP01,Microsoft-Windows-Security-Auditing,Security,4624,An account was successfully logged on,LOCAL,crojas,SRV-MON-001,172.16.20.95,51105,2,C:\\Windows\\System32\\lsass.exe,0x0,0x0,Successful logon for LOCAL\crojas from 172.16.20.95 using logon type 2,0,none,Internal,LAN,,
2026-04-27 23:30:04,WIN-SRV-FILE01,Microsoft-Windows-Security-Auditing,Security,4625,An account failed to log on,CORP,admin,WIN-RDP,198.51.100.198,30711,3,C:\\Program Files\\Microsoft Defender\\MsMpEng.exe,0xC000006A,0xC0000064,Failed logon for CORP\admin from 198.51.100.198; possible brute force,1,brute_force_logon,Japan,Tokyo,35.716,139.60298
2026-04-27 23:30:09,WIN10-FIN-014,Microsoft-Windows-Security-Auditing,Security,4624,An account was successfully logged on,EMPRESA,administrator,ATTACKBOX,203.0.113.251,2629,10,C:\\Program Files\\Google\\Chrome\\Application\\chrome.exe,0x0,0x0,Successful remote administrative logon for EMPRESA\administrator from external IP 203.0.113.251,1,suspicious_admin_logon,South Africa,Johannesburg,-26.57409,27.709
2026-04-27 23:30:19,WIN-SRV-FILE01,Microsoft-Windows-Security-Auditing,Security,4634,An account was logged off,LOCAL,alopez,PC-FIN-001,10.10.23.116,52006,10,C:\\Windows\\System32\\winlogon.exe,0x0,0x0,Logoff for LOCAL\alopez from workstation PC-FIN-001,0,none,Internal,LAN,,
2026-04-27 23:30:37,WIN11-SEC-022,Microsoft-Windows-Security-Auditing,Security,4634,An account was logged off,CORP,mgarcia,PC-OPS-014,172.16.20.144,56433,7,C:\\Windows\\System32\\cmd.exe,0x0,0x0,Logoff for CORP\mgarcia from workstation PC-OPS-014,0,none,Internal,LAN,,
2026-04-27 23:30:46,WIN11-SEC-022,Microsoft-Windows-Security-Auditing,Security,4672,Special privileges assigned to new logon,LOCAL,soporte,KALI,192.0.2.220,5200,7,C:\\Windows\\System32\\cmd.exe,0x0,0x0,Special privileges assigned to suspicious account LOCAL\soporte from 192.0.2.220,1,privilege_escalation,Australia,Sydney,-33.54807,150.98059
2026-04-27 23:31:07,WIN-SRV-DC01,Microsoft-Windows-Security-Auditing,Security,4625,An account failed to log on,CORP,soporte,-,198.51.100.88,19511,3,C:\\Windows\\System32\\WindowsPowerShell\\v1.0\\powershell.exe,0xC000006D,0xC000006A,Failed logon from 198.51.100.88 against multiple users; possible password spray,1,password_spray,Mexico,Mexico City,19.24882,-99.47808
2026-04-27 23:31:09,WIN-SRV-APP01,Microsoft-Windows-Security-Auditing,Security,4624,An account was successfully logged on,EMPRESA,helpdesk01,PC-FIN-001,172.16.20.98,60991,10,C:\\Windows\\System32\\WindowsPowerShell\\v1.0\\powershell.exe,0x0,0x0,Successful logon for EMPRESA\helpdesk01 from 172.16.20.98 using logon type 10,0,none,Internal,LAN,,
2026-04-27 23:31:52,WIN-SRV-DC01,Microsoft-Windows-Security-Auditing,Security,4688,A new process has been created,LOCAL,sqladmin,ATTACKBOX,192.0.2.220,28831,3,C:\\Windows\\System32\\net.exe localgroup administrators soporte /add,0x0,0x0,Suspicious process execution by LOCAL\sqladmin: C:\\Windows\\System32\\net.exe localgroup administrators soporte /add,1,suspicious_process_execution,South Africa,Johannesburg,-26.42507,28.14413
2026-04-27 23:32:05,WIN-SRV-APP01,Microsoft-Windows-Security-Auditing,Security,4625,An account failed to log on,CORP,sqladmin,-,198.51.100.44,65253,3,C:\\Windows\\System32\\WindowsPowerShell\\v1.0\\powershell.exe,0xC000006D,0xC000006A,Failed logon for CORP\sqladmin from 198.51.100.44; possible brute force,1,brute_force_logon,Chile,Santiago,-33.51761,-70.94393
2026-04-27 23:33:18,WIN11-SEC-022,Microsoft-Windows-Security-Auditing,Security,4624,An account was successfully logged on,LOCAL,administrator,-,198.51.100.201,8353,3,C:\\Windows\\System32\\winlogon.exe,0x0,0x0,Successful remote administrative logon for LOCAL\administrator from external IP 198.51.100.201,1,suspicious_admin_logon,Spain,Madrid,40.19771,-3.26005
2026-04-27 23:33:29,WIN-SRV-FILE01,Microsoft-Windows-Security-Auditing,Security,4672,Special privileges assigned to new logon,EMPRESA,administrator,-,192.0.2.210,37878,7,C:\\Program Files\\Google\\Chrome\\Application\\chrome.exe,0x0,0x0,Special privileges assigned to suspicious account EMPRESA\administrator from 192.0.2.210,1,privilege_escalation,Netherlands,Amsterdam,52.49853,4.97957
2026-04-27 23:34:27,WIN-SRV-FILE01,Microsoft-Windows-Security-Auditing,Security,4648,A logon was attempted using explicit credentials,CORP,administrator,UNKNOWN,198.51.100.209,14452,3,C:\\Windows\\System32\\WindowsPowerShell\\v1.0\\powershell.exe,0x0,0x0,Explicit credentials used suspiciously by CORP\administrator from 198.51.100.209,1,explicit_credentials_abuse,South Africa,Johannesburg,-26.27008,27.74303
2026-04-27 23:34:38,WIN-SRV-FILE01,Microsoft-Windows-Security-Auditing,Security,4648,A logon was attempted using explicit credentials,LOCAL,lcastro,PC-RRHH-002,192.168.1.159,52162,2,C:\\Windows\\System32\\svchost.exe,0x0,0x0,Explicit credentials used by LOCAL\lcastro from PC-RRHH-002,0,none,Internal,LAN,,
2026-04-27 23:34:41,WIN-SRV-FILE01,Microsoft-Windows-Security-Auditing,Security,4624,An account was successfully logged on,LOCAL,admin.ops,PC-FIN-001,172.16.20.56,49639,7,C:\\Windows\\System32\\WindowsPowerShell\\v1.0\\powershell.exe,0x0,0x0,Successful logon for LOCAL\admin.ops from 172.16.20.56 using logon type 7,0,none,Internal,LAN,,
2026-04-27 23:34:47,WIN-SRV-DC01,Microsoft-Windows-Security-Auditing,Security,4625,An account failed to log on,EMPRESA,backup,KALI,198.51.100.131,9881,3,C:\\Windows\\System32\\svchost.exe,0xC000006D,0xC000006A,Failed logon for EMPRESA\backup from 198.51.100.131; possible brute force,1,brute_force_logon,Spain,Madrid,40.08151,-4.14557
2026-04-27 23:34:48,WIN11-SEC-022,Microsoft-Windows-Security-Auditing,Security,4625,An account failed to log on,EMPRESA,backup,-,192.0.2.153,21738,10,C:\\Windows\\System32\\WindowsPowerShell\\v1.0\\powershell.exe,0xC000006D,0xC0000064,Failed logon for EMPRESA\backup from 192.0.2.153; possible brute force,1,brute_force_logon,South Africa,Johannesburg,-26.06411,27.87599
2026-04-27 23:35:54,WIN10-FIN-014,Microsoft-Windows-Security-Auditing,Security,4648,A logon was attempted using explicit credentials,LOCAL,admin,UNKNOWN,192.0.2.197,63715,3,C:\\Program Files\\Microsoft Defender\\MsMpEng.exe,0x0,0x0,Explicit credentials used suspiciously by LOCAL\admin from 192.0.2.197,1,explicit_credentials_abuse,Japan,Tokyo,36.11803,139.51586
2026-04-27 23:36:25,WIN-SRV-FILE01,Microsoft-Windows-Security-Auditing,Security,4625,An account failed to log on,EMPRESA,soporte,-,203.0.113.78,64934,10,C:\\Windows\\System32\\WindowsPowerShell\\v1.0\\powershell.exe,0xC000006D,0xC000006A,Failed logon for EMPRESA\soporte from 203.0.113.78; possible brute force,1,brute_force_logon,Spain,Madrid,40.24608,-4.08928
2026-04-27 23:37:01,WIN-SRV-FILE01,Microsoft-Windows-Security-Auditing,Security,4672,Special privileges assigned to new logon,EMPRESA,soporte,UNKNOWN,198.51.100.103,14234,10,C:\\Windows\\System32\\WindowsPowerShell\\v1.0\\powershell.exe,0x0,0x0,Special privileges assigned to suspicious account EMPRESA\soporte from 198.51.100.103,1,privilege_escalation,Spain,Madrid,40.49712,-3.29825
2026-04-27 23:37:34,WIN-SRV-APP01,Microsoft-Windows-Security-Auditing,Security,4624,An account was successfully logged on,CORP,helpdesk01,PC-RRHH-002,192.168.1.87,59408,7,C:\\Windows\\System32\\winlogon.exe,0x0,0x0,Successful logon for CORP\helpdesk01 from 192.168.1.87 using logon type 7,0,none,Internal,LAN,,
2026-04-27 23:37:49,WIN-SRV-APP01,Microsoft-Windows-Security-Auditing,Security,4648,A logon was attempted using explicit credentials,LOCAL,svc_backup,KALI,203.0.113.75,36742,7,C:\\Windows\\System32\\cmd.exe,0x0,0x0,Explicit credentials used suspiciously by LOCAL\svc_backup from 203.0.113.75,1,explicit_credentials_abuse,Australia,Sydney,-34.21475,150.76
2026-04-27 23:38:07,WIN-SRV-DC01,Microsoft-Windows-Security-Auditing,Security,4625,An account failed to log on,EMPRESA,test,-,198.51.100.93,60214,3,C:\\Program Files\\Google\\Chrome\\Application\\chrome.exe,0xC000006D,0xC000006A,Failed logon from 198.51.100.93 against multiple users; possible password spray,1,password_spray,Brazil,Sao Paulo,-23.64789,-46.75796
2026-04-27 23:38:16,WIN-SRV-FILE01,Microsoft-Windows-Security-Auditing,Security,4634,An account was logged off,LOCAL,alopez,LAP-GER-003,192.168.1.88,63084,10,C:\\Windows\\System32\\WindowsPowerShell\\v1.0\\powershell.exe,0x0,0x0,Logoff for LOCAL\alopez from workstation LAP-GER-003,0,none,Internal,LAN,,
2026-04-27 23:38:52,WIN11-SEC-022,Microsoft-Windows-Security-Auditing,Security,4625,An account failed to log on,CORP,backup,ATTACKBOX,203.0.113.189,63527,10,C:\\Program Files\\Microsoft Defender\\MsMpEng.exe,0xC000006D,0xC000006A,Failed logon from 203.0.113.189 against multiple users; possible password spray,1,password_spray,South Africa,Johannesburg,-26.06749,27.68651
2026-04-27 23:39:22,WIN11-SEC-022,Microsoft-Windows-Security-Auditing,Security,4625,An account failed to log on,CORP,administrator,KALI,203.0.113.96,28520,3,C:\\Windows\\System32\\winlogon.exe,0xC000006D,0xC000006A,Failed logon for CORP\administrator from 203.0.113.96; possible brute force,1,brute_force_logon,Argentina,Buenos Aires,-34.63332,-58.63098
2026-04-27 23:40:07,WIN10-FIN-014,Microsoft-Windows-Security-Auditing,Security,4624,An account was successfully logged on,EMPRESA,finanzas02,PC-FIN-001,10.10.108.247,50675,2,C:\\Windows\\System32\\WindowsPowerShell\\v1.0\\powershell.exe,0x0,0x0,Successful logon for EMPRESA\finanzas02 from 10.10.108.247 using logon type 2,0,none,Internal,LAN,,
2026-04-27 23:40:19,WIN-SRV-APP01,Microsoft-Windows-Security-Auditing,Security,4625,An account failed to log on,EMPRESA,administrator,WIN-RDP,198.51.100.146,51383,3,C:\\Windows\\System32\\lsass.exe,0xC000006D,0xC000006A,Failed logon for EMPRESA\administrator from 198.51.100.146; possible brute force,1,brute_force_logon,Chile,Santiago,-33.85846,-70.89479
2026-04-27 23:41:17,WIN-SRV-DC01,Microsoft-Windows-Security-Auditing,Security,4625,An account failed to log on,EMPRESA,test,-,192.0.2.88,21667,10,C:\\Windows\\System32\\lsass.exe,0xC000006A,0xC0000064,Failed logon for EMPRESA\test from 192.0.2.88; possible brute force,1,brute_force_logon,Germany,Frankfurt,49.99766,8.24339
2026-04-27 23:41:53,WIN-SRV-APP01,Microsoft-Windows-Security-Auditing,Security,4624,An account was successfully logged on,CORP,lcastro,PC-RRHH-002,10.10.149.36,53886,10,C:\\Windows\\System32\\WindowsPowerShell\\v1.0\\powershell.exe,0x0,0x0,Successful logon for CORP\lcastro from 10.10.149.36 using logon type 10,0,none,Internal,LAN,,
2026-04-27 23:42:44,WIN-SRV-APP01,Microsoft-Windows-Security-Auditing,Security,4625,An account failed to log on,LOCAL,root,UNKNOWN,192.0.2.162,22891,3,C:\\Windows\\System32\\WindowsPowerShell\\v1.0\\powershell.exe,0xC000006A,0xC0000064,Failed logon for LOCAL\root from 192.0.2.162; possible brute force,1,brute_force_logon,Australia,Sydney,-33.42943,151.0469
2026-04-27 23:42:54,WIN11-SEC-022,Microsoft-Windows-Security-Auditing,Security,4624,An account was successfully logged on,EMPRESA,admin.ops,PC-OPS-014,172.16.20.121,64275,10,C:\\Windows\\System32\\svchost.exe,0x0,0x0,Successful logon for EMPRESA\admin.ops from 172.16.20.121 using logon type 10,0,none,Internal,LAN,,
2026-04-27 23:43:44,WIN-SRV-APP01,Microsoft-Windows-Security-Auditing,Security,4625,An account failed to log on,EMPRESA,oracle,ATTACKBOX,192.0.2.192,7924,10,C:\\Windows\\System32\\cmd.exe,0xC000006A,0xC000006A,Failed logon for EMPRESA\oracle from 192.0.2.192; possible brute force,1,brute_force_logon,Netherlands,Amsterdam,52.65601,4.73474
2026-04-27 23:44:14,WIN10-FIN-014,Microsoft-Windows-Security-Auditing,Security,4625,An account failed to log on,LOCAL,admin,UNKNOWN,198.51.100.172,54555,10,C:\\Program Files\\Microsoft Defender\\MsMpEng.exe,0xC000006D,0xC000006A,Failed logon from 198.51.100.172 against multiple users; possible password spray,1,password_spray,Chile,Santiago,-33.64302,-70.40266
2026-04-27 23:44:20,WIN-SRV-DC01,Microsoft-Windows-Security-Auditing,Security,4625,An account failed to log on,LOCAL,root,KALI,203.0.113.161,41300,10,C:\\Program Files\\Microsoft Defender\\MsMpEng.exe,0xC000006D,0xC000006A,Failed logon from 203.0.113.161 against multiple users; possible password spray,1,password_spray,Chile,Santiago,-33.2018,-70.53186
2026-04-27 23:44:55,WIN11-SEC-022,Microsoft-Windows-Security-Auditing,Security,4624,An account was successfully logged on,EMPRESA,lcastro,SRV-MON-001,192.168.1.19,60080,7,C:\\Program Files\\Microsoft Defender\\MsMpEng.exe,0x0,0x0,Successful logon for EMPRESA\lcastro from 192.168.1.19 using logon type 7,0,none,Internal,LAN,,
2026-04-27 23:44:56,WIN11-SEC-022,Microsoft-Windows-Security-Auditing,Security,4672,Special privileges assigned to new logon,CORP,administrator,WIN-RDP,192.0.2.2,58349,7,C:\\Program Files\\Google\\Chrome\\Application\\chrome.exe,0x0,0x0,Special privileges assigned to suspicious account CORP\administrator from 192.0.2.2,1,privilege_escalation,Russia,Moscow,55.65629,37.75151
2026-04-27 23:45:22,WIN-SRV-FILE01,Microsoft-Windows-Security-Auditing,Security,4720,A user account was created,CORP,backup2,UNKNOWN,198.51.100.228,51089,2,C:\\Windows\\System32\\svchost.exe,0x0,0x0,Suspicious user account created: CORP\backup2 from 198.51.100.228,1,account_creation,Mexico,Mexico City,19.23375,-98.88632
