2026-04-26 15:22:22,WIN-SRV-DC01,Microsoft-Windows-Security-Auditing,Security,4672,Special privileges assigned to new logon,EMPRESA,dtorres,SRV-MON-001,10.10.152.102,51052,10,C:\\Windows\\System32\\svchost.exe,0x0,0x0,Special privileges assigned to EMPRESA\dtorres,0,none,Internal,LAN,,
2026-04-26 15:22:42,WIN11-SEC-022,Microsoft-Windows-Security-Auditing,Security,4624,An account was successfully logged on,CORP,crojas,PC-OPS-014,10.10.18.0,58494,7,C:\\Windows\\System32\\cmd.exe,0x0,0x0,Successful logon for CORP\crojas from 10.10.18.0 using logon type 7,0,none,Internal,LAN,,
2026-04-26 15:24:44,WIN10-FIN-014,Microsoft-Windows-Security-Auditing,Security,4624,An account was successfully logged on,LOCAL,svc_backup,SRV-MON-001,10.10.118.83,54173,2,C:\\Windows\\System32\\svchost.exe,0x0,0x0,Successful logon for LOCAL\svc_backup from 10.10.118.83 using logon type 2,0,none,Internal,LAN,,
2026-04-26 15:25:20,WIN11-SEC-022,Microsoft-Windows-Security-Auditing,Security,4624,An account was successfully logged on,CORP,svc_monitor,PC-OPS-014,172.16.20.207,54019,3,C:\\Program Files\\Microsoft Defender\\MsMpEng.exe,0x0,0x0,Successful logon for CORP\svc_monitor from 172.16.20.207 using logon type 3,0,none,Internal,LAN,,
2026-04-26 15:29:43,WIN-SRV-APP01,Microsoft-Windows-Security-Auditing,Security,4624,An account was successfully logged on,EMPRESA,dtorres,LAP-GER-003,10.10.226.191,58693,3,C:\\Windows\\System32\\cmd.exe,0x0,0x0,Successful logon for EMPRESA\dtorres from 10.10.226.191 using logon type 3,0,none,Internal,LAN,,
2026-04-26 15:30:27,WIN10-FIN-014,Microsoft-Windows-Security-Auditing,Security,4688,A new process has been created,CORP,admin.ops,PC-FIN-001,172.16.20.119,53834,2,C:\\Program Files\\Google\\Chrome\\Application\\chrome.exe,0x0,0x0,Process created by CORP\admin.ops: C:\\Program Files\\Google\\Chrome\\Application\\chrome.exe,0,none,Internal,LAN,,
2026-04-26 15:32:11,WIN11-SEC-022,Microsoft-Windows-Security-Auditing,Security,4688,A new process has been created,LOCAL,svc_monitor,SRV-MON-001,192.168.1.120,60380,10,C:\\Windows\\System32\\WindowsPowerShell\\v1.0\\powershell.exe,0x0,0x0,Process created by LOCAL\svc_monitor: C:\\Windows\\System32\\WindowsPowerShell\\v1.0\\powershell.exe,0,none,Internal,LAN,,
2026-04-26 15:32:31,WIN10-FIN-014,Microsoft-Windows-Security-Auditing,Security,4624,An account was successfully logged on,LOCAL,alopez,PC-OPS-014,10.10.152.58,63101,3,C:\\Windows\\System32\\lsass.exe,0x0,0x0,Successful logon for LOCAL\alopez from 10.10.152.58 using logon type 3,0,none,Internal,LAN,,
2026-04-26 15:34:35,WIN-SRV-FILE01,Microsoft-Windows-Security-Auditing,Security,4624,An account was successfully logged on,LOCAL,svc_backup,PC-FIN-001,10.10.77.151,49727,3,C:\\Windows\\System32\\winlogon.exe,0x0,0x0,Successful logon for LOCAL\svc_backup from 10.10.77.151 using logon type 3,0,none,Internal,LAN,,
2026-04-26 15:34:50,WIN10-FIN-014,Microsoft-Windows-Security-Auditing,Security,4624,An account was successfully logged on,LOCAL,crojas,SRV-MON-001,172.16.20.185,60612,2,C:\\Windows\\System32\\lsass.exe,0x0,0x0,Successful logon for LOCAL\crojas from 172.16.20.185 using logon type 2,0,none,Internal,LAN,,
2026-04-26 15:37:22,WIN-SRV-DC01,Microsoft-Windows-Security-Auditing,Security,4624,An account was successfully logged on,CORP,alopez,SRV-MON-001,10.10.3.17,50626,10,C:\\Windows\\System32\\lsass.exe,0x0,0x0,Successful logon for CORP\alopez from 10.10.3.17 using logon type 10,0,none,Internal,LAN,,
2026-04-26 15:38:19,WIN11-SEC-022,Microsoft-Windows-Security-Auditing,Security,4634,An account was logged off,CORP,finanzas02,SRV-MON-001,192.168.1.120,64272,10,C:\\Windows\\System32\\WindowsPowerShell\\v1.0\\powershell.exe,0x0,0x0,Logoff for CORP\finanzas02 from workstation SRV-MON-001,0,none,Internal,LAN,,
2026-04-26 15:39:35,WIN10-FIN-014,Microsoft-Windows-Security-Auditing,Security,4624,An account was successfully logged on,CORP,dtorres,PC-FIN-001,172.16.20.215,64353,10,C:\\Windows\\System32\\cmd.exe,0x0,0x0,Successful logon for CORP\dtorres from 172.16.20.215 using logon type 10,0,none,Internal,LAN,,
2026-04-26 15:43:29,WIN-SRV-FILE01,Microsoft-Windows-Security-Auditing,Security,4634,An account was logged off,CORP,mgarcia,LAP-GER-003,172.16.20.177,58558,10,C:\\Windows\\System32\\winlogon.exe,0x0,0x0,Logoff for CORP\mgarcia from workstation LAP-GER-003,0,none,Internal,LAN,,
2026-04-26 15:46:37,WIN-SRV-DC01,Microsoft-Windows-Security-Auditing,Security,4634,An account was logged off,EMPRESA,lcastro,LAP-GER-003,192.168.1.215,55936,3,C:\\Program Files\\Google\\Chrome\\Application\\chrome.exe,0x0,0x0,Logoff for EMPRESA\lcastro from workstation LAP-GER-003,0,none,Internal,LAN,,
2026-04-26 15:48:40,WIN-SRV-APP01,Microsoft-Windows-Security-Auditing,Security,4672,Special privileges assigned to new logon,EMPRESA,admin.ops,SRV-MON-001,172.16.20.100,54914,2,C:\\Program Files\\Google\\Chrome\\Application\\chrome.exe,0x0,0x0,Special privileges assigned to EMPRESA\admin.ops,0,none,Internal,LAN,,
2026-04-26 15:48:47,WIN-SRV-DC01,Microsoft-Windows-Security-Auditing,Security,4624,An account was successfully logged on,LOCAL,admin.ops,SRV-MON-001,10.10.223.231,63276,7,C:\\Program Files\\Google\\Chrome\\Application\\chrome.exe,0x0,0x0,Successful logon for LOCAL\admin.ops from 10.10.223.231 using logon type 7,0,none,Internal,LAN,,
2026-04-26 15:50:00,WIN10-FIN-014,Microsoft-Windows-Security-Auditing,Security,4688,A new process has been created,LOCAL,mgarcia,LAP-GER-003,172.16.20.113,53440,2,C:\\Windows\\System32\\cmd.exe,0x0,0x0,Process created by LOCAL\mgarcia: C:\\Windows\\System32\\cmd.exe,0,none,Internal,LAN,,
2026-04-26 15:50:02,WIN-SRV-FILE01,Microsoft-Windows-Security-Auditing,Security,4624,An account was successfully logged on,LOCAL,mgarcia,PC-RRHH-002,10.10.137.10,55188,7,C:\\Program Files\\Microsoft Defender\\MsMpEng.exe,0x0,0x0,Successful logon for LOCAL\mgarcia from 10.10.137.10 using logon type 7,0,none,Internal,LAN,,
2026-04-26 15:51:22,WIN10-FIN-014,Microsoft-Windows-Security-Auditing,Security,4624,An account was successfully logged on,EMPRESA,crojas,PC-FIN-001,10.10.106.40,61905,2,C:\\Windows\\System32\\WindowsPowerShell\\v1.0\\powershell.exe,0x0,0x0,Successful logon for EMPRESA\crojas from 10.10.106.40 using logon type 2,0,none,Internal,LAN,,
2026-04-26 15:51:55,WIN-SRV-DC01,Microsoft-Windows-Security-Auditing,Security,4688,A new process has been created,LOCAL,dtorres,PC-RRHH-002,192.168.1.88,59222,3,C:\\Windows\\System32\\lsass.exe,0x0,0x0,Process created by LOCAL\dtorres: C:\\Windows\\System32\\lsass.exe,0,none,Internal,LAN,,
2026-04-26 15:51:57,WIN-SRV-DC01,Microsoft-Windows-Security-Auditing,Security,4624,An account was successfully logged on,LOCAL,finanzas02,LAP-GER-003,172.16.20.222,63651,2,C:\\Windows\\System32\\lsass.exe,0x0,0x0,Successful logon for LOCAL\finanzas02 from 172.16.20.222 using logon type 2,0,none,Internal,LAN,,
2026-04-26 15:52:04,WIN-SRV-FILE01,Microsoft-Windows-Security-Auditing,Security,4624,An account was successfully logged on,EMPRESA,mgarcia,PC-OPS-014,192.168.1.166,56837,3,C:\\Program Files\\Microsoft Defender\\MsMpEng.exe,0x0,0x0,Successful logon for EMPRESA\mgarcia from 192.168.1.166 using logon type 3,0,none,Internal,LAN,,
2026-04-26 15:52:15,WIN11-SEC-022,Microsoft-Windows-Security-Auditing,Security,4634,An account was logged off,LOCAL,jperez,LAP-GER-003,192.168.1.29,51367,2,C:\\Program Files\\Microsoft Defender\\MsMpEng.exe,0x0,0x0,Logoff for LOCAL\jperez from workstation LAP-GER-003,0,none,Internal,LAN,,
2026-04-26 15:54:17,WIN10-FIN-014,Microsoft-Windows-Security-Auditing,Security,4624,An account was successfully logged on,EMPRESA,analista01,PC-OPS-014,10.10.238.202,54519,2,C:\\Windows\\System32\\lsass.exe,0x0,0x0,Successful logon for EMPRESA\analista01 from 10.10.238.202 using logon type 2,0,none,Internal,LAN,,
2026-04-26 15:55:19,WIN-SRV-APP01,Microsoft-Windows-Security-Auditing,Security,4688,A new process has been created,EMPRESA,dtorres,SRV-MON-001,192.168.1.163,65223,2,C:\\Program Files\\Google\\Chrome\\Application\\chrome.exe,0x0,0x0,Process created by EMPRESA\dtorres: C:\\Program Files\\Google\\Chrome\\Application\\chrome.exe,0,none,Internal,LAN,,
2026-04-26 15:55:39,WIN-SRV-FILE01,Microsoft-Windows-Security-Auditing,Security,4688,A new process has been created,LOCAL,helpdesk01,PC-FIN-001,172.16.20.86,57780,7,C:\\Program Files\\Google\\Chrome\\Application\\chrome.exe,0x0,0x0,Process created by LOCAL\helpdesk01: C:\\Program Files\\Google\\Chrome\\Application\\chrome.exe,0,none,Internal,LAN,,
2026-04-26 15:58:10,WIN-SRV-DC01,Microsoft-Windows-Security-Auditing,Security,4634,An account was logged off,EMPRESA,mgarcia,PC-RRHH-002,192.168.1.122,60437,2,C:\\Program Files\\Microsoft Defender\\MsMpEng.exe,0x0,0x0,Logoff for EMPRESA\mgarcia from workstation PC-RRHH-002,0,none,Internal,LAN,,
2026-04-26 15:58:43,WIN-SRV-DC01,Microsoft-Windows-Security-Auditing,Security,4624,An account was successfully logged on,EMPRESA,svc_monitor,PC-FIN-001,172.16.20.55,61442,2,C:\\Windows\\System32\\svchost.exe,0x0,0x0,Successful logon for EMPRESA\svc_monitor from 172.16.20.55 using logon type 2,0,none,Internal,LAN,,
2026-04-26 15:59:38,WIN10-FIN-014,Microsoft-Windows-Security-Auditing,Security,4624,An account was successfully logged on,EMPRESA,lcastro,PC-RRHH-002,172.16.20.185,62615,10,C:\\Program Files\\Microsoft Defender\\MsMpEng.exe,0x0,0x0,Successful logon for EMPRESA\lcastro from 172.16.20.185 using logon type 10,0,none,Internal,LAN,,
2026-04-26 16:01:40,WIN-SRV-FILE01,Microsoft-Windows-Security-Auditing,Security,4624,An account was successfully logged on,LOCAL,dtorres,LAP-GER-003,10.10.120.255,49195,2,C:\\Program Files\\Microsoft Defender\\MsMpEng.exe,0x0,0x0,Successful logon for LOCAL\dtorres from 10.10.120.255 using logon type 2,0,none,Internal,LAN,,
2026-04-26 16:03:59,WIN-SRV-APP01,Microsoft-Windows-Security-Auditing,Security,4634,An account was logged off,EMPRESA,jperez,PC-OPS-014,172.16.20.190,60807,7,C:\\Windows\\System32\\winlogon.exe,0x0,0x0,Logoff for EMPRESA\jperez from workstation PC-OPS-014,0,none,Internal,LAN,,
2026-04-26 16:04:05,WIN-SRV-FILE01,Microsoft-Windows-Security-Auditing,Security,4688,A new process has been created,EMPRESA,svc_monitor,PC-RRHH-002,192.168.1.156,61620,2,C:\\Windows\\System32\\lsass.exe,0x0,0x0,Process created by EMPRESA\svc_monitor: C:\\Windows\\System32\\lsass.exe,0,none,Internal,LAN,,
2026-04-26 16:04:34,WIN11-SEC-022,Microsoft-Windows-Security-Auditing,Security,4624,An account was successfully logged on,CORP,svc_monitor,SRV-MON-001,10.10.29.54,57256,10,C:\\Program Files\\Google\\Chrome\\Application\\chrome.exe,0x0,0x0,Successful logon for CORP\svc_monitor from 10.10.29.54 using logon type 10,0,none,Internal,LAN,,
2026-04-26 16:05:24,WIN11-SEC-022,Microsoft-Windows-Security-Auditing,Security,4624,An account was successfully logged on,EMPRESA,finanzas02,PC-OPS-014,172.16.20.213,55292,2,C:\\Program Files\\Microsoft Defender\\MsMpEng.exe,0x0,0x0,Successful logon for EMPRESA\finanzas02 from 172.16.20.213 using logon type 2,0,none,Internal,LAN,,
2026-04-26 16:05:24,WIN-SRV-FILE01,Microsoft-Windows-Security-Auditing,Security,4648,A logon was attempted using explicit credentials,LOCAL,analista01,PC-OPS-014,172.16.20.236,59929,10,C:\\Program Files\\Google\\Chrome\\Application\\chrome.exe,0x0,0x0,Explicit credentials used by LOCAL\analista01 from PC-OPS-014,0,none,Internal,LAN,,
2026-04-26 16:05:33,WIN-SRV-APP01,Microsoft-Windows-Security-Auditing,Security,4624,An account was successfully logged on,LOCAL,svc_backup,LAP-GER-003,192.168.1.13,60420,10,C:\\Windows\\System32\\WindowsPowerShell\\v1.0\\powershell.exe,0x0,0x0,Successful logon for LOCAL\svc_backup from 192.168.1.13 using logon type 10,0,none,Internal,LAN,,
2026-04-26 16:06:10,WIN-SRV-APP01,Microsoft-Windows-Security-Auditing,Security,4634,An account was logged off,EMPRESA,crojas,SRV-MON-001,172.16.20.175,53073,10,C:\\Windows\\System32\\winlogon.exe,0x0,0x0,Logoff for EMPRESA\crojas from workstation SRV-MON-001,0,none,Internal,LAN,,
2026-04-26 16:06:55,WIN-SRV-FILE01,Microsoft-Windows-Security-Auditing,Security,4688,A new process has been created,EMPRESA,svc_monitor,LAP-GER-003,172.16.20.252,63404,2,C:\\Windows\\System32\\WindowsPowerShell\\v1.0\\powershell.exe,0x0,0x0,Process created by EMPRESA\svc_monitor: C:\\Windows\\System32\\WindowsPowerShell\\v1.0\\powershell.exe,0,none,Internal,LAN,,
2026-04-26 16:07:20,WIN-SRV-DC01,Microsoft-Windows-Security-Auditing,Security,4624,An account was successfully logged on,EMPRESA,mgarcia,PC-FIN-001,172.16.20.184,59846,3,C:\\Windows\\System32\\WindowsPowerShell\\v1.0\\powershell.exe,0x0,0x0,Successful logon for EMPRESA\mgarcia from 172.16.20.184 using logon type 3,0,none,Internal,LAN,,
2026-04-26 16:10:20,WIN-SRV-APP01,Microsoft-Windows-Security-Auditing,Security,4624,An account was successfully logged on,CORP,lcastro,PC-OPS-014,10.10.177.158,61814,10,C:\\Program Files\\Microsoft Defender\\MsMpEng.exe,0x0,0x0,Successful logon for CORP\lcastro from 10.10.177.158 using logon type 10,0,none,Internal,LAN,,
2026-04-26 16:13:11,WIN-SRV-DC01,Microsoft-Windows-Security-Auditing,Security,4624,An account was successfully logged on,CORP,lcastro,PC-FIN-001,10.10.13.82,54181,10,C:\\Windows\\System32\\cmd.exe,0x0,0x0,Successful logon for CORP\lcastro from 10.10.13.82 using logon type 10,0,none,Internal,LAN,,
2026-04-26 16:13:55,WIN10-FIN-014,Microsoft-Windows-Security-Auditing,Security,4624,An account was successfully logged on,CORP,admin.ops,SRV-MON-001,10.10.104.139,49968,7,C:\\Windows\\System32\\lsass.exe,0x0,0x0,Successful logon for CORP\admin.ops from 10.10.104.139 using logon type 7,0,none,Internal,LAN,,
2026-04-26 16:14:02,WIN-SRV-FILE01,Microsoft-Windows-Security-Auditing,Security,4634,An account was logged off,EMPRESA,jperez,SRV-MON-001,10.10.198.16,59652,2,C:\\Windows\\System32\\lsass.exe,0x0,0x0,Logoff for EMPRESA\jperez from workstation SRV-MON-001,0,none,Internal,LAN,,
2026-04-26 16:16:54,WIN11-SEC-022,Microsoft-Windows-Security-Auditing,Security,4624,An account was successfully logged on,CORP,analista01,LAP-GER-003,10.10.97.106,54028,7,C:\\Program Files\\Microsoft Defender\\MsMpEng.exe,0x0,0x0,Successful logon for CORP\analista01 from 10.10.97.106 using logon type 7,0,none,Internal,LAN,,
2026-04-26 16:17:06,WIN11-SEC-022,Microsoft-Windows-Security-Auditing,Security,4624,An account was successfully logged on,EMPRESA,mgarcia,SRV-MON-001,192.168.1.63,56969,3,C:\\Windows\\System32\\winlogon.exe,0x0,0x0,Successful logon for EMPRESA\mgarcia from 192.168.1.63 using logon type 3,0,none,Internal,LAN,,
2026-04-26 16:17:34,WIN-SRV-APP01,Microsoft-Windows-Security-Auditing,Security,4624,An account was successfully logged on,CORP,jperez,PC-FIN-001,10.10.34.70,51918,10,C:\\Windows\\System32\\cmd.exe,0x0,0x0,Successful logon for CORP\jperez from 10.10.34.70 using logon type 10,0,none,Internal,LAN,,
2026-04-26 16:18:43,WIN-SRV-DC01,Microsoft-Windows-Security-Auditing,Security,4634,An account was logged off,CORP,svc_backup,PC-RRHH-002,192.168.1.131,59976,2,C:\\Program Files\\Google\\Chrome\\Application\\chrome.exe,0x0,0x0,Logoff for CORP\svc_backup from workstation PC-RRHH-002,0,none,Internal,LAN,,
2026-04-26 16:20:39,WIN-SRV-DC01,Microsoft-Windows-Security-Auditing,Security,4672,Special privileges assigned to new logon,CORP,admin.ops,LAP-GER-003,192.168.1.35,58298,3,C:\\Windows\\System32\\winlogon.exe,0x0,0x0,Special privileges assigned to CORP\admin.ops,0,none,Internal,LAN,,
2026-04-26 16:23:29,WIN-SRV-APP01,Microsoft-Windows-Security-Auditing,Security,4634,An account was logged off,LOCAL,lcastro,PC-FIN-001,192.168.1.148,57730,2,C:\\Windows\\System32\\winlogon.exe,0x0,0x0,Logoff for LOCAL\lcastro from workstation PC-FIN-001,0,none,Internal,LAN,,
2026-04-26 16:23:43,WIN-SRV-DC01,Microsoft-Windows-Security-Auditing,Security,4634,An account was logged off,CORP,jperez,PC-OPS-014,192.168.1.108,60247,7,C:\\Windows\\System32\\svchost.exe,0x0,0x0,Logoff for CORP\jperez from workstation PC-OPS-014,0,none,Internal,LAN,,
2026-04-26 16:25:16,WIN-SRV-APP01,Microsoft-Windows-Security-Auditing,Security,4634,An account was logged off,EMPRESA,dtorres,PC-OPS-014,172.16.20.18,54003,3,C:\\Windows\\System32\\winlogon.exe,0x0,0x0,Logoff for EMPRESA\dtorres from workstation PC-OPS-014,0,none,Internal,LAN,,
2026-04-26 16:25:52,WIN-SRV-FILE01,Microsoft-Windows-Security-Auditing,Security,4624,An account was successfully logged on,CORP,analista01,LAP-GER-003,192.168.1.128,55527,7,C:\\Windows\\System32\\winlogon.exe,0x0,0x0,Successful logon for CORP\analista01 from 192.168.1.128 using logon type 7,0,none,Internal,LAN,,
2026-04-26 16:26:36,WIN-SRV-APP01,Microsoft-Windows-Security-Auditing,Security,4624,An account was successfully logged on,CORP,crojas,PC-FIN-001,172.16.20.170,63667,2,C:\\Windows\\System32\\winlogon.exe,0x0,0x0,Successful logon for CORP\crojas from 172.16.20.170 using logon type 2,0,none,Internal,LAN,,
2026-04-26 16:26:45,WIN11-SEC-022,Microsoft-Windows-Security-Auditing,Security,4624,An account was successfully logged on,CORP,jperez,PC-FIN-001,10.10.43.108,58792,3,C:\\Windows\\System32\\winlogon.exe,0x0,0x0,Successful logon for CORP\jperez from 10.10.43.108 using logon type 3,0,none,Internal,LAN,,
2026-04-26 16:27:33,WIN-SRV-FILE01,Microsoft-Windows-Security-Auditing,Security,4624,An account was successfully logged on,LOCAL,dtorres,PC-FIN-001,192.168.1.196,62693,7,C:\\Windows\\System32\\lsass.exe,0x0,0x0,Successful logon for LOCAL\dtorres from 192.168.1.196 using logon type 7,0,none,Internal,LAN,,
2026-04-26 16:29:31,WIN-SRV-FILE01,Microsoft-Windows-Security-Auditing,Security,4624,An account was successfully logged on,EMPRESA,jperez,LAP-GER-003,172.16.20.191,58084,2,C:\\Windows\\System32\\svchost.exe,0x0,0x0,Successful logon for EMPRESA\jperez from 172.16.20.191 using logon type 2,0,none,Internal,LAN,,
2026-04-26 16:30:38,WIN-SRV-DC01,Microsoft-Windows-Security-Auditing,Security,4624,An account was successfully logged on,EMPRESA,lcastro,LAP-GER-003,192.168.1.60,62469,7,C:\\Program Files\\Microsoft Defender\\MsMpEng.exe,0x0,0x0,Successful logon for EMPRESA\lcastro from 192.168.1.60 using logon type 7,0,none,Internal,LAN,,
2026-04-26 16:30:40,WIN-SRV-DC01,Microsoft-Windows-Security-Auditing,Security,4634,An account was logged off,CORP,finanzas02,PC-RRHH-002,10.10.189.41,59249,10,C:\\Windows\\System32\\WindowsPowerShell\\v1.0\\powershell.exe,0x0,0x0,Logoff for CORP\finanzas02 from workstation PC-RRHH-002,0,none,Internal,LAN,,
2026-04-26 16:31:23,WIN-SRV-FILE01,Microsoft-Windows-Security-Auditing,Security,4672,Special privileges assigned to new logon,LOCAL,dtorres,PC-OPS-014,192.168.1.103,56467,10,C:\\Windows\\System32\\WindowsPowerShell\\v1.0\\powershell.exe,0x0,0x0,Special privileges assigned to LOCAL\dtorres,0,none,Internal,LAN,,
2026-04-26 16:32:42,WIN-SRV-DC01,Microsoft-Windows-Security-Auditing,Security,4688,A new process has been created,LOCAL,analista01,PC-RRHH-002,10.10.146.202,58743,7,C:\\Windows\\System32\\svchost.exe,0x0,0x0,Process created by LOCAL\analista01: C:\\Windows\\System32\\svchost.exe,0,none,Internal,LAN,,
2026-04-26 16:33:01,WIN10-FIN-014,Microsoft-Windows-Security-Auditing,Security,4624,An account was successfully logged on,LOCAL,alopez,PC-FIN-001,192.168.1.112,52920,2,C:\\Windows\\System32\\WindowsPowerShell\\v1.0\\powershell.exe,0x0,0x0,Successful logon for LOCAL\alopez from 192.168.1.112 using logon type 2,0,none,Internal,LAN,,
2026-04-26 16:33:32,WIN-SRV-FILE01,Microsoft-Windows-Security-Auditing,Security,4624,An account was successfully logged on,LOCAL,finanzas02,SRV-MON-001,172.16.20.222,61682,7,C:\\Windows\\System32\\WindowsPowerShell\\v1.0\\powershell.exe,0x0,0x0,Successful logon for LOCAL\finanzas02 from 172.16.20.222 using logon type 7,0,none,Internal,LAN,,
2026-04-26 16:34:28,WIN-SRV-APP01,Microsoft-Windows-Security-Auditing,Security,4688,A new process has been created,EMPRESA,lcastro,LAP-GER-003,192.168.1.158,54526,7,C:\\Program Files\\Google\\Chrome\\Application\\chrome.exe,0x0,0x0,Process created by EMPRESA\lcastro: C:\\Program Files\\Google\\Chrome\\Application\\chrome.exe,0,none,Internal,LAN,,
2026-04-26 16:34:46,WIN10-FIN-014,Microsoft-Windows-Security-Auditing,Security,4624,An account was successfully logged on,EMPRESA,crojas,PC-FIN-001,172.16.20.123,65279,10,C:\\Windows\\System32\\cmd.exe,0x0,0x0,Successful logon for EMPRESA\crojas from 172.16.20.123 using logon type 10,0,none,Internal,LAN,,
2026-04-26 16:36:39,WIN-SRV-DC01,Microsoft-Windows-Security-Auditing,Security,4688,A new process has been created,EMPRESA,lcastro,PC-RRHH-002,172.16.20.148,62252,3,C:\\Windows\\System32\\winlogon.exe,0x0,0x0,Process created by EMPRESA\lcastro: C:\\Windows\\System32\\winlogon.exe,0,none,Internal,LAN,,
2026-04-26 16:38:04,WIN11-SEC-022,Microsoft-Windows-Security-Auditing,Security,4624,An account was successfully logged on,LOCAL,crojas,PC-OPS-014,192.168.1.235,55775,2,C:\\Windows\\System32\\cmd.exe,0x0,0x0,Successful logon for LOCAL\crojas from 192.168.1.235 using logon type 2,0,none,Internal,LAN,,
2026-04-26 16:40:51,WIN10-FIN-014,Microsoft-Windows-Security-Auditing,Security,4624,An account was successfully logged on,LOCAL,finanzas02,LAP-GER-003,172.16.20.132,51730,10,C:\\Windows\\System32\\svchost.exe,0x0,0x0,Successful logon for LOCAL\finanzas02 from 172.16.20.132 using logon type 10,0,none,Internal,LAN,,
2026-04-26 16:41:12,WIN10-FIN-014,Microsoft-Windows-Security-Auditing,Security,4624,An account was successfully logged on,LOCAL,svc_backup,PC-RRHH-002,172.16.20.56,58834,7,C:\\Windows\\System32\\WindowsPowerShell\\v1.0\\powershell.exe,0x0,0x0,Successful logon for LOCAL\svc_backup from 172.16.20.56 using logon type 7,0,none,Internal,LAN,,
2026-04-26 16:41:22,WIN-SRV-FILE01,Microsoft-Windows-Security-Auditing,Security,4634,An account was logged off,EMPRESA,mgarcia,PC-OPS-014,192.168.1.99,61720,7,C:\\Windows\\System32\\winlogon.exe,0x0,0x0,Logoff for EMPRESA\mgarcia from workstation PC-OPS-014,0,none,Internal,LAN,,
2026-04-26 16:44:09,WIN11-SEC-022,Microsoft-Windows-Security-Auditing,Security,4624,An account was successfully logged on,CORP,lcastro,SRV-MON-001,192.168.1.142,59556,7,C:\\Windows\\System32\\cmd.exe,0x0,0x0,Successful logon for CORP\lcastro from 192.168.1.142 using logon type 7,0,none,Internal,LAN,,
2026-04-26 16:44:29,WIN11-SEC-022,Microsoft-Windows-Security-Auditing,Security,4624,An account was successfully logged on,EMPRESA,alopez,PC-RRHH-002,10.10.132.66,50510,3,C:\\Windows\\System32\\cmd.exe,0x0,0x0,Successful logon for EMPRESA\alopez from 10.10.132.66 using logon type 3,0,none,Internal,LAN,,
2026-04-26 16:45:21,WIN-SRV-FILE01,Microsoft-Windows-Security-Auditing,Security,4634,An account was logged off,LOCAL,svc_backup,SRV-MON-001,172.16.20.226,63463,2,C:\\Windows\\System32\\svchost.exe,0x0,0x0,Logoff for LOCAL\svc_backup from workstation SRV-MON-001,0,none,Internal,LAN,,
2026-04-26 16:47:01,WIN-SRV-APP01,Microsoft-Windows-Security-Auditing,Security,4624,An account was successfully logged on,CORP,analista01,PC-OPS-014,172.16.20.196,60873,3,C:\\Windows\\System32\\winlogon.exe,0x0,0x0,Successful logon for CORP\analista01 from 172.16.20.196 using logon type 3,0,none,Internal,LAN,,
2026-04-26 16:47:46,WIN-SRV-APP01,Microsoft-Windows-Security-Auditing,Security,4624,An account was successfully logged on,EMPRESA,finanzas02,SRV-MON-001,10.10.119.4,64276,10,C:\\Windows\\System32\\svchost.exe,0x0,0x0,Successful logon for EMPRESA\finanzas02 from 10.10.119.4 using logon type 10,0,none,Internal,LAN,,
2026-04-26 16:47:50,WIN-SRV-DC01,Microsoft-Windows-Security-Auditing,Security,4648,A logon was attempted using explicit credentials,LOCAL,analista01,LAP-GER-003,192.168.1.28,52380,10,C:\\Program Files\\Microsoft Defender\\MsMpEng.exe,0x0,0x0,Explicit credentials used by LOCAL\analista01 from LAP-GER-003,0,none,Internal,LAN,,
2026-04-26 16:47:59,WIN-SRV-DC01,Microsoft-Windows-Security-Auditing,Security,4624,An account was successfully logged on,CORP,admin.ops,LAP-GER-003,192.168.1.144,49194,7,C:\\Windows\\System32\\WindowsPowerShell\\v1.0\\powershell.exe,0x0,0x0,Successful logon for CORP\admin.ops from 192.168.1.144 using logon type 7,0,none,Internal,LAN,,
2026-04-26 16:48:04,WIN11-SEC-022,Microsoft-Windows-Security-Auditing,Security,4624,An account was successfully logged on,CORP,svc_monitor,SRV-MON-001,10.10.181.62,50356,7,C:\\Program Files\\Microsoft Defender\\MsMpEng.exe,0x0,0x0,Successful logon for CORP\svc_monitor from 10.10.181.62 using logon type 7,0,none,Internal,LAN,,
2026-04-26 16:50:13,WIN10-FIN-014,Microsoft-Windows-Security-Auditing,Security,4634,An account was logged off,LOCAL,crojas,PC-RRHH-002,192.168.1.125,63164,7,C:\\Program Files\\Google\\Chrome\\Application\\chrome.exe,0x0,0x0,Logoff for LOCAL\crojas from workstation PC-RRHH-002,0,none,Internal,LAN,,
2026-04-26 16:50:28,WIN10-FIN-014,Microsoft-Windows-Security-Auditing,Security,4624,An account was successfully logged on,EMPRESA,dtorres,SRV-MON-001,172.16.20.209,49883,2,C:\\Windows\\System32\\lsass.exe,0x0,0x0,Successful logon for EMPRESA\dtorres from 172.16.20.209 using logon type 2,0,none,Internal,LAN,,
2026-04-26 16:52:34,WIN10-FIN-014,Microsoft-Windows-Security-Auditing,Security,4624,An account was successfully logged on,CORP,lcastro,PC-FIN-001,192.168.1.181,54284,10,C:\\Windows\\System32\\winlogon.exe,0x0,0x0,Successful logon for CORP\lcastro from 192.168.1.181 using logon type 10,0,none,Internal,LAN,,
2026-04-26 16:52:56,WIN-SRV-APP01,Microsoft-Windows-Security-Auditing,Security,4688,A new process has been created,CORP,admin.ops,PC-OPS-014,10.10.145.109,53545,7,C:\\Program Files\\Google\\Chrome\\Application\\chrome.exe,0x0,0x0,Process created by CORP\admin.ops: C:\\Program Files\\Google\\Chrome\\Application\\chrome.exe,0,none,Internal,LAN,,
2026-04-26 16:54:33,WIN11-SEC-022,Microsoft-Windows-Security-Auditing,Security,4624,An account was successfully logged on,LOCAL,mgarcia,PC-OPS-014,192.168.1.31,53976,7,C:\\Windows\\System32\\WindowsPowerShell\\v1.0\\powershell.exe,0x0,0x0,Successful logon for LOCAL\mgarcia from 192.168.1.31 using logon type 7,0,none,Internal,LAN,,
2026-04-26 16:55:41,WIN10-FIN-014,Microsoft-Windows-Security-Auditing,Security,4624,An account was successfully logged on,EMPRESA,finanzas02,LAP-GER-003,192.168.1.249,58095,3,C:\\Windows\\System32\\winlogon.exe,0x0,0x0,Successful logon for EMPRESA\finanzas02 from 192.168.1.249 using logon type 3,0,none,Internal,LAN,,
2026-04-26 16:56:12,WIN-SRV-FILE01,Microsoft-Windows-Security-Auditing,Security,4672,Special privileges assigned to new logon,CORP,finanzas02,PC-RRHH-002,192.168.1.216,63645,2,C:\\Program Files\\Google\\Chrome\\Application\\chrome.exe,0x0,0x0,Special privileges assigned to CORP\finanzas02,0,none,Internal,LAN,,
2026-04-26 16:57:02,WIN-SRV-DC01,Microsoft-Windows-Security-Auditing,Security,4624,An account was successfully logged on,CORP,svc_backup,SRV-MON-001,10.10.164.34,50850,2,C:\\Program Files\\Google\\Chrome\\Application\\chrome.exe,0x0,0x0,Successful logon for CORP\svc_backup from 10.10.164.34 using logon type 2,0,none,Internal,LAN,,
2026-04-26 16:57:54,WIN-SRV-APP01,Microsoft-Windows-Security-Auditing,Security,4648,A logon was attempted using explicit credentials,CORP,crojas,PC-RRHH-002,10.10.230.31,50064,2,C:\\Windows\\System32\\svchost.exe,0x0,0x0,Explicit credentials used by CORP\crojas from PC-RRHH-002,0,none,Internal,LAN,,
2026-04-26 16:57:57,WIN-SRV-APP01,Microsoft-Windows-Security-Auditing,Security,4634,An account was logged off,LOCAL,mgarcia,SRV-MON-001,10.10.186.38,55902,2,C:\\Windows\\System32\\winlogon.exe,0x0,0x0,Logoff for LOCAL\mgarcia from workstation SRV-MON-001,0,none,Internal,LAN,,
2026-04-26 16:58:01,WIN-SRV-FILE01,Microsoft-Windows-Security-Auditing,Security,4624,An account was successfully logged on,LOCAL,svc_monitor,PC-OPS-014,10.10.2.3,53288,7,C:\\Windows\\System32\\cmd.exe,0x0,0x0,Successful logon for LOCAL\svc_monitor from 10.10.2.3 using logon type 7,0,none,Internal,LAN,,
2026-04-26 16:58:18,WIN-SRV-FILE01,Microsoft-Windows-Security-Auditing,Security,4624,An account was successfully logged on,CORP,lcastro,PC-OPS-014,10.10.79.129,62983,10,C:\\Windows\\System32\\svchost.exe,0x0,0x0,Successful logon for CORP\lcastro from 10.10.79.129 using logon type 10,0,none,Internal,LAN,,
2026-04-26 16:59:27,WIN11-SEC-022,Microsoft-Windows-Security-Auditing,Security,4634,An account was logged off,EMPRESA,mgarcia,PC-FIN-001,172.16.20.45,56477,3,C:\\Windows\\System32\\lsass.exe,0x0,0x0,Logoff for EMPRESA\mgarcia from workstation PC-FIN-001,0,none,Internal,LAN,,
2026-04-26 16:59:36,WIN-SRV-APP01,Microsoft-Windows-Security-Auditing,Security,4634,An account was logged off,EMPRESA,admin.ops,SRV-MON-001,192.168.1.50,56563,3,C:\\Windows\\System32\\lsass.exe,0x0,0x0,Logoff for EMPRESA\admin.ops from workstation SRV-MON-001,0,none,Internal,LAN,,
2026-04-26 17:00:52,WIN11-SEC-022,Microsoft-Windows-Security-Auditing,Security,4624,An account was successfully logged on,CORP,finanzas02,SRV-MON-001,172.16.20.63,53656,7,C:\\Windows\\System32\\WindowsPowerShell\\v1.0\\powershell.exe,0x0,0x0,Successful logon for CORP\finanzas02 from 172.16.20.63 using logon type 7,0,none,Internal,LAN,,
2026-04-26 17:01:53,WIN-SRV-FILE01,Microsoft-Windows-Security-Auditing,Security,4624,An account was successfully logged on,EMPRESA,analista01,LAP-GER-003,192.168.1.231,57099,3,C:\\Program Files\\Google\\Chrome\\Application\\chrome.exe,0x0,0x0,Successful logon for EMPRESA\analista01 from 192.168.1.231 using logon type 3,0,none,Internal,LAN,,
2026-04-26 17:02:24,WIN-SRV-FILE01,Microsoft-Windows-Security-Auditing,Security,4624,An account was successfully logged on,EMPRESA,helpdesk01,LAP-GER-003,192.168.1.23,62563,3,C:\\Program Files\\Google\\Chrome\\Application\\chrome.exe,0x0,0x0,Successful logon for EMPRESA\helpdesk01 from 192.168.1.23 using logon type 3,0,none,Internal,LAN,,
2026-04-26 17:02:32,WIN11-SEC-022,Microsoft-Windows-Security-Auditing,Security,4634,An account was logged off,LOCAL,jperez,PC-OPS-014,10.10.206.123,61810,10,C:\\Windows\\System32\\winlogon.exe,0x0,0x0,Logoff for LOCAL\jperez from workstation PC-OPS-014,0,none,Internal,LAN,,
2026-04-26 17:03:40,WIN11-SEC-022,Microsoft-Windows-Security-Auditing,Security,4624,An account was successfully logged on,LOCAL,alopez,PC-FIN-001,10.10.138.96,55742,10,C:\\Program Files\\Microsoft Defender\\MsMpEng.exe,0x0,0x0,Successful logon for LOCAL\alopez from 10.10.138.96 using logon type 10,0,none,Internal,LAN,,
2026-04-26 17:04:05,WIN-SRV-DC01,Microsoft-Windows-Security-Auditing,Security,4634,An account was logged off,LOCAL,analista01,SRV-MON-001,192.168.1.29,49565,7,C:\\Program Files\\Google\\Chrome\\Application\\chrome.exe,0x0,0x0,Logoff for LOCAL\analista01 from workstation SRV-MON-001,0,none,Internal,LAN,,
2026-04-26 17:05:07,WIN-SRV-DC01,Microsoft-Windows-Security-Auditing,Security,4624,An account was successfully logged on,EMPRESA,mgarcia,PC-FIN-001,10.10.235.162,58384,3,C:\\Program Files\\Google\\Chrome\\Application\\chrome.exe,0x0,0x0,Successful logon for EMPRESA\mgarcia from 10.10.235.162 using logon type 3,0,none,Internal,LAN,,
2026-04-26 17:05:16,WIN-SRV-DC01,Microsoft-Windows-Security-Auditing,Security,4688,A new process has been created,LOCAL,helpdesk01,PC-OPS-014,10.10.51.115,50305,2,C:\\Windows\\System32\\svchost.exe,0x0,0x0,Process created by LOCAL\helpdesk01: C:\\Windows\\System32\\svchost.exe,0,none,Internal,LAN,,
2026-04-26 17:07:28,WIN-SRV-DC01,Microsoft-Windows-Security-Auditing,Security,4634,An account was logged off,LOCAL,svc_backup,PC-RRHH-002,10.10.223.94,49819,10,C:\\Windows\\System32\\WindowsPowerShell\\v1.0\\powershell.exe,0x0,0x0,Logoff for LOCAL\svc_backup from workstation PC-RRHH-002,0,none,Internal,LAN,,
2026-04-26 17:08:14,WIN-SRV-APP01,Microsoft-Windows-Security-Auditing,Security,4624,An account was successfully logged on,CORP,svc_backup,PC-OPS-014,10.10.185.246,56024,2,C:\\Windows\\System32\\svchost.exe,0x0,0x0,Successful logon for CORP\svc_backup from 10.10.185.246 using logon type 2,0,none,Internal,LAN,,
2026-04-26 17:08:15,WIN-SRV-APP01,Microsoft-Windows-Security-Auditing,Security,4624,An account was successfully logged on,LOCAL,admin.ops,LAP-GER-003,192.168.1.125,60497,3,C:\\Program Files\\Microsoft Defender\\MsMpEng.exe,0x0,0x0,Successful logon for LOCAL\admin.ops from 192.168.1.125 using logon type 3,0,none,Internal,LAN,,
2026-04-26 17:09:50,WIN10-FIN-014,Microsoft-Windows-Security-Auditing,Security,4624,An account was successfully logged on,CORP,alopez,PC-OPS-014,172.16.20.98,61053,10,C:\\Program Files\\Microsoft Defender\\MsMpEng.exe,0x0,0x0,Successful logon for CORP\alopez from 172.16.20.98 using logon type 10,0,none,Internal,LAN,,
2026-04-26 17:10:15,WIN-SRV-FILE01,Microsoft-Windows-Security-Auditing,Security,4624,An account was successfully logged on,CORP,mgarcia,PC-FIN-001,192.168.1.223,62922,3,C:\\Windows\\System32\\cmd.exe,0x0,0x0,Successful logon for CORP\mgarcia from 192.168.1.223 using logon type 3,0,none,Internal,LAN,,
2026-04-26 17:11:05,WIN-SRV-FILE01,Microsoft-Windows-Security-Auditing,Security,4624,An account was successfully logged on,EMPRESA,admin.ops,LAP-GER-003,10.10.103.113,57258,3,C:\\Windows\\System32\\WindowsPowerShell\\v1.0\\powershell.exe,0x0,0x0,Successful logon for EMPRESA\admin.ops from 10.10.103.113 using logon type 3,0,none,Internal,LAN,,
2026-04-26 17:12:09,WIN11-SEC-022,Microsoft-Windows-Security-Auditing,Security,4688,A new process has been created,EMPRESA,mgarcia,PC-OPS-014,172.16.20.167,58150,3,C:\\Windows\\System32\\lsass.exe,0x0,0x0,Process created by EMPRESA\mgarcia: C:\\Windows\\System32\\lsass.exe,0,none,Internal,LAN,,
2026-04-26 17:12:34,WIN-SRV-FILE01,Microsoft-Windows-Security-Auditing,Security,4688,A new process has been created,CORP,svc_backup,LAP-GER-003,172.16.20.195,57583,3,C:\\Windows\\System32\\svchost.exe,0x0,0x0,Process created by CORP\svc_backup: C:\\Windows\\System32\\svchost.exe,0,none,Internal,LAN,,
2026-04-26 17:14:10,WIN11-SEC-022,Microsoft-Windows-Security-Auditing,Security,4634,An account was logged off,EMPRESA,lcastro,LAP-GER-003,10.10.144.160,65517,2,C:\\Windows\\System32\\cmd.exe,0x0,0x0,Logoff for EMPRESA\lcastro from workstation LAP-GER-003,0,none,Internal,LAN,,
2026-04-26 17:14:45,WIN-SRV-APP01,Microsoft-Windows-Security-Auditing,Security,4624,An account was successfully logged on,EMPRESA,admin.ops,PC-FIN-001,192.168.1.193,59266,7,C:\\Windows\\System32\\lsass.exe,0x0,0x0,Successful logon for EMPRESA\admin.ops from 192.168.1.193 using logon type 7,0,none,Internal,LAN,,
2026-04-26 17:16:34,WIN-SRV-FILE01,Microsoft-Windows-Security-Auditing,Security,4624,An account was successfully logged on,EMPRESA,jperez,PC-OPS-014,172.16.20.233,60828,7,C:\\Program Files\\Microsoft Defender\\MsMpEng.exe,0x0,0x0,Successful logon for EMPRESA\jperez from 172.16.20.233 using logon type 7,0,none,Internal,LAN,,
2026-04-26 17:18:23,WIN-SRV-DC01,Microsoft-Windows-Security-Auditing,Security,4624,An account was successfully logged on,EMPRESA,svc_backup,SRV-MON-001,172.16.20.88,52279,3,C:\\Windows\\System32\\winlogon.exe,0x0,0x0,Successful logon for EMPRESA\svc_backup from 172.16.20.88 using logon type 3,0,none,Internal,LAN,,
2026-04-26 17:19:14,WIN-SRV-DC01,Microsoft-Windows-Security-Auditing,Security,4624,An account was successfully logged on,CORP,admin.ops,PC-FIN-001,10.10.110.36,54407,7,C:\\Windows\\System32\\cmd.exe,0x0,0x0,Successful logon for CORP\admin.ops from 10.10.110.36 using logon type 7,0,none,Internal,LAN,,
2026-04-26 17:21:16,WIN-SRV-FILE01,Microsoft-Windows-Security-Auditing,Security,4688,A new process has been created,LOCAL,svc_backup,SRV-MON-001,10.10.201.183,61307,2,C:\\Windows\\System32\\cmd.exe,0x0,0x0,Process created by LOCAL\svc_backup: C:\\Windows\\System32\\cmd.exe,0,none,Internal,LAN,,
2026-04-26 17:24:02,WIN-SRV-DC01,Microsoft-Windows-Security-Auditing,Security,4624,An account was successfully logged on,CORP,alopez,SRV-MON-001,10.10.243.13,64570,2,C:\\Windows\\System32\\lsass.exe,0x0,0x0,Successful logon for CORP\alopez from 10.10.243.13 using logon type 2,0,none,Internal,LAN,,
2026-04-26 17:24:55,WIN-SRV-FILE01,Microsoft-Windows-Security-Auditing,Security,4634,An account was logged off,LOCAL,analista01,PC-RRHH-002,10.10.215.159,57712,3,C:\\Windows\\System32\\WindowsPowerShell\\v1.0\\powershell.exe,0x0,0x0,Logoff for LOCAL\analista01 from workstation PC-RRHH-002,0,none,Internal,LAN,,
2026-04-26 17:26:02,WIN-SRV-DC01,Microsoft-Windows-Security-Auditing,Security,4624,An account was successfully logged on,CORP,crojas,PC-OPS-014,10.10.72.0,62203,10,C:\\Windows\\System32\\winlogon.exe,0x0,0x0,Successful logon for CORP\crojas from 10.10.72.0 using logon type 10,0,none,Internal,LAN,,
2026-04-26 17:26:49,WIN-SRV-DC01,Microsoft-Windows-Security-Auditing,Security,4624,An account was successfully logged on,EMPRESA,finanzas02,PC-FIN-001,10.10.229.26,60518,10,C:\\Windows\\System32\\svchost.exe,0x0,0x0,Successful logon for EMPRESA\finanzas02 from 10.10.229.26 using logon type 10,0,none,Internal,LAN,,
2026-04-26 17:28:00,WIN-SRV-APP01,Microsoft-Windows-Security-Auditing,Security,4624,An account was successfully logged on,LOCAL,lcastro,LAP-GER-003,192.168.1.140,54558,2,C:\\Windows\\System32\\WindowsPowerShell\\v1.0\\powershell.exe,0x0,0x0,Successful logon for LOCAL\lcastro from 192.168.1.140 using logon type 2,0,none,Internal,LAN,,
2026-04-26 17:31:24,WIN10-FIN-014,Microsoft-Windows-Security-Auditing,Security,4634,An account was logged off,CORP,alopez,PC-RRHH-002,192.168.1.73,61377,2,C:\\Windows\\System32\\cmd.exe,0x0,0x0,Logoff for CORP\alopez from workstation PC-RRHH-002,0,none,Internal,LAN,,
2026-04-26 17:33:16,WIN10-FIN-014,Microsoft-Windows-Security-Auditing,Security,4634,An account was logged off,EMPRESA,crojas,SRV-MON-001,10.10.71.148,60208,10,C:\\Windows\\System32\\cmd.exe,0x0,0x0,Logoff for EMPRESA\crojas from workstation SRV-MON-001,0,none,Internal,LAN,,
2026-04-26 17:35:33,WIN11-SEC-022,Microsoft-Windows-Security-Auditing,Security,4688,A new process has been created,LOCAL,dtorres,SRV-MON-001,10.10.108.217,58070,2,C:\\Program Files\\Microsoft Defender\\MsMpEng.exe,0x0,0x0,Process created by LOCAL\dtorres: C:\\Program Files\\Microsoft Defender\\MsMpEng.exe,0,none,Internal,LAN,,
2026-04-26 17:35:49,WIN-SRV-DC01,Microsoft-Windows-Security-Auditing,Security,4624,An account was successfully logged on,EMPRESA,alopez,LAP-GER-003,172.16.20.231,53664,10,C:\\Windows\\System32\\lsass.exe,0x0,0x0,Successful logon for EMPRESA\alopez from 172.16.20.231 using logon type 10,0,none,Internal,LAN,,
2026-04-26 17:39:09,WIN10-FIN-014,Microsoft-Windows-Security-Auditing,Security,4648,A logon was attempted using explicit credentials,LOCAL,finanzas02,SRV-MON-001,192.168.1.64,59416,2,C:\\Program Files\\Microsoft Defender\\MsMpEng.exe,0x0,0x0,Explicit credentials used by LOCAL\finanzas02 from SRV-MON-001,0,none,Internal,LAN,,
2026-04-26 17:40:34,WIN-SRV-APP01,Microsoft-Windows-Security-Auditing,Security,4634,An account was logged off,LOCAL,jperez,SRV-MON-001,172.16.20.40,59880,2,C:\\Program Files\\Microsoft Defender\\MsMpEng.exe,0x0,0x0,Logoff for LOCAL\jperez from workstation SRV-MON-001,0,none,Internal,LAN,,
2026-04-26 17:40:43,WIN11-SEC-022,Microsoft-Windows-Security-Auditing,Security,4624,An account was successfully logged on,LOCAL,dtorres,PC-OPS-014,192.168.1.115,56318,2,C:\\Windows\\System32\\WindowsPowerShell\\v1.0\\powershell.exe,0x0,0x0,Successful logon for LOCAL\dtorres from 192.168.1.115 using logon type 2,0,none,Internal,LAN,,
2026-04-26 17:43:29,WIN-SRV-FILE01,Microsoft-Windows-Security-Auditing,Security,4624,An account was successfully logged on,LOCAL,svc_monitor,LAP-GER-003,172.16.20.224,62945,2,C:\\Windows\\System32\\lsass.exe,0x0,0x0,Successful logon for LOCAL\svc_monitor from 172.16.20.224 using logon type 2,0,none,Internal,LAN,,
2026-04-26 17:43:35,WIN-SRV-DC01,Microsoft-Windows-Security-Auditing,Security,4624,An account was successfully logged on,CORP,alopez,LAP-GER-003,172.16.20.20,62856,3,C:\\Windows\\System32\\svchost.exe,0x0,0x0,Successful logon for CORP\alopez from 172.16.20.20 using logon type 3,0,none,Internal,LAN,,
2026-04-26 17:44:31,WIN-SRV-DC01,Microsoft-Windows-Security-Auditing,Security,4634,An account was logged off,LOCAL,dtorres,PC-FIN-001,192.168.1.250,52880,7,C:\\Windows\\System32\\cmd.exe,0x0,0x0,Logoff for LOCAL\dtorres from workstation PC-FIN-001,0,none,Internal,LAN,,
2026-04-26 17:44:51,WIN-SRV-APP01,Microsoft-Windows-Security-Auditing,Security,4624,An account was successfully logged on,CORP,mgarcia,PC-FIN-001,172.16.20.175,59219,2,C:\\Windows\\System32\\lsass.exe,0x0,0x0,Successful logon for CORP\mgarcia from 172.16.20.175 using logon type 2,0,none,Internal,LAN,,
2026-04-26 17:45:23,WIN-SRV-FILE01,Microsoft-Windows-Security-Auditing,Security,4624,An account was successfully logged on,EMPRESA,mgarcia,PC-OPS-014,10.10.181.106,53378,10,C:\\Windows\\System32\\cmd.exe,0x0,0x0,Successful logon for EMPRESA\mgarcia from 10.10.181.106 using logon type 10,0,none,Internal,LAN,,
2026-04-26 17:45:57,WIN10-FIN-014,Microsoft-Windows-Security-Auditing,Security,4624,An account was successfully logged on,LOCAL,svc_backup,PC-FIN-001,192.168.1.135,59473,10,C:\\Windows\\System32\\cmd.exe,0x0,0x0,Successful logon for LOCAL\svc_backup from 192.168.1.135 using logon type 10,0,none,Internal,LAN,,
2026-04-26 17:48:39,WIN-SRV-FILE01,Microsoft-Windows-Security-Auditing,Security,4624,An account was successfully logged on,EMPRESA,mgarcia,PC-OPS-014,192.168.1.92,57276,2,C:\\Windows\\System32\\WindowsPowerShell\\v1.0\\powershell.exe,0x0,0x0,Successful logon for EMPRESA\mgarcia from 192.168.1.92 using logon type 2,0,none,Internal,LAN,,
2026-04-26 17:54:43,WIN-SRV-DC01,Microsoft-Windows-Security-Auditing,Security,4624,An account was successfully logged on,CORP,alopez,LAP-GER-003,172.16.20.52,53502,7,C:\\Windows\\System32\\lsass.exe,0x0,0x0,Successful logon for CORP\alopez from 172.16.20.52 using logon type 7,0,none,Internal,LAN,,
2026-04-26 17:55:04,WIN-SRV-FILE01,Microsoft-Windows-Security-Auditing,Security,4634,An account was logged off,LOCAL,crojas,LAP-GER-003,192.168.1.112,52960,7,C:\\Windows\\System32\\WindowsPowerShell\\v1.0\\powershell.exe,0x0,0x0,Logoff for LOCAL\crojas from workstation LAP-GER-003,0,none,Internal,LAN,,
2026-04-26 17:58:49,WIN10-FIN-014,Microsoft-Windows-Security-Auditing,Security,4634,An account was logged off,EMPRESA,crojas,SRV-MON-001,192.168.1.18,53563,7,C:\\Program Files\\Microsoft Defender\\MsMpEng.exe,0x0,0x0,Logoff for EMPRESA\crojas from workstation SRV-MON-001,0,none,Internal,LAN,,
2026-04-26 17:59:30,WIN10-FIN-014,Microsoft-Windows-Security-Auditing,Security,4624,An account was successfully logged on,EMPRESA,admin.ops,PC-RRHH-002,192.168.1.33,51920,2,C:\\Windows\\System32\\svchost.exe,0x0,0x0,Successful logon for EMPRESA\admin.ops from 192.168.1.33 using logon type 2,0,none,Internal,LAN,,
2026-04-26 18:00:08,WIN-SRV-DC01,Microsoft-Windows-Security-Auditing,Security,4624,An account was successfully logged on,EMPRESA,finanzas02,LAP-GER-003,10.10.140.2,64490,2,C:\\Windows\\System32\\lsass.exe,0x0,0x0,Successful logon for EMPRESA\finanzas02 from 10.10.140.2 using logon type 2,0,none,Internal,LAN,,
2026-04-26 18:00:45,WIN-SRV-APP01,Microsoft-Windows-Security-Auditing,Security,4624,An account was successfully logged on,LOCAL,admin.ops,PC-FIN-001,172.16.20.42,65069,10,C:\\Program Files\\Google\\Chrome\\Application\\chrome.exe,0x0,0x0,Successful logon for LOCAL\admin.ops from 172.16.20.42 using logon type 10,0,none,Internal,LAN,,
2026-04-26 18:00:47,WIN10-FIN-014,Microsoft-Windows-Security-Auditing,Security,4634,An account was logged off,LOCAL,jperez,PC-FIN-001,192.168.1.85,55845,7,C:\\Program Files\\Google\\Chrome\\Application\\chrome.exe,0x0,0x0,Logoff for LOCAL\jperez from workstation PC-FIN-001,0,none,Internal,LAN,,
2026-04-26 18:02:19,WIN-SRV-DC01,Microsoft-Windows-Security-Auditing,Security,4634,An account was logged off,CORP,analista01,LAP-GER-003,10.10.237.46,54469,2,C:\\Windows\\System32\\lsass.exe,0x0,0x0,Logoff for CORP\analista01 from workstation LAP-GER-003,0,none,Internal,LAN,,
2026-04-26 18:02:25,WIN-SRV-FILE01,Microsoft-Windows-Security-Auditing,Security,4634,An account was logged off,EMPRESA,lcastro,PC-RRHH-002,192.168.1.43,52016,3,C:\\Windows\\System32\\winlogon.exe,0x0,0x0,Logoff for EMPRESA\lcastro from workstation PC-RRHH-002,0,none,Internal,LAN,,
2026-04-26 18:02:32,WIN-SRV-APP01,Microsoft-Windows-Security-Auditing,Security,4688,A new process has been created,EMPRESA,admin.ops,PC-RRHH-002,172.16.20.164,64284,10,C:\\Program Files\\Microsoft Defender\\MsMpEng.exe,0x0,0x0,Process created by EMPRESA\admin.ops: C:\\Program Files\\Microsoft Defender\\MsMpEng.exe,0,none,Internal,LAN,,
2026-04-26 18:04:00,WIN10-FIN-014,Microsoft-Windows-Security-Auditing,Security,4634,An account was logged off,CORP,finanzas02,LAP-GER-003,10.10.63.108,56858,7,C:\\Windows\\System32\\lsass.exe,0x0,0x0,Logoff for CORP\finanzas02 from workstation LAP-GER-003,0,none,Internal,LAN,,
2026-04-26 18:04:54,WIN10-FIN-014,Microsoft-Windows-Security-Auditing,Security,4688,A new process has been created,LOCAL,finanzas02,LAP-GER-003,172.16.20.117,52797,7,C:\\Program Files\\Google\\Chrome\\Application\\chrome.exe,0x0,0x0,Process created by LOCAL\finanzas02: C:\\Program Files\\Google\\Chrome\\Application\\chrome.exe,0,none,Internal,LAN,,
2026-04-26 18:07:57,WIN10-FIN-014,Microsoft-Windows-Security-Auditing,Security,4634,An account was logged off,CORP,mgarcia,PC-FIN-001,192.168.1.186,65359,2,C:\\Program Files\\Google\\Chrome\\Application\\chrome.exe,0x0,0x0,Logoff for CORP\mgarcia from workstation PC-FIN-001,0,none,Internal,LAN,,
2026-04-26 18:08:53,WIN-SRV-FILE01,Microsoft-Windows-Security-Auditing,Security,4624,An account was successfully logged on,EMPRESA,admin.ops,PC-OPS-014,172.16.20.238,49904,2,C:\\Program Files\\Microsoft Defender\\MsMpEng.exe,0x0,0x0,Successful logon for EMPRESA\admin.ops from 172.16.20.238 using logon type 2,0,none,Internal,LAN,,
2026-04-26 18:09:36,WIN-SRV-APP01,Microsoft-Windows-Security-Auditing,Security,4624,An account was successfully logged on,EMPRESA,jperez,SRV-MON-001,192.168.1.226,49217,7,C:\\Windows\\System32\\svchost.exe,0x0,0x0,Successful logon for EMPRESA\jperez from 192.168.1.226 using logon type 7,0,none,Internal,LAN,,
2026-04-26 18:09:40,WIN10-FIN-014,Microsoft-Windows-Security-Auditing,Security,4624,An account was successfully logged on,EMPRESA,alopez,PC-FIN-001,172.16.20.28,52960,7,C:\\Windows\\System32\\cmd.exe,0x0,0x0,Successful logon for EMPRESA\alopez from 172.16.20.28 using logon type 7,0,none,Internal,LAN,,
2026-04-26 18:10:56,WIN-SRV-DC01,Microsoft-Windows-Security-Auditing,Security,4624,An account was successfully logged on,LOCAL,admin.ops,PC-RRHH-002,10.10.215.78,58779,2,C:\\Program Files\\Microsoft Defender\\MsMpEng.exe,0x0,0x0,Successful logon for LOCAL\admin.ops from 10.10.215.78 using logon type 2,0,none,Internal,LAN,,
2026-04-26 18:11:26,WIN-SRV-APP01,Microsoft-Windows-Security-Auditing,Security,4634,An account was logged off,EMPRESA,alopez,PC-OPS-014,192.168.1.34,50017,7,C:\\Windows\\System32\\winlogon.exe,0x0,0x0,Logoff for EMPRESA\alopez from workstation PC-OPS-014,0,none,Internal,LAN,,
2026-04-26 18:11:40,WIN-SRV-APP01,Microsoft-Windows-Security-Auditing,Security,4688,A new process has been created,CORP,svc_backup,PC-FIN-001,10.10.96.74,51206,7,C:\\Program Files\\Google\\Chrome\\Application\\chrome.exe,0x0,0x0,Process created by CORP\svc_backup: C:\\Program Files\\Google\\Chrome\\Application\\chrome.exe,0,none,Internal,LAN,,
2026-04-26 18:12:33,WIN-SRV-DC01,Microsoft-Windows-Security-Auditing,Security,4634,An account was logged off,CORP,lcastro,PC-OPS-014,172.16.20.162,58662,2,C:\\Windows\\System32\\lsass.exe,0x0,0x0,Logoff for CORP\lcastro from workstation PC-OPS-014,0,none,Internal,LAN,,
2026-04-26 18:14:44,WIN11-SEC-022,Microsoft-Windows-Security-Auditing,Security,4688,A new process has been created,LOCAL,jperez,PC-OPS-014,192.168.1.84,64798,7,C:\\Program Files\\Google\\Chrome\\Application\\chrome.exe,0x0,0x0,Process created by LOCAL\jperez: C:\\Program Files\\Google\\Chrome\\Application\\chrome.exe,0,none,Internal,LAN,,
2026-04-26 18:17:54,WIN-SRV-APP01,Microsoft-Windows-Security-Auditing,Security,4688,A new process has been created,CORP,analista01,LAP-GER-003,10.10.4.162,60531,2,C:\\Windows\\System32\\cmd.exe,0x0,0x0,Process created by CORP\analista01: C:\\Windows\\System32\\cmd.exe,0,none,Internal,LAN,,
2026-04-26 18:18:27,WIN11-SEC-022,Microsoft-Windows-Security-Auditing,Security,4688,A new process has been created,LOCAL,helpdesk01,SRV-MON-001,10.10.28.4,50263,2,C:\\Windows\\System32\\svchost.exe,0x0,0x0,Process created by LOCAL\helpdesk01: C:\\Windows\\System32\\svchost.exe,0,none,Internal,LAN,,
2026-04-26 18:20:20,WIN10-FIN-014,Microsoft-Windows-Security-Auditing,Security,4688,A new process has been created,LOCAL,crojas,PC-RRHH-002,172.16.20.195,56358,7,C:\\Windows\\System32\\winlogon.exe,0x0,0x0,Process created by LOCAL\crojas: C:\\Windows\\System32\\winlogon.exe,0,none,Internal,LAN,,
2026-04-26 18:21:36,WIN-SRV-DC01,Microsoft-Windows-Security-Auditing,Security,4624,An account was successfully logged on,CORP,alopez,SRV-MON-001,10.10.228.157,50670,3,C:\\Windows\\System32\\winlogon.exe,0x0,0x0,Successful logon for CORP\alopez from 10.10.228.157 using logon type 3,0,none,Internal,LAN,,
2026-04-26 18:23:43,WIN10-FIN-014,Microsoft-Windows-Security-Auditing,Security,4624,An account was successfully logged on,EMPRESA,svc_backup,PC-OPS-014,172.16.20.198,57577,10,C:\\Windows\\System32\\lsass.exe,0x0,0x0,Successful logon for EMPRESA\svc_backup from 172.16.20.198 using logon type 10,0,none,Internal,LAN,,
2026-04-26 18:24:11,WIN10-FIN-014,Microsoft-Windows-Security-Auditing,Security,4648,A logon was attempted using explicit credentials,EMPRESA,analista01,PC-RRHH-002,192.168.1.170,56238,10,C:\\Windows\\System32\\winlogon.exe,0x0,0x0,Explicit credentials used by EMPRESA\analista01 from PC-RRHH-002,0,none,Internal,LAN,,
