2026-04-27 04:31:06,WIN10-FIN-014,Microsoft-Windows-Security-Auditing,Security,4624,An account was successfully logged on,LOCAL,dtorres,LAP-GER-003,192.168.1.33,64428,2,C:\\Windows\\System32\\svchost.exe,0x0,0x0,Successful logon for LOCAL\dtorres from 192.168.1.33 using logon type 2,0,none,Internal,LAN,,
2026-04-27 04:31:43,WIN11-SEC-022,Microsoft-Windows-Security-Auditing,Security,4624,An account was successfully logged on,EMPRESA,analista01,PC-OPS-014,10.10.154.196,53071,2,C:\\Windows\\System32\\cmd.exe,0x0,0x0,Successful logon for EMPRESA\analista01 from 10.10.154.196 using logon type 2,0,none,Internal,LAN,,
2026-04-27 04:31:52,WIN-SRV-DC01,Microsoft-Windows-Security-Auditing,Security,4688,A new process has been created,LOCAL,dtorres,PC-RRHH-002,172.16.20.249,62897,10,C:\\Windows\\System32\\svchost.exe,0x0,0x0,Process created by LOCAL\dtorres: C:\\Windows\\System32\\svchost.exe,0,none,Internal,LAN,,
2026-04-27 04:32:19,WIN-SRV-FILE01,Microsoft-Windows-Security-Auditing,Security,4672,Special privileges assigned to new logon,LOCAL,mgarcia,SRV-MON-001,192.168.1.140,55957,10,C:\\Windows\\System32\\winlogon.exe,0x0,0x0,Special privileges assigned to LOCAL\mgarcia,0,none,Internal,LAN,,
2026-04-27 04:33:12,WIN11-SEC-022,Microsoft-Windows-Security-Auditing,Security,4672,Special privileges assigned to new logon,CORP,helpdesk01,PC-FIN-001,10.10.24.119,54456,2,C:\\Program Files\\Microsoft Defender\\MsMpEng.exe,0x0,0x0,Special privileges assigned to CORP\helpdesk01,0,none,Internal,LAN,,
2026-04-27 04:33:20,WIN11-SEC-022,Microsoft-Windows-Security-Auditing,Security,4624,An account was successfully logged on,CORP,dtorres,SRV-MON-001,172.16.20.179,61002,2,C:\\Windows\\System32\\lsass.exe,0x0,0x0,Successful logon for CORP\dtorres from 172.16.20.179 using logon type 2,0,none,Internal,LAN,,
2026-04-27 04:33:34,WIN10-FIN-014,Microsoft-Windows-Security-Auditing,Security,4634,An account was logged off,CORP,svc_backup,LAP-GER-003,10.10.18.87,59001,10,C:\\Program Files\\Google\\Chrome\\Application\\chrome.exe,0x0,0x0,Logoff for CORP\svc_backup from workstation LAP-GER-003,0,none,Internal,LAN,,
2026-04-27 04:33:40,WIN-SRV-DC01,Microsoft-Windows-Security-Auditing,Security,4624,An account was successfully logged on,CORP,finanzas02,PC-RRHH-002,192.168.1.70,50525,2,C:\\Windows\\System32\\svchost.exe,0x0,0x0,Successful logon for CORP\finanzas02 from 192.168.1.70 using logon type 2,0,none,Internal,LAN,,
2026-04-27 04:34:03,WIN-SRV-APP01,Microsoft-Windows-Security-Auditing,Security,4624,An account was successfully logged on,EMPRESA,crojas,PC-OPS-014,192.168.1.191,51541,10,C:\\Windows\\System32\\WindowsPowerShell\\v1.0\\powershell.exe,0x0,0x0,Successful logon for EMPRESA\crojas from 192.168.1.191 using logon type 10,0,none,Internal,LAN,,
2026-04-27 04:35:58,WIN-SRV-FILE01,Microsoft-Windows-Security-Auditing,Security,4624,An account was successfully logged on,LOCAL,helpdesk01,SRV-MON-001,192.168.1.40,65328,3,C:\\Windows\\System32\\svchost.exe,0x0,0x0,Successful logon for LOCAL\helpdesk01 from 192.168.1.40 using logon type 3,0,none,Internal,LAN,,
2026-04-27 04:36:49,WIN-SRV-FILE01,Microsoft-Windows-Security-Auditing,Security,4624,An account was successfully logged on,LOCAL,helpdesk01,PC-FIN-001,172.16.20.135,58821,2,C:\\Windows\\System32\\lsass.exe,0x0,0x0,Successful logon for LOCAL\helpdesk01 from 172.16.20.135 using logon type 2,0,none,Internal,LAN,,
2026-04-27 04:37:40,WIN10-FIN-014,Microsoft-Windows-Security-Auditing,Security,4624,An account was successfully logged on,LOCAL,admin.ops,PC-OPS-014,192.168.1.98,55884,3,C:\\Windows\\System32\\WindowsPowerShell\\v1.0\\powershell.exe,0x0,0x0,Successful logon for LOCAL\admin.ops from 192.168.1.98 using logon type 3,0,none,Internal,LAN,,
2026-04-27 04:37:51,WIN-SRV-DC01,Microsoft-Windows-Security-Auditing,Security,4688,A new process has been created,LOCAL,analista01,SRV-MON-001,172.16.20.105,60038,3,C:\\Windows\\System32\\cmd.exe,0x0,0x0,Process created by LOCAL\analista01: C:\\Windows\\System32\\cmd.exe,0,none,Internal,LAN,,
2026-04-27 04:38:40,WIN-SRV-DC01,Microsoft-Windows-Security-Auditing,Security,4624,An account was successfully logged on,CORP,alopez,SRV-MON-001,192.168.1.1,59060,7,C:\\Program Files\\Google\\Chrome\\Application\\chrome.exe,0x0,0x0,Successful logon for CORP\alopez from 192.168.1.1 using logon type 7,0,none,Internal,LAN,,
2026-04-27 04:39:16,WIN10-FIN-014,Microsoft-Windows-Security-Auditing,Security,4624,An account was successfully logged on,CORP,crojas,PC-FIN-001,192.168.1.203,55570,2,C:\\Windows\\System32\\winlogon.exe,0x0,0x0,Successful logon for CORP\crojas from 192.168.1.203 using logon type 2,0,none,Internal,LAN,,
2026-04-27 04:44:27,WIN-SRV-DC01,Microsoft-Windows-Security-Auditing,Security,4672,Special privileges assigned to new logon,EMPRESA,alopez,PC-OPS-014,172.16.20.60,61217,7,C:\\Program Files\\Google\\Chrome\\Application\\chrome.exe,0x0,0x0,Special privileges assigned to EMPRESA\alopez,0,none,Internal,LAN,,
2026-04-27 04:44:37,WIN10-FIN-014,Microsoft-Windows-Security-Auditing,Security,4688,A new process has been created,CORP,jperez,PC-OPS-014,10.10.76.106,54367,10,C:\\Windows\\System32\\WindowsPowerShell\\v1.0\\powershell.exe,0x0,0x0,Process created by CORP\jperez: C:\\Windows\\System32\\WindowsPowerShell\\v1.0\\powershell.exe,0,none,Internal,LAN,,
2026-04-27 04:44:47,WIN-SRV-APP01,Microsoft-Windows-Security-Auditing,Security,4624,An account was successfully logged on,EMPRESA,lcastro,PC-FIN-001,172.16.20.227,56300,2,C:\\Windows\\System32\\svchost.exe,0x0,0x0,Successful logon for EMPRESA\lcastro from 172.16.20.227 using logon type 2,0,none,Internal,LAN,,
2026-04-27 04:44:57,WIN10-FIN-014,Microsoft-Windows-Security-Auditing,Security,4672,Special privileges assigned to new logon,LOCAL,lcastro,PC-FIN-001,10.10.30.208,52597,7,C:\\Program Files\\Microsoft Defender\\MsMpEng.exe,0x0,0x0,Special privileges assigned to LOCAL\lcastro,0,none,Internal,LAN,,
2026-04-27 04:45:14,WIN-SRV-FILE01,Microsoft-Windows-Security-Auditing,Security,4624,An account was successfully logged on,LOCAL,lcastro,PC-RRHH-002,10.10.144.178,61643,7,C:\\Windows\\System32\\lsass.exe,0x0,0x0,Successful logon for LOCAL\lcastro from 10.10.144.178 using logon type 7,0,none,Internal,LAN,,
2026-04-27 04:48:11,WIN-SRV-APP01,Microsoft-Windows-Security-Auditing,Security,4624,An account was successfully logged on,LOCAL,helpdesk01,SRV-MON-001,192.168.1.232,62777,3,C:\\Windows\\System32\\cmd.exe,0x0,0x0,Successful logon for LOCAL\helpdesk01 from 192.168.1.232 using logon type 3,0,none,Internal,LAN,,
2026-04-27 04:52:30,WIN-SRV-FILE01,Microsoft-Windows-Security-Auditing,Security,4688,A new process has been created,CORP,jperez,PC-FIN-001,10.10.248.12,62504,3,C:\\Program Files\\Microsoft Defender\\MsMpEng.exe,0x0,0x0,Process created by CORP\jperez: C:\\Program Files\\Microsoft Defender\\MsMpEng.exe,0,none,Internal,LAN,,
2026-04-27 04:52:31,WIN-SRV-APP01,Microsoft-Windows-Security-Auditing,Security,4624,An account was successfully logged on,CORP,alopez,PC-FIN-001,192.168.1.18,59901,2,C:\\Windows\\System32\\svchost.exe,0x0,0x0,Successful logon for CORP\alopez from 192.168.1.18 using logon type 2,0,none,Internal,LAN,,
2026-04-27 04:54:39,WIN10-FIN-014,Microsoft-Windows-Security-Auditing,Security,4688,A new process has been created,LOCAL,lcastro,LAP-GER-003,10.10.108.128,51803,3,C:\\Windows\\System32\\svchost.exe,0x0,0x0,Process created by LOCAL\lcastro: C:\\Windows\\System32\\svchost.exe,0,none,Internal,LAN,,
2026-04-27 04:55:01,WIN-SRV-APP01,Microsoft-Windows-Security-Auditing,Security,4688,A new process has been created,EMPRESA,dtorres,PC-RRHH-002,10.10.108.252,55796,2,C:\\Windows\\System32\\lsass.exe,0x0,0x0,Process created by EMPRESA\dtorres: C:\\Windows\\System32\\lsass.exe,0,none,Internal,LAN,,
2026-04-27 04:57:09,WIN10-FIN-014,Microsoft-Windows-Security-Auditing,Security,4624,An account was successfully logged on,LOCAL,crojas,SRV-MON-001,172.16.20.127,52988,10,C:\\Program Files\\Google\\Chrome\\Application\\chrome.exe,0x0,0x0,Successful logon for LOCAL\crojas from 172.16.20.127 using logon type 10,0,none,Internal,LAN,,
2026-04-27 04:58:30,WIN-SRV-FILE01,Microsoft-Windows-Security-Auditing,Security,4624,An account was successfully logged on,EMPRESA,dtorres,PC-RRHH-002,172.16.20.125,64298,10,C:\\Windows\\System32\\winlogon.exe,0x0,0x0,Successful logon for EMPRESA\dtorres from 172.16.20.125 using logon type 10,0,none,Internal,LAN,,
2026-04-27 04:58:43,WIN10-FIN-014,Microsoft-Windows-Security-Auditing,Security,4688,A new process has been created,LOCAL,lcastro,SRV-MON-001,192.168.1.139,54984,10,C:\\Windows\\System32\\lsass.exe,0x0,0x0,Process created by LOCAL\lcastro: C:\\Windows\\System32\\lsass.exe,0,none,Internal,LAN,,
2026-04-27 04:58:48,WIN11-SEC-022,Microsoft-Windows-Security-Auditing,Security,4624,An account was successfully logged on,EMPRESA,crojas,LAP-GER-003,172.16.20.198,54049,7,C:\\Windows\\System32\\cmd.exe,0x0,0x0,Successful logon for EMPRESA\crojas from 172.16.20.198 using logon type 7,0,none,Internal,LAN,,
2026-04-27 04:59:29,WIN11-SEC-022,Microsoft-Windows-Security-Auditing,Security,4634,An account was logged off,LOCAL,helpdesk01,SRV-MON-001,10.10.118.236,55254,7,C:\\Windows\\System32\\lsass.exe,0x0,0x0,Logoff for LOCAL\helpdesk01 from workstation SRV-MON-001,0,none,Internal,LAN,,
2026-04-27 05:02:00,WIN-SRV-APP01,Microsoft-Windows-Security-Auditing,Security,4634,An account was logged off,EMPRESA,lcastro,PC-FIN-001,192.168.1.87,56826,10,C:\\Windows\\System32\\WindowsPowerShell\\v1.0\\powershell.exe,0x0,0x0,Logoff for EMPRESA\lcastro from workstation PC-FIN-001,0,none,Internal,LAN,,
2026-04-27 05:02:56,WIN-SRV-FILE01,Microsoft-Windows-Security-Auditing,Security,4634,An account was logged off,CORP,mgarcia,SRV-MON-001,172.16.20.172,51920,3,C:\\Windows\\System32\\lsass.exe,0x0,0x0,Logoff for CORP\mgarcia from workstation SRV-MON-001,0,none,Internal,LAN,,
2026-04-27 05:03:21,WIN11-SEC-022,Microsoft-Windows-Security-Auditing,Security,4624,An account was successfully logged on,LOCAL,svc_backup,LAP-GER-003,10.10.192.53,54200,3,C:\\Program Files\\Microsoft Defender\\MsMpEng.exe,0x0,0x0,Successful logon for LOCAL\svc_backup from 10.10.192.53 using logon type 3,0,none,Internal,LAN,,
2026-04-27 05:03:31,WIN-SRV-APP01,Microsoft-Windows-Security-Auditing,Security,4624,An account was successfully logged on,EMPRESA,svc_backup,SRV-MON-001,172.16.20.73,63925,10,C:\\Windows\\System32\\svchost.exe,0x0,0x0,Successful logon for EMPRESA\svc_backup from 172.16.20.73 using logon type 10,0,none,Internal,LAN,,
2026-04-27 05:05:59,WIN-SRV-APP01,Microsoft-Windows-Security-Auditing,Security,4634,An account was logged off,CORP,jperez,PC-RRHH-002,192.168.1.5,59904,2,C:\\Program Files\\Microsoft Defender\\MsMpEng.exe,0x0,0x0,Logoff for CORP\jperez from workstation PC-RRHH-002,0,none,Internal,LAN,,
2026-04-27 05:06:23,WIN-SRV-FILE01,Microsoft-Windows-Security-Auditing,Security,4634,An account was logged off,CORP,jperez,LAP-GER-003,10.10.21.240,64231,2,C:\\Program Files\\Google\\Chrome\\Application\\chrome.exe,0x0,0x0,Logoff for CORP\jperez from workstation LAP-GER-003,0,none,Internal,LAN,,
2026-04-27 05:08:02,WIN-SRV-APP01,Microsoft-Windows-Security-Auditing,Security,4634,An account was logged off,LOCAL,admin.ops,PC-OPS-014,172.16.20.49,50422,2,C:\\Program Files\\Google\\Chrome\\Application\\chrome.exe,0x0,0x0,Logoff for LOCAL\admin.ops from workstation PC-OPS-014,0,none,Internal,LAN,,
2026-04-27 05:08:06,WIN10-FIN-014,Microsoft-Windows-Security-Auditing,Security,4624,An account was successfully logged on,CORP,svc_backup,PC-RRHH-002,192.168.1.141,58048,10,C:\\Windows\\System32\\cmd.exe,0x0,0x0,Successful logon for CORP\svc_backup from 192.168.1.141 using logon type 10,0,none,Internal,LAN,,
2026-04-27 05:08:24,WIN10-FIN-014,Microsoft-Windows-Security-Auditing,Security,4688,A new process has been created,EMPRESA,svc_backup,LAP-GER-003,10.10.166.128,50626,10,C:\\Windows\\System32\\lsass.exe,0x0,0x0,Process created by EMPRESA\svc_backup: C:\\Windows\\System32\\lsass.exe,0,none,Internal,LAN,,
2026-04-27 05:09:38,WIN10-FIN-014,Microsoft-Windows-Security-Auditing,Security,4624,An account was successfully logged on,EMPRESA,helpdesk01,PC-OPS-014,10.10.156.174,57679,2,C:\\Windows\\System32\\cmd.exe,0x0,0x0,Successful logon for EMPRESA\helpdesk01 from 10.10.156.174 using logon type 2,0,none,Internal,LAN,,
2026-04-27 05:09:57,WIN-SRV-DC01,Microsoft-Windows-Security-Auditing,Security,4688,A new process has been created,EMPRESA,jperez,PC-FIN-001,172.16.20.75,58853,10,C:\\Program Files\\Google\\Chrome\\Application\\chrome.exe,0x0,0x0,Process created by EMPRESA\jperez: C:\\Program Files\\Google\\Chrome\\Application\\chrome.exe,0,none,Internal,LAN,,
2026-04-27 05:11:00,WIN-SRV-APP01,Microsoft-Windows-Security-Auditing,Security,4634,An account was logged off,EMPRESA,finanzas02,PC-OPS-014,192.168.1.97,52545,10,C:\\Program Files\\Google\\Chrome\\Application\\chrome.exe,0x0,0x0,Logoff for EMPRESA\finanzas02 from workstation PC-OPS-014,0,none,Internal,LAN,,
2026-04-27 05:16:14,WIN-SRV-APP01,Microsoft-Windows-Security-Auditing,Security,4634,An account was logged off,EMPRESA,helpdesk01,PC-RRHH-002,172.16.20.117,57193,2,C:\\Windows\\System32\\WindowsPowerShell\\v1.0\\powershell.exe,0x0,0x0,Logoff for EMPRESA\helpdesk01 from workstation PC-RRHH-002,0,none,Internal,LAN,,
2026-04-27 05:18:28,WIN-SRV-FILE01,Microsoft-Windows-Security-Auditing,Security,4634,An account was logged off,EMPRESA,analista01,PC-OPS-014,172.16.20.172,58523,10,C:\\Program Files\\Microsoft Defender\\MsMpEng.exe,0x0,0x0,Logoff for EMPRESA\analista01 from workstation PC-OPS-014,0,none,Internal,LAN,,
2026-04-27 05:18:28,WIN10-FIN-014,Microsoft-Windows-Security-Auditing,Security,4634,An account was logged off,LOCAL,finanzas02,LAP-GER-003,192.168.1.63,52112,3,C:\\Windows\\System32\\svchost.exe,0x0,0x0,Logoff for LOCAL\finanzas02 from workstation LAP-GER-003,0,none,Internal,LAN,,
2026-04-27 05:18:45,WIN-SRV-APP01,Microsoft-Windows-Security-Auditing,Security,4634,An account was logged off,LOCAL,svc_backup,SRV-MON-001,192.168.1.192,58633,2,C:\\Windows\\System32\\winlogon.exe,0x0,0x0,Logoff for LOCAL\svc_backup from workstation SRV-MON-001,0,none,Internal,LAN,,
2026-04-27 05:18:51,WIN-SRV-FILE01,Microsoft-Windows-Security-Auditing,Security,4624,An account was successfully logged on,CORP,alopez,PC-OPS-014,192.168.1.83,54260,10,C:\\Windows\\System32\\svchost.exe,0x0,0x0,Successful logon for CORP\alopez from 192.168.1.83 using logon type 10,0,none,Internal,LAN,,
2026-04-27 05:21:19,WIN-SRV-APP01,Microsoft-Windows-Security-Auditing,Security,4624,An account was successfully logged on,CORP,lcastro,PC-FIN-001,172.16.20.156,62094,3,C:\\Windows\\System32\\winlogon.exe,0x0,0x0,Successful logon for CORP\lcastro from 172.16.20.156 using logon type 3,0,none,Internal,LAN,,
2026-04-27 05:23:28,WIN-SRV-FILE01,Microsoft-Windows-Security-Auditing,Security,4634,An account was logged off,EMPRESA,lcastro,PC-FIN-001,10.10.138.24,63460,2,C:\\Windows\\System32\\winlogon.exe,0x0,0x0,Logoff for EMPRESA\lcastro from workstation PC-FIN-001,0,none,Internal,LAN,,
2026-04-27 05:25:40,WIN-SRV-DC01,Microsoft-Windows-Security-Auditing,Security,4624,An account was successfully logged on,LOCAL,dtorres,PC-RRHH-002,172.16.20.155,60288,3,C:\\Windows\\System32\\svchost.exe,0x0,0x0,Successful logon for LOCAL\dtorres from 172.16.20.155 using logon type 3,0,none,Internal,LAN,,
2026-04-27 05:27:25,WIN-SRV-APP01,Microsoft-Windows-Security-Auditing,Security,4634,An account was logged off,LOCAL,lcastro,PC-OPS-014,10.10.56.15,60698,10,C:\\Windows\\System32\\winlogon.exe,0x0,0x0,Logoff for LOCAL\lcastro from workstation PC-OPS-014,0,none,Internal,LAN,,
2026-04-27 05:31:59,WIN-SRV-DC01,Microsoft-Windows-Security-Auditing,Security,4624,An account was successfully logged on,CORP,finanzas02,PC-OPS-014,172.16.20.138,52803,10,C:\\Program Files\\Microsoft Defender\\MsMpEng.exe,0x0,0x0,Successful logon for CORP\finanzas02 from 172.16.20.138 using logon type 10,0,none,Internal,LAN,,
2026-04-27 05:32:37,WIN-SRV-DC01,Microsoft-Windows-Security-Auditing,Security,4624,An account was successfully logged on,CORP,lcastro,PC-FIN-001,192.168.1.191,59306,2,C:\\Windows\\System32\\winlogon.exe,0x0,0x0,Successful logon for CORP\lcastro from 192.168.1.191 using logon type 2,0,none,Internal,LAN,,
2026-04-27 05:33:03,WIN-SRV-DC01,Microsoft-Windows-Security-Auditing,Security,4634,An account was logged off,LOCAL,admin.ops,LAP-GER-003,192.168.1.158,53686,2,C:\\Windows\\System32\\WindowsPowerShell\\v1.0\\powershell.exe,0x0,0x0,Logoff for LOCAL\admin.ops from workstation LAP-GER-003,0,none,Internal,LAN,,
2026-04-27 05:35:55,WIN-SRV-DC01,Microsoft-Windows-Security-Auditing,Security,4624,An account was successfully logged on,CORP,analista01,PC-RRHH-002,10.10.138.184,64484,2,C:\\Program Files\\Microsoft Defender\\MsMpEng.exe,0x0,0x0,Successful logon for CORP\analista01 from 10.10.138.184 using logon type 2,0,none,Internal,LAN,,
2026-04-27 05:36:12,WIN11-SEC-022,Microsoft-Windows-Security-Auditing,Security,4688,A new process has been created,LOCAL,alopez,LAP-GER-003,10.10.143.129,57846,10,C:\\Program Files\\Microsoft Defender\\MsMpEng.exe,0x0,0x0,Process created by LOCAL\alopez: C:\\Program Files\\Microsoft Defender\\MsMpEng.exe,0,none,Internal,LAN,,
2026-04-27 05:37:01,WIN-SRV-DC01,Microsoft-Windows-Security-Auditing,Security,4634,An account was logged off,CORP,svc_backup,PC-FIN-001,192.168.1.10,64382,10,C:\\Windows\\System32\\WindowsPowerShell\\v1.0\\powershell.exe,0x0,0x0,Logoff for CORP\svc_backup from workstation PC-FIN-001,0,none,Internal,LAN,,
2026-04-27 05:38:47,WIN-SRV-DC01,Microsoft-Windows-Security-Auditing,Security,4624,An account was successfully logged on,CORP,dtorres,PC-FIN-001,172.16.20.140,54430,2,C:\\Program Files\\Google\\Chrome\\Application\\chrome.exe,0x0,0x0,Successful logon for CORP\dtorres from 172.16.20.140 using logon type 2,0,none,Internal,LAN,,
2026-04-27 05:40:01,WIN11-SEC-022,Microsoft-Windows-Security-Auditing,Security,4688,A new process has been created,EMPRESA,jperez,PC-RRHH-002,192.168.1.151,64359,7,C:\\Program Files\\Google\\Chrome\\Application\\chrome.exe,0x0,0x0,Process created by EMPRESA\jperez: C:\\Program Files\\Google\\Chrome\\Application\\chrome.exe,0,none,Internal,LAN,,
2026-04-27 05:40:48,WIN10-FIN-014,Microsoft-Windows-Security-Auditing,Security,4624,An account was successfully logged on,EMPRESA,jperez,PC-RRHH-002,10.10.104.233,58283,7,C:\\Windows\\System32\\winlogon.exe,0x0,0x0,Successful logon for EMPRESA\jperez from 10.10.104.233 using logon type 7,0,none,Internal,LAN,,
2026-04-27 05:41:08,WIN11-SEC-022,Microsoft-Windows-Security-Auditing,Security,4624,An account was successfully logged on,CORP,analista01,PC-OPS-014,192.168.1.239,53582,7,C:\\Windows\\System32\\winlogon.exe,0x0,0x0,Successful logon for CORP\analista01 from 192.168.1.239 using logon type 7,0,none,Internal,LAN,,
2026-04-27 05:41:24,WIN-SRV-DC01,Microsoft-Windows-Security-Auditing,Security,4672,Special privileges assigned to new logon,LOCAL,svc_monitor,PC-OPS-014,172.16.20.20,59614,2,C:\\Windows\\System32\\winlogon.exe,0x0,0x0,Special privileges assigned to LOCAL\svc_monitor,0,none,Internal,LAN,,
2026-04-27 05:44:12,WIN-SRV-APP01,Microsoft-Windows-Security-Auditing,Security,4624,An account was successfully logged on,EMPRESA,admin.ops,LAP-GER-003,10.10.50.245,57348,2,C:\\Windows\\System32\\lsass.exe,0x0,0x0,Successful logon for EMPRESA\admin.ops from 10.10.50.245 using logon type 2,0,none,Internal,LAN,,
2026-04-27 05:44:55,WIN-SRV-FILE01,Microsoft-Windows-Security-Auditing,Security,4624,An account was successfully logged on,CORP,lcastro,SRV-MON-001,172.16.20.147,53465,7,C:\\Windows\\System32\\lsass.exe,0x0,0x0,Successful logon for CORP\lcastro from 172.16.20.147 using logon type 7,0,none,Internal,LAN,,
2026-04-27 05:45:04,WIN-SRV-APP01,Microsoft-Windows-Security-Auditing,Security,4624,An account was successfully logged on,CORP,svc_monitor,LAP-GER-003,192.168.1.221,51786,2,C:\\Windows\\System32\\lsass.exe,0x0,0x0,Successful logon for CORP\svc_monitor from 192.168.1.221 using logon type 2,0,none,Internal,LAN,,
2026-04-27 05:45:57,WIN-SRV-APP01,Microsoft-Windows-Security-Auditing,Security,4624,An account was successfully logged on,EMPRESA,dtorres,PC-OPS-014,172.16.20.77,62741,10,C:\\Program Files\\Microsoft Defender\\MsMpEng.exe,0x0,0x0,Successful logon for EMPRESA\dtorres from 172.16.20.77 using logon type 10,0,none,Internal,LAN,,
2026-04-27 05:46:41,WIN-SRV-FILE01,Microsoft-Windows-Security-Auditing,Security,4634,An account was logged off,EMPRESA,lcastro,PC-FIN-001,192.168.1.241,54072,7,C:\\Windows\\System32\\svchost.exe,0x0,0x0,Logoff for EMPRESA\lcastro from workstation PC-FIN-001,0,none,Internal,LAN,,
2026-04-27 05:48:56,WIN-SRV-APP01,Microsoft-Windows-Security-Auditing,Security,4688,A new process has been created,EMPRESA,jperez,LAP-GER-003,10.10.64.132,52047,7,C:\\Program Files\\Microsoft Defender\\MsMpEng.exe,0x0,0x0,Process created by EMPRESA\jperez: C:\\Program Files\\Microsoft Defender\\MsMpEng.exe,0,none,Internal,LAN,,
2026-04-27 05:50:07,WIN11-SEC-022,Microsoft-Windows-Security-Auditing,Security,4634,An account was logged off,EMPRESA,mgarcia,PC-RRHH-002,10.10.110.168,55742,3,C:\\Program Files\\Google\\Chrome\\Application\\chrome.exe,0x0,0x0,Logoff for EMPRESA\mgarcia from workstation PC-RRHH-002,0,none,Internal,LAN,,
2026-04-27 05:50:09,WIN10-FIN-014,Microsoft-Windows-Security-Auditing,Security,4624,An account was successfully logged on,EMPRESA,lcastro,PC-RRHH-002,10.10.94.67,58056,3,C:\\Windows\\System32\\lsass.exe,0x0,0x0,Successful logon for EMPRESA\lcastro from 10.10.94.67 using logon type 3,0,none,Internal,LAN,,
2026-04-27 05:51:40,WIN-SRV-DC01,Microsoft-Windows-Security-Auditing,Security,4688,A new process has been created,EMPRESA,finanzas02,PC-RRHH-002,172.16.20.170,55051,7,C:\\Windows\\System32\\lsass.exe,0x0,0x0,Process created by EMPRESA\finanzas02: C:\\Windows\\System32\\lsass.exe,0,none,Internal,LAN,,
2026-04-27 05:57:57,WIN10-FIN-014,Microsoft-Windows-Security-Auditing,Security,4688,A new process has been created,LOCAL,crojas,SRV-MON-001,192.168.1.16,51025,2,C:\\Windows\\System32\\svchost.exe,0x0,0x0,Process created by LOCAL\crojas: C:\\Windows\\System32\\svchost.exe,0,none,Internal,LAN,,
2026-04-27 05:58:08,WIN-SRV-APP01,Microsoft-Windows-Security-Auditing,Security,4624,An account was successfully logged on,LOCAL,helpdesk01,PC-OPS-014,172.16.20.152,63666,3,C:\\Windows\\System32\\winlogon.exe,0x0,0x0,Successful logon for LOCAL\helpdesk01 from 172.16.20.152 using logon type 3,0,none,Internal,LAN,,
2026-04-27 05:59:57,WIN10-FIN-014,Microsoft-Windows-Security-Auditing,Security,4624,An account was successfully logged on,EMPRESA,admin.ops,SRV-MON-001,10.10.120.80,56885,2,C:\\Windows\\System32\\cmd.exe,0x0,0x0,Successful logon for EMPRESA\admin.ops from 10.10.120.80 using logon type 2,0,none,Internal,LAN,,
2026-04-27 06:00:42,WIN10-FIN-014,Microsoft-Windows-Security-Auditing,Security,4634,An account was logged off,CORP,finanzas02,SRV-MON-001,10.10.213.96,54218,3,C:\\Windows\\System32\\svchost.exe,0x0,0x0,Logoff for CORP\finanzas02 from workstation SRV-MON-001,0,none,Internal,LAN,,
2026-04-27 06:00:50,WIN11-SEC-022,Microsoft-Windows-Security-Auditing,Security,4634,An account was logged off,LOCAL,svc_monitor,SRV-MON-001,10.10.235.152,64612,2,C:\\Windows\\System32\\lsass.exe,0x0,0x0,Logoff for LOCAL\svc_monitor from workstation SRV-MON-001,0,none,Internal,LAN,,
2026-04-27 06:01:09,WIN-SRV-APP01,Microsoft-Windows-Security-Auditing,Security,4688,A new process has been created,LOCAL,dtorres,PC-OPS-014,192.168.1.228,53050,7,C:\\Program Files\\Microsoft Defender\\MsMpEng.exe,0x0,0x0,Process created by LOCAL\dtorres: C:\\Program Files\\Microsoft Defender\\MsMpEng.exe,0,none,Internal,LAN,,
2026-04-27 06:03:31,WIN10-FIN-014,Microsoft-Windows-Security-Auditing,Security,4634,An account was logged off,LOCAL,crojas,PC-OPS-014,10.10.162.85,65079,10,C:\\Windows\\System32\\svchost.exe,0x0,0x0,Logoff for LOCAL\crojas from workstation PC-OPS-014,0,none,Internal,LAN,,
2026-04-27 06:04:11,WIN-SRV-APP01,Microsoft-Windows-Security-Auditing,Security,4624,An account was successfully logged on,CORP,analista01,SRV-MON-001,172.16.20.234,50102,7,C:\\Windows\\System32\\lsass.exe,0x0,0x0,Successful logon for CORP\analista01 from 172.16.20.234 using logon type 7,0,none,Internal,LAN,,
2026-04-27 06:06:00,WIN-SRV-FILE01,Microsoft-Windows-Security-Auditing,Security,4624,An account was successfully logged on,EMPRESA,analista01,SRV-MON-001,10.10.165.11,63857,7,C:\\Windows\\System32\\WindowsPowerShell\\v1.0\\powershell.exe,0x0,0x0,Successful logon for EMPRESA\analista01 from 10.10.165.11 using logon type 7,0,none,Internal,LAN,,
2026-04-27 06:06:19,WIN10-FIN-014,Microsoft-Windows-Security-Auditing,Security,4624,An account was successfully logged on,LOCAL,mgarcia,PC-OPS-014,172.16.20.11,58507,10,C:\\Windows\\System32\\WindowsPowerShell\\v1.0\\powershell.exe,0x0,0x0,Successful logon for LOCAL\mgarcia from 172.16.20.11 using logon type 10,0,none,Internal,LAN,,
2026-04-27 06:06:35,WIN10-FIN-014,Microsoft-Windows-Security-Auditing,Security,4624,An account was successfully logged on,LOCAL,helpdesk01,LAP-GER-003,172.16.20.126,52051,10,C:\\Program Files\\Microsoft Defender\\MsMpEng.exe,0x0,0x0,Successful logon for LOCAL\helpdesk01 from 172.16.20.126 using logon type 10,0,none,Internal,LAN,,
2026-04-27 06:06:37,WIN10-FIN-014,Microsoft-Windows-Security-Auditing,Security,4624,An account was successfully logged on,LOCAL,analista01,PC-OPS-014,192.168.1.107,52766,10,C:\\Windows\\System32\\lsass.exe,0x0,0x0,Successful logon for LOCAL\analista01 from 192.168.1.107 using logon type 10,0,none,Internal,LAN,,
2026-04-27 06:07:36,WIN-SRV-APP01,Microsoft-Windows-Security-Auditing,Security,4624,An account was successfully logged on,EMPRESA,analista01,SRV-MON-001,172.16.20.129,61007,2,C:\\Program Files\\Google\\Chrome\\Application\\chrome.exe,0x0,0x0,Successful logon for EMPRESA\analista01 from 172.16.20.129 using logon type 2,0,none,Internal,LAN,,
2026-04-27 06:09:14,WIN-SRV-FILE01,Microsoft-Windows-Security-Auditing,Security,4672,Special privileges assigned to new logon,LOCAL,finanzas02,SRV-MON-001,172.16.20.227,58496,7,C:\\Windows\\System32\\winlogon.exe,0x0,0x0,Special privileges assigned to LOCAL\finanzas02,0,none,Internal,LAN,,
2026-04-27 06:09:35,WIN-SRV-DC01,Microsoft-Windows-Security-Auditing,Security,4634,An account was logged off,LOCAL,svc_monitor,PC-OPS-014,172.16.20.171,62580,2,C:\\Windows\\System32\\cmd.exe,0x0,0x0,Logoff for LOCAL\svc_monitor from workstation PC-OPS-014,0,none,Internal,LAN,,
2026-04-27 06:11:52,WIN10-FIN-014,Microsoft-Windows-Security-Auditing,Security,4688,A new process has been created,EMPRESA,alopez,SRV-MON-001,10.10.10.203,49912,3,C:\\Program Files\\Google\\Chrome\\Application\\chrome.exe,0x0,0x0,Process created by EMPRESA\alopez: C:\\Program Files\\Google\\Chrome\\Application\\chrome.exe,0,none,Internal,LAN,,
2026-04-27 06:12:00,WIN10-FIN-014,Microsoft-Windows-Security-Auditing,Security,4624,An account was successfully logged on,EMPRESA,mgarcia,PC-RRHH-002,10.10.226.90,53460,3,C:\\Windows\\System32\\lsass.exe,0x0,0x0,Successful logon for EMPRESA\mgarcia from 10.10.226.90 using logon type 3,0,none,Internal,LAN,,
2026-04-27 06:14:01,WIN-SRV-DC01,Microsoft-Windows-Security-Auditing,Security,4634,An account was logged off,EMPRESA,lcastro,PC-FIN-001,192.168.1.234,58627,2,C:\\Program Files\\Google\\Chrome\\Application\\chrome.exe,0x0,0x0,Logoff for EMPRESA\lcastro from workstation PC-FIN-001,0,none,Internal,LAN,,
2026-04-27 06:14:14,WIN-SRV-APP01,Microsoft-Windows-Security-Auditing,Security,4634,An account was logged off,LOCAL,dtorres,SRV-MON-001,10.10.210.238,63052,10,C:\\Program Files\\Microsoft Defender\\MsMpEng.exe,0x0,0x0,Logoff for LOCAL\dtorres from workstation SRV-MON-001,0,none,Internal,LAN,,
2026-04-27 06:16:06,WIN-SRV-APP01,Microsoft-Windows-Security-Auditing,Security,4672,Special privileges assigned to new logon,EMPRESA,svc_monitor,PC-FIN-001,172.16.20.141,50050,10,C:\\Windows\\System32\\lsass.exe,0x0,0x0,Special privileges assigned to EMPRESA\svc_monitor,0,none,Internal,LAN,,
2026-04-27 06:16:54,WIN-SRV-FILE01,Microsoft-Windows-Security-Auditing,Security,4624,An account was successfully logged on,LOCAL,mgarcia,LAP-GER-003,172.16.20.215,54923,2,C:\\Program Files\\Microsoft Defender\\MsMpEng.exe,0x0,0x0,Successful logon for LOCAL\mgarcia from 172.16.20.215 using logon type 2,0,none,Internal,LAN,,
2026-04-27 06:17:10,WIN11-SEC-022,Microsoft-Windows-Security-Auditing,Security,4624,An account was successfully logged on,CORP,mgarcia,PC-FIN-001,172.16.20.72,59114,3,C:\\Windows\\System32\\cmd.exe,0x0,0x0,Successful logon for CORP\mgarcia from 172.16.20.72 using logon type 3,0,none,Internal,LAN,,
2026-04-27 06:20:48,WIN11-SEC-022,Microsoft-Windows-Security-Auditing,Security,4634,An account was logged off,EMPRESA,svc_monitor,PC-RRHH-002,172.16.20.103,65499,2,C:\\Windows\\System32\\WindowsPowerShell\\v1.0\\powershell.exe,0x0,0x0,Logoff for EMPRESA\svc_monitor from workstation PC-RRHH-002,0,none,Internal,LAN,,
2026-04-27 06:21:53,WIN-SRV-DC01,Microsoft-Windows-Security-Auditing,Security,4624,An account was successfully logged on,LOCAL,finanzas02,SRV-MON-001,172.16.20.251,54745,3,C:\\Program Files\\Google\\Chrome\\Application\\chrome.exe,0x0,0x0,Successful logon for LOCAL\finanzas02 from 172.16.20.251 using logon type 3,0,none,Internal,LAN,,
2026-04-27 06:22:45,WIN-SRV-FILE01,Microsoft-Windows-Security-Auditing,Security,4634,An account was logged off,LOCAL,finanzas02,PC-RRHH-002,192.168.1.249,59451,7,C:\\Program Files\\Microsoft Defender\\MsMpEng.exe,0x0,0x0,Logoff for LOCAL\finanzas02 from workstation PC-RRHH-002,0,none,Internal,LAN,,
2026-04-27 06:24:05,WIN-SRV-APP01,Microsoft-Windows-Security-Auditing,Security,4634,An account was logged off,CORP,lcastro,PC-FIN-001,172.16.20.246,64279,3,C:\\Windows\\System32\\lsass.exe,0x0,0x0,Logoff for CORP\lcastro from workstation PC-FIN-001,0,none,Internal,LAN,,
2026-04-27 06:24:51,WIN-SRV-FILE01,Microsoft-Windows-Security-Auditing,Security,4624,An account was successfully logged on,CORP,crojas,PC-FIN-001,192.168.1.84,54992,7,C:\\Program Files\\Google\\Chrome\\Application\\chrome.exe,0x0,0x0,Successful logon for CORP\crojas from 192.168.1.84 using logon type 7,0,none,Internal,LAN,,
2026-04-27 06:24:52,WIN-SRV-DC01,Microsoft-Windows-Security-Auditing,Security,4634,An account was logged off,CORP,svc_backup,PC-RRHH-002,10.10.181.179,61538,7,C:\\Program Files\\Google\\Chrome\\Application\\chrome.exe,0x0,0x0,Logoff for CORP\svc_backup from workstation PC-RRHH-002,0,none,Internal,LAN,,
2026-04-27 06:25:10,WIN-SRV-APP01,Microsoft-Windows-Security-Auditing,Security,4634,An account was logged off,LOCAL,dtorres,PC-FIN-001,172.16.20.44,54943,10,C:\\Windows\\System32\\lsass.exe,0x0,0x0,Logoff for LOCAL\dtorres from workstation PC-FIN-001,0,none,Internal,LAN,,
2026-04-27 06:27:05,WIN11-SEC-022,Microsoft-Windows-Security-Auditing,Security,4624,An account was successfully logged on,CORP,dtorres,PC-FIN-001,192.168.1.139,62504,10,C:\\Program Files\\Google\\Chrome\\Application\\chrome.exe,0x0,0x0,Successful logon for CORP\dtorres from 192.168.1.139 using logon type 10,0,none,Internal,LAN,,
2026-04-27 06:29:49,WIN11-SEC-022,Microsoft-Windows-Security-Auditing,Security,4688,A new process has been created,LOCAL,jperez,SRV-MON-001,172.16.20.197,54127,2,C:\\Windows\\System32\\svchost.exe,0x0,0x0,Process created by LOCAL\jperez: C:\\Windows\\System32\\svchost.exe,0,none,Internal,LAN,,
2026-04-27 06:29:57,WIN11-SEC-022,Microsoft-Windows-Security-Auditing,Security,4624,An account was successfully logged on,CORP,svc_backup,PC-OPS-014,192.168.1.50,61385,7,C:\\Program Files\\Microsoft Defender\\MsMpEng.exe,0x0,0x0,Successful logon for CORP\svc_backup from 192.168.1.50 using logon type 7,0,none,Internal,LAN,,
2026-04-27 06:30:48,WIN10-FIN-014,Microsoft-Windows-Security-Auditing,Security,4634,An account was logged off,LOCAL,jperez,PC-OPS-014,172.16.20.49,51091,7,C:\\Program Files\\Microsoft Defender\\MsMpEng.exe,0x0,0x0,Logoff for LOCAL\jperez from workstation PC-OPS-014,0,none,Internal,LAN,,
2026-04-27 06:31:54,WIN-SRV-DC01,Microsoft-Windows-Security-Auditing,Security,4688,A new process has been created,CORP,analista01,PC-FIN-001,192.168.1.43,63845,10,C:\\Windows\\System32\\svchost.exe,0x0,0x0,Process created by CORP\analista01: C:\\Windows\\System32\\svchost.exe,0,none,Internal,LAN,,
2026-04-27 06:34:03,WIN-SRV-FILE01,Microsoft-Windows-Security-Auditing,Security,4634,An account was logged off,EMPRESA,svc_backup,PC-RRHH-002,172.16.20.60,57383,3,C:\\Windows\\System32\\svchost.exe,0x0,0x0,Logoff for EMPRESA\svc_backup from workstation PC-RRHH-002,0,none,Internal,LAN,,
2026-04-27 06:34:38,WIN-SRV-DC01,Microsoft-Windows-Security-Auditing,Security,4634,An account was logged off,CORP,svc_monitor,PC-FIN-001,172.16.20.96,65140,3,C:\\Windows\\System32\\svchost.exe,0x0,0x0,Logoff for CORP\svc_monitor from workstation PC-FIN-001,0,none,Internal,LAN,,
2026-04-27 06:36:53,WIN-SRV-APP01,Microsoft-Windows-Security-Auditing,Security,4624,An account was successfully logged on,CORP,svc_monitor,PC-RRHH-002,192.168.1.98,49751,7,C:\\Program Files\\Microsoft Defender\\MsMpEng.exe,0x0,0x0,Successful logon for CORP\svc_monitor from 192.168.1.98 using logon type 7,0,none,Internal,LAN,,
2026-04-27 06:37:50,WIN-SRV-DC01,Microsoft-Windows-Security-Auditing,Security,4688,A new process has been created,LOCAL,alopez,SRV-MON-001,172.16.20.86,51874,2,C:\\Program Files\\Google\\Chrome\\Application\\chrome.exe,0x0,0x0,Process created by LOCAL\alopez: C:\\Program Files\\Google\\Chrome\\Application\\chrome.exe,0,none,Internal,LAN,,
2026-04-27 06:38:41,WIN-SRV-APP01,Microsoft-Windows-Security-Auditing,Security,4688,A new process has been created,LOCAL,finanzas02,PC-FIN-001,172.16.20.223,58950,3,C:\\Program Files\\Microsoft Defender\\MsMpEng.exe,0x0,0x0,Process created by LOCAL\finanzas02: C:\\Program Files\\Microsoft Defender\\MsMpEng.exe,0,none,Internal,LAN,,
2026-04-27 06:40:11,WIN-SRV-APP01,Microsoft-Windows-Security-Auditing,Security,4634,An account was logged off,CORP,analista01,PC-FIN-001,10.10.192.73,62840,7,C:\\Program Files\\Google\\Chrome\\Application\\chrome.exe,0x0,0x0,Logoff for CORP\analista01 from workstation PC-FIN-001,0,none,Internal,LAN,,
2026-04-27 06:40:20,WIN-SRV-FILE01,Microsoft-Windows-Security-Auditing,Security,4624,An account was successfully logged on,EMPRESA,helpdesk01,LAP-GER-003,192.168.1.94,55915,10,C:\\Windows\\System32\\svchost.exe,0x0,0x0,Successful logon for EMPRESA\helpdesk01 from 192.168.1.94 using logon type 10,0,none,Internal,LAN,,
2026-04-27 06:40:29,WIN11-SEC-022,Microsoft-Windows-Security-Auditing,Security,4688,A new process has been created,LOCAL,lcastro,PC-RRHH-002,10.10.146.207,65452,10,C:\\Windows\\System32\\winlogon.exe,0x0,0x0,Process created by LOCAL\lcastro: C:\\Windows\\System32\\winlogon.exe,0,none,Internal,LAN,,
2026-04-27 06:42:16,WIN-SRV-APP01,Microsoft-Windows-Security-Auditing,Security,4624,An account was successfully logged on,LOCAL,helpdesk01,PC-FIN-001,172.16.20.107,63945,7,C:\\Program Files\\Google\\Chrome\\Application\\chrome.exe,0x0,0x0,Successful logon for LOCAL\helpdesk01 from 172.16.20.107 using logon type 7,0,none,Internal,LAN,,
2026-04-27 06:44:02,WIN11-SEC-022,Microsoft-Windows-Security-Auditing,Security,4634,An account was logged off,CORP,helpdesk01,SRV-MON-001,192.168.1.51,55051,3,C:\\Program Files\\Microsoft Defender\\MsMpEng.exe,0x0,0x0,Logoff for CORP\helpdesk01 from workstation SRV-MON-001,0,none,Internal,LAN,,
2026-04-27 06:44:18,WIN-SRV-DC01,Microsoft-Windows-Security-Auditing,Security,4634,An account was logged off,LOCAL,lcastro,PC-FIN-001,172.16.20.14,56693,10,C:\\Program Files\\Google\\Chrome\\Application\\chrome.exe,0x0,0x0,Logoff for LOCAL\lcastro from workstation PC-FIN-001,0,none,Internal,LAN,,
2026-04-27 06:45:36,WIN-SRV-DC01,Microsoft-Windows-Security-Auditing,Security,4634,An account was logged off,LOCAL,alopez,LAP-GER-003,172.16.20.118,65200,10,C:\\Windows\\System32\\WindowsPowerShell\\v1.0\\powershell.exe,0x0,0x0,Logoff for LOCAL\alopez from workstation LAP-GER-003,0,none,Internal,LAN,,
2026-04-27 06:46:53,WIN-SRV-DC01,Microsoft-Windows-Security-Auditing,Security,4624,An account was successfully logged on,EMPRESA,lcastro,SRV-MON-001,172.16.20.244,61777,10,C:\\Windows\\System32\\lsass.exe,0x0,0x0,Successful logon for EMPRESA\lcastro from 172.16.20.244 using logon type 10,0,none,Internal,LAN,,
2026-04-27 06:47:33,WIN10-FIN-014,Microsoft-Windows-Security-Auditing,Security,4672,Special privileges assigned to new logon,CORP,mgarcia,PC-RRHH-002,10.10.204.25,64500,2,C:\\Program Files\\Microsoft Defender\\MsMpEng.exe,0x0,0x0,Special privileges assigned to CORP\mgarcia,0,none,Internal,LAN,,
2026-04-27 06:47:44,WIN10-FIN-014,Microsoft-Windows-Security-Auditing,Security,4634,An account was logged off,EMPRESA,alopez,LAP-GER-003,172.16.20.92,50304,7,C:\\Windows\\System32\\svchost.exe,0x0,0x0,Logoff for EMPRESA\alopez from workstation LAP-GER-003,0,none,Internal,LAN,,
2026-04-27 06:50:24,WIN11-SEC-022,Microsoft-Windows-Security-Auditing,Security,4624,An account was successfully logged on,LOCAL,analista01,PC-FIN-001,10.10.110.68,50300,3,C:\\Program Files\\Microsoft Defender\\MsMpEng.exe,0x0,0x0,Successful logon for LOCAL\analista01 from 10.10.110.68 using logon type 3,0,none,Internal,LAN,,
2026-04-27 06:50:41,WIN-SRV-APP01,Microsoft-Windows-Security-Auditing,Security,4624,An account was successfully logged on,CORP,jperez,LAP-GER-003,192.168.1.220,62634,3,C:\\Program Files\\Microsoft Defender\\MsMpEng.exe,0x0,0x0,Successful logon for CORP\jperez from 192.168.1.220 using logon type 3,0,none,Internal,LAN,,
2026-04-27 06:51:57,WIN10-FIN-014,Microsoft-Windows-Security-Auditing,Security,4634,An account was logged off,CORP,alopez,PC-FIN-001,10.10.36.138,54680,2,C:\\Windows\\System32\\svchost.exe,0x0,0x0,Logoff for CORP\alopez from workstation PC-FIN-001,0,none,Internal,LAN,,
2026-04-27 06:53:47,WIN10-FIN-014,Microsoft-Windows-Security-Auditing,Security,4624,An account was successfully logged on,CORP,jperez,SRV-MON-001,192.168.1.119,60952,7,C:\\Windows\\System32\\WindowsPowerShell\\v1.0\\powershell.exe,0x0,0x0,Successful logon for CORP\jperez from 192.168.1.119 using logon type 7,0,none,Internal,LAN,,
2026-04-27 06:55:36,WIN-SRV-APP01,Microsoft-Windows-Security-Auditing,Security,4624,An account was successfully logged on,EMPRESA,dtorres,LAP-GER-003,192.168.1.178,64383,7,C:\\Windows\\System32\\winlogon.exe,0x0,0x0,Successful logon for EMPRESA\dtorres from 192.168.1.178 using logon type 7,0,none,Internal,LAN,,
2026-04-27 06:56:38,WIN10-FIN-014,Microsoft-Windows-Security-Auditing,Security,4624,An account was successfully logged on,CORP,finanzas02,PC-RRHH-002,172.16.20.81,57219,3,C:\\Windows\\System32\\cmd.exe,0x0,0x0,Successful logon for CORP\finanzas02 from 172.16.20.81 using logon type 3,0,none,Internal,LAN,,
2026-04-27 06:57:14,WIN-SRV-FILE01,Microsoft-Windows-Security-Auditing,Security,4624,An account was successfully logged on,CORP,jperez,PC-OPS-014,172.16.20.158,60547,3,C:\\Program Files\\Google\\Chrome\\Application\\chrome.exe,0x0,0x0,Successful logon for CORP\jperez from 172.16.20.158 using logon type 3,0,none,Internal,LAN,,
2026-04-27 06:57:26,WIN-SRV-DC01,Microsoft-Windows-Security-Auditing,Security,4624,An account was successfully logged on,CORP,dtorres,PC-FIN-001,192.168.1.32,51137,2,C:\\Windows\\System32\\lsass.exe,0x0,0x0,Successful logon for CORP\dtorres from 192.168.1.32 using logon type 2,0,none,Internal,LAN,,
2026-04-27 06:57:43,WIN-SRV-DC01,Microsoft-Windows-Security-Auditing,Security,4624,An account was successfully logged on,LOCAL,analista01,PC-OPS-014,172.16.20.92,54751,2,C:\\Windows\\System32\\lsass.exe,0x0,0x0,Successful logon for LOCAL\analista01 from 172.16.20.92 using logon type 2,0,none,Internal,LAN,,
2026-04-27 06:58:41,WIN-SRV-APP01,Microsoft-Windows-Security-Auditing,Security,4624,An account was successfully logged on,EMPRESA,svc_monitor,PC-FIN-001,192.168.1.54,55750,7,C:\\Windows\\System32\\winlogon.exe,0x0,0x0,Successful logon for EMPRESA\svc_monitor from 192.168.1.54 using logon type 7,0,none,Internal,LAN,,
2026-04-27 06:59:08,WIN11-SEC-022,Microsoft-Windows-Security-Auditing,Security,4634,An account was logged off,LOCAL,mgarcia,SRV-MON-001,172.16.20.146,53121,10,C:\\Windows\\System32\\WindowsPowerShell\\v1.0\\powershell.exe,0x0,0x0,Logoff for LOCAL\mgarcia from workstation SRV-MON-001,0,none,Internal,LAN,,
2026-04-27 07:07:11,WIN-SRV-APP01,Microsoft-Windows-Security-Auditing,Security,4634,An account was logged off,CORP,analista01,PC-RRHH-002,172.16.20.51,54671,2,C:\\Windows\\System32\\cmd.exe,0x0,0x0,Logoff for CORP\analista01 from workstation PC-RRHH-002,0,none,Internal,LAN,,
2026-04-27 07:08:14,WIN10-FIN-014,Microsoft-Windows-Security-Auditing,Security,4624,An account was successfully logged on,EMPRESA,svc_monitor,PC-RRHH-002,192.168.1.230,57957,7,C:\\Windows\\System32\\cmd.exe,0x0,0x0,Successful logon for EMPRESA\svc_monitor from 192.168.1.230 using logon type 7,0,none,Internal,LAN,,
2026-04-27 07:08:34,WIN-SRV-APP01,Microsoft-Windows-Security-Auditing,Security,4624,An account was successfully logged on,EMPRESA,analista01,PC-OPS-014,192.168.1.116,51995,10,C:\\Windows\\System32\\cmd.exe,0x0,0x0,Successful logon for EMPRESA\analista01 from 192.168.1.116 using logon type 10,0,none,Internal,LAN,,
2026-04-27 07:11:11,WIN-SRV-DC01,Microsoft-Windows-Security-Auditing,Security,4634,An account was logged off,LOCAL,mgarcia,LAP-GER-003,172.16.20.90,62745,3,C:\\Windows\\System32\\lsass.exe,0x0,0x0,Logoff for LOCAL\mgarcia from workstation LAP-GER-003,0,none,Internal,LAN,,
2026-04-27 07:11:13,WIN-SRV-FILE01,Microsoft-Windows-Security-Auditing,Security,4648,A logon was attempted using explicit credentials,CORP,finanzas02,LAP-GER-003,10.10.197.10,62314,3,C:\\Program Files\\Google\\Chrome\\Application\\chrome.exe,0x0,0x0,Explicit credentials used by CORP\finanzas02 from LAP-GER-003,0,none,Internal,LAN,,
2026-04-27 07:11:37,WIN-SRV-DC01,Microsoft-Windows-Security-Auditing,Security,4624,An account was successfully logged on,LOCAL,finanzas02,PC-FIN-001,10.10.57.141,53083,10,C:\\Windows\\System32\\WindowsPowerShell\\v1.0\\powershell.exe,0x0,0x0,Successful logon for LOCAL\finanzas02 from 10.10.57.141 using logon type 10,0,none,Internal,LAN,,
2026-04-27 07:13:59,WIN-SRV-FILE01,Microsoft-Windows-Security-Auditing,Security,4688,A new process has been created,LOCAL,admin.ops,PC-RRHH-002,192.168.1.71,57144,3,C:\\Program Files\\Microsoft Defender\\MsMpEng.exe,0x0,0x0,Process created by LOCAL\admin.ops: C:\\Program Files\\Microsoft Defender\\MsMpEng.exe,0,none,Internal,LAN,,
2026-04-27 07:15:02,WIN-SRV-DC01,Microsoft-Windows-Security-Auditing,Security,4624,An account was successfully logged on,CORP,finanzas02,PC-FIN-001,10.10.115.221,55825,2,C:\\Windows\\System32\\cmd.exe,0x0,0x0,Successful logon for CORP\finanzas02 from 10.10.115.221 using logon type 2,0,none,Internal,LAN,,
2026-04-27 07:16:15,WIN-SRV-APP01,Microsoft-Windows-Security-Auditing,Security,4634,An account was logged off,LOCAL,crojas,PC-RRHH-002,172.16.20.51,58215,3,C:\\Program Files\\Google\\Chrome\\Application\\chrome.exe,0x0,0x0,Logoff for LOCAL\crojas from workstation PC-RRHH-002,0,none,Internal,LAN,,
2026-04-27 07:17:13,WIN10-FIN-014,Microsoft-Windows-Security-Auditing,Security,4648,A logon was attempted using explicit credentials,EMPRESA,analista01,PC-FIN-001,172.16.20.208,52045,7,C:\\Program Files\\Google\\Chrome\\Application\\chrome.exe,0x0,0x0,Explicit credentials used by EMPRESA\analista01 from PC-FIN-001,0,none,Internal,LAN,,
2026-04-27 07:22:28,WIN-SRV-APP01,Microsoft-Windows-Security-Auditing,Security,4634,An account was logged off,EMPRESA,finanzas02,PC-RRHH-002,172.16.20.25,56632,2,C:\\Windows\\System32\\cmd.exe,0x0,0x0,Logoff for EMPRESA\finanzas02 from workstation PC-RRHH-002,0,none,Internal,LAN,,
2026-04-27 07:23:30,WIN-SRV-APP01,Microsoft-Windows-Security-Auditing,Security,4688,A new process has been created,CORP,finanzas02,SRV-MON-001,192.168.1.173,59423,2,C:\\Windows\\System32\\cmd.exe,0x0,0x0,Process created by CORP\finanzas02: C:\\Windows\\System32\\cmd.exe,0,none,Internal,LAN,,
2026-04-27 07:28:05,WIN10-FIN-014,Microsoft-Windows-Security-Auditing,Security,4624,An account was successfully logged on,EMPRESA,crojas,LAP-GER-003,172.16.20.108,50887,2,C:\\Windows\\System32\\svchost.exe,0x0,0x0,Successful logon for EMPRESA\crojas from 172.16.20.108 using logon type 2,0,none,Internal,LAN,,
2026-04-27 07:29:34,WIN10-FIN-014,Microsoft-Windows-Security-Auditing,Security,4624,An account was successfully logged on,LOCAL,helpdesk01,PC-RRHH-002,192.168.1.69,54284,10,C:\\Program Files\\Microsoft Defender\\MsMpEng.exe,0x0,0x0,Successful logon for LOCAL\helpdesk01 from 192.168.1.69 using logon type 10,0,none,Internal,LAN,,
2026-04-27 07:30:04,WIN-SRV-FILE01,Microsoft-Windows-Security-Auditing,Security,4688,A new process has been created,LOCAL,alopez,PC-FIN-001,172.16.20.71,65304,2,C:\\Windows\\System32\\cmd.exe,0x0,0x0,Process created by LOCAL\alopez: C:\\Windows\\System32\\cmd.exe,0,none,Internal,LAN,,
2026-04-27 07:30:09,WIN10-FIN-014,Microsoft-Windows-Security-Auditing,Security,4634,An account was logged off,CORP,finanzas02,LAP-GER-003,10.10.244.126,60503,7,C:\\Windows\\System32\\winlogon.exe,0x0,0x0,Logoff for CORP\finanzas02 from workstation LAP-GER-003,0,none,Internal,LAN,,
2026-04-27 07:30:29,WIN-SRV-DC01,Microsoft-Windows-Security-Auditing,Security,4634,An account was logged off,LOCAL,mgarcia,PC-OPS-014,172.16.20.54,56018,7,C:\\Windows\\System32\\WindowsPowerShell\\v1.0\\powershell.exe,0x0,0x0,Logoff for LOCAL\mgarcia from workstation PC-OPS-014,0,none,Internal,LAN,,
2026-04-27 07:32:00,WIN-SRV-FILE01,Microsoft-Windows-Security-Auditing,Security,4624,An account was successfully logged on,EMPRESA,finanzas02,SRV-MON-001,10.10.252.58,56645,7,C:\\Windows\\System32\\winlogon.exe,0x0,0x0,Successful logon for EMPRESA\finanzas02 from 10.10.252.58 using logon type 7,0,none,Internal,LAN,,
2026-04-27 07:32:20,WIN11-SEC-022,Microsoft-Windows-Security-Auditing,Security,4624,An account was successfully logged on,CORP,dtorres,SRV-MON-001,10.10.31.231,51989,7,C:\\Windows\\System32\\lsass.exe,0x0,0x0,Successful logon for CORP\dtorres from 10.10.31.231 using logon type 7,0,none,Internal,LAN,,
2026-04-27 07:33:43,WIN11-SEC-022,Microsoft-Windows-Security-Auditing,Security,4624,An account was successfully logged on,EMPRESA,crojas,LAP-GER-003,10.10.10.255,55051,2,C:\\Windows\\System32\\winlogon.exe,0x0,0x0,Successful logon for EMPRESA\crojas from 10.10.10.255 using logon type 2,0,none,Internal,LAN,,
2026-04-27 07:33:45,WIN-SRV-DC01,Microsoft-Windows-Security-Auditing,Security,4634,An account was logged off,CORP,alopez,SRV-MON-001,172.16.20.55,54456,2,C:\\Windows\\System32\\WindowsPowerShell\\v1.0\\powershell.exe,0x0,0x0,Logoff for CORP\alopez from workstation SRV-MON-001,0,none,Internal,LAN,,
2026-04-27 07:34:38,WIN-SRV-FILE01,Microsoft-Windows-Security-Auditing,Security,4624,An account was successfully logged on,EMPRESA,admin.ops,SRV-MON-001,192.168.1.78,60558,7,C:\\Windows\\System32\\WindowsPowerShell\\v1.0\\powershell.exe,0x0,0x0,Successful logon for EMPRESA\admin.ops from 192.168.1.78 using logon type 7,0,none,Internal,LAN,,
2026-04-27 07:34:50,WIN-SRV-APP01,Microsoft-Windows-Security-Auditing,Security,4624,An account was successfully logged on,LOCAL,lcastro,SRV-MON-001,172.16.20.49,63141,7,C:\\Program Files\\Google\\Chrome\\Application\\chrome.exe,0x0,0x0,Successful logon for LOCAL\lcastro from 172.16.20.49 using logon type 7,0,none,Internal,LAN,,
2026-04-27 07:34:55,WIN10-FIN-014,Microsoft-Windows-Security-Auditing,Security,4624,An account was successfully logged on,EMPRESA,analista01,PC-FIN-001,192.168.1.39,57618,7,C:\\Windows\\System32\\svchost.exe,0x0,0x0,Successful logon for EMPRESA\analista01 from 192.168.1.39 using logon type 7,0,none,Internal,LAN,,
2026-04-27 07:35:23,WIN11-SEC-022,Microsoft-Windows-Security-Auditing,Security,4624,An account was successfully logged on,CORP,helpdesk01,SRV-MON-001,172.16.20.236,51103,10,C:\\Program Files\\Microsoft Defender\\MsMpEng.exe,0x0,0x0,Successful logon for CORP\helpdesk01 from 172.16.20.236 using logon type 10,0,none,Internal,LAN,,
2026-04-27 07:37:19,WIN10-FIN-014,Microsoft-Windows-Security-Auditing,Security,4672,Special privileges assigned to new logon,LOCAL,crojas,LAP-GER-003,192.168.1.155,59611,3,C:\\Windows\\System32\\WindowsPowerShell\\v1.0\\powershell.exe,0x0,0x0,Special privileges assigned to LOCAL\crojas,0,none,Internal,LAN,,
2026-04-27 07:37:40,WIN-SRV-APP01,Microsoft-Windows-Security-Auditing,Security,4634,An account was logged off,LOCAL,jperez,LAP-GER-003,10.10.10.199,61146,10,C:\\Windows\\System32\\WindowsPowerShell\\v1.0\\powershell.exe,0x0,0x0,Logoff for LOCAL\jperez from workstation LAP-GER-003,0,none,Internal,LAN,,
2026-04-27 07:38:39,WIN10-FIN-014,Microsoft-Windows-Security-Auditing,Security,4634,An account was logged off,EMPRESA,svc_monitor,LAP-GER-003,192.168.1.138,60705,7,C:\\Windows\\System32\\lsass.exe,0x0,0x0,Logoff for EMPRESA\svc_monitor from workstation LAP-GER-003,0,none,Internal,LAN,,
2026-04-27 07:39:33,WIN10-FIN-014,Microsoft-Windows-Security-Auditing,Security,4634,An account was logged off,EMPRESA,admin.ops,LAP-GER-003,10.10.87.182,54894,2,C:\\Program Files\\Google\\Chrome\\Application\\chrome.exe,0x0,0x0,Logoff for EMPRESA\admin.ops from workstation LAP-GER-003,0,none,Internal,LAN,,
2026-04-27 07:40:06,WIN-SRV-DC01,Microsoft-Windows-Security-Auditing,Security,4624,An account was successfully logged on,LOCAL,mgarcia,PC-FIN-001,192.168.1.55,58169,10,C:\\Windows\\System32\\lsass.exe,0x0,0x0,Successful logon for LOCAL\mgarcia from 192.168.1.55 using logon type 10,0,none,Internal,LAN,,
